time="2023-07-25 00:00:13" level=info msg="國別碼2碼: FR"
time="2023-07-25 00:00:13" level=info msg="國別碼3碼: FRA"
time="2023-07-25 00:00:13" level=info msg="國家全名: France"
time="2023-07-25 00:14:12" level=info msg="國別碼2碼: TW"
time="2023-07-25 00:14:12" level=info msg="國別碼3碼: TWN"
time="2023-07-25 00:14:12" level=info msg="國家全名: Taiwan (Province of China)"
time="2023-07-25 00:14:12" level=info msg="取得商品種類[有氧 瑜珈 肌力訓練 體驗]"
time="2023-07-25 00:14:12" level=info msg="國別碼2碼: TW"
time="2023-07-25 00:14:12" level=info msg="國別碼3碼: TWN"
time="2023-07-25 00:14:12" level=info msg="國家全名: Taiwan (Province of China)"
time="2023-07-25 00:14:12" level=info msg="取得商品種類[有氧 肌力訓練 瑜珈 體驗]"
time="2023-07-25 00:18:27" level=info msg="國別碼2碼: US"
time="2023-07-25 00:18:27" level=info msg="國別碼3碼: USA"
time="2023-07-25 00:18:27" level=info msg="國家全名: United States of America (the)"
time="2023-07-25 00:29:20" level=info msg="國別碼2碼: GB"
time="2023-07-25 00:29:20" level=info msg="國別碼3碼: GBR"
time="2023-07-25 00:29:20" level=info msg="國家全名: United Kingdom of Great Britain and Northern Ireland (the)"
time="2023-07-25 00:29:25" level=info msg="國別碼2碼: GB"
time="2023-07-25 00:29:25" level=info msg="國別碼3碼: GBR"
time="2023-07-25 00:29:25" level=info msg="國家全名: United Kingdom of Great Britain and Northern Ireland (the)"
time="2023-07-25 00:32:29" level=info msg="國別碼2碼: IN"
time="2023-07-25 00:32:29" level=info msg="國別碼3碼: IND"
time="2023-07-25 00:32:29" level=info msg="國家全名: India"
time="2023-07-25 00:35:29" level=info msg="國別碼2碼: FR"
time="2023-07-25 00:35:29" level=info msg="國別碼3碼: FRA"
time="2023-07-25 00:35:29" level=info msg="國家全名: France"
time="2023-07-25 00:52:27" level=info msg="國別碼2碼: TW"
time="2023-07-25 00:52:27" level=info msg="國別碼3碼: TWN"
time="2023-07-25 00:52:27" level=info msg="國家全名: Taiwan (Province of China)"
time="2023-07-25 00:52:27" level=info msg="取得商品種類[有氧 瑜珈 體驗 肌力訓練]"
time="2023-07-25 01:06:21" level=info msg="國別碼2碼: FR"
time="2023-07-25 01:06:21" level=info msg="國別碼3碼: FRA"
time="2023-07-25 01:06:21" level=info msg="國家全名: France"
time="2023-07-25 01:08:16" level=info msg="國別碼2碼: TW"
time="2023-07-25 01:08:16" level=info msg="國別碼3碼: TWN"
time="2023-07-25 01:08:16" level=info msg="國家全名: Taiwan (Province of China)"
time="2023-07-25 01:08:16" level=info msg="取得商品種類[瑜珈 有氧 體驗 肌力訓練]"
time="2023-07-25 01:13:00" level=info msg="國別碼2碼: TW"
time="2023-07-25 01:13:00" level=info msg="國別碼3碼: TWN"
time="2023-07-25 01:13:00" level=info msg="國家全名: Taiwan (Province of China)"
time="2023-07-25 01:13:00" level=info msg="取得商品種類{全部商品 體驗 有氧 瑜珈 肌力訓練}"
time="2023-07-25 01:13:00" level=info msg="| 200 |  1.947350113s |  211.72.172.190 | GET | /shumingyu/productcategory |"
time="2023-07-25 01:26:11" level=info msg="國別碼2碼: DE"
time="2023-07-25 01:26:11" level=info msg="國別碼3碼: DEU"
time="2023-07-25 01:26:11" level=info msg="國家全名: Germany"
time="2023-07-25 01:26:11" level=info msg="| 404 |  561.557758ms |   31.214.247.62 | CONNECT | google.com:443 |"
time="2023-07-25 01:46:24" level=info msg="國別碼2碼: NL"
time="2023-07-25 01:46:24" level=info msg="國別碼3碼: NLD"
time="2023-07-25 01:46:24" level=info msg="國家全名: Netherlands (the)"
time="2023-07-25 01:46:24" level=info msg="| 200 |  850.891094ms |   157.245.67.37 | GET | / |"
time="2023-07-25 01:46:27" level=info msg="國別碼2碼: NL"
time="2023-07-25 01:46:27" level=info msg="國別碼3碼: NLD"
time="2023-07-25 01:46:27" level=info msg="國家全名: Netherlands (the)"
time="2023-07-25 01:46:27" level=info msg="| 200 |  2.433206185s |   157.245.67.37 | GET | /favicon.ico |"
time="2023-07-25 01:46:29" level=info msg="國別碼2碼: NL"
time="2023-07-25 01:46:29" level=info msg="國別碼3碼: NLD"
time="2023-07-25 01:46:29" level=info msg="國家全名: Netherlands (the)"
time="2023-07-25 01:46:29" level=info msg="| 200 |  560.574677ms |   157.245.67.37 | GET | / |"
time="2023-07-25 01:52:27" level=info msg="國別碼2碼: TW"
time="2023-07-25 01:52:27" level=info msg="國別碼3碼: TWN"
time="2023-07-25 01:52:27" level=info msg="國家全名: Taiwan (Province of China)"
time="2023-07-25 01:52:28" level=info msg="取得商品種類{全部商品 體驗 有氧 瑜珈 肌力訓練}"
time="2023-07-25 01:52:28" level=info msg="| 200 |  755.181891ms |  211.72.172.190 | GET | /shumingyu/productcategory |"
