time="2023-07-03 00:05:16" level=info msg="國別碼2碼: RU"
time="2023-07-03 00:05:16" level=info msg="國別碼3碼: RUS"
time="2023-07-03 00:05:16" level=info msg="國家全名: Russian Federation (the)"
time="2023-07-03 00:05:24" level=info msg="國別碼2碼: TW"
time="2023-07-03 00:05:24" level=info msg="國別碼3碼: TWN"
time="2023-07-03 00:05:24" level=info msg="國家全名: Taiwan (Province of China)"
time="2023-07-03 00:05:24" level=info msg="國別碼2碼: TW"
time="2023-07-03 00:05:24" level=info msg="國別碼3碼: TWN"
time="2023-07-03 00:05:24" level=info msg="國家全名: Taiwan (Province of China)"
time="2023-07-03 00:05:24" level=info msg="國別碼2碼: TW"
time="2023-07-03 00:05:24" level=info msg="國別碼3碼: TWN"
time="2023-07-03 00:05:24" level=info msg="國家全名: Taiwan (Province of China)"
time="2023-07-03 00:05:25" level=info msg="國別碼2碼: TW"
time="2023-07-03 00:05:25" level=info msg="國別碼3碼: TWN"
time="2023-07-03 00:05:25" level=info msg="國家全名: Taiwan (Province of China)"
time="2023-07-03 00:10:16" level=info msg="國別碼2碼: FR"
time="2023-07-03 00:10:16" level=info msg="國別碼3碼: FRA"
time="2023-07-03 00:10:16" level=info msg="國家全名: France"
time="2023-07-03 00:10:17" level=info msg="國別碼2碼: FR"
time="2023-07-03 00:10:17" level=info msg="國別碼3碼: FRA"
time="2023-07-03 00:10:17" level=info msg="國家全名: France"
time="2023-07-03 00:15:31" level=info msg="國別碼2碼: RU"
time="2023-07-03 00:15:31" level=info msg="國別碼3碼: RUS"
time="2023-07-03 00:15:31" level=info msg="國家全名: Russian Federation (the)"
time="2023-07-03 00:18:16" level=info msg="國別碼2碼: GB"
time="2023-07-03 00:18:16" level=info msg="國別碼3碼: GBR"
time="2023-07-03 00:18:16" level=info msg="國家全名: United Kingdom of Great Britain and Northern Ireland (the)"
time="2023-07-03 00:47:08" level=info msg="國別碼2碼: US"
time="2023-07-03 00:47:08" level=info msg="國別碼3碼: USA"
time="2023-07-03 00:47:08" level=info msg="國家全名: United States of America (the)"
time="2023-07-03 00:56:15" level=info msg="國別碼2碼: CA"
time="2023-07-03 00:56:15" level=info msg="國別碼3碼: CAN"
time="2023-07-03 00:56:15" level=info msg="國家全名: Canada"
time="2023-07-03 00:56:16" level=info msg="國別碼2碼: CA"
time="2023-07-03 00:56:16" level=info msg="國別碼3碼: CAN"
time="2023-07-03 00:56:16" level=info msg="國家全名: Canada"
time="2023-07-03 00:58:45" level=info msg="國別碼2碼: RU"
time="2023-07-03 00:58:45" level=info msg="國別碼3碼: RUS"
time="2023-07-03 00:58:45" level=info msg="國家全名: Russian Federation (the)"
time="2023-07-03 01:04:52" level=info msg="國別碼2碼: XZ"
time="2023-07-03 01:04:52" level=info msg="國別碼3碼: XZZ"
time="2023-07-03 01:04:52" level=info msg="國家全名: IANA Special-Purpose Address"
time="2023-07-03 01:04:52" level=info msg="國別碼2碼: XZ"
time="2023-07-03 01:04:52" level=info msg="國別碼3碼: XZZ"
time="2023-07-03 01:04:52" level=info msg="國家全名: IANA Special-Purpose Address"
time="2023-07-03 01:04:52" level=info msg="國別碼2碼: XZ"
time="2023-07-03 01:04:52" level=info msg="國別碼3碼: XZZ"
time="2023-07-03 01:04:52" level=info msg="國家全名: IANA Special-Purpose Address"
time="2023-07-03 01:04:55" level=info msg="國別碼2碼: XZ"
time="2023-07-03 01:04:55" level=info msg="國別碼3碼: XZZ"
time="2023-07-03 01:04:55" level=info msg="國家全名: IANA Special-Purpose Address"
time="2023-07-03 01:06:06" level=info msg="國別碼2碼: TW"
time="2023-07-03 01:06:06" level=info msg="國別碼3碼: TWN"
time="2023-07-03 01:06:06" level=info msg="國家全名: Taiwan (Province of China)"
time="2023-07-03 01:06:06" level=info msg="國別碼2碼: TW"
time="2023-07-03 01:06:06" level=info msg="國別碼3碼: TWN"
time="2023-07-03 01:06:06" level=info msg="國家全名: Taiwan (Province of China)"
time="2023-07-03 01:10:00" level=info msg="國別碼2碼: RU"
time="2023-07-03 01:10:00" level=info msg="國別碼3碼: RUS"
time="2023-07-03 01:10:00" level=info msg="國家全名: Russian Federation (the)"
time="2023-07-03 01:21:10" level=info msg="國別碼2碼: XZ"
time="2023-07-03 01:21:10" level=info msg="國別碼3碼: XZZ"
time="2023-07-03 01:21:10" level=info msg="國家全名: IANA Special-Purpose Address"
time="2023-07-03 01:21:10" level=info msg="取得商品資料[{12 a  1200 1    false} {11 aa  1200 123    false} {10 test  1200 123    false} {9 Yooo  1200 5 堂  課程 false} {8 aaa  10 1    true} {7 TRX 123 500 1 堂  課程 true} {6 ck男生內褲 CK內褲 1980 3 1  性感 true} {5 哈達瑜珈2 本課程適合首次來上課的人，一開始會先帶學員了解場館以及場館內的各式課程，並了解學員的目標以及目前身體的狀況、組成 (inbody)。在這些流程結束後開始讓學員體驗課程。(上體驗課程前，會先與您聯繫預期想體驗的課程。) 200 2 堂 https://images.unsplash.com/photo-1571019614242-c5c5dee9f50b?ixlib=rb-4.0.3&ixid=M3wxMjA3fDB8MHxwaG90by1wYWdlfHx8fGVufDB8fHx8fA%3D%3D&auto=format&fit=crop&w=2070&q=80 拉基 false} {3 哈達瑜珈 本課程適合首次來上課的人，一開始會先帶學員了解場館以及場館內的各式課程，並了解學員的目標以及目前身體的狀況、組成 (inbody)。在這些流程結束後開始讓學員體驗課程。(上體驗課程前，會先與您聯繫預期想體驗的課程。) 200 2 堂 https://images.unsplash.com/photo-1571019614242-c5c5dee9f50b?ixlib=rb-4.0.3&ixid=M3wxMjA3fDB8MHxwaG90by1wYWdlfHx8fGVufDB8fHx8fA%3D%3D&auto=format&fit=crop&w=2070&q=80 拉基 true} {1 CK內衣組 CK內衣 我的超人 1980 3 1  性感 true}]"
time="2023-07-03 01:21:35" level=info msg="國別碼2碼: XZ"
time="2023-07-03 01:21:35" level=info msg="國別碼3碼: XZZ"
time="2023-07-03 01:21:35" level=info msg="國家全名: IANA Special-Purpose Address"
time="2023-07-03 01:21:35" level=info msg="新增商品資料:b999課程"
time="2023-07-03 01:21:35" level=error msg="商品庫存錯誤:strconv.Atoi: parsing \"\": invalid syntax"
time="2023-07-03 01:21:42" level=info msg="國別碼2碼: XZ"
time="2023-07-03 01:21:42" level=info msg="國別碼3碼: XZZ"
time="2023-07-03 01:21:42" level=info msg="國家全名: IANA Special-Purpose Address"
time="2023-07-03 01:21:42" level=info msg="新增商品資料:b1200123課程"
time="2023-07-03 01:21:42" level=info msg="增加商品:{0 b  1200 123   課程 false}"
time="2023-07-03 01:21:43" level=info msg="國別碼2碼: XZ"
time="2023-07-03 01:21:43" level=info msg="國別碼3碼: XZZ"
time="2023-07-03 01:21:43" level=info msg="國家全名: IANA Special-Purpose Address"
time="2023-07-03 01:21:43" level=info msg="取得商品資料[{13 b  1200 123   課程 false} {12 a  1200 1    false} {11 aa  1200 123    false} {10 test  1200 123    false} {9 Yooo  1200 5 堂  課程 false} {8 aaa  10 1    true} {7 TRX 123 500 1 堂  課程 true} {6 ck男生內褲 CK內褲 1980 3 1  性感 true} {5 哈達瑜珈2 本課程適合首次來上課的人，一開始會先帶學員了解場館以及場館內的各式課程，並了解學員的目標以及目前身體的狀況、組成 (inbody)。在這些流程結束後開始讓學員體驗課程。(上體驗課程前，會先與您聯繫預期想體驗的課程。) 200 2 堂 https://images.unsplash.com/photo-1571019614242-c5c5dee9f50b?ixlib=rb-4.0.3&ixid=M3wxMjA3fDB8MHxwaG90by1wYWdlfHx8fGVufDB8fHx8fA%3D%3D&auto=format&fit=crop&w=2070&q=80 拉基 false} {3 哈達瑜珈 本課程適合首次來上課的人，一開始會先帶學員了解場館以及場館內的各式課程，並了解學員的目標以及目前身體的狀況、組成 (inbody)。在這些流程結束後開始讓學員體驗課程。(上體驗課程前，會先與您聯繫預期想體驗的課程。) 200 2 堂 https://images.unsplash.com/photo-1571019614242-c5c5dee9f50b?ixlib=rb-4.0.3&ixid=M3wxMjA3fDB8MHxwaG90by1wYWdlfHx8fGVufDB8fHx8fA%3D%3D&auto=format&fit=crop&w=2070&q=80 拉基 true} {1 CK內衣組 CK內衣 我的超人 1980 3 1  性感 true}]"
time="2023-07-03 01:22:01" level=info msg="國別碼2碼: XZ"
time="2023-07-03 01:22:01" level=info msg="國別碼3碼: XZZ"
time="2023-07-03 01:22:01" level=info msg="國家全名: IANA Special-Purpose Address"
time="2023-07-03 01:22:01" level=info msg="取得商品資料[{13 b  1200 123   課程 false} {12 a  1200 1    false} {11 aa  1200 123    false} {10 test  1200 123    false} {9 Yooo  1200 5 堂  課程 false} {8 aaa  10 1    true} {7 TRX 123 500 1 堂  課程 true} {6 ck男生內褲 CK內褲 1980 3 1  性感 true} {5 哈達瑜珈2 本課程適合首次來上課的人，一開始會先帶學員了解場館以及場館內的各式課程，並了解學員的目標以及目前身體的狀況、組成 (inbody)。在這些流程結束後開始讓學員體驗課程。(上體驗課程前，會先與您聯繫預期想體驗的課程。) 200 2 堂 https://images.unsplash.com/photo-1571019614242-c5c5dee9f50b?ixlib=rb-4.0.3&ixid=M3wxMjA3fDB8MHxwaG90by1wYWdlfHx8fGVufDB8fHx8fA%3D%3D&auto=format&fit=crop&w=2070&q=80 拉基 false} {3 哈達瑜珈 本課程適合首次來上課的人，一開始會先帶學員了解場館以及場館內的各式課程，並了解學員的目標以及目前身體的狀況、組成 (inbody)。在這些流程結束後開始讓學員體驗課程。(上體驗課程前，會先與您聯繫預期想體驗的課程。) 200 2 堂 https://images.unsplash.com/photo-1571019614242-c5c5dee9f50b?ixlib=rb-4.0.3&ixid=M3wxMjA3fDB8MHxwaG90by1wYWdlfHx8fGVufDB8fHx8fA%3D%3D&auto=format&fit=crop&w=2070&q=80 拉基 true} {1 CK內衣組 CK內衣 我的超人 1980 3 1  性感 true}]"
time="2023-07-03 01:23:03" level=info msg="國別碼2碼: XZ"
time="2023-07-03 01:23:03" level=info msg="國別碼3碼: XZZ"
time="2023-07-03 01:23:03" level=info msg="國家全名: IANA Special-Purpose Address"
time="2023-07-03 01:23:03" level=info msg="取得商品資料[{13 b  1200 123   課程 false} {12 a  1200 1    false} {11 aa  1200 123    false} {10 test  1200 123    false} {9 Yooo  1200 5 堂  課程 false} {8 aaa  10 1    true} {7 TRX 123 500 1 堂  課程 true} {6 ck男生內褲 CK內褲 1980 3 1  性感 true} {5 哈達瑜珈2 本課程適合首次來上課的人，一開始會先帶學員了解場館以及場館內的各式課程，並了解學員的目標以及目前身體的狀況、組成 (inbody)。在這些流程結束後開始讓學員體驗課程。(上體驗課程前，會先與您聯繫預期想體驗的課程。) 200 2 堂 https://images.unsplash.com/photo-1571019614242-c5c5dee9f50b?ixlib=rb-4.0.3&ixid=M3wxMjA3fDB8MHxwaG90by1wYWdlfHx8fGVufDB8fHx8fA%3D%3D&auto=format&fit=crop&w=2070&q=80 拉基 false} {3 哈達瑜珈 本課程適合首次來上課的人，一開始會先帶學員了解場館以及場館內的各式課程，並了解學員的目標以及目前身體的狀況、組成 (inbody)。在這些流程結束後開始讓學員體驗課程。(上體驗課程前，會先與您聯繫預期想體驗的課程。) 200 2 堂 https://images.unsplash.com/photo-1571019614242-c5c5dee9f50b?ixlib=rb-4.0.3&ixid=M3wxMjA3fDB8MHxwaG90by1wYWdlfHx8fGVufDB8fHx8fA%3D%3D&auto=format&fit=crop&w=2070&q=80 拉基 true} {1 CK內衣組 CK內衣 我的超人 1980 3 1  性感 true}]"
time="2023-07-03 01:26:07" level=info msg="國別碼2碼: XZ"
time="2023-07-03 01:26:07" level=info msg="國別碼3碼: XZZ"
time="2023-07-03 01:26:07" level=info msg="國家全名: IANA Special-Purpose Address"
time="2023-07-03 01:26:07" level=info msg="取得商品資料[{13 b  1200 123   課程 false} {12 a  1200 1    false} {11 aa  1200 123    false} {10 test  1200 123    false} {9 Yooo  1200 5 堂  課程 false} {8 aaa  10 1    true} {7 TRX 123 500 1 堂  課程 true} {6 ck男生內褲 CK內褲 1980 3 1  性感 true} {5 哈達瑜珈2 本課程適合首次來上課的人，一開始會先帶學員了解場館以及場館內的各式課程，並了解學員的目標以及目前身體的狀況、組成 (inbody)。在這些流程結束後開始讓學員體驗課程。(上體驗課程前，會先與您聯繫預期想體驗的課程。) 200 2 堂 https://images.unsplash.com/photo-1571019614242-c5c5dee9f50b?ixlib=rb-4.0.3&ixid=M3wxMjA3fDB8MHxwaG90by1wYWdlfHx8fGVufDB8fHx8fA%3D%3D&auto=format&fit=crop&w=2070&q=80 拉基 false} {3 哈達瑜珈 本課程適合首次來上課的人，一開始會先帶學員了解場館以及場館內的各式課程，並了解學員的目標以及目前身體的狀況、組成 (inbody)。在這些流程結束後開始讓學員體驗課程。(上體驗課程前，會先與您聯繫預期想體驗的課程。) 200 2 堂 https://images.unsplash.com/photo-1571019614242-c5c5dee9f50b?ixlib=rb-4.0.3&ixid=M3wxMjA3fDB8MHxwaG90by1wYWdlfHx8fGVufDB8fHx8fA%3D%3D&auto=format&fit=crop&w=2070&q=80 拉基 true} {1 CK內衣組 CK內衣 我的超人 1980 3 1  性感 true}]"
time="2023-07-03 01:27:04" level=info msg="國別碼2碼: AU"
time="2023-07-03 01:27:04" level=info msg="國別碼3碼: AUS"
time="2023-07-03 01:27:04" level=info msg="國家全名: Australia"
time="2023-07-03 01:29:57" level=info msg="國別碼2碼: XZ"
time="2023-07-03 01:29:57" level=info msg="國別碼3碼: XZZ"
time="2023-07-03 01:29:57" level=info msg="國家全名: IANA Special-Purpose Address"
time="2023-07-03 01:29:57" level=info msg="取得商品資料[{13 b  1200 123   課程 false} {12 a  1200 1    false} {11 aa  1200 123    false} {10 test  1200 123    false} {9 Yooo  1200 5 堂  課程 false} {8 aaa  10 1    true} {7 TRX 123 500 1 堂  課程 true} {6 ck男生內褲 CK內褲 1980 3 1  性感 true} {5 哈達瑜珈2 本課程適合首次來上課的人，一開始會先帶學員了解場館以及場館內的各式課程，並了解學員的目標以及目前身體的狀況、組成 (inbody)。在這些流程結束後開始讓學員體驗課程。(上體驗課程前，會先與您聯繫預期想體驗的課程。) 200 2 堂 https://images.unsplash.com/photo-1571019614242-c5c5dee9f50b?ixlib=rb-4.0.3&ixid=M3wxMjA3fDB8MHxwaG90by1wYWdlfHx8fGVufDB8fHx8fA%3D%3D&auto=format&fit=crop&w=2070&q=80 拉基 false} {3 哈達瑜珈 本課程適合首次來上課的人，一開始會先帶學員了解場館以及場館內的各式課程，並了解學員的目標以及目前身體的狀況、組成 (inbody)。在這些流程結束後開始讓學員體驗課程。(上體驗課程前，會先與您聯繫預期想體驗的課程。) 200 2 堂 https://images.unsplash.com/photo-1571019614242-c5c5dee9f50b?ixlib=rb-4.0.3&ixid=M3wxMjA3fDB8MHxwaG90by1wYWdlfHx8fGVufDB8fHx8fA%3D%3D&auto=format&fit=crop&w=2070&q=80 拉基 true} {1 CK內衣組 CK內衣 我的超人 1980 3 1  性感 true}]"
time="2023-07-03 01:30:00" level=info msg="國別碼2碼: XZ"
time="2023-07-03 01:30:00" level=info msg="國別碼3碼: XZZ"
time="2023-07-03 01:30:00" level=info msg="國家全名: IANA Special-Purpose Address"
time="2023-07-03 01:30:00" level=info msg="取得商品資料[{13 b  1200 123   課程 false} {12 a  1200 1    false} {11 aa  1200 123    false} {10 test  1200 123    false} {9 Yooo  1200 5 堂  課程 false} {8 aaa  10 1    true} {7 TRX 123 500 1 堂  課程 true} {6 ck男生內褲 CK內褲 1980 3 1  性感 true} {5 哈達瑜珈2 本課程適合首次來上課的人，一開始會先帶學員了解場館以及場館內的各式課程，並了解學員的目標以及目前身體的狀況、組成 (inbody)。在這些流程結束後開始讓學員體驗課程。(上體驗課程前，會先與您聯繫預期想體驗的課程。) 200 2 堂 https://images.unsplash.com/photo-1571019614242-c5c5dee9f50b?ixlib=rb-4.0.3&ixid=M3wxMjA3fDB8MHxwaG90by1wYWdlfHx8fGVufDB8fHx8fA%3D%3D&auto=format&fit=crop&w=2070&q=80 拉基 false} {3 哈達瑜珈 本課程適合首次來上課的人，一開始會先帶學員了解場館以及場館內的各式課程，並了解學員的目標以及目前身體的狀況、組成 (inbody)。在這些流程結束後開始讓學員體驗課程。(上體驗課程前，會先與您聯繫預期想體驗的課程。) 200 2 堂 https://images.unsplash.com/photo-1571019614242-c5c5dee9f50b?ixlib=rb-4.0.3&ixid=M3wxMjA3fDB8MHxwaG90by1wYWdlfHx8fGVufDB8fHx8fA%3D%3D&auto=format&fit=crop&w=2070&q=80 拉基 true} {1 CK內衣組 CK內衣 我的超人 1980 3 1  性感 true}]"
time="2023-07-03 01:53:16" level=info msg="國別碼2碼: RU"
time="2023-07-03 01:53:16" level=info msg="國別碼3碼: RUS"
time="2023-07-03 01:53:16" level=info msg="國家全名: Russian Federation (the)"
time="2023-07-03 01:53:30" level=info msg="國別碼2碼: US"
time="2023-07-03 01:53:30" level=info msg="國別碼3碼: USA"
time="2023-07-03 01:53:30" level=info msg="國家全名: United States of America (the)"
time="2023-07-03 02:35:37" level=info msg="國別碼2碼: RU"
time="2023-07-03 02:35:37" level=info msg="國別碼3碼: RUS"
time="2023-07-03 02:35:37" level=info msg="國家全名: Russian Federation (the)"
time="2023-07-03 02:36:52" level=info msg="國別碼2碼: CA"
time="2023-07-03 02:36:52" level=info msg="國別碼3碼: CAN"
time="2023-07-03 02:36:52" level=info msg="國家全名: Canada"
time="2023-07-03 02:36:53" level=info msg="國別碼2碼: CA"
time="2023-07-03 02:36:53" level=info msg="國別碼3碼: CAN"
time="2023-07-03 02:36:53" level=info msg="國家全名: Canada"
time="2023-07-03 02:46:56" level=info msg="國別碼2碼: US"
time="2023-07-03 02:46:56" level=info msg="國別碼3碼: USA"
time="2023-07-03 02:46:56" level=info msg="國家全名: United States of America (the)"
time="2023-07-03 02:54:51" level=info msg="國別碼2碼: TW"
time="2023-07-03 02:54:51" level=info msg="國別碼3碼: TWN"
time="2023-07-03 02:54:51" level=info msg="國家全名: Taiwan (Province of China)"
time="2023-07-03 02:54:55" level=info msg="國別碼2碼: TW"
time="2023-07-03 02:54:55" level=info msg="國別碼3碼: TWN"
time="2023-07-03 02:54:55" level=info msg="國家全名: Taiwan (Province of China)"
time="2023-07-03 02:54:56" level=info msg="國別碼2碼: TW"
time="2023-07-03 02:54:56" level=info msg="國別碼3碼: TWN"
time="2023-07-03 02:54:56" level=info msg="國家全名: Taiwan (Province of China)"
time="2023-07-03 02:54:57" level=info msg="國別碼2碼: TW"
time="2023-07-03 02:54:57" level=info msg="國別碼3碼: TWN"
time="2023-07-03 02:54:57" level=info msg="國家全名: Taiwan (Province of China)"
time="2023-07-03 02:55:24" level=info msg="國別碼2碼: TW"
time="2023-07-03 02:55:24" level=info msg="國別碼3碼: TWN"
time="2023-07-03 02:55:24" level=info msg="國家全名: Taiwan (Province of China)"
time="2023-07-03 02:55:24" level=info msg="國別碼2碼: TW"
time="2023-07-03 02:55:24" level=info msg="國別碼3碼: TWN"
time="2023-07-03 02:55:24" level=info msg="國家全名: Taiwan (Province of China)"
time="2023-07-03 02:55:25" level=info msg="國別碼2碼: TW"
time="2023-07-03 02:55:25" level=info msg="國別碼3碼: TWN"
time="2023-07-03 02:55:25" level=info msg="國家全名: Taiwan (Province of China)"
time="2023-07-03 02:55:30" level=info msg="國別碼2碼: TW"
time="2023-07-03 02:55:30" level=info msg="國別碼3碼: TWN"
time="2023-07-03 02:55:30" level=info msg="國家全名: Taiwan (Province of China)"
time="2023-07-03 02:55:35" level=info msg="國別碼2碼: TW"
time="2023-07-03 02:55:35" level=info msg="國別碼3碼: TWN"
time="2023-07-03 02:55:35" level=info msg="國家全名: Taiwan (Province of China)"
time="2023-07-03 02:55:40" level=info msg="國別碼2碼: TW"
time="2023-07-03 02:55:40" level=info msg="國別碼3碼: TWN"
time="2023-07-03 02:55:40" level=info msg="國家全名: Taiwan (Province of China)"
time="2023-07-03 02:55:43" level=info msg="國別碼2碼: RU"
time="2023-07-03 02:55:43" level=info msg="國別碼3碼: RUS"
time="2023-07-03 02:55:43" level=info msg="國家全名: Russian Federation (the)"
time="2023-07-03 02:55:44" level=info msg="國別碼2碼: TW"
time="2023-07-03 02:55:44" level=info msg="國別碼3碼: TWN"
time="2023-07-03 02:55:44" level=info msg="國家全名: Taiwan (Province of China)"
time="2023-07-03 02:55:47" level=info msg="國別碼2碼: TW"
time="2023-07-03 02:55:47" level=info msg="國別碼3碼: TWN"
time="2023-07-03 02:55:47" level=info msg="國家全名: Taiwan (Province of China)"
time="2023-07-03 02:55:49" level=info msg="國別碼2碼: TW"
time="2023-07-03 02:55:49" level=info msg="國別碼3碼: TWN"
time="2023-07-03 02:55:49" level=info msg="國家全名: Taiwan (Province of China)"
time="2023-07-03 02:55:51" level=info msg="國別碼2碼: TW"
time="2023-07-03 02:55:51" level=info msg="國別碼3碼: TWN"
time="2023-07-03 02:55:51" level=info msg="國家全名: Taiwan (Province of China)"
time="2023-07-03 02:55:52" level=info msg="國別碼2碼: TW"
time="2023-07-03 02:55:52" level=info msg="國別碼3碼: TWN"
time="2023-07-03 02:55:52" level=info msg="國家全名: Taiwan (Province of China)"
time="2023-07-03 02:55:54" level=info msg="國別碼2碼: TW"
time="2023-07-03 02:55:54" level=info msg="國別碼3碼: TWN"
time="2023-07-03 02:55:54" level=info msg="國家全名: Taiwan (Province of China)"
time="2023-07-03 02:55:55" level=info msg="國別碼2碼: TW"
time="2023-07-03 02:55:55" level=info msg="國別碼3碼: TWN"
time="2023-07-03 02:55:55" level=info msg="國家全名: Taiwan (Province of China)"
time="2023-07-03 02:56:05" level=info msg="國別碼2碼: TW"
time="2023-07-03 02:56:05" level=info msg="國別碼3碼: TWN"
time="2023-07-03 02:56:05" level=info msg="國家全名: Taiwan (Province of China)"
time="2023-07-03 02:56:07" level=info msg="國別碼2碼: TW"
time="2023-07-03 02:56:07" level=info msg="國別碼3碼: TWN"
time="2023-07-03 02:56:07" level=info msg="國家全名: Taiwan (Province of China)"
time="2023-07-03 02:56:11" level=info msg="國別碼2碼: TW"
time="2023-07-03 02:56:11" level=info msg="國別碼3碼: TWN"
time="2023-07-03 02:56:11" level=info msg="國家全名: Taiwan (Province of China)"
time="2023-07-03 02:56:12" level=info msg="國別碼2碼: TW"
time="2023-07-03 02:56:12" level=info msg="國別碼3碼: TWN"
time="2023-07-03 02:56:12" level=info msg="國家全名: Taiwan (Province of China)"
time="2023-07-03 02:56:12" level=info msg="國別碼2碼: TW"
time="2023-07-03 02:56:12" level=info msg="國別碼3碼: TWN"
time="2023-07-03 02:56:12" level=info msg="國家全名: Taiwan (Province of China)"
time="2023-07-03 02:56:12" level=info msg="國別碼2碼: TW"
time="2023-07-03 02:56:12" level=info msg="國別碼3碼: TWN"
time="2023-07-03 02:56:12" level=info msg="國家全名: Taiwan (Province of China)"
time="2023-07-03 02:56:16" level=info msg="國別碼2碼: TW"
time="2023-07-03 02:56:16" level=info msg="國別碼3碼: TWN"
time="2023-07-03 02:56:16" level=info msg="國家全名: Taiwan (Province of China)"
time="2023-07-03 03:00:34" level=info msg="國別碼2碼: TW"
time="2023-07-03 03:00:34" level=info msg="國別碼3碼: TWN"
time="2023-07-03 03:00:34" level=info msg="國家全名: Taiwan (Province of China)"
time="2023-07-03 03:00:35" level=info msg="國別碼2碼: TW"
time="2023-07-03 03:00:35" level=info msg="國別碼3碼: TWN"
time="2023-07-03 03:00:35" level=info msg="國家全名: Taiwan (Province of China)"
time="2023-07-03 03:00:35" level=info msg="國別碼2碼: TW"
time="2023-07-03 03:00:35" level=info msg="國別碼3碼: TWN"
time="2023-07-03 03:00:35" level=info msg="國家全名: Taiwan (Province of China)"
time="2023-07-03 03:00:35" level=info msg="國別碼2碼: TW"
time="2023-07-03 03:00:35" level=info msg="國別碼3碼: TWN"
time="2023-07-03 03:00:35" level=info msg="國家全名: Taiwan (Province of China)"
time="2023-07-03 03:00:35" level=info msg="國別碼2碼: TW"
time="2023-07-03 03:00:35" level=info msg="國別碼3碼: TWN"
time="2023-07-03 03:00:35" level=info msg="國家全名: Taiwan (Province of China)"
time="2023-07-03 03:00:39" level=info msg="國別碼2碼: TW"
time="2023-07-03 03:00:39" level=info msg="國別碼3碼: TWN"
time="2023-07-03 03:00:39" level=info msg="國家全名: Taiwan (Province of China)"
time="2023-07-03 03:00:41" level=info msg="國別碼2碼: TW"
time="2023-07-03 03:00:41" level=info msg="國別碼3碼: TWN"
time="2023-07-03 03:00:41" level=info msg="國家全名: Taiwan (Province of China)"
time="2023-07-03 03:00:43" level=info msg="國別碼2碼: TW"
time="2023-07-03 03:00:43" level=info msg="國別碼3碼: TWN"
time="2023-07-03 03:00:43" level=info msg="國家全名: Taiwan (Province of China)"
time="2023-07-03 03:00:46" level=info msg="國別碼2碼: TW"
time="2023-07-03 03:00:46" level=info msg="國別碼3碼: TWN"
time="2023-07-03 03:00:46" level=info msg="國家全名: Taiwan (Province of China)"
time="2023-07-03 03:12:13" level=info msg="國別碼2碼: XZ"
time="2023-07-03 03:12:13" level=info msg="國別碼3碼: XZZ"
time="2023-07-03 03:12:13" level=info msg="國家全名: IANA Special-Purpose Address"
time="2023-07-03 03:12:13" level=info msg="取得商品資料[{13 b  1200 123   課程 false} {12 a  1200 1    false} {11 aa  1200 123    false} {10 test  1200 123    false} {9 Yooo  1200 5 堂  課程 false} {8 aaa  10 1    true} {7 TRX 123 500 1 堂  課程 true} {6 ck男生內褲 CK內褲 1980 3 1  性感 true} {5 哈達瑜珈2 本課程適合首次來上課的人，一開始會先帶學員了解場館以及場館內的各式課程，並了解學員的目標以及目前身體的狀況、組成 (inbody)。在這些流程結束後開始讓學員體驗課程。(上體驗課程前，會先與您聯繫預期想體驗的課程。) 200 2 堂 https://images.unsplash.com/photo-1571019614242-c5c5dee9f50b?ixlib=rb-4.0.3&ixid=M3wxMjA3fDB8MHxwaG90by1wYWdlfHx8fGVufDB8fHx8fA%3D%3D&auto=format&fit=crop&w=2070&q=80 拉基 false} {3 哈達瑜珈 本課程適合首次來上課的人，一開始會先帶學員了解場館以及場館內的各式課程，並了解學員的目標以及目前身體的狀況、組成 (inbody)。在這些流程結束後開始讓學員體驗課程。(上體驗課程前，會先與您聯繫預期想體驗的課程。) 200 2 堂 https://images.unsplash.com/photo-1571019614242-c5c5dee9f50b?ixlib=rb-4.0.3&ixid=M3wxMjA3fDB8MHxwaG90by1wYWdlfHx8fGVufDB8fHx8fA%3D%3D&auto=format&fit=crop&w=2070&q=80 拉基 true} {1 CK內衣組 CK內衣 我的超人 1980 3 1  性感 true}]"
time="2023-07-03 03:12:31" level=info msg="國別碼2碼: XZ"
time="2023-07-03 03:12:31" level=info msg="國別碼3碼: XZZ"
time="2023-07-03 03:12:31" level=info msg="國家全名: IANA Special-Purpose Address"
time="2023-07-03 03:12:31" level=info msg="取得商品資料[{13 b  1200 123   課程 false} {12 a  1200 1    false} {11 aa  1200 123    false} {10 test  1200 123    false} {9 Yooo  1200 5 堂  課程 false} {8 aaa  10 1    true} {7 TRX 123 500 1 堂  課程 true} {6 ck男生內褲 CK內褲 1980 3 1  性感 true} {5 哈達瑜珈2 本課程適合首次來上課的人，一開始會先帶學員了解場館以及場館內的各式課程，並了解學員的目標以及目前身體的狀況、組成 (inbody)。在這些流程結束後開始讓學員體驗課程。(上體驗課程前，會先與您聯繫預期想體驗的課程。) 200 2 堂 https://images.unsplash.com/photo-1571019614242-c5c5dee9f50b?ixlib=rb-4.0.3&ixid=M3wxMjA3fDB8MHxwaG90by1wYWdlfHx8fGVufDB8fHx8fA%3D%3D&auto=format&fit=crop&w=2070&q=80 拉基 false} {3 哈達瑜珈 本課程適合首次來上課的人，一開始會先帶學員了解場館以及場館內的各式課程，並了解學員的目標以及目前身體的狀況、組成 (inbody)。在這些流程結束後開始讓學員體驗課程。(上體驗課程前，會先與您聯繫預期想體驗的課程。) 200 2 堂 https://images.unsplash.com/photo-1571019614242-c5c5dee9f50b?ixlib=rb-4.0.3&ixid=M3wxMjA3fDB8MHxwaG90by1wYWdlfHx8fGVufDB8fHx8fA%3D%3D&auto=format&fit=crop&w=2070&q=80 拉基 true} {1 CK內衣組 CK內衣 我的超人 1980 3 1  性感 true}]"
time="2023-07-03 03:12:53" level=info msg="國別碼2碼: US"
time="2023-07-03 03:12:53" level=info msg="國別碼3碼: USA"
time="2023-07-03 03:12:53" level=info msg="國家全名: United States of America (the)"
time="2023-07-03 03:24:03" level=info msg="國別碼2碼: CA"
time="2023-07-03 03:24:03" level=info msg="國別碼3碼: CAN"
time="2023-07-03 03:24:03" level=info msg="國家全名: Canada"
time="2023-07-03 03:24:04" level=info msg="國別碼2碼: CA"
time="2023-07-03 03:24:04" level=info msg="國別碼3碼: CAN"
time="2023-07-03 03:24:04" level=info msg="國家全名: Canada"
time="2023-07-03 03:34:22" level=info msg="國別碼2碼: RU"
time="2023-07-03 03:34:22" level=info msg="國別碼3碼: RUS"
time="2023-07-03 03:34:22" level=info msg="國家全名: Russian Federation (the)"
time="2023-07-03 03:59:40" level=info msg="國別碼2碼: CA"
time="2023-07-03 03:59:40" level=info msg="國別碼3碼: CAN"
time="2023-07-03 03:59:40" level=info msg="國家全名: Canada"
time="2023-07-03 03:59:41" level=info msg="國別碼2碼: CA"
time="2023-07-03 03:59:41" level=info msg="國別碼3碼: CAN"
time="2023-07-03 03:59:41" level=info msg="國家全名: Canada"
time="2023-07-03 04:05:51" level=info msg="國別碼2碼: NL"
time="2023-07-03 04:05:51" level=info msg="國別碼3碼: NLD"
time="2023-07-03 04:05:51" level=info msg="國家全名: Netherlands (the)"
time="2023-07-03 04:05:55" level=info msg="國別碼2碼: NL"
time="2023-07-03 04:05:55" level=info msg="國別碼3碼: NLD"
time="2023-07-03 04:05:55" level=info msg="國家全名: Netherlands (the)"
time="2023-07-03 04:05:56" level=info msg="國別碼2碼: NL"
time="2023-07-03 04:05:56" level=info msg="國別碼3碼: NLD"
time="2023-07-03 04:05:56" level=info msg="國家全名: Netherlands (the)"
time="2023-07-03 04:05:58" level=info msg="國別碼2碼: NL"
time="2023-07-03 04:05:58" level=info msg="國別碼3碼: NLD"
time="2023-07-03 04:05:58" level=info msg="國家全名: Netherlands (the)"
time="2023-07-03 04:06:01" level=info msg="國別碼2碼: NL"
time="2023-07-03 04:06:01" level=info msg="國別碼3碼: NLD"
time="2023-07-03 04:06:01" level=info msg="國家全名: Netherlands (the)"
time="2023-07-03 04:45:37" level=info msg="國別碼2碼: US"
time="2023-07-03 04:45:37" level=info msg="國別碼3碼: USA"
time="2023-07-03 04:45:37" level=info msg="國家全名: United States of America (the)"
time="2023-07-03 05:11:58" level=info msg="國別碼2碼: CN"
time="2023-07-03 05:11:58" level=info msg="國別碼3碼: CHN"
time="2023-07-03 05:11:58" level=info msg="國家全名: China"
time="2023-07-03 05:17:16" level=info msg="國別碼2碼: TW"
time="2023-07-03 05:17:16" level=info msg="國別碼3碼: TWN"
time="2023-07-03 05:17:16" level=info msg="國家全名: Taiwan (Province of China)"
time="2023-07-03 05:17:16" level=info msg="取得商品資料[{13 b  1200 123   課程 false} {12 a  1200 1    false} {11 aa  1200 123    false} {10 test  1200 123    false} {9 Yooo  1200 5 堂  課程 false} {8 aaa  10 1    true} {7 TRX 123 500 1 堂  課程 true} {6 ck男生內褲 CK內褲 1980 3 1  性感 true} {5 哈達瑜珈2 本課程適合首次來上課的人，一開始會先帶學員了解場館以及場館內的各式課程，並了解學員的目標以及目前身體的狀況、組成 (inbody)。在這些流程結束後開始讓學員體驗課程。(上體驗課程前，會先與您聯繫預期想體驗的課程。) 200 2 堂 https://images.unsplash.com/photo-1571019614242-c5c5dee9f50b?ixlib=rb-4.0.3&ixid=M3wxMjA3fDB8MHxwaG90by1wYWdlfHx8fGVufDB8fHx8fA%3D%3D&auto=format&fit=crop&w=2070&q=80 拉基 false} {3 哈達瑜珈 本課程適合首次來上課的人，一開始會先帶學員了解場館以及場館內的各式課程，並了解學員的目標以及目前身體的狀況、組成 (inbody)。在這些流程結束後開始讓學員體驗課程。(上體驗課程前，會先與您聯繫預期想體驗的課程。) 200 2 堂 https://images.unsplash.com/photo-1571019614242-c5c5dee9f50b?ixlib=rb-4.0.3&ixid=M3wxMjA3fDB8MHxwaG90by1wYWdlfHx8fGVufDB8fHx8fA%3D%3D&auto=format&fit=crop&w=2070&q=80 拉基 true} {1 CK內衣組 CK內衣 我的超人 1980 3 1  性感 true}]"
time="2023-07-03 05:18:21" level=info msg="國別碼2碼: TW"
time="2023-07-03 05:18:21" level=info msg="國別碼3碼: TWN"
time="2023-07-03 05:18:21" level=info msg="國家全名: Taiwan (Province of China)"
time="2023-07-03 05:18:21" level=info msg="取得商品資料[{13 b  1200 123   課程 false} {12 a  1200 1    false} {11 aa  1200 123    false} {10 test  1200 123    false} {9 Yooo  1200 5 堂  課程 false} {8 aaa  10 1    true} {7 TRX 123 500 1 堂  課程 true} {6 ck男生內褲 CK內褲 1980 3 1  性感 true} {5 哈達瑜珈2 本課程適合首次來上課的人，一開始會先帶學員了解場館以及場館內的各式課程，並了解學員的目標以及目前身體的狀況、組成 (inbody)。在這些流程結束後開始讓學員體驗課程。(上體驗課程前，會先與您聯繫預期想體驗的課程。) 200 2 堂 https://images.unsplash.com/photo-1571019614242-c5c5dee9f50b?ixlib=rb-4.0.3&ixid=M3wxMjA3fDB8MHxwaG90by1wYWdlfHx8fGVufDB8fHx8fA%3D%3D&auto=format&fit=crop&w=2070&q=80 拉基 false} {3 哈達瑜珈 本課程適合首次來上課的人，一開始會先帶學員了解場館以及場館內的各式課程，並了解學員的目標以及目前身體的狀況、組成 (inbody)。在這些流程結束後開始讓學員體驗課程。(上體驗課程前，會先與您聯繫預期想體驗的課程。) 200 2 堂 https://images.unsplash.com/photo-1571019614242-c5c5dee9f50b?ixlib=rb-4.0.3&ixid=M3wxMjA3fDB8MHxwaG90by1wYWdlfHx8fGVufDB8fHx8fA%3D%3D&auto=format&fit=crop&w=2070&q=80 拉基 true} {1 CK內衣組 CK內衣 我的超人 1980 3 1  性感 true}]"
time="2023-07-03 05:36:49" level=info msg="國別碼2碼: US"
time="2023-07-03 05:36:49" level=info msg="國別碼3碼: USA"
time="2023-07-03 05:36:49" level=info msg="國家全名: United States of America (the)"
time="2023-07-03 05:36:50" level=info msg="國別碼2碼: US"
time="2023-07-03 05:36:50" level=info msg="國別碼3碼: USA"
time="2023-07-03 05:36:50" level=info msg="國家全名: United States of America (the)"
time="2023-07-03 05:36:51" level=info msg="國別碼2碼: US"
time="2023-07-03 05:36:51" level=info msg="國別碼3碼: USA"
time="2023-07-03 05:36:51" level=info msg="國家全名: United States of America (the)"
time="2023-07-03 05:36:52" level=info msg="國別碼2碼: US"
time="2023-07-03 05:36:52" level=info msg="國別碼3碼: USA"
time="2023-07-03 05:36:52" level=info msg="國家全名: United States of America (the)"
time="2023-07-03 05:36:53" level=info msg="國別碼2碼: US"
time="2023-07-03 05:36:53" level=info msg="國別碼3碼: USA"
time="2023-07-03 05:36:53" level=info msg="國家全名: United States of America (the)"
time="2023-07-03 05:40:46" level=info msg="國別碼2碼: CA"
time="2023-07-03 05:40:46" level=info msg="國別碼3碼: CAN"
time="2023-07-03 05:40:46" level=info msg="國家全名: Canada"
time="2023-07-03 05:40:47" level=info msg="國別碼2碼: CA"
time="2023-07-03 05:40:47" level=info msg="國別碼3碼: CAN"
time="2023-07-03 05:40:47" level=info msg="國家全名: Canada"
time="2023-07-03 05:57:31" level=info msg="國別碼2碼: CA"
time="2023-07-03 05:57:31" level=info msg="國別碼3碼: CAN"
time="2023-07-03 05:57:31" level=info msg="國家全名: Canada"
time="2023-07-03 05:57:32" level=info msg="國別碼2碼: CA"
time="2023-07-03 05:57:32" level=info msg="國別碼3碼: CAN"
time="2023-07-03 05:57:32" level=info msg="國家全名: Canada"
time="2023-07-03 06:08:21" level=info msg="國別碼2碼: CN"
time="2023-07-03 06:08:21" level=info msg="國別碼3碼: CHN"
time="2023-07-03 06:08:21" level=info msg="國家全名: China"
time="2023-07-03 06:08:22" level=info msg="國別碼2碼: CN"
time="2023-07-03 06:08:22" level=info msg="國別碼3碼: CHN"
time="2023-07-03 06:08:22" level=info msg="國家全名: China"
time="2023-07-03 06:58:05" level=info msg="國別碼2碼: US"
time="2023-07-03 06:58:05" level=info msg="國別碼3碼: USA"
time="2023-07-03 06:58:05" level=info msg="國家全名: United States of America (the)"
time="2023-07-03 06:59:03" level=info msg="國別碼2碼: US"
time="2023-07-03 06:59:03" level=info msg="國別碼3碼: USA"
time="2023-07-03 06:59:03" level=info msg="國家全名: United States of America (the)"
time="2023-07-03 06:59:50" level=info msg="國別碼2碼: US"
time="2023-07-03 06:59:50" level=info msg="國別碼3碼: USA"
time="2023-07-03 06:59:50" level=info msg="國家全名: United States of America (the)"
time="2023-07-03 07:32:22" level=info msg="國別碼2碼: CA"
time="2023-07-03 07:32:22" level=info msg="國別碼3碼: CAN"
time="2023-07-03 07:32:22" level=info msg="國家全名: Canada"
time="2023-07-03 07:32:23" level=info msg="國別碼2碼: CA"
time="2023-07-03 07:32:23" level=info msg="國別碼3碼: CAN"
time="2023-07-03 07:32:23" level=info msg="國家全名: Canada"
time="2023-07-03 08:02:06" level=info msg="國別碼2碼: CA"
time="2023-07-03 08:02:06" level=info msg="國別碼3碼: CAN"
time="2023-07-03 08:02:06" level=info msg="國家全名: Canada"
time="2023-07-03 08:02:07" level=info msg="國別碼2碼: CA"
time="2023-07-03 08:02:07" level=info msg="國別碼3碼: CAN"
time="2023-07-03 08:02:07" level=info msg="國家全名: Canada"
time="2023-07-03 08:35:50" level=info msg="國別碼2碼: BE"
time="2023-07-03 08:35:50" level=info msg="國別碼3碼: BEL"
time="2023-07-03 08:35:50" level=info msg="國家全名: Belgium"
time="2023-07-03 08:56:34" level=info msg="國別碼2碼: RU"
time="2023-07-03 08:56:34" level=info msg="國別碼3碼: RUS"
time="2023-07-03 08:56:34" level=info msg="國家全名: Russian Federation (the)"
time="2023-07-03 09:53:41" level=info msg="國別碼2碼: CA"
time="2023-07-03 09:53:41" level=info msg="國別碼3碼: CAN"
time="2023-07-03 09:53:41" level=info msg="國家全名: Canada"
time="2023-07-03 09:53:42" level=info msg="國別碼2碼: CA"
time="2023-07-03 09:53:42" level=info msg="國別碼3碼: CAN"
time="2023-07-03 09:53:42" level=info msg="國家全名: Canada"
time="2023-07-03 10:09:44" level=info msg="國別碼2碼: US"
time="2023-07-03 10:09:44" level=info msg="國別碼3碼: USA"
time="2023-07-03 10:09:44" level=info msg="國家全名: United States of America (the)"
time="2023-07-03 10:24:35" level=info msg="國別碼2碼: SG"
time="2023-07-03 10:24:35" level=info msg="國別碼3碼: SGP"
time="2023-07-03 10:24:35" level=info msg="國家全名: Singapore"
time="2023-07-03 10:28:49" level=info msg="國別碼2碼: CA"
time="2023-07-03 10:28:49" level=info msg="國別碼3碼: CAN"
time="2023-07-03 10:28:49" level=info msg="國家全名: Canada"
time="2023-07-03 10:28:50" level=info msg="國別碼2碼: CA"
time="2023-07-03 10:28:50" level=info msg="國別碼3碼: CAN"
time="2023-07-03 10:28:50" level=info msg="國家全名: Canada"
time="2023-07-03 10:41:29" level=info msg="國別碼2碼: BR"
time="2023-07-03 10:41:29" level=info msg="國別碼3碼: BRA"
time="2023-07-03 10:41:29" level=info msg="國家全名: Brazil"
time="2023-07-03 10:41:30" level=info msg="國別碼2碼: BR"
time="2023-07-03 10:41:30" level=info msg="國別碼3碼: BRA"
time="2023-07-03 10:41:30" level=info msg="國家全名: Brazil"
time="2023-07-03 10:42:40" level=info msg="國別碼2碼: IN"
time="2023-07-03 10:42:40" level=info msg="國別碼3碼: IND"
time="2023-07-03 10:42:40" level=info msg="國家全名: India"
time="2023-07-03 11:08:24" level=info msg="國別碼2碼: US"
time="2023-07-03 11:08:24" level=info msg="國別碼3碼: USA"
time="2023-07-03 11:08:24" level=info msg="國家全名: United States of America (the)"
time="2023-07-03 11:14:14" level=info msg="國別碼2碼: CA"
time="2023-07-03 11:14:14" level=info msg="國別碼3碼: CAN"
time="2023-07-03 11:14:14" level=info msg="國家全名: Canada"
time="2023-07-03 11:14:15" level=info msg="國別碼2碼: CA"
time="2023-07-03 11:14:15" level=info msg="國別碼3碼: CAN"
time="2023-07-03 11:14:15" level=info msg="國家全名: Canada"
time="2023-07-03 11:43:47" level=info msg="國別碼2碼: GB"
time="2023-07-03 11:43:47" level=info msg="國別碼3碼: GBR"
time="2023-07-03 11:43:47" level=info msg="國家全名: United Kingdom of Great Britain and Northern Ireland (the)"
time="2023-07-03 11:59:37" level=info msg="國別碼2碼: CA"
time="2023-07-03 11:59:37" level=info msg="國別碼3碼: CAN"
time="2023-07-03 11:59:37" level=info msg="國家全名: Canada"
time="2023-07-03 11:59:38" level=info msg="國別碼2碼: CA"
time="2023-07-03 11:59:38" level=info msg="國別碼3碼: CAN"
time="2023-07-03 11:59:38" level=info msg="國家全名: Canada"
time="2023-07-03 11:59:47" level=info msg="國別碼2碼: RU"
time="2023-07-03 11:59:47" level=info msg="國別碼3碼: RUS"
time="2023-07-03 11:59:47" level=info msg="國家全名: Russian Federation (the)"
time="2023-07-03 12:22:35" level=info msg="國別碼2碼: RU"
time="2023-07-03 12:22:35" level=info msg="國別碼3碼: RUS"
time="2023-07-03 12:22:35" level=info msg="國家全名: Russian Federation (the)"
time="2023-07-03 12:48:46" level=info msg="國別碼2碼: DE"
time="2023-07-03 12:48:46" level=info msg="國別碼3碼: DEU"
time="2023-07-03 12:48:46" level=info msg="國家全名: Germany"
time="2023-07-03 13:42:39" level=info msg="國別碼2碼: CA"
time="2023-07-03 13:42:39" level=info msg="國別碼3碼: CAN"
time="2023-07-03 13:42:39" level=info msg="國家全名: Canada"
time="2023-07-03 13:42:40" level=info msg="國別碼2碼: CA"
time="2023-07-03 13:42:40" level=info msg="國別碼3碼: CAN"
time="2023-07-03 13:42:40" level=info msg="國家全名: Canada"
time="2023-07-03 14:36:32" level=info msg="國別碼2碼: US"
time="2023-07-03 14:36:32" level=info msg="國別碼3碼: USA"
time="2023-07-03 14:36:32" level=info msg="國家全名: United States of America (the)"
time="2023-07-03 15:00:41" level=info msg="國別碼2碼: NL"
time="2023-07-03 15:00:41" level=info msg="國別碼3碼: NLD"
time="2023-07-03 15:00:41" level=info msg="國家全名: Netherlands (the)"
time="2023-07-03 15:05:38" level=info msg="國別碼2碼: NL"
time="2023-07-03 15:05:38" level=info msg="國別碼3碼: NLD"
time="2023-07-03 15:05:38" level=info msg="國家全名: Netherlands (the)"
time="2023-07-03 15:08:06" level=info msg="國別碼2碼: CA"
time="2023-07-03 15:08:06" level=info msg="國別碼3碼: CAN"
time="2023-07-03 15:08:06" level=info msg="國家全名: Canada"
time="2023-07-03 15:08:07" level=info msg="國別碼2碼: CA"
time="2023-07-03 15:08:07" level=info msg="國別碼3碼: CAN"
time="2023-07-03 15:08:07" level=info msg="國家全名: Canada"
time="2023-07-03 15:40:28" level=info msg="國別碼2碼: US"
time="2023-07-03 15:40:28" level=info msg="國別碼3碼: USA"
time="2023-07-03 15:40:28" level=info msg="國家全名: United States of America (the)"
time="2023-07-03 16:17:37" level=info msg="國別碼2碼: US"
time="2023-07-03 16:17:37" level=info msg="國別碼3碼: USA"
time="2023-07-03 16:17:37" level=info msg="國家全名: United States of America (the)"
time="2023-07-03 16:41:55" level=info msg="國別碼2碼: PT"
time="2023-07-03 16:41:55" level=info msg="國別碼3碼: PRT"
time="2023-07-03 16:41:55" level=info msg="國家全名: Portugal"
time="2023-07-03 16:55:18" level=info msg="國別碼2碼: US"
time="2023-07-03 16:55:18" level=info msg="國別碼3碼: USA"
time="2023-07-03 16:55:18" level=info msg="國家全名: United States of America (the)"
time="2023-07-03 17:18:24" level=info msg="國別碼2碼: BE"
time="2023-07-03 17:18:24" level=info msg="國別碼3碼: BEL"
time="2023-07-03 17:18:24" level=info msg="國家全名: Belgium"
time="2023-07-03 17:53:56" level=info msg="國別碼2碼: CA"
time="2023-07-03 17:53:56" level=info msg="國別碼3碼: CAN"
time="2023-07-03 17:53:56" level=info msg="國家全名: Canada"
time="2023-07-03 17:53:58" level=info msg="國別碼2碼: CA"
time="2023-07-03 17:53:58" level=info msg="國別碼3碼: CAN"
time="2023-07-03 17:53:58" level=info msg="國家全名: Canada"
time="2023-07-03 19:22:44" level=info msg="國別碼2碼: US"
time="2023-07-03 19:22:44" level=info msg="國別碼3碼: USA"
time="2023-07-03 19:22:44" level=info msg="國家全名: United States of America (the)"
time="2023-07-03 19:34:20" level=info msg="國別碼2碼: US"
time="2023-07-03 19:34:20" level=info msg="國別碼3碼: USA"
time="2023-07-03 19:34:20" level=info msg="國家全名: United States of America (the)"
time="2023-07-03 19:51:08" level=info msg="國別碼2碼: US"
time="2023-07-03 19:51:08" level=info msg="國別碼3碼: USA"
time="2023-07-03 19:51:08" level=info msg="國家全名: United States of America (the)"
time="2023-07-03 19:51:27" level=info msg="國別碼2碼: US"
time="2023-07-03 19:51:27" level=info msg="國別碼3碼: USA"
time="2023-07-03 19:51:27" level=info msg="國家全名: United States of America (the)"
time="2023-07-03 19:51:28" level=info msg="國別碼2碼: US"
time="2023-07-03 19:51:28" level=info msg="國別碼3碼: USA"
time="2023-07-03 19:51:28" level=info msg="國家全名: United States of America (the)"
time="2023-07-03 19:51:29" level=info msg="國別碼2碼: US"
time="2023-07-03 19:51:29" level=info msg="國別碼3碼: USA"
time="2023-07-03 19:51:29" level=info msg="國家全名: United States of America (the)"
time="2023-07-03 20:31:21" level=info msg="國別碼2碼: US"
time="2023-07-03 20:31:21" level=info msg="國別碼3碼: USA"
time="2023-07-03 20:31:21" level=info msg="國家全名: United States of America (the)"
time="2023-07-03 21:22:21" level=info msg="國別碼2碼: LT"
time="2023-07-03 21:22:21" level=info msg="國別碼3碼: LTU"
time="2023-07-03 21:22:21" level=info msg="國家全名: Lithuania"
time="2023-07-03 21:26:23" level=info msg="國別碼2碼: CN"
time="2023-07-03 21:26:23" level=info msg="國別碼3碼: CHN"
time="2023-07-03 21:26:23" level=info msg="國家全名: China"
time="2023-07-03 21:40:50" level=info msg="國別碼2碼: US"
time="2023-07-03 21:40:50" level=info msg="國別碼3碼: USA"
time="2023-07-03 21:40:50" level=info msg="國家全名: United States of America (the)"
time="2023-07-03 22:23:19" level=info msg="國別碼2碼: CA"
time="2023-07-03 22:23:19" level=info msg="國別碼3碼: CAN"
time="2023-07-03 22:23:19" level=info msg="國家全名: Canada"
time="2023-07-03 22:23:20" level=info msg="國別碼2碼: CA"
time="2023-07-03 22:23:20" level=info msg="國別碼3碼: CAN"
time="2023-07-03 22:23:20" level=info msg="國家全名: Canada"
time="2023-07-03 22:37:34" level=info msg="國別碼2碼: AU"
time="2023-07-03 22:37:34" level=info msg="國別碼3碼: AUS"
time="2023-07-03 22:37:34" level=info msg="國家全名: Australia"
time="2023-07-03 22:37:41" level=info msg="國別碼2碼: AU"
time="2023-07-03 22:37:41" level=info msg="國別碼3碼: AUS"
time="2023-07-03 22:37:41" level=info msg="國家全名: Australia"
time="2023-07-03 22:37:54" level=info msg="國別碼2碼: AU"
time="2023-07-03 22:37:54" level=info msg="國別碼3碼: AUS"
time="2023-07-03 22:37:54" level=info msg="國家全名: Australia"
time="2023-07-03 22:41:23" level=info msg="國別碼2碼: US"
time="2023-07-03 22:41:23" level=info msg="國別碼3碼: USA"
time="2023-07-03 22:41:23" level=info msg="國家全名: United States of America (the)"
time="2023-07-03 22:51:44" level=info msg="國別碼2碼: RU"
time="2023-07-03 22:51:44" level=info msg="國別碼3碼: RUS"
time="2023-07-03 22:51:44" level=info msg="國家全名: Russian Federation (the)"
time="2023-07-03 23:31:40" level=info msg="國別碼2碼: RU"
time="2023-07-03 23:31:40" level=info msg="國別碼3碼: RUS"
time="2023-07-03 23:31:40" level=info msg="國家全名: Russian Federation (the)"
time="2023-07-03 23:45:15" level=info msg="國別碼2碼: LT"
time="2023-07-03 23:45:15" level=info msg="國別碼3碼: LTU"
time="2023-07-03 23:45:15" level=info msg="國家全名: Lithuania"
