time="2023-06-25 00:10:31" level=info msg="國別碼2碼: CH"
time="2023-06-25 00:10:31" level=info msg="國別碼3碼: CHE"
time="2023-06-25 00:10:31" level=info msg="國家全名: Switzerland"
time="2023-06-25 00:13:57" level=info msg="國別碼2碼: US"
time="2023-06-25 00:13:57" level=info msg="國別碼3碼: USA"
time="2023-06-25 00:13:57" level=info msg="國家全名: United States of America (the)"
time="2023-06-25 00:13:58" level=info msg="國別碼2碼: US"
time="2023-06-25 00:13:58" level=info msg="國別碼3碼: USA"
time="2023-06-25 00:13:58" level=info msg="國家全名: United States of America (the)"
time="2023-06-25 00:20:08" level=info msg="國別碼2碼: RU"
time="2023-06-25 00:20:08" level=info msg="國別碼3碼: RUS"
time="2023-06-25 00:20:08" level=info msg="國家全名: Russian Federation (the)"
time="2023-06-25 00:27:50" level=info msg="國別碼2碼: FR"
time="2023-06-25 00:27:50" level=info msg="國別碼3碼: FRA"
time="2023-06-25 00:27:50" level=info msg="國家全名: France"
time="2023-06-25 00:27:51" level=info msg="國別碼2碼: FR"
time="2023-06-25 00:27:51" level=info msg="國別碼3碼: FRA"
time="2023-06-25 00:27:51" level=info msg="國家全名: France"
time="2023-06-25 00:53:51" level=info msg="國別碼2碼: CH"
time="2023-06-25 00:53:51" level=info msg="國別碼3碼: CHE"
time="2023-06-25 00:53:51" level=info msg="國家全名: Switzerland"
time="2023-06-25 00:53:58" level=info msg="國別碼2碼: RU"
time="2023-06-25 00:53:58" level=info msg="國別碼3碼: RUS"
time="2023-06-25 00:53:58" level=info msg="國家全名: Russian Federation (the)"
time="2023-06-25 00:55:39" level=info msg="國別碼2碼: CN"
time="2023-06-25 00:55:39" level=info msg="國別碼3碼: CHN"
time="2023-06-25 00:55:39" level=info msg="國家全名: China"
time="2023-06-25 00:55:41" level=info msg="國別碼2碼: CN"
time="2023-06-25 00:55:41" level=info msg="國別碼3碼: CHN"
time="2023-06-25 00:55:41" level=info msg="國家全名: China"
time="2023-06-25 00:55:43" level=info msg="國別碼2碼: CN"
time="2023-06-25 00:55:43" level=info msg="國別碼3碼: CHN"
time="2023-06-25 00:55:43" level=info msg="國家全名: China"
time="2023-06-25 00:55:44" level=info msg="國別碼2碼: CN"
time="2023-06-25 00:55:44" level=info msg="國別碼3碼: CHN"
time="2023-06-25 00:55:44" level=info msg="國家全名: China"
time="2023-06-25 00:55:44" level=info msg="國別碼2碼: CN"
time="2023-06-25 00:55:44" level=info msg="國別碼3碼: CHN"
time="2023-06-25 00:55:44" level=info msg="國家全名: China"
time="2023-06-25 01:52:58" level=info msg="國別碼2碼: RU"
time="2023-06-25 01:52:58" level=info msg="國別碼3碼: RUS"
time="2023-06-25 01:52:58" level=info msg="國家全名: Russian Federation (the)"
time="2023-06-25 02:33:48" level=info msg="國別碼2碼: FR"
time="2023-06-25 02:33:48" level=info msg="國別碼3碼: FRA"
time="2023-06-25 02:33:48" level=info msg="國家全名: France"
time="2023-06-25 02:33:49" level=info msg="國別碼2碼: FR"
time="2023-06-25 02:33:49" level=info msg="國別碼3碼: FRA"
time="2023-06-25 02:33:49" level=info msg="國家全名: France"
time="2023-06-25 02:34:43" level=info msg="國別碼2碼: RU"
time="2023-06-25 02:34:43" level=info msg="國別碼3碼: RUS"
time="2023-06-25 02:34:43" level=info msg="國家全名: Russian Federation (the)"
time="2023-06-25 02:50:34" level=info msg="國別碼2碼: DE"
time="2023-06-25 02:50:34" level=info msg="國別碼3碼: DEU"
time="2023-06-25 02:50:34" level=info msg="國家全名: Germany"
time="2023-06-25 02:50:50" level=info msg="國別碼2碼: DE"
time="2023-06-25 02:50:50" level=info msg="國別碼3碼: DEU"
time="2023-06-25 02:50:50" level=info msg="國家全名: Germany"
time="2023-06-25 02:51:00" level=info msg="國別碼2碼: DE"
time="2023-06-25 02:51:00" level=info msg="國別碼3碼: DEU"
time="2023-06-25 02:51:00" level=info msg="國家全名: Germany"
time="2023-06-25 02:59:40" level=info msg="國別碼2碼: US"
time="2023-06-25 02:59:40" level=info msg="國別碼3碼: USA"
time="2023-06-25 02:59:40" level=info msg="國家全名: United States of America (the)"
time="2023-06-25 03:06:19" level=info msg="國別碼2碼: US"
time="2023-06-25 03:06:19" level=info msg="國別碼3碼: USA"
time="2023-06-25 03:06:19" level=info msg="國家全名: United States of America (the)"
time="2023-06-25 03:10:30" level=info msg="國別碼2碼: RU"
time="2023-06-25 03:10:30" level=info msg="國別碼3碼: RUS"
time="2023-06-25 03:10:30" level=info msg="國家全名: Russian Federation (the)"
time="2023-06-25 03:16:23" level=info msg="國別碼2碼: US"
time="2023-06-25 03:16:23" level=info msg="國別碼3碼: USA"
time="2023-06-25 03:16:23" level=info msg="國家全名: United States of America (the)"
time="2023-06-25 03:23:53" level=info msg="國別碼2碼: FR"
time="2023-06-25 03:23:53" level=info msg="國別碼3碼: FRA"
time="2023-06-25 03:23:53" level=info msg="國家全名: France"
time="2023-06-25 03:23:54" level=info msg="國別碼2碼: FR"
time="2023-06-25 03:23:54" level=info msg="國別碼3碼: FRA"
time="2023-06-25 03:23:54" level=info msg="國家全名: France"
time="2023-06-25 03:41:27" level=info msg="國別碼2碼: CH"
time="2023-06-25 03:41:27" level=info msg="國別碼3碼: CHE"
time="2023-06-25 03:41:27" level=info msg="國家全名: Switzerland"
time="2023-06-25 03:46:48" level=info msg="國別碼2碼: US"
time="2023-06-25 03:46:48" level=info msg="國別碼3碼: USA"
time="2023-06-25 03:46:48" level=info msg="國家全名: United States of America (the)"
time="2023-06-25 03:53:12" level=info msg="國別碼2碼: FR"
time="2023-06-25 03:53:12" level=info msg="國別碼3碼: FRA"
time="2023-06-25 03:53:12" level=info msg="國家全名: France"
time="2023-06-25 03:53:13" level=info msg="國別碼2碼: FR"
time="2023-06-25 03:53:13" level=info msg="國別碼3碼: FRA"
time="2023-06-25 03:53:13" level=info msg="國家全名: France"
time="2023-06-25 03:56:22" level=info msg="國別碼2碼: US"
time="2023-06-25 03:56:22" level=info msg="國別碼3碼: USA"
time="2023-06-25 03:56:22" level=info msg="國家全名: United States of America (the)"
time="2023-06-25 03:56:46" level=info msg="國別碼2碼: US"
time="2023-06-25 03:56:46" level=info msg="國別碼3碼: USA"
time="2023-06-25 03:56:46" level=info msg="國家全名: United States of America (the)"
time="2023-06-25 03:57:15" level=info msg="國別碼2碼: US"
time="2023-06-25 03:57:15" level=info msg="國別碼3碼: USA"
time="2023-06-25 03:57:15" level=info msg="國家全名: United States of America (the)"
time="2023-06-25 04:51:09" level=info msg="國別碼2碼: FR"
time="2023-06-25 04:51:09" level=info msg="國別碼3碼: FRA"
time="2023-06-25 04:51:09" level=info msg="國家全名: France"
time="2023-06-25 04:51:12" level=info msg="國別碼2碼: FR"
time="2023-06-25 04:51:12" level=info msg="國別碼3碼: FRA"
time="2023-06-25 04:51:12" level=info msg="國家全名: France"
time="2023-06-25 05:19:43" level=info msg="國別碼2碼: US"
time="2023-06-25 05:19:43" level=info msg="國別碼3碼: USA"
time="2023-06-25 05:19:43" level=info msg="國家全名: United States of America (the)"
time="2023-06-25 06:02:00" level=info msg="國別碼2碼: FR"
time="2023-06-25 06:02:00" level=info msg="國別碼3碼: FRA"
time="2023-06-25 06:02:00" level=info msg="國家全名: France"
time="2023-06-25 06:02:01" level=info msg="國別碼2碼: FR"
time="2023-06-25 06:02:01" level=info msg="國別碼3碼: FRA"
time="2023-06-25 06:02:01" level=info msg="國家全名: France"
time="2023-06-25 06:11:11" level=info msg="國別碼2碼: US"
time="2023-06-25 06:11:11" level=info msg="國別碼3碼: USA"
time="2023-06-25 06:11:11" level=info msg="國家全名: United States of America (the)"
time="2023-06-25 06:11:12" level=info msg="國別碼2碼: US"
time="2023-06-25 06:11:12" level=info msg="國別碼3碼: USA"
time="2023-06-25 06:11:12" level=info msg="國家全名: United States of America (the)"
time="2023-06-25 06:11:13" level=info msg="國別碼2碼: US"
time="2023-06-25 06:11:13" level=info msg="國別碼3碼: USA"
time="2023-06-25 06:11:13" level=info msg="國家全名: United States of America (the)"
time="2023-06-25 06:11:14" level=info msg="國別碼2碼: US"
time="2023-06-25 06:11:14" level=info msg="國別碼3碼: USA"
time="2023-06-25 06:11:14" level=info msg="國家全名: United States of America (the)"
time="2023-06-25 06:11:15" level=info msg="國別碼2碼: US"
time="2023-06-25 06:11:15" level=info msg="國別碼3碼: USA"
time="2023-06-25 06:11:15" level=info msg="國家全名: United States of America (the)"
time="2023-06-25 06:54:05" level=info msg="國別碼2碼: FR"
time="2023-06-25 06:54:05" level=info msg="國別碼3碼: FRA"
time="2023-06-25 06:54:05" level=info msg="國家全名: France"
time="2023-06-25 06:54:07" level=info msg="國別碼2碼: FR"
time="2023-06-25 06:54:07" level=info msg="國別碼3碼: FRA"
time="2023-06-25 06:54:07" level=info msg="國家全名: France"
time="2023-06-25 07:30:59" level=info msg="國別碼2碼: FR"
time="2023-06-25 07:30:59" level=info msg="國別碼3碼: FRA"
time="2023-06-25 07:30:59" level=info msg="國家全名: France"
time="2023-06-25 07:31:00" level=info msg="國別碼2碼: FR"
time="2023-06-25 07:31:00" level=info msg="國別碼3碼: FRA"
time="2023-06-25 07:31:00" level=info msg="國家全名: France"
time="2023-06-25 07:49:20" level=info msg="國別碼2碼: RU"
time="2023-06-25 07:49:20" level=info msg="國別碼3碼: RUS"
time="2023-06-25 07:49:20" level=info msg="國家全名: Russian Federation (the)"
time="2023-06-25 07:54:50" level=info msg="國別碼2碼: FR"
time="2023-06-25 07:54:50" level=info msg="國別碼3碼: FRA"
time="2023-06-25 07:54:50" level=info msg="國家全名: France"
time="2023-06-25 07:54:51" level=info msg="國別碼2碼: FR"
time="2023-06-25 07:54:51" level=info msg="國別碼3碼: FRA"
time="2023-06-25 07:54:51" level=info msg="國家全名: France"
time="2023-06-25 09:13:53" level=info msg="國別碼2碼: IT"
time="2023-06-25 09:13:53" level=info msg="國別碼3碼: ITA"
time="2023-06-25 09:13:53" level=info msg="國家全名: Italy"
time="2023-06-25 09:21:18" level=info msg="國別碼2碼: FR"
time="2023-06-25 09:21:18" level=info msg="國別碼3碼: FRA"
time="2023-06-25 09:21:18" level=info msg="國家全名: France"
time="2023-06-25 09:21:19" level=info msg="國別碼2碼: FR"
time="2023-06-25 09:21:19" level=info msg="國別碼3碼: FRA"
time="2023-06-25 09:21:19" level=info msg="國家全名: France"
time="2023-06-25 10:06:41" level=info msg="國別碼2碼: US"
time="2023-06-25 10:06:41" level=info msg="國別碼3碼: USA"
time="2023-06-25 10:06:41" level=info msg="國家全名: United States of America (the)"
time="2023-06-25 10:06:42" level=info msg="國別碼2碼: US"
time="2023-06-25 10:06:42" level=info msg="國別碼3碼: USA"
time="2023-06-25 10:06:42" level=info msg="國家全名: United States of America (the)"
time="2023-06-25 10:06:43" level=info msg="國別碼2碼: US"
time="2023-06-25 10:06:43" level=info msg="國別碼3碼: USA"
time="2023-06-25 10:06:43" level=info msg="國家全名: United States of America (the)"
time="2023-06-25 10:06:44" level=info msg="國別碼2碼: US"
time="2023-06-25 10:06:44" level=info msg="國別碼3碼: USA"
time="2023-06-25 10:06:44" level=info msg="國家全名: United States of America (the)"
time="2023-06-25 10:06:45" level=info msg="國別碼2碼: US"
time="2023-06-25 10:06:45" level=info msg="國別碼3碼: USA"
time="2023-06-25 10:06:45" level=info msg="國家全名: United States of America (the)"
time="2023-06-25 10:18:18" level=info msg="國別碼2碼: US"
time="2023-06-25 10:18:18" level=info msg="國別碼3碼: USA"
time="2023-06-25 10:18:18" level=info msg="國家全名: United States of America (the)"
time="2023-06-25 10:20:59" level=info msg="國別碼2碼: FR"
time="2023-06-25 10:20:59" level=info msg="國別碼3碼: FRA"
time="2023-06-25 10:20:59" level=info msg="國家全名: France"
time="2023-06-25 10:21:00" level=info msg="國別碼2碼: FR"
time="2023-06-25 10:21:00" level=info msg="國別碼3碼: FRA"
time="2023-06-25 10:21:00" level=info msg="國家全名: France"
time="2023-06-25 10:54:38" level=info msg="國別碼2碼: US"
time="2023-06-25 10:54:38" level=info msg="國別碼3碼: USA"
time="2023-06-25 10:54:38" level=info msg="國家全名: United States of America (the)"
time="2023-06-25 11:03:14" level=info msg="國別碼2碼: FR"
time="2023-06-25 11:03:14" level=info msg="國別碼3碼: FRA"
time="2023-06-25 11:03:14" level=info msg="國家全名: France"
time="2023-06-25 11:03:15" level=info msg="國別碼2碼: FR"
time="2023-06-25 11:03:15" level=info msg="國別碼3碼: FRA"
time="2023-06-25 11:03:15" level=info msg="國家全名: France"
time="2023-06-25 11:13:00" level=info msg="國別碼2碼: NL"
time="2023-06-25 11:13:00" level=info msg="國別碼3碼: NLD"
time="2023-06-25 11:13:00" level=info msg="國家全名: Netherlands (the)"
time="2023-06-25 11:13:01" level=info msg="國別碼2碼: NL"
time="2023-06-25 11:13:01" level=info msg="國別碼3碼: NLD"
time="2023-06-25 11:13:01" level=info msg="國家全名: Netherlands (the)"
time="2023-06-25 11:13:02" level=info msg="國別碼2碼: NL"
time="2023-06-25 11:13:02" level=info msg="國別碼3碼: NLD"
time="2023-06-25 11:13:02" level=info msg="國家全名: Netherlands (the)"
time="2023-06-25 11:13:03" level=info msg="國別碼2碼: NL"
time="2023-06-25 11:13:03" level=info msg="國別碼3碼: NLD"
time="2023-06-25 11:13:03" level=info msg="國家全名: Netherlands (the)"
time="2023-06-25 11:13:11" level=info msg="國別碼2碼: NL"
time="2023-06-25 11:13:11" level=info msg="國別碼3碼: NLD"
time="2023-06-25 11:13:11" level=info msg="國家全名: Netherlands (the)"
time="2023-06-25 11:18:07" level=info msg="國別碼2碼: US"
time="2023-06-25 11:18:07" level=info msg="國別碼3碼: USA"
time="2023-06-25 11:18:07" level=info msg="國家全名: United States of America (the)"
time="2023-06-25 11:52:24" level=info msg="國別碼2碼: FR"
time="2023-06-25 11:52:24" level=info msg="國別碼3碼: FRA"
time="2023-06-25 11:52:24" level=info msg="國家全名: France"
time="2023-06-25 11:52:25" level=info msg="國別碼2碼: FR"
time="2023-06-25 11:52:25" level=info msg="國別碼3碼: FRA"
time="2023-06-25 11:52:25" level=info msg="國家全名: France"
time="2023-06-25 11:52:29" level=info msg="國別碼2碼: US"
time="2023-06-25 11:52:29" level=info msg="國別碼3碼: USA"
time="2023-06-25 11:52:29" level=info msg="國家全名: United States of America (the)"
time="2023-06-25 11:56:52" level=info msg="國別碼2碼: US"
time="2023-06-25 11:56:52" level=info msg="國別碼3碼: USA"
time="2023-06-25 11:56:52" level=info msg="國家全名: United States of America (the)"
time="2023-06-25 12:27:38" level=info msg="國別碼2碼: GB"
time="2023-06-25 12:27:38" level=info msg="國別碼3碼: GBR"
time="2023-06-25 12:27:38" level=info msg="國家全名: United Kingdom of Great Britain and Northern Ireland (the)"
time="2023-06-25 12:39:37" level=info msg="國別碼2碼: BD"
time="2023-06-25 12:39:37" level=info msg="國別碼3碼: BGD"
time="2023-06-25 12:39:37" level=info msg="國家全名: Bangladesh"
time="2023-06-25 12:56:10" level=info msg="國別碼2碼: US"
time="2023-06-25 12:56:10" level=info msg="國別碼3碼: USA"
time="2023-06-25 12:56:10" level=info msg="國家全名: United States of America (the)"
time="2023-06-25 13:10:41" level=info msg="國別碼2碼: US"
time="2023-06-25 13:10:41" level=info msg="國別碼3碼: USA"
time="2023-06-25 13:10:41" level=info msg="國家全名: United States of America (the)"
time="2023-06-25 13:12:11" level=info msg="國別碼2碼: US"
time="2023-06-25 13:12:11" level=info msg="國別碼3碼: USA"
time="2023-06-25 13:12:11" level=info msg="國家全名: United States of America (the)"
time="2023-06-25 13:12:54" level=info msg="國別碼2碼: US"
time="2023-06-25 13:12:54" level=info msg="國別碼3碼: USA"
time="2023-06-25 13:12:54" level=info msg="國家全名: United States of America (the)"
time="2023-06-25 13:42:16" level=info msg="國別碼2碼: TW"
time="2023-06-25 13:42:16" level=info msg="國別碼3碼: TWN"
time="2023-06-25 13:42:16" level=info msg="國家全名: Taiwan (Province of China)"
time="2023-06-25 13:42:16" level=info msg="國別碼2碼: TW"
time="2023-06-25 13:42:16" level=info msg="國別碼3碼: TWN"
time="2023-06-25 13:42:16" level=info msg="國家全名: Taiwan (Province of China)"
time="2023-06-25 13:42:17" level=info msg="國別碼2碼: TW"
time="2023-06-25 13:42:17" level=info msg="國別碼3碼: TWN"
time="2023-06-25 13:42:17" level=info msg="國家全名: Taiwan (Province of China)"
time="2023-06-25 13:42:17" level=info msg="國別碼2碼: TW"
time="2023-06-25 13:42:17" level=info msg="國別碼3碼: TWN"
time="2023-06-25 13:42:17" level=info msg="國家全名: Taiwan (Province of China)"
time="2023-06-25 15:23:05" level=info msg="國別碼2碼: CH"
time="2023-06-25 15:23:05" level=info msg="國別碼3碼: CHE"
time="2023-06-25 15:23:05" level=info msg="國家全名: Switzerland"
time="2023-06-25 16:13:16" level=info msg="國別碼2碼: US"
time="2023-06-25 16:13:16" level=info msg="國別碼3碼: USA"
time="2023-06-25 16:13:16" level=info msg="國家全名: United States of America (the)"
time="2023-06-25 16:44:46" level=info msg="國別碼2碼: US"
time="2023-06-25 16:44:46" level=info msg="國別碼3碼: USA"
time="2023-06-25 16:44:46" level=info msg="國家全名: United States of America (the)"
time="2023-06-25 16:44:47" level=info msg="國別碼2碼: US"
time="2023-06-25 16:44:47" level=info msg="國別碼3碼: USA"
time="2023-06-25 16:44:47" level=info msg="國家全名: United States of America (the)"
time="2023-06-25 16:44:48" level=info msg="國別碼2碼: US"
time="2023-06-25 16:44:48" level=info msg="國別碼3碼: USA"
time="2023-06-25 16:44:48" level=info msg="國家全名: United States of America (the)"
time="2023-06-25 16:44:49" level=info msg="國別碼2碼: US"
time="2023-06-25 16:44:49" level=info msg="國別碼3碼: USA"
time="2023-06-25 16:44:49" level=info msg="國家全名: United States of America (the)"
time="2023-06-25 16:44:50" level=info msg="國別碼2碼: US"
time="2023-06-25 16:44:50" level=info msg="國別碼3碼: USA"
time="2023-06-25 16:44:50" level=info msg="國家全名: United States of America (the)"
time="2023-06-25 16:59:48" level=info msg="國別碼2碼: US"
time="2023-06-25 16:59:48" level=info msg="國別碼3碼: USA"
time="2023-06-25 16:59:48" level=info msg="國家全名: United States of America (the)"
time="2023-06-25 17:11:46" level=info msg="國別碼2碼: ID"
time="2023-06-25 17:11:46" level=info msg="國別碼3碼: IDN"
time="2023-06-25 17:11:46" level=info msg="國家全名: Indonesia"
time="2023-06-25 17:40:09" level=info msg="國別碼2碼: US"
time="2023-06-25 17:40:09" level=info msg="國別碼3碼: USA"
time="2023-06-25 17:40:09" level=info msg="國家全名: United States of America (the)"
time="2023-06-25 18:01:47" level=info msg="國別碼2碼: RU"
time="2023-06-25 18:01:47" level=info msg="國別碼3碼: RUS"
time="2023-06-25 18:01:47" level=info msg="國家全名: Russian Federation (the)"
time="2023-06-25 18:26:05" level=info msg="國別碼2碼: CH"
time="2023-06-25 18:26:05" level=info msg="國別碼3碼: CHE"
time="2023-06-25 18:26:05" level=info msg="國家全名: Switzerland"
time="2023-06-25 18:34:33" level=info msg="國別碼2碼: RU"
time="2023-06-25 18:34:33" level=info msg="國別碼3碼: RUS"
time="2023-06-25 18:34:33" level=info msg="國家全名: Russian Federation (the)"
time="2023-06-25 18:49:17" level=info msg="國別碼2碼: US"
time="2023-06-25 18:49:17" level=info msg="國別碼3碼: USA"
time="2023-06-25 18:49:17" level=info msg="國家全名: United States of America (the)"
time="2023-06-25 18:49:42" level=info msg="國別碼2碼: BE"
time="2023-06-25 18:49:42" level=info msg="國別碼3碼: BEL"
time="2023-06-25 18:49:42" level=info msg="國家全名: Belgium"
time="2023-06-25 18:56:00" level=info msg="國別碼2碼: BR"
time="2023-06-25 18:56:00" level=info msg="國別碼3碼: BRA"
time="2023-06-25 18:56:00" level=info msg="國家全名: Brazil"
time="2023-06-25 19:01:51" level=info msg="國別碼2碼: RU"
time="2023-06-25 19:01:51" level=info msg="國別碼3碼: RUS"
time="2023-06-25 19:01:51" level=info msg="國家全名: Russian Federation (the)"
time="2023-06-25 19:45:49" level=info msg="國別碼2碼: SG"
time="2023-06-25 19:45:49" level=info msg="國別碼3碼: SGP"
time="2023-06-25 19:45:49" level=info msg="國家全名: Singapore"
time="2023-06-25 19:45:51" level=info msg="國別碼2碼: SG"
time="2023-06-25 19:45:51" level=info msg="國別碼3碼: SGP"
time="2023-06-25 19:45:51" level=info msg="國家全名: Singapore"
time="2023-06-25 19:45:55" level=info msg="國別碼2碼: SG"
time="2023-06-25 19:45:55" level=info msg="國別碼3碼: SGP"
time="2023-06-25 19:45:55" level=info msg="國家全名: Singapore"
time="2023-06-25 19:45:55" level=info msg="國別碼2碼: SG"
time="2023-06-25 19:45:55" level=info msg="國別碼3碼: SGP"
time="2023-06-25 19:45:55" level=info msg="國家全名: Singapore"
time="2023-06-25 19:45:55" level=info msg="國別碼2碼: SG"
time="2023-06-25 19:45:55" level=info msg="國別碼3碼: SGP"
time="2023-06-25 19:45:55" level=info msg="國家全名: Singapore"
time="2023-06-25 19:52:56" level=info msg="國別碼2碼: RU"
time="2023-06-25 19:52:56" level=info msg="國別碼3碼: RUS"
time="2023-06-25 19:52:56" level=info msg="國家全名: Russian Federation (the)"
time="2023-06-25 20:39:38" level=info msg="國別碼2碼: RU"
time="2023-06-25 20:39:38" level=info msg="國別碼3碼: RUS"
time="2023-06-25 20:39:38" level=info msg="國家全名: Russian Federation (the)"
time="2023-06-25 20:49:16" level=info msg="國別碼2碼: US"
time="2023-06-25 20:49:16" level=info msg="國別碼3碼: USA"
time="2023-06-25 20:49:16" level=info msg="國家全名: United States of America (the)"
time="2023-06-25 20:50:14" level=info msg="國別碼2碼: PT"
time="2023-06-25 20:50:14" level=info msg="國別碼3碼: PRT"
time="2023-06-25 20:50:14" level=info msg="國家全名: Portugal"
time="2023-06-25 20:59:47" level=info msg="國別碼2碼: CN"
time="2023-06-25 20:59:47" level=info msg="國別碼3碼: CHN"
time="2023-06-25 20:59:47" level=info msg="國家全名: China"
time="2023-06-25 21:04:37" level=info msg="國別碼2碼: GB"
time="2023-06-25 21:04:37" level=info msg="國別碼3碼: GBR"
time="2023-06-25 21:04:37" level=info msg="國家全名: United Kingdom of Great Britain and Northern Ireland (the)"
time="2023-06-25 21:11:31" level=info msg="國別碼2碼: RU"
time="2023-06-25 21:11:31" level=info msg="國別碼3碼: RUS"
time="2023-06-25 21:11:31" level=info msg="國家全名: Russian Federation (the)"
time="2023-06-25 21:12:11" level=info msg="國別碼2碼: GB"
time="2023-06-25 21:12:11" level=info msg="國別碼3碼: GBR"
time="2023-06-25 21:12:11" level=info msg="國家全名: United Kingdom of Great Britain and Northern Ireland (the)"
time="2023-06-25 21:39:05" level=info msg="國別碼2碼: US"
time="2023-06-25 21:39:05" level=info msg="國別碼3碼: USA"
time="2023-06-25 21:39:05" level=info msg="國家全名: United States of America (the)"
time="2023-06-25 21:46:40" level=info msg="國別碼2碼: RU"
time="2023-06-25 21:46:40" level=info msg="國別碼3碼: RUS"
time="2023-06-25 21:46:40" level=info msg="國家全名: Russian Federation (the)"
time="2023-06-25 21:57:34" level=info msg="國別碼2碼: ID"
time="2023-06-25 21:57:34" level=info msg="國別碼3碼: IDN"
time="2023-06-25 21:57:34" level=info msg="國家全名: Indonesia"
time="2023-06-25 22:11:26" level=info msg="國別碼2碼: CN"
time="2023-06-25 22:11:26" level=info msg="國別碼3碼: CHN"
time="2023-06-25 22:11:26" level=info msg="國家全名: China"
time="2023-06-25 22:19:53" level=info msg="國別碼2碼: CN"
time="2023-06-25 22:19:53" level=info msg="國別碼3碼: CHN"
time="2023-06-25 22:19:53" level=info msg="國家全名: China"
time="2023-06-25 22:19:54" level=info msg="國別碼2碼: CN"
time="2023-06-25 22:19:54" level=info msg="國別碼3碼: CHN"
time="2023-06-25 22:19:54" level=info msg="國家全名: China"
time="2023-06-25 22:19:54" level=info msg="國別碼2碼: CN"
time="2023-06-25 22:19:54" level=info msg="國別碼3碼: CHN"
time="2023-06-25 22:19:54" level=info msg="國家全名: China"
time="2023-06-25 22:19:54" level=info msg="國別碼2碼: CN"
time="2023-06-25 22:19:54" level=info msg="國別碼3碼: CHN"
time="2023-06-25 22:19:54" level=info msg="國家全名: China"
time="2023-06-25 22:25:35" level=info msg="國別碼2碼: RU"
time="2023-06-25 22:25:35" level=info msg="國別碼3碼: RUS"
time="2023-06-25 22:25:35" level=info msg="國家全名: Russian Federation (the)"
time="2023-06-25 22:35:20" level=info msg="國別碼2碼: SG"
time="2023-06-25 22:35:20" level=info msg="國別碼3碼: SGP"
time="2023-06-25 22:35:20" level=info msg="國家全名: Singapore"
time="2023-06-25 22:50:28" level=info msg="國別碼2碼: DE"
time="2023-06-25 22:50:28" level=info msg="國別碼3碼: DEU"
time="2023-06-25 22:50:28" level=info msg="國家全名: Germany"
time="2023-06-25 22:50:29" level=info msg="國別碼2碼: DE"
time="2023-06-25 22:50:29" level=info msg="國別碼3碼: DEU"
time="2023-06-25 22:50:29" level=info msg="國家全名: Germany"
time="2023-06-25 22:50:36" level=info msg="國別碼2碼: DE"
time="2023-06-25 22:50:36" level=info msg="國別碼3碼: DEU"
time="2023-06-25 22:50:36" level=info msg="國家全名: Germany"
time="2023-06-25 22:52:07" level=info msg="國別碼2碼: DE"
time="2023-06-25 22:52:07" level=info msg="國別碼3碼: DEU"
time="2023-06-25 22:52:07" level=info msg="國家全名: Germany"
time="2023-06-25 22:52:07" level=info msg="國別碼2碼: DE"
time="2023-06-25 22:52:07" level=info msg="國別碼3碼: DEU"
time="2023-06-25 22:52:07" level=info msg="國家全名: Germany"
time="2023-06-25 22:52:07" level=info msg="國別碼2碼: DE"
time="2023-06-25 22:52:07" level=info msg="國別碼3碼: DEU"
time="2023-06-25 22:52:07" level=info msg="國家全名: Germany"
time="2023-06-25 22:52:08" level=info msg="國別碼2碼: DE"
time="2023-06-25 22:52:08" level=info msg="國別碼3碼: DEU"
time="2023-06-25 22:52:08" level=info msg="國家全名: Germany"
time="2023-06-25 22:52:08" level=info msg="國別碼2碼: DE"
time="2023-06-25 22:52:08" level=info msg="國別碼3碼: DEU"
time="2023-06-25 22:52:08" level=info msg="國家全名: Germany"
time="2023-06-25 22:52:09" level=info msg="國別碼2碼: DE"
time="2023-06-25 22:52:09" level=info msg="國別碼3碼: DEU"
time="2023-06-25 22:52:09" level=info msg="國家全名: Germany"
time="2023-06-25 22:53:20" level=info msg="國別碼2碼: US"
time="2023-06-25 22:53:20" level=info msg="國別碼3碼: USA"
time="2023-06-25 22:53:20" level=info msg="國家全名: United States of America (the)"
time="2023-06-25 23:04:01" level=info msg="國別碼2碼: US"
time="2023-06-25 23:04:01" level=info msg="國別碼3碼: USA"
time="2023-06-25 23:04:01" level=info msg="國家全名: United States of America (the)"
time="2023-06-25 23:13:40" level=info msg="國別碼2碼: RU"
time="2023-06-25 23:13:40" level=info msg="國別碼3碼: RUS"
time="2023-06-25 23:13:40" level=info msg="國家全名: Russian Federation (the)"
time="2023-06-25 23:48:01" level=info msg="國別碼2碼: GB"
time="2023-06-25 23:48:01" level=info msg="國別碼3碼: GBR"
time="2023-06-25 23:48:01" level=info msg="國家全名: United Kingdom of Great Britain and Northern Ireland (the)"
time="2023-06-25 23:48:59" level=info msg="國別碼2碼: RU"
time="2023-06-25 23:48:59" level=info msg="國別碼3碼: RUS"
time="2023-06-25 23:48:59" level=info msg="國家全名: Russian Federation (the)"
