time="2023-07-22 00:01:05" level=info msg="國別碼2碼: FR"
time="2023-07-22 00:01:05" level=info msg="國別碼3碼: FRA"
time="2023-07-22 00:01:05" level=info msg="國家全名: France"
time="2023-07-22 00:15:03" level=info msg="國別碼2碼: PT"
time="2023-07-22 00:15:03" level=info msg="國別碼3碼: PRT"
time="2023-07-22 00:15:03" level=info msg="國家全名: Portugal"
time="2023-07-22 00:15:29" level=info msg="國別碼2碼: US"
time="2023-07-22 00:15:29" level=info msg="國別碼3碼: USA"
time="2023-07-22 00:15:29" level=info msg="國家全名: United States of America (the)"
time="2023-07-22 00:15:30" level=info msg="國別碼2碼: US"
time="2023-07-22 00:15:30" level=info msg="國別碼3碼: USA"
time="2023-07-22 00:15:30" level=info msg="國家全名: United States of America (the)"
time="2023-07-22 00:18:03" level=info msg="國別碼2碼: US"
time="2023-07-22 00:18:03" level=info msg="國別碼3碼: USA"
time="2023-07-22 00:18:03" level=info msg="國家全名: United States of America (the)"
time="2023-07-22 00:18:04" level=info msg="國別碼2碼: FR"
time="2023-07-22 00:18:04" level=info msg="國別碼3碼: FRA"
time="2023-07-22 00:18:04" level=info msg="國家全名: France"
time="2023-07-22 00:18:05" level=info msg="國別碼2碼: US"
time="2023-07-22 00:18:05" level=info msg="國別碼3碼: USA"
time="2023-07-22 00:18:05" level=info msg="國家全名: United States of America (the)"
time="2023-07-22 00:18:06" level=info msg="國別碼2碼: US"
time="2023-07-22 00:18:06" level=info msg="國別碼3碼: USA"
time="2023-07-22 00:18:06" level=info msg="國家全名: United States of America (the)"
time="2023-07-22 00:18:07" level=info msg="國別碼2碼: US"
time="2023-07-22 00:18:07" level=info msg="國別碼3碼: USA"
time="2023-07-22 00:18:07" level=info msg="國家全名: United States of America (the)"
time="2023-07-22 00:18:08" level=info msg="國別碼2碼: US"
time="2023-07-22 00:18:08" level=info msg="國別碼3碼: USA"
time="2023-07-22 00:18:08" level=info msg="國家全名: United States of America (the)"
time="2023-07-22 00:27:20" level=info msg="國別碼2碼: US"
time="2023-07-22 00:27:20" level=info msg="國別碼3碼: USA"
time="2023-07-22 00:27:20" level=info msg="國家全名: United States of America (the)"
time="2023-07-22 00:30:27" level=info msg="國別碼2碼: US"
time="2023-07-22 00:30:27" level=info msg="國別碼3碼: USA"
time="2023-07-22 00:30:27" level=info msg="國家全名: United States of America (the)"
time="2023-07-22 01:07:42" level=info msg="國別碼2碼: CA"
time="2023-07-22 01:07:42" level=info msg="國別碼3碼: CAN"
time="2023-07-22 01:07:42" level=info msg="國家全名: Canada"
time="2023-07-22 01:07:43" level=info msg="國別碼2碼: CA"
time="2023-07-22 01:07:43" level=info msg="國別碼3碼: CAN"
time="2023-07-22 01:07:43" level=info msg="國家全名: Canada"
time="2023-07-22 01:20:09" level=info msg="國別碼2碼: FR"
time="2023-07-22 01:20:09" level=info msg="國別碼3碼: FRA"
time="2023-07-22 01:20:09" level=info msg="國家全名: France"
time="2023-07-22 01:29:34" level=info msg="國別碼2碼: FR"
time="2023-07-22 01:29:34" level=info msg="國別碼3碼: FRA"
time="2023-07-22 01:29:34" level=info msg="國家全名: France"
time="2023-07-22 01:38:56" level=info msg="國別碼2碼: US"
time="2023-07-22 01:38:56" level=info msg="國別碼3碼: USA"
time="2023-07-22 01:38:56" level=info msg="國家全名: United States of America (the)"
time="2023-07-22 01:58:27" level=info msg="國別碼2碼: US"
time="2023-07-22 01:58:27" level=info msg="國別碼3碼: USA"
time="2023-07-22 01:58:27" level=info msg="國家全名: United States of America (the)"
time="2023-07-22 02:07:02" level=info msg="國別碼2碼: US"
time="2023-07-22 02:07:02" level=info msg="國別碼3碼: USA"
time="2023-07-22 02:07:02" level=info msg="國家全名: United States of America (the)"
time="2023-07-22 02:11:32" level=info msg="國別碼2碼: FR"
time="2023-07-22 02:11:32" level=info msg="國別碼3碼: FRA"
time="2023-07-22 02:11:32" level=info msg="國家全名: France"
time="2023-07-22 02:11:40" level=info msg="國別碼2碼: ID"
time="2023-07-22 02:11:40" level=info msg="國別碼3碼: IDN"
time="2023-07-22 02:11:40" level=info msg="國家全名: Indonesia"
time="2023-07-22 02:32:53" level=info msg="國別碼2碼: HK"
time="2023-07-22 02:32:53" level=info msg="國別碼3碼: HKG"
time="2023-07-22 02:32:53" level=info msg="國家全名: Hong Kong"
time="2023-07-22 02:32:54" level=info msg="國別碼2碼: HK"
time="2023-07-22 02:32:54" level=info msg="國別碼3碼: HKG"
time="2023-07-22 02:32:54" level=info msg="國家全名: Hong Kong"
time="2023-07-22 02:40:10" level=info msg="國別碼2碼: RU"
time="2023-07-22 02:40:10" level=info msg="國別碼3碼: RUS"
time="2023-07-22 02:40:10" level=info msg="國家全名: Russian Federation (the)"
time="2023-07-22 03:03:35" level=info msg="國別碼2碼: US"
time="2023-07-22 03:03:35" level=info msg="國別碼3碼: USA"
time="2023-07-22 03:03:35" level=info msg="國家全名: United States of America (the)"
time="2023-07-22 03:03:43" level=info msg="國別碼2碼: CA"
time="2023-07-22 03:03:43" level=info msg="國別碼3碼: CAN"
time="2023-07-22 03:03:43" level=info msg="國家全名: Canada"
time="2023-07-22 03:03:44" level=info msg="國別碼2碼: CA"
time="2023-07-22 03:03:44" level=info msg="國別碼3碼: CAN"
time="2023-07-22 03:03:44" level=info msg="國家全名: Canada"
time="2023-07-22 03:19:31" level=info msg="國別碼2碼: CA"
time="2023-07-22 03:19:31" level=info msg="國別碼3碼: CAN"
time="2023-07-22 03:19:31" level=info msg="國家全名: Canada"
time="2023-07-22 03:26:27" level=info msg="國別碼2碼: FR"
time="2023-07-22 03:26:27" level=info msg="國別碼3碼: FRA"
time="2023-07-22 03:26:27" level=info msg="國家全名: France"
time="2023-07-22 03:49:29" level=info msg="國別碼2碼: FR"
time="2023-07-22 03:49:29" level=info msg="國別碼3碼: FRA"
time="2023-07-22 03:49:29" level=info msg="國家全名: France"
time="2023-07-22 04:07:09" level=info msg="國別碼2碼: CA"
time="2023-07-22 04:07:09" level=info msg="國別碼3碼: CAN"
time="2023-07-22 04:07:09" level=info msg="國家全名: Canada"
time="2023-07-22 04:07:10" level=info msg="國別碼2碼: CA"
time="2023-07-22 04:07:10" level=info msg="國別碼3碼: CAN"
time="2023-07-22 04:07:10" level=info msg="國家全名: Canada"
time="2023-07-22 04:27:40" level=info msg="國別碼2碼: FR"
time="2023-07-22 04:27:40" level=info msg="國別碼3碼: FRA"
time="2023-07-22 04:27:40" level=info msg="國家全名: France"
time="2023-07-22 04:39:31" level=info msg="國別碼2碼: CA"
time="2023-07-22 04:39:31" level=info msg="國別碼3碼: CAN"
time="2023-07-22 04:39:31" level=info msg="國家全名: Canada"
time="2023-07-22 04:39:32" level=info msg="國別碼2碼: CA"
time="2023-07-22 04:39:32" level=info msg="國別碼3碼: CAN"
time="2023-07-22 04:39:32" level=info msg="國家全名: Canada"
time="2023-07-22 05:10:24" level=info msg="國別碼2碼: FR"
time="2023-07-22 05:10:24" level=info msg="國別碼3碼: FRA"
time="2023-07-22 05:10:24" level=info msg="國家全名: France"
time="2023-07-22 05:11:55" level=info msg="國別碼2碼: US"
time="2023-07-22 05:11:55" level=info msg="國別碼3碼: USA"
time="2023-07-22 05:11:55" level=info msg="國家全名: United States of America (the)"
time="2023-07-22 05:49:46" level=info msg="國別碼2碼: AU"
time="2023-07-22 05:49:46" level=info msg="國別碼3碼: AUS"
time="2023-07-22 05:49:46" level=info msg="國家全名: Australia"
time="2023-07-22 05:49:47" level=info msg="國別碼2碼: CA"
time="2023-07-22 05:49:47" level=info msg="國別碼3碼: CAN"
time="2023-07-22 05:49:47" level=info msg="國家全名: Canada"
time="2023-07-22 05:49:47" level=info msg="國別碼2碼: AU"
time="2023-07-22 05:49:47" level=info msg="國別碼3碼: AUS"
time="2023-07-22 05:49:47" level=info msg="國家全名: Australia"
time="2023-07-22 05:49:48" level=info msg="國別碼2碼: CA"
time="2023-07-22 05:49:48" level=info msg="國別碼3碼: CAN"
time="2023-07-22 05:49:48" level=info msg="國家全名: Canada"
time="2023-07-22 05:49:48" level=info msg="國別碼2碼: AU"
time="2023-07-22 05:49:48" level=info msg="國別碼3碼: AUS"
time="2023-07-22 05:49:48" level=info msg="國家全名: Australia"
time="2023-07-22 05:55:49" level=info msg="國別碼2碼: FR"
time="2023-07-22 05:55:49" level=info msg="國別碼3碼: FRA"
time="2023-07-22 05:55:49" level=info msg="國家全名: France"
time="2023-07-22 06:04:19" level=info msg="國別碼2碼: FR"
time="2023-07-22 06:04:19" level=info msg="國別碼3碼: FRA"
time="2023-07-22 06:04:19" level=info msg="國家全名: France"
time="2023-07-22 06:23:06" level=info msg="國別碼2碼: CA"
time="2023-07-22 06:23:06" level=info msg="國別碼3碼: CAN"
time="2023-07-22 06:23:06" level=info msg="國家全名: Canada"
time="2023-07-22 06:23:08" level=info msg="國別碼2碼: CA"
time="2023-07-22 06:23:08" level=info msg="國別碼3碼: CAN"
time="2023-07-22 06:23:08" level=info msg="國家全名: Canada"
time="2023-07-22 07:03:36" level=info msg="國別碼2碼: GB"
time="2023-07-22 07:03:36" level=info msg="國別碼3碼: GBR"
time="2023-07-22 07:03:36" level=info msg="國家全名: United Kingdom of Great Britain and Northern Ireland (the)"
time="2023-07-22 07:03:55" level=info msg="國別碼2碼: US"
time="2023-07-22 07:03:55" level=info msg="國別碼3碼: USA"
time="2023-07-22 07:03:55" level=info msg="國家全名: United States of America (the)"
time="2023-07-22 07:05:20" level=info msg="國別碼2碼: US"
time="2023-07-22 07:05:20" level=info msg="國別碼3碼: USA"
time="2023-07-22 07:05:20" level=info msg="國家全名: United States of America (the)"
time="2023-07-22 07:06:05" level=info msg="國別碼2碼: US"
time="2023-07-22 07:06:05" level=info msg="國別碼3碼: USA"
time="2023-07-22 07:06:05" level=info msg="國家全名: United States of America (the)"
time="2023-07-22 07:08:01" level=info msg="國別碼2碼: FR"
time="2023-07-22 07:08:01" level=info msg="國別碼3碼: FRA"
time="2023-07-22 07:08:01" level=info msg="國家全名: France"
time="2023-07-22 07:27:26" level=info msg="國別碼2碼: IT"
time="2023-07-22 07:27:26" level=info msg="國別碼3碼: ITA"
time="2023-07-22 07:27:26" level=info msg="國家全名: Italy"
time="2023-07-22 07:49:03" level=info msg="國別碼2碼: CA"
time="2023-07-22 07:49:03" level=info msg="國別碼3碼: CAN"
time="2023-07-22 07:49:03" level=info msg="國家全名: Canada"
time="2023-07-22 07:49:04" level=info msg="國別碼2碼: CA"
time="2023-07-22 07:49:04" level=info msg="國別碼3碼: CAN"
time="2023-07-22 07:49:04" level=info msg="國家全名: Canada"
time="2023-07-22 08:05:22" level=info msg="國別碼2碼: FR"
time="2023-07-22 08:05:22" level=info msg="國別碼3碼: FRA"
time="2023-07-22 08:05:22" level=info msg="國家全名: France"
time="2023-07-22 08:18:38" level=info msg="國別碼2碼: CA"
time="2023-07-22 08:18:38" level=info msg="國別碼3碼: CAN"
time="2023-07-22 08:18:38" level=info msg="國家全名: Canada"
time="2023-07-22 08:18:39" level=info msg="國別碼2碼: CA"
time="2023-07-22 08:18:39" level=info msg="國別碼3碼: CAN"
time="2023-07-22 08:18:39" level=info msg="國家全名: Canada"
time="2023-07-22 08:49:47" level=info msg="國別碼2碼: CA"
time="2023-07-22 08:49:47" level=info msg="國別碼3碼: CAN"
time="2023-07-22 08:49:47" level=info msg="國家全名: Canada"
time="2023-07-22 08:49:48" level=info msg="國別碼2碼: CA"
time="2023-07-22 08:49:48" level=info msg="國別碼3碼: CAN"
time="2023-07-22 08:49:48" level=info msg="國家全名: Canada"
time="2023-07-22 08:52:08" level=info msg="國別碼2碼: CN"
time="2023-07-22 08:52:08" level=info msg="國別碼3碼: CHN"
time="2023-07-22 08:52:08" level=info msg="國家全名: China"
time="2023-07-22 09:12:33" level=info msg="國別碼2碼: US"
time="2023-07-22 09:12:33" level=info msg="國別碼3碼: USA"
time="2023-07-22 09:12:33" level=info msg="國家全名: United States of America (the)"
time="2023-07-22 09:19:42" level=info msg="國別碼2碼: BE"
time="2023-07-22 09:19:42" level=info msg="國別碼3碼: BEL"
time="2023-07-22 09:19:42" level=info msg="國家全名: Belgium"
time="2023-07-22 09:29:22" level=info msg="國別碼2碼: NL"
time="2023-07-22 09:29:22" level=info msg="國別碼3碼: NLD"
time="2023-07-22 09:29:22" level=info msg="國家全名: Netherlands (the)"
time="2023-07-22 09:57:22" level=info msg="國別碼2碼: US"
time="2023-07-22 09:57:22" level=info msg="國別碼3碼: USA"
time="2023-07-22 09:57:22" level=info msg="國家全名: United States of America (the)"
time="2023-07-22 10:21:43" level=info msg="國別碼2碼: US"
time="2023-07-22 10:21:43" level=info msg="國別碼3碼: USA"
time="2023-07-22 10:21:43" level=info msg="國家全名: United States of America (the)"
time="2023-07-22 10:21:45" level=info msg="國別碼2碼: US"
time="2023-07-22 10:21:45" level=info msg="國別碼3碼: USA"
time="2023-07-22 10:21:45" level=info msg="國家全名: United States of America (the)"
time="2023-07-22 10:25:35" level=info msg="國別碼2碼: CA"
time="2023-07-22 10:25:35" level=info msg="國別碼3碼: CAN"
time="2023-07-22 10:25:35" level=info msg="國家全名: Canada"
time="2023-07-22 10:25:35" level=info msg="國別碼2碼: CA"
time="2023-07-22 10:25:35" level=info msg="國別碼3碼: CAN"
time="2023-07-22 10:25:35" level=info msg="國家全名: Canada"
time="2023-07-22 10:25:44" level=info msg="國別碼2碼: US"
time="2023-07-22 10:25:44" level=info msg="國別碼3碼: USA"
time="2023-07-22 10:25:44" level=info msg="國家全名: United States of America (the)"
time="2023-07-22 11:36:54" level=info msg="國別碼2碼: GB"
time="2023-07-22 11:36:54" level=info msg="國別碼3碼: GBR"
time="2023-07-22 11:36:54" level=info msg="國家全名: United Kingdom of Great Britain and Northern Ireland (the)"
time="2023-07-22 11:36:56" level=info msg="國別碼2碼: GB"
time="2023-07-22 11:36:56" level=info msg="國別碼3碼: GBR"
time="2023-07-22 11:36:56" level=info msg="國家全名: United Kingdom of Great Britain and Northern Ireland (the)"
time="2023-07-22 11:36:58" level=info msg="國別碼2碼: GB"
time="2023-07-22 11:36:58" level=info msg="國別碼3碼: GBR"
time="2023-07-22 11:36:58" level=info msg="國家全名: United Kingdom of Great Britain and Northern Ireland (the)"
time="2023-07-22 11:36:59" level=info msg="國別碼2碼: GB"
time="2023-07-22 11:36:59" level=info msg="國別碼3碼: GBR"
time="2023-07-22 11:36:59" level=info msg="國家全名: United Kingdom of Great Britain and Northern Ireland (the)"
time="2023-07-22 11:47:01" level=info msg="國別碼2碼: NL"
time="2023-07-22 11:47:01" level=info msg="國別碼3碼: NLD"
time="2023-07-22 11:47:01" level=info msg="國家全名: Netherlands (the)"
time="2023-07-22 13:09:01" level=info msg="國別碼2碼: CN"
time="2023-07-22 13:09:01" level=info msg="國別碼3碼: CHN"
time="2023-07-22 13:09:01" level=info msg="國家全名: China"
time="2023-07-22 13:21:51" level=info msg="國別碼2碼: PT"
time="2023-07-22 13:21:51" level=info msg="國別碼3碼: PRT"
time="2023-07-22 13:21:51" level=info msg="國家全名: Portugal"
time="2023-07-22 13:45:37" level=info msg="國別碼2碼: GB"
time="2023-07-22 13:45:37" level=info msg="國別碼3碼: GBR"
time="2023-07-22 13:45:37" level=info msg="國家全名: United Kingdom of Great Britain and Northern Ireland (the)"
time="2023-07-22 14:00:42" level=info msg="國別碼2碼: US"
time="2023-07-22 14:00:42" level=info msg="國別碼3碼: USA"
time="2023-07-22 14:00:42" level=info msg="國家全名: United States of America (the)"
time="2023-07-22 14:00:43" level=info msg="國別碼2碼: US"
time="2023-07-22 14:00:43" level=info msg="國別碼3碼: USA"
time="2023-07-22 14:00:43" level=info msg="國家全名: United States of America (the)"
time="2023-07-22 14:11:27" level=info msg="國別碼2碼: US"
time="2023-07-22 14:11:27" level=info msg="國別碼3碼: USA"
time="2023-07-22 14:11:27" level=info msg="國家全名: United States of America (the)"
time="2023-07-22 14:11:28" level=info msg="國別碼2碼: US"
time="2023-07-22 14:11:28" level=info msg="國別碼3碼: USA"
time="2023-07-22 14:11:28" level=info msg="國家全名: United States of America (the)"
time="2023-07-22 14:54:41" level=info msg="國別碼2碼: SE"
time="2023-07-22 14:54:41" level=info msg="國別碼3碼: SWE"
time="2023-07-22 14:54:41" level=info msg="國家全名: Sweden"
time="2023-07-22 15:08:25" level=info msg="國別碼2碼: NL"
time="2023-07-22 15:08:25" level=info msg="國別碼3碼: NLD"
time="2023-07-22 15:08:25" level=info msg="國家全名: Netherlands (the)"
time="2023-07-22 15:42:54" level=info msg="國別碼2碼: PT"
time="2023-07-22 15:42:54" level=info msg="國別碼3碼: PRT"
time="2023-07-22 15:42:54" level=info msg="國家全名: Portugal"
time="2023-07-22 16:34:10" level=info msg="國別碼2碼: IN"
time="2023-07-22 16:34:10" level=info msg="國別碼3碼: IND"
time="2023-07-22 16:34:10" level=info msg="國家全名: India"
time="2023-07-22 16:48:01" level=info msg="國別碼2碼: US"
time="2023-07-22 16:48:01" level=info msg="國別碼3碼: USA"
time="2023-07-22 16:48:01" level=info msg="國家全名: United States of America (the)"
time="2023-07-22 16:48:02" level=info msg="國別碼2碼: US"
time="2023-07-22 16:48:02" level=info msg="國別碼3碼: USA"
time="2023-07-22 16:48:02" level=info msg="國家全名: United States of America (the)"
time="2023-07-22 17:18:18" level=info msg="國別碼2碼: FR"
time="2023-07-22 17:18:18" level=info msg="國別碼3碼: FRA"
time="2023-07-22 17:18:18" level=info msg="國家全名: France"
time="2023-07-22 17:18:20" level=info msg="國別碼2碼: FR"
time="2023-07-22 17:18:20" level=info msg="國別碼3碼: FRA"
time="2023-07-22 17:18:20" level=info msg="國家全名: France"
time="2023-07-22 17:18:21" level=info msg="國別碼2碼: FR"
time="2023-07-22 17:18:21" level=info msg="國別碼3碼: FRA"
time="2023-07-22 17:18:21" level=info msg="國家全名: France"
time="2023-07-22 17:18:22" level=info msg="國別碼2碼: FR"
time="2023-07-22 17:18:22" level=info msg="國別碼3碼: FRA"
time="2023-07-22 17:18:22" level=info msg="國家全名: France"
time="2023-07-22 17:18:24" level=info msg="國別碼2碼: FR"
time="2023-07-22 17:18:24" level=info msg="國別碼3碼: FRA"
time="2023-07-22 17:18:24" level=info msg="國家全名: France"
time="2023-07-22 18:31:27" level=info msg="國別碼2碼: NL"
time="2023-07-22 18:31:27" level=info msg="國別碼3碼: NLD"
time="2023-07-22 18:31:27" level=info msg="國家全名: Netherlands (the)"
time="2023-07-22 18:40:17" level=info msg="國別碼2碼: CN"
time="2023-07-22 18:40:17" level=info msg="國別碼3碼: CHN"
time="2023-07-22 18:40:17" level=info msg="國家全名: China"
time="2023-07-22 19:24:21" level=info msg="國別碼2碼: NL"
time="2023-07-22 19:24:21" level=info msg="國別碼3碼: NLD"
time="2023-07-22 19:24:21" level=info msg="國家全名: Netherlands (the)"
time="2023-07-22 20:08:19" level=info msg="國別碼2碼: GB"
time="2023-07-22 20:08:19" level=info msg="國別碼3碼: GBR"
time="2023-07-22 20:08:19" level=info msg="國家全名: United Kingdom of Great Britain and Northern Ireland (the)"
time="2023-07-22 20:37:40" level=info msg="國別碼2碼: US"
time="2023-07-22 20:37:40" level=info msg="國別碼3碼: USA"
time="2023-07-22 20:37:40" level=info msg="國家全名: United States of America (the)"
time="2023-07-22 20:42:02" level=info msg="國別碼2碼: NL"
time="2023-07-22 20:42:02" level=info msg="國別碼3碼: NLD"
time="2023-07-22 20:42:02" level=info msg="國家全名: Netherlands (the)"
time="2023-07-22 21:10:37" level=info msg="國別碼2碼: LT"
time="2023-07-22 21:10:37" level=info msg="國別碼3碼: LTU"
time="2023-07-22 21:10:37" level=info msg="國家全名: Lithuania"
time="2023-07-22 21:30:59" level=info msg="國別碼2碼: US"
time="2023-07-22 21:30:59" level=info msg="國別碼3碼: USA"
time="2023-07-22 21:30:59" level=info msg="國家全名: United States of America (the)"
time="2023-07-22 21:31:00" level=info msg="國別碼2碼: US"
time="2023-07-22 21:31:00" level=info msg="國別碼3碼: USA"
time="2023-07-22 21:31:00" level=info msg="國家全名: United States of America (the)"
time="2023-07-22 21:31:01" level=info msg="國別碼2碼: US"
time="2023-07-22 21:31:01" level=info msg="國別碼3碼: USA"
time="2023-07-22 21:31:01" level=info msg="國家全名: United States of America (the)"
time="2023-07-22 21:31:02" level=info msg="國別碼2碼: US"
time="2023-07-22 21:31:02" level=info msg="國別碼3碼: USA"
time="2023-07-22 21:31:02" level=info msg="國家全名: United States of America (the)"
time="2023-07-22 21:31:03" level=info msg="國別碼2碼: US"
time="2023-07-22 21:31:03" level=info msg="國別碼3碼: USA"
time="2023-07-22 21:31:03" level=info msg="國家全名: United States of America (the)"
time="2023-07-22 21:37:25" level=info msg="國別碼2碼: IN"
time="2023-07-22 21:37:25" level=info msg="國別碼3碼: IND"
time="2023-07-22 21:37:25" level=info msg="國家全名: India"
time="2023-07-22 21:51:52" level=info msg="國別碼2碼: US"
time="2023-07-22 21:51:52" level=info msg="國別碼3碼: USA"
time="2023-07-22 21:51:52" level=info msg="國家全名: United States of America (the)"
time="2023-07-22 22:42:33" level=info msg="國別碼2碼: IN"
time="2023-07-22 22:42:33" level=info msg="國別碼3碼: IND"
time="2023-07-22 22:42:33" level=info msg="國家全名: India"
time="2023-07-22 22:46:24" level=info msg="國別碼2碼: US"
time="2023-07-22 22:46:24" level=info msg="國別碼3碼: USA"
time="2023-07-22 22:46:24" level=info msg="國家全名: United States of America (the)"
time="2023-07-22 22:58:13" level=info msg="國別碼2碼: US"
time="2023-07-22 22:58:13" level=info msg="國別碼3碼: USA"
time="2023-07-22 22:58:13" level=info msg="國家全名: United States of America (the)"
time="2023-07-22 22:58:21" level=info msg="國別碼2碼: US"
time="2023-07-22 22:58:21" level=info msg="國別碼3碼: USA"
time="2023-07-22 22:58:21" level=info msg="國家全名: United States of America (the)"
time="2023-07-22 23:11:30" level=info msg="國別碼2碼: GB"
time="2023-07-22 23:11:30" level=info msg="國別碼3碼: GBR"
time="2023-07-22 23:11:30" level=info msg="國家全名: United Kingdom of Great Britain and Northern Ireland (the)"
time="2023-07-22 23:11:31" level=info msg="國別碼2碼: GB"
time="2023-07-22 23:11:31" level=info msg="國別碼3碼: GBR"
time="2023-07-22 23:11:31" level=info msg="國家全名: United Kingdom of Great Britain and Northern Ireland (the)"
time="2023-07-22 23:11:32" level=info msg="國別碼2碼: GB"
time="2023-07-22 23:11:32" level=info msg="國別碼3碼: GBR"
time="2023-07-22 23:11:32" level=info msg="國家全名: United Kingdom of Great Britain and Northern Ireland (the)"
time="2023-07-22 23:11:34" level=info msg="國別碼2碼: GB"
time="2023-07-22 23:11:34" level=info msg="國別碼3碼: GBR"
time="2023-07-22 23:11:34" level=info msg="國家全名: United Kingdom of Great Britain and Northern Ireland (the)"
time="2023-07-22 23:11:35" level=info msg="國別碼2碼: GB"
time="2023-07-22 23:11:35" level=info msg="國別碼3碼: GBR"
time="2023-07-22 23:11:35" level=info msg="國家全名: United Kingdom of Great Britain and Northern Ireland (the)"
time="2023-07-22 23:11:36" level=info msg="國別碼2碼: GB"
time="2023-07-22 23:11:36" level=info msg="國別碼3碼: GBR"
time="2023-07-22 23:11:36" level=info msg="國家全名: United Kingdom of Great Britain and Northern Ireland (the)"
time="2023-07-22 23:37:40" level=info msg="國別碼2碼: CA"
time="2023-07-22 23:37:40" level=info msg="國別碼3碼: CAN"
time="2023-07-22 23:37:40" level=info msg="國家全名: Canada"
