time="2023-07-12 00:05:11" level=info msg="國別碼2碼: PT"
time="2023-07-12 00:05:11" level=info msg="國別碼3碼: PRT"
time="2023-07-12 00:05:11" level=info msg="國家全名: Portugal"
time="2023-07-12 00:05:12" level=info msg="國別碼2碼: PT"
time="2023-07-12 00:05:12" level=info msg="國別碼3碼: PRT"
time="2023-07-12 00:05:12" level=info msg="國家全名: Portugal"
time="2023-07-12 00:29:27" level=info msg="國別碼2碼: FR"
time="2023-07-12 00:29:27" level=info msg="國別碼3碼: FRA"
time="2023-07-12 00:29:27" level=info msg="國家全名: France"
time="2023-07-12 00:39:55" level=info msg="國別碼2碼: SG"
time="2023-07-12 00:39:55" level=info msg="國別碼3碼: SGP"
time="2023-07-12 00:39:55" level=info msg="國家全名: Singapore"
time="2023-07-12 00:39:56" level=info msg="國別碼2碼: SG"
time="2023-07-12 00:39:56" level=info msg="國別碼3碼: SGP"
time="2023-07-12 00:39:56" level=info msg="國家全名: Singapore"
time="2023-07-12 00:45:23" level=info msg="國別碼2碼: CH"
time="2023-07-12 00:45:23" level=info msg="國別碼3碼: CHE"
time="2023-07-12 00:45:23" level=info msg="國家全名: Switzerland"
time="2023-07-12 00:56:43" level=info msg="國別碼2碼: FR"
time="2023-07-12 00:56:43" level=info msg="國別碼3碼: FRA"
time="2023-07-12 00:56:43" level=info msg="國家全名: France"
time="2023-07-12 01:19:13" level=info msg="國別碼2碼: FR"
time="2023-07-12 01:19:13" level=info msg="國別碼3碼: FRA"
time="2023-07-12 01:19:13" level=info msg="國家全名: France"
time="2023-07-12 01:19:14" level=info msg="國別碼2碼: FR"
time="2023-07-12 01:19:14" level=info msg="國別碼3碼: FRA"
time="2023-07-12 01:19:14" level=info msg="國家全名: France"
time="2023-07-12 01:42:26" level=info msg="國別碼2碼: TW"
time="2023-07-12 01:42:26" level=info msg="國別碼3碼: TWN"
time="2023-07-12 01:42:26" level=info msg="國家全名: Taiwan (Province of China)"
time="2023-07-12 01:42:27" level=info msg="國別碼2碼: TW"
time="2023-07-12 01:42:27" level=info msg="國別碼3碼: TWN"
time="2023-07-12 01:42:27" level=info msg="國家全名: Taiwan (Province of China)"
time="2023-07-12 01:42:36" level=info msg="國別碼2碼: TW"
time="2023-07-12 01:42:36" level=info msg="國別碼3碼: TWN"
time="2023-07-12 01:42:36" level=info msg="國家全名: Taiwan (Province of China)"
time="2023-07-12 01:42:36" level=info msg="國別碼2碼: TW"
time="2023-07-12 01:42:36" level=info msg="國別碼3碼: TWN"
time="2023-07-12 01:42:36" level=info msg="國家全名: Taiwan (Province of China)"
time="2023-07-12 01:42:36" level=info msg="國別碼2碼: TW"
time="2023-07-12 01:42:36" level=info msg="國別碼3碼: TWN"
time="2023-07-12 01:42:36" level=info msg="國家全名: Taiwan (Province of China)"
time="2023-07-12 01:42:36" level=info msg="國別碼2碼: TW"
time="2023-07-12 01:42:36" level=info msg="國別碼3碼: TWN"
time="2023-07-12 01:42:36" level=info msg="國家全名: Taiwan (Province of China)"
time="2023-07-12 01:42:37" level=info msg="國別碼2碼: TW"
time="2023-07-12 01:42:37" level=info msg="國別碼3碼: TWN"
time="2023-07-12 01:42:37" level=info msg="國家全名: Taiwan (Province of China)"
time="2023-07-12 01:43:02" level=info msg="國別碼2碼: TW"
time="2023-07-12 01:43:02" level=info msg="國別碼3碼: TWN"
time="2023-07-12 01:43:02" level=info msg="國家全名: Taiwan (Province of China)"
time="2023-07-12 01:43:03" level=info msg="國別碼2碼: TW"
time="2023-07-12 01:43:03" level=info msg="國別碼3碼: TWN"
time="2023-07-12 01:43:03" level=info msg="國家全名: Taiwan (Province of China)"
time="2023-07-12 01:43:03" level=info msg="國別碼2碼: TW"
time="2023-07-12 01:43:03" level=info msg="國別碼3碼: TWN"
time="2023-07-12 01:43:03" level=info msg="國家全名: Taiwan (Province of China)"
time="2023-07-12 01:43:03" level=info msg="國別碼2碼: TW"
time="2023-07-12 01:43:03" level=info msg="國別碼3碼: TWN"
time="2023-07-12 01:43:03" level=info msg="國家全名: Taiwan (Province of China)"
time="2023-07-12 01:43:03" level=info msg="國別碼2碼: TW"
time="2023-07-12 01:43:03" level=info msg="國別碼3碼: TWN"
time="2023-07-12 01:43:03" level=info msg="國家全名: Taiwan (Province of China)"
time="2023-07-12 01:43:03" level=info msg="國別碼2碼: TW"
time="2023-07-12 01:43:03" level=info msg="國別碼3碼: TWN"
time="2023-07-12 01:43:03" level=info msg="國家全名: Taiwan (Province of China)"
time="2023-07-12 01:43:04" level=info msg="國別碼2碼: TW"
time="2023-07-12 01:43:04" level=info msg="國別碼3碼: TWN"
time="2023-07-12 01:43:04" level=info msg="國家全名: Taiwan (Province of China)"
time="2023-07-12 01:43:04" level=info msg="國別碼2碼: TW"
time="2023-07-12 01:43:04" level=info msg="國別碼3碼: TWN"
time="2023-07-12 01:43:04" level=info msg="國家全名: Taiwan (Province of China)"
time="2023-07-12 01:43:04" level=info msg="國別碼2碼: TW"
time="2023-07-12 01:43:04" level=info msg="國別碼3碼: TWN"
time="2023-07-12 01:43:04" level=info msg="國家全名: Taiwan (Province of China)"
time="2023-07-12 01:43:04" level=info msg="國別碼2碼: TW"
time="2023-07-12 01:43:04" level=info msg="國別碼3碼: TWN"
time="2023-07-12 01:43:04" level=info msg="國家全名: Taiwan (Province of China)"
time="2023-07-12 01:47:59" level=info msg="國別碼2碼: FR"
time="2023-07-12 01:47:59" level=info msg="國別碼3碼: FRA"
time="2023-07-12 01:47:59" level=info msg="國家全名: France"
time="2023-07-12 02:07:01" level=info msg="國別碼2碼: FR"
time="2023-07-12 02:07:01" level=info msg="國別碼3碼: FRA"
time="2023-07-12 02:07:01" level=info msg="國家全名: France"
time="2023-07-12 02:17:33" level=info msg="國別碼2碼: US"
time="2023-07-12 02:17:33" level=info msg="國別碼3碼: USA"
time="2023-07-12 02:17:33" level=info msg="國家全名: United States of America (the)"
time="2023-07-12 02:19:54" level=info msg="國別碼2碼: FR"
time="2023-07-12 02:19:54" level=info msg="國別碼3碼: FRA"
time="2023-07-12 02:19:54" level=info msg="國家全名: France"
time="2023-07-12 02:19:55" level=info msg="國別碼2碼: FR"
time="2023-07-12 02:19:55" level=info msg="國別碼3碼: FRA"
time="2023-07-12 02:19:55" level=info msg="國家全名: France"
time="2023-07-12 02:21:27" level=info msg="國別碼2碼: BG"
time="2023-07-12 02:21:27" level=info msg="國別碼3碼: BGR"
time="2023-07-12 02:21:27" level=info msg="國家全名: Bulgaria"
time="2023-07-12 02:35:33" level=info msg="國別碼2碼: FR"
time="2023-07-12 02:35:33" level=info msg="國別碼3碼: FRA"
time="2023-07-12 02:35:33" level=info msg="國家全名: France"
time="2023-07-12 02:43:52" level=info msg="國別碼2碼: US"
time="2023-07-12 02:43:52" level=info msg="國別碼3碼: USA"
time="2023-07-12 02:43:52" level=info msg="國家全名: United States of America (the)"
time="2023-07-12 02:44:56" level=info msg="國別碼2碼: GB"
time="2023-07-12 02:44:56" level=info msg="國別碼3碼: GBR"
time="2023-07-12 02:44:56" level=info msg="國家全名: United Kingdom of Great Britain and Northern Ireland (the)"
time="2023-07-12 03:05:01" level=info msg="國別碼2碼: FR"
time="2023-07-12 03:05:01" level=info msg="國別碼3碼: FRA"
time="2023-07-12 03:05:01" level=info msg="國家全名: France"
time="2023-07-12 03:27:34" level=info msg="國別碼2碼: FR"
time="2023-07-12 03:27:34" level=info msg="國別碼3碼: FRA"
time="2023-07-12 03:27:34" level=info msg="國家全名: France"
time="2023-07-12 03:27:36" level=info msg="國別碼2碼: FR"
time="2023-07-12 03:27:36" level=info msg="國別碼3碼: FRA"
time="2023-07-12 03:27:36" level=info msg="國家全名: France"
time="2023-07-12 03:48:02" level=info msg="國別碼2碼: US"
time="2023-07-12 03:48:02" level=info msg="國別碼3碼: USA"
time="2023-07-12 03:48:02" level=info msg="國家全名: United States of America (the)"
time="2023-07-12 03:48:04" level=info msg="國別碼2碼: US"
time="2023-07-12 03:48:04" level=info msg="國別碼3碼: USA"
time="2023-07-12 03:48:04" level=info msg="國家全名: United States of America (the)"
time="2023-07-12 03:48:05" level=info msg="國別碼2碼: US"
time="2023-07-12 03:48:05" level=info msg="國別碼3碼: USA"
time="2023-07-12 03:48:05" level=info msg="國家全名: United States of America (the)"
time="2023-07-12 03:48:06" level=info msg="國別碼2碼: US"
time="2023-07-12 03:48:06" level=info msg="國別碼3碼: USA"
time="2023-07-12 03:48:06" level=info msg="國家全名: United States of America (the)"
time="2023-07-12 03:48:10" level=info msg="國別碼2碼: US"
time="2023-07-12 03:48:10" level=info msg="國別碼3碼: USA"
time="2023-07-12 03:48:10" level=info msg="國家全名: United States of America (the)"
time="2023-07-12 03:48:49" level=info msg="國別碼2碼: PT"
time="2023-07-12 03:48:49" level=info msg="國別碼3碼: PRT"
time="2023-07-12 03:48:49" level=info msg="國家全名: Portugal"
time="2023-07-12 04:15:06" level=info msg="國別碼2碼: MT"
time="2023-07-12 04:15:06" level=info msg="國別碼3碼: MLT"
time="2023-07-12 04:15:06" level=info msg="國家全名: Malta"
time="2023-07-12 04:15:28" level=info msg="國別碼2碼: RU"
time="2023-07-12 04:15:28" level=info msg="國別碼3碼: RUS"
time="2023-07-12 04:15:28" level=info msg="國家全名: Russian Federation (the)"
time="2023-07-12 04:15:55" level=info msg="國別碼2碼: US"
time="2023-07-12 04:15:55" level=info msg="國別碼3碼: USA"
time="2023-07-12 04:15:55" level=info msg="國家全名: United States of America (the)"
time="2023-07-12 04:19:03" level=info msg="國別碼2碼: US"
time="2023-07-12 04:19:03" level=info msg="國別碼3碼: USA"
time="2023-07-12 04:19:03" level=info msg="國家全名: United States of America (the)"
time="2023-07-12 04:32:08" level=info msg="國別碼2碼: CN"
time="2023-07-12 04:32:08" level=info msg="國別碼3碼: CHN"
time="2023-07-12 04:32:08" level=info msg="國家全名: China"
time="2023-07-12 04:34:58" level=info msg="國別碼2碼: CA"
time="2023-07-12 04:34:58" level=info msg="國別碼3碼: CAN"
time="2023-07-12 04:34:58" level=info msg="國家全名: Canada"
time="2023-07-12 04:34:59" level=info msg="國別碼2碼: CA"
time="2023-07-12 04:34:59" level=info msg="國別碼3碼: CAN"
time="2023-07-12 04:34:59" level=info msg="國家全名: Canada"
time="2023-07-12 04:35:00" level=info msg="國別碼2碼: US"
time="2023-07-12 04:35:00" level=info msg="國別碼3碼: USA"
time="2023-07-12 04:35:00" level=info msg="國家全名: United States of America (the)"
time="2023-07-12 04:35:00" level=info msg="國別碼2碼: US"
time="2023-07-12 04:35:00" level=info msg="國別碼3碼: USA"
time="2023-07-12 04:35:00" level=info msg="國家全名: United States of America (the)"
time="2023-07-12 04:35:00" level=info msg="國別碼2碼: US"
time="2023-07-12 04:35:00" level=info msg="國別碼3碼: USA"
time="2023-07-12 04:35:00" level=info msg="國家全名: United States of America (the)"
time="2023-07-12 04:35:00" level=info msg="國別碼2碼: US"
time="2023-07-12 04:35:00" level=info msg="國別碼3碼: USA"
time="2023-07-12 04:35:00" level=info msg="國家全名: United States of America (the)"
time="2023-07-12 04:35:00" level=info msg="國別碼2碼: US"
time="2023-07-12 04:35:00" level=info msg="國別碼3碼: USA"
time="2023-07-12 04:35:00" level=info msg="國家全名: United States of America (the)"
time="2023-07-12 04:35:00" level=info msg="國別碼2碼: US"
time="2023-07-12 04:35:00" level=info msg="國別碼3碼: USA"
time="2023-07-12 04:35:00" level=info msg="國家全名: United States of America (the)"
time="2023-07-12 04:38:11" level=info msg="國別碼2碼: FR"
time="2023-07-12 04:38:11" level=info msg="國別碼3碼: FRA"
time="2023-07-12 04:38:11" level=info msg="國家全名: France"
time="2023-07-12 04:38:12" level=info msg="國別碼2碼: FR"
time="2023-07-12 04:38:12" level=info msg="國別碼3碼: FRA"
time="2023-07-12 04:38:12" level=info msg="國家全名: France"
time="2023-07-12 04:42:55" level=info msg="國別碼2碼: US"
time="2023-07-12 04:42:55" level=info msg="國別碼3碼: USA"
time="2023-07-12 04:42:55" level=info msg="國家全名: United States of America (the)"
time="2023-07-12 05:08:54" level=info msg="國別碼2碼: BR"
time="2023-07-12 05:08:54" level=info msg="國別碼3碼: BRA"
time="2023-07-12 05:08:54" level=info msg="國家全名: Brazil"
time="2023-07-12 05:10:33" level=info msg="國別碼2碼: BE"
time="2023-07-12 05:10:33" level=info msg="國別碼3碼: BEL"
time="2023-07-12 05:10:33" level=info msg="國家全名: Belgium"
time="2023-07-12 05:14:24" level=info msg="國別碼2碼: FR"
time="2023-07-12 05:14:24" level=info msg="國別碼3碼: FRA"
time="2023-07-12 05:14:24" level=info msg="國家全名: France"
time="2023-07-12 05:14:25" level=info msg="國別碼2碼: FR"
time="2023-07-12 05:14:25" level=info msg="國別碼3碼: FRA"
time="2023-07-12 05:14:25" level=info msg="國家全名: France"
time="2023-07-12 05:24:13" level=info msg="國別碼2碼: XZ"
time="2023-07-12 05:24:13" level=info msg="國別碼3碼: XZZ"
time="2023-07-12 05:24:13" level=info msg="國家全名: IANA Special-Purpose Address"
time="2023-07-12 05:24:14" level=info msg="取得商品資料[{20 gg tttesttt 112 222   testttt true} {16 c  1200 999    false} {15 b  1200 10    true} {14 a  1200 123    false} {7 TRX 123 500 1 堂  課程 true} {6 ck男生內褲 CK內褲 1980 3 1  性感 true} {3 哈達瑜珈 本課程適合首次來上課的人，一開始會先帶學員了解場館以及場館內的各式課程，並了解學員的目標以及目前身體的狀況、組成 (inbody)。在這些流程結束後開始讓學員體驗課程。(上體驗課程前，會先與您聯繫預期想體驗的課程。) 200 2 堂 https://images.unsplash.com/photo-1571019614242-c5c5dee9f50b?ixlib=rb-4.0.3&ixid=M3wxMjA3fDB8MHxwaG90by1wYWdlfHx8fGVufDB8fHx8fA%3D%3D&auto=format&fit=crop&w=2070&q=80 拉基 true} {1 CK內衣組 CK內衣 我的超人 1980 3 1  性感 true}]"
time="2023-07-12 05:24:14" level=info msg="國別碼2碼: XZ"
time="2023-07-12 05:24:14" level=info msg="國別碼3碼: XZZ"
time="2023-07-12 05:24:14" level=info msg="國家全名: IANA Special-Purpose Address"
time="2023-07-12 05:24:14" level=info msg="取得商品資料[{20 gg tttesttt 112 222   testttt true} {16 c  1200 999    false} {15 b  1200 10    true} {14 a  1200 123    false} {7 TRX 123 500 1 堂  課程 true} {6 ck男生內褲 CK內褲 1980 3 1  性感 true} {3 哈達瑜珈 本課程適合首次來上課的人，一開始會先帶學員了解場館以及場館內的各式課程，並了解學員的目標以及目前身體的狀況、組成 (inbody)。在這些流程結束後開始讓學員體驗課程。(上體驗課程前，會先與您聯繫預期想體驗的課程。) 200 2 堂 https://images.unsplash.com/photo-1571019614242-c5c5dee9f50b?ixlib=rb-4.0.3&ixid=M3wxMjA3fDB8MHxwaG90by1wYWdlfHx8fGVufDB8fHx8fA%3D%3D&auto=format&fit=crop&w=2070&q=80 拉基 true} {1 CK內衣組 CK內衣 我的超人 1980 3 1  性感 true}]"
time="2023-07-12 05:24:25" level=info msg="國別碼2碼: XZ"
time="2023-07-12 05:24:25" level=info msg="國別碼3碼: XZZ"
time="2023-07-12 05:24:25" level=info msg="國家全名: IANA Special-Purpose Address"
time="2023-07-12 05:24:26" level=info msg="國別碼2碼: XZ"
time="2023-07-12 05:24:26" level=info msg="國別碼3碼: XZZ"
time="2023-07-12 05:24:26" level=info msg="國家全名: IANA Special-Purpose Address"
time="2023-07-12 05:24:26" level=info msg="刪掉商品資料:16"
time="2023-07-12 05:24:26" level=info msg="國別碼2碼: XZ"
time="2023-07-12 05:24:26" level=info msg="國別碼3碼: XZZ"
time="2023-07-12 05:24:26" level=info msg="國家全名: IANA Special-Purpose Address"
time="2023-07-12 05:24:26" level=info msg="取得商品資料[{20 gg tttesttt 112 222   testttt true} {15 b  1200 10    true} {14 a  1200 123    false} {7 TRX 123 500 1 堂  課程 true} {6 ck男生內褲 CK內褲 1980 3 1  性感 true} {3 哈達瑜珈 本課程適合首次來上課的人，一開始會先帶學員了解場館以及場館內的各式課程，並了解學員的目標以及目前身體的狀況、組成 (inbody)。在這些流程結束後開始讓學員體驗課程。(上體驗課程前，會先與您聯繫預期想體驗的課程。) 200 2 堂 https://images.unsplash.com/photo-1571019614242-c5c5dee9f50b?ixlib=rb-4.0.3&ixid=M3wxMjA3fDB8MHxwaG90by1wYWdlfHx8fGVufDB8fHx8fA%3D%3D&auto=format&fit=crop&w=2070&q=80 拉基 true} {1 CK內衣組 CK內衣 我的超人 1980 3 1  性感 true}]"
time="2023-07-12 05:50:54" level=info msg="國別碼2碼: FR"
time="2023-07-12 05:50:54" level=info msg="國別碼3碼: FRA"
time="2023-07-12 05:50:54" level=info msg="國家全名: France"
time="2023-07-12 05:50:55" level=info msg="國別碼2碼: FR"
time="2023-07-12 05:50:55" level=info msg="國別碼3碼: FRA"
time="2023-07-12 05:50:55" level=info msg="國家全名: France"
time="2023-07-12 06:13:05" level=info msg="國別碼2碼: US"
time="2023-07-12 06:13:05" level=info msg="國別碼3碼: USA"
time="2023-07-12 06:13:05" level=info msg="國家全名: United States of America (the)"
time="2023-07-12 06:25:21" level=info msg="國別碼2碼: US"
time="2023-07-12 06:25:21" level=info msg="國別碼3碼: USA"
time="2023-07-12 06:25:21" level=info msg="國家全名: United States of America (the)"
time="2023-07-12 06:35:21" level=info msg="國別碼2碼: GB"
time="2023-07-12 06:35:21" level=info msg="國別碼3碼: GBR"
time="2023-07-12 06:35:21" level=info msg="國家全名: United Kingdom of Great Britain and Northern Ireland (the)"
time="2023-07-12 06:35:22" level=info msg="國別碼2碼: GB"
time="2023-07-12 06:35:22" level=info msg="國別碼3碼: GBR"
time="2023-07-12 06:35:22" level=info msg="國家全名: United Kingdom of Great Britain and Northern Ireland (the)"
time="2023-07-12 06:35:23" level=info msg="國別碼2碼: GB"
time="2023-07-12 06:35:23" level=info msg="國別碼3碼: GBR"
time="2023-07-12 06:35:23" level=info msg="國家全名: United Kingdom of Great Britain and Northern Ireland (the)"
time="2023-07-12 06:35:24" level=info msg="國別碼2碼: GB"
time="2023-07-12 06:35:24" level=info msg="國別碼3碼: GBR"
time="2023-07-12 06:35:24" level=info msg="國家全名: United Kingdom of Great Britain and Northern Ireland (the)"
time="2023-07-12 06:36:04" level=info msg="國別碼2碼: FR"
time="2023-07-12 06:36:04" level=info msg="國別碼3碼: FRA"
time="2023-07-12 06:36:04" level=info msg="國家全名: France"
time="2023-07-12 06:36:05" level=info msg="國別碼2碼: FR"
time="2023-07-12 06:36:05" level=info msg="國別碼3碼: FRA"
time="2023-07-12 06:36:05" level=info msg="國家全名: France"
time="2023-07-12 06:37:23" level=info msg="國別碼2碼: PT"
time="2023-07-12 06:37:23" level=info msg="國別碼3碼: PRT"
time="2023-07-12 06:37:23" level=info msg="國家全名: Portugal"
time="2023-07-12 06:40:53" level=info msg="國別碼2碼: RS"
time="2023-07-12 06:40:53" level=info msg="國別碼3碼: SRB"
time="2023-07-12 06:40:53" level=info msg="國家全名: Serbia"
time="2023-07-12 06:43:37" level=info msg="國別碼2碼: US"
time="2023-07-12 06:43:37" level=info msg="國別碼3碼: USA"
time="2023-07-12 06:43:37" level=info msg="國家全名: United States of America (the)"
time="2023-07-12 06:47:09" level=info msg="國別碼2碼: US"
time="2023-07-12 06:47:09" level=info msg="國別碼3碼: USA"
time="2023-07-12 06:47:09" level=info msg="國家全名: United States of America (the)"
time="2023-07-12 06:48:47" level=info msg="國別碼2碼: US"
time="2023-07-12 06:48:47" level=info msg="國別碼3碼: USA"
time="2023-07-12 06:48:47" level=info msg="國家全名: United States of America (the)"
time="2023-07-12 06:49:51" level=info msg="國別碼2碼: US"
time="2023-07-12 06:49:51" level=info msg="國別碼3碼: USA"
time="2023-07-12 06:49:51" level=info msg="國家全名: United States of America (the)"
time="2023-07-12 07:06:33" level=info msg="國別碼2碼: IE"
time="2023-07-12 07:06:33" level=info msg="國別碼3碼: IRL"
time="2023-07-12 07:06:33" level=info msg="國家全名: Ireland"
time="2023-07-12 07:06:34" level=info msg="國別碼2碼: IE"
time="2023-07-12 07:06:34" level=info msg="國別碼3碼: IRL"
time="2023-07-12 07:06:34" level=info msg="國家全名: Ireland"
time="2023-07-12 07:14:10" level=info msg="國別碼2碼: FR"
time="2023-07-12 07:14:10" level=info msg="國別碼3碼: FRA"
time="2023-07-12 07:14:10" level=info msg="國家全名: France"
time="2023-07-12 07:14:12" level=info msg="國別碼2碼: FR"
time="2023-07-12 07:14:12" level=info msg="國別碼3碼: FRA"
time="2023-07-12 07:14:12" level=info msg="國家全名: France"
time="2023-07-12 07:22:27" level=info msg="國別碼2碼: LU"
time="2023-07-12 07:22:27" level=info msg="國別碼3碼: LUX"
time="2023-07-12 07:22:27" level=info msg="國家全名: Luxembourg"
time="2023-07-12 07:24:32" level=info msg="國別碼2碼: XZ"
time="2023-07-12 07:24:32" level=info msg="國別碼3碼: XZZ"
time="2023-07-12 07:24:32" level=info msg="國家全名: IANA Special-Purpose Address"
time="2023-07-12 07:24:33" level=info msg="國別碼2碼: XZ"
time="2023-07-12 07:24:33" level=info msg="國別碼3碼: XZZ"
time="2023-07-12 07:24:33" level=info msg="國家全名: IANA Special-Purpose Address"
time="2023-07-12 07:24:33" level=info msg="國別碼2碼: XZ"
time="2023-07-12 07:24:33" level=info msg="國別碼3碼: XZZ"
time="2023-07-12 07:24:33" level=info msg="國家全名: IANA Special-Purpose Address"
time="2023-07-12 07:24:33" level=info msg="國別碼2碼: XZ"
time="2023-07-12 07:24:33" level=info msg="國別碼3碼: XZZ"
time="2023-07-12 07:24:33" level=info msg="國家全名: IANA Special-Purpose Address"
time="2023-07-12 07:24:35" level=info msg="國別碼2碼: XZ"
time="2023-07-12 07:24:35" level=info msg="國別碼3碼: XZZ"
time="2023-07-12 07:24:35" level=info msg="國家全名: IANA Special-Purpose Address"
time="2023-07-12 07:39:55" level=info msg="國別碼2碼: XZ"
time="2023-07-12 07:39:55" level=info msg="國別碼3碼: XZZ"
time="2023-07-12 07:39:55" level=info msg="國家全名: IANA Special-Purpose Address"
time="2023-07-12 07:40:59" level=info msg="國別碼2碼: XZ"
time="2023-07-12 07:40:59" level=info msg="國別碼3碼: XZZ"
time="2023-07-12 07:40:59" level=info msg="國家全名: IANA Special-Purpose Address"
time="2023-07-12 07:42:36" level=info msg="國別碼2碼: XZ"
time="2023-07-12 07:42:36" level=info msg="國別碼3碼: XZZ"
time="2023-07-12 07:42:36" level=info msg="國家全名: IANA Special-Purpose Address"
time="2023-07-12 07:42:36" level=info msg="取得User資料&{0xc00012c630 <nil> 2 0xc0002f2a80 0}"
time="2023-07-12 07:47:53" level=info msg="國別碼2碼: XZ"
time="2023-07-12 07:47:53" level=info msg="國別碼3碼: XZZ"
time="2023-07-12 07:47:53" level=info msg="國家全名: IANA Special-Purpose Address"
time="2023-07-12 07:47:53" level=info msg="增加User資料:"
time="2023-07-12 07:47:53" level=error msg="User名稱重複了{0      0001-01-01 00:00:00 +0000 UTC}"
time="2023-07-12 07:48:11" level=info msg="國別碼2碼: XZ"
time="2023-07-12 07:48:11" level=info msg="國別碼3碼: XZZ"
time="2023-07-12 07:48:11" level=info msg="國家全名: IANA Special-Purpose Address"
time="2023-07-12 07:48:11" level=info msg="登入紀錄:"
time="2023-07-12 07:48:25" level=info msg="國別碼2碼: XZ"
time="2023-07-12 07:48:25" level=info msg="國別碼3碼: XZZ"
time="2023-07-12 07:48:25" level=info msg="國家全名: IANA Special-Purpose Address"
time="2023-07-12 07:48:25" level=info msg="登入紀錄:Benjamin"
time="2023-07-12 07:48:25" level=error msg="User密碼錯誤{2 Benjamin yu.shuming0829@gmail.com 1qaz@WSX 台北市文山區幸福路87號 付款資訊現在先用假的 2023-07-07 09:16:57 +0000 UTC}Benjamin"
time="2023-07-12 07:55:10" level=info msg="國別碼2碼: XZ"
time="2023-07-12 07:55:10" level=info msg="國別碼3碼: XZZ"
time="2023-07-12 07:55:10" level=info msg="國家全名: IANA Special-Purpose Address"
time="2023-07-12 07:55:10" level=info msg="登入紀錄:IEC11087655jm2Cp46"
time="2023-07-12 07:55:10" level=error msg="查無User{0      0001-01-01 00:00:00 +0000 UTC}IEC110876"
time="2023-07-12 07:55:46" level=info msg="國別碼2碼: XZ"
time="2023-07-12 07:55:46" level=info msg="國別碼3碼: XZZ"
time="2023-07-12 07:55:46" level=info msg="國家全名: IANA Special-Purpose Address"
time="2023-07-12 07:55:46" level=info msg="登入紀錄:IEC11087655jm2Cp46"
time="2023-07-12 07:55:46" level=error msg="查無User{0      0001-01-01 00:00:00 +0000 UTC}IEC110876"
time="2023-07-12 07:56:05" level=info msg="國別碼2碼: XZ"
time="2023-07-12 07:56:05" level=info msg="國別碼3碼: XZZ"
time="2023-07-12 07:56:05" level=info msg="國家全名: IANA Special-Purpose Address"
time="2023-07-12 07:56:05" level=info msg="登入紀錄:  "
time="2023-07-12 07:56:05" level=error msg="查無User{0      0001-01-01 00:00:00 +0000 UTC} "
time="2023-07-12 07:56:13" level=info msg="國別碼2碼: XZ"
time="2023-07-12 07:56:13" level=info msg="國別碼3碼: XZZ"
time="2023-07-12 07:56:13" level=info msg="國家全名: IANA Special-Purpose Address"
time="2023-07-12 07:56:13" level=info msg="登入紀錄:  "
time="2023-07-12 07:56:13" level=error msg="查無User{0      0001-01-01 00:00:00 +0000 UTC} "
time="2023-07-12 07:56:18" level=info msg="國別碼2碼: XZ"
time="2023-07-12 07:56:18" level=info msg="國別碼3碼: XZZ"
time="2023-07-12 07:56:18" level=info msg="國家全名: IANA Special-Purpose Address"
time="2023-07-12 07:56:18" level=info msg="登入紀錄: 55jm2Cp46"
time="2023-07-12 07:56:18" level=error msg="查無User{0      0001-01-01 00:00:00 +0000 UTC} "
time="2023-07-12 07:56:22" level=info msg="國別碼2碼: XZ"
time="2023-07-12 07:56:22" level=info msg="國別碼3碼: XZZ"
time="2023-07-12 07:56:22" level=info msg="國家全名: IANA Special-Purpose Address"
time="2023-07-12 07:56:22" level=info msg="登入紀錄: "
time="2023-07-12 07:56:22" level=error msg="查無User{0      0001-01-01 00:00:00 +0000 UTC} "
time="2023-07-12 07:56:32" level=info msg="國別碼2碼: XZ"
time="2023-07-12 07:56:32" level=info msg="國別碼3碼: XZZ"
time="2023-07-12 07:56:32" level=info msg="國家全名: IANA Special-Purpose Address"
time="2023-07-12 07:56:32" level=info msg="登入紀錄:"
time="2023-07-12 07:57:34" level=info msg="國別碼2碼: US"
time="2023-07-12 07:57:34" level=info msg="國別碼3碼: USA"
time="2023-07-12 07:57:34" level=info msg="國家全名: United States of America (the)"
time="2023-07-12 07:57:35" level=info msg="國別碼2碼: US"
time="2023-07-12 07:57:35" level=info msg="國別碼3碼: USA"
time="2023-07-12 07:57:35" level=info msg="國家全名: United States of America (the)"
time="2023-07-12 07:57:35" level=info msg="國別碼2碼: US"
time="2023-07-12 07:57:35" level=info msg="國別碼3碼: USA"
time="2023-07-12 07:57:35" level=info msg="國家全名: United States of America (the)"
time="2023-07-12 07:57:36" level=info msg="國別碼2碼: US"
time="2023-07-12 07:57:36" level=info msg="國別碼3碼: USA"
time="2023-07-12 07:57:36" level=info msg="國家全名: United States of America (the)"
time="2023-07-12 07:57:37" level=info msg="國別碼2碼: US"
time="2023-07-12 07:57:37" level=info msg="國別碼3碼: USA"
time="2023-07-12 07:57:37" level=info msg="國家全名: United States of America (the)"
time="2023-07-12 08:02:58" level=info msg="國別碼2碼: XZ"
time="2023-07-12 08:02:58" level=info msg="國別碼3碼: XZZ"
time="2023-07-12 08:02:58" level=info msg="國家全名: IANA Special-Purpose Address"
time="2023-07-12 08:02:58" level=info msg="登入紀錄:"
time="2023-07-12 08:04:20" level=info msg="國別碼2碼: XZ"
time="2023-07-12 08:04:20" level=info msg="國別碼3碼: XZZ"
time="2023-07-12 08:04:20" level=info msg="國家全名: IANA Special-Purpose Address"
time="2023-07-12 08:04:20" level=info msg="登入紀錄:"
time="2023-07-12 08:04:29" level=info msg="國別碼2碼: FR"
time="2023-07-12 08:04:29" level=info msg="國別碼3碼: FRA"
time="2023-07-12 08:04:29" level=info msg="國家全名: France"
time="2023-07-12 08:04:30" level=info msg="國別碼2碼: FR"
time="2023-07-12 08:04:30" level=info msg="國別碼3碼: FRA"
time="2023-07-12 08:04:30" level=info msg="國家全名: France"
time="2023-07-12 08:16:38" level=info msg="國別碼2碼: US"
time="2023-07-12 08:16:38" level=info msg="國別碼3碼: USA"
time="2023-07-12 08:16:38" level=info msg="國家全名: United States of America (the)"
time="2023-07-12 08:18:02" level=info msg="國別碼2碼: TW"
time="2023-07-12 08:18:02" level=info msg="國別碼3碼: TWN"
time="2023-07-12 08:18:02" level=info msg="國家全名: Taiwan (Province of China)"
time="2023-07-12 08:34:41" level=info msg="國別碼2碼: US"
time="2023-07-12 08:34:41" level=info msg="國別碼3碼: USA"
time="2023-07-12 08:34:41" level=info msg="國家全名: United States of America (the)"
time="2023-07-12 08:48:07" level=info msg="國別碼2碼: XZ"
time="2023-07-12 08:48:07" level=info msg="國別碼3碼: XZZ"
time="2023-07-12 08:48:07" level=info msg="國家全名: IANA Special-Purpose Address"
time="2023-07-12 08:48:07" level=info msg="登入紀錄:"
time="2023-07-12 08:48:08" level=info msg="國別碼2碼: XZ"
time="2023-07-12 08:48:08" level=info msg="國別碼3碼: XZZ"
time="2023-07-12 08:48:08" level=info msg="國家全名: IANA Special-Purpose Address"
time="2023-07-12 08:48:08" level=info msg="取得商品資料[{20 gg tttesttt 112 222   testttt true} {15 b  1200 10    true} {14 a  1200 123    false} {7 TRX 123 500 1 堂  課程 true} {6 ck男生內褲 CK內褲 1980 3 1  性感 true} {3 哈達瑜珈 本課程適合首次來上課的人，一開始會先帶學員了解場館以及場館內的各式課程，並了解學員的目標以及目前身體的狀況、組成 (inbody)。在這些流程結束後開始讓學員體驗課程。(上體驗課程前，會先與您聯繫預期想體驗的課程。) 200 2 堂 https://images.unsplash.com/photo-1571019614242-c5c5dee9f50b?ixlib=rb-4.0.3&ixid=M3wxMjA3fDB8MHxwaG90by1wYWdlfHx8fGVufDB8fHx8fA%3D%3D&auto=format&fit=crop&w=2070&q=80 拉基 true} {1 CK內衣組 CK內衣 我的超人 1980 3 1  性感 true}]"
time="2023-07-12 08:48:49" level=info msg="國別碼2碼: XZ"
time="2023-07-12 08:48:49" level=info msg="國別碼3碼: XZZ"
time="2023-07-12 08:48:49" level=info msg="國家全名: IANA Special-Purpose Address"
time="2023-07-12 08:48:49" level=info msg="登入紀錄:IEC11087655jm2Cp46"
time="2023-07-12 08:48:49" level=error msg="查無User{0      0001-01-01 00:00:00 +0000 UTC}IEC110876"
time="2023-07-12 08:48:53" level=info msg="國別碼2碼: XZ"
time="2023-07-12 08:48:53" level=info msg="國別碼3碼: XZZ"
time="2023-07-12 08:48:53" level=info msg="國家全名: IANA Special-Purpose Address"
time="2023-07-12 08:48:53" level=info msg="登入紀錄:"
time="2023-07-12 08:51:11" level=info msg="國別碼2碼: XZ"
time="2023-07-12 08:51:11" level=info msg="國別碼3碼: XZZ"
time="2023-07-12 08:51:11" level=info msg="國家全名: IANA Special-Purpose Address"
time="2023-07-12 08:51:11" level=info msg="登入紀錄:IEC11087655jm2Cp46"
time="2023-07-12 08:51:11" level=error msg="查無User{0      0001-01-01 00:00:00 +0000 UTC}IEC110876"
time="2023-07-12 08:51:39" level=info msg="國別碼2碼: XZ"
time="2023-07-12 08:51:39" level=info msg="國別碼3碼: XZZ"
time="2023-07-12 08:51:39" level=info msg="國家全名: IANA Special-Purpose Address"
time="2023-07-12 08:51:39" level=info msg="登入紀錄:IEC11087655jm2Cp46"
time="2023-07-12 08:51:39" level=error msg="查無User{0      0001-01-01 00:00:00 +0000 UTC}IEC110876"
time="2023-07-12 08:52:21" level=info msg="國別碼2碼: XZ"
time="2023-07-12 08:52:21" level=info msg="國別碼3碼: XZZ"
time="2023-07-12 08:52:21" level=info msg="國家全名: IANA Special-Purpose Address"
time="2023-07-12 08:52:21" level=info msg="登入紀錄:"
time="2023-07-12 08:52:22" level=info msg="國別碼2碼: XZ"
time="2023-07-12 08:52:22" level=info msg="國別碼3碼: XZZ"
time="2023-07-12 08:52:22" level=info msg="國家全名: IANA Special-Purpose Address"
time="2023-07-12 08:52:22" level=info msg="取得商品資料[{20 gg tttesttt 112 222   testttt true} {15 b  1200 10    true} {14 a  1200 123    false} {7 TRX 123 500 1 堂  課程 true} {6 ck男生內褲 CK內褲 1980 3 1  性感 true} {3 哈達瑜珈 本課程適合首次來上課的人，一開始會先帶學員了解場館以及場館內的各式課程，並了解學員的目標以及目前身體的狀況、組成 (inbody)。在這些流程結束後開始讓學員體驗課程。(上體驗課程前，會先與您聯繫預期想體驗的課程。) 200 2 堂 https://images.unsplash.com/photo-1571019614242-c5c5dee9f50b?ixlib=rb-4.0.3&ixid=M3wxMjA3fDB8MHxwaG90by1wYWdlfHx8fGVufDB8fHx8fA%3D%3D&auto=format&fit=crop&w=2070&q=80 拉基 true} {1 CK內衣組 CK內衣 我的超人 1980 3 1  性感 true}]"
time="2023-07-12 08:56:49" level=info msg="國別碼2碼: XZ"
time="2023-07-12 08:56:49" level=info msg="國別碼3碼: XZZ"
time="2023-07-12 08:56:49" level=info msg="國家全名: IANA Special-Purpose Address"
time="2023-07-12 08:56:49" level=info msg="登入紀錄:IEC11087655jm2Cp46"
time="2023-07-12 08:56:49" level=error msg="查無User{0      0001-01-01 00:00:00 +0000 UTC}IEC110876"
time="2023-07-12 08:57:04" level=info msg="國別碼2碼: XZ"
time="2023-07-12 08:57:04" level=info msg="國別碼3碼: XZZ"
time="2023-07-12 08:57:04" level=info msg="國家全名: IANA Special-Purpose Address"
time="2023-07-12 08:57:04" level=info msg="登入紀錄:IEC11087655jm2Cp46"
time="2023-07-12 08:57:04" level=error msg="查無User{0      0001-01-01 00:00:00 +0000 UTC}IEC110876"
time="2023-07-12 08:57:54" level=info msg="國別碼2碼: XZ"
time="2023-07-12 08:57:54" level=info msg="國別碼3碼: XZZ"
time="2023-07-12 08:57:54" level=info msg="國家全名: IANA Special-Purpose Address"
time="2023-07-12 08:57:54" level=info msg="登入紀錄:"
time="2023-07-12 08:57:55" level=info msg="國別碼2碼: XZ"
time="2023-07-12 08:57:55" level=info msg="國別碼3碼: XZZ"
time="2023-07-12 08:57:55" level=info msg="國家全名: IANA Special-Purpose Address"
time="2023-07-12 08:57:55" level=info msg="取得商品資料[{20 gg tttesttt 112 222   testttt true} {15 b  1200 10    true} {14 a  1200 123    false} {7 TRX 123 500 1 堂  課程 true} {6 ck男生內褲 CK內褲 1980 3 1  性感 true} {3 哈達瑜珈 本課程適合首次來上課的人，一開始會先帶學員了解場館以及場館內的各式課程，並了解學員的目標以及目前身體的狀況、組成 (inbody)。在這些流程結束後開始讓學員體驗課程。(上體驗課程前，會先與您聯繫預期想體驗的課程。) 200 2 堂 https://images.unsplash.com/photo-1571019614242-c5c5dee9f50b?ixlib=rb-4.0.3&ixid=M3wxMjA3fDB8MHxwaG90by1wYWdlfHx8fGVufDB8fHx8fA%3D%3D&auto=format&fit=crop&w=2070&q=80 拉基 true} {1 CK內衣組 CK內衣 我的超人 1980 3 1  性感 true}]"
time="2023-07-12 08:59:04" level=info msg="國別碼2碼: US"
time="2023-07-12 08:59:04" level=info msg="國別碼3碼: USA"
time="2023-07-12 08:59:04" level=info msg="國家全名: United States of America (the)"
time="2023-07-12 08:59:05" level=info msg="國別碼2碼: US"
time="2023-07-12 08:59:05" level=info msg="國別碼3碼: USA"
time="2023-07-12 08:59:05" level=info msg="國家全名: United States of America (the)"
time="2023-07-12 08:59:06" level=info msg="國別碼2碼: US"
time="2023-07-12 08:59:06" level=info msg="國別碼3碼: USA"
time="2023-07-12 08:59:06" level=info msg="國家全名: United States of America (the)"
time="2023-07-12 08:59:07" level=info msg="國別碼2碼: US"
time="2023-07-12 08:59:07" level=info msg="國別碼3碼: USA"
time="2023-07-12 08:59:07" level=info msg="國家全名: United States of America (the)"
time="2023-07-12 08:59:08" level=info msg="國別碼2碼: US"
time="2023-07-12 08:59:08" level=info msg="國別碼3碼: USA"
time="2023-07-12 08:59:08" level=info msg="國家全名: United States of America (the)"
time="2023-07-12 09:01:21" level=info msg="國別碼2碼: US"
time="2023-07-12 09:01:21" level=info msg="國別碼3碼: USA"
time="2023-07-12 09:01:21" level=info msg="國家全名: United States of America (the)"
time="2023-07-12 09:03:26" level=info msg="國別碼2碼: US"
time="2023-07-12 09:03:26" level=info msg="國別碼3碼: USA"
time="2023-07-12 09:03:26" level=info msg="國家全名: United States of America (the)"
time="2023-07-12 09:03:49" level=info msg="國別碼2碼: XZ"
time="2023-07-12 09:03:49" level=info msg="國別碼3碼: XZZ"
time="2023-07-12 09:03:49" level=info msg="國家全名: IANA Special-Purpose Address"
time="2023-07-12 09:03:49" level=info msg="登入紀錄:"
time="2023-07-12 09:03:50" level=info msg="國別碼2碼: XZ"
time="2023-07-12 09:03:50" level=info msg="國別碼3碼: XZZ"
time="2023-07-12 09:03:50" level=info msg="國家全名: IANA Special-Purpose Address"
time="2023-07-12 09:03:50" level=info msg="取得商品資料[{20 gg tttesttt 112 222   testttt true} {15 b  1200 10    true} {14 a  1200 123    false} {7 TRX 123 500 1 堂  課程 true} {6 ck男生內褲 CK內褲 1980 3 1  性感 true} {3 哈達瑜珈 本課程適合首次來上課的人，一開始會先帶學員了解場館以及場館內的各式課程，並了解學員的目標以及目前身體的狀況、組成 (inbody)。在這些流程結束後開始讓學員體驗課程。(上體驗課程前，會先與您聯繫預期想體驗的課程。) 200 2 堂 https://images.unsplash.com/photo-1571019614242-c5c5dee9f50b?ixlib=rb-4.0.3&ixid=M3wxMjA3fDB8MHxwaG90by1wYWdlfHx8fGVufDB8fHx8fA%3D%3D&auto=format&fit=crop&w=2070&q=80 拉基 true} {1 CK內衣組 CK內衣 我的超人 1980 3 1  性感 true}]"
time="2023-07-12 09:04:01" level=info msg="國別碼2碼: XZ"
time="2023-07-12 09:04:01" level=info msg="國別碼3碼: XZZ"
time="2023-07-12 09:04:01" level=info msg="國家全名: IANA Special-Purpose Address"
time="2023-07-12 09:04:01" level=info msg="取得商品資料[{20 gg tttesttt 112 222   testttt true} {15 b  1200 10    true} {14 a  1200 123    false} {7 TRX 123 500 1 堂  課程 true} {6 ck男生內褲 CK內褲 1980 3 1  性感 true} {3 哈達瑜珈 本課程適合首次來上課的人，一開始會先帶學員了解場館以及場館內的各式課程，並了解學員的目標以及目前身體的狀況、組成 (inbody)。在這些流程結束後開始讓學員體驗課程。(上體驗課程前，會先與您聯繫預期想體驗的課程。) 200 2 堂 https://images.unsplash.com/photo-1571019614242-c5c5dee9f50b?ixlib=rb-4.0.3&ixid=M3wxMjA3fDB8MHxwaG90by1wYWdlfHx8fGVufDB8fHx8fA%3D%3D&auto=format&fit=crop&w=2070&q=80 拉基 true} {1 CK內衣組 CK內衣 我的超人 1980 3 1  性感 true}]"
time="2023-07-12 09:04:16" level=info msg="國別碼2碼: XZ"
time="2023-07-12 09:04:16" level=info msg="國別碼3碼: XZZ"
time="2023-07-12 09:04:16" level=info msg="國家全名: IANA Special-Purpose Address"
time="2023-07-12 09:04:16" level=info msg="取得商品資料[{20 gg tttesttt 112 222   testttt true} {15 b  1200 10    true} {14 a  1200 123    false} {7 TRX 123 500 1 堂  課程 true} {6 ck男生內褲 CK內褲 1980 3 1  性感 true} {3 哈達瑜珈 本課程適合首次來上課的人，一開始會先帶學員了解場館以及場館內的各式課程，並了解學員的目標以及目前身體的狀況、組成 (inbody)。在這些流程結束後開始讓學員體驗課程。(上體驗課程前，會先與您聯繫預期想體驗的課程。) 200 2 堂 https://images.unsplash.com/photo-1571019614242-c5c5dee9f50b?ixlib=rb-4.0.3&ixid=M3wxMjA3fDB8MHxwaG90by1wYWdlfHx8fGVufDB8fHx8fA%3D%3D&auto=format&fit=crop&w=2070&q=80 拉基 true} {1 CK內衣組 CK內衣 我的超人 1980 3 1  性感 true}]"
time="2023-07-12 09:04:21" level=info msg="國別碼2碼: FR"
time="2023-07-12 09:04:21" level=info msg="國別碼3碼: FRA"
time="2023-07-12 09:04:21" level=info msg="國家全名: France"
time="2023-07-12 09:04:22" level=info msg="國別碼2碼: FR"
time="2023-07-12 09:04:22" level=info msg="國別碼3碼: FRA"
time="2023-07-12 09:04:22" level=info msg="國家全名: France"
time="2023-07-12 09:05:29" level=info msg="國別碼2碼: XZ"
time="2023-07-12 09:05:29" level=info msg="國別碼3碼: XZZ"
time="2023-07-12 09:05:29" level=info msg="國家全名: IANA Special-Purpose Address"
time="2023-07-12 09:05:29" level=info msg="取得商品資料[{20 gg tttesttt 112 222   testttt true} {15 b  1200 10    true} {14 a  1200 123    false} {7 TRX 123 500 1 堂  課程 true} {6 ck男生內褲 CK內褲 1980 3 1  性感 true} {3 哈達瑜珈 本課程適合首次來上課的人，一開始會先帶學員了解場館以及場館內的各式課程，並了解學員的目標以及目前身體的狀況、組成 (inbody)。在這些流程結束後開始讓學員體驗課程。(上體驗課程前，會先與您聯繫預期想體驗的課程。) 200 2 堂 https://images.unsplash.com/photo-1571019614242-c5c5dee9f50b?ixlib=rb-4.0.3&ixid=M3wxMjA3fDB8MHxwaG90by1wYWdlfHx8fGVufDB8fHx8fA%3D%3D&auto=format&fit=crop&w=2070&q=80 拉基 true} {1 CK內衣組 CK內衣 我的超人 1980 3 1  性感 true}]"
time="2023-07-12 09:05:56" level=info msg="國別碼2碼: XZ"
time="2023-07-12 09:05:56" level=info msg="國別碼3碼: XZZ"
time="2023-07-12 09:05:56" level=info msg="國家全名: IANA Special-Purpose Address"
time="2023-07-12 09:05:56" level=info msg="取得商品資料[{20 gg tttesttt 112 222   testttt true} {15 b  1200 10    true} {14 a  1200 123    false} {7 TRX 123 500 1 堂  課程 true} {6 ck男生內褲 CK內褲 1980 3 1  性感 true} {3 哈達瑜珈 本課程適合首次來上課的人，一開始會先帶學員了解場館以及場館內的各式課程，並了解學員的目標以及目前身體的狀況、組成 (inbody)。在這些流程結束後開始讓學員體驗課程。(上體驗課程前，會先與您聯繫預期想體驗的課程。) 200 2 堂 https://images.unsplash.com/photo-1571019614242-c5c5dee9f50b?ixlib=rb-4.0.3&ixid=M3wxMjA3fDB8MHxwaG90by1wYWdlfHx8fGVufDB8fHx8fA%3D%3D&auto=format&fit=crop&w=2070&q=80 拉基 true} {1 CK內衣組 CK內衣 我的超人 1980 3 1  性感 true}]"
time="2023-07-12 09:06:00" level=info msg="國別碼2碼: XZ"
time="2023-07-12 09:06:00" level=info msg="國別碼3碼: XZZ"
time="2023-07-12 09:06:00" level=info msg="國家全名: IANA Special-Purpose Address"
time="2023-07-12 09:06:00" level=info msg="取得商品資料[{20 gg tttesttt 112 222   testttt true} {15 b  1200 10    true} {14 a  1200 123    false} {7 TRX 123 500 1 堂  課程 true} {6 ck男生內褲 CK內褲 1980 3 1  性感 true} {3 哈達瑜珈 本課程適合首次來上課的人，一開始會先帶學員了解場館以及場館內的各式課程，並了解學員的目標以及目前身體的狀況、組成 (inbody)。在這些流程結束後開始讓學員體驗課程。(上體驗課程前，會先與您聯繫預期想體驗的課程。) 200 2 堂 https://images.unsplash.com/photo-1571019614242-c5c5dee9f50b?ixlib=rb-4.0.3&ixid=M3wxMjA3fDB8MHxwaG90by1wYWdlfHx8fGVufDB8fHx8fA%3D%3D&auto=format&fit=crop&w=2070&q=80 拉基 true} {1 CK內衣組 CK內衣 我的超人 1980 3 1  性感 true}]"
time="2023-07-12 09:06:08" level=info msg="國別碼2碼: XZ"
time="2023-07-12 09:06:08" level=info msg="國別碼3碼: XZZ"
time="2023-07-12 09:06:08" level=info msg="國家全名: IANA Special-Purpose Address"
time="2023-07-12 09:06:08" level=info msg="國別碼2碼: XZ"
time="2023-07-12 09:06:08" level=info msg="國別碼3碼: XZZ"
time="2023-07-12 09:06:08" level=info msg="國家全名: IANA Special-Purpose Address"
time="2023-07-12 09:06:08" level=info msg="更新商品ID:20"
time="2023-07-12 09:06:08" level=info msg="更新商品內容:gg,tttesttt,112,222,,,abc,true"
time="2023-07-12 09:06:08" level=info msg="更新商品:{20 gg tttesttt 112 222   abc true}"
time="2023-07-12 09:06:09" level=info msg="國別碼2碼: XZ"
time="2023-07-12 09:06:09" level=info msg="國別碼3碼: XZZ"
time="2023-07-12 09:06:09" level=info msg="國家全名: IANA Special-Purpose Address"
time="2023-07-12 09:06:09" level=info msg="取得商品資料[{20 gg tttesttt 112 222   abc true} {15 b  1200 10    true} {14 a  1200 123    false} {7 TRX 123 500 1 堂  課程 true} {6 ck男生內褲 CK內褲 1980 3 1  性感 true} {3 哈達瑜珈 本課程適合首次來上課的人，一開始會先帶學員了解場館以及場館內的各式課程，並了解學員的目標以及目前身體的狀況、組成 (inbody)。在這些流程結束後開始讓學員體驗課程。(上體驗課程前，會先與您聯繫預期想體驗的課程。) 200 2 堂 https://images.unsplash.com/photo-1571019614242-c5c5dee9f50b?ixlib=rb-4.0.3&ixid=M3wxMjA3fDB8MHxwaG90by1wYWdlfHx8fGVufDB8fHx8fA%3D%3D&auto=format&fit=crop&w=2070&q=80 拉基 true} {1 CK內衣組 CK內衣 我的超人 1980 3 1  性感 true}]"
time="2023-07-12 09:06:31" level=info msg="國別碼2碼: XZ"
time="2023-07-12 09:06:31" level=info msg="國別碼3碼: XZZ"
time="2023-07-12 09:06:31" level=info msg="國家全名: IANA Special-Purpose Address"
time="2023-07-12 09:06:31" level=info msg="取得商品資料[{20 gg tttesttt 112 222   abc true} {15 b  1200 10    true} {14 a  1200 123    false} {7 TRX 123 500 1 堂  課程 true} {6 ck男生內褲 CK內褲 1980 3 1  性感 true} {3 哈達瑜珈 本課程適合首次來上課的人，一開始會先帶學員了解場館以及場館內的各式課程，並了解學員的目標以及目前身體的狀況、組成 (inbody)。在這些流程結束後開始讓學員體驗課程。(上體驗課程前，會先與您聯繫預期想體驗的課程。) 200 2 堂 https://images.unsplash.com/photo-1571019614242-c5c5dee9f50b?ixlib=rb-4.0.3&ixid=M3wxMjA3fDB8MHxwaG90by1wYWdlfHx8fGVufDB8fHx8fA%3D%3D&auto=format&fit=crop&w=2070&q=80 拉基 true} {1 CK內衣組 CK內衣 我的超人 1980 3 1  性感 true}]"
time="2023-07-12 09:08:58" level=info msg="國別碼2碼: XZ"
time="2023-07-12 09:08:58" level=info msg="國別碼3碼: XZZ"
time="2023-07-12 09:08:58" level=info msg="國家全名: IANA Special-Purpose Address"
time="2023-07-12 09:08:58" level=info msg="取得商品資料[{20 gg tttesttt 112 222   abc true} {15 b  1200 10    true} {14 a  1200 123    false} {7 TRX 123 500 1 堂  課程 true} {6 ck男生內褲 CK內褲 1980 3 1  性感 true} {3 哈達瑜珈 本課程適合首次來上課的人，一開始會先帶學員了解場館以及場館內的各式課程，並了解學員的目標以及目前身體的狀況、組成 (inbody)。在這些流程結束後開始讓學員體驗課程。(上體驗課程前，會先與您聯繫預期想體驗的課程。) 200 2 堂 https://images.unsplash.com/photo-1571019614242-c5c5dee9f50b?ixlib=rb-4.0.3&ixid=M3wxMjA3fDB8MHxwaG90by1wYWdlfHx8fGVufDB8fHx8fA%3D%3D&auto=format&fit=crop&w=2070&q=80 拉基 true} {1 CK內衣組 CK內衣 我的超人 1980 3 1  性感 true}]"
time="2023-07-12 09:09:14" level=info msg="國別碼2碼: XZ"
time="2023-07-12 09:09:14" level=info msg="國別碼3碼: XZZ"
time="2023-07-12 09:09:14" level=info msg="國家全名: IANA Special-Purpose Address"
time="2023-07-12 09:09:14" level=info msg="登入紀錄:IEC11087655jm2Cp46"
time="2023-07-12 09:09:14" level=error msg="查無User{0      0001-01-01 00:00:00 +0000 UTC}IEC110876"
time="2023-07-12 09:09:21" level=info msg="國別碼2碼: XZ"
time="2023-07-12 09:09:21" level=info msg="國別碼3碼: XZZ"
time="2023-07-12 09:09:21" level=info msg="國家全名: IANA Special-Purpose Address"
time="2023-07-12 09:09:21" level=info msg="登入紀錄:"
time="2023-07-12 09:09:22" level=info msg="國別碼2碼: XZ"
time="2023-07-12 09:09:22" level=info msg="國別碼3碼: XZZ"
time="2023-07-12 09:09:22" level=info msg="國家全名: IANA Special-Purpose Address"
time="2023-07-12 09:09:22" level=info msg="取得商品資料[{20 gg tttesttt 112 222   abc true} {15 b  1200 10    true} {14 a  1200 123    false} {7 TRX 123 500 1 堂  課程 true} {6 ck男生內褲 CK內褲 1980 3 1  性感 true} {3 哈達瑜珈 本課程適合首次來上課的人，一開始會先帶學員了解場館以及場館內的各式課程，並了解學員的目標以及目前身體的狀況、組成 (inbody)。在這些流程結束後開始讓學員體驗課程。(上體驗課程前，會先與您聯繫預期想體驗的課程。) 200 2 堂 https://images.unsplash.com/photo-1571019614242-c5c5dee9f50b?ixlib=rb-4.0.3&ixid=M3wxMjA3fDB8MHxwaG90by1wYWdlfHx8fGVufDB8fHx8fA%3D%3D&auto=format&fit=crop&w=2070&q=80 拉基 true} {1 CK內衣組 CK內衣 我的超人 1980 3 1  性感 true}]"
time="2023-07-12 09:09:30" level=info msg="國別碼2碼: XZ"
time="2023-07-12 09:09:30" level=info msg="國別碼3碼: XZZ"
time="2023-07-12 09:09:30" level=info msg="國家全名: IANA Special-Purpose Address"
time="2023-07-12 09:09:30" level=info msg="登入紀錄:Benjamin55jm2Cp46"
time="2023-07-12 09:09:30" level=error msg="User密碼錯誤{2 Benjamin yu.shuming0829@gmail.com 1qaz@WSX 台北市文山區幸福路87號 付款資訊現在先用假的 2023-07-07 09:16:57 +0000 UTC}Benjamin"
time="2023-07-12 09:09:36" level=info msg="國別碼2碼: XZ"
time="2023-07-12 09:09:36" level=info msg="國別碼3碼: XZZ"
time="2023-07-12 09:09:36" level=info msg="國家全名: IANA Special-Purpose Address"
time="2023-07-12 09:09:36" level=info msg="登入紀錄:Benjamin1qaz@WSX"
time="2023-07-12 09:09:37" level=info msg="國別碼2碼: XZ"
time="2023-07-12 09:09:37" level=info msg="國別碼3碼: XZZ"
time="2023-07-12 09:09:37" level=info msg="國家全名: IANA Special-Purpose Address"
time="2023-07-12 09:09:37" level=info msg="取得商品資料[{20 gg tttesttt 112 222   abc true} {15 b  1200 10    true} {14 a  1200 123    false} {7 TRX 123 500 1 堂  課程 true} {6 ck男生內褲 CK內褲 1980 3 1  性感 true} {3 哈達瑜珈 本課程適合首次來上課的人，一開始會先帶學員了解場館以及場館內的各式課程，並了解學員的目標以及目前身體的狀況、組成 (inbody)。在這些流程結束後開始讓學員體驗課程。(上體驗課程前，會先與您聯繫預期想體驗的課程。) 200 2 堂 https://images.unsplash.com/photo-1571019614242-c5c5dee9f50b?ixlib=rb-4.0.3&ixid=M3wxMjA3fDB8MHxwaG90by1wYWdlfHx8fGVufDB8fHx8fA%3D%3D&auto=format&fit=crop&w=2070&q=80 拉基 true} {1 CK內衣組 CK內衣 我的超人 1980 3 1  性感 true}]"
time="2023-07-12 09:10:27" level=info msg="國別碼2碼: US"
time="2023-07-12 09:10:27" level=info msg="國別碼3碼: USA"
time="2023-07-12 09:10:27" level=info msg="國家全名: United States of America (the)"
time="2023-07-12 09:19:02" level=info msg="國別碼2碼: HK"
time="2023-07-12 09:19:02" level=info msg="國別碼3碼: HKG"
time="2023-07-12 09:19:02" level=info msg="國家全名: Hong Kong"
time="2023-07-12 09:37:13" level=info msg="國別碼2碼: XZ"
time="2023-07-12 09:37:13" level=info msg="國別碼3碼: XZZ"
time="2023-07-12 09:37:13" level=info msg="國家全名: IANA Special-Purpose Address"
time="2023-07-12 09:37:13" level=info msg="登入紀錄:IEC11087655jm2Cp46"
time="2023-07-12 09:37:13" level=error msg="查無User{0      0001-01-01 00:00:00 +0000 UTC}IEC110876"
time="2023-07-12 09:46:21" level=info msg="國別碼2碼: XZ"
time="2023-07-12 09:46:21" level=info msg="國別碼3碼: XZZ"
time="2023-07-12 09:46:21" level=info msg="國家全名: IANA Special-Purpose Address"
time="2023-07-12 09:46:21" level=info msg="登入紀錄:IEC11087655jm2Cp46"
time="2023-07-12 09:46:21" level=error msg="查無User{0      0001-01-01 00:00:00 +0000 UTC}IEC110876"
time="2023-07-12 09:46:25" level=info msg="國別碼2碼: XZ"
time="2023-07-12 09:46:25" level=info msg="國別碼3碼: XZZ"
time="2023-07-12 09:46:25" level=info msg="國家全名: IANA Special-Purpose Address"
time="2023-07-12 09:46:25" level=info msg="登入紀錄:IEC11087655jm2Cp46"
time="2023-07-12 09:46:25" level=error msg="查無User{0      0001-01-01 00:00:00 +0000 UTC}IEC110876"
time="2023-07-12 09:54:46" level=info msg="國別碼2碼: XZ"
time="2023-07-12 09:54:46" level=info msg="國別碼3碼: XZZ"
time="2023-07-12 09:54:46" level=info msg="國家全名: IANA Special-Purpose Address"
time="2023-07-12 09:54:46" level=info msg="登入紀錄:"
time="2023-07-12 09:54:47" level=info msg="國別碼2碼: XZ"
time="2023-07-12 09:54:47" level=info msg="國別碼3碼: XZZ"
time="2023-07-12 09:54:47" level=info msg="國家全名: IANA Special-Purpose Address"
time="2023-07-12 09:54:47" level=info msg="取得商品資料[{20 gg tttesttt 112 222   abc true} {15 b  1200 10    true} {14 a  1200 123    false} {7 TRX 123 500 1 堂  課程 true} {6 ck男生內褲 CK內褲 1980 3 1  性感 true} {3 哈達瑜珈 本課程適合首次來上課的人，一開始會先帶學員了解場館以及場館內的各式課程，並了解學員的目標以及目前身體的狀況、組成 (inbody)。在這些流程結束後開始讓學員體驗課程。(上體驗課程前，會先與您聯繫預期想體驗的課程。) 200 2 堂 https://images.unsplash.com/photo-1571019614242-c5c5dee9f50b?ixlib=rb-4.0.3&ixid=M3wxMjA3fDB8MHxwaG90by1wYWdlfHx8fGVufDB8fHx8fA%3D%3D&auto=format&fit=crop&w=2070&q=80 拉基 true} {1 CK內衣組 CK內衣 我的超人 1980 3 1  性感 true}]"
time="2023-07-12 09:59:54" level=info msg="國別碼2碼: US"
time="2023-07-12 09:59:54" level=info msg="國別碼3碼: USA"
time="2023-07-12 09:59:54" level=info msg="國家全名: United States of America (the)"
time="2023-07-12 09:59:55" level=info msg="國別碼2碼: US"
time="2023-07-12 09:59:55" level=info msg="國別碼3碼: USA"
time="2023-07-12 09:59:55" level=info msg="國家全名: United States of America (the)"
time="2023-07-12 09:59:56" level=info msg="國別碼2碼: US"
time="2023-07-12 09:59:56" level=info msg="國別碼3碼: USA"
time="2023-07-12 09:59:56" level=info msg="國家全名: United States of America (the)"
time="2023-07-12 09:59:57" level=info msg="國別碼2碼: US"
time="2023-07-12 09:59:57" level=info msg="國別碼3碼: USA"
time="2023-07-12 09:59:57" level=info msg="國家全名: United States of America (the)"
time="2023-07-12 09:59:58" level=info msg="國別碼2碼: US"
time="2023-07-12 09:59:58" level=info msg="國別碼3碼: USA"
time="2023-07-12 09:59:58" level=info msg="國家全名: United States of America (the)"
time="2023-07-12 10:13:13" level=info msg="國別碼2碼: NL"
time="2023-07-12 10:13:13" level=info msg="國別碼3碼: NLD"
time="2023-07-12 10:13:13" level=info msg="國家全名: Netherlands (the)"
time="2023-07-12 10:27:03" level=info msg="國別碼2碼: CN"
time="2023-07-12 10:27:03" level=info msg="國別碼3碼: CHN"
time="2023-07-12 10:27:03" level=info msg="國家全名: China"
time="2023-07-12 10:31:45" level=info msg="國別碼2碼: US"
time="2023-07-12 10:31:45" level=info msg="國別碼3碼: USA"
time="2023-07-12 10:31:45" level=info msg="國家全名: United States of America (the)"
time="2023-07-12 11:08:47" level=info msg="國別碼2碼: HK"
time="2023-07-12 11:08:47" level=info msg="國別碼3碼: HKG"
time="2023-07-12 11:08:47" level=info msg="國家全名: Hong Kong"
time="2023-07-12 11:30:10" level=info msg="國別碼2碼: PT"
time="2023-07-12 11:30:10" level=info msg="國別碼3碼: PRT"
time="2023-07-12 11:30:10" level=info msg="國家全名: Portugal"
time="2023-07-12 12:10:46" level=info msg="國別碼2碼: BG"
time="2023-07-12 12:10:46" level=info msg="國別碼3碼: BGR"
time="2023-07-12 12:10:46" level=info msg="國家全名: Bulgaria"
time="2023-07-12 13:01:12" level=info msg="國別碼2碼: CA"
time="2023-07-12 13:01:12" level=info msg="國別碼3碼: CAN"
time="2023-07-12 13:01:12" level=info msg="國家全名: Canada"
time="2023-07-12 13:01:15" level=info msg="國別碼2碼: CA"
time="2023-07-12 13:01:15" level=info msg="國別碼3碼: CAN"
time="2023-07-12 13:01:15" level=info msg="國家全名: Canada"
time="2023-07-12 13:21:40" level=info msg="國別碼2碼: US"
time="2023-07-12 13:21:40" level=info msg="國別碼3碼: USA"
time="2023-07-12 13:21:40" level=info msg="國家全名: United States of America (the)"
time="2023-07-12 13:21:41" level=info msg="國別碼2碼: US"
time="2023-07-12 13:21:41" level=info msg="國別碼3碼: USA"
time="2023-07-12 13:21:41" level=info msg="國家全名: United States of America (the)"
time="2023-07-12 13:24:26" level=info msg="國別碼2碼: BE"
time="2023-07-12 13:24:26" level=info msg="國別碼3碼: BEL"
time="2023-07-12 13:24:26" level=info msg="國家全名: Belgium"
time="2023-07-12 14:10:06" level=info msg="國別碼2碼: CA"
time="2023-07-12 14:10:06" level=info msg="國別碼3碼: CAN"
time="2023-07-12 14:10:06" level=info msg="國家全名: Canada"
time="2023-07-12 14:10:07" level=info msg="國別碼2碼: CA"
time="2023-07-12 14:10:07" level=info msg="國別碼3碼: CAN"
time="2023-07-12 14:10:07" level=info msg="國家全名: Canada"
time="2023-07-12 14:15:55" level=info msg="國別碼2碼: ES"
time="2023-07-12 14:15:55" level=info msg="國別碼3碼: ESP"
time="2023-07-12 14:15:55" level=info msg="國家全名: Spain"
time="2023-07-12 14:28:10" level=info msg="國別碼2碼: US"
time="2023-07-12 14:28:10" level=info msg="國別碼3碼: USA"
time="2023-07-12 14:28:10" level=info msg="國家全名: United States of America (the)"
time="2023-07-12 14:28:10" level=info msg="國別碼2碼: US"
time="2023-07-12 14:28:10" level=info msg="國別碼3碼: USA"
time="2023-07-12 14:28:10" level=info msg="國家全名: United States of America (the)"
time="2023-07-12 14:32:37" level=info msg="國別碼2碼: US"
time="2023-07-12 14:32:37" level=info msg="國別碼3碼: USA"
time="2023-07-12 14:32:37" level=info msg="國家全名: United States of America (the)"
time="2023-07-12 14:37:51" level=info msg="國別碼2碼: CA"
time="2023-07-12 14:37:51" level=info msg="國別碼3碼: CAN"
time="2023-07-12 14:37:51" level=info msg="國家全名: Canada"
time="2023-07-12 14:47:41" level=info msg="國別碼2碼: FR"
time="2023-07-12 14:47:41" level=info msg="國別碼3碼: FRA"
time="2023-07-12 14:47:41" level=info msg="國家全名: France"
time="2023-07-12 14:59:26" level=info msg="國別碼2碼: CN"
time="2023-07-12 14:59:26" level=info msg="國別碼3碼: CHN"
time="2023-07-12 14:59:26" level=info msg="國家全名: China"
time="2023-07-12 15:30:27" level=info msg="國別碼2碼: CA"
time="2023-07-12 15:30:27" level=info msg="國別碼3碼: CAN"
time="2023-07-12 15:30:27" level=info msg="國家全名: Canada"
time="2023-07-12 15:30:28" level=info msg="國別碼2碼: CA"
time="2023-07-12 15:30:28" level=info msg="國別碼3碼: CAN"
time="2023-07-12 15:30:28" level=info msg="國家全名: Canada"
time="2023-07-12 15:36:50" level=info msg="國別碼2碼: US"
time="2023-07-12 15:36:50" level=info msg="國別碼3碼: USA"
time="2023-07-12 15:36:50" level=info msg="國家全名: United States of America (the)"
time="2023-07-12 15:46:32" level=info msg="國別碼2碼: US"
time="2023-07-12 15:46:32" level=info msg="國別碼3碼: USA"
time="2023-07-12 15:46:32" level=info msg="國家全名: United States of America (the)"
time="2023-07-12 15:46:33" level=info msg="國別碼2碼: US"
time="2023-07-12 15:46:33" level=info msg="國別碼3碼: USA"
time="2023-07-12 15:46:33" level=info msg="國家全名: United States of America (the)"
time="2023-07-12 15:48:20" level=info msg="國別碼2碼: CN"
time="2023-07-12 15:48:20" level=info msg="國別碼3碼: CHN"
time="2023-07-12 15:48:20" level=info msg="國家全名: China"
time="2023-07-12 15:48:21" level=info msg="國別碼2碼: CN"
time="2023-07-12 15:48:21" level=info msg="國別碼3碼: CHN"
time="2023-07-12 15:48:21" level=info msg="國家全名: China"
time="2023-07-12 15:48:24" level=info msg="國別碼2碼: CN"
time="2023-07-12 15:48:24" level=info msg="國別碼3碼: CHN"
time="2023-07-12 15:48:24" level=info msg="國家全名: China"
time="2023-07-12 15:48:25" level=info msg="國別碼2碼: CN"
time="2023-07-12 15:48:25" level=info msg="國別碼3碼: CHN"
time="2023-07-12 15:48:25" level=info msg="國家全名: China"
time="2023-07-12 15:48:26" level=info msg="國別碼2碼: CN"
time="2023-07-12 15:48:26" level=info msg="國別碼3碼: CHN"
time="2023-07-12 15:48:26" level=info msg="國家全名: China"
time="2023-07-12 15:48:27" level=info msg="國別碼2碼: CN"
time="2023-07-12 15:48:27" level=info msg="國別碼3碼: CHN"
time="2023-07-12 15:48:27" level=info msg="國家全名: China"
time="2023-07-12 15:48:30" level=info msg="國別碼2碼: CN"
time="2023-07-12 15:48:30" level=info msg="國別碼3碼: CHN"
time="2023-07-12 15:48:30" level=info msg="國家全名: China"
time="2023-07-12 15:48:30" level=info msg="國別碼2碼: CN"
time="2023-07-12 15:48:30" level=info msg="國別碼3碼: CHN"
time="2023-07-12 15:48:30" level=info msg="國家全名: China"
time="2023-07-12 15:48:32" level=info msg="國別碼2碼: CN"
time="2023-07-12 15:48:32" level=info msg="國別碼3碼: CHN"
time="2023-07-12 15:48:32" level=info msg="國家全名: China"
time="2023-07-12 15:48:32" level=info msg="國別碼2碼: CN"
time="2023-07-12 15:48:32" level=info msg="國別碼3碼: CHN"
time="2023-07-12 15:48:32" level=info msg="國家全名: China"
time="2023-07-12 15:56:15" level=info msg="國別碼2碼: US"
time="2023-07-12 15:56:15" level=info msg="國別碼3碼: USA"
time="2023-07-12 15:56:15" level=info msg="國家全名: United States of America (the)"
time="2023-07-12 16:19:27" level=info msg="國別碼2碼: CN"
time="2023-07-12 16:19:27" level=info msg="國別碼3碼: CHN"
time="2023-07-12 16:19:27" level=info msg="國家全名: China"
time="2023-07-12 16:19:53" level=info msg="國別碼2碼: CN"
time="2023-07-12 16:19:53" level=info msg="國別碼3碼: CHN"
time="2023-07-12 16:19:53" level=info msg="國家全名: China"
time="2023-07-12 16:29:20" level=info msg="國別碼2碼: CN"
time="2023-07-12 16:29:20" level=info msg="國別碼3碼: CHN"
time="2023-07-12 16:29:20" level=info msg="國家全名: China"
time="2023-07-12 16:29:21" level=info msg="國別碼2碼: CN"
time="2023-07-12 16:29:21" level=info msg="國別碼3碼: CHN"
time="2023-07-12 16:29:21" level=info msg="國家全名: China"
time="2023-07-12 16:29:22" level=info msg="國別碼2碼: CN"
time="2023-07-12 16:29:22" level=info msg="國別碼3碼: CHN"
time="2023-07-12 16:29:22" level=info msg="國家全名: China"
time="2023-07-12 16:29:22" level=info msg="國別碼2碼: CN"
time="2023-07-12 16:29:22" level=info msg="國別碼3碼: CHN"
time="2023-07-12 16:29:22" level=info msg="國家全名: China"
time="2023-07-12 16:34:45" level=info msg="國別碼2碼: CA"
time="2023-07-12 16:34:45" level=info msg="國別碼3碼: CAN"
time="2023-07-12 16:34:45" level=info msg="國家全名: Canada"
time="2023-07-12 16:34:46" level=info msg="國別碼2碼: CA"
time="2023-07-12 16:34:46" level=info msg="國別碼3碼: CAN"
time="2023-07-12 16:34:46" level=info msg="國家全名: Canada"
time="2023-07-12 17:10:30" level=info msg="國別碼2碼: CA"
time="2023-07-12 17:10:30" level=info msg="國別碼3碼: CAN"
time="2023-07-12 17:10:30" level=info msg="國家全名: Canada"
time="2023-07-12 17:10:32" level=info msg="國別碼2碼: CA"
time="2023-07-12 17:10:32" level=info msg="國別碼3碼: CAN"
time="2023-07-12 17:10:32" level=info msg="國家全名: Canada"
time="2023-07-12 17:26:44" level=info msg="國別碼2碼: HK"
time="2023-07-12 17:26:44" level=info msg="國別碼3碼: HKG"
time="2023-07-12 17:26:44" level=info msg="國家全名: Hong Kong"
time="2023-07-12 18:13:51" level=info msg="國別碼2碼: SG"
time="2023-07-12 18:13:51" level=info msg="國別碼3碼: SGP"
time="2023-07-12 18:13:51" level=info msg="國家全名: Singapore"
time="2023-07-12 18:13:53" level=info msg="國別碼2碼: SG"
time="2023-07-12 18:13:53" level=info msg="國別碼3碼: SGP"
time="2023-07-12 18:13:53" level=info msg="國家全名: Singapore"
time="2023-07-12 18:13:53" level=info msg="國別碼2碼: SG"
time="2023-07-12 18:13:53" level=info msg="國別碼3碼: SGP"
time="2023-07-12 18:13:53" level=info msg="國家全名: Singapore"
time="2023-07-12 18:13:55" level=info msg="國別碼2碼: SG"
time="2023-07-12 18:13:55" level=info msg="國別碼3碼: SGP"
time="2023-07-12 18:13:55" level=info msg="國家全名: Singapore"
time="2023-07-12 18:16:49" level=info msg="國別碼2碼: LT"
time="2023-07-12 18:16:49" level=info msg="國別碼3碼: LTU"
time="2023-07-12 18:16:49" level=info msg="國家全名: Lithuania"
time="2023-07-12 18:19:36" level=info msg="國別碼2碼: CA"
time="2023-07-12 18:19:36" level=info msg="國別碼3碼: CAN"
time="2023-07-12 18:19:36" level=info msg="國家全名: Canada"
time="2023-07-12 18:19:37" level=info msg="國別碼2碼: CA"
time="2023-07-12 18:19:37" level=info msg="國別碼3碼: CAN"
time="2023-07-12 18:19:37" level=info msg="國家全名: Canada"
time="2023-07-12 18:21:34" level=info msg="國別碼2碼: NL"
time="2023-07-12 18:21:34" level=info msg="國別碼3碼: NLD"
time="2023-07-12 18:21:34" level=info msg="國家全名: Netherlands (the)"
time="2023-07-12 18:34:26" level=info msg="國別碼2碼: US"
time="2023-07-12 18:34:26" level=info msg="國別碼3碼: USA"
time="2023-07-12 18:34:26" level=info msg="國家全名: United States of America (the)"
time="2023-07-12 18:43:44" level=info msg="國別碼2碼: GB"
time="2023-07-12 18:43:44" level=info msg="國別碼3碼: GBR"
time="2023-07-12 18:43:44" level=info msg="國家全名: United Kingdom of Great Britain and Northern Ireland (the)"
time="2023-07-12 18:43:47" level=info msg="國別碼2碼: GB"
time="2023-07-12 18:43:47" level=info msg="國別碼3碼: GBR"
time="2023-07-12 18:43:47" level=info msg="國家全名: United Kingdom of Great Britain and Northern Ireland (the)"
time="2023-07-12 18:50:58" level=info msg="國別碼2碼: US"
time="2023-07-12 18:50:58" level=info msg="國別碼3碼: USA"
time="2023-07-12 18:50:58" level=info msg="國家全名: United States of America (the)"
time="2023-07-12 18:55:01" level=info msg="國別碼2碼: US"
time="2023-07-12 18:55:01" level=info msg="國別碼3碼: USA"
time="2023-07-12 18:55:01" level=info msg="國家全名: United States of America (the)"
time="2023-07-12 18:58:23" level=info msg="國別碼2碼: GB"
time="2023-07-12 18:58:23" level=info msg="國別碼3碼: GBR"
time="2023-07-12 18:58:23" level=info msg="國家全名: United Kingdom of Great Britain and Northern Ireland (the)"
time="2023-07-12 19:09:50" level=info msg="國別碼2碼: CA"
time="2023-07-12 19:09:50" level=info msg="國別碼3碼: CAN"
time="2023-07-12 19:09:50" level=info msg="國家全名: Canada"
time="2023-07-12 19:09:51" level=info msg="國別碼2碼: CA"
time="2023-07-12 19:09:51" level=info msg="國別碼3碼: CAN"
time="2023-07-12 19:09:51" level=info msg="國家全名: Canada"
time="2023-07-12 19:18:57" level=info msg="國別碼2碼: LT"
time="2023-07-12 19:18:57" level=info msg="國別碼3碼: LTU"
time="2023-07-12 19:18:57" level=info msg="國家全名: Lithuania"
time="2023-07-12 19:33:24" level=info msg="國別碼2碼: DE"
time="2023-07-12 19:33:24" level=info msg="國別碼3碼: DEU"
time="2023-07-12 19:33:24" level=info msg="國家全名: Germany"
time="2023-07-12 19:33:25" level=info msg="國別碼2碼: DE"
time="2023-07-12 19:33:25" level=info msg="國別碼3碼: DEU"
time="2023-07-12 19:33:25" level=info msg="國家全名: Germany"
time="2023-07-12 20:06:40" level=info msg="國別碼2碼: LT"
time="2023-07-12 20:06:40" level=info msg="國別碼3碼: LTU"
time="2023-07-12 20:06:40" level=info msg="國家全名: Lithuania"
time="2023-07-12 20:07:30" level=info msg="國別碼2碼: US"
time="2023-07-12 20:07:30" level=info msg="國別碼3碼: USA"
time="2023-07-12 20:07:30" level=info msg="國家全名: United States of America (the)"
time="2023-07-12 20:11:32" level=info msg="國別碼2碼: HK"
time="2023-07-12 20:11:32" level=info msg="國別碼3碼: HKG"
time="2023-07-12 20:11:32" level=info msg="國家全名: Hong Kong"
time="2023-07-12 20:30:32" level=info msg="國別碼2碼: HK"
time="2023-07-12 20:30:32" level=info msg="國別碼3碼: HKG"
time="2023-07-12 20:30:32" level=info msg="國家全名: Hong Kong"
time="2023-07-12 20:30:48" level=info msg="國別碼2碼: FR"
time="2023-07-12 20:30:48" level=info msg="國別碼3碼: FRA"
time="2023-07-12 20:30:48" level=info msg="國家全名: France"
time="2023-07-12 20:48:26" level=info msg="國別碼2碼: CA"
time="2023-07-12 20:48:26" level=info msg="國別碼3碼: CAN"
time="2023-07-12 20:48:26" level=info msg="國家全名: Canada"
time="2023-07-12 20:48:27" level=info msg="國別碼2碼: CA"
time="2023-07-12 20:48:27" level=info msg="國別碼3碼: CAN"
time="2023-07-12 20:48:27" level=info msg="國家全名: Canada"
time="2023-07-12 20:55:43" level=info msg="國別碼2碼: CN"
time="2023-07-12 20:55:43" level=info msg="國別碼3碼: CHN"
time="2023-07-12 20:55:43" level=info msg="國家全名: China"
time="2023-07-12 21:02:43" level=info msg="國別碼2碼: CA"
time="2023-07-12 21:02:43" level=info msg="國別碼3碼: CAN"
time="2023-07-12 21:02:43" level=info msg="國家全名: Canada"
time="2023-07-12 21:02:44" level=info msg="國別碼2碼: CA"
time="2023-07-12 21:02:44" level=info msg="國別碼3碼: CAN"
time="2023-07-12 21:02:44" level=info msg="國家全名: Canada"
time="2023-07-12 21:05:33" level=info msg="國別碼2碼: RU"
time="2023-07-12 21:05:33" level=info msg="國別碼3碼: RUS"
time="2023-07-12 21:05:33" level=info msg="國家全名: Russian Federation (the)"
time="2023-07-12 21:06:40" level=info msg="國別碼2碼: CN"
time="2023-07-12 21:06:40" level=info msg="國別碼3碼: CHN"
time="2023-07-12 21:06:40" level=info msg="國家全名: China"
time="2023-07-12 21:06:41" level=info msg="國別碼2碼: CN"
time="2023-07-12 21:06:41" level=info msg="國別碼3碼: CHN"
time="2023-07-12 21:06:41" level=info msg="國家全名: China"
time="2023-07-12 21:09:22" level=info msg="國別碼2碼: PT"
time="2023-07-12 21:09:22" level=info msg="國別碼3碼: PRT"
time="2023-07-12 21:09:22" level=info msg="國家全名: Portugal"
time="2023-07-12 21:27:59" level=info msg="國別碼2碼: FR"
time="2023-07-12 21:27:59" level=info msg="國別碼3碼: FRA"
time="2023-07-12 21:27:59" level=info msg="國家全名: France"
time="2023-07-12 21:44:37" level=info msg="國別碼2碼: FR"
time="2023-07-12 21:44:37" level=info msg="國別碼3碼: FRA"
time="2023-07-12 21:44:37" level=info msg="國家全名: France"
time="2023-07-12 22:04:02" level=info msg="國別碼2碼: CA"
time="2023-07-12 22:04:02" level=info msg="國別碼3碼: CAN"
time="2023-07-12 22:04:02" level=info msg="國家全名: Canada"
time="2023-07-12 22:04:03" level=info msg="國別碼2碼: CA"
time="2023-07-12 22:04:03" level=info msg="國別碼3碼: CAN"
time="2023-07-12 22:04:03" level=info msg="國家全名: Canada"
time="2023-07-12 22:19:02" level=info msg="國別碼2碼: FR"
time="2023-07-12 22:19:02" level=info msg="國別碼3碼: FRA"
time="2023-07-12 22:19:02" level=info msg="國家全名: France"
time="2023-07-12 23:00:01" level=info msg="國別碼2碼: FR"
time="2023-07-12 23:00:01" level=info msg="國別碼3碼: FRA"
time="2023-07-12 23:00:01" level=info msg="國家全名: France"
time="2023-07-12 23:28:21" level=info msg="國別碼2碼: CA"
time="2023-07-12 23:28:21" level=info msg="國別碼3碼: CAN"
time="2023-07-12 23:28:21" level=info msg="國家全名: Canada"
time="2023-07-12 23:28:22" level=info msg="國別碼2碼: CA"
time="2023-07-12 23:28:22" level=info msg="國別碼3碼: CAN"
time="2023-07-12 23:28:22" level=info msg="國家全名: Canada"
time="2023-07-12 23:36:29" level=info msg="國別碼2碼: FR"
time="2023-07-12 23:36:29" level=info msg="國別碼3碼: FRA"
time="2023-07-12 23:36:29" level=info msg="國家全名: France"
time="2023-07-12 23:43:13" level=info msg="國別碼2碼: BO"
time="2023-07-12 23:43:13" level=info msg="國別碼3碼: BOL"
time="2023-07-12 23:43:13" level=info msg="國家全名: Bolivia (Plurinational State of)"
time="2023-07-12 23:45:27" level=info msg="國別碼2碼: CN"
time="2023-07-12 23:45:27" level=info msg="國別碼3碼: CHN"
time="2023-07-12 23:45:27" level=info msg="國家全名: China"
