time="2023-07-18 00:13:38" level=info msg="國別碼2碼: VN"
time="2023-07-18 00:13:38" level=info msg="國別碼3碼: VNM"
time="2023-07-18 00:13:38" level=info msg="國家全名: Viet Nam"
time="2023-07-18 00:19:54" level=info msg="國別碼2碼: FR"
time="2023-07-18 00:19:54" level=info msg="國別碼3碼: FRA"
time="2023-07-18 00:19:54" level=info msg="國家全名: France"
time="2023-07-18 00:26:01" level=info msg="國別碼2碼: FR"
time="2023-07-18 00:26:01" level=info msg="國別碼3碼: FRA"
time="2023-07-18 00:26:01" level=info msg="國家全名: France"
time="2023-07-18 00:26:02" level=info msg="國別碼2碼: FR"
time="2023-07-18 00:26:02" level=info msg="國別碼3碼: FRA"
time="2023-07-18 00:26:02" level=info msg="國家全名: France"
time="2023-07-18 00:50:25" level=info msg="國別碼2碼: FR"
time="2023-07-18 00:50:25" level=info msg="國別碼3碼: FRA"
time="2023-07-18 00:50:25" level=info msg="國家全名: France"
time="2023-07-18 00:50:27" level=info msg="國別碼2碼: FR"
time="2023-07-18 00:50:27" level=info msg="國別碼3碼: FRA"
time="2023-07-18 00:50:27" level=info msg="國家全名: France"
time="2023-07-18 01:00:34" level=info msg="國別碼2碼: FR"
time="2023-07-18 01:00:34" level=info msg="國別碼3碼: FRA"
time="2023-07-18 01:00:34" level=info msg="國家全名: France"
time="2023-07-18 01:09:42" level=info msg="國別碼2碼: US"
time="2023-07-18 01:09:42" level=info msg="國別碼3碼: USA"
time="2023-07-18 01:09:42" level=info msg="國家全名: United States of America (the)"
time="2023-07-18 01:09:44" level=info msg="國別碼2碼: US"
time="2023-07-18 01:09:44" level=info msg="國別碼3碼: USA"
time="2023-07-18 01:09:44" level=info msg="國家全名: United States of America (the)"
time="2023-07-18 01:09:45" level=info msg="國別碼2碼: US"
time="2023-07-18 01:09:45" level=info msg="國別碼3碼: USA"
time="2023-07-18 01:09:45" level=info msg="國家全名: United States of America (the)"
time="2023-07-18 01:09:46" level=info msg="國別碼2碼: US"
time="2023-07-18 01:09:46" level=info msg="國別碼3碼: USA"
time="2023-07-18 01:09:46" level=info msg="國家全名: United States of America (the)"
time="2023-07-18 01:09:47" level=info msg="國別碼2碼: US"
time="2023-07-18 01:09:47" level=info msg="國別碼3碼: USA"
time="2023-07-18 01:09:47" level=info msg="國家全名: United States of America (the)"
time="2023-07-18 01:38:53" level=info msg="國別碼2碼: FR"
time="2023-07-18 01:38:53" level=info msg="國別碼3碼: FRA"
time="2023-07-18 01:38:53" level=info msg="國家全名: France"
time="2023-07-18 01:49:11" level=info msg="國別碼2碼: NL"
time="2023-07-18 01:49:11" level=info msg="國別碼3碼: NLD"
time="2023-07-18 01:49:11" level=info msg="國家全名: Netherlands (the)"
time="2023-07-18 01:49:12" level=info msg="國別碼2碼: NL"
time="2023-07-18 01:49:12" level=info msg="國別碼3碼: NLD"
time="2023-07-18 01:49:12" level=info msg="國家全名: Netherlands (the)"
time="2023-07-18 01:54:51" level=info msg="國別碼2碼: FR"
time="2023-07-18 01:54:51" level=info msg="國別碼3碼: FRA"
time="2023-07-18 01:54:51" level=info msg="國家全名: France"
time="2023-07-18 01:54:52" level=info msg="國別碼2碼: FR"
time="2023-07-18 01:54:52" level=info msg="國別碼3碼: FRA"
time="2023-07-18 01:54:52" level=info msg="國家全名: France"
time="2023-07-18 01:55:27" level=info msg="國別碼2碼: FR"
time="2023-07-18 01:55:27" level=info msg="國別碼3碼: FRA"
time="2023-07-18 01:55:27" level=info msg="國家全名: France"
time="2023-07-18 02:09:43" level=info msg="國別碼2碼: FR"
time="2023-07-18 02:09:43" level=info msg="國別碼3碼: FRA"
time="2023-07-18 02:09:43" level=info msg="國家全名: France"
time="2023-07-18 02:09:44" level=info msg="國別碼2碼: FR"
time="2023-07-18 02:09:44" level=info msg="國別碼3碼: FRA"
time="2023-07-18 02:09:44" level=info msg="國家全名: France"
time="2023-07-18 02:15:27" level=info msg="國別碼2碼: US"
time="2023-07-18 02:15:27" level=info msg="國別碼3碼: USA"
time="2023-07-18 02:15:27" level=info msg="國家全名: United States of America (the)"
time="2023-07-18 02:17:34" level=info msg="國別碼2碼: US"
time="2023-07-18 02:17:34" level=info msg="國別碼3碼: USA"
time="2023-07-18 02:17:34" level=info msg="國家全名: United States of America (the)"
time="2023-07-18 02:19:10" level=info msg="國別碼2碼: US"
time="2023-07-18 02:19:10" level=info msg="國別碼3碼: USA"
time="2023-07-18 02:19:10" level=info msg="國家全名: United States of America (the)"
time="2023-07-18 02:32:05" level=info msg="國別碼2碼: US"
time="2023-07-18 02:32:05" level=info msg="國別碼3碼: USA"
time="2023-07-18 02:32:05" level=info msg="國家全名: United States of America (the)"
time="2023-07-18 02:32:19" level=info msg="國別碼2碼: US"
time="2023-07-18 02:32:19" level=info msg="國別碼3碼: USA"
time="2023-07-18 02:32:19" level=info msg="國家全名: United States of America (the)"
time="2023-07-18 02:51:07" level=info msg="國別碼2碼: RO"
time="2023-07-18 02:51:07" level=info msg="國別碼3碼: ROU"
time="2023-07-18 02:51:07" level=info msg="國家全名: Romania"
time="2023-07-18 02:51:57" level=info msg="國別碼2碼: FR"
time="2023-07-18 02:51:57" level=info msg="國別碼3碼: FRA"
time="2023-07-18 02:51:57" level=info msg="國家全名: France"
time="2023-07-18 03:02:12" level=info msg="國別碼2碼: FR"
time="2023-07-18 03:02:12" level=info msg="國別碼3碼: FRA"
time="2023-07-18 03:02:12" level=info msg="國家全名: France"
time="2023-07-18 03:02:13" level=info msg="國別碼2碼: FR"
time="2023-07-18 03:02:13" level=info msg="國別碼3碼: FRA"
time="2023-07-18 03:02:13" level=info msg="國家全名: France"
time="2023-07-18 03:05:27" level=info msg="國別碼2碼: FR"
time="2023-07-18 03:05:27" level=info msg="國別碼3碼: FRA"
time="2023-07-18 03:05:27" level=info msg="國家全名: France"
time="2023-07-18 03:40:16" level=info msg="國別碼2碼: JP"
time="2023-07-18 03:40:16" level=info msg="國別碼3碼: JPN"
time="2023-07-18 03:40:16" level=info msg="國家全名: Japan"
time="2023-07-18 03:44:20" level=info msg="國別碼2碼: HK"
time="2023-07-18 03:44:20" level=info msg="國別碼3碼: HKG"
time="2023-07-18 03:44:20" level=info msg="國家全名: Hong Kong"
time="2023-07-18 03:44:33" level=info msg="國別碼2碼: SG"
time="2023-07-18 03:44:33" level=info msg="國別碼3碼: SGP"
time="2023-07-18 03:44:33" level=info msg="國家全名: Singapore"
time="2023-07-18 03:47:32" level=info msg="國別碼2碼: FR"
time="2023-07-18 03:47:32" level=info msg="國別碼3碼: FRA"
time="2023-07-18 03:47:32" level=info msg="國家全名: France"
time="2023-07-18 03:47:33" level=info msg="國別碼2碼: FR"
time="2023-07-18 03:47:33" level=info msg="國別碼3碼: FRA"
time="2023-07-18 03:47:33" level=info msg="國家全名: France"
time="2023-07-18 03:55:04" level=info msg="國別碼2碼: US"
time="2023-07-18 03:55:04" level=info msg="國別碼3碼: USA"
time="2023-07-18 03:55:04" level=info msg="國家全名: United States of America (the)"
time="2023-07-18 04:02:24" level=info msg="國別碼2碼: FR"
time="2023-07-18 04:02:24" level=info msg="國別碼3碼: FRA"
time="2023-07-18 04:02:24" level=info msg="國家全名: France"
time="2023-07-18 04:09:17" level=info msg="國別碼2碼: RU"
time="2023-07-18 04:09:17" level=info msg="國別碼3碼: RUS"
time="2023-07-18 04:09:17" level=info msg="國家全名: Russian Federation (the)"
time="2023-07-18 04:21:39" level=info msg="國別碼2碼: US"
time="2023-07-18 04:21:39" level=info msg="國別碼3碼: USA"
time="2023-07-18 04:21:39" level=info msg="國家全名: United States of America (the)"
time="2023-07-18 04:29:57" level=info msg="國別碼2碼: FR"
time="2023-07-18 04:29:57" level=info msg="國別碼3碼: FRA"
time="2023-07-18 04:29:57" level=info msg="國家全名: France"
time="2023-07-18 04:53:44" level=info msg="國別碼2碼: FR"
time="2023-07-18 04:53:44" level=info msg="國別碼3碼: FRA"
time="2023-07-18 04:53:44" level=info msg="國家全名: France"
time="2023-07-18 04:53:45" level=info msg="國別碼2碼: FR"
time="2023-07-18 04:53:45" level=info msg="國別碼3碼: FRA"
time="2023-07-18 04:53:45" level=info msg="國家全名: France"
time="2023-07-18 05:11:31" level=info msg="國別碼2碼: GB"
time="2023-07-18 05:11:31" level=info msg="國別碼3碼: GBR"
time="2023-07-18 05:11:31" level=info msg="國家全名: United Kingdom of Great Britain and Northern Ireland (the)"
time="2023-07-18 05:11:34" level=info msg="國別碼2碼: GB"
time="2023-07-18 05:11:34" level=info msg="國別碼3碼: GBR"
time="2023-07-18 05:11:34" level=info msg="國家全名: United Kingdom of Great Britain and Northern Ireland (the)"
time="2023-07-18 05:11:35" level=info msg="國別碼2碼: GB"
time="2023-07-18 05:11:35" level=info msg="國別碼3碼: GBR"
time="2023-07-18 05:11:35" level=info msg="國家全名: United Kingdom of Great Britain and Northern Ireland (the)"
time="2023-07-18 05:11:38" level=info msg="國別碼2碼: GB"
time="2023-07-18 05:11:38" level=info msg="國別碼3碼: GBR"
time="2023-07-18 05:11:38" level=info msg="國家全名: United Kingdom of Great Britain and Northern Ireland (the)"
time="2023-07-18 05:11:40" level=info msg="國別碼2碼: GB"
time="2023-07-18 05:11:40" level=info msg="國別碼3碼: GBR"
time="2023-07-18 05:11:40" level=info msg="國家全名: United Kingdom of Great Britain and Northern Ireland (the)"
time="2023-07-18 05:11:42" level=info msg="國別碼2碼: GB"
time="2023-07-18 05:11:42" level=info msg="國別碼3碼: GBR"
time="2023-07-18 05:11:42" level=info msg="國家全名: United Kingdom of Great Britain and Northern Ireland (the)"
time="2023-07-18 05:11:44" level=info msg="國別碼2碼: GB"
time="2023-07-18 05:11:44" level=info msg="國別碼3碼: GBR"
time="2023-07-18 05:11:44" level=info msg="國家全名: United Kingdom of Great Britain and Northern Ireland (the)"
time="2023-07-18 05:11:46" level=info msg="國別碼2碼: GB"
time="2023-07-18 05:11:46" level=info msg="國別碼3碼: GBR"
time="2023-07-18 05:11:46" level=info msg="國家全名: United Kingdom of Great Britain and Northern Ireland (the)"
time="2023-07-18 05:11:48" level=info msg="國別碼2碼: GB"
time="2023-07-18 05:11:48" level=info msg="國別碼3碼: GBR"
time="2023-07-18 05:11:48" level=info msg="國家全名: United Kingdom of Great Britain and Northern Ireland (the)"
time="2023-07-18 05:11:51" level=info msg="國別碼2碼: GB"
time="2023-07-18 05:11:51" level=info msg="國別碼3碼: GBR"
time="2023-07-18 05:11:51" level=info msg="國家全名: United Kingdom of Great Britain and Northern Ireland (the)"
time="2023-07-18 05:11:52" level=info msg="國別碼2碼: GB"
time="2023-07-18 05:11:52" level=info msg="國別碼3碼: GBR"
time="2023-07-18 05:11:52" level=info msg="國家全名: United Kingdom of Great Britain and Northern Ireland (the)"
time="2023-07-18 05:11:55" level=info msg="國別碼2碼: GB"
time="2023-07-18 05:11:55" level=info msg="國別碼3碼: GBR"
time="2023-07-18 05:11:55" level=info msg="國家全名: United Kingdom of Great Britain and Northern Ireland (the)"
time="2023-07-18 05:11:56" level=info msg="國別碼2碼: GB"
time="2023-07-18 05:11:56" level=info msg="國別碼3碼: GBR"
time="2023-07-18 05:11:56" level=info msg="國家全名: United Kingdom of Great Britain and Northern Ireland (the)"
time="2023-07-18 06:16:53" level=info msg="國別碼2碼: RU"
time="2023-07-18 06:16:53" level=info msg="國別碼3碼: RUS"
time="2023-07-18 06:16:53" level=info msg="國家全名: Russian Federation (the)"
time="2023-07-18 06:18:54" level=info msg="國別碼2碼: RU"
time="2023-07-18 06:18:54" level=info msg="國別碼3碼: RUS"
time="2023-07-18 06:18:54" level=info msg="國家全名: Russian Federation (the)"
time="2023-07-18 06:31:46" level=info msg="國別碼2碼: RU"
time="2023-07-18 06:31:46" level=info msg="國別碼3碼: RUS"
time="2023-07-18 06:31:46" level=info msg="國家全名: Russian Federation (the)"
time="2023-07-18 06:54:58" level=info msg="國別碼2碼: FR"
time="2023-07-18 06:54:58" level=info msg="國別碼3碼: FRA"
time="2023-07-18 06:54:58" level=info msg="國家全名: France"
time="2023-07-18 06:55:00" level=info msg="國別碼2碼: FR"
time="2023-07-18 06:55:00" level=info msg="國別碼3碼: FRA"
time="2023-07-18 06:55:00" level=info msg="國家全名: France"
time="2023-07-18 07:29:14" level=info msg="國別碼2碼: FR"
time="2023-07-18 07:29:14" level=info msg="國別碼3碼: FRA"
time="2023-07-18 07:29:14" level=info msg="國家全名: France"
time="2023-07-18 07:29:15" level=info msg="國別碼2碼: FR"
time="2023-07-18 07:29:15" level=info msg="國別碼3碼: FRA"
time="2023-07-18 07:29:15" level=info msg="國家全名: France"
time="2023-07-18 07:57:00" level=info msg="國別碼2碼: RO"
time="2023-07-18 07:57:00" level=info msg="國別碼3碼: ROU"
time="2023-07-18 07:57:00" level=info msg="國家全名: Romania"
time="2023-07-18 08:02:50" level=info msg="國別碼2碼: XZ"
time="2023-07-18 08:02:50" level=info msg="國別碼3碼: XZZ"
time="2023-07-18 08:02:50" level=info msg="國家全名: IANA Special-Purpose Address"
time="2023-07-18 08:02:50" level=info msg="取得商品資料[{15 b  1200 10    true} {14 a  1200 123    false} {7 TRX 123 500 1 堂  課程 true} {6 ck男生內褲 CK內褲 1980 3 1  性感 true} {3 哈達瑜珈 本課程適合首次來上課的人，一開始會先帶學員了解場館以及場館內的各式課程，並了解學員的目標以及目前身體的狀況、組成 (inbody)。在這些流程結束後開始讓學員體驗課程。(上體驗課程前，會先與您聯繫預期想體驗的課程。) 200 2 堂 https://images.unsplash.com/photo-1571019614242-c5c5dee9f50b?ixlib=rb-4.0.3&ixid=M3wxMjA3fDB8MHxwaG90by1wYWdlfHx8fGVufDB8fHx8fA%3D%3D&auto=format&fit=crop&w=2070&q=80 拉基 true} {1 CK內衣組 CK內衣 我的超人 1980 3 1  性感 true}]"
time="2023-07-18 08:13:49" level=info msg="國別碼2碼: FR"
time="2023-07-18 08:13:49" level=info msg="國別碼3碼: FRA"
time="2023-07-18 08:13:49" level=info msg="國家全名: France"
time="2023-07-18 08:13:51" level=info msg="國別碼2碼: FR"
time="2023-07-18 08:13:51" level=info msg="國別碼3碼: FRA"
time="2023-07-18 08:13:51" level=info msg="國家全名: France"
time="2023-07-18 08:20:32" level=info msg="國別碼2碼: FR"
time="2023-07-18 08:20:32" level=info msg="國別碼3碼: FRA"
time="2023-07-18 08:20:32" level=info msg="國家全名: France"
time="2023-07-18 08:20:34" level=info msg="國別碼2碼: FR"
time="2023-07-18 08:20:34" level=info msg="國別碼3碼: FRA"
time="2023-07-18 08:20:34" level=info msg="國家全名: France"
time="2023-07-18 08:59:36" level=info msg="國別碼2碼: XZ"
time="2023-07-18 08:59:36" level=info msg="國別碼3碼: XZZ"
time="2023-07-18 08:59:36" level=info msg="國家全名: IANA Special-Purpose Address"
time="2023-07-18 08:59:36" level=info msg="取得商品資料[{15 b  1200 10    true} {14 a  1200 123    false} {7 TRX 123 500 1 堂  課程 true} {6 ck男生內褲 CK內褲 1980 3 1  性感 true} {3 哈達瑜珈 本課程適合首次來上課的人，一開始會先帶學員了解場館以及場館內的各式課程，並了解學員的目標以及目前身體的狀況、組成 (inbody)。在這些流程結束後開始讓學員體驗課程。(上體驗課程前，會先與您聯繫預期想體驗的課程。) 200 2 堂 https://images.unsplash.com/photo-1571019614242-c5c5dee9f50b?ixlib=rb-4.0.3&ixid=M3wxMjA3fDB8MHxwaG90by1wYWdlfHx8fGVufDB8fHx8fA%3D%3D&auto=format&fit=crop&w=2070&q=80 拉基 true} {1 CK內衣組 CK內衣 我的超人 1980 3 1  性感 true}]"
time="2023-07-18 09:00:10" level=info msg="國別碼2碼: XZ"
time="2023-07-18 09:00:10" level=info msg="國別碼3碼: XZZ"
time="2023-07-18 09:00:10" level=info msg="國家全名: IANA Special-Purpose Address"
time="2023-07-18 09:00:10" level=info msg="取得商品資料[{15 b  1200 10    true} {14 a  1200 123    false} {7 TRX 123 500 1 堂  課程 true} {6 ck男生內褲 CK內褲 1980 3 1  性感 true} {3 哈達瑜珈 本課程適合首次來上課的人，一開始會先帶學員了解場館以及場館內的各式課程，並了解學員的目標以及目前身體的狀況、組成 (inbody)。在這些流程結束後開始讓學員體驗課程。(上體驗課程前，會先與您聯繫預期想體驗的課程。) 200 2 堂 https://images.unsplash.com/photo-1571019614242-c5c5dee9f50b?ixlib=rb-4.0.3&ixid=M3wxMjA3fDB8MHxwaG90by1wYWdlfHx8fGVufDB8fHx8fA%3D%3D&auto=format&fit=crop&w=2070&q=80 拉基 true} {1 CK內衣組 CK內衣 我的超人 1980 3 1  性感 true}]"
time="2023-07-18 09:00:31" level=info msg="國別碼2碼: XZ"
time="2023-07-18 09:00:31" level=info msg="國別碼3碼: XZZ"
time="2023-07-18 09:00:31" level=info msg="國家全名: IANA Special-Purpose Address"
time="2023-07-18 09:00:31" level=info msg="取得商品資料[{15 b  1200 10    true} {14 a  1200 123    false} {7 TRX 123 500 1 堂  課程 true} {6 ck男生內褲 CK內褲 1980 3 1  性感 true} {3 哈達瑜珈 本課程適合首次來上課的人，一開始會先帶學員了解場館以及場館內的各式課程，並了解學員的目標以及目前身體的狀況、組成 (inbody)。在這些流程結束後開始讓學員體驗課程。(上體驗課程前，會先與您聯繫預期想體驗的課程。) 200 2 堂 https://images.unsplash.com/photo-1571019614242-c5c5dee9f50b?ixlib=rb-4.0.3&ixid=M3wxMjA3fDB8MHxwaG90by1wYWdlfHx8fGVufDB8fHx8fA%3D%3D&auto=format&fit=crop&w=2070&q=80 拉基 true} {1 CK內衣組 CK內衣 我的超人 1980 3 1  性感 true}]"
time="2023-07-18 09:00:45" level=info msg="國別碼2碼: FR"
time="2023-07-18 09:00:45" level=info msg="國別碼3碼: FRA"
time="2023-07-18 09:00:45" level=info msg="國家全名: France"
time="2023-07-18 09:00:46" level=info msg="國別碼2碼: FR"
time="2023-07-18 09:00:46" level=info msg="國別碼3碼: FRA"
time="2023-07-18 09:00:46" level=info msg="國家全名: France"
time="2023-07-18 09:01:00" level=info msg="國別碼2碼: XZ"
time="2023-07-18 09:01:00" level=info msg="國別碼3碼: XZZ"
time="2023-07-18 09:01:00" level=info msg="國家全名: IANA Special-Purpose Address"
time="2023-07-18 09:01:00" level=info msg="取得商品資料[{15 b  1200 10    true} {14 a  1200 123    false} {7 TRX 123 500 1 堂  課程 true} {6 ck男生內褲 CK內褲 1980 3 1  性感 true} {3 哈達瑜珈 本課程適合首次來上課的人，一開始會先帶學員了解場館以及場館內的各式課程，並了解學員的目標以及目前身體的狀況、組成 (inbody)。在這些流程結束後開始讓學員體驗課程。(上體驗課程前，會先與您聯繫預期想體驗的課程。) 200 2 堂 https://images.unsplash.com/photo-1571019614242-c5c5dee9f50b?ixlib=rb-4.0.3&ixid=M3wxMjA3fDB8MHxwaG90by1wYWdlfHx8fGVufDB8fHx8fA%3D%3D&auto=format&fit=crop&w=2070&q=80 拉基 true} {1 CK內衣組 CK內衣 我的超人 1980 3 1  性感 true}]"
time="2023-07-18 09:02:09" level=info msg="國別碼2碼: XZ"
time="2023-07-18 09:02:09" level=info msg="國別碼3碼: XZZ"
time="2023-07-18 09:02:09" level=info msg="國家全名: IANA Special-Purpose Address"
time="2023-07-18 09:02:09" level=info msg="取得商品資料[{15 b  1200 10    true} {14 a  1200 123    false} {7 TRX 123 500 1 堂  課程 true} {6 ck男生內褲 CK內褲 1980 3 1  性感 true} {3 哈達瑜珈 本課程適合首次來上課的人，一開始會先帶學員了解場館以及場館內的各式課程，並了解學員的目標以及目前身體的狀況、組成 (inbody)。在這些流程結束後開始讓學員體驗課程。(上體驗課程前，會先與您聯繫預期想體驗的課程。) 200 2 堂 https://images.unsplash.com/photo-1571019614242-c5c5dee9f50b?ixlib=rb-4.0.3&ixid=M3wxMjA3fDB8MHxwaG90by1wYWdlfHx8fGVufDB8fHx8fA%3D%3D&auto=format&fit=crop&w=2070&q=80 拉基 true} {1 CK內衣組 CK內衣 我的超人 1980 3 1  性感 true}]"
time="2023-07-18 09:02:14" level=info msg="國別碼2碼: XZ"
time="2023-07-18 09:02:14" level=info msg="國別碼3碼: XZZ"
time="2023-07-18 09:02:14" level=info msg="國家全名: IANA Special-Purpose Address"
time="2023-07-18 09:02:14" level=info msg="取得商品資料[{15 b  1200 10    true} {14 a  1200 123    false} {7 TRX 123 500 1 堂  課程 true} {6 ck男生內褲 CK內褲 1980 3 1  性感 true} {3 哈達瑜珈 本課程適合首次來上課的人，一開始會先帶學員了解場館以及場館內的各式課程，並了解學員的目標以及目前身體的狀況、組成 (inbody)。在這些流程結束後開始讓學員體驗課程。(上體驗課程前，會先與您聯繫預期想體驗的課程。) 200 2 堂 https://images.unsplash.com/photo-1571019614242-c5c5dee9f50b?ixlib=rb-4.0.3&ixid=M3wxMjA3fDB8MHxwaG90by1wYWdlfHx8fGVufDB8fHx8fA%3D%3D&auto=format&fit=crop&w=2070&q=80 拉基 true} {1 CK內衣組 CK內衣 我的超人 1980 3 1  性感 true}]"
time="2023-07-18 09:02:28" level=info msg="國別碼2碼: XZ"
time="2023-07-18 09:02:28" level=info msg="國別碼3碼: XZZ"
time="2023-07-18 09:02:28" level=info msg="國家全名: IANA Special-Purpose Address"
time="2023-07-18 09:02:28" level=info msg="取得商品資料[{15 b  1200 10    true} {14 a  1200 123    false} {7 TRX 123 500 1 堂  課程 true} {6 ck男生內褲 CK內褲 1980 3 1  性感 true} {3 哈達瑜珈 本課程適合首次來上課的人，一開始會先帶學員了解場館以及場館內的各式課程，並了解學員的目標以及目前身體的狀況、組成 (inbody)。在這些流程結束後開始讓學員體驗課程。(上體驗課程前，會先與您聯繫預期想體驗的課程。) 200 2 堂 https://images.unsplash.com/photo-1571019614242-c5c5dee9f50b?ixlib=rb-4.0.3&ixid=M3wxMjA3fDB8MHxwaG90by1wYWdlfHx8fGVufDB8fHx8fA%3D%3D&auto=format&fit=crop&w=2070&q=80 拉基 true} {1 CK內衣組 CK內衣 我的超人 1980 3 1  性感 true}]"
time="2023-07-18 09:04:01" level=info msg="國別碼2碼: XZ"
time="2023-07-18 09:04:01" level=info msg="國別碼3碼: XZZ"
time="2023-07-18 09:04:01" level=info msg="國家全名: IANA Special-Purpose Address"
time="2023-07-18 09:04:01" level=info msg="取得商品資料[{15 b  1200 10    true} {14 a  1200 123    false} {7 TRX 123 500 1 堂  課程 true} {6 ck男生內褲 CK內褲 1980 3 1  性感 true} {3 哈達瑜珈 本課程適合首次來上課的人，一開始會先帶學員了解場館以及場館內的各式課程，並了解學員的目標以及目前身體的狀況、組成 (inbody)。在這些流程結束後開始讓學員體驗課程。(上體驗課程前，會先與您聯繫預期想體驗的課程。) 200 2 堂 https://images.unsplash.com/photo-1571019614242-c5c5dee9f50b?ixlib=rb-4.0.3&ixid=M3wxMjA3fDB8MHxwaG90by1wYWdlfHx8fGVufDB8fHx8fA%3D%3D&auto=format&fit=crop&w=2070&q=80 拉基 true} {1 CK內衣組 CK內衣 我的超人 1980 3 1  性感 true}]"
time="2023-07-18 09:05:18" level=info msg="國別碼2碼: XZ"
time="2023-07-18 09:05:18" level=info msg="國別碼3碼: XZZ"
time="2023-07-18 09:05:18" level=info msg="國家全名: IANA Special-Purpose Address"
time="2023-07-18 09:05:18" level=info msg="取得商品資料[{15 b  1200 10    true} {14 a  1200 123    false} {7 TRX 123 500 1 堂  課程 true} {6 ck男生內褲 CK內褲 1980 3 1  性感 true} {3 哈達瑜珈 本課程適合首次來上課的人，一開始會先帶學員了解場館以及場館內的各式課程，並了解學員的目標以及目前身體的狀況、組成 (inbody)。在這些流程結束後開始讓學員體驗課程。(上體驗課程前，會先與您聯繫預期想體驗的課程。) 200 2 堂 https://images.unsplash.com/photo-1571019614242-c5c5dee9f50b?ixlib=rb-4.0.3&ixid=M3wxMjA3fDB8MHxwaG90by1wYWdlfHx8fGVufDB8fHx8fA%3D%3D&auto=format&fit=crop&w=2070&q=80 拉基 true} {1 CK內衣組 CK內衣 我的超人 1980 3 1  性感 true}]"
time="2023-07-18 09:05:34" level=info msg="國別碼2碼: XZ"
time="2023-07-18 09:05:34" level=info msg="國別碼3碼: XZZ"
time="2023-07-18 09:05:34" level=info msg="國家全名: IANA Special-Purpose Address"
time="2023-07-18 09:05:34" level=info msg="取得商品資料[{15 b  1200 10    true} {14 a  1200 123    false} {7 TRX 123 500 1 堂  課程 true} {6 ck男生內褲 CK內褲 1980 3 1  性感 true} {3 哈達瑜珈 本課程適合首次來上課的人，一開始會先帶學員了解場館以及場館內的各式課程，並了解學員的目標以及目前身體的狀況、組成 (inbody)。在這些流程結束後開始讓學員體驗課程。(上體驗課程前，會先與您聯繫預期想體驗的課程。) 200 2 堂 https://images.unsplash.com/photo-1571019614242-c5c5dee9f50b?ixlib=rb-4.0.3&ixid=M3wxMjA3fDB8MHxwaG90by1wYWdlfHx8fGVufDB8fHx8fA%3D%3D&auto=format&fit=crop&w=2070&q=80 拉基 true} {1 CK內衣組 CK內衣 我的超人 1980 3 1  性感 true}]"
time="2023-07-18 09:05:45" level=info msg="國別碼2碼: XZ"
time="2023-07-18 09:05:45" level=info msg="國別碼3碼: XZZ"
time="2023-07-18 09:05:45" level=info msg="國家全名: IANA Special-Purpose Address"
time="2023-07-18 09:05:45" level=info msg="取得商品資料[{15 b  1200 10    true} {14 a  1200 123    false} {7 TRX 123 500 1 堂  課程 true} {6 ck男生內褲 CK內褲 1980 3 1  性感 true} {3 哈達瑜珈 本課程適合首次來上課的人，一開始會先帶學員了解場館以及場館內的各式課程，並了解學員的目標以及目前身體的狀況、組成 (inbody)。在這些流程結束後開始讓學員體驗課程。(上體驗課程前，會先與您聯繫預期想體驗的課程。) 200 2 堂 https://images.unsplash.com/photo-1571019614242-c5c5dee9f50b?ixlib=rb-4.0.3&ixid=M3wxMjA3fDB8MHxwaG90by1wYWdlfHx8fGVufDB8fHx8fA%3D%3D&auto=format&fit=crop&w=2070&q=80 拉基 true} {1 CK內衣組 CK內衣 我的超人 1980 3 1  性感 true}]"
time="2023-07-18 09:09:46" level=info msg="國別碼2碼: XZ"
time="2023-07-18 09:09:46" level=info msg="國別碼3碼: XZZ"
time="2023-07-18 09:09:46" level=info msg="國家全名: IANA Special-Purpose Address"
time="2023-07-18 09:09:46" level=info msg="取得商品資料[{15 b  1200 10    true} {14 a  1200 123    false} {7 TRX 123 500 1 堂  課程 true} {6 ck男生內褲 CK內褲 1980 3 1  性感 true} {3 哈達瑜珈 本課程適合首次來上課的人，一開始會先帶學員了解場館以及場館內的各式課程，並了解學員的目標以及目前身體的狀況、組成 (inbody)。在這些流程結束後開始讓學員體驗課程。(上體驗課程前，會先與您聯繫預期想體驗的課程。) 200 2 堂 https://images.unsplash.com/photo-1571019614242-c5c5dee9f50b?ixlib=rb-4.0.3&ixid=M3wxMjA3fDB8MHxwaG90by1wYWdlfHx8fGVufDB8fHx8fA%3D%3D&auto=format&fit=crop&w=2070&q=80 拉基 true} {1 CK內衣組 CK內衣 我的超人 1980 3 1  性感 true}]"
time="2023-07-18 09:10:13" level=info msg="國別碼2碼: XZ"
time="2023-07-18 09:10:13" level=info msg="國別碼3碼: XZZ"
time="2023-07-18 09:10:13" level=info msg="國家全名: IANA Special-Purpose Address"
time="2023-07-18 09:10:13" level=info msg="取得商品資料[{15 b  1200 10    true} {14 a  1200 123    false} {7 TRX 123 500 1 堂  課程 true} {6 ck男生內褲 CK內褲 1980 3 1  性感 true} {3 哈達瑜珈 本課程適合首次來上課的人，一開始會先帶學員了解場館以及場館內的各式課程，並了解學員的目標以及目前身體的狀況、組成 (inbody)。在這些流程結束後開始讓學員體驗課程。(上體驗課程前，會先與您聯繫預期想體驗的課程。) 200 2 堂 https://images.unsplash.com/photo-1571019614242-c5c5dee9f50b?ixlib=rb-4.0.3&ixid=M3wxMjA3fDB8MHxwaG90by1wYWdlfHx8fGVufDB8fHx8fA%3D%3D&auto=format&fit=crop&w=2070&q=80 拉基 true} {1 CK內衣組 CK內衣 我的超人 1980 3 1  性感 true}]"
time="2023-07-18 09:10:21" level=info msg="國別碼2碼: XZ"
time="2023-07-18 09:10:21" level=info msg="國別碼3碼: XZZ"
time="2023-07-18 09:10:21" level=info msg="國家全名: IANA Special-Purpose Address"
time="2023-07-18 09:10:21" level=info msg="取得商品資料[{15 b  1200 10    true} {14 a  1200 123    false} {7 TRX 123 500 1 堂  課程 true} {6 ck男生內褲 CK內褲 1980 3 1  性感 true} {3 哈達瑜珈 本課程適合首次來上課的人，一開始會先帶學員了解場館以及場館內的各式課程，並了解學員的目標以及目前身體的狀況、組成 (inbody)。在這些流程結束後開始讓學員體驗課程。(上體驗課程前，會先與您聯繫預期想體驗的課程。) 200 2 堂 https://images.unsplash.com/photo-1571019614242-c5c5dee9f50b?ixlib=rb-4.0.3&ixid=M3wxMjA3fDB8MHxwaG90by1wYWdlfHx8fGVufDB8fHx8fA%3D%3D&auto=format&fit=crop&w=2070&q=80 拉基 true} {1 CK內衣組 CK內衣 我的超人 1980 3 1  性感 true}]"
time="2023-07-18 09:12:21" level=info msg="國別碼2碼: XZ"
time="2023-07-18 09:12:21" level=info msg="國別碼3碼: XZZ"
time="2023-07-18 09:12:21" level=info msg="國家全名: IANA Special-Purpose Address"
time="2023-07-18 09:12:21" level=info msg="取得商品資料[{15 b  1200 10    true} {14 a  1200 123    false} {7 TRX 123 500 1 堂  課程 true} {6 ck男生內褲 CK內褲 1980 3 1  性感 true} {3 哈達瑜珈 本課程適合首次來上課的人，一開始會先帶學員了解場館以及場館內的各式課程，並了解學員的目標以及目前身體的狀況、組成 (inbody)。在這些流程結束後開始讓學員體驗課程。(上體驗課程前，會先與您聯繫預期想體驗的課程。) 200 2 堂 https://images.unsplash.com/photo-1571019614242-c5c5dee9f50b?ixlib=rb-4.0.3&ixid=M3wxMjA3fDB8MHxwaG90by1wYWdlfHx8fGVufDB8fHx8fA%3D%3D&auto=format&fit=crop&w=2070&q=80 拉基 true} {1 CK內衣組 CK內衣 我的超人 1980 3 1  性感 true}]"
time="2023-07-18 09:12:54" level=info msg="國別碼2碼: XZ"
time="2023-07-18 09:12:54" level=info msg="國別碼3碼: XZZ"
time="2023-07-18 09:12:54" level=info msg="國家全名: IANA Special-Purpose Address"
time="2023-07-18 09:12:54" level=info msg="取得商品資料[{15 b  1200 10    true} {14 a  1200 123    false} {7 TRX 123 500 1 堂  課程 true} {6 ck男生內褲 CK內褲 1980 3 1  性感 true} {3 哈達瑜珈 本課程適合首次來上課的人，一開始會先帶學員了解場館以及場館內的各式課程，並了解學員的目標以及目前身體的狀況、組成 (inbody)。在這些流程結束後開始讓學員體驗課程。(上體驗課程前，會先與您聯繫預期想體驗的課程。) 200 2 堂 https://images.unsplash.com/photo-1571019614242-c5c5dee9f50b?ixlib=rb-4.0.3&ixid=M3wxMjA3fDB8MHxwaG90by1wYWdlfHx8fGVufDB8fHx8fA%3D%3D&auto=format&fit=crop&w=2070&q=80 拉基 true} {1 CK內衣組 CK內衣 我的超人 1980 3 1  性感 true}]"
time="2023-07-18 09:14:18" level=info msg="國別碼2碼: XZ"
time="2023-07-18 09:14:18" level=info msg="國別碼3碼: XZZ"
time="2023-07-18 09:14:18" level=info msg="國家全名: IANA Special-Purpose Address"
time="2023-07-18 09:14:18" level=info msg="取得商品資料[{15 b  1200 10    true} {14 a  1200 123    false} {7 TRX 123 500 1 堂  課程 true} {6 ck男生內褲 CK內褲 1980 3 1  性感 true} {3 哈達瑜珈 本課程適合首次來上課的人，一開始會先帶學員了解場館以及場館內的各式課程，並了解學員的目標以及目前身體的狀況、組成 (inbody)。在這些流程結束後開始讓學員體驗課程。(上體驗課程前，會先與您聯繫預期想體驗的課程。) 200 2 堂 https://images.unsplash.com/photo-1571019614242-c5c5dee9f50b?ixlib=rb-4.0.3&ixid=M3wxMjA3fDB8MHxwaG90by1wYWdlfHx8fGVufDB8fHx8fA%3D%3D&auto=format&fit=crop&w=2070&q=80 拉基 true} {1 CK內衣組 CK內衣 我的超人 1980 3 1  性感 true}]"
time="2023-07-18 09:14:26" level=info msg="國別碼2碼: XZ"
time="2023-07-18 09:14:26" level=info msg="國別碼3碼: XZZ"
time="2023-07-18 09:14:26" level=info msg="國家全名: IANA Special-Purpose Address"
time="2023-07-18 09:14:26" level=info msg="取得商品資料[{15 b  1200 10    true} {14 a  1200 123    false} {7 TRX 123 500 1 堂  課程 true} {6 ck男生內褲 CK內褲 1980 3 1  性感 true} {3 哈達瑜珈 本課程適合首次來上課的人，一開始會先帶學員了解場館以及場館內的各式課程，並了解學員的目標以及目前身體的狀況、組成 (inbody)。在這些流程結束後開始讓學員體驗課程。(上體驗課程前，會先與您聯繫預期想體驗的課程。) 200 2 堂 https://images.unsplash.com/photo-1571019614242-c5c5dee9f50b?ixlib=rb-4.0.3&ixid=M3wxMjA3fDB8MHxwaG90by1wYWdlfHx8fGVufDB8fHx8fA%3D%3D&auto=format&fit=crop&w=2070&q=80 拉基 true} {1 CK內衣組 CK內衣 我的超人 1980 3 1  性感 true}]"
time="2023-07-18 09:14:57" level=info msg="國別碼2碼: XZ"
time="2023-07-18 09:14:57" level=info msg="國別碼3碼: XZZ"
time="2023-07-18 09:14:57" level=info msg="國家全名: IANA Special-Purpose Address"
time="2023-07-18 09:14:57" level=info msg="取得商品資料[{15 b  1200 10    true} {14 a  1200 123    false} {7 TRX 123 500 1 堂  課程 true} {6 ck男生內褲 CK內褲 1980 3 1  性感 true} {3 哈達瑜珈 本課程適合首次來上課的人，一開始會先帶學員了解場館以及場館內的各式課程，並了解學員的目標以及目前身體的狀況、組成 (inbody)。在這些流程結束後開始讓學員體驗課程。(上體驗課程前，會先與您聯繫預期想體驗的課程。) 200 2 堂 https://images.unsplash.com/photo-1571019614242-c5c5dee9f50b?ixlib=rb-4.0.3&ixid=M3wxMjA3fDB8MHxwaG90by1wYWdlfHx8fGVufDB8fHx8fA%3D%3D&auto=format&fit=crop&w=2070&q=80 拉基 true} {1 CK內衣組 CK內衣 我的超人 1980 3 1  性感 true}]"
time="2023-07-18 09:15:02" level=info msg="國別碼2碼: XZ"
time="2023-07-18 09:15:02" level=info msg="國別碼3碼: XZZ"
time="2023-07-18 09:15:02" level=info msg="國家全名: IANA Special-Purpose Address"
time="2023-07-18 09:15:02" level=info msg="取得商品資料[{15 b  1200 10    true} {14 a  1200 123    false} {7 TRX 123 500 1 堂  課程 true} {6 ck男生內褲 CK內褲 1980 3 1  性感 true} {3 哈達瑜珈 本課程適合首次來上課的人，一開始會先帶學員了解場館以及場館內的各式課程，並了解學員的目標以及目前身體的狀況、組成 (inbody)。在這些流程結束後開始讓學員體驗課程。(上體驗課程前，會先與您聯繫預期想體驗的課程。) 200 2 堂 https://images.unsplash.com/photo-1571019614242-c5c5dee9f50b?ixlib=rb-4.0.3&ixid=M3wxMjA3fDB8MHxwaG90by1wYWdlfHx8fGVufDB8fHx8fA%3D%3D&auto=format&fit=crop&w=2070&q=80 拉基 true} {1 CK內衣組 CK內衣 我的超人 1980 3 1  性感 true}]"
time="2023-07-18 09:15:08" level=info msg="國別碼2碼: XZ"
time="2023-07-18 09:15:08" level=info msg="國別碼3碼: XZZ"
time="2023-07-18 09:15:08" level=info msg="國家全名: IANA Special-Purpose Address"
time="2023-07-18 09:15:08" level=info msg="取得商品資料[{15 b  1200 10    true} {14 a  1200 123    false} {7 TRX 123 500 1 堂  課程 true} {6 ck男生內褲 CK內褲 1980 3 1  性感 true} {3 哈達瑜珈 本課程適合首次來上課的人，一開始會先帶學員了解場館以及場館內的各式課程，並了解學員的目標以及目前身體的狀況、組成 (inbody)。在這些流程結束後開始讓學員體驗課程。(上體驗課程前，會先與您聯繫預期想體驗的課程。) 200 2 堂 https://images.unsplash.com/photo-1571019614242-c5c5dee9f50b?ixlib=rb-4.0.3&ixid=M3wxMjA3fDB8MHxwaG90by1wYWdlfHx8fGVufDB8fHx8fA%3D%3D&auto=format&fit=crop&w=2070&q=80 拉基 true} {1 CK內衣組 CK內衣 我的超人 1980 3 1  性感 true}]"
time="2023-07-18 09:15:16" level=info msg="國別碼2碼: XZ"
time="2023-07-18 09:15:16" level=info msg="國別碼3碼: XZZ"
time="2023-07-18 09:15:16" level=info msg="國家全名: IANA Special-Purpose Address"
time="2023-07-18 09:15:16" level=info msg="取得商品資料[{15 b  1200 10    true} {14 a  1200 123    false} {7 TRX 123 500 1 堂  課程 true} {6 ck男生內褲 CK內褲 1980 3 1  性感 true} {3 哈達瑜珈 本課程適合首次來上課的人，一開始會先帶學員了解場館以及場館內的各式課程，並了解學員的目標以及目前身體的狀況、組成 (inbody)。在這些流程結束後開始讓學員體驗課程。(上體驗課程前，會先與您聯繫預期想體驗的課程。) 200 2 堂 https://images.unsplash.com/photo-1571019614242-c5c5dee9f50b?ixlib=rb-4.0.3&ixid=M3wxMjA3fDB8MHxwaG90by1wYWdlfHx8fGVufDB8fHx8fA%3D%3D&auto=format&fit=crop&w=2070&q=80 拉基 true} {1 CK內衣組 CK內衣 我的超人 1980 3 1  性感 true}]"
time="2023-07-18 09:15:26" level=info msg="國別碼2碼: XZ"
time="2023-07-18 09:15:26" level=info msg="國別碼3碼: XZZ"
time="2023-07-18 09:15:26" level=info msg="國家全名: IANA Special-Purpose Address"
time="2023-07-18 09:15:26" level=info msg="取得商品資料[{15 b  1200 10    true} {14 a  1200 123    false} {7 TRX 123 500 1 堂  課程 true} {6 ck男生內褲 CK內褲 1980 3 1  性感 true} {3 哈達瑜珈 本課程適合首次來上課的人，一開始會先帶學員了解場館以及場館內的各式課程，並了解學員的目標以及目前身體的狀況、組成 (inbody)。在這些流程結束後開始讓學員體驗課程。(上體驗課程前，會先與您聯繫預期想體驗的課程。) 200 2 堂 https://images.unsplash.com/photo-1571019614242-c5c5dee9f50b?ixlib=rb-4.0.3&ixid=M3wxMjA3fDB8MHxwaG90by1wYWdlfHx8fGVufDB8fHx8fA%3D%3D&auto=format&fit=crop&w=2070&q=80 拉基 true} {1 CK內衣組 CK內衣 我的超人 1980 3 1  性感 true}]"
time="2023-07-18 09:18:03" level=info msg="國別碼2碼: XZ"
time="2023-07-18 09:18:03" level=info msg="國別碼3碼: XZZ"
time="2023-07-18 09:18:03" level=info msg="國家全名: IANA Special-Purpose Address"
time="2023-07-18 09:18:03" level=info msg="取得商品資料[{15 b  1200 10    true} {14 a  1200 123    false} {7 TRX 123 500 1 堂  課程 true} {6 ck男生內褲 CK內褲 1980 3 1  性感 true} {3 哈達瑜珈 本課程適合首次來上課的人，一開始會先帶學員了解場館以及場館內的各式課程，並了解學員的目標以及目前身體的狀況、組成 (inbody)。在這些流程結束後開始讓學員體驗課程。(上體驗課程前，會先與您聯繫預期想體驗的課程。) 200 2 堂 https://images.unsplash.com/photo-1571019614242-c5c5dee9f50b?ixlib=rb-4.0.3&ixid=M3wxMjA3fDB8MHxwaG90by1wYWdlfHx8fGVufDB8fHx8fA%3D%3D&auto=format&fit=crop&w=2070&q=80 拉基 true} {1 CK內衣組 CK內衣 我的超人 1980 3 1  性感 true}]"
time="2023-07-18 09:18:17" level=info msg="國別碼2碼: XZ"
time="2023-07-18 09:18:17" level=info msg="國別碼3碼: XZZ"
time="2023-07-18 09:18:17" level=info msg="國家全名: IANA Special-Purpose Address"
time="2023-07-18 09:18:17" level=info msg="取得商品資料[{15 b  1200 10    true} {14 a  1200 123    false} {7 TRX 123 500 1 堂  課程 true} {6 ck男生內褲 CK內褲 1980 3 1  性感 true} {3 哈達瑜珈 本課程適合首次來上課的人，一開始會先帶學員了解場館以及場館內的各式課程，並了解學員的目標以及目前身體的狀況、組成 (inbody)。在這些流程結束後開始讓學員體驗課程。(上體驗課程前，會先與您聯繫預期想體驗的課程。) 200 2 堂 https://images.unsplash.com/photo-1571019614242-c5c5dee9f50b?ixlib=rb-4.0.3&ixid=M3wxMjA3fDB8MHxwaG90by1wYWdlfHx8fGVufDB8fHx8fA%3D%3D&auto=format&fit=crop&w=2070&q=80 拉基 true} {1 CK內衣組 CK內衣 我的超人 1980 3 1  性感 true}]"
time="2023-07-18 09:18:28" level=info msg="國別碼2碼: XZ"
time="2023-07-18 09:18:28" level=info msg="國別碼3碼: XZZ"
time="2023-07-18 09:18:28" level=info msg="國家全名: IANA Special-Purpose Address"
time="2023-07-18 09:18:28" level=info msg="取得商品資料[{15 b  1200 10    true} {14 a  1200 123    false} {7 TRX 123 500 1 堂  課程 true} {6 ck男生內褲 CK內褲 1980 3 1  性感 true} {3 哈達瑜珈 本課程適合首次來上課的人，一開始會先帶學員了解場館以及場館內的各式課程，並了解學員的目標以及目前身體的狀況、組成 (inbody)。在這些流程結束後開始讓學員體驗課程。(上體驗課程前，會先與您聯繫預期想體驗的課程。) 200 2 堂 https://images.unsplash.com/photo-1571019614242-c5c5dee9f50b?ixlib=rb-4.0.3&ixid=M3wxMjA3fDB8MHxwaG90by1wYWdlfHx8fGVufDB8fHx8fA%3D%3D&auto=format&fit=crop&w=2070&q=80 拉基 true} {1 CK內衣組 CK內衣 我的超人 1980 3 1  性感 true}]"
time="2023-07-18 09:18:32" level=info msg="國別碼2碼: XZ"
time="2023-07-18 09:18:32" level=info msg="國別碼3碼: XZZ"
time="2023-07-18 09:18:32" level=info msg="國家全名: IANA Special-Purpose Address"
time="2023-07-18 09:18:32" level=info msg="取得商品資料[{15 b  1200 10    true} {14 a  1200 123    false} {7 TRX 123 500 1 堂  課程 true} {6 ck男生內褲 CK內褲 1980 3 1  性感 true} {3 哈達瑜珈 本課程適合首次來上課的人，一開始會先帶學員了解場館以及場館內的各式課程，並了解學員的目標以及目前身體的狀況、組成 (inbody)。在這些流程結束後開始讓學員體驗課程。(上體驗課程前，會先與您聯繫預期想體驗的課程。) 200 2 堂 https://images.unsplash.com/photo-1571019614242-c5c5dee9f50b?ixlib=rb-4.0.3&ixid=M3wxMjA3fDB8MHxwaG90by1wYWdlfHx8fGVufDB8fHx8fA%3D%3D&auto=format&fit=crop&w=2070&q=80 拉基 true} {1 CK內衣組 CK內衣 我的超人 1980 3 1  性感 true}]"
time="2023-07-18 09:18:34" level=info msg="國別碼2碼: XZ"
time="2023-07-18 09:18:34" level=info msg="國別碼3碼: XZZ"
time="2023-07-18 09:18:34" level=info msg="國家全名: IANA Special-Purpose Address"
time="2023-07-18 09:18:34" level=info msg="取得商品資料[{15 b  1200 10    true} {14 a  1200 123    false} {7 TRX 123 500 1 堂  課程 true} {6 ck男生內褲 CK內褲 1980 3 1  性感 true} {3 哈達瑜珈 本課程適合首次來上課的人，一開始會先帶學員了解場館以及場館內的各式課程，並了解學員的目標以及目前身體的狀況、組成 (inbody)。在這些流程結束後開始讓學員體驗課程。(上體驗課程前，會先與您聯繫預期想體驗的課程。) 200 2 堂 https://images.unsplash.com/photo-1571019614242-c5c5dee9f50b?ixlib=rb-4.0.3&ixid=M3wxMjA3fDB8MHxwaG90by1wYWdlfHx8fGVufDB8fHx8fA%3D%3D&auto=format&fit=crop&w=2070&q=80 拉基 true} {1 CK內衣組 CK內衣 我的超人 1980 3 1  性感 true}]"
time="2023-07-18 09:19:48" level=info msg="國別碼2碼: XZ"
time="2023-07-18 09:19:48" level=info msg="國別碼3碼: XZZ"
time="2023-07-18 09:19:48" level=info msg="國家全名: IANA Special-Purpose Address"
time="2023-07-18 09:19:48" level=info msg="取得商品資料[{15 b  1200 10    true} {14 a  1200 123    false} {7 TRX 123 500 1 堂  課程 true} {6 ck男生內褲 CK內褲 1980 3 1  性感 true} {3 哈達瑜珈 本課程適合首次來上課的人，一開始會先帶學員了解場館以及場館內的各式課程，並了解學員的目標以及目前身體的狀況、組成 (inbody)。在這些流程結束後開始讓學員體驗課程。(上體驗課程前，會先與您聯繫預期想體驗的課程。) 200 2 堂 https://images.unsplash.com/photo-1571019614242-c5c5dee9f50b?ixlib=rb-4.0.3&ixid=M3wxMjA3fDB8MHxwaG90by1wYWdlfHx8fGVufDB8fHx8fA%3D%3D&auto=format&fit=crop&w=2070&q=80 拉基 true} {1 CK內衣組 CK內衣 我的超人 1980 3 1  性感 true}]"
time="2023-07-18 09:19:51" level=info msg="國別碼2碼: XZ"
time="2023-07-18 09:19:51" level=info msg="國別碼3碼: XZZ"
time="2023-07-18 09:19:51" level=info msg="國家全名: IANA Special-Purpose Address"
time="2023-07-18 09:19:51" level=info msg="取得商品資料[{15 b  1200 10    true} {14 a  1200 123    false} {7 TRX 123 500 1 堂  課程 true} {6 ck男生內褲 CK內褲 1980 3 1  性感 true} {3 哈達瑜珈 本課程適合首次來上課的人，一開始會先帶學員了解場館以及場館內的各式課程，並了解學員的目標以及目前身體的狀況、組成 (inbody)。在這些流程結束後開始讓學員體驗課程。(上體驗課程前，會先與您聯繫預期想體驗的課程。) 200 2 堂 https://images.unsplash.com/photo-1571019614242-c5c5dee9f50b?ixlib=rb-4.0.3&ixid=M3wxMjA3fDB8MHxwaG90by1wYWdlfHx8fGVufDB8fHx8fA%3D%3D&auto=format&fit=crop&w=2070&q=80 拉基 true} {1 CK內衣組 CK內衣 我的超人 1980 3 1  性感 true}]"
time="2023-07-18 09:20:15" level=info msg="國別碼2碼: XZ"
time="2023-07-18 09:20:15" level=info msg="國別碼3碼: XZZ"
time="2023-07-18 09:20:15" level=info msg="國家全名: IANA Special-Purpose Address"
time="2023-07-18 09:20:15" level=info msg="取得商品資料[{15 b  1200 10    true} {14 a  1200 123    false} {7 TRX 123 500 1 堂  課程 true} {6 ck男生內褲 CK內褲 1980 3 1  性感 true} {3 哈達瑜珈 本課程適合首次來上課的人，一開始會先帶學員了解場館以及場館內的各式課程，並了解學員的目標以及目前身體的狀況、組成 (inbody)。在這些流程結束後開始讓學員體驗課程。(上體驗課程前，會先與您聯繫預期想體驗的課程。) 200 2 堂 https://images.unsplash.com/photo-1571019614242-c5c5dee9f50b?ixlib=rb-4.0.3&ixid=M3wxMjA3fDB8MHxwaG90by1wYWdlfHx8fGVufDB8fHx8fA%3D%3D&auto=format&fit=crop&w=2070&q=80 拉基 true} {1 CK內衣組 CK內衣 我的超人 1980 3 1  性感 true}]"
time="2023-07-18 09:21:35" level=info msg="國別碼2碼: XZ"
time="2023-07-18 09:21:35" level=info msg="國別碼3碼: XZZ"
time="2023-07-18 09:21:35" level=info msg="國家全名: IANA Special-Purpose Address"
time="2023-07-18 09:21:35" level=info msg="取得商品資料[{15 b  1200 10    true} {14 a  1200 123    false} {7 TRX 123 500 1 堂  課程 true} {6 ck男生內褲 CK內褲 1980 3 1  性感 true} {3 哈達瑜珈 本課程適合首次來上課的人，一開始會先帶學員了解場館以及場館內的各式課程，並了解學員的目標以及目前身體的狀況、組成 (inbody)。在這些流程結束後開始讓學員體驗課程。(上體驗課程前，會先與您聯繫預期想體驗的課程。) 200 2 堂 https://images.unsplash.com/photo-1571019614242-c5c5dee9f50b?ixlib=rb-4.0.3&ixid=M3wxMjA3fDB8MHxwaG90by1wYWdlfHx8fGVufDB8fHx8fA%3D%3D&auto=format&fit=crop&w=2070&q=80 拉基 true} {1 CK內衣組 CK內衣 我的超人 1980 3 1  性感 true}]"
time="2023-07-18 09:21:40" level=info msg="國別碼2碼: XZ"
time="2023-07-18 09:21:40" level=info msg="國別碼3碼: XZZ"
time="2023-07-18 09:21:40" level=info msg="國家全名: IANA Special-Purpose Address"
time="2023-07-18 09:21:40" level=info msg="取得商品資料[{15 b  1200 10    true} {14 a  1200 123    false} {7 TRX 123 500 1 堂  課程 true} {6 ck男生內褲 CK內褲 1980 3 1  性感 true} {3 哈達瑜珈 本課程適合首次來上課的人，一開始會先帶學員了解場館以及場館內的各式課程，並了解學員的目標以及目前身體的狀況、組成 (inbody)。在這些流程結束後開始讓學員體驗課程。(上體驗課程前，會先與您聯繫預期想體驗的課程。) 200 2 堂 https://images.unsplash.com/photo-1571019614242-c5c5dee9f50b?ixlib=rb-4.0.3&ixid=M3wxMjA3fDB8MHxwaG90by1wYWdlfHx8fGVufDB8fHx8fA%3D%3D&auto=format&fit=crop&w=2070&q=80 拉基 true} {1 CK內衣組 CK內衣 我的超人 1980 3 1  性感 true}]"
time="2023-07-18 09:21:53" level=info msg="國別碼2碼: XZ"
time="2023-07-18 09:21:53" level=info msg="國別碼3碼: XZZ"
time="2023-07-18 09:21:53" level=info msg="國家全名: IANA Special-Purpose Address"
time="2023-07-18 09:21:53" level=info msg="取得商品資料[{15 b  1200 10    true} {14 a  1200 123    false} {7 TRX 123 500 1 堂  課程 true} {6 ck男生內褲 CK內褲 1980 3 1  性感 true} {3 哈達瑜珈 本課程適合首次來上課的人，一開始會先帶學員了解場館以及場館內的各式課程，並了解學員的目標以及目前身體的狀況、組成 (inbody)。在這些流程結束後開始讓學員體驗課程。(上體驗課程前，會先與您聯繫預期想體驗的課程。) 200 2 堂 https://images.unsplash.com/photo-1571019614242-c5c5dee9f50b?ixlib=rb-4.0.3&ixid=M3wxMjA3fDB8MHxwaG90by1wYWdlfHx8fGVufDB8fHx8fA%3D%3D&auto=format&fit=crop&w=2070&q=80 拉基 true} {1 CK內衣組 CK內衣 我的超人 1980 3 1  性感 true}]"
time="2023-07-18 09:22:03" level=info msg="國別碼2碼: XZ"
time="2023-07-18 09:22:03" level=info msg="國別碼3碼: XZZ"
time="2023-07-18 09:22:03" level=info msg="國家全名: IANA Special-Purpose Address"
time="2023-07-18 09:22:03" level=info msg="取得商品資料[{15 b  1200 10    true} {14 a  1200 123    false} {7 TRX 123 500 1 堂  課程 true} {6 ck男生內褲 CK內褲 1980 3 1  性感 true} {3 哈達瑜珈 本課程適合首次來上課的人，一開始會先帶學員了解場館以及場館內的各式課程，並了解學員的目標以及目前身體的狀況、組成 (inbody)。在這些流程結束後開始讓學員體驗課程。(上體驗課程前，會先與您聯繫預期想體驗的課程。) 200 2 堂 https://images.unsplash.com/photo-1571019614242-c5c5dee9f50b?ixlib=rb-4.0.3&ixid=M3wxMjA3fDB8MHxwaG90by1wYWdlfHx8fGVufDB8fHx8fA%3D%3D&auto=format&fit=crop&w=2070&q=80 拉基 true} {1 CK內衣組 CK內衣 我的超人 1980 3 1  性感 true}]"
time="2023-07-18 09:22:30" level=info msg="國別碼2碼: US"
time="2023-07-18 09:22:30" level=info msg="國別碼3碼: USA"
time="2023-07-18 09:22:30" level=info msg="國家全名: United States of America (the)"
time="2023-07-18 09:23:20" level=info msg="國別碼2碼: XZ"
time="2023-07-18 09:23:20" level=info msg="國別碼3碼: XZZ"
time="2023-07-18 09:23:20" level=info msg="國家全名: IANA Special-Purpose Address"
time="2023-07-18 09:23:20" level=info msg="取得商品資料[{15 b  1200 10    true} {14 a  1200 123    false} {7 TRX 123 500 1 堂  課程 true} {6 ck男生內褲 CK內褲 1980 3 1  性感 true} {3 哈達瑜珈 本課程適合首次來上課的人，一開始會先帶學員了解場館以及場館內的各式課程，並了解學員的目標以及目前身體的狀況、組成 (inbody)。在這些流程結束後開始讓學員體驗課程。(上體驗課程前，會先與您聯繫預期想體驗的課程。) 200 2 堂 https://images.unsplash.com/photo-1571019614242-c5c5dee9f50b?ixlib=rb-4.0.3&ixid=M3wxMjA3fDB8MHxwaG90by1wYWdlfHx8fGVufDB8fHx8fA%3D%3D&auto=format&fit=crop&w=2070&q=80 拉基 true} {1 CK內衣組 CK內衣 我的超人 1980 3 1  性感 true}]"
time="2023-07-18 09:24:31" level=info msg="國別碼2碼: RO"
time="2023-07-18 09:24:31" level=info msg="國別碼3碼: ROU"
time="2023-07-18 09:24:31" level=info msg="國家全名: Romania"
time="2023-07-18 09:25:59" level=info msg="國別碼2碼: XZ"
time="2023-07-18 09:25:59" level=info msg="國別碼3碼: XZZ"
time="2023-07-18 09:25:59" level=info msg="國家全名: IANA Special-Purpose Address"
time="2023-07-18 09:25:59" level=info msg="取得商品資料[{15 b  1200 10    true} {14 a  1200 123    false} {7 TRX 123 500 1 堂  課程 true} {6 ck男生內褲 CK內褲 1980 3 1  性感 true} {3 哈達瑜珈 本課程適合首次來上課的人，一開始會先帶學員了解場館以及場館內的各式課程，並了解學員的目標以及目前身體的狀況、組成 (inbody)。在這些流程結束後開始讓學員體驗課程。(上體驗課程前，會先與您聯繫預期想體驗的課程。) 200 2 堂 https://images.unsplash.com/photo-1571019614242-c5c5dee9f50b?ixlib=rb-4.0.3&ixid=M3wxMjA3fDB8MHxwaG90by1wYWdlfHx8fGVufDB8fHx8fA%3D%3D&auto=format&fit=crop&w=2070&q=80 拉基 true} {1 CK內衣組 CK內衣 我的超人 1980 3 1  性感 true}]"
time="2023-07-18 09:26:36" level=info msg="國別碼2碼: XZ"
time="2023-07-18 09:26:36" level=info msg="國別碼3碼: XZZ"
time="2023-07-18 09:26:36" level=info msg="國家全名: IANA Special-Purpose Address"
time="2023-07-18 09:26:36" level=info msg="取得商品資料[{15 b  1200 10    true} {14 a  1200 123    false} {7 TRX 123 500 1 堂  課程 true} {6 ck男生內褲 CK內褲 1980 3 1  性感 true} {3 哈達瑜珈 本課程適合首次來上課的人，一開始會先帶學員了解場館以及場館內的各式課程，並了解學員的目標以及目前身體的狀況、組成 (inbody)。在這些流程結束後開始讓學員體驗課程。(上體驗課程前，會先與您聯繫預期想體驗的課程。) 200 2 堂 https://images.unsplash.com/photo-1571019614242-c5c5dee9f50b?ixlib=rb-4.0.3&ixid=M3wxMjA3fDB8MHxwaG90by1wYWdlfHx8fGVufDB8fHx8fA%3D%3D&auto=format&fit=crop&w=2070&q=80 拉基 true} {1 CK內衣組 CK內衣 我的超人 1980 3 1  性感 true}]"
time="2023-07-18 09:29:17" level=info msg="國別碼2碼: XZ"
time="2023-07-18 09:29:17" level=info msg="國別碼3碼: XZZ"
time="2023-07-18 09:29:17" level=info msg="國家全名: IANA Special-Purpose Address"
time="2023-07-18 09:29:17" level=info msg="取得商品資料[{15 b  1200 10    true} {14 a  1200 123    false} {7 TRX 123 500 1 堂  課程 true} {6 ck男生內褲 CK內褲 1980 3 1  性感 true} {3 哈達瑜珈 本課程適合首次來上課的人，一開始會先帶學員了解場館以及場館內的各式課程，並了解學員的目標以及目前身體的狀況、組成 (inbody)。在這些流程結束後開始讓學員體驗課程。(上體驗課程前，會先與您聯繫預期想體驗的課程。) 200 2 堂 https://images.unsplash.com/photo-1571019614242-c5c5dee9f50b?ixlib=rb-4.0.3&ixid=M3wxMjA3fDB8MHxwaG90by1wYWdlfHx8fGVufDB8fHx8fA%3D%3D&auto=format&fit=crop&w=2070&q=80 拉基 true} {1 CK內衣組 CK內衣 我的超人 1980 3 1  性感 true}]"
time="2023-07-18 09:29:19" level=info msg="國別碼2碼: XZ"
time="2023-07-18 09:29:19" level=info msg="國別碼3碼: XZZ"
time="2023-07-18 09:29:19" level=info msg="國家全名: IANA Special-Purpose Address"
time="2023-07-18 09:29:19" level=info msg="取得商品資料[{15 b  1200 10    true} {14 a  1200 123    false} {7 TRX 123 500 1 堂  課程 true} {6 ck男生內褲 CK內褲 1980 3 1  性感 true} {3 哈達瑜珈 本課程適合首次來上課的人，一開始會先帶學員了解場館以及場館內的各式課程，並了解學員的目標以及目前身體的狀況、組成 (inbody)。在這些流程結束後開始讓學員體驗課程。(上體驗課程前，會先與您聯繫預期想體驗的課程。) 200 2 堂 https://images.unsplash.com/photo-1571019614242-c5c5dee9f50b?ixlib=rb-4.0.3&ixid=M3wxMjA3fDB8MHxwaG90by1wYWdlfHx8fGVufDB8fHx8fA%3D%3D&auto=format&fit=crop&w=2070&q=80 拉基 true} {1 CK內衣組 CK內衣 我的超人 1980 3 1  性感 true}]"
time="2023-07-18 09:29:35" level=info msg="國別碼2碼: XZ"
time="2023-07-18 09:29:35" level=info msg="國別碼3碼: XZZ"
time="2023-07-18 09:29:35" level=info msg="國家全名: IANA Special-Purpose Address"
time="2023-07-18 09:29:35" level=info msg="取得商品資料[{15 b  1200 10    true} {14 a  1200 123    false} {7 TRX 123 500 1 堂  課程 true} {6 ck男生內褲 CK內褲 1980 3 1  性感 true} {3 哈達瑜珈 本課程適合首次來上課的人，一開始會先帶學員了解場館以及場館內的各式課程，並了解學員的目標以及目前身體的狀況、組成 (inbody)。在這些流程結束後開始讓學員體驗課程。(上體驗課程前，會先與您聯繫預期想體驗的課程。) 200 2 堂 https://images.unsplash.com/photo-1571019614242-c5c5dee9f50b?ixlib=rb-4.0.3&ixid=M3wxMjA3fDB8MHxwaG90by1wYWdlfHx8fGVufDB8fHx8fA%3D%3D&auto=format&fit=crop&w=2070&q=80 拉基 true} {1 CK內衣組 CK內衣 我的超人 1980 3 1  性感 true}]"
time="2023-07-18 09:32:58" level=info msg="國別碼2碼: XZ"
time="2023-07-18 09:32:58" level=info msg="國別碼3碼: XZZ"
time="2023-07-18 09:32:58" level=info msg="國家全名: IANA Special-Purpose Address"
time="2023-07-18 09:32:58" level=info msg="取得商品資料[{15 b  1200 10    true} {14 a  1200 123    false} {7 TRX 123 500 1 堂  課程 true} {6 ck男生內褲 CK內褲 1980 3 1  性感 true} {3 哈達瑜珈 本課程適合首次來上課的人，一開始會先帶學員了解場館以及場館內的各式課程，並了解學員的目標以及目前身體的狀況、組成 (inbody)。在這些流程結束後開始讓學員體驗課程。(上體驗課程前，會先與您聯繫預期想體驗的課程。) 200 2 堂 https://images.unsplash.com/photo-1571019614242-c5c5dee9f50b?ixlib=rb-4.0.3&ixid=M3wxMjA3fDB8MHxwaG90by1wYWdlfHx8fGVufDB8fHx8fA%3D%3D&auto=format&fit=crop&w=2070&q=80 拉基 true} {1 CK內衣組 CK內衣 我的超人 1980 3 1  性感 true}]"
time="2023-07-18 09:33:14" level=info msg="國別碼2碼: XZ"
time="2023-07-18 09:33:14" level=info msg="國別碼3碼: XZZ"
time="2023-07-18 09:33:14" level=info msg="國家全名: IANA Special-Purpose Address"
time="2023-07-18 09:33:14" level=info msg="取得商品資料[{15 b  1200 10    true} {14 a  1200 123    false} {7 TRX 123 500 1 堂  課程 true} {6 ck男生內褲 CK內褲 1980 3 1  性感 true} {3 哈達瑜珈 本課程適合首次來上課的人，一開始會先帶學員了解場館以及場館內的各式課程，並了解學員的目標以及目前身體的狀況、組成 (inbody)。在這些流程結束後開始讓學員體驗課程。(上體驗課程前，會先與您聯繫預期想體驗的課程。) 200 2 堂 https://images.unsplash.com/photo-1571019614242-c5c5dee9f50b?ixlib=rb-4.0.3&ixid=M3wxMjA3fDB8MHxwaG90by1wYWdlfHx8fGVufDB8fHx8fA%3D%3D&auto=format&fit=crop&w=2070&q=80 拉基 true} {1 CK內衣組 CK內衣 我的超人 1980 3 1  性感 true}]"
time="2023-07-18 09:34:09" level=info msg="國別碼2碼: XZ"
time="2023-07-18 09:34:09" level=info msg="國別碼3碼: XZZ"
time="2023-07-18 09:34:09" level=info msg="國家全名: IANA Special-Purpose Address"
time="2023-07-18 09:34:09" level=info msg="取得商品資料[{15 b  1200 10    true} {14 a  1200 123    false} {7 TRX 123 500 1 堂  課程 true} {6 ck男生內褲 CK內褲 1980 3 1  性感 true} {3 哈達瑜珈 本課程適合首次來上課的人，一開始會先帶學員了解場館以及場館內的各式課程，並了解學員的目標以及目前身體的狀況、組成 (inbody)。在這些流程結束後開始讓學員體驗課程。(上體驗課程前，會先與您聯繫預期想體驗的課程。) 200 2 堂 https://images.unsplash.com/photo-1571019614242-c5c5dee9f50b?ixlib=rb-4.0.3&ixid=M3wxMjA3fDB8MHxwaG90by1wYWdlfHx8fGVufDB8fHx8fA%3D%3D&auto=format&fit=crop&w=2070&q=80 拉基 true} {1 CK內衣組 CK內衣 我的超人 1980 3 1  性感 true}]"
time="2023-07-18 09:37:15" level=info msg="國別碼2碼: XZ"
time="2023-07-18 09:37:15" level=info msg="國別碼3碼: XZZ"
time="2023-07-18 09:37:15" level=info msg="國家全名: IANA Special-Purpose Address"
time="2023-07-18 09:37:15" level=info msg="取得商品資料[{15 b  1200 10    true} {14 a  1200 123    false} {7 TRX 123 500 1 堂  課程 true} {6 ck男生內褲 CK內褲 1980 3 1  性感 true} {3 哈達瑜珈 本課程適合首次來上課的人，一開始會先帶學員了解場館以及場館內的各式課程，並了解學員的目標以及目前身體的狀況、組成 (inbody)。在這些流程結束後開始讓學員體驗課程。(上體驗課程前，會先與您聯繫預期想體驗的課程。) 200 2 堂 https://images.unsplash.com/photo-1571019614242-c5c5dee9f50b?ixlib=rb-4.0.3&ixid=M3wxMjA3fDB8MHxwaG90by1wYWdlfHx8fGVufDB8fHx8fA%3D%3D&auto=format&fit=crop&w=2070&q=80 拉基 true} {1 CK內衣組 CK內衣 我的超人 1980 3 1  性感 true}]"
time="2023-07-18 09:37:18" level=info msg="國別碼2碼: XZ"
time="2023-07-18 09:37:18" level=info msg="國別碼3碼: XZZ"
time="2023-07-18 09:37:18" level=info msg="國家全名: IANA Special-Purpose Address"
time="2023-07-18 09:37:18" level=info msg="取得商品資料[{15 b  1200 10    true} {14 a  1200 123    false} {7 TRX 123 500 1 堂  課程 true} {6 ck男生內褲 CK內褲 1980 3 1  性感 true} {3 哈達瑜珈 本課程適合首次來上課的人，一開始會先帶學員了解場館以及場館內的各式課程，並了解學員的目標以及目前身體的狀況、組成 (inbody)。在這些流程結束後開始讓學員體驗課程。(上體驗課程前，會先與您聯繫預期想體驗的課程。) 200 2 堂 https://images.unsplash.com/photo-1571019614242-c5c5dee9f50b?ixlib=rb-4.0.3&ixid=M3wxMjA3fDB8MHxwaG90by1wYWdlfHx8fGVufDB8fHx8fA%3D%3D&auto=format&fit=crop&w=2070&q=80 拉基 true} {1 CK內衣組 CK內衣 我的超人 1980 3 1  性感 true}]"
time="2023-07-18 09:38:11" level=info msg="國別碼2碼: XZ"
time="2023-07-18 09:38:11" level=info msg="國別碼3碼: XZZ"
time="2023-07-18 09:38:11" level=info msg="國家全名: IANA Special-Purpose Address"
time="2023-07-18 09:38:11" level=info msg="取得商品資料[{15 b  1200 10    true} {14 a  1200 123    false} {7 TRX 123 500 1 堂  課程 true} {6 ck男生內褲 CK內褲 1980 3 1  性感 true} {3 哈達瑜珈 本課程適合首次來上課的人，一開始會先帶學員了解場館以及場館內的各式課程，並了解學員的目標以及目前身體的狀況、組成 (inbody)。在這些流程結束後開始讓學員體驗課程。(上體驗課程前，會先與您聯繫預期想體驗的課程。) 200 2 堂 https://images.unsplash.com/photo-1571019614242-c5c5dee9f50b?ixlib=rb-4.0.3&ixid=M3wxMjA3fDB8MHxwaG90by1wYWdlfHx8fGVufDB8fHx8fA%3D%3D&auto=format&fit=crop&w=2070&q=80 拉基 true} {1 CK內衣組 CK內衣 我的超人 1980 3 1  性感 true}]"
time="2023-07-18 09:39:07" level=info msg="國別碼2碼: XZ"
time="2023-07-18 09:39:07" level=info msg="國別碼3碼: XZZ"
time="2023-07-18 09:39:07" level=info msg="國家全名: IANA Special-Purpose Address"
time="2023-07-18 09:39:07" level=info msg="取得商品資料[{15 b  1200 10    true} {14 a  1200 123    false} {7 TRX 123 500 1 堂  課程 true} {6 ck男生內褲 CK內褲 1980 3 1  性感 true} {3 哈達瑜珈 本課程適合首次來上課的人，一開始會先帶學員了解場館以及場館內的各式課程，並了解學員的目標以及目前身體的狀況、組成 (inbody)。在這些流程結束後開始讓學員體驗課程。(上體驗課程前，會先與您聯繫預期想體驗的課程。) 200 2 堂 https://images.unsplash.com/photo-1571019614242-c5c5dee9f50b?ixlib=rb-4.0.3&ixid=M3wxMjA3fDB8MHxwaG90by1wYWdlfHx8fGVufDB8fHx8fA%3D%3D&auto=format&fit=crop&w=2070&q=80 拉基 true} {1 CK內衣組 CK內衣 我的超人 1980 3 1  性感 true}]"
time="2023-07-18 09:39:17" level=info msg="國別碼2碼: XZ"
time="2023-07-18 09:39:17" level=info msg="國別碼3碼: XZZ"
time="2023-07-18 09:39:17" level=info msg="國家全名: IANA Special-Purpose Address"
time="2023-07-18 09:39:17" level=info msg="取得商品資料[{15 b  1200 10    true} {14 a  1200 123    false} {7 TRX 123 500 1 堂  課程 true} {6 ck男生內褲 CK內褲 1980 3 1  性感 true} {3 哈達瑜珈 本課程適合首次來上課的人，一開始會先帶學員了解場館以及場館內的各式課程，並了解學員的目標以及目前身體的狀況、組成 (inbody)。在這些流程結束後開始讓學員體驗課程。(上體驗課程前，會先與您聯繫預期想體驗的課程。) 200 2 堂 https://images.unsplash.com/photo-1571019614242-c5c5dee9f50b?ixlib=rb-4.0.3&ixid=M3wxMjA3fDB8MHxwaG90by1wYWdlfHx8fGVufDB8fHx8fA%3D%3D&auto=format&fit=crop&w=2070&q=80 拉基 true} {1 CK內衣組 CK內衣 我的超人 1980 3 1  性感 true}]"
time="2023-07-18 09:40:02" level=info msg="國別碼2碼: XZ"
time="2023-07-18 09:40:02" level=info msg="國別碼3碼: XZZ"
time="2023-07-18 09:40:02" level=info msg="國家全名: IANA Special-Purpose Address"
time="2023-07-18 09:40:02" level=info msg="取得商品資料[{15 b  1200 10    true} {14 a  1200 123    false} {7 TRX 123 500 1 堂  課程 true} {6 ck男生內褲 CK內褲 1980 3 1  性感 true} {3 哈達瑜珈 本課程適合首次來上課的人，一開始會先帶學員了解場館以及場館內的各式課程，並了解學員的目標以及目前身體的狀況、組成 (inbody)。在這些流程結束後開始讓學員體驗課程。(上體驗課程前，會先與您聯繫預期想體驗的課程。) 200 2 堂 https://images.unsplash.com/photo-1571019614242-c5c5dee9f50b?ixlib=rb-4.0.3&ixid=M3wxMjA3fDB8MHxwaG90by1wYWdlfHx8fGVufDB8fHx8fA%3D%3D&auto=format&fit=crop&w=2070&q=80 拉基 true} {1 CK內衣組 CK內衣 我的超人 1980 3 1  性感 true}]"
time="2023-07-18 09:41:07" level=info msg="國別碼2碼: XZ"
time="2023-07-18 09:41:07" level=info msg="國別碼3碼: XZZ"
time="2023-07-18 09:41:07" level=info msg="國家全名: IANA Special-Purpose Address"
time="2023-07-18 09:41:07" level=info msg="取得商品資料[{15 b  1200 10    true} {14 a  1200 123    false} {7 TRX 123 500 1 堂  課程 true} {6 ck男生內褲 CK內褲 1980 3 1  性感 true} {3 哈達瑜珈 本課程適合首次來上課的人，一開始會先帶學員了解場館以及場館內的各式課程，並了解學員的目標以及目前身體的狀況、組成 (inbody)。在這些流程結束後開始讓學員體驗課程。(上體驗課程前，會先與您聯繫預期想體驗的課程。) 200 2 堂 https://images.unsplash.com/photo-1571019614242-c5c5dee9f50b?ixlib=rb-4.0.3&ixid=M3wxMjA3fDB8MHxwaG90by1wYWdlfHx8fGVufDB8fHx8fA%3D%3D&auto=format&fit=crop&w=2070&q=80 拉基 true} {1 CK內衣組 CK內衣 我的超人 1980 3 1  性感 true}]"
time="2023-07-18 09:41:18" level=info msg="國別碼2碼: XZ"
time="2023-07-18 09:41:18" level=info msg="國別碼3碼: XZZ"
time="2023-07-18 09:41:18" level=info msg="國家全名: IANA Special-Purpose Address"
time="2023-07-18 09:41:18" level=info msg="取得商品資料[{15 b  1200 10    true} {14 a  1200 123    false} {7 TRX 123 500 1 堂  課程 true} {6 ck男生內褲 CK內褲 1980 3 1  性感 true} {3 哈達瑜珈 本課程適合首次來上課的人，一開始會先帶學員了解場館以及場館內的各式課程，並了解學員的目標以及目前身體的狀況、組成 (inbody)。在這些流程結束後開始讓學員體驗課程。(上體驗課程前，會先與您聯繫預期想體驗的課程。) 200 2 堂 https://images.unsplash.com/photo-1571019614242-c5c5dee9f50b?ixlib=rb-4.0.3&ixid=M3wxMjA3fDB8MHxwaG90by1wYWdlfHx8fGVufDB8fHx8fA%3D%3D&auto=format&fit=crop&w=2070&q=80 拉基 true} {1 CK內衣組 CK內衣 我的超人 1980 3 1  性感 true}]"
time="2023-07-18 09:41:21" level=info msg="國別碼2碼: XZ"
time="2023-07-18 09:41:21" level=info msg="國別碼3碼: XZZ"
time="2023-07-18 09:41:21" level=info msg="國家全名: IANA Special-Purpose Address"
time="2023-07-18 09:41:21" level=info msg="取得商品資料[{15 b  1200 10    true} {14 a  1200 123    false} {7 TRX 123 500 1 堂  課程 true} {6 ck男生內褲 CK內褲 1980 3 1  性感 true} {3 哈達瑜珈 本課程適合首次來上課的人，一開始會先帶學員了解場館以及場館內的各式課程，並了解學員的目標以及目前身體的狀況、組成 (inbody)。在這些流程結束後開始讓學員體驗課程。(上體驗課程前，會先與您聯繫預期想體驗的課程。) 200 2 堂 https://images.unsplash.com/photo-1571019614242-c5c5dee9f50b?ixlib=rb-4.0.3&ixid=M3wxMjA3fDB8MHxwaG90by1wYWdlfHx8fGVufDB8fHx8fA%3D%3D&auto=format&fit=crop&w=2070&q=80 拉基 true} {1 CK內衣組 CK內衣 我的超人 1980 3 1  性感 true}]"
time="2023-07-18 09:41:38" level=info msg="國別碼2碼: XZ"
time="2023-07-18 09:41:38" level=info msg="國別碼3碼: XZZ"
time="2023-07-18 09:41:38" level=info msg="國家全名: IANA Special-Purpose Address"
time="2023-07-18 09:41:38" level=info msg="取得商品資料[{15 b  1200 10    true} {14 a  1200 123    false} {7 TRX 123 500 1 堂  課程 true} {6 ck男生內褲 CK內褲 1980 3 1  性感 true} {3 哈達瑜珈 本課程適合首次來上課的人，一開始會先帶學員了解場館以及場館內的各式課程，並了解學員的目標以及目前身體的狀況、組成 (inbody)。在這些流程結束後開始讓學員體驗課程。(上體驗課程前，會先與您聯繫預期想體驗的課程。) 200 2 堂 https://images.unsplash.com/photo-1571019614242-c5c5dee9f50b?ixlib=rb-4.0.3&ixid=M3wxMjA3fDB8MHxwaG90by1wYWdlfHx8fGVufDB8fHx8fA%3D%3D&auto=format&fit=crop&w=2070&q=80 拉基 true} {1 CK內衣組 CK內衣 我的超人 1980 3 1  性感 true}]"
time="2023-07-18 09:41:55" level=info msg="國別碼2碼: XZ"
time="2023-07-18 09:41:55" level=info msg="國別碼3碼: XZZ"
time="2023-07-18 09:41:55" level=info msg="國家全名: IANA Special-Purpose Address"
time="2023-07-18 09:41:55" level=info msg="取得商品資料[{15 b  1200 10    true} {14 a  1200 123    false} {7 TRX 123 500 1 堂  課程 true} {6 ck男生內褲 CK內褲 1980 3 1  性感 true} {3 哈達瑜珈 本課程適合首次來上課的人，一開始會先帶學員了解場館以及場館內的各式課程，並了解學員的目標以及目前身體的狀況、組成 (inbody)。在這些流程結束後開始讓學員體驗課程。(上體驗課程前，會先與您聯繫預期想體驗的課程。) 200 2 堂 https://images.unsplash.com/photo-1571019614242-c5c5dee9f50b?ixlib=rb-4.0.3&ixid=M3wxMjA3fDB8MHxwaG90by1wYWdlfHx8fGVufDB8fHx8fA%3D%3D&auto=format&fit=crop&w=2070&q=80 拉基 true} {1 CK內衣組 CK內衣 我的超人 1980 3 1  性感 true}]"
time="2023-07-18 09:42:23" level=info msg="國別碼2碼: XZ"
time="2023-07-18 09:42:23" level=info msg="國別碼3碼: XZZ"
time="2023-07-18 09:42:23" level=info msg="國家全名: IANA Special-Purpose Address"
time="2023-07-18 09:42:23" level=info msg="取得商品資料[{15 b  1200 10    true} {14 a  1200 123    false} {7 TRX 123 500 1 堂  課程 true} {6 ck男生內褲 CK內褲 1980 3 1  性感 true} {3 哈達瑜珈 本課程適合首次來上課的人，一開始會先帶學員了解場館以及場館內的各式課程，並了解學員的目標以及目前身體的狀況、組成 (inbody)。在這些流程結束後開始讓學員體驗課程。(上體驗課程前，會先與您聯繫預期想體驗的課程。) 200 2 堂 https://images.unsplash.com/photo-1571019614242-c5c5dee9f50b?ixlib=rb-4.0.3&ixid=M3wxMjA3fDB8MHxwaG90by1wYWdlfHx8fGVufDB8fHx8fA%3D%3D&auto=format&fit=crop&w=2070&q=80 拉基 true} {1 CK內衣組 CK內衣 我的超人 1980 3 1  性感 true}]"
time="2023-07-18 09:42:27" level=info msg="國別碼2碼: XZ"
time="2023-07-18 09:42:27" level=info msg="國別碼3碼: XZZ"
time="2023-07-18 09:42:27" level=info msg="國家全名: IANA Special-Purpose Address"
time="2023-07-18 09:42:27" level=info msg="取得商品資料[{15 b  1200 10    true} {14 a  1200 123    false} {7 TRX 123 500 1 堂  課程 true} {6 ck男生內褲 CK內褲 1980 3 1  性感 true} {3 哈達瑜珈 本課程適合首次來上課的人，一開始會先帶學員了解場館以及場館內的各式課程，並了解學員的目標以及目前身體的狀況、組成 (inbody)。在這些流程結束後開始讓學員體驗課程。(上體驗課程前，會先與您聯繫預期想體驗的課程。) 200 2 堂 https://images.unsplash.com/photo-1571019614242-c5c5dee9f50b?ixlib=rb-4.0.3&ixid=M3wxMjA3fDB8MHxwaG90by1wYWdlfHx8fGVufDB8fHx8fA%3D%3D&auto=format&fit=crop&w=2070&q=80 拉基 true} {1 CK內衣組 CK內衣 我的超人 1980 3 1  性感 true}]"
time="2023-07-18 09:42:36" level=info msg="國別碼2碼: XZ"
time="2023-07-18 09:42:36" level=info msg="國別碼3碼: XZZ"
time="2023-07-18 09:42:36" level=info msg="國家全名: IANA Special-Purpose Address"
time="2023-07-18 09:42:36" level=info msg="取得商品資料[{15 b  1200 10    true} {14 a  1200 123    false} {7 TRX 123 500 1 堂  課程 true} {6 ck男生內褲 CK內褲 1980 3 1  性感 true} {3 哈達瑜珈 本課程適合首次來上課的人，一開始會先帶學員了解場館以及場館內的各式課程，並了解學員的目標以及目前身體的狀況、組成 (inbody)。在這些流程結束後開始讓學員體驗課程。(上體驗課程前，會先與您聯繫預期想體驗的課程。) 200 2 堂 https://images.unsplash.com/photo-1571019614242-c5c5dee9f50b?ixlib=rb-4.0.3&ixid=M3wxMjA3fDB8MHxwaG90by1wYWdlfHx8fGVufDB8fHx8fA%3D%3D&auto=format&fit=crop&w=2070&q=80 拉基 true} {1 CK內衣組 CK內衣 我的超人 1980 3 1  性感 true}]"
time="2023-07-18 09:43:00" level=info msg="國別碼2碼: XZ"
time="2023-07-18 09:43:00" level=info msg="國別碼3碼: XZZ"
time="2023-07-18 09:43:00" level=info msg="國家全名: IANA Special-Purpose Address"
time="2023-07-18 09:43:00" level=info msg="取得商品資料[{15 b  1200 10    true} {14 a  1200 123    false} {7 TRX 123 500 1 堂  課程 true} {6 ck男生內褲 CK內褲 1980 3 1  性感 true} {3 哈達瑜珈 本課程適合首次來上課的人，一開始會先帶學員了解場館以及場館內的各式課程，並了解學員的目標以及目前身體的狀況、組成 (inbody)。在這些流程結束後開始讓學員體驗課程。(上體驗課程前，會先與您聯繫預期想體驗的課程。) 200 2 堂 https://images.unsplash.com/photo-1571019614242-c5c5dee9f50b?ixlib=rb-4.0.3&ixid=M3wxMjA3fDB8MHxwaG90by1wYWdlfHx8fGVufDB8fHx8fA%3D%3D&auto=format&fit=crop&w=2070&q=80 拉基 true} {1 CK內衣組 CK內衣 我的超人 1980 3 1  性感 true}]"
time="2023-07-18 09:43:14" level=info msg="國別碼2碼: XZ"
time="2023-07-18 09:43:14" level=info msg="國別碼3碼: XZZ"
time="2023-07-18 09:43:14" level=info msg="國家全名: IANA Special-Purpose Address"
time="2023-07-18 09:43:14" level=info msg="取得商品資料[{15 b  1200 10    true} {14 a  1200 123    false} {7 TRX 123 500 1 堂  課程 true} {6 ck男生內褲 CK內褲 1980 3 1  性感 true} {3 哈達瑜珈 本課程適合首次來上課的人，一開始會先帶學員了解場館以及場館內的各式課程，並了解學員的目標以及目前身體的狀況、組成 (inbody)。在這些流程結束後開始讓學員體驗課程。(上體驗課程前，會先與您聯繫預期想體驗的課程。) 200 2 堂 https://images.unsplash.com/photo-1571019614242-c5c5dee9f50b?ixlib=rb-4.0.3&ixid=M3wxMjA3fDB8MHxwaG90by1wYWdlfHx8fGVufDB8fHx8fA%3D%3D&auto=format&fit=crop&w=2070&q=80 拉基 true} {1 CK內衣組 CK內衣 我的超人 1980 3 1  性感 true}]"
time="2023-07-18 09:43:36" level=info msg="國別碼2碼: XZ"
time="2023-07-18 09:43:36" level=info msg="國別碼3碼: XZZ"
time="2023-07-18 09:43:36" level=info msg="國家全名: IANA Special-Purpose Address"
time="2023-07-18 09:43:36" level=info msg="取得商品資料[{15 b  1200 10    true} {14 a  1200 123    false} {7 TRX 123 500 1 堂  課程 true} {6 ck男生內褲 CK內褲 1980 3 1  性感 true} {3 哈達瑜珈 本課程適合首次來上課的人，一開始會先帶學員了解場館以及場館內的各式課程，並了解學員的目標以及目前身體的狀況、組成 (inbody)。在這些流程結束後開始讓學員體驗課程。(上體驗課程前，會先與您聯繫預期想體驗的課程。) 200 2 堂 https://images.unsplash.com/photo-1571019614242-c5c5dee9f50b?ixlib=rb-4.0.3&ixid=M3wxMjA3fDB8MHxwaG90by1wYWdlfHx8fGVufDB8fHx8fA%3D%3D&auto=format&fit=crop&w=2070&q=80 拉基 true} {1 CK內衣組 CK內衣 我的超人 1980 3 1  性感 true}]"
time="2023-07-18 09:43:51" level=info msg="國別碼2碼: XZ"
time="2023-07-18 09:43:51" level=info msg="國別碼3碼: XZZ"
time="2023-07-18 09:43:51" level=info msg="國家全名: IANA Special-Purpose Address"
time="2023-07-18 09:43:51" level=info msg="取得商品資料[{15 b  1200 10    true} {14 a  1200 123    false} {7 TRX 123 500 1 堂  課程 true} {6 ck男生內褲 CK內褲 1980 3 1  性感 true} {3 哈達瑜珈 本課程適合首次來上課的人，一開始會先帶學員了解場館以及場館內的各式課程，並了解學員的目標以及目前身體的狀況、組成 (inbody)。在這些流程結束後開始讓學員體驗課程。(上體驗課程前，會先與您聯繫預期想體驗的課程。) 200 2 堂 https://images.unsplash.com/photo-1571019614242-c5c5dee9f50b?ixlib=rb-4.0.3&ixid=M3wxMjA3fDB8MHxwaG90by1wYWdlfHx8fGVufDB8fHx8fA%3D%3D&auto=format&fit=crop&w=2070&q=80 拉基 true} {1 CK內衣組 CK內衣 我的超人 1980 3 1  性感 true}]"
time="2023-07-18 09:51:35" level=info msg="國別碼2碼: XZ"
time="2023-07-18 09:51:35" level=info msg="國別碼3碼: XZZ"
time="2023-07-18 09:51:35" level=info msg="國家全名: IANA Special-Purpose Address"
time="2023-07-18 09:51:35" level=info msg="取得商品資料[{15 b  1200 10    true} {14 a  1200 123    false} {7 TRX 123 500 1 堂  課程 true} {6 ck男生內褲 CK內褲 1980 3 1  性感 true} {3 哈達瑜珈 本課程適合首次來上課的人，一開始會先帶學員了解場館以及場館內的各式課程，並了解學員的目標以及目前身體的狀況、組成 (inbody)。在這些流程結束後開始讓學員體驗課程。(上體驗課程前，會先與您聯繫預期想體驗的課程。) 200 2 堂 https://images.unsplash.com/photo-1571019614242-c5c5dee9f50b?ixlib=rb-4.0.3&ixid=M3wxMjA3fDB8MHxwaG90by1wYWdlfHx8fGVufDB8fHx8fA%3D%3D&auto=format&fit=crop&w=2070&q=80 拉基 true} {1 CK內衣組 CK內衣 我的超人 1980 3 1  性感 true}]"
time="2023-07-18 09:51:50" level=info msg="國別碼2碼: XZ"
time="2023-07-18 09:51:50" level=info msg="國別碼3碼: XZZ"
time="2023-07-18 09:51:50" level=info msg="國家全名: IANA Special-Purpose Address"
time="2023-07-18 09:51:50" level=info msg="取得商品資料[{15 b  1200 10    true} {14 a  1200 123    false} {7 TRX 123 500 1 堂  課程 true} {6 ck男生內褲 CK內褲 1980 3 1  性感 true} {3 哈達瑜珈 本課程適合首次來上課的人，一開始會先帶學員了解場館以及場館內的各式課程，並了解學員的目標以及目前身體的狀況、組成 (inbody)。在這些流程結束後開始讓學員體驗課程。(上體驗課程前，會先與您聯繫預期想體驗的課程。) 200 2 堂 https://images.unsplash.com/photo-1571019614242-c5c5dee9f50b?ixlib=rb-4.0.3&ixid=M3wxMjA3fDB8MHxwaG90by1wYWdlfHx8fGVufDB8fHx8fA%3D%3D&auto=format&fit=crop&w=2070&q=80 拉基 true} {1 CK內衣組 CK內衣 我的超人 1980 3 1  性感 true}]"
time="2023-07-18 09:52:01" level=info msg="國別碼2碼: XZ"
time="2023-07-18 09:52:01" level=info msg="國別碼3碼: XZZ"
time="2023-07-18 09:52:01" level=info msg="國家全名: IANA Special-Purpose Address"
time="2023-07-18 09:52:01" level=info msg="取得商品資料[{15 b  1200 10    true} {14 a  1200 123    false} {7 TRX 123 500 1 堂  課程 true} {6 ck男生內褲 CK內褲 1980 3 1  性感 true} {3 哈達瑜珈 本課程適合首次來上課的人，一開始會先帶學員了解場館以及場館內的各式課程，並了解學員的目標以及目前身體的狀況、組成 (inbody)。在這些流程結束後開始讓學員體驗課程。(上體驗課程前，會先與您聯繫預期想體驗的課程。) 200 2 堂 https://images.unsplash.com/photo-1571019614242-c5c5dee9f50b?ixlib=rb-4.0.3&ixid=M3wxMjA3fDB8MHxwaG90by1wYWdlfHx8fGVufDB8fHx8fA%3D%3D&auto=format&fit=crop&w=2070&q=80 拉基 true} {1 CK內衣組 CK內衣 我的超人 1980 3 1  性感 true}]"
time="2023-07-18 09:52:10" level=info msg="國別碼2碼: XZ"
time="2023-07-18 09:52:10" level=info msg="國別碼3碼: XZZ"
time="2023-07-18 09:52:10" level=info msg="國家全名: IANA Special-Purpose Address"
time="2023-07-18 09:52:10" level=info msg="取得商品資料[{15 b  1200 10    true} {14 a  1200 123    false} {7 TRX 123 500 1 堂  課程 true} {6 ck男生內褲 CK內褲 1980 3 1  性感 true} {3 哈達瑜珈 本課程適合首次來上課的人，一開始會先帶學員了解場館以及場館內的各式課程，並了解學員的目標以及目前身體的狀況、組成 (inbody)。在這些流程結束後開始讓學員體驗課程。(上體驗課程前，會先與您聯繫預期想體驗的課程。) 200 2 堂 https://images.unsplash.com/photo-1571019614242-c5c5dee9f50b?ixlib=rb-4.0.3&ixid=M3wxMjA3fDB8MHxwaG90by1wYWdlfHx8fGVufDB8fHx8fA%3D%3D&auto=format&fit=crop&w=2070&q=80 拉基 true} {1 CK內衣組 CK內衣 我的超人 1980 3 1  性感 true}]"
time="2023-07-18 09:53:36" level=info msg="國別碼2碼: XZ"
time="2023-07-18 09:53:36" level=info msg="國別碼3碼: XZZ"
time="2023-07-18 09:53:36" level=info msg="國家全名: IANA Special-Purpose Address"
time="2023-07-18 09:53:36" level=info msg="取得商品資料[{15 b  1200 10    true} {14 a  1200 123    false} {7 TRX 123 500 1 堂  課程 true} {6 ck男生內褲 CK內褲 1980 3 1  性感 true} {3 哈達瑜珈 本課程適合首次來上課的人，一開始會先帶學員了解場館以及場館內的各式課程，並了解學員的目標以及目前身體的狀況、組成 (inbody)。在這些流程結束後開始讓學員體驗課程。(上體驗課程前，會先與您聯繫預期想體驗的課程。) 200 2 堂 https://images.unsplash.com/photo-1571019614242-c5c5dee9f50b?ixlib=rb-4.0.3&ixid=M3wxMjA3fDB8MHxwaG90by1wYWdlfHx8fGVufDB8fHx8fA%3D%3D&auto=format&fit=crop&w=2070&q=80 拉基 true} {1 CK內衣組 CK內衣 我的超人 1980 3 1  性感 true}]"
time="2023-07-18 09:53:41" level=info msg="國別碼2碼: XZ"
time="2023-07-18 09:53:41" level=info msg="國別碼3碼: XZZ"
time="2023-07-18 09:53:41" level=info msg="國家全名: IANA Special-Purpose Address"
time="2023-07-18 09:53:41" level=info msg="取得商品資料[{15 b  1200 10    true} {14 a  1200 123    false} {7 TRX 123 500 1 堂  課程 true} {6 ck男生內褲 CK內褲 1980 3 1  性感 true} {3 哈達瑜珈 本課程適合首次來上課的人，一開始會先帶學員了解場館以及場館內的各式課程，並了解學員的目標以及目前身體的狀況、組成 (inbody)。在這些流程結束後開始讓學員體驗課程。(上體驗課程前，會先與您聯繫預期想體驗的課程。) 200 2 堂 https://images.unsplash.com/photo-1571019614242-c5c5dee9f50b?ixlib=rb-4.0.3&ixid=M3wxMjA3fDB8MHxwaG90by1wYWdlfHx8fGVufDB8fHx8fA%3D%3D&auto=format&fit=crop&w=2070&q=80 拉基 true} {1 CK內衣組 CK內衣 我的超人 1980 3 1  性感 true}]"
time="2023-07-18 09:54:06" level=info msg="國別碼2碼: XZ"
time="2023-07-18 09:54:06" level=info msg="國別碼3碼: XZZ"
time="2023-07-18 09:54:06" level=info msg="國家全名: IANA Special-Purpose Address"
time="2023-07-18 09:54:06" level=info msg="取得商品資料[{15 b  1200 10    true} {14 a  1200 123    false} {7 TRX 123 500 1 堂  課程 true} {6 ck男生內褲 CK內褲 1980 3 1  性感 true} {3 哈達瑜珈 本課程適合首次來上課的人，一開始會先帶學員了解場館以及場館內的各式課程，並了解學員的目標以及目前身體的狀況、組成 (inbody)。在這些流程結束後開始讓學員體驗課程。(上體驗課程前，會先與您聯繫預期想體驗的課程。) 200 2 堂 https://images.unsplash.com/photo-1571019614242-c5c5dee9f50b?ixlib=rb-4.0.3&ixid=M3wxMjA3fDB8MHxwaG90by1wYWdlfHx8fGVufDB8fHx8fA%3D%3D&auto=format&fit=crop&w=2070&q=80 拉基 true} {1 CK內衣組 CK內衣 我的超人 1980 3 1  性感 true}]"
time="2023-07-18 09:54:23" level=info msg="國別碼2碼: XZ"
time="2023-07-18 09:54:23" level=info msg="國別碼3碼: XZZ"
time="2023-07-18 09:54:23" level=info msg="國家全名: IANA Special-Purpose Address"
time="2023-07-18 09:54:23" level=info msg="取得商品資料[{15 b  1200 10    true} {14 a  1200 123    false} {7 TRX 123 500 1 堂  課程 true} {6 ck男生內褲 CK內褲 1980 3 1  性感 true} {3 哈達瑜珈 本課程適合首次來上課的人，一開始會先帶學員了解場館以及場館內的各式課程，並了解學員的目標以及目前身體的狀況、組成 (inbody)。在這些流程結束後開始讓學員體驗課程。(上體驗課程前，會先與您聯繫預期想體驗的課程。) 200 2 堂 https://images.unsplash.com/photo-1571019614242-c5c5dee9f50b?ixlib=rb-4.0.3&ixid=M3wxMjA3fDB8MHxwaG90by1wYWdlfHx8fGVufDB8fHx8fA%3D%3D&auto=format&fit=crop&w=2070&q=80 拉基 true} {1 CK內衣組 CK內衣 我的超人 1980 3 1  性感 true}]"
time="2023-07-18 09:54:39" level=info msg="國別碼2碼: XZ"
time="2023-07-18 09:54:39" level=info msg="國別碼3碼: XZZ"
time="2023-07-18 09:54:39" level=info msg="國家全名: IANA Special-Purpose Address"
time="2023-07-18 09:54:39" level=info msg="取得商品資料[{15 b  1200 10    true} {14 a  1200 123    false} {7 TRX 123 500 1 堂  課程 true} {6 ck男生內褲 CK內褲 1980 3 1  性感 true} {3 哈達瑜珈 本課程適合首次來上課的人，一開始會先帶學員了解場館以及場館內的各式課程，並了解學員的目標以及目前身體的狀況、組成 (inbody)。在這些流程結束後開始讓學員體驗課程。(上體驗課程前，會先與您聯繫預期想體驗的課程。) 200 2 堂 https://images.unsplash.com/photo-1571019614242-c5c5dee9f50b?ixlib=rb-4.0.3&ixid=M3wxMjA3fDB8MHxwaG90by1wYWdlfHx8fGVufDB8fHx8fA%3D%3D&auto=format&fit=crop&w=2070&q=80 拉基 true} {1 CK內衣組 CK內衣 我的超人 1980 3 1  性感 true}]"
time="2023-07-18 09:54:46" level=info msg="國別碼2碼: XZ"
time="2023-07-18 09:54:46" level=info msg="國別碼3碼: XZZ"
time="2023-07-18 09:54:46" level=info msg="國家全名: IANA Special-Purpose Address"
time="2023-07-18 09:54:46" level=info msg="取得商品資料[{15 b  1200 10    true} {14 a  1200 123    false} {7 TRX 123 500 1 堂  課程 true} {6 ck男生內褲 CK內褲 1980 3 1  性感 true} {3 哈達瑜珈 本課程適合首次來上課的人，一開始會先帶學員了解場館以及場館內的各式課程，並了解學員的目標以及目前身體的狀況、組成 (inbody)。在這些流程結束後開始讓學員體驗課程。(上體驗課程前，會先與您聯繫預期想體驗的課程。) 200 2 堂 https://images.unsplash.com/photo-1571019614242-c5c5dee9f50b?ixlib=rb-4.0.3&ixid=M3wxMjA3fDB8MHxwaG90by1wYWdlfHx8fGVufDB8fHx8fA%3D%3D&auto=format&fit=crop&w=2070&q=80 拉基 true} {1 CK內衣組 CK內衣 我的超人 1980 3 1  性感 true}]"
time="2023-07-18 09:55:16" level=info msg="國別碼2碼: XZ"
time="2023-07-18 09:55:16" level=info msg="國別碼3碼: XZZ"
time="2023-07-18 09:55:16" level=info msg="國家全名: IANA Special-Purpose Address"
time="2023-07-18 09:55:16" level=info msg="取得商品資料[{15 b  1200 10    true} {14 a  1200 123    false} {7 TRX 123 500 1 堂  課程 true} {6 ck男生內褲 CK內褲 1980 3 1  性感 true} {3 哈達瑜珈 本課程適合首次來上課的人，一開始會先帶學員了解場館以及場館內的各式課程，並了解學員的目標以及目前身體的狀況、組成 (inbody)。在這些流程結束後開始讓學員體驗課程。(上體驗課程前，會先與您聯繫預期想體驗的課程。) 200 2 堂 https://images.unsplash.com/photo-1571019614242-c5c5dee9f50b?ixlib=rb-4.0.3&ixid=M3wxMjA3fDB8MHxwaG90by1wYWdlfHx8fGVufDB8fHx8fA%3D%3D&auto=format&fit=crop&w=2070&q=80 拉基 true} {1 CK內衣組 CK內衣 我的超人 1980 3 1  性感 true}]"
time="2023-07-18 09:55:36" level=info msg="國別碼2碼: XZ"
time="2023-07-18 09:55:36" level=info msg="國別碼3碼: XZZ"
time="2023-07-18 09:55:36" level=info msg="國家全名: IANA Special-Purpose Address"
time="2023-07-18 09:55:36" level=info msg="取得商品資料[{15 b  1200 10    true} {14 a  1200 123    false} {7 TRX 123 500 1 堂  課程 true} {6 ck男生內褲 CK內褲 1980 3 1  性感 true} {3 哈達瑜珈 本課程適合首次來上課的人，一開始會先帶學員了解場館以及場館內的各式課程，並了解學員的目標以及目前身體的狀況、組成 (inbody)。在這些流程結束後開始讓學員體驗課程。(上體驗課程前，會先與您聯繫預期想體驗的課程。) 200 2 堂 https://images.unsplash.com/photo-1571019614242-c5c5dee9f50b?ixlib=rb-4.0.3&ixid=M3wxMjA3fDB8MHxwaG90by1wYWdlfHx8fGVufDB8fHx8fA%3D%3D&auto=format&fit=crop&w=2070&q=80 拉基 true} {1 CK內衣組 CK內衣 我的超人 1980 3 1  性感 true}]"
time="2023-07-18 09:56:08" level=info msg="國別碼2碼: XZ"
time="2023-07-18 09:56:08" level=info msg="國別碼3碼: XZZ"
time="2023-07-18 09:56:08" level=info msg="國家全名: IANA Special-Purpose Address"
time="2023-07-18 09:56:08" level=info msg="取得商品資料[{15 b  1200 10    true} {14 a  1200 123    false} {7 TRX 123 500 1 堂  課程 true} {6 ck男生內褲 CK內褲 1980 3 1  性感 true} {3 哈達瑜珈 本課程適合首次來上課的人，一開始會先帶學員了解場館以及場館內的各式課程，並了解學員的目標以及目前身體的狀況、組成 (inbody)。在這些流程結束後開始讓學員體驗課程。(上體驗課程前，會先與您聯繫預期想體驗的課程。) 200 2 堂 https://images.unsplash.com/photo-1571019614242-c5c5dee9f50b?ixlib=rb-4.0.3&ixid=M3wxMjA3fDB8MHxwaG90by1wYWdlfHx8fGVufDB8fHx8fA%3D%3D&auto=format&fit=crop&w=2070&q=80 拉基 true} {1 CK內衣組 CK內衣 我的超人 1980 3 1  性感 true}]"
time="2023-07-18 09:56:18" level=info msg="國別碼2碼: XZ"
time="2023-07-18 09:56:18" level=info msg="國別碼3碼: XZZ"
time="2023-07-18 09:56:18" level=info msg="國家全名: IANA Special-Purpose Address"
time="2023-07-18 09:56:18" level=info msg="取得商品資料[{15 b  1200 10    true} {14 a  1200 123    false} {7 TRX 123 500 1 堂  課程 true} {6 ck男生內褲 CK內褲 1980 3 1  性感 true} {3 哈達瑜珈 本課程適合首次來上課的人，一開始會先帶學員了解場館以及場館內的各式課程，並了解學員的目標以及目前身體的狀況、組成 (inbody)。在這些流程結束後開始讓學員體驗課程。(上體驗課程前，會先與您聯繫預期想體驗的課程。) 200 2 堂 https://images.unsplash.com/photo-1571019614242-c5c5dee9f50b?ixlib=rb-4.0.3&ixid=M3wxMjA3fDB8MHxwaG90by1wYWdlfHx8fGVufDB8fHx8fA%3D%3D&auto=format&fit=crop&w=2070&q=80 拉基 true} {1 CK內衣組 CK內衣 我的超人 1980 3 1  性感 true}]"
time="2023-07-18 10:13:25" level=info msg="國別碼2碼: GB"
time="2023-07-18 10:13:25" level=info msg="國別碼3碼: GBR"
time="2023-07-18 10:13:25" level=info msg="國家全名: United Kingdom of Great Britain and Northern Ireland (the)"
time="2023-07-18 10:13:28" level=info msg="國別碼2碼: GB"
time="2023-07-18 10:13:28" level=info msg="國別碼3碼: GBR"
time="2023-07-18 10:13:28" level=info msg="國家全名: United Kingdom of Great Britain and Northern Ireland (the)"
time="2023-07-18 10:13:33" level=info msg="國別碼2碼: GB"
time="2023-07-18 10:13:33" level=info msg="國別碼3碼: GBR"
time="2023-07-18 10:13:33" level=info msg="國家全名: United Kingdom of Great Britain and Northern Ireland (the)"
time="2023-07-18 10:13:37" level=info msg="國別碼2碼: US"
time="2023-07-18 10:13:37" level=info msg="國別碼3碼: USA"
time="2023-07-18 10:13:37" level=info msg="國家全名: United States of America (the)"
time="2023-07-18 10:16:17" level=info msg="國別碼2碼: FR"
time="2023-07-18 10:16:17" level=info msg="國別碼3碼: FRA"
time="2023-07-18 10:16:17" level=info msg="國家全名: France"
time="2023-07-18 10:16:19" level=info msg="國別碼2碼: FR"
time="2023-07-18 10:16:19" level=info msg="國別碼3碼: FRA"
time="2023-07-18 10:16:19" level=info msg="國家全名: France"
time="2023-07-18 10:16:20" level=info msg="國別碼2碼: MX"
time="2023-07-18 10:16:20" level=info msg="國別碼3碼: MEX"
time="2023-07-18 10:16:20" level=info msg="國家全名: Mexico"
time="2023-07-18 10:33:10" level=info msg="國別碼2碼: US"
time="2023-07-18 10:33:10" level=info msg="國別碼3碼: USA"
time="2023-07-18 10:33:10" level=info msg="國家全名: United States of America (the)"
time="2023-07-18 11:06:52" level=info msg="國別碼2碼: BE"
time="2023-07-18 11:06:52" level=info msg="國別碼3碼: BEL"
time="2023-07-18 11:06:52" level=info msg="國家全名: Belgium"
time="2023-07-18 11:10:29" level=info msg="國別碼2碼: GB"
time="2023-07-18 11:10:29" level=info msg="國別碼3碼: GBR"
time="2023-07-18 11:10:29" level=info msg="國家全名: United Kingdom of Great Britain and Northern Ireland (the)"
time="2023-07-18 11:30:01" level=info msg="國別碼2碼: FR"
time="2023-07-18 11:30:01" level=info msg="國別碼3碼: FRA"
time="2023-07-18 11:30:01" level=info msg="國家全名: France"
time="2023-07-18 11:30:02" level=info msg="國別碼2碼: FR"
time="2023-07-18 11:30:02" level=info msg="國別碼3碼: FRA"
time="2023-07-18 11:30:02" level=info msg="國家全名: France"
time="2023-07-18 11:58:35" level=info msg="國別碼2碼: FR"
time="2023-07-18 11:58:35" level=info msg="國別碼3碼: FRA"
time="2023-07-18 11:58:35" level=info msg="國家全名: France"
time="2023-07-18 11:58:37" level=info msg="國別碼2碼: FR"
time="2023-07-18 11:58:37" level=info msg="國別碼3碼: FRA"
time="2023-07-18 11:58:37" level=info msg="國家全名: France"
time="2023-07-18 12:16:28" level=info msg="國別碼2碼: NL"
time="2023-07-18 12:16:28" level=info msg="國別碼3碼: NLD"
time="2023-07-18 12:16:28" level=info msg="國家全名: Netherlands (the)"
time="2023-07-18 12:18:34" level=info msg="國別碼2碼: CA"
time="2023-07-18 12:18:34" level=info msg="國別碼3碼: CAN"
time="2023-07-18 12:18:34" level=info msg="國家全名: Canada"
time="2023-07-18 12:18:36" level=info msg="國別碼2碼: CA"
time="2023-07-18 12:18:36" level=info msg="國別碼3碼: CAN"
time="2023-07-18 12:18:36" level=info msg="國家全名: Canada"
time="2023-07-18 12:18:38" level=info msg="國別碼2碼: CA"
time="2023-07-18 12:18:38" level=info msg="國別碼3碼: CAN"
time="2023-07-18 12:18:38" level=info msg="國家全名: Canada"
time="2023-07-18 12:18:38" level=info msg="國別碼2碼: CA"
time="2023-07-18 12:18:38" level=info msg="國別碼3碼: CAN"
time="2023-07-18 12:18:38" level=info msg="國家全名: Canada"
time="2023-07-18 12:18:39" level=info msg="國別碼2碼: CA"
time="2023-07-18 12:18:39" level=info msg="國別碼3碼: CAN"
time="2023-07-18 12:18:39" level=info msg="國家全名: Canada"
time="2023-07-18 12:18:40" level=info msg="國別碼2碼: CA"
time="2023-07-18 12:18:40" level=info msg="國別碼3碼: CAN"
time="2023-07-18 12:18:40" level=info msg="國家全名: Canada"
time="2023-07-18 12:18:41" level=info msg="國別碼2碼: CA"
time="2023-07-18 12:18:41" level=info msg="國別碼3碼: CAN"
time="2023-07-18 12:18:41" level=info msg="國家全名: Canada"
time="2023-07-18 12:46:08" level=info msg="國別碼2碼: FR"
time="2023-07-18 12:46:08" level=info msg="國別碼3碼: FRA"
time="2023-07-18 12:46:08" level=info msg="國家全名: France"
time="2023-07-18 12:46:09" level=info msg="國別碼2碼: FR"
time="2023-07-18 12:46:09" level=info msg="國別碼3碼: FRA"
time="2023-07-18 12:46:09" level=info msg="國家全名: France"
time="2023-07-18 12:49:12" level=info msg="國別碼2碼: RO"
time="2023-07-18 12:49:12" level=info msg="國別碼3碼: ROU"
time="2023-07-18 12:49:12" level=info msg="國家全名: Romania"
time="2023-07-18 13:16:25" level=info msg="國別碼2碼: US"
time="2023-07-18 13:16:25" level=info msg="國別碼3碼: USA"
time="2023-07-18 13:16:25" level=info msg="國家全名: United States of America (the)"
time="2023-07-18 13:25:51" level=info msg="國別碼2碼: RO"
time="2023-07-18 13:25:51" level=info msg="國別碼3碼: ROU"
time="2023-07-18 13:25:51" level=info msg="國家全名: Romania"
time="2023-07-18 14:06:34" level=info msg="國別碼2碼: GB"
time="2023-07-18 14:06:34" level=info msg="國別碼3碼: GBR"
time="2023-07-18 14:06:34" level=info msg="國家全名: United Kingdom of Great Britain and Northern Ireland (the)"
time="2023-07-18 14:11:33" level=info msg="國別碼2碼: FR"
time="2023-07-18 14:11:33" level=info msg="國別碼3碼: FRA"
time="2023-07-18 14:11:33" level=info msg="國家全名: France"
time="2023-07-18 14:11:34" level=info msg="國別碼2碼: FR"
time="2023-07-18 14:11:34" level=info msg="國別碼3碼: FRA"
time="2023-07-18 14:11:34" level=info msg="國家全名: France"
time="2023-07-18 14:16:49" level=info msg="國別碼2碼: US"
time="2023-07-18 14:16:49" level=info msg="國別碼3碼: USA"
time="2023-07-18 14:16:49" level=info msg="國家全名: United States of America (the)"
time="2023-07-18 14:23:07" level=info msg="國別碼2碼: CN"
time="2023-07-18 14:23:07" level=info msg="國別碼3碼: CHN"
time="2023-07-18 14:23:07" level=info msg="國家全名: China"
time="2023-07-18 15:09:26" level=info msg="國別碼2碼: GB"
time="2023-07-18 15:09:26" level=info msg="國別碼3碼: GBR"
time="2023-07-18 15:09:26" level=info msg="國家全名: United Kingdom of Great Britain and Northern Ireland (the)"
time="2023-07-18 15:09:29" level=info msg="國別碼2碼: GB"
time="2023-07-18 15:09:29" level=info msg="國別碼3碼: GBR"
time="2023-07-18 15:09:29" level=info msg="國家全名: United Kingdom of Great Britain and Northern Ireland (the)"
time="2023-07-18 15:12:10" level=info msg="國別碼2碼: NL"
time="2023-07-18 15:12:10" level=info msg="國別碼3碼: NLD"
time="2023-07-18 15:12:10" level=info msg="國家全名: Netherlands (the)"
time="2023-07-18 15:12:11" level=info msg="國別碼2碼: NL"
time="2023-07-18 15:12:11" level=info msg="國別碼3碼: NLD"
time="2023-07-18 15:12:11" level=info msg="國家全名: Netherlands (the)"
time="2023-07-18 15:12:13" level=info msg="國別碼2碼: NL"
time="2023-07-18 15:12:13" level=info msg="國別碼3碼: NLD"
time="2023-07-18 15:12:13" level=info msg="國家全名: Netherlands (the)"
time="2023-07-18 15:12:14" level=info msg="國別碼2碼: NL"
time="2023-07-18 15:12:14" level=info msg="國別碼3碼: NLD"
time="2023-07-18 15:12:14" level=info msg="國家全名: Netherlands (the)"
time="2023-07-18 15:12:15" level=info msg="國別碼2碼: NL"
time="2023-07-18 15:12:15" level=info msg="國別碼3碼: NLD"
time="2023-07-18 15:12:15" level=info msg="國家全名: Netherlands (the)"
time="2023-07-18 15:12:17" level=info msg="國別碼2碼: NL"
time="2023-07-18 15:12:17" level=info msg="國別碼3碼: NLD"
time="2023-07-18 15:12:17" level=info msg="國家全名: Netherlands (the)"
time="2023-07-18 15:13:58" level=info msg="國別碼2碼: US"
time="2023-07-18 15:13:58" level=info msg="國別碼3碼: USA"
time="2023-07-18 15:13:58" level=info msg="國家全名: United States of America (the)"
time="2023-07-18 16:04:37" level=info msg="國別碼2碼: US"
time="2023-07-18 16:04:37" level=info msg="國別碼3碼: USA"
time="2023-07-18 16:04:37" level=info msg="國家全名: United States of America (the)"
time="2023-07-18 16:51:41" level=info msg="國別碼2碼: US"
time="2023-07-18 16:51:41" level=info msg="國別碼3碼: USA"
time="2023-07-18 16:51:41" level=info msg="國家全名: United States of America (the)"
time="2023-07-18 17:12:34" level=info msg="國別碼2碼: US"
time="2023-07-18 17:12:34" level=info msg="國別碼3碼: USA"
time="2023-07-18 17:12:34" level=info msg="國家全名: United States of America (the)"
time="2023-07-18 17:13:59" level=info msg="國別碼2碼: FR"
time="2023-07-18 17:13:59" level=info msg="國別碼3碼: FRA"
time="2023-07-18 17:13:59" level=info msg="國家全名: France"
time="2023-07-18 17:14:02" level=info msg="國別碼2碼: FR"
time="2023-07-18 17:14:02" level=info msg="國別碼3碼: FRA"
time="2023-07-18 17:14:02" level=info msg="國家全名: France"
time="2023-07-18 17:14:35" level=info msg="國別碼2碼: US"
time="2023-07-18 17:14:35" level=info msg="國別碼3碼: USA"
time="2023-07-18 17:14:35" level=info msg="國家全名: United States of America (the)"
time="2023-07-18 17:25:00" level=info msg="國別碼2碼: US"
time="2023-07-18 17:25:00" level=info msg="國別碼3碼: USA"
time="2023-07-18 17:25:00" level=info msg="國家全名: United States of America (the)"
time="2023-07-18 17:35:25" level=info msg="國別碼2碼: US"
time="2023-07-18 17:35:25" level=info msg="國別碼3碼: USA"
time="2023-07-18 17:35:25" level=info msg="國家全名: United States of America (the)"
time="2023-07-18 17:42:27" level=info msg="國別碼2碼: BG"
time="2023-07-18 17:42:27" level=info msg="國別碼3碼: BGR"
time="2023-07-18 17:42:27" level=info msg="國家全名: Bulgaria"
time="2023-07-18 17:42:30" level=info msg="國別碼2碼: BG"
time="2023-07-18 17:42:30" level=info msg="國別碼3碼: BGR"
time="2023-07-18 17:42:30" level=info msg="國家全名: Bulgaria"
time="2023-07-18 17:49:27" level=info msg="國別碼2碼: FR"
time="2023-07-18 17:49:27" level=info msg="國別碼3碼: FRA"
time="2023-07-18 17:49:27" level=info msg="國家全名: France"
time="2023-07-18 17:49:30" level=info msg="國別碼2碼: FR"
time="2023-07-18 17:49:30" level=info msg="國別碼3碼: FRA"
time="2023-07-18 17:49:30" level=info msg="國家全名: France"
time="2023-07-18 18:28:44" level=info msg="國別碼2碼: US"
time="2023-07-18 18:28:44" level=info msg="國別碼3碼: USA"
time="2023-07-18 18:28:44" level=info msg="國家全名: United States of America (the)"
time="2023-07-18 18:38:18" level=info msg="國別碼2碼: US"
time="2023-07-18 18:38:18" level=info msg="國別碼3碼: USA"
time="2023-07-18 18:38:18" level=info msg="國家全名: United States of America (the)"
time="2023-07-18 18:41:47" level=info msg="國別碼2碼: US"
time="2023-07-18 18:41:47" level=info msg="國別碼3碼: USA"
time="2023-07-18 18:41:47" level=info msg="國家全名: United States of America (the)"
time="2023-07-18 18:41:47" level=info msg="國別碼2碼: SG"
time="2023-07-18 18:41:47" level=info msg="國別碼3碼: SGP"
time="2023-07-18 18:41:47" level=info msg="國家全名: Singapore"
time="2023-07-18 18:41:47" level=info msg="國別碼2碼: US"
time="2023-07-18 18:41:47" level=info msg="國別碼3碼: USA"
time="2023-07-18 18:41:47" level=info msg="國家全名: United States of America (the)"
time="2023-07-18 18:41:48" level=info msg="國別碼2碼: US"
time="2023-07-18 18:41:48" level=info msg="國別碼3碼: USA"
time="2023-07-18 18:41:48" level=info msg="國家全名: United States of America (the)"
time="2023-07-18 18:41:48" level=info msg="國別碼2碼: US"
time="2023-07-18 18:41:48" level=info msg="國別碼3碼: USA"
time="2023-07-18 18:41:48" level=info msg="國家全名: United States of America (the)"
time="2023-07-18 18:41:48" level=info msg="國別碼2碼: US"
time="2023-07-18 18:41:48" level=info msg="國別碼3碼: USA"
time="2023-07-18 18:41:48" level=info msg="國家全名: United States of America (the)"
time="2023-07-18 18:41:48" level=info msg="國別碼2碼: US"
time="2023-07-18 18:41:48" level=info msg="國別碼3碼: USA"
time="2023-07-18 18:41:48" level=info msg="國家全名: United States of America (the)"
time="2023-07-18 18:41:48" level=info msg="國別碼2碼: US"
time="2023-07-18 18:41:48" level=info msg="國別碼3碼: USA"
time="2023-07-18 18:41:48" level=info msg="國家全名: United States of America (the)"
time="2023-07-18 18:43:25" level=info msg="國別碼2碼: DE"
time="2023-07-18 18:43:25" level=info msg="國別碼3碼: DEU"
time="2023-07-18 18:43:25" level=info msg="國家全名: Germany"
time="2023-07-18 18:43:26" level=info msg="國別碼2碼: DE"
time="2023-07-18 18:43:26" level=info msg="國別碼3碼: DEU"
time="2023-07-18 18:43:26" level=info msg="國家全名: Germany"
time="2023-07-18 18:48:23" level=info msg="國別碼2碼: GB"
time="2023-07-18 18:48:23" level=info msg="國別碼3碼: GBR"
time="2023-07-18 18:48:23" level=info msg="國家全名: United Kingdom of Great Britain and Northern Ireland (the)"
time="2023-07-18 18:48:26" level=info msg="國別碼2碼: GB"
time="2023-07-18 18:48:26" level=info msg="國別碼3碼: GBR"
time="2023-07-18 18:48:26" level=info msg="國家全名: United Kingdom of Great Britain and Northern Ireland (the)"
time="2023-07-18 18:48:28" level=info msg="國別碼2碼: GB"
time="2023-07-18 18:48:28" level=info msg="國別碼3碼: GBR"
time="2023-07-18 18:48:28" level=info msg="國家全名: United Kingdom of Great Britain and Northern Ireland (the)"
time="2023-07-18 18:48:52" level=info msg="國別碼2碼: DE"
time="2023-07-18 18:48:52" level=info msg="國別碼3碼: DEU"
time="2023-07-18 18:48:52" level=info msg="國家全名: Germany"
time="2023-07-18 19:11:57" level=info msg="國別碼2碼: FR"
time="2023-07-18 19:11:57" level=info msg="國別碼3碼: FRA"
time="2023-07-18 19:11:57" level=info msg="國家全名: France"
time="2023-07-18 19:11:58" level=info msg="國別碼2碼: FR"
time="2023-07-18 19:11:58" level=info msg="國別碼3碼: FRA"
time="2023-07-18 19:11:58" level=info msg="國家全名: France"
time="2023-07-18 19:15:35" level=info msg="國別碼2碼: US"
time="2023-07-18 19:15:35" level=info msg="國別碼3碼: USA"
time="2023-07-18 19:15:35" level=info msg="國家全名: United States of America (the)"
time="2023-07-18 19:27:47" level=info msg="國別碼2碼: NL"
time="2023-07-18 19:27:47" level=info msg="國別碼3碼: NLD"
time="2023-07-18 19:27:47" level=info msg="國家全名: Netherlands (the)"
time="2023-07-18 19:30:50" level=info msg="國別碼2碼: NL"
time="2023-07-18 19:30:50" level=info msg="國別碼3碼: NLD"
time="2023-07-18 19:30:50" level=info msg="國家全名: Netherlands (the)"
time="2023-07-18 19:45:19" level=info msg="國別碼2碼: GB"
time="2023-07-18 19:45:19" level=info msg="國別碼3碼: GBR"
time="2023-07-18 19:45:19" level=info msg="國家全名: United Kingdom of Great Britain and Northern Ireland (the)"
time="2023-07-18 19:52:02" level=info msg="國別碼2碼: NL"
time="2023-07-18 19:52:02" level=info msg="國別碼3碼: NLD"
time="2023-07-18 19:52:02" level=info msg="國家全名: Netherlands (the)"
time="2023-07-18 19:56:16" level=info msg="國別碼2碼: HK"
time="2023-07-18 19:56:16" level=info msg="國別碼3碼: HKG"
time="2023-07-18 19:56:16" level=info msg="國家全名: Hong Kong"
time="2023-07-18 19:56:18" level=info msg="國別碼2碼: HK"
time="2023-07-18 19:56:18" level=info msg="國別碼3碼: HKG"
time="2023-07-18 19:56:18" level=info msg="國家全名: Hong Kong"
time="2023-07-18 20:01:28" level=info msg="國別碼2碼: US"
time="2023-07-18 20:01:28" level=info msg="國別碼3碼: USA"
time="2023-07-18 20:01:28" level=info msg="國家全名: United States of America (the)"
time="2023-07-18 20:01:29" level=info msg="國別碼2碼: US"
time="2023-07-18 20:01:29" level=info msg="國別碼3碼: USA"
time="2023-07-18 20:01:29" level=info msg="國家全名: United States of America (the)"
time="2023-07-18 20:02:05" level=info msg="國別碼2碼: EC"
time="2023-07-18 20:02:05" level=info msg="國別碼3碼: ECU"
time="2023-07-18 20:02:05" level=info msg="國家全名: Ecuador"
time="2023-07-18 20:09:18" level=info msg="國別碼2碼: NL"
time="2023-07-18 20:09:18" level=info msg="國別碼3碼: NLD"
time="2023-07-18 20:09:18" level=info msg="國家全名: Netherlands (the)"
time="2023-07-18 20:18:13" level=info msg="國別碼2碼: FR"
time="2023-07-18 20:18:13" level=info msg="國別碼3碼: FRA"
time="2023-07-18 20:18:13" level=info msg="國家全名: France"
time="2023-07-18 20:18:14" level=info msg="國別碼2碼: FR"
time="2023-07-18 20:18:14" level=info msg="國別碼3碼: FRA"
time="2023-07-18 20:18:14" level=info msg="國家全名: France"
time="2023-07-18 20:29:15" level=info msg="國別碼2碼: US"
time="2023-07-18 20:29:15" level=info msg="國別碼3碼: USA"
time="2023-07-18 20:29:15" level=info msg="國家全名: United States of America (the)"
time="2023-07-18 20:32:30" level=info msg="國別碼2碼: NL"
time="2023-07-18 20:32:30" level=info msg="國別碼3碼: NLD"
time="2023-07-18 20:32:30" level=info msg="國家全名: Netherlands (the)"
time="2023-07-18 20:37:35" level=info msg="國別碼2碼: US"
time="2023-07-18 20:37:35" level=info msg="國別碼3碼: USA"
time="2023-07-18 20:37:35" level=info msg="國家全名: United States of America (the)"
time="2023-07-18 20:47:48" level=info msg="國別碼2碼: FR"
time="2023-07-18 20:47:48" level=info msg="國別碼3碼: FRA"
time="2023-07-18 20:47:48" level=info msg="國家全名: France"
time="2023-07-18 20:47:49" level=info msg="國別碼2碼: FR"
time="2023-07-18 20:47:49" level=info msg="國別碼3碼: FRA"
time="2023-07-18 20:47:49" level=info msg="國家全名: France"
time="2023-07-18 20:50:30" level=info msg="國別碼2碼: US"
time="2023-07-18 20:50:30" level=info msg="國別碼3碼: USA"
time="2023-07-18 20:50:30" level=info msg="國家全名: United States of America (the)"
time="2023-07-18 20:57:09" level=info msg="國別碼2碼: PT"
time="2023-07-18 20:57:09" level=info msg="國別碼3碼: PRT"
time="2023-07-18 20:57:09" level=info msg="國家全名: Portugal"
time="2023-07-18 20:57:35" level=info msg="國別碼2碼: FR"
time="2023-07-18 20:57:35" level=info msg="國別碼3碼: FRA"
time="2023-07-18 20:57:35" level=info msg="國家全名: France"
time="2023-07-18 20:57:40" level=info msg="國別碼2碼: FR"
time="2023-07-18 20:57:40" level=info msg="國別碼3碼: FRA"
time="2023-07-18 20:57:40" level=info msg="國家全名: France"
time="2023-07-18 21:05:35" level=info msg="國別碼2碼: DE"
time="2023-07-18 21:05:35" level=info msg="國別碼3碼: DEU"
time="2023-07-18 21:05:35" level=info msg="國家全名: Germany"
time="2023-07-18 21:05:46" level=info msg="國別碼2碼: DE"
time="2023-07-18 21:05:46" level=info msg="國別碼3碼: DEU"
time="2023-07-18 21:05:46" level=info msg="國家全名: Germany"
time="2023-07-18 21:05:54" level=info msg="國別碼2碼: DE"
time="2023-07-18 21:05:54" level=info msg="國別碼3碼: DEU"
time="2023-07-18 21:05:54" level=info msg="國家全名: Germany"
time="2023-07-18 21:12:21" level=info msg="國別碼2碼: PT"
time="2023-07-18 21:12:21" level=info msg="國別碼3碼: PRT"
time="2023-07-18 21:12:21" level=info msg="國家全名: Portugal"
time="2023-07-18 21:15:42" level=info msg="國別碼2碼: IN"
time="2023-07-18 21:15:42" level=info msg="國別碼3碼: IND"
time="2023-07-18 21:15:42" level=info msg="國家全名: India"
time="2023-07-18 21:15:49" level=info msg="國別碼2碼: IN"
time="2023-07-18 21:15:49" level=info msg="國別碼3碼: IND"
time="2023-07-18 21:15:49" level=info msg="國家全名: India"
time="2023-07-18 21:15:54" level=info msg="國別碼2碼: IN"
time="2023-07-18 21:15:54" level=info msg="國別碼3碼: IND"
time="2023-07-18 21:15:54" level=info msg="國家全名: India"
time="2023-07-18 21:22:26" level=info msg="國別碼2碼: NL"
time="2023-07-18 21:22:26" level=info msg="國別碼3碼: NLD"
time="2023-07-18 21:22:26" level=info msg="國家全名: Netherlands (the)"
time="2023-07-18 21:47:06" level=info msg="國別碼2碼: FR"
time="2023-07-18 21:47:06" level=info msg="國別碼3碼: FRA"
time="2023-07-18 21:47:06" level=info msg="國家全名: France"
time="2023-07-18 21:47:08" level=info msg="國別碼2碼: FR"
time="2023-07-18 21:47:08" level=info msg="國別碼3碼: FRA"
time="2023-07-18 21:47:08" level=info msg="國家全名: France"
time="2023-07-18 21:49:13" level=info msg="國別碼2碼: NL"
time="2023-07-18 21:49:13" level=info msg="國別碼3碼: NLD"
time="2023-07-18 21:49:13" level=info msg="國家全名: Netherlands (the)"
time="2023-07-18 22:12:32" level=info msg="國別碼2碼: NL"
time="2023-07-18 22:12:32" level=info msg="國別碼3碼: NLD"
time="2023-07-18 22:12:32" level=info msg="國家全名: Netherlands (the)"
time="2023-07-18 22:21:02" level=info msg="國別碼2碼: US"
time="2023-07-18 22:21:02" level=info msg="國別碼3碼: USA"
time="2023-07-18 22:21:02" level=info msg="國家全名: United States of America (the)"
time="2023-07-18 22:21:11" level=info msg="國別碼2碼: US"
time="2023-07-18 22:21:11" level=info msg="國別碼3碼: USA"
time="2023-07-18 22:21:11" level=info msg="國家全名: United States of America (the)"
time="2023-07-18 22:21:15" level=info msg="國別碼2碼: US"
time="2023-07-18 22:21:15" level=info msg="國別碼3碼: USA"
time="2023-07-18 22:21:15" level=info msg="國家全名: United States of America (the)"
time="2023-07-18 22:36:48" level=info msg="國別碼2碼: NL"
time="2023-07-18 22:36:48" level=info msg="國別碼3碼: NLD"
time="2023-07-18 22:36:48" level=info msg="國家全名: Netherlands (the)"
time="2023-07-18 22:39:14" level=info msg="國別碼2碼: US"
time="2023-07-18 22:39:14" level=info msg="國別碼3碼: USA"
time="2023-07-18 22:39:14" level=info msg="國家全名: United States of America (the)"
time="2023-07-18 22:53:49" level=info msg="國別碼2碼: CH"
time="2023-07-18 22:53:49" level=info msg="國別碼3碼: CHE"
time="2023-07-18 22:53:49" level=info msg="國家全名: Switzerland"
time="2023-07-18 22:54:41" level=info msg="國別碼2碼: US"
time="2023-07-18 22:54:41" level=info msg="國別碼3碼: USA"
time="2023-07-18 22:54:41" level=info msg="國家全名: United States of America (the)"
time="2023-07-18 22:54:44" level=info msg="國別碼2碼: US"
time="2023-07-18 22:54:44" level=info msg="國別碼3碼: USA"
time="2023-07-18 22:54:44" level=info msg="國家全名: United States of America (the)"
time="2023-07-18 23:04:46" level=info msg="國別碼2碼: NL"
time="2023-07-18 23:04:46" level=info msg="國別碼3碼: NLD"
time="2023-07-18 23:04:46" level=info msg="國家全名: Netherlands (the)"
time="2023-07-18 23:29:53" level=info msg="國別碼2碼: NL"
time="2023-07-18 23:29:53" level=info msg="國別碼3碼: NLD"
time="2023-07-18 23:29:53" level=info msg="國家全名: Netherlands (the)"
time="2023-07-18 23:58:40" level=info msg="國別碼2碼: US"
time="2023-07-18 23:58:40" level=info msg="國別碼3碼: USA"
time="2023-07-18 23:58:40" level=info msg="國家全名: United States of America (the)"
