time="2023-07-15 00:44:34" level=info msg="國別碼2碼: US"
time="2023-07-15 00:44:34" level=info msg="國別碼3碼: USA"
time="2023-07-15 00:44:34" level=info msg="國家全名: United States of America (the)"
time="2023-07-15 00:48:22" level=info msg="國別碼2碼: CA"
time="2023-07-15 00:48:22" level=info msg="國別碼3碼: CAN"
time="2023-07-15 00:48:22" level=info msg="國家全名: Canada"
time="2023-07-15 01:00:46" level=info msg="國別碼2碼: FR"
time="2023-07-15 01:00:46" level=info msg="國別碼3碼: FRA"
time="2023-07-15 01:00:46" level=info msg="國家全名: France"
time="2023-07-15 01:02:59" level=info msg="國別碼2碼: GB"
time="2023-07-15 01:02:59" level=info msg="國別碼3碼: GBR"
time="2023-07-15 01:02:59" level=info msg="國家全名: United Kingdom of Great Britain and Northern Ireland (the)"
time="2023-07-15 02:04:46" level=info msg="國別碼2碼: FR"
time="2023-07-15 02:04:46" level=info msg="國別碼3碼: FRA"
time="2023-07-15 02:04:46" level=info msg="國家全名: France"
time="2023-07-15 02:06:34" level=info msg="國別碼2碼: FR"
time="2023-07-15 02:06:34" level=info msg="國別碼3碼: FRA"
time="2023-07-15 02:06:34" level=info msg="國家全名: France"
time="2023-07-15 02:06:36" level=info msg="國別碼2碼: FR"
time="2023-07-15 02:06:36" level=info msg="國別碼3碼: FRA"
time="2023-07-15 02:06:36" level=info msg="國家全名: France"
time="2023-07-15 02:08:54" level=info msg="國別碼2碼: FR"
time="2023-07-15 02:08:54" level=info msg="國別碼3碼: FRA"
time="2023-07-15 02:08:54" level=info msg="國家全名: France"
time="2023-07-15 02:31:03" level=info msg="國別碼2碼: GB"
time="2023-07-15 02:31:03" level=info msg="國別碼3碼: GBR"
time="2023-07-15 02:31:03" level=info msg="國家全名: United Kingdom of Great Britain and Northern Ireland (the)"
time="2023-07-15 02:41:26" level=info msg="國別碼2碼: CN"
time="2023-07-15 02:41:26" level=info msg="國別碼3碼: CHN"
time="2023-07-15 02:41:26" level=info msg="國家全名: China"
time="2023-07-15 02:41:27" level=info msg="國別碼2碼: CN"
time="2023-07-15 02:41:27" level=info msg="國別碼3碼: CHN"
time="2023-07-15 02:41:27" level=info msg="國家全名: China"
time="2023-07-15 02:43:56" level=info msg="國別碼2碼: US"
time="2023-07-15 02:43:56" level=info msg="國別碼3碼: USA"
time="2023-07-15 02:43:56" level=info msg="國家全名: United States of America (the)"
time="2023-07-15 02:58:01" level=info msg="國別碼2碼: PT"
time="2023-07-15 02:58:01" level=info msg="國別碼3碼: PRT"
time="2023-07-15 02:58:01" level=info msg="國家全名: Portugal"
time="2023-07-15 02:58:36" level=info msg="國別碼2碼: FR"
time="2023-07-15 02:58:36" level=info msg="國別碼3碼: FRA"
time="2023-07-15 02:58:36" level=info msg="國家全名: France"
time="2023-07-15 03:06:03" level=info msg="國別碼2碼: US"
time="2023-07-15 03:06:03" level=info msg="國別碼3碼: USA"
time="2023-07-15 03:06:03" level=info msg="國家全名: United States of America (the)"
time="2023-07-15 03:06:04" level=info msg="國別碼2碼: US"
time="2023-07-15 03:06:04" level=info msg="國別碼3碼: USA"
time="2023-07-15 03:06:04" level=info msg="國家全名: United States of America (the)"
time="2023-07-15 03:06:58" level=info msg="國別碼2碼: LT"
time="2023-07-15 03:06:58" level=info msg="國別碼3碼: LTU"
time="2023-07-15 03:06:58" level=info msg="國家全名: Lithuania"
time="2023-07-15 03:13:17" level=info msg="國別碼2碼: FR"
time="2023-07-15 03:13:17" level=info msg="國別碼3碼: FRA"
time="2023-07-15 03:13:17" level=info msg="國家全名: France"
time="2023-07-15 03:13:19" level=info msg="國別碼2碼: FR"
time="2023-07-15 03:13:19" level=info msg="國別碼3碼: FRA"
time="2023-07-15 03:13:19" level=info msg="國家全名: France"
time="2023-07-15 03:13:47" level=info msg="國別碼2碼: FR"
time="2023-07-15 03:13:47" level=info msg="國別碼3碼: FRA"
time="2023-07-15 03:13:47" level=info msg="國家全名: France"
time="2023-07-15 03:30:25" level=info msg="國別碼2碼: US"
time="2023-07-15 03:30:25" level=info msg="國別碼3碼: USA"
time="2023-07-15 03:30:25" level=info msg="國家全名: United States of America (the)"
time="2023-07-15 03:52:27" level=info msg="國別碼2碼: FR"
time="2023-07-15 03:52:27" level=info msg="國別碼3碼: FRA"
time="2023-07-15 03:52:27" level=info msg="國家全名: France"
time="2023-07-15 04:03:49" level=info msg="國別碼2碼: FR"
time="2023-07-15 04:03:49" level=info msg="國別碼3碼: FRA"
time="2023-07-15 04:03:49" level=info msg="國家全名: France"
time="2023-07-15 04:03:51" level=info msg="國別碼2碼: FR"
time="2023-07-15 04:03:51" level=info msg="國別碼3碼: FRA"
time="2023-07-15 04:03:51" level=info msg="國家全名: France"
time="2023-07-15 04:08:35" level=info msg="國別碼2碼: US"
time="2023-07-15 04:08:35" level=info msg="國別碼3碼: USA"
time="2023-07-15 04:08:35" level=info msg="國家全名: United States of America (the)"
time="2023-07-15 04:12:10" level=info msg="國別碼2碼: FR"
time="2023-07-15 04:12:10" level=info msg="國別碼3碼: FRA"
time="2023-07-15 04:12:10" level=info msg="國家全名: France"
time="2023-07-15 04:20:23" level=info msg="國別碼2碼: TH"
time="2023-07-15 04:20:23" level=info msg="國別碼3碼: THA"
time="2023-07-15 04:20:23" level=info msg="國家全名: Thailand"
time="2023-07-15 04:30:27" level=info msg="國別碼2碼: LT"
time="2023-07-15 04:30:27" level=info msg="國別碼3碼: LTU"
time="2023-07-15 04:30:27" level=info msg="國家全名: Lithuania"
time="2023-07-15 05:15:56" level=info msg="國別碼2碼: FR"
time="2023-07-15 05:15:56" level=info msg="國別碼3碼: FRA"
time="2023-07-15 05:15:56" level=info msg="國家全名: France"
time="2023-07-15 05:41:28" level=info msg="國別碼2碼: US"
time="2023-07-15 05:41:28" level=info msg="國別碼3碼: USA"
time="2023-07-15 05:41:28" level=info msg="國家全名: United States of America (the)"
time="2023-07-15 05:41:29" level=info msg="國別碼2碼: US"
time="2023-07-15 05:41:29" level=info msg="國別碼3碼: USA"
time="2023-07-15 05:41:29" level=info msg="國家全名: United States of America (the)"
time="2023-07-15 05:55:14" level=info msg="國別碼2碼: FR"
time="2023-07-15 05:55:14" level=info msg="國別碼3碼: FRA"
time="2023-07-15 05:55:14" level=info msg="國家全名: France"
time="2023-07-15 05:55:16" level=info msg="國別碼2碼: FR"
time="2023-07-15 05:55:16" level=info msg="國別碼3碼: FRA"
time="2023-07-15 05:55:16" level=info msg="國家全名: France"
time="2023-07-15 05:59:34" level=info msg="國別碼2碼: FR"
time="2023-07-15 05:59:34" level=info msg="國別碼3碼: FRA"
time="2023-07-15 05:59:34" level=info msg="國家全名: France"
time="2023-07-15 06:27:57" level=info msg="國別碼2碼: US"
time="2023-07-15 06:27:57" level=info msg="國別碼3碼: USA"
time="2023-07-15 06:27:57" level=info msg="國家全名: United States of America (the)"
time="2023-07-15 06:35:11" level=info msg="國別碼2碼: US"
time="2023-07-15 06:35:11" level=info msg="國別碼3碼: USA"
time="2023-07-15 06:35:11" level=info msg="國家全名: United States of America (the)"
time="2023-07-15 06:44:28" level=info msg="國別碼2碼: FR"
time="2023-07-15 06:44:28" level=info msg="國別碼3碼: FRA"
time="2023-07-15 06:44:28" level=info msg="國家全名: France"
time="2023-07-15 06:44:29" level=info msg="國別碼2碼: FR"
time="2023-07-15 06:44:29" level=info msg="國別碼3碼: FRA"
time="2023-07-15 06:44:29" level=info msg="國家全名: France"
time="2023-07-15 06:45:02" level=info msg="國別碼2碼: US"
time="2023-07-15 06:45:02" level=info msg="國別碼3碼: USA"
time="2023-07-15 06:45:02" level=info msg="國家全名: United States of America (the)"
time="2023-07-15 06:46:05" level=info msg="國別碼2碼: FR"
time="2023-07-15 06:46:05" level=info msg="國別碼3碼: FRA"
time="2023-07-15 06:46:05" level=info msg="國家全名: France"
time="2023-07-15 06:47:46" level=info msg="國別碼2碼: US"
time="2023-07-15 06:47:46" level=info msg="國別碼3碼: USA"
time="2023-07-15 06:47:46" level=info msg="國家全名: United States of America (the)"
time="2023-07-15 06:48:44" level=info msg="國別碼2碼: US"
time="2023-07-15 06:48:44" level=info msg="國別碼3碼: USA"
time="2023-07-15 06:48:44" level=info msg="國家全名: United States of America (the)"
time="2023-07-15 07:18:54" level=info msg="國別碼2碼: FR"
time="2023-07-15 07:18:54" level=info msg="國別碼3碼: FRA"
time="2023-07-15 07:18:54" level=info msg="國家全名: France"
time="2023-07-15 07:27:05" level=info msg="國別碼2碼: FR"
time="2023-07-15 07:27:05" level=info msg="國別碼3碼: FRA"
time="2023-07-15 07:27:05" level=info msg="國家全名: France"
time="2023-07-15 07:27:07" level=info msg="國別碼2碼: FR"
time="2023-07-15 07:27:07" level=info msg="國別碼3碼: FRA"
time="2023-07-15 07:27:07" level=info msg="國家全名: France"
time="2023-07-15 07:27:43" level=info msg="國別碼2碼: FR"
time="2023-07-15 07:27:43" level=info msg="國別碼3碼: FRA"
time="2023-07-15 07:27:43" level=info msg="國家全名: France"
time="2023-07-15 07:36:40" level=info msg="國別碼2碼: DE"
time="2023-07-15 07:36:40" level=info msg="國別碼3碼: DEU"
time="2023-07-15 07:36:40" level=info msg="國家全名: Germany"
time="2023-07-15 07:45:17" level=info msg="國別碼2碼: FR"
time="2023-07-15 07:45:17" level=info msg="國別碼3碼: FRA"
time="2023-07-15 07:45:17" level=info msg="國家全名: France"
time="2023-07-15 07:45:18" level=info msg="國別碼2碼: FR"
time="2023-07-15 07:45:18" level=info msg="國別碼3碼: FRA"
time="2023-07-15 07:45:18" level=info msg="國家全名: France"
time="2023-07-15 07:51:54" level=info msg="國別碼2碼: US"
time="2023-07-15 07:51:54" level=info msg="國別碼3碼: USA"
time="2023-07-15 07:51:54" level=info msg="國家全名: United States of America (the)"
time="2023-07-15 08:12:34" level=info msg="國別碼2碼: CN"
time="2023-07-15 08:12:34" level=info msg="國別碼3碼: CHN"
time="2023-07-15 08:12:34" level=info msg="國家全名: China"
time="2023-07-15 08:12:35" level=info msg="國別碼2碼: CN"
time="2023-07-15 08:12:35" level=info msg="國別碼3碼: CHN"
time="2023-07-15 08:12:35" level=info msg="國家全名: China"
time="2023-07-15 08:12:36" level=info msg="國別碼2碼: CN"
time="2023-07-15 08:12:36" level=info msg="國別碼3碼: CHN"
time="2023-07-15 08:12:36" level=info msg="國家全名: China"
time="2023-07-15 08:32:50" level=info msg="國別碼2碼: CN"
time="2023-07-15 08:32:50" level=info msg="國別碼3碼: CHN"
time="2023-07-15 08:32:50" level=info msg="國家全名: China"
time="2023-07-15 08:32:51" level=info msg="國別碼2碼: CN"
time="2023-07-15 08:32:51" level=info msg="國別碼3碼: CHN"
time="2023-07-15 08:32:51" level=info msg="國家全名: China"
time="2023-07-15 08:35:38" level=info msg="國別碼2碼: US"
time="2023-07-15 08:35:38" level=info msg="國別碼3碼: USA"
time="2023-07-15 08:35:38" level=info msg="國家全名: United States of America (the)"
time="2023-07-15 08:36:42" level=info msg="國別碼2碼: US"
time="2023-07-15 08:36:42" level=info msg="國別碼3碼: USA"
time="2023-07-15 08:36:42" level=info msg="國家全名: United States of America (the)"
time="2023-07-15 08:36:50" level=info msg="國別碼2碼: US"
time="2023-07-15 08:36:50" level=info msg="國別碼3碼: USA"
time="2023-07-15 08:36:50" level=info msg="國家全名: United States of America (the)"
time="2023-07-15 08:36:58" level=info msg="國別碼2碼: US"
time="2023-07-15 08:36:58" level=info msg="國別碼3碼: USA"
time="2023-07-15 08:36:58" level=info msg="國家全名: United States of America (the)"
time="2023-07-15 08:55:42" level=info msg="國別碼2碼: US"
time="2023-07-15 08:55:42" level=info msg="國別碼3碼: USA"
time="2023-07-15 08:55:42" level=info msg="國家全名: United States of America (the)"
time="2023-07-15 08:55:59" level=info msg="國別碼2碼: US"
time="2023-07-15 08:55:59" level=info msg="國別碼3碼: USA"
time="2023-07-15 08:55:59" level=info msg="國家全名: United States of America (the)"
time="2023-07-15 08:58:55" level=info msg="國別碼2碼: EC"
time="2023-07-15 08:58:55" level=info msg="國別碼3碼: ECU"
time="2023-07-15 08:58:55" level=info msg="國家全名: Ecuador"
time="2023-07-15 09:09:14" level=info msg="國別碼2碼: US"
time="2023-07-15 09:09:14" level=info msg="國別碼3碼: USA"
time="2023-07-15 09:09:14" level=info msg="國家全名: United States of America (the)"
time="2023-07-15 09:47:25" level=info msg="國別碼2碼: US"
time="2023-07-15 09:47:25" level=info msg="國別碼3碼: USA"
time="2023-07-15 09:47:25" level=info msg="國家全名: United States of America (the)"
time="2023-07-15 10:07:44" level=info msg="國別碼2碼: US"
time="2023-07-15 10:07:44" level=info msg="國別碼3碼: USA"
time="2023-07-15 10:07:44" level=info msg="國家全名: United States of America (the)"
time="2023-07-15 10:10:40" level=info msg="國別碼2碼: FR"
time="2023-07-15 10:10:40" level=info msg="國別碼3碼: FRA"
time="2023-07-15 10:10:40" level=info msg="國家全名: France"
time="2023-07-15 10:10:41" level=info msg="國別碼2碼: FR"
time="2023-07-15 10:10:41" level=info msg="國別碼3碼: FRA"
time="2023-07-15 10:10:41" level=info msg="國家全名: France"
time="2023-07-15 10:35:22" level=info msg="國別碼2碼: SG"
time="2023-07-15 10:35:22" level=info msg="國別碼3碼: SGP"
time="2023-07-15 10:35:22" level=info msg="國家全名: Singapore"
time="2023-07-15 10:35:32" level=info msg="國別碼2碼: SG"
time="2023-07-15 10:35:32" level=info msg="國別碼3碼: SGP"
time="2023-07-15 10:35:32" level=info msg="國家全名: Singapore"
time="2023-07-15 10:35:47" level=info msg="國別碼2碼: SG"
time="2023-07-15 10:35:47" level=info msg="國別碼3碼: SGP"
time="2023-07-15 10:35:47" level=info msg="國家全名: Singapore"
time="2023-07-15 10:49:25" level=info msg="國別碼2碼: US"
time="2023-07-15 10:49:25" level=info msg="國別碼3碼: USA"
time="2023-07-15 10:49:25" level=info msg="國家全名: United States of America (the)"
time="2023-07-15 10:49:27" level=info msg="國別碼2碼: US"
time="2023-07-15 10:49:27" level=info msg="國別碼3碼: USA"
time="2023-07-15 10:49:27" level=info msg="國家全名: United States of America (the)"
time="2023-07-15 10:49:28" level=info msg="國別碼2碼: US"
time="2023-07-15 10:49:28" level=info msg="國別碼3碼: USA"
time="2023-07-15 10:49:28" level=info msg="國家全名: United States of America (the)"
time="2023-07-15 10:49:30" level=info msg="國別碼2碼: US"
time="2023-07-15 10:49:30" level=info msg="國別碼3碼: USA"
time="2023-07-15 10:49:30" level=info msg="國家全名: United States of America (the)"
time="2023-07-15 10:49:31" level=info msg="國別碼2碼: US"
time="2023-07-15 10:49:31" level=info msg="國別碼3碼: USA"
time="2023-07-15 10:49:31" level=info msg="國家全名: United States of America (the)"
time="2023-07-15 11:10:39" level=info msg="國別碼2碼: US"
time="2023-07-15 11:10:39" level=info msg="國別碼3碼: USA"
time="2023-07-15 11:10:39" level=info msg="國家全名: United States of America (the)"
time="2023-07-15 11:10:41" level=info msg="國別碼2碼: US"
time="2023-07-15 11:10:41" level=info msg="國別碼3碼: USA"
time="2023-07-15 11:10:41" level=info msg="國家全名: United States of America (the)"
time="2023-07-15 11:10:42" level=info msg="國別碼2碼: US"
time="2023-07-15 11:10:42" level=info msg="國別碼3碼: USA"
time="2023-07-15 11:10:42" level=info msg="國家全名: United States of America (the)"
time="2023-07-15 11:10:42" level=info msg="國別碼2碼: US"
time="2023-07-15 11:10:42" level=info msg="國別碼3碼: USA"
time="2023-07-15 11:10:42" level=info msg="國家全名: United States of America (the)"
time="2023-07-15 11:49:34" level=info msg="國別碼2碼: CA"
time="2023-07-15 11:49:34" level=info msg="國別碼3碼: CAN"
time="2023-07-15 11:49:34" level=info msg="國家全名: Canada"
time="2023-07-15 11:49:51" level=info msg="國別碼2碼: CA"
time="2023-07-15 11:49:51" level=info msg="國別碼3碼: CAN"
time="2023-07-15 11:49:51" level=info msg="國家全名: Canada"
time="2023-07-15 11:50:09" level=info msg="國別碼2碼: CA"
time="2023-07-15 11:50:09" level=info msg="國別碼3碼: CAN"
time="2023-07-15 11:50:09" level=info msg="國家全名: Canada"
time="2023-07-15 12:10:14" level=info msg="國別碼2碼: US"
time="2023-07-15 12:10:14" level=info msg="國別碼3碼: USA"
time="2023-07-15 12:10:14" level=info msg="國家全名: United States of America (the)"
time="2023-07-15 12:18:08" level=info msg="國別碼2碼: US"
time="2023-07-15 12:18:08" level=info msg="國別碼3碼: USA"
time="2023-07-15 12:18:08" level=info msg="國家全名: United States of America (the)"
time="2023-07-15 12:20:05" level=info msg="國別碼2碼: US"
time="2023-07-15 12:20:05" level=info msg="國別碼3碼: USA"
time="2023-07-15 12:20:05" level=info msg="國家全名: United States of America (the)"
time="2023-07-15 12:20:12" level=info msg="國別碼2碼: BE"
time="2023-07-15 12:20:12" level=info msg="國別碼3碼: BEL"
time="2023-07-15 12:20:12" level=info msg="國家全名: Belgium"
time="2023-07-15 12:24:22" level=info msg="國別碼2碼: US"
time="2023-07-15 12:24:22" level=info msg="國別碼3碼: USA"
time="2023-07-15 12:24:22" level=info msg="國家全名: United States of America (the)"
time="2023-07-15 13:08:12" level=info msg="國別碼2碼: US"
time="2023-07-15 13:08:12" level=info msg="國別碼3碼: USA"
time="2023-07-15 13:08:12" level=info msg="國家全名: United States of America (the)"
time="2023-07-15 13:10:27" level=info msg="國別碼2碼: FR"
time="2023-07-15 13:10:27" level=info msg="國別碼3碼: FRA"
time="2023-07-15 13:10:27" level=info msg="國家全名: France"
time="2023-07-15 13:10:28" level=info msg="國別碼2碼: FR"
time="2023-07-15 13:10:28" level=info msg="國別碼3碼: FRA"
time="2023-07-15 13:10:28" level=info msg="國家全名: France"
time="2023-07-15 13:16:40" level=info msg="國別碼2碼: US"
time="2023-07-15 13:16:40" level=info msg="國別碼3碼: USA"
time="2023-07-15 13:16:40" level=info msg="國家全名: United States of America (the)"
time="2023-07-15 13:24:47" level=info msg="國別碼2碼: US"
time="2023-07-15 13:24:47" level=info msg="國別碼3碼: USA"
time="2023-07-15 13:24:47" level=info msg="國家全名: United States of America (the)"
time="2023-07-15 13:37:53" level=info msg="國別碼2碼: FR"
time="2023-07-15 13:37:53" level=info msg="國別碼3碼: FRA"
time="2023-07-15 13:37:53" level=info msg="國家全名: France"
time="2023-07-15 13:37:54" level=info msg="國別碼2碼: FR"
time="2023-07-15 13:37:54" level=info msg="國別碼3碼: FRA"
time="2023-07-15 13:37:54" level=info msg="國家全名: France"
time="2023-07-15 13:42:11" level=info msg="國別碼2碼: US"
time="2023-07-15 13:42:11" level=info msg="國別碼3碼: USA"
time="2023-07-15 13:42:11" level=info msg="國家全名: United States of America (the)"
time="2023-07-15 13:45:34" level=info msg="國別碼2碼: US"
time="2023-07-15 13:45:34" level=info msg="國別碼3碼: USA"
time="2023-07-15 13:45:34" level=info msg="國家全名: United States of America (the)"
time="2023-07-15 14:05:15" level=info msg="國別碼2碼: NL"
time="2023-07-15 14:05:15" level=info msg="國別碼3碼: NLD"
time="2023-07-15 14:05:15" level=info msg="國家全名: Netherlands (the)"
time="2023-07-15 14:18:46" level=info msg="國別碼2碼: GB"
time="2023-07-15 14:18:46" level=info msg="國別碼3碼: GBR"
time="2023-07-15 14:18:46" level=info msg="國家全名: United Kingdom of Great Britain and Northern Ireland (the)"
time="2023-07-15 14:18:49" level=info msg="國別碼2碼: GB"
time="2023-07-15 14:18:49" level=info msg="國別碼3碼: GBR"
time="2023-07-15 14:18:49" level=info msg="國家全名: United Kingdom of Great Britain and Northern Ireland (the)"
time="2023-07-15 14:22:50" level=info msg="國別碼2碼: FR"
time="2023-07-15 14:22:50" level=info msg="國別碼3碼: FRA"
time="2023-07-15 14:22:50" level=info msg="國家全名: France"
time="2023-07-15 14:22:52" level=info msg="國別碼2碼: FR"
time="2023-07-15 14:22:52" level=info msg="國別碼3碼: FRA"
time="2023-07-15 14:22:52" level=info msg="國家全名: France"
time="2023-07-15 14:39:10" level=info msg="國別碼2碼: IN"
time="2023-07-15 14:39:10" level=info msg="國別碼3碼: IND"
time="2023-07-15 14:39:10" level=info msg="國家全名: India"
time="2023-07-15 14:43:38" level=info msg="國別碼2碼: FR"
time="2023-07-15 14:43:38" level=info msg="國別碼3碼: FRA"
time="2023-07-15 14:43:38" level=info msg="國家全名: France"
time="2023-07-15 14:43:40" level=info msg="國別碼2碼: FR"
time="2023-07-15 14:43:40" level=info msg="國別碼3碼: FRA"
time="2023-07-15 14:43:40" level=info msg="國家全名: France"
time="2023-07-15 16:01:02" level=info msg="國別碼2碼: RU"
time="2023-07-15 16:01:02" level=info msg="國別碼3碼: RUS"
time="2023-07-15 16:01:02" level=info msg="國家全名: Russian Federation (the)"
time="2023-07-15 16:08:33" level=info msg="國別碼2碼: US"
time="2023-07-15 16:08:33" level=info msg="國別碼3碼: USA"
time="2023-07-15 16:08:33" level=info msg="國家全名: United States of America (the)"
time="2023-07-15 16:17:14" level=info msg="國別碼2碼: FR"
time="2023-07-15 16:17:14" level=info msg="國別碼3碼: FRA"
time="2023-07-15 16:17:14" level=info msg="國家全名: France"
time="2023-07-15 16:17:16" level=info msg="國別碼2碼: FR"
time="2023-07-15 16:17:16" level=info msg="國別碼3碼: FRA"
time="2023-07-15 16:17:16" level=info msg="國家全名: France"
time="2023-07-15 17:01:15" level=info msg="國別碼2碼: DE"
time="2023-07-15 17:01:15" level=info msg="國別碼3碼: DEU"
time="2023-07-15 17:01:15" level=info msg="國家全名: Germany"
time="2023-07-15 17:01:16" level=info msg="國別碼2碼: DE"
time="2023-07-15 17:01:16" level=info msg="國別碼3碼: DEU"
time="2023-07-15 17:01:16" level=info msg="國家全名: Germany"
time="2023-07-15 17:01:18" level=info msg="國別碼2碼: DE"
time="2023-07-15 17:01:18" level=info msg="國別碼3碼: DEU"
time="2023-07-15 17:01:18" level=info msg="國家全名: Germany"
time="2023-07-15 17:01:30" level=info msg="國別碼2碼: PT"
time="2023-07-15 17:01:30" level=info msg="國別碼3碼: PRT"
time="2023-07-15 17:01:30" level=info msg="國家全名: Portugal"
time="2023-07-15 17:02:30" level=info msg="國別碼2碼: FR"
time="2023-07-15 17:02:30" level=info msg="國別碼3碼: FRA"
time="2023-07-15 17:02:30" level=info msg="國家全名: France"
time="2023-07-15 17:14:34" level=info msg="國別碼2碼: FR"
time="2023-07-15 17:14:34" level=info msg="國別碼3碼: FRA"
time="2023-07-15 17:14:34" level=info msg="國家全名: France"
time="2023-07-15 17:14:35" level=info msg="國別碼2碼: FR"
time="2023-07-15 17:14:35" level=info msg="國別碼3碼: FRA"
time="2023-07-15 17:14:35" level=info msg="國家全名: France"
time="2023-07-15 17:16:38" level=info msg="國別碼2碼: US"
time="2023-07-15 17:16:38" level=info msg="國別碼3碼: USA"
time="2023-07-15 17:16:38" level=info msg="國家全名: United States of America (the)"
time="2023-07-15 17:20:14" level=info msg="國別碼2碼: GB"
time="2023-07-15 17:20:14" level=info msg="國別碼3碼: GBR"
time="2023-07-15 17:20:14" level=info msg="國家全名: United Kingdom of Great Britain and Northern Ireland (the)"
time="2023-07-15 17:29:00" level=info msg="國別碼2碼: FR"
time="2023-07-15 17:29:00" level=info msg="國別碼3碼: FRA"
time="2023-07-15 17:29:00" level=info msg="國家全名: France"
time="2023-07-15 17:43:10" level=info msg="國別碼2碼: FR"
time="2023-07-15 17:43:10" level=info msg="國別碼3碼: FRA"
time="2023-07-15 17:43:10" level=info msg="國家全名: France"
time="2023-07-15 18:08:34" level=info msg="國別碼2碼: IN"
time="2023-07-15 18:08:34" level=info msg="國別碼3碼: IND"
time="2023-07-15 18:08:34" level=info msg="國家全名: India"
time="2023-07-15 18:20:27" level=info msg="國別碼2碼: US"
time="2023-07-15 18:20:27" level=info msg="國別碼3碼: USA"
time="2023-07-15 18:20:27" level=info msg="國家全名: United States of America (the)"
time="2023-07-15 18:43:32" level=info msg="國別碼2碼: FR"
time="2023-07-15 18:43:32" level=info msg="國別碼3碼: FRA"
time="2023-07-15 18:43:32" level=info msg="國家全名: France"
time="2023-07-15 18:43:33" level=info msg="國別碼2碼: FR"
time="2023-07-15 18:43:33" level=info msg="國別碼3碼: FRA"
time="2023-07-15 18:43:33" level=info msg="國家全名: France"
time="2023-07-15 18:54:31" level=info msg="國別碼2碼: FR"
time="2023-07-15 18:54:31" level=info msg="國別碼3碼: FRA"
time="2023-07-15 18:54:31" level=info msg="國家全名: France"
time="2023-07-15 18:55:18" level=info msg="國別碼2碼: US"
time="2023-07-15 18:55:18" level=info msg="國別碼3碼: USA"
time="2023-07-15 18:55:18" level=info msg="國家全名: United States of America (the)"
time="2023-07-15 19:01:01" level=info msg="國別碼2碼: US"
time="2023-07-15 19:01:01" level=info msg="國別碼3碼: USA"
time="2023-07-15 19:01:01" level=info msg="國家全名: United States of America (the)"
time="2023-07-15 19:01:51" level=info msg="國別碼2碼: GB"
time="2023-07-15 19:01:51" level=info msg="國別碼3碼: GBR"
time="2023-07-15 19:01:51" level=info msg="國家全名: United Kingdom of Great Britain and Northern Ireland (the)"
time="2023-07-15 19:05:06" level=info msg="國別碼2碼: ZA"
time="2023-07-15 19:05:06" level=info msg="國別碼3碼: ZAF"
time="2023-07-15 19:05:06" level=info msg="國家全名: South Africa"
time="2023-07-15 19:24:19" level=info msg="國別碼2碼: FR"
time="2023-07-15 19:24:19" level=info msg="國別碼3碼: FRA"
time="2023-07-15 19:24:19" level=info msg="國家全名: France"
time="2023-07-15 19:52:01" level=info msg="國別碼2碼: FR"
time="2023-07-15 19:52:01" level=info msg="國別碼3碼: FRA"
time="2023-07-15 19:52:01" level=info msg="國家全名: France"
time="2023-07-15 20:00:46" level=info msg="國別碼2碼: DE"
time="2023-07-15 20:00:46" level=info msg="國別碼3碼: DEU"
time="2023-07-15 20:00:46" level=info msg="國家全名: Germany"
time="2023-07-15 20:00:47" level=info msg="國別碼2碼: DE"
time="2023-07-15 20:00:47" level=info msg="國別碼3碼: DEU"
time="2023-07-15 20:00:47" level=info msg="國家全名: Germany"
time="2023-07-15 20:18:15" level=info msg="國別碼2碼: FR"
time="2023-07-15 20:18:15" level=info msg="國別碼3碼: FRA"
time="2023-07-15 20:18:15" level=info msg="國家全名: France"
time="2023-07-15 20:18:16" level=info msg="國別碼2碼: FR"
time="2023-07-15 20:18:16" level=info msg="國別碼3碼: FRA"
time="2023-07-15 20:18:16" level=info msg="國家全名: France"
time="2023-07-15 20:26:56" level=info msg="國別碼2碼: FR"
time="2023-07-15 20:26:56" level=info msg="國別碼3碼: FRA"
time="2023-07-15 20:26:56" level=info msg="國家全名: France"
time="2023-07-15 20:26:57" level=info msg="國別碼2碼: FR"
time="2023-07-15 20:26:57" level=info msg="國別碼3碼: FRA"
time="2023-07-15 20:26:57" level=info msg="國家全名: France"
time="2023-07-15 20:39:35" level=info msg="國別碼2碼: FR"
time="2023-07-15 20:39:35" level=info msg="國別碼3碼: FRA"
time="2023-07-15 20:39:35" level=info msg="國家全名: France"
time="2023-07-15 20:57:28" level=info msg="國別碼2碼: MD"
time="2023-07-15 20:57:28" level=info msg="國別碼3碼: MDA"
time="2023-07-15 20:57:28" level=info msg="國家全名: Moldova (the Republic of)"
time="2023-07-15 21:14:40" level=info msg="國別碼2碼: RU"
time="2023-07-15 21:14:40" level=info msg="國別碼3碼: RUS"
time="2023-07-15 21:14:40" level=info msg="國家全名: Russian Federation (the)"
time="2023-07-15 21:26:39" level=info msg="國別碼2碼: NL"
time="2023-07-15 21:26:39" level=info msg="國別碼3碼: NLD"
time="2023-07-15 21:26:39" level=info msg="國家全名: Netherlands (the)"
time="2023-07-15 21:28:13" level=info msg="國別碼2碼: FR"
time="2023-07-15 21:28:13" level=info msg="國別碼3碼: FRA"
time="2023-07-15 21:28:13" level=info msg="國家全名: France"
time="2023-07-15 21:28:15" level=info msg="國別碼2碼: FR"
time="2023-07-15 21:28:15" level=info msg="國別碼3碼: FRA"
time="2023-07-15 21:28:15" level=info msg="國家全名: France"
time="2023-07-15 21:30:21" level=info msg="國別碼2碼: FR"
time="2023-07-15 21:30:21" level=info msg="國別碼3碼: FRA"
time="2023-07-15 21:30:21" level=info msg="國家全名: France"
time="2023-07-15 21:30:22" level=info msg="國別碼2碼: FR"
time="2023-07-15 21:30:22" level=info msg="國別碼3碼: FRA"
time="2023-07-15 21:30:22" level=info msg="國家全名: France"
time="2023-07-15 21:49:55" level=info msg="國別碼2碼: FR"
time="2023-07-15 21:49:55" level=info msg="國別碼3碼: FRA"
time="2023-07-15 21:49:55" level=info msg="國家全名: France"
time="2023-07-15 21:49:57" level=info msg="國別碼2碼: FR"
time="2023-07-15 21:49:57" level=info msg="國別碼3碼: FRA"
time="2023-07-15 21:49:57" level=info msg="國家全名: France"
time="2023-07-15 22:47:34" level=info msg="國別碼2碼: CA"
time="2023-07-15 22:47:34" level=info msg="國別碼3碼: CAN"
time="2023-07-15 22:47:34" level=info msg="國家全名: Canada"
time="2023-07-15 22:47:35" level=info msg="國別碼2碼: CA"
time="2023-07-15 22:47:35" level=info msg="國別碼3碼: CAN"
time="2023-07-15 22:47:35" level=info msg="國家全名: Canada"
time="2023-07-15 23:09:38" level=info msg="國別碼2碼: VN"
time="2023-07-15 23:09:38" level=info msg="國別碼3碼: VNM"
time="2023-07-15 23:09:38" level=info msg="國家全名: Viet Nam"
time="2023-07-15 23:18:41" level=info msg="國別碼2碼: FR"
time="2023-07-15 23:18:41" level=info msg="國別碼3碼: FRA"
time="2023-07-15 23:18:41" level=info msg="國家全名: France"
time="2023-07-15 23:18:43" level=info msg="國別碼2碼: FR"
time="2023-07-15 23:18:43" level=info msg="國別碼3碼: FRA"
time="2023-07-15 23:18:43" level=info msg="國家全名: France"
time="2023-07-15 23:29:12" level=info msg="國別碼2碼: CN"
time="2023-07-15 23:29:12" level=info msg="國別碼3碼: CHN"
time="2023-07-15 23:29:12" level=info msg="國家全名: China"
time="2023-07-15 23:29:13" level=info msg="國別碼2碼: CN"
time="2023-07-15 23:29:13" level=info msg="國別碼3碼: CHN"
time="2023-07-15 23:29:13" level=info msg="國家全名: China"
time="2023-07-15 23:56:49" level=info msg="國別碼2碼: NL"
time="2023-07-15 23:56:49" level=info msg="國別碼3碼: NLD"
time="2023-07-15 23:56:49" level=info msg="國家全名: Netherlands (the)"
