time="2023-07-09 00:21:57" level=info msg="國別碼2碼: FR"
time="2023-07-09 00:21:57" level=info msg="國別碼3碼: FRA"
time="2023-07-09 00:21:57" level=info msg="國家全名: France"
time="2023-07-09 00:21:58" level=info msg="國別碼2碼: FR"
time="2023-07-09 00:21:58" level=info msg="國別碼3碼: FRA"
time="2023-07-09 00:21:58" level=info msg="國家全名: France"
time="2023-07-09 00:30:29" level=info msg="國別碼2碼: FR"
time="2023-07-09 00:30:29" level=info msg="國別碼3碼: FRA"
time="2023-07-09 00:30:29" level=info msg="國家全名: France"
time="2023-07-09 00:31:29" level=info msg="國別碼2碼: FR"
time="2023-07-09 00:31:29" level=info msg="國別碼3碼: FRA"
time="2023-07-09 00:31:29" level=info msg="國家全名: France"
time="2023-07-09 00:31:30" level=info msg="國別碼2碼: FR"
time="2023-07-09 00:31:30" level=info msg="國別碼3碼: FRA"
time="2023-07-09 00:31:30" level=info msg="國家全名: France"
time="2023-07-09 01:06:53" level=info msg="國別碼2碼: FR"
time="2023-07-09 01:06:53" level=info msg="國別碼3碼: FRA"
time="2023-07-09 01:06:53" level=info msg="國家全名: France"
time="2023-07-09 01:36:40" level=info msg="國別碼2碼: DE"
time="2023-07-09 01:36:40" level=info msg="國別碼3碼: DEU"
time="2023-07-09 01:36:40" level=info msg="國家全名: Germany"
time="2023-07-09 01:36:41" level=info msg="國別碼2碼: DE"
time="2023-07-09 01:36:41" level=info msg="國別碼3碼: DEU"
time="2023-07-09 01:36:41" level=info msg="國家全名: Germany"
time="2023-07-09 01:36:42" level=info msg="國別碼2碼: DE"
time="2023-07-09 01:36:42" level=info msg="國別碼3碼: DEU"
time="2023-07-09 01:36:42" level=info msg="國家全名: Germany"
time="2023-07-09 01:36:43" level=info msg="國別碼2碼: DE"
time="2023-07-09 01:36:43" level=info msg="國別碼3碼: DEU"
time="2023-07-09 01:36:43" level=info msg="國家全名: Germany"
time="2023-07-09 01:36:44" level=info msg="國別碼2碼: DE"
time="2023-07-09 01:36:44" level=info msg="國別碼3碼: DEU"
time="2023-07-09 01:36:44" level=info msg="國家全名: Germany"
time="2023-07-09 01:36:46" level=info msg="國別碼2碼: DE"
time="2023-07-09 01:36:46" level=info msg="國別碼3碼: DEU"
time="2023-07-09 01:36:46" level=info msg="國家全名: Germany"
time="2023-07-09 01:36:47" level=info msg="國別碼2碼: DE"
time="2023-07-09 01:36:47" level=info msg="國別碼3碼: DEU"
time="2023-07-09 01:36:47" level=info msg="國家全名: Germany"
time="2023-07-09 01:36:48" level=info msg="國別碼2碼: DE"
time="2023-07-09 01:36:48" level=info msg="國別碼3碼: DEU"
time="2023-07-09 01:36:48" level=info msg="國家全名: Germany"
time="2023-07-09 01:36:49" level=info msg="國別碼2碼: DE"
time="2023-07-09 01:36:49" level=info msg="國別碼3碼: DEU"
time="2023-07-09 01:36:49" level=info msg="國家全名: Germany"
time="2023-07-09 01:36:50" level=info msg="國別碼2碼: DE"
time="2023-07-09 01:36:50" level=info msg="國別碼3碼: DEU"
time="2023-07-09 01:36:50" level=info msg="國家全名: Germany"
time="2023-07-09 01:36:51" level=info msg="國別碼2碼: DE"
time="2023-07-09 01:36:51" level=info msg="國別碼3碼: DEU"
time="2023-07-09 01:36:51" level=info msg="國家全名: Germany"
time="2023-07-09 01:36:52" level=info msg="國別碼2碼: DE"
time="2023-07-09 01:36:52" level=info msg="國別碼3碼: DEU"
time="2023-07-09 01:36:52" level=info msg="國家全名: Germany"
time="2023-07-09 01:36:54" level=info msg="國別碼2碼: DE"
time="2023-07-09 01:36:54" level=info msg="國別碼3碼: DEU"
time="2023-07-09 01:36:54" level=info msg="國家全名: Germany"
time="2023-07-09 01:36:55" level=info msg="國別碼2碼: DE"
time="2023-07-09 01:36:55" level=info msg="國別碼3碼: DEU"
time="2023-07-09 01:36:55" level=info msg="國家全名: Germany"
time="2023-07-09 01:36:56" level=info msg="國別碼2碼: DE"
time="2023-07-09 01:36:56" level=info msg="國別碼3碼: DEU"
time="2023-07-09 01:36:56" level=info msg="國家全名: Germany"
time="2023-07-09 01:36:57" level=info msg="國別碼2碼: DE"
time="2023-07-09 01:36:57" level=info msg="國別碼3碼: DEU"
time="2023-07-09 01:36:57" level=info msg="國家全名: Germany"
time="2023-07-09 01:36:58" level=info msg="國別碼2碼: DE"
time="2023-07-09 01:36:58" level=info msg="國別碼3碼: DEU"
time="2023-07-09 01:36:58" level=info msg="國家全名: Germany"
time="2023-07-09 01:48:24" level=info msg="國別碼2碼: FR"
time="2023-07-09 01:48:24" level=info msg="國別碼3碼: FRA"
time="2023-07-09 01:48:24" level=info msg="國家全名: France"
time="2023-07-09 02:04:50" level=info msg="國別碼2碼: US"
time="2023-07-09 02:04:50" level=info msg="國別碼3碼: USA"
time="2023-07-09 02:04:50" level=info msg="國家全名: United States of America (the)"
time="2023-07-09 02:04:51" level=info msg="國別碼2碼: US"
time="2023-07-09 02:04:51" level=info msg="國別碼3碼: USA"
time="2023-07-09 02:04:51" level=info msg="國家全名: United States of America (the)"
time="2023-07-09 02:25:49" level=info msg="國別碼2碼: CO"
time="2023-07-09 02:25:49" level=info msg="國別碼3碼: COL"
time="2023-07-09 02:25:49" level=info msg="國家全名: Colombia"
time="2023-07-09 02:30:26" level=info msg="國別碼2碼: PK"
time="2023-07-09 02:30:26" level=info msg="國別碼3碼: PAK"
time="2023-07-09 02:30:26" level=info msg="國家全名: Pakistan"
time="2023-07-09 02:46:13" level=info msg="國別碼2碼: FR"
time="2023-07-09 02:46:13" level=info msg="國別碼3碼: FRA"
time="2023-07-09 02:46:13" level=info msg="國家全名: France"
time="2023-07-09 02:58:34" level=info msg="國別碼2碼: FR"
time="2023-07-09 02:58:34" level=info msg="國別碼3碼: FRA"
time="2023-07-09 02:58:34" level=info msg="國家全名: France"
time="2023-07-09 02:58:35" level=info msg="國別碼2碼: FR"
time="2023-07-09 02:58:35" level=info msg="國別碼3碼: FRA"
time="2023-07-09 02:58:35" level=info msg="國家全名: France"
time="2023-07-09 03:48:08" level=info msg="國別碼2碼: US"
time="2023-07-09 03:48:08" level=info msg="國別碼3碼: USA"
time="2023-07-09 03:48:08" level=info msg="國家全名: United States of America (the)"
time="2023-07-09 03:48:13" level=info msg="國別碼2碼: US"
time="2023-07-09 03:48:13" level=info msg="國別碼3碼: USA"
time="2023-07-09 03:48:13" level=info msg="國家全名: United States of America (the)"
time="2023-07-09 04:08:48" level=info msg="國別碼2碼: FR"
time="2023-07-09 04:08:48" level=info msg="國別碼3碼: FRA"
time="2023-07-09 04:08:48" level=info msg="國家全名: France"
time="2023-07-09 04:08:49" level=info msg="國別碼2碼: FR"
time="2023-07-09 04:08:49" level=info msg="國別碼3碼: FRA"
time="2023-07-09 04:08:49" level=info msg="國家全名: France"
time="2023-07-09 04:25:24" level=info msg="國別碼2碼: IN"
time="2023-07-09 04:25:24" level=info msg="國別碼3碼: IND"
time="2023-07-09 04:25:24" level=info msg="國家全名: India"
time="2023-07-09 04:46:34" level=info msg="國別碼2碼: FR"
time="2023-07-09 04:46:34" level=info msg="國別碼3碼: FRA"
time="2023-07-09 04:46:34" level=info msg="國家全名: France"
time="2023-07-09 04:46:35" level=info msg="國別碼2碼: FR"
time="2023-07-09 04:46:35" level=info msg="國別碼3碼: FRA"
time="2023-07-09 04:46:35" level=info msg="國家全名: France"
time="2023-07-09 05:01:33" level=info msg="國別碼2碼: GB"
time="2023-07-09 05:01:33" level=info msg="國別碼3碼: GBR"
time="2023-07-09 05:01:33" level=info msg="國家全名: United Kingdom of Great Britain and Northern Ireland (the)"
time="2023-07-09 05:01:35" level=info msg="國別碼2碼: GB"
time="2023-07-09 05:01:35" level=info msg="國別碼3碼: GBR"
time="2023-07-09 05:01:35" level=info msg="國家全名: United Kingdom of Great Britain and Northern Ireland (the)"
time="2023-07-09 05:01:36" level=info msg="國別碼2碼: GB"
time="2023-07-09 05:01:36" level=info msg="國別碼3碼: GBR"
time="2023-07-09 05:01:36" level=info msg="國家全名: United Kingdom of Great Britain and Northern Ireland (the)"
time="2023-07-09 05:01:37" level=info msg="國別碼2碼: GB"
time="2023-07-09 05:01:37" level=info msg="國別碼3碼: GBR"
time="2023-07-09 05:01:37" level=info msg="國家全名: United Kingdom of Great Britain and Northern Ireland (the)"
time="2023-07-09 05:25:26" level=info msg="國別碼2碼: FR"
time="2023-07-09 05:25:26" level=info msg="國別碼3碼: FRA"
time="2023-07-09 05:25:26" level=info msg="國家全名: France"
time="2023-07-09 05:25:27" level=info msg="國別碼2碼: FR"
time="2023-07-09 05:25:27" level=info msg="國別碼3碼: FRA"
time="2023-07-09 05:25:27" level=info msg="國家全名: France"
time="2023-07-09 05:43:00" level=info msg="國別碼2碼: FR"
time="2023-07-09 05:43:00" level=info msg="國別碼3碼: FRA"
time="2023-07-09 05:43:00" level=info msg="國家全名: France"
time="2023-07-09 05:43:01" level=info msg="國別碼2碼: FR"
time="2023-07-09 05:43:01" level=info msg="國別碼3碼: FRA"
time="2023-07-09 05:43:01" level=info msg="國家全名: France"
time="2023-07-09 06:06:00" level=info msg="國別碼2碼: US"
time="2023-07-09 06:06:00" level=info msg="國別碼3碼: USA"
time="2023-07-09 06:06:00" level=info msg="國家全名: United States of America (the)"
time="2023-07-09 06:39:44" level=info msg="國別碼2碼: FR"
time="2023-07-09 06:39:44" level=info msg="國別碼3碼: FRA"
time="2023-07-09 06:39:44" level=info msg="國家全名: France"
time="2023-07-09 06:39:45" level=info msg="國別碼2碼: FR"
time="2023-07-09 06:39:45" level=info msg="國別碼3碼: FRA"
time="2023-07-09 06:39:45" level=info msg="國家全名: France"
time="2023-07-09 06:44:25" level=info msg="國別碼2碼: US"
time="2023-07-09 06:44:25" level=info msg="國別碼3碼: USA"
time="2023-07-09 06:44:25" level=info msg="國家全名: United States of America (the)"
time="2023-07-09 06:45:45" level=info msg="國別碼2碼: US"
time="2023-07-09 06:45:45" level=info msg="國別碼3碼: USA"
time="2023-07-09 06:45:45" level=info msg="國家全名: United States of America (the)"
time="2023-07-09 06:46:30" level=info msg="國別碼2碼: US"
time="2023-07-09 06:46:30" level=info msg="國別碼3碼: USA"
time="2023-07-09 06:46:30" level=info msg="國家全名: United States of America (the)"
time="2023-07-09 07:07:02" level=info msg="國別碼2碼: HK"
time="2023-07-09 07:07:02" level=info msg="國別碼3碼: HKG"
time="2023-07-09 07:07:02" level=info msg="國家全名: Hong Kong"
time="2023-07-09 07:16:21" level=info msg="國別碼2碼: US"
time="2023-07-09 07:16:21" level=info msg="國別碼3碼: USA"
time="2023-07-09 07:16:21" level=info msg="國家全名: United States of America (the)"
time="2023-07-09 07:29:31" level=info msg="國別碼2碼: CN"
time="2023-07-09 07:29:31" level=info msg="國別碼3碼: CHN"
time="2023-07-09 07:29:31" level=info msg="國家全名: China"
time="2023-07-09 07:50:43" level=info msg="國別碼2碼: FR"
time="2023-07-09 07:50:43" level=info msg="國別碼3碼: FRA"
time="2023-07-09 07:50:43" level=info msg="國家全名: France"
time="2023-07-09 07:50:44" level=info msg="國別碼2碼: FR"
time="2023-07-09 07:50:44" level=info msg="國別碼3碼: FRA"
time="2023-07-09 07:50:44" level=info msg="國家全名: France"
time="2023-07-09 08:01:56" level=info msg="國別碼2碼: NL"
time="2023-07-09 08:01:56" level=info msg="國別碼3碼: NLD"
time="2023-07-09 08:01:56" level=info msg="國家全名: Netherlands (the)"
time="2023-07-09 08:36:26" level=info msg="國別碼2碼: US"
time="2023-07-09 08:36:26" level=info msg="國別碼3碼: USA"
time="2023-07-09 08:36:26" level=info msg="國家全名: United States of America (the)"
time="2023-07-09 08:36:27" level=info msg="國別碼2碼: US"
time="2023-07-09 08:36:27" level=info msg="國別碼3碼: USA"
time="2023-07-09 08:36:27" level=info msg="國家全名: United States of America (the)"
time="2023-07-09 08:36:28" level=info msg="國別碼2碼: US"
time="2023-07-09 08:36:28" level=info msg="國別碼3碼: USA"
time="2023-07-09 08:36:28" level=info msg="國家全名: United States of America (the)"
time="2023-07-09 08:36:29" level=info msg="國別碼2碼: US"
time="2023-07-09 08:36:29" level=info msg="國別碼3碼: USA"
time="2023-07-09 08:36:29" level=info msg="國家全名: United States of America (the)"
time="2023-07-09 08:36:30" level=info msg="國別碼2碼: US"
time="2023-07-09 08:36:30" level=info msg="國別碼3碼: USA"
time="2023-07-09 08:36:30" level=info msg="國家全名: United States of America (the)"
time="2023-07-09 08:40:48" level=info msg="國別碼2碼: US"
time="2023-07-09 08:40:48" level=info msg="國別碼3碼: USA"
time="2023-07-09 08:40:48" level=info msg="國家全名: United States of America (the)"
time="2023-07-09 08:50:50" level=info msg="國別碼2碼: FR"
time="2023-07-09 08:50:50" level=info msg="國別碼3碼: FRA"
time="2023-07-09 08:50:50" level=info msg="國家全名: France"
time="2023-07-09 08:50:52" level=info msg="國別碼2碼: FR"
time="2023-07-09 08:50:52" level=info msg="國別碼3碼: FRA"
time="2023-07-09 08:50:52" level=info msg="國家全名: France"
time="2023-07-09 09:05:40" level=info msg="國別碼2碼: GB"
time="2023-07-09 09:05:40" level=info msg="國別碼3碼: GBR"
time="2023-07-09 09:05:40" level=info msg="國家全名: United Kingdom of Great Britain and Northern Ireland (the)"
time="2023-07-09 09:20:43" level=info msg="國別碼2碼: US"
time="2023-07-09 09:20:43" level=info msg="國別碼3碼: USA"
time="2023-07-09 09:20:43" level=info msg="國家全名: United States of America (the)"
time="2023-07-09 10:01:38" level=info msg="國別碼2碼: US"
time="2023-07-09 10:01:38" level=info msg="國別碼3碼: USA"
time="2023-07-09 10:01:38" level=info msg="國家全名: United States of America (the)"
time="2023-07-09 10:24:26" level=info msg="國別碼2碼: FR"
time="2023-07-09 10:24:26" level=info msg="國別碼3碼: FRA"
time="2023-07-09 10:24:26" level=info msg="國家全名: France"
time="2023-07-09 10:24:27" level=info msg="國別碼2碼: FR"
time="2023-07-09 10:24:27" level=info msg="國別碼3碼: FRA"
time="2023-07-09 10:24:27" level=info msg="國家全名: France"
time="2023-07-09 10:29:50" level=info msg="國別碼2碼: US"
time="2023-07-09 10:29:50" level=info msg="國別碼3碼: USA"
time="2023-07-09 10:29:50" level=info msg="國家全名: United States of America (the)"
time="2023-07-09 10:46:31" level=info msg="國別碼2碼: US"
time="2023-07-09 10:46:31" level=info msg="國別碼3碼: USA"
time="2023-07-09 10:46:31" level=info msg="國家全名: United States of America (the)"
time="2023-07-09 10:46:32" level=info msg="國別碼2碼: US"
time="2023-07-09 10:46:32" level=info msg="國別碼3碼: USA"
time="2023-07-09 10:46:32" level=info msg="國家全名: United States of America (the)"
time="2023-07-09 10:53:45" level=info msg="國別碼2碼: FR"
time="2023-07-09 10:53:45" level=info msg="國別碼3碼: FRA"
time="2023-07-09 10:53:45" level=info msg="國家全名: France"
time="2023-07-09 10:53:46" level=info msg="國別碼2碼: FR"
time="2023-07-09 10:53:46" level=info msg="國別碼3碼: FRA"
time="2023-07-09 10:53:46" level=info msg="國家全名: France"
time="2023-07-09 10:54:05" level=info msg="國別碼2碼: GB"
time="2023-07-09 10:54:05" level=info msg="國別碼3碼: GBR"
time="2023-07-09 10:54:05" level=info msg="國家全名: United Kingdom of Great Britain and Northern Ireland (the)"
time="2023-07-09 10:54:06" level=info msg="國別碼2碼: GB"
time="2023-07-09 10:54:06" level=info msg="國別碼3碼: GBR"
time="2023-07-09 10:54:06" level=info msg="國家全名: United Kingdom of Great Britain and Northern Ireland (the)"
time="2023-07-09 10:54:07" level=info msg="國別碼2碼: GB"
time="2023-07-09 10:54:07" level=info msg="國別碼3碼: GBR"
time="2023-07-09 10:54:07" level=info msg="國家全名: United Kingdom of Great Britain and Northern Ireland (the)"
time="2023-07-09 10:54:08" level=info msg="國別碼2碼: GB"
time="2023-07-09 10:54:08" level=info msg="國別碼3碼: GBR"
time="2023-07-09 10:54:08" level=info msg="國家全名: United Kingdom of Great Britain and Northern Ireland (the)"
time="2023-07-09 11:06:38" level=info msg="國別碼2碼: RO"
time="2023-07-09 11:06:38" level=info msg="國別碼3碼: ROU"
time="2023-07-09 11:06:38" level=info msg="國家全名: Romania"
time="2023-07-09 11:06:42" level=info msg="國別碼2碼: RO"
time="2023-07-09 11:06:42" level=info msg="國別碼3碼: ROU"
time="2023-07-09 11:06:42" level=info msg="國家全名: Romania"
time="2023-07-09 11:09:14" level=info msg="國別碼2碼: FR"
time="2023-07-09 11:09:14" level=info msg="國別碼3碼: FRA"
time="2023-07-09 11:09:14" level=info msg="國家全名: France"
time="2023-07-09 11:09:16" level=info msg="國別碼2碼: FR"
time="2023-07-09 11:09:16" level=info msg="國別碼3碼: FRA"
time="2023-07-09 11:09:16" level=info msg="國家全名: France"
time="2023-07-09 11:22:45" level=info msg="國別碼2碼: VN"
time="2023-07-09 11:22:45" level=info msg="國別碼3碼: VNM"
time="2023-07-09 11:22:45" level=info msg="國家全名: Viet Nam"
time="2023-07-09 12:53:45" level=info msg="國別碼2碼: NL"
time="2023-07-09 12:53:45" level=info msg="國別碼3碼: NLD"
time="2023-07-09 12:53:45" level=info msg="國家全名: Netherlands (the)"
time="2023-07-09 13:00:41" level=info msg="國別碼2碼: LV"
time="2023-07-09 13:00:41" level=info msg="國別碼3碼: LVA"
time="2023-07-09 13:00:41" level=info msg="國家全名: Latvia"
time="2023-07-09 13:00:47" level=info msg="國別碼2碼: FR"
time="2023-07-09 13:00:47" level=info msg="國別碼3碼: FRA"
time="2023-07-09 13:00:47" level=info msg="國家全名: France"
time="2023-07-09 13:00:48" level=info msg="國別碼2碼: FR"
time="2023-07-09 13:00:48" level=info msg="國別碼3碼: FRA"
time="2023-07-09 13:00:48" level=info msg="國家全名: France"
time="2023-07-09 13:25:00" level=info msg="國別碼2碼: GB"
time="2023-07-09 13:25:00" level=info msg="國別碼3碼: GBR"
time="2023-07-09 13:25:00" level=info msg="國家全名: United Kingdom of Great Britain and Northern Ireland (the)"
time="2023-07-09 13:29:03" level=info msg="國別碼2碼: ZA"
time="2023-07-09 13:29:03" level=info msg="國別碼3碼: ZAF"
time="2023-07-09 13:29:03" level=info msg="國家全名: South Africa"
time="2023-07-09 13:50:50" level=info msg="國別碼2碼: US"
time="2023-07-09 13:50:50" level=info msg="國別碼3碼: USA"
time="2023-07-09 13:50:50" level=info msg="國家全名: United States of America (the)"
time="2023-07-09 14:06:29" level=info msg="國別碼2碼: FR"
time="2023-07-09 14:06:29" level=info msg="國別碼3碼: FRA"
time="2023-07-09 14:06:29" level=info msg="國家全名: France"
time="2023-07-09 14:06:30" level=info msg="國別碼2碼: FR"
time="2023-07-09 14:06:30" level=info msg="國別碼3碼: FRA"
time="2023-07-09 14:06:30" level=info msg="國家全名: France"
time="2023-07-09 14:44:07" level=info msg="國別碼2碼: BE"
time="2023-07-09 14:44:07" level=info msg="國別碼3碼: BEL"
time="2023-07-09 14:44:07" level=info msg="國家全名: Belgium"
time="2023-07-09 14:46:32" level=info msg="國別碼2碼: TW"
time="2023-07-09 14:46:32" level=info msg="國別碼3碼: TWN"
time="2023-07-09 14:46:32" level=info msg="國家全名: Taiwan (Province of China)"
time="2023-07-09 14:46:32" level=info msg="取得商品資料[{21 xx  1200 999 testtt  課程 true} {20 fff tttesttt 112 222   testttt true} {16 c  1200 999    false} {15 b  1200 10    true} {14 a  1200 123    false} {7 TRX 123 500 1 堂  課程 true} {6 ck男生內褲 CK內褲 1980 3 1  性感 true} {3 哈達瑜珈 本課程適合首次來上課的人，一開始會先帶學員了解場館以及場館內的各式課程，並了解學員的目標以及目前身體的狀況、組成 (inbody)。在這些流程結束後開始讓學員體驗課程。(上體驗課程前，會先與您聯繫預期想體驗的課程。) 200 2 堂 https://images.unsplash.com/photo-1571019614242-c5c5dee9f50b?ixlib=rb-4.0.3&ixid=M3wxMjA3fDB8MHxwaG90by1wYWdlfHx8fGVufDB8fHx8fA%3D%3D&auto=format&fit=crop&w=2070&q=80 拉基 true} {1 CK內衣組 CK內衣 我的超人 1980 3 1  性感 true}]"
time="2023-07-09 14:47:05" level=info msg="國別碼2碼: TW"
time="2023-07-09 14:47:05" level=info msg="國別碼3碼: TWN"
time="2023-07-09 14:47:05" level=info msg="國家全名: Taiwan (Province of China)"
time="2023-07-09 14:47:05" level=info msg="國別碼2碼: TW"
time="2023-07-09 14:47:05" level=info msg="國別碼3碼: TWN"
time="2023-07-09 14:47:05" level=info msg="國家全名: Taiwan (Province of China)"
time="2023-07-09 14:47:05" level=info msg="更新商品ID:20"
time="2023-07-09 14:47:05" level=info msg="更新商品內容:gg,tttesttt,112,222,,,testttt,true"
time="2023-07-09 14:47:05" level=info msg="更新商品:{20 gg tttesttt 112 222   testttt true}"
time="2023-07-09 14:47:06" level=info msg="國別碼2碼: TW"
time="2023-07-09 14:47:06" level=info msg="國別碼3碼: TWN"
time="2023-07-09 14:47:06" level=info msg="國家全名: Taiwan (Province of China)"
time="2023-07-09 14:47:06" level=info msg="取得商品資料[{21 xx  1200 999 testtt  課程 true} {20 gg tttesttt 112 222   testttt true} {16 c  1200 999    false} {15 b  1200 10    true} {14 a  1200 123    false} {7 TRX 123 500 1 堂  課程 true} {6 ck男生內褲 CK內褲 1980 3 1  性感 true} {3 哈達瑜珈 本課程適合首次來上課的人，一開始會先帶學員了解場館以及場館內的各式課程，並了解學員的目標以及目前身體的狀況、組成 (inbody)。在這些流程結束後開始讓學員體驗課程。(上體驗課程前，會先與您聯繫預期想體驗的課程。) 200 2 堂 https://images.unsplash.com/photo-1571019614242-c5c5dee9f50b?ixlib=rb-4.0.3&ixid=M3wxMjA3fDB8MHxwaG90by1wYWdlfHx8fGVufDB8fHx8fA%3D%3D&auto=format&fit=crop&w=2070&q=80 拉基 true} {1 CK內衣組 CK內衣 我的超人 1980 3 1  性感 true}]"
time="2023-07-09 14:59:12" level=info msg="國別碼2碼: US"
time="2023-07-09 14:59:12" level=info msg="國別碼3碼: USA"
time="2023-07-09 14:59:12" level=info msg="國家全名: United States of America (the)"
time="2023-07-09 15:17:59" level=info msg="國別碼2碼: FR"
time="2023-07-09 15:17:59" level=info msg="國別碼3碼: FRA"
time="2023-07-09 15:17:59" level=info msg="國家全名: France"
time="2023-07-09 15:22:12" level=info msg="國別碼2碼: FR"
time="2023-07-09 15:22:12" level=info msg="國別碼3碼: FRA"
time="2023-07-09 15:22:12" level=info msg="國家全名: France"
time="2023-07-09 15:22:13" level=info msg="國別碼2碼: FR"
time="2023-07-09 15:22:13" level=info msg="國別碼3碼: FRA"
time="2023-07-09 15:22:13" level=info msg="國家全名: France"
time="2023-07-09 15:31:38" level=info msg="國別碼2碼: US"
time="2023-07-09 15:31:38" level=info msg="國別碼3碼: USA"
time="2023-07-09 15:31:38" level=info msg="國家全名: United States of America (the)"
time="2023-07-09 15:31:39" level=info msg="國別碼2碼: US"
time="2023-07-09 15:31:39" level=info msg="國別碼3碼: USA"
time="2023-07-09 15:31:39" level=info msg="國家全名: United States of America (the)"
time="2023-07-09 15:31:40" level=info msg="國別碼2碼: US"
time="2023-07-09 15:31:40" level=info msg="國別碼3碼: USA"
time="2023-07-09 15:31:40" level=info msg="國家全名: United States of America (the)"
time="2023-07-09 15:31:41" level=info msg="國別碼2碼: US"
time="2023-07-09 15:31:41" level=info msg="國別碼3碼: USA"
time="2023-07-09 15:31:41" level=info msg="國家全名: United States of America (the)"
time="2023-07-09 15:31:42" level=info msg="國別碼2碼: US"
time="2023-07-09 15:31:42" level=info msg="國別碼3碼: USA"
time="2023-07-09 15:31:42" level=info msg="國家全名: United States of America (the)"
time="2023-07-09 15:35:08" level=info msg="國別碼2碼: DE"
time="2023-07-09 15:35:08" level=info msg="國別碼3碼: DEU"
time="2023-07-09 15:35:08" level=info msg="國家全名: Germany"
time="2023-07-09 15:53:44" level=info msg="國別碼2碼: US"
time="2023-07-09 15:53:44" level=info msg="國別碼3碼: USA"
time="2023-07-09 15:53:44" level=info msg="國家全名: United States of America (the)"
time="2023-07-09 15:53:44" level=info msg="國別碼2碼: US"
time="2023-07-09 15:53:44" level=info msg="國別碼3碼: USA"
time="2023-07-09 15:53:44" level=info msg="國家全名: United States of America (the)"
time="2023-07-09 16:18:36" level=info msg="國別碼2碼: DO"
time="2023-07-09 16:18:36" level=info msg="國別碼3碼: DOM"
time="2023-07-09 16:18:36" level=info msg="國家全名: Dominican Republic (the)"
time="2023-07-09 16:21:33" level=info msg="國別碼2碼: FR"
time="2023-07-09 16:21:33" level=info msg="國別碼3碼: FRA"
time="2023-07-09 16:21:33" level=info msg="國家全名: France"
time="2023-07-09 16:21:34" level=info msg="國別碼2碼: FR"
time="2023-07-09 16:21:34" level=info msg="國別碼3碼: FRA"
time="2023-07-09 16:21:34" level=info msg="國家全名: France"
time="2023-07-09 16:22:03" level=info msg="國別碼2碼: US"
time="2023-07-09 16:22:03" level=info msg="國別碼3碼: USA"
time="2023-07-09 16:22:03" level=info msg="國家全名: United States of America (the)"
time="2023-07-09 16:26:54" level=info msg="國別碼2碼: US"
time="2023-07-09 16:26:54" level=info msg="國別碼3碼: USA"
time="2023-07-09 16:26:54" level=info msg="國家全名: United States of America (the)"
time="2023-07-09 16:35:20" level=info msg="國別碼2碼: DE"
time="2023-07-09 16:35:20" level=info msg="國別碼3碼: DEU"
time="2023-07-09 16:35:20" level=info msg="國家全名: Germany"
time="2023-07-09 16:45:54" level=info msg="國別碼2碼: NL"
time="2023-07-09 16:45:54" level=info msg="國別碼3碼: NLD"
time="2023-07-09 16:45:54" level=info msg="國家全名: Netherlands (the)"
time="2023-07-09 16:45:55" level=info msg="國別碼2碼: NL"
time="2023-07-09 16:45:55" level=info msg="國別碼3碼: NLD"
time="2023-07-09 16:45:55" level=info msg="國家全名: Netherlands (the)"
time="2023-07-09 16:45:56" level=info msg="國別碼2碼: NL"
time="2023-07-09 16:45:56" level=info msg="國別碼3碼: NLD"
time="2023-07-09 16:45:56" level=info msg="國家全名: Netherlands (the)"
time="2023-07-09 16:45:58" level=info msg="國別碼2碼: NL"
time="2023-07-09 16:45:58" level=info msg="國別碼3碼: NLD"
time="2023-07-09 16:45:58" level=info msg="國家全名: Netherlands (the)"
time="2023-07-09 16:45:59" level=info msg="國別碼2碼: NL"
time="2023-07-09 16:45:59" level=info msg="國別碼3碼: NLD"
time="2023-07-09 16:45:59" level=info msg="國家全名: Netherlands (the)"
time="2023-07-09 16:52:25" level=info msg="國別碼2碼: PT"
time="2023-07-09 16:52:25" level=info msg="國別碼3碼: PRT"
time="2023-07-09 16:52:25" level=info msg="國家全名: Portugal"
time="2023-07-09 16:58:42" level=info msg="國別碼2碼: US"
time="2023-07-09 16:58:42" level=info msg="國別碼3碼: USA"
time="2023-07-09 16:58:42" level=info msg="國家全名: United States of America (the)"
time="2023-07-09 17:07:03" level=info msg="國別碼2碼: LU"
time="2023-07-09 17:07:03" level=info msg="國別碼3碼: LUX"
time="2023-07-09 17:07:03" level=info msg="國家全名: Luxembourg"
time="2023-07-09 17:27:07" level=info msg="國別碼2碼: FR"
time="2023-07-09 17:27:07" level=info msg="國別碼3碼: FRA"
time="2023-07-09 17:27:07" level=info msg="國家全名: France"
time="2023-07-09 17:27:08" level=info msg="國別碼2碼: FR"
time="2023-07-09 17:27:08" level=info msg="國別碼3碼: FRA"
time="2023-07-09 17:27:08" level=info msg="國家全名: France"
time="2023-07-09 17:36:08" level=info msg="國別碼2碼: FR"
time="2023-07-09 17:36:08" level=info msg="國別碼3碼: FRA"
time="2023-07-09 17:36:08" level=info msg="國家全名: France"
time="2023-07-09 17:36:09" level=info msg="國別碼2碼: FR"
time="2023-07-09 17:36:09" level=info msg="國別碼3碼: FRA"
time="2023-07-09 17:36:09" level=info msg="國家全名: France"
time="2023-07-09 18:26:06" level=info msg="國別碼2碼: US"
time="2023-07-09 18:26:06" level=info msg="國別碼3碼: USA"
time="2023-07-09 18:26:06" level=info msg="國家全名: United States of America (the)"
time="2023-07-09 18:27:58" level=info msg="國別碼2碼: FR"
time="2023-07-09 18:27:58" level=info msg="國別碼3碼: FRA"
time="2023-07-09 18:27:58" level=info msg="國家全名: France"
time="2023-07-09 18:27:59" level=info msg="國別碼2碼: FR"
time="2023-07-09 18:27:59" level=info msg="國別碼3碼: FRA"
time="2023-07-09 18:27:59" level=info msg="國家全名: France"
time="2023-07-09 19:41:50" level=info msg="國別碼2碼: FR"
time="2023-07-09 19:41:50" level=info msg="國別碼3碼: FRA"
time="2023-07-09 19:41:50" level=info msg="國家全名: France"
time="2023-07-09 19:41:51" level=info msg="國別碼2碼: FR"
time="2023-07-09 19:41:51" level=info msg="國別碼3碼: FRA"
time="2023-07-09 19:41:51" level=info msg="國家全名: France"
time="2023-07-09 20:17:16" level=info msg="國別碼2碼: FR"
time="2023-07-09 20:17:16" level=info msg="國別碼3碼: FRA"
time="2023-07-09 20:17:16" level=info msg="國家全名: France"
time="2023-07-09 20:17:17" level=info msg="國別碼2碼: FR"
time="2023-07-09 20:17:17" level=info msg="國別碼3碼: FRA"
time="2023-07-09 20:17:17" level=info msg="國家全名: France"
time="2023-07-09 21:08:02" level=info msg="國別碼2碼: VN"
time="2023-07-09 21:08:02" level=info msg="國別碼3碼: VNM"
time="2023-07-09 21:08:02" level=info msg="國家全名: Viet Nam"
time="2023-07-09 21:13:04" level=info msg="國別碼2碼: GB"
time="2023-07-09 21:13:04" level=info msg="國別碼3碼: GBR"
time="2023-07-09 21:13:04" level=info msg="國家全名: United Kingdom of Great Britain and Northern Ireland (the)"
time="2023-07-09 21:13:10" level=info msg="國別碼2碼: LT"
time="2023-07-09 21:13:10" level=info msg="國別碼3碼: LTU"
time="2023-07-09 21:13:10" level=info msg="國家全名: Lithuania"
time="2023-07-09 21:26:33" level=info msg="國別碼2碼: SE"
time="2023-07-09 21:26:33" level=info msg="國別碼3碼: SWE"
time="2023-07-09 21:26:33" level=info msg="國家全名: Sweden"
time="2023-07-09 21:47:58" level=info msg="國別碼2碼: FR"
time="2023-07-09 21:47:58" level=info msg="國別碼3碼: FRA"
time="2023-07-09 21:47:58" level=info msg="國家全名: France"
time="2023-07-09 21:47:59" level=info msg="國別碼2碼: FR"
time="2023-07-09 21:47:59" level=info msg="國別碼3碼: FRA"
time="2023-07-09 21:47:59" level=info msg="國家全名: France"
time="2023-07-09 21:49:31" level=info msg="國別碼2碼: FR"
time="2023-07-09 21:49:31" level=info msg="國別碼3碼: FRA"
time="2023-07-09 21:49:31" level=info msg="國家全名: France"
time="2023-07-09 21:49:32" level=info msg="國別碼2碼: FR"
time="2023-07-09 21:49:32" level=info msg="國別碼3碼: FRA"
time="2023-07-09 21:49:32" level=info msg="國家全名: France"
time="2023-07-09 22:15:05" level=info msg="國別碼2碼: US"
time="2023-07-09 22:15:05" level=info msg="國別碼3碼: USA"
time="2023-07-09 22:15:05" level=info msg="國家全名: United States of America (the)"
time="2023-07-09 22:15:45" level=info msg="國別碼2碼: IT"
time="2023-07-09 22:15:45" level=info msg="國別碼3碼: ITA"
time="2023-07-09 22:15:45" level=info msg="國家全名: Italy"
time="2023-07-09 22:28:37" level=info msg="國別碼2碼: CA"
time="2023-07-09 22:28:37" level=info msg="國別碼3碼: CAN"
time="2023-07-09 22:28:37" level=info msg="國家全名: Canada"
time="2023-07-09 22:33:33" level=info msg="國別碼2碼: FR"
time="2023-07-09 22:33:33" level=info msg="國別碼3碼: FRA"
time="2023-07-09 22:33:33" level=info msg="國家全名: France"
time="2023-07-09 22:33:34" level=info msg="國別碼2碼: FR"
time="2023-07-09 22:33:34" level=info msg="國別碼3碼: FRA"
time="2023-07-09 22:33:34" level=info msg="國家全名: France"
time="2023-07-09 22:36:48" level=info msg="國別碼2碼: US"
time="2023-07-09 22:36:48" level=info msg="國別碼3碼: USA"
time="2023-07-09 22:36:48" level=info msg="國家全名: United States of America (the)"
time="2023-07-09 22:36:49" level=info msg="國別碼2碼: US"
time="2023-07-09 22:36:49" level=info msg="國別碼3碼: USA"
time="2023-07-09 22:36:49" level=info msg="國家全名: United States of America (the)"
time="2023-07-09 22:36:50" level=info msg="國別碼2碼: US"
time="2023-07-09 22:36:50" level=info msg="國別碼3碼: USA"
time="2023-07-09 22:36:50" level=info msg="國家全名: United States of America (the)"
time="2023-07-09 22:36:51" level=info msg="國別碼2碼: US"
time="2023-07-09 22:36:51" level=info msg="國別碼3碼: USA"
time="2023-07-09 22:36:51" level=info msg="國家全名: United States of America (the)"
time="2023-07-09 22:50:31" level=info msg="國別碼2碼: GB"
time="2023-07-09 22:50:31" level=info msg="國別碼3碼: GBR"
time="2023-07-09 22:50:31" level=info msg="國家全名: United Kingdom of Great Britain and Northern Ireland (the)"
time="2023-07-09 23:01:18" level=info msg="國別碼2碼: LT"
time="2023-07-09 23:01:18" level=info msg="國別碼3碼: LTU"
time="2023-07-09 23:01:18" level=info msg="國家全名: Lithuania"
time="2023-07-09 23:03:45" level=info msg="國別碼2碼: RU"
time="2023-07-09 23:03:45" level=info msg="國別碼3碼: RUS"
time="2023-07-09 23:03:45" level=info msg="國家全名: Russian Federation (the)"
time="2023-07-09 23:15:59" level=info msg="國別碼2碼: GB"
time="2023-07-09 23:15:59" level=info msg="國別碼3碼: GBR"
time="2023-07-09 23:15:59" level=info msg="國家全名: United Kingdom of Great Britain and Northern Ireland (the)"
time="2023-07-09 23:16:02" level=info msg="國別碼2碼: GB"
time="2023-07-09 23:16:02" level=info msg="國別碼3碼: GBR"
time="2023-07-09 23:16:02" level=info msg="國家全名: United Kingdom of Great Britain and Northern Ireland (the)"
time="2023-07-09 23:46:31" level=info msg="國別碼2碼: FR"
time="2023-07-09 23:46:31" level=info msg="國別碼3碼: FRA"
time="2023-07-09 23:46:31" level=info msg="國家全名: France"
time="2023-07-09 23:46:32" level=info msg="國別碼2碼: FR"
time="2023-07-09 23:46:32" level=info msg="國別碼3碼: FRA"
time="2023-07-09 23:46:32" level=info msg="國家全名: France"
