time="2023-06-17 00:12:01" level=info msg="國別碼2碼: NL"
time="2023-06-17 00:12:01" level=info msg="國別碼3碼: NLD"
time="2023-06-17 00:12:01" level=info msg="國家全名: Netherlands (the)"
time="2023-06-17 00:22:05" level=info msg="國別碼2碼: NL"
time="2023-06-17 00:22:05" level=info msg="國別碼3碼: NLD"
time="2023-06-17 00:22:05" level=info msg="國家全名: Netherlands (the)"
time="2023-06-17 00:38:27" level=info msg="國別碼2碼: NL"
time="2023-06-17 00:38:27" level=info msg="國別碼3碼: NLD"
time="2023-06-17 00:38:27" level=info msg="國家全名: Netherlands (the)"
time="2023-06-17 00:49:34" level=info msg="國別碼2碼: NL"
time="2023-06-17 00:49:34" level=info msg="國別碼3碼: NLD"
time="2023-06-17 00:49:34" level=info msg="國家全名: Netherlands (the)"
time="2023-06-17 00:52:37" level=info msg="國別碼2碼: GB"
time="2023-06-17 00:52:37" level=info msg="國別碼3碼: GBR"
time="2023-06-17 00:52:37" level=info msg="國家全名: United Kingdom of Great Britain and Northern Ireland (the)"
time="2023-06-17 00:52:38" level=info msg="國別碼2碼: GB"
time="2023-06-17 00:52:38" level=info msg="國別碼3碼: GBR"
time="2023-06-17 00:52:38" level=info msg="國家全名: United Kingdom of Great Britain and Northern Ireland (the)"
time="2023-06-17 00:52:49" level=info msg="國別碼2碼: RU"
time="2023-06-17 00:52:49" level=info msg="國別碼3碼: RUS"
time="2023-06-17 00:52:49" level=info msg="國家全名: Russian Federation (the)"
time="2023-06-17 01:06:49" level=info msg="國別碼2碼: NL"
time="2023-06-17 01:06:49" level=info msg="國別碼3碼: NLD"
time="2023-06-17 01:06:49" level=info msg="國家全名: Netherlands (the)"
time="2023-06-17 01:12:40" level=info msg="國別碼2碼: CA"
time="2023-06-17 01:12:40" level=info msg="國別碼3碼: CAN"
time="2023-06-17 01:12:40" level=info msg="國家全名: Canada"
time="2023-06-17 01:12:41" level=info msg="國別碼2碼: CA"
time="2023-06-17 01:12:41" level=info msg="國別碼3碼: CAN"
time="2023-06-17 01:12:41" level=info msg="國家全名: Canada"
time="2023-06-17 01:13:00" level=info msg="國別碼2碼: BG"
time="2023-06-17 01:13:00" level=info msg="國別碼3碼: BGR"
time="2023-06-17 01:13:00" level=info msg="國家全名: Bulgaria"
time="2023-06-17 01:16:51" level=info msg="國別碼2碼: NL"
time="2023-06-17 01:16:51" level=info msg="國別碼3碼: NLD"
time="2023-06-17 01:16:51" level=info msg="國家全名: Netherlands (the)"
time="2023-06-17 01:18:04" level=info msg="國別碼2碼: US"
time="2023-06-17 01:18:04" level=info msg="國別碼3碼: USA"
time="2023-06-17 01:18:04" level=info msg="國家全名: United States of America (the)"
time="2023-06-17 01:27:02" level=info msg="國別碼2碼: NL"
time="2023-06-17 01:27:02" level=info msg="國別碼3碼: NLD"
time="2023-06-17 01:27:02" level=info msg="國家全名: Netherlands (the)"
time="2023-06-17 01:29:15" level=info msg="國別碼2碼: IN"
time="2023-06-17 01:29:15" level=info msg="國別碼3碼: IND"
time="2023-06-17 01:29:15" level=info msg="國家全名: India"
time="2023-06-17 01:29:15" level=info msg="國別碼2碼: IN"
time="2023-06-17 01:29:15" level=info msg="國別碼3碼: IND"
time="2023-06-17 01:29:15" level=info msg="國家全名: India"
time="2023-06-17 01:41:28" level=info msg="國別碼2碼: CA"
time="2023-06-17 01:41:28" level=info msg="國別碼3碼: CAN"
time="2023-06-17 01:41:28" level=info msg="國家全名: Canada"
time="2023-06-17 01:41:29" level=info msg="國別碼2碼: CA"
time="2023-06-17 01:41:29" level=info msg="國別碼3碼: CAN"
time="2023-06-17 01:41:29" level=info msg="國家全名: Canada"
time="2023-06-17 01:50:30" level=info msg="國別碼2碼: NL"
time="2023-06-17 01:50:30" level=info msg="國別碼3碼: NLD"
time="2023-06-17 01:50:30" level=info msg="國家全名: Netherlands (the)"
time="2023-06-17 02:05:54" level=info msg="國別碼2碼: NL"
time="2023-06-17 02:05:54" level=info msg="國別碼3碼: NLD"
time="2023-06-17 02:05:54" level=info msg="國家全名: Netherlands (the)"
time="2023-06-17 02:19:13" level=info msg="國別碼2碼: NL"
time="2023-06-17 02:19:13" level=info msg="國別碼3碼: NLD"
time="2023-06-17 02:19:13" level=info msg="國家全名: Netherlands (the)"
time="2023-06-17 02:30:22" level=info msg="國別碼2碼: NL"
time="2023-06-17 02:30:22" level=info msg="國別碼3碼: NLD"
time="2023-06-17 02:30:22" level=info msg="國家全名: Netherlands (the)"
time="2023-06-17 02:33:04" level=info msg="國別碼2碼: CA"
time="2023-06-17 02:33:04" level=info msg="國別碼3碼: CAN"
time="2023-06-17 02:33:04" level=info msg="國家全名: Canada"
time="2023-06-17 02:33:07" level=info msg="國別碼2碼: CA"
time="2023-06-17 02:33:07" level=info msg="國別碼3碼: CAN"
time="2023-06-17 02:33:07" level=info msg="國家全名: Canada"
time="2023-06-17 02:46:23" level=info msg="國別碼2碼: NL"
time="2023-06-17 02:46:23" level=info msg="國別碼3碼: NLD"
time="2023-06-17 02:46:23" level=info msg="國家全名: Netherlands (the)"
time="2023-06-17 02:48:35" level=info msg="國別碼2碼: US"
time="2023-06-17 02:48:35" level=info msg="國別碼3碼: USA"
time="2023-06-17 02:48:35" level=info msg="國家全名: United States of America (the)"
time="2023-06-17 02:58:49" level=info msg="國別碼2碼: IT"
time="2023-06-17 02:58:49" level=info msg="國別碼3碼: ITA"
time="2023-06-17 02:58:49" level=info msg="國家全名: Italy"
time="2023-06-17 02:59:12" level=info msg="國別碼2碼: NL"
time="2023-06-17 02:59:12" level=info msg="國別碼3碼: NLD"
time="2023-06-17 02:59:12" level=info msg="國家全名: Netherlands (the)"
time="2023-06-17 03:12:23" level=info msg="國別碼2碼: NL"
time="2023-06-17 03:12:23" level=info msg="國別碼3碼: NLD"
time="2023-06-17 03:12:23" level=info msg="國家全名: Netherlands (the)"
time="2023-06-17 03:27:05" level=info msg="國別碼2碼: NL"
time="2023-06-17 03:27:05" level=info msg="國別碼3碼: NLD"
time="2023-06-17 03:27:05" level=info msg="國家全名: Netherlands (the)"
time="2023-06-17 03:33:45" level=info msg="國別碼2碼: CA"
time="2023-06-17 03:33:45" level=info msg="國別碼3碼: CAN"
time="2023-06-17 03:33:45" level=info msg="國家全名: Canada"
time="2023-06-17 03:33:46" level=info msg="國別碼2碼: CA"
time="2023-06-17 03:33:46" level=info msg="國別碼3碼: CAN"
time="2023-06-17 03:33:46" level=info msg="國家全名: Canada"
time="2023-06-17 03:44:58" level=info msg="國別碼2碼: NL"
time="2023-06-17 03:44:58" level=info msg="國別碼3碼: NLD"
time="2023-06-17 03:44:58" level=info msg="國家全名: Netherlands (the)"
time="2023-06-17 03:48:29" level=info msg="國別碼2碼: CA"
time="2023-06-17 03:48:29" level=info msg="國別碼3碼: CAN"
time="2023-06-17 03:48:29" level=info msg="國家全名: Canada"
time="2023-06-17 03:48:30" level=info msg="國別碼2碼: CA"
time="2023-06-17 03:48:30" level=info msg="國別碼3碼: CAN"
time="2023-06-17 03:48:30" level=info msg="國家全名: Canada"
time="2023-06-17 03:54:58" level=info msg="國別碼2碼: US"
time="2023-06-17 03:54:58" level=info msg="國別碼3碼: USA"
time="2023-06-17 03:54:58" level=info msg="國家全名: United States of America (the)"
time="2023-06-17 04:00:36" level=info msg="國別碼2碼: NL"
time="2023-06-17 04:00:36" level=info msg="國別碼3碼: NLD"
time="2023-06-17 04:00:36" level=info msg="國家全名: Netherlands (the)"
time="2023-06-17 04:01:59" level=info msg="國別碼2碼: US"
time="2023-06-17 04:01:59" level=info msg="國別碼3碼: USA"
time="2023-06-17 04:01:59" level=info msg="國家全名: United States of America (the)"
time="2023-06-17 04:12:47" level=info msg="國別碼2碼: NL"
time="2023-06-17 04:12:47" level=info msg="國別碼3碼: NLD"
time="2023-06-17 04:12:47" level=info msg="國家全名: Netherlands (the)"
time="2023-06-17 04:15:12" level=info msg="國別碼2碼: PT"
time="2023-06-17 04:15:12" level=info msg="國別碼3碼: PRT"
time="2023-06-17 04:15:12" level=info msg="國家全名: Portugal"
time="2023-06-17 04:15:54" level=info msg="國別碼2碼: PT"
time="2023-06-17 04:15:54" level=info msg="國別碼3碼: PRT"
time="2023-06-17 04:15:54" level=info msg="國家全名: Portugal"
time="2023-06-17 04:26:09" level=info msg="國別碼2碼: NL"
time="2023-06-17 04:26:09" level=info msg="國別碼3碼: NLD"
time="2023-06-17 04:26:09" level=info msg="國家全名: Netherlands (the)"
time="2023-06-17 04:34:36" level=info msg="國別碼2碼: CA"
time="2023-06-17 04:34:36" level=info msg="國別碼3碼: CAN"
time="2023-06-17 04:34:36" level=info msg="國家全名: Canada"
time="2023-06-17 04:34:36" level=info msg="國別碼2碼: CA"
time="2023-06-17 04:34:36" level=info msg="國別碼3碼: CAN"
time="2023-06-17 04:34:36" level=info msg="國家全名: Canada"
time="2023-06-17 04:46:28" level=info msg="國別碼2碼: NL"
time="2023-06-17 04:46:28" level=info msg="國別碼3碼: NLD"
time="2023-06-17 04:46:28" level=info msg="國家全名: Netherlands (the)"
time="2023-06-17 04:59:18" level=info msg="國別碼2碼: NL"
time="2023-06-17 04:59:18" level=info msg="國別碼3碼: NLD"
time="2023-06-17 04:59:18" level=info msg="國家全名: Netherlands (the)"
time="2023-06-17 05:00:20" level=info msg="國別碼2碼: US"
time="2023-06-17 05:00:20" level=info msg="國別碼3碼: USA"
time="2023-06-17 05:00:20" level=info msg="國家全名: United States of America (the)"
time="2023-06-17 05:10:57" level=info msg="國別碼2碼: US"
time="2023-06-17 05:10:57" level=info msg="國別碼3碼: USA"
time="2023-06-17 05:10:57" level=info msg="國家全名: United States of America (the)"
time="2023-06-17 05:14:27" level=info msg="國別碼2碼: CA"
time="2023-06-17 05:14:27" level=info msg="國別碼3碼: CAN"
time="2023-06-17 05:14:27" level=info msg="國家全名: Canada"
time="2023-06-17 05:14:28" level=info msg="國別碼2碼: CA"
time="2023-06-17 05:14:28" level=info msg="國別碼3碼: CAN"
time="2023-06-17 05:14:28" level=info msg="國家全名: Canada"
time="2023-06-17 05:16:19" level=info msg="國別碼2碼: PT"
time="2023-06-17 05:16:19" level=info msg="國別碼3碼: PRT"
time="2023-06-17 05:16:19" level=info msg="國家全名: Portugal"
time="2023-06-17 05:17:06" level=info msg="國別碼2碼: NL"
time="2023-06-17 05:17:06" level=info msg="國別碼3碼: NLD"
time="2023-06-17 05:17:06" level=info msg="國家全名: Netherlands (the)"
time="2023-06-17 05:27:00" level=info msg="國別碼2碼: NL"
time="2023-06-17 05:27:00" level=info msg="國別碼3碼: NLD"
time="2023-06-17 05:27:00" level=info msg="國家全名: Netherlands (the)"
time="2023-06-17 05:34:47" level=info msg="國別碼2碼: RU"
time="2023-06-17 05:34:47" level=info msg="國別碼3碼: RUS"
time="2023-06-17 05:34:47" level=info msg="國家全名: Russian Federation (the)"
time="2023-06-17 05:50:02" level=info msg="國別碼2碼: NL"
time="2023-06-17 05:50:02" level=info msg="國別碼3碼: NLD"
time="2023-06-17 05:50:02" level=info msg="國家全名: Netherlands (the)"
time="2023-06-17 06:05:11" level=info msg="國別碼2碼: NL"
time="2023-06-17 06:05:11" level=info msg="國別碼3碼: NLD"
time="2023-06-17 06:05:11" level=info msg="國家全名: Netherlands (the)"
time="2023-06-17 06:21:18" level=info msg="國別碼2碼: NL"
time="2023-06-17 06:21:18" level=info msg="國別碼3碼: NLD"
time="2023-06-17 06:21:18" level=info msg="國家全名: Netherlands (the)"
time="2023-06-17 06:23:03" level=info msg="國別碼2碼: RU"
time="2023-06-17 06:23:03" level=info msg="國別碼3碼: RUS"
time="2023-06-17 06:23:03" level=info msg="國家全名: Russian Federation (the)"
time="2023-06-17 06:26:33" level=info msg="國別碼2碼: RU"
time="2023-06-17 06:26:33" level=info msg="國別碼3碼: RUS"
time="2023-06-17 06:26:33" level=info msg="國家全名: Russian Federation (the)"
time="2023-06-17 06:29:11" level=info msg="國別碼2碼: CA"
time="2023-06-17 06:29:11" level=info msg="國別碼3碼: CAN"
time="2023-06-17 06:29:11" level=info msg="國家全名: Canada"
time="2023-06-17 06:29:12" level=info msg="國別碼2碼: CA"
time="2023-06-17 06:29:12" level=info msg="國別碼3碼: CAN"
time="2023-06-17 06:29:12" level=info msg="國家全名: Canada"
time="2023-06-17 06:29:35" level=info msg="國別碼2碼: CH"
time="2023-06-17 06:29:35" level=info msg="國別碼3碼: CHE"
time="2023-06-17 06:29:35" level=info msg="國家全名: Switzerland"
time="2023-06-17 06:31:48" level=info msg="國別碼2碼: NL"
time="2023-06-17 06:31:48" level=info msg="國別碼3碼: NLD"
time="2023-06-17 06:31:48" level=info msg="國家全名: Netherlands (the)"
time="2023-06-17 06:33:32" level=info msg="國別碼2碼: US"
time="2023-06-17 06:33:32" level=info msg="國別碼3碼: USA"
time="2023-06-17 06:33:32" level=info msg="國家全名: United States of America (the)"
time="2023-06-17 06:39:02" level=info msg="國別碼2碼: RU"
time="2023-06-17 06:39:02" level=info msg="國別碼3碼: RUS"
time="2023-06-17 06:39:02" level=info msg="國家全名: Russian Federation (the)"
time="2023-06-17 06:43:15" level=info msg="國別碼2碼: NL"
time="2023-06-17 06:43:15" level=info msg="國別碼3碼: NLD"
time="2023-06-17 06:43:15" level=info msg="國家全名: Netherlands (the)"
time="2023-06-17 06:49:27" level=info msg="國別碼2碼: US"
time="2023-06-17 06:49:27" level=info msg="國別碼3碼: USA"
time="2023-06-17 06:49:27" level=info msg="國家全名: United States of America (the)"
time="2023-06-17 07:03:50" level=info msg="國別碼2碼: CA"
time="2023-06-17 07:03:50" level=info msg="國別碼3碼: CAN"
time="2023-06-17 07:03:50" level=info msg="國家全名: Canada"
time="2023-06-17 07:03:51" level=info msg="國別碼2碼: CA"
time="2023-06-17 07:03:51" level=info msg="國別碼3碼: CAN"
time="2023-06-17 07:03:51" level=info msg="國家全名: Canada"
time="2023-06-17 07:05:16" level=info msg="國別碼2碼: NL"
time="2023-06-17 07:05:16" level=info msg="國別碼3碼: NLD"
time="2023-06-17 07:05:16" level=info msg="國家全名: Netherlands (the)"
time="2023-06-17 07:24:01" level=info msg="國別碼2碼: NL"
time="2023-06-17 07:24:01" level=info msg="國別碼3碼: NLD"
time="2023-06-17 07:24:01" level=info msg="國家全名: Netherlands (the)"
time="2023-06-17 07:32:23" level=info msg="國別碼2碼: NL"
time="2023-06-17 07:32:23" level=info msg="國別碼3碼: NLD"
time="2023-06-17 07:32:23" level=info msg="國家全名: Netherlands (the)"
time="2023-06-17 07:36:22" level=info msg="國別碼2碼: CA"
time="2023-06-17 07:36:22" level=info msg="國別碼3碼: CAN"
time="2023-06-17 07:36:22" level=info msg="國家全名: Canada"
time="2023-06-17 07:36:23" level=info msg="國別碼2碼: CA"
time="2023-06-17 07:36:23" level=info msg="國別碼3碼: CAN"
time="2023-06-17 07:36:23" level=info msg="國家全名: Canada"
time="2023-06-17 07:44:07" level=info msg="國別碼2碼: RU"
time="2023-06-17 07:44:07" level=info msg="國別碼3碼: RUS"
time="2023-06-17 07:44:07" level=info msg="國家全名: Russian Federation (the)"
time="2023-06-17 07:48:58" level=info msg="國別碼2碼: NL"
time="2023-06-17 07:48:58" level=info msg="國別碼3碼: NLD"
time="2023-06-17 07:48:58" level=info msg="國家全名: Netherlands (the)"
time="2023-06-17 07:53:34" level=info msg="國別碼2碼: US"
time="2023-06-17 07:53:34" level=info msg="國別碼3碼: USA"
time="2023-06-17 07:53:34" level=info msg="國家全名: United States of America (the)"
time="2023-06-17 07:54:32" level=info msg="國別碼2碼: US"
time="2023-06-17 07:54:32" level=info msg="國別碼3碼: USA"
time="2023-06-17 07:54:32" level=info msg="國家全名: United States of America (the)"
time="2023-06-17 07:55:51" level=info msg="國別碼2碼: CH"
time="2023-06-17 07:55:51" level=info msg="國別碼3碼: CHE"
time="2023-06-17 07:55:51" level=info msg="國家全名: Switzerland"
time="2023-06-17 07:57:49" level=info msg="國別碼2碼: NL"
time="2023-06-17 07:57:49" level=info msg="國別碼3碼: NLD"
time="2023-06-17 07:57:49" level=info msg="國家全名: Netherlands (the)"
time="2023-06-17 08:25:18" level=info msg="國別碼2碼: CA"
time="2023-06-17 08:25:18" level=info msg="國別碼3碼: CAN"
time="2023-06-17 08:25:18" level=info msg="國家全名: Canada"
time="2023-06-17 08:25:19" level=info msg="國別碼2碼: CA"
time="2023-06-17 08:25:19" level=info msg="國別碼3碼: CAN"
time="2023-06-17 08:25:19" level=info msg="國家全名: Canada"
time="2023-06-17 08:31:17" level=info msg="國別碼2碼: NL"
time="2023-06-17 08:31:17" level=info msg="國別碼3碼: NLD"
time="2023-06-17 08:31:17" level=info msg="國家全名: Netherlands (the)"
time="2023-06-17 08:37:53" level=info msg="國別碼2碼: US"
time="2023-06-17 08:37:53" level=info msg="國別碼3碼: USA"
time="2023-06-17 08:37:53" level=info msg="國家全名: United States of America (the)"
time="2023-06-17 08:41:26" level=info msg="國別碼2碼: NL"
time="2023-06-17 08:41:26" level=info msg="國別碼3碼: NLD"
time="2023-06-17 08:41:26" level=info msg="國家全名: Netherlands (the)"
time="2023-06-17 08:44:20" level=info msg="國別碼2碼: CA"
time="2023-06-17 08:44:20" level=info msg="國別碼3碼: CAN"
time="2023-06-17 08:44:20" level=info msg="國家全名: Canada"
time="2023-06-17 08:44:21" level=info msg="國別碼2碼: CA"
time="2023-06-17 08:44:21" level=info msg="國別碼3碼: CAN"
time="2023-06-17 08:44:21" level=info msg="國家全名: Canada"
time="2023-06-17 08:50:06" level=info msg="國別碼2碼: NL"
time="2023-06-17 08:50:06" level=info msg="國別碼3碼: NLD"
time="2023-06-17 08:50:06" level=info msg="國家全名: Netherlands (the)"
time="2023-06-17 09:04:35" level=info msg="國別碼2碼: NL"
time="2023-06-17 09:04:35" level=info msg="國別碼3碼: NLD"
time="2023-06-17 09:04:35" level=info msg="國家全名: Netherlands (the)"
time="2023-06-17 09:09:47" level=info msg="國別碼2碼: RU"
time="2023-06-17 09:09:47" level=info msg="國別碼3碼: RUS"
time="2023-06-17 09:09:47" level=info msg="國家全名: Russian Federation (the)"
time="2023-06-17 09:15:33" level=info msg="國別碼2碼: HK"
time="2023-06-17 09:15:33" level=info msg="國別碼3碼: HKG"
time="2023-06-17 09:15:33" level=info msg="國家全名: Hong Kong"
time="2023-06-17 09:20:35" level=info msg="國別碼2碼: NL"
time="2023-06-17 09:20:35" level=info msg="國別碼3碼: NLD"
time="2023-06-17 09:20:35" level=info msg="國家全名: Netherlands (the)"
time="2023-06-17 09:26:40" level=info msg="國別碼2碼: CN"
time="2023-06-17 09:26:40" level=info msg="國別碼3碼: CHN"
time="2023-06-17 09:26:40" level=info msg="國家全名: China"
time="2023-06-17 09:35:52" level=info msg="國別碼2碼: NL"
time="2023-06-17 09:35:52" level=info msg="國別碼3碼: NLD"
time="2023-06-17 09:35:52" level=info msg="國家全名: Netherlands (the)"
time="2023-06-17 09:47:08" level=info msg="國別碼2碼: CA"
time="2023-06-17 09:47:08" level=info msg="國別碼3碼: CAN"
time="2023-06-17 09:47:08" level=info msg="國家全名: Canada"
time="2023-06-17 09:47:09" level=info msg="國別碼2碼: CA"
time="2023-06-17 09:47:09" level=info msg="國別碼3碼: CAN"
time="2023-06-17 09:47:09" level=info msg="國家全名: Canada"
time="2023-06-17 09:47:54" level=info msg="國別碼2碼: NL"
time="2023-06-17 09:47:54" level=info msg="國別碼3碼: NLD"
time="2023-06-17 09:47:54" level=info msg="國家全名: Netherlands (the)"
time="2023-06-17 09:57:37" level=info msg="國別碼2碼: RU"
time="2023-06-17 09:57:37" level=info msg="國別碼3碼: RUS"
time="2023-06-17 09:57:37" level=info msg="國家全名: Russian Federation (the)"
time="2023-06-17 09:58:52" level=info msg="國別碼2碼: CH"
time="2023-06-17 09:58:52" level=info msg="國別碼3碼: CHE"
time="2023-06-17 09:58:52" level=info msg="國家全名: Switzerland"
time="2023-06-17 10:02:01" level=info msg="國別碼2碼: NL"
time="2023-06-17 10:02:01" level=info msg="國別碼3碼: NLD"
time="2023-06-17 10:02:01" level=info msg="國家全名: Netherlands (the)"
time="2023-06-17 10:10:24" level=info msg="國別碼2碼: CA"
time="2023-06-17 10:10:24" level=info msg="國別碼3碼: CAN"
time="2023-06-17 10:10:24" level=info msg="國家全名: Canada"
time="2023-06-17 10:10:25" level=info msg="國別碼2碼: CA"
time="2023-06-17 10:10:25" level=info msg="國別碼3碼: CAN"
time="2023-06-17 10:10:25" level=info msg="國家全名: Canada"
time="2023-06-17 10:13:11" level=info msg="國別碼2碼: NL"
time="2023-06-17 10:13:11" level=info msg="國別碼3碼: NLD"
time="2023-06-17 10:13:11" level=info msg="國家全名: Netherlands (the)"
time="2023-06-17 10:14:33" level=info msg="國別碼2碼: US"
time="2023-06-17 10:14:33" level=info msg="國別碼3碼: USA"
time="2023-06-17 10:14:33" level=info msg="國家全名: United States of America (the)"
time="2023-06-17 10:24:41" level=info msg="國別碼2碼: NL"
time="2023-06-17 10:24:41" level=info msg="國別碼3碼: NLD"
time="2023-06-17 10:24:41" level=info msg="國家全名: Netherlands (the)"
time="2023-06-17 10:33:46" level=info msg="國別碼2碼: US"
time="2023-06-17 10:33:46" level=info msg="國別碼3碼: USA"
time="2023-06-17 10:33:46" level=info msg="國家全名: United States of America (the)"
time="2023-06-17 10:39:17" level=info msg="國別碼2碼: NL"
time="2023-06-17 10:39:17" level=info msg="國別碼3碼: NLD"
time="2023-06-17 10:39:17" level=info msg="國家全名: Netherlands (the)"
time="2023-06-17 10:40:03" level=info msg="國別碼2碼: CA"
time="2023-06-17 10:40:03" level=info msg="國別碼3碼: CAN"
time="2023-06-17 10:40:03" level=info msg="國家全名: Canada"
time="2023-06-17 10:40:04" level=info msg="國別碼2碼: CA"
time="2023-06-17 10:40:04" level=info msg="國別碼3碼: CAN"
time="2023-06-17 10:40:04" level=info msg="國家全名: Canada"
time="2023-06-17 10:40:32" level=info msg="國別碼2碼: US"
time="2023-06-17 10:40:32" level=info msg="國別碼3碼: USA"
time="2023-06-17 10:40:32" level=info msg="國家全名: United States of America (the)"
time="2023-06-17 10:42:22" level=info msg="國別碼2碼: US"
time="2023-06-17 10:42:22" level=info msg="國別碼3碼: USA"
time="2023-06-17 10:42:22" level=info msg="國家全名: United States of America (the)"
time="2023-06-17 10:43:15" level=info msg="國別碼2碼: US"
time="2023-06-17 10:43:15" level=info msg="國別碼3碼: USA"
time="2023-06-17 10:43:15" level=info msg="國家全名: United States of America (the)"
time="2023-06-17 10:47:22" level=info msg="國別碼2碼: CN"
time="2023-06-17 10:47:22" level=info msg="國別碼3碼: CHN"
time="2023-06-17 10:47:22" level=info msg="國家全名: China"
time="2023-06-17 10:58:52" level=info msg="國別碼2碼: NL"
time="2023-06-17 10:58:52" level=info msg="國別碼3碼: NLD"
time="2023-06-17 10:58:52" level=info msg="國家全名: Netherlands (the)"
time="2023-06-17 10:59:10" level=info msg="國別碼2碼: RU"
time="2023-06-17 10:59:10" level=info msg="國別碼3碼: RUS"
time="2023-06-17 10:59:10" level=info msg="國家全名: Russian Federation (the)"
time="2023-06-17 11:06:22" level=info msg="國別碼2碼: NL"
time="2023-06-17 11:06:22" level=info msg="國別碼3碼: NLD"
time="2023-06-17 11:06:22" level=info msg="國家全名: Netherlands (the)"
time="2023-06-17 11:08:02" level=info msg="國別碼2碼: US"
time="2023-06-17 11:08:02" level=info msg="國別碼3碼: USA"
time="2023-06-17 11:08:02" level=info msg="國家全名: United States of America (the)"
time="2023-06-17 11:08:03" level=info msg="國別碼2碼: US"
time="2023-06-17 11:08:03" level=info msg="國別碼3碼: USA"
time="2023-06-17 11:08:03" level=info msg="國家全名: United States of America (the)"
time="2023-06-17 11:08:04" level=info msg="國別碼2碼: US"
time="2023-06-17 11:08:04" level=info msg="國別碼3碼: USA"
time="2023-06-17 11:08:04" level=info msg="國家全名: United States of America (the)"
time="2023-06-17 11:08:05" level=info msg="國別碼2碼: US"
time="2023-06-17 11:08:05" level=info msg="國別碼3碼: USA"
time="2023-06-17 11:08:05" level=info msg="國家全名: United States of America (the)"
time="2023-06-17 11:08:06" level=info msg="國別碼2碼: US"
time="2023-06-17 11:08:06" level=info msg="國別碼3碼: USA"
time="2023-06-17 11:08:06" level=info msg="國家全名: United States of America (the)"
time="2023-06-17 11:08:07" level=info msg="國別碼2碼: US"
time="2023-06-17 11:08:07" level=info msg="國別碼3碼: USA"
time="2023-06-17 11:08:07" level=info msg="國家全名: United States of America (the)"
time="2023-06-17 11:08:08" level=info msg="國別碼2碼: US"
time="2023-06-17 11:08:08" level=info msg="國別碼3碼: USA"
time="2023-06-17 11:08:08" level=info msg="國家全名: United States of America (the)"
time="2023-06-17 11:08:09" level=info msg="國別碼2碼: US"
time="2023-06-17 11:08:09" level=info msg="國別碼3碼: USA"
time="2023-06-17 11:08:09" level=info msg="國家全名: United States of America (the)"
time="2023-06-17 11:08:10" level=info msg="國別碼2碼: US"
time="2023-06-17 11:08:10" level=info msg="國別碼3碼: USA"
time="2023-06-17 11:08:10" level=info msg="國家全名: United States of America (the)"
time="2023-06-17 11:17:00" level=info msg="國別碼2碼: RU"
time="2023-06-17 11:17:00" level=info msg="國別碼3碼: RUS"
time="2023-06-17 11:17:00" level=info msg="國家全名: Russian Federation (the)"
time="2023-06-17 11:20:18" level=info msg="國別碼2碼: NL"
time="2023-06-17 11:20:18" level=info msg="國別碼3碼: NLD"
time="2023-06-17 11:20:18" level=info msg="國家全名: Netherlands (the)"
time="2023-06-17 11:22:31" level=info msg="國別碼2碼: US"
time="2023-06-17 11:22:31" level=info msg="國別碼3碼: USA"
time="2023-06-17 11:22:31" level=info msg="國家全名: United States of America (the)"
time="2023-06-17 11:22:32" level=info msg="國別碼2碼: US"
time="2023-06-17 11:22:32" level=info msg="國別碼3碼: USA"
time="2023-06-17 11:22:32" level=info msg="國家全名: United States of America (the)"
time="2023-06-17 11:22:33" level=info msg="國別碼2碼: US"
time="2023-06-17 11:22:33" level=info msg="國別碼3碼: USA"
time="2023-06-17 11:22:33" level=info msg="國家全名: United States of America (the)"
time="2023-06-17 11:22:34" level=info msg="國別碼2碼: US"
time="2023-06-17 11:22:34" level=info msg="國別碼3碼: USA"
time="2023-06-17 11:22:34" level=info msg="國家全名: United States of America (the)"
time="2023-06-17 11:22:35" level=info msg="國別碼2碼: US"
time="2023-06-17 11:22:35" level=info msg="國別碼3碼: USA"
time="2023-06-17 11:22:35" level=info msg="國家全名: United States of America (the)"
time="2023-06-17 11:27:12" level=info msg="國別碼2碼: RO"
time="2023-06-17 11:27:12" level=info msg="國別碼3碼: ROU"
time="2023-06-17 11:27:12" level=info msg="國家全名: Romania"
time="2023-06-17 11:36:38" level=info msg="國別碼2碼: CA"
time="2023-06-17 11:36:38" level=info msg="國別碼3碼: CAN"
time="2023-06-17 11:36:38" level=info msg="國家全名: Canada"
time="2023-06-17 11:36:39" level=info msg="國別碼2碼: CA"
time="2023-06-17 11:36:39" level=info msg="國別碼3碼: CAN"
time="2023-06-17 11:36:39" level=info msg="國家全名: Canada"
time="2023-06-17 11:36:40" level=info msg="國別碼2碼: NL"
time="2023-06-17 11:36:40" level=info msg="國別碼3碼: NLD"
time="2023-06-17 11:36:40" level=info msg="國家全名: Netherlands (the)"
time="2023-06-17 11:51:15" level=info msg="國別碼2碼: NL"
time="2023-06-17 11:51:15" level=info msg="國別碼3碼: NLD"
time="2023-06-17 11:51:15" level=info msg="國家全名: Netherlands (the)"
time="2023-06-17 12:00:14" level=info msg="國別碼2碼: NL"
time="2023-06-17 12:00:14" level=info msg="國別碼3碼: NLD"
time="2023-06-17 12:00:14" level=info msg="國家全名: Netherlands (the)"
time="2023-06-17 12:14:10" level=info msg="國別碼2碼: CA"
time="2023-06-17 12:14:10" level=info msg="國別碼3碼: CAN"
time="2023-06-17 12:14:10" level=info msg="國家全名: Canada"
time="2023-06-17 12:14:11" level=info msg="國別碼2碼: CA"
time="2023-06-17 12:14:11" level=info msg="國別碼3碼: CAN"
time="2023-06-17 12:14:11" level=info msg="國家全名: Canada"
time="2023-06-17 12:21:42" level=info msg="國別碼2碼: NL"
time="2023-06-17 12:21:42" level=info msg="國別碼3碼: NLD"
time="2023-06-17 12:21:42" level=info msg="國家全名: Netherlands (the)"
time="2023-06-17 12:23:33" level=info msg="國別碼2碼: RU"
time="2023-06-17 12:23:33" level=info msg="國別碼3碼: RUS"
time="2023-06-17 12:23:33" level=info msg="國家全名: Russian Federation (the)"
time="2023-06-17 12:30:15" level=info msg="國別碼2碼: NL"
time="2023-06-17 12:30:15" level=info msg="國別碼3碼: NLD"
time="2023-06-17 12:30:15" level=info msg="國家全名: Netherlands (the)"
time="2023-06-17 12:35:35" level=info msg="國別碼2碼: RU"
time="2023-06-17 12:35:35" level=info msg="國別碼3碼: RUS"
time="2023-06-17 12:35:35" level=info msg="國家全名: Russian Federation (the)"
time="2023-06-17 12:41:04" level=info msg="國別碼2碼: NL"
time="2023-06-17 12:41:04" level=info msg="國別碼3碼: NLD"
time="2023-06-17 12:41:04" level=info msg="國家全名: Netherlands (the)"
time="2023-06-17 12:46:03" level=info msg="國別碼2碼: RO"
time="2023-06-17 12:46:03" level=info msg="國別碼3碼: ROU"
time="2023-06-17 12:46:03" level=info msg="國家全名: Romania"
time="2023-06-17 12:50:34" level=info msg="國別碼2碼: BG"
time="2023-06-17 12:50:34" level=info msg="國別碼3碼: BGR"
time="2023-06-17 12:50:34" level=info msg="國家全名: Bulgaria"
time="2023-06-17 12:50:41" level=info msg="國別碼2碼: LT"
time="2023-06-17 12:50:41" level=info msg="國別碼3碼: LTU"
time="2023-06-17 12:50:41" level=info msg="國家全名: Lithuania"
time="2023-06-17 12:57:00" level=info msg="國別碼2碼: NL"
time="2023-06-17 12:57:00" level=info msg="國別碼3碼: NLD"
time="2023-06-17 12:57:00" level=info msg="國家全名: Netherlands (the)"
time="2023-06-17 13:08:45" level=info msg="國別碼2碼: US"
time="2023-06-17 13:08:45" level=info msg="國別碼3碼: USA"
time="2023-06-17 13:08:45" level=info msg="國家全名: United States of America (the)"
time="2023-06-17 13:09:02" level=info msg="國別碼2碼: NL"
time="2023-06-17 13:09:02" level=info msg="國別碼3碼: NLD"
time="2023-06-17 13:09:02" level=info msg="國家全名: Netherlands (the)"
time="2023-06-17 13:12:46" level=info msg="國別碼2碼: RU"
time="2023-06-17 13:12:46" level=info msg="國別碼3碼: RUS"
time="2023-06-17 13:12:46" level=info msg="國家全名: Russian Federation (the)"
time="2023-06-17 13:24:09" level=info msg="國別碼2碼: NL"
time="2023-06-17 13:24:09" level=info msg="國別碼3碼: NLD"
time="2023-06-17 13:24:09" level=info msg="國家全名: Netherlands (the)"
time="2023-06-17 13:36:56" level=info msg="國別碼2碼: NL"
time="2023-06-17 13:36:56" level=info msg="國別碼3碼: NLD"
time="2023-06-17 13:36:56" level=info msg="國家全名: Netherlands (the)"
time="2023-06-17 13:46:07" level=info msg="國別碼2碼: NL"
time="2023-06-17 13:46:07" level=info msg="國別碼3碼: NLD"
time="2023-06-17 13:46:07" level=info msg="國家全名: Netherlands (the)"
time="2023-06-17 13:52:05" level=info msg="國別碼2碼: RU"
time="2023-06-17 13:52:05" level=info msg="國別碼3碼: RUS"
time="2023-06-17 13:52:05" level=info msg="國家全名: Russian Federation (the)"
time="2023-06-17 14:03:00" level=info msg="國別碼2碼: NL"
time="2023-06-17 14:03:00" level=info msg="國別碼3碼: NLD"
time="2023-06-17 14:03:00" level=info msg="國家全名: Netherlands (the)"
time="2023-06-17 14:09:46" level=info msg="國別碼2碼: DE"
time="2023-06-17 14:09:46" level=info msg="國別碼3碼: DEU"
time="2023-06-17 14:09:46" level=info msg="國家全名: Germany"
time="2023-06-17 14:12:57" level=info msg="國別碼2碼: NL"
time="2023-06-17 14:12:57" level=info msg="國別碼3碼: NLD"
time="2023-06-17 14:12:57" level=info msg="國家全名: Netherlands (the)"
time="2023-06-17 14:17:24" level=info msg="國別碼2碼: FR"
time="2023-06-17 14:17:24" level=info msg="國別碼3碼: FRA"
time="2023-06-17 14:17:24" level=info msg="國家全名: France"
time="2023-06-17 14:17:25" level=info msg="國別碼2碼: FR"
time="2023-06-17 14:17:25" level=info msg="國別碼3碼: FRA"
time="2023-06-17 14:17:25" level=info msg="國家全名: France"
time="2023-06-17 14:21:55" level=info msg="國別碼2碼: NL"
time="2023-06-17 14:21:55" level=info msg="國別碼3碼: NLD"
time="2023-06-17 14:21:55" level=info msg="國家全名: Netherlands (the)"
time="2023-06-17 14:38:13" level=info msg="國別碼2碼: TW"
time="2023-06-17 14:38:13" level=info msg="國別碼3碼: TWN"
time="2023-06-17 14:38:13" level=info msg="國家全名: Taiwan (Province of China)"
time="2023-06-17 14:38:13" level=info msg="國別碼2碼: TW"
time="2023-06-17 14:38:13" level=info msg="國別碼3碼: TWN"
time="2023-06-17 14:38:13" level=info msg="國家全名: Taiwan (Province of China)"
time="2023-06-17 14:38:13" level=info msg="國別碼2碼: TW"
time="2023-06-17 14:38:13" level=info msg="國別碼3碼: TWN"
time="2023-06-17 14:38:13" level=info msg="國家全名: Taiwan (Province of China)"
time="2023-06-17 14:38:14" level=info msg="國別碼2碼: TW"
time="2023-06-17 14:38:14" level=info msg="國別碼3碼: TWN"
time="2023-06-17 14:38:14" level=info msg="國家全名: Taiwan (Province of China)"
time="2023-06-17 14:38:16" level=info msg="國別碼2碼: NL"
time="2023-06-17 14:38:16" level=info msg="國別碼3碼: NLD"
time="2023-06-17 14:38:16" level=info msg="國家全名: Netherlands (the)"
time="2023-06-17 14:51:43" level=info msg="國別碼2碼: NL"
time="2023-06-17 14:51:43" level=info msg="國別碼3碼: NLD"
time="2023-06-17 14:51:43" level=info msg="國家全名: Netherlands (the)"
time="2023-06-17 15:04:32" level=info msg="國別碼2碼: NL"
time="2023-06-17 15:04:32" level=info msg="國別碼3碼: NLD"
time="2023-06-17 15:04:32" level=info msg="國家全名: Netherlands (the)"
time="2023-06-17 15:15:55" level=info msg="國別碼2碼: NL"
time="2023-06-17 15:15:55" level=info msg="國別碼3碼: NLD"
time="2023-06-17 15:15:55" level=info msg="國家全名: Netherlands (the)"
time="2023-06-17 15:18:29" level=info msg="國別碼2碼: RU"
time="2023-06-17 15:18:29" level=info msg="國別碼3碼: RUS"
time="2023-06-17 15:18:29" level=info msg="國家全名: Russian Federation (the)"
time="2023-06-17 15:22:00" level=info msg="國別碼2碼: FR"
time="2023-06-17 15:22:00" level=info msg="國別碼3碼: FRA"
time="2023-06-17 15:22:00" level=info msg="國家全名: France"
time="2023-06-17 15:22:01" level=info msg="國別碼2碼: FR"
time="2023-06-17 15:22:01" level=info msg="國別碼3碼: FRA"
time="2023-06-17 15:22:01" level=info msg="國家全名: France"
time="2023-06-17 15:32:53" level=info msg="國別碼2碼: BG"
time="2023-06-17 15:32:53" level=info msg="國別碼3碼: BGR"
time="2023-06-17 15:32:53" level=info msg="國家全名: Bulgaria"
time="2023-06-17 15:36:42" level=info msg="國別碼2碼: NL"
time="2023-06-17 15:36:42" level=info msg="國別碼3碼: NLD"
time="2023-06-17 15:36:42" level=info msg="國家全名: Netherlands (the)"
time="2023-06-17 15:46:26" level=info msg="國別碼2碼: NL"
time="2023-06-17 15:46:26" level=info msg="國別碼3碼: NLD"
time="2023-06-17 15:46:26" level=info msg="國家全名: Netherlands (the)"
time="2023-06-17 16:01:24" level=info msg="國別碼2碼: NL"
time="2023-06-17 16:01:24" level=info msg="國別碼3碼: NLD"
time="2023-06-17 16:01:24" level=info msg="國家全名: Netherlands (the)"
time="2023-06-17 16:09:26" level=info msg="國別碼2碼: LT"
time="2023-06-17 16:09:26" level=info msg="國別碼3碼: LTU"
time="2023-06-17 16:09:26" level=info msg="國家全名: Lithuania"
time="2023-06-17 16:13:06" level=info msg="國別碼2碼: NL"
time="2023-06-17 16:13:06" level=info msg="國別碼3碼: NLD"
time="2023-06-17 16:13:06" level=info msg="國家全名: Netherlands (the)"
time="2023-06-17 16:15:06" level=info msg="國別碼2碼: CA"
time="2023-06-17 16:15:06" level=info msg="國別碼3碼: CAN"
time="2023-06-17 16:15:06" level=info msg="國家全名: Canada"
time="2023-06-17 16:15:07" level=info msg="國別碼2碼: CA"
time="2023-06-17 16:15:07" level=info msg="國別碼3碼: CAN"
time="2023-06-17 16:15:07" level=info msg="國家全名: Canada"
time="2023-06-17 16:15:07" level=info msg="國別碼2碼: CA"
time="2023-06-17 16:15:07" level=info msg="國別碼3碼: CAN"
time="2023-06-17 16:15:07" level=info msg="國家全名: Canada"
time="2023-06-17 16:15:07" level=info msg="國別碼2碼: CA"
time="2023-06-17 16:15:07" level=info msg="國別碼3碼: CAN"
time="2023-06-17 16:15:07" level=info msg="國家全名: Canada"
time="2023-06-17 16:15:08" level=info msg="國別碼2碼: CA"
time="2023-06-17 16:15:08" level=info msg="國別碼3碼: CAN"
time="2023-06-17 16:15:08" level=info msg="國家全名: Canada"
time="2023-06-17 16:15:11" level=info msg="國別碼2碼: CA"
time="2023-06-17 16:15:11" level=info msg="國別碼3碼: CAN"
time="2023-06-17 16:15:11" level=info msg="國家全名: Canada"
time="2023-06-17 16:15:14" level=info msg="國別碼2碼: CA"
time="2023-06-17 16:15:14" level=info msg="國別碼3碼: CAN"
time="2023-06-17 16:15:14" level=info msg="國家全名: Canada"
time="2023-06-17 16:31:08" level=info msg="國別碼2碼: NL"
time="2023-06-17 16:31:08" level=info msg="國別碼3碼: NLD"
time="2023-06-17 16:31:08" level=info msg="國家全名: Netherlands (the)"
time="2023-06-17 16:34:21" level=info msg="國別碼2碼: FR"
time="2023-06-17 16:34:21" level=info msg="國別碼3碼: FRA"
time="2023-06-17 16:34:21" level=info msg="國家全名: France"
time="2023-06-17 16:34:22" level=info msg="國別碼2碼: FR"
time="2023-06-17 16:34:22" level=info msg="國別碼3碼: FRA"
time="2023-06-17 16:34:22" level=info msg="國家全名: France"
time="2023-06-17 16:35:51" level=info msg="國別碼2碼: PT"
time="2023-06-17 16:35:51" level=info msg="國別碼3碼: PRT"
time="2023-06-17 16:35:51" level=info msg="國家全名: Portugal"
time="2023-06-17 16:42:20" level=info msg="國別碼2碼: NL"
time="2023-06-17 16:42:20" level=info msg="國別碼3碼: NLD"
time="2023-06-17 16:42:20" level=info msg="國家全名: Netherlands (the)"
time="2023-06-17 16:46:03" level=info msg="國別碼2碼: US"
time="2023-06-17 16:46:03" level=info msg="國別碼3碼: USA"
time="2023-06-17 16:46:03" level=info msg="國家全名: United States of America (the)"
time="2023-06-17 16:50:10" level=info msg="國別碼2碼: FR"
time="2023-06-17 16:50:10" level=info msg="國別碼3碼: FRA"
time="2023-06-17 16:50:10" level=info msg="國家全名: France"
time="2023-06-17 16:50:11" level=info msg="國別碼2碼: FR"
time="2023-06-17 16:50:11" level=info msg="國別碼3碼: FRA"
time="2023-06-17 16:50:11" level=info msg="國家全名: France"
time="2023-06-17 17:00:46" level=info msg="國別碼2碼: NL"
time="2023-06-17 17:00:46" level=info msg="國別碼3碼: NLD"
time="2023-06-17 17:00:46" level=info msg="國家全名: Netherlands (the)"
time="2023-06-17 17:08:43" level=info msg="國別碼2碼: NL"
time="2023-06-17 17:08:43" level=info msg="國別碼3碼: NLD"
time="2023-06-17 17:08:43" level=info msg="國家全名: Netherlands (the)"
time="2023-06-17 17:30:19" level=info msg="國別碼2碼: NL"
time="2023-06-17 17:30:19" level=info msg="國別碼3碼: NLD"
time="2023-06-17 17:30:19" level=info msg="國家全名: Netherlands (the)"
time="2023-06-17 17:33:50" level=info msg="國別碼2碼: GB"
time="2023-06-17 17:33:50" level=info msg="國別碼3碼: GBR"
time="2023-06-17 17:33:50" level=info msg="國家全名: United Kingdom of Great Britain and Northern Ireland (the)"
time="2023-06-17 17:33:52" level=info msg="國別碼2碼: GB"
time="2023-06-17 17:33:52" level=info msg="國別碼3碼: GBR"
time="2023-06-17 17:33:52" level=info msg="國家全名: United Kingdom of Great Britain and Northern Ireland (the)"
time="2023-06-17 17:34:05" level=info msg="國別碼2碼: FR"
time="2023-06-17 17:34:05" level=info msg="國別碼3碼: FRA"
time="2023-06-17 17:34:05" level=info msg="國家全名: France"
time="2023-06-17 17:34:06" level=info msg="國別碼2碼: FR"
time="2023-06-17 17:34:06" level=info msg="國別碼3碼: FRA"
time="2023-06-17 17:34:06" level=info msg="國家全名: France"
time="2023-06-17 17:40:00" level=info msg="國別碼2碼: IN"
time="2023-06-17 17:40:00" level=info msg="國別碼3碼: IND"
time="2023-06-17 17:40:00" level=info msg="國家全名: India"
time="2023-06-17 17:40:01" level=info msg="國別碼2碼: IN"
time="2023-06-17 17:40:01" level=info msg="國別碼3碼: IND"
time="2023-06-17 17:40:01" level=info msg="國家全名: India"
time="2023-06-17 17:40:08" level=info msg="國別碼2碼: IN"
time="2023-06-17 17:40:08" level=info msg="國別碼3碼: IND"
time="2023-06-17 17:40:08" level=info msg="國家全名: India"
time="2023-06-17 17:40:08" level=info msg="國別碼2碼: IN"
time="2023-06-17 17:40:08" level=info msg="國別碼3碼: IND"
time="2023-06-17 17:40:08" level=info msg="國家全名: India"
time="2023-06-17 17:40:09" level=info msg="國別碼2碼: IN"
time="2023-06-17 17:40:09" level=info msg="國別碼3碼: IND"
time="2023-06-17 17:40:09" level=info msg="國家全名: India"
time="2023-06-17 17:40:11" level=info msg="國別碼2碼: IN"
time="2023-06-17 17:40:11" level=info msg="國別碼3碼: IND"
time="2023-06-17 17:40:11" level=info msg="國家全名: India"
time="2023-06-17 17:45:15" level=info msg="國別碼2碼: NL"
time="2023-06-17 17:45:15" level=info msg="國別碼3碼: NLD"
time="2023-06-17 17:45:15" level=info msg="國家全名: Netherlands (the)"
time="2023-06-17 17:52:33" level=info msg="國別碼2碼: NL"
time="2023-06-17 17:52:33" level=info msg="國別碼3碼: NLD"
time="2023-06-17 17:52:33" level=info msg="國家全名: Netherlands (the)"
time="2023-06-17 18:03:19" level=info msg="國別碼2碼: FR"
time="2023-06-17 18:03:19" level=info msg="國別碼3碼: FRA"
time="2023-06-17 18:03:19" level=info msg="國家全名: France"
time="2023-06-17 18:03:20" level=info msg="國別碼2碼: FR"
time="2023-06-17 18:03:20" level=info msg="國別碼3碼: FRA"
time="2023-06-17 18:03:20" level=info msg="國家全名: France"
time="2023-06-17 18:05:14" level=info msg="國別碼2碼: FR"
time="2023-06-17 18:05:14" level=info msg="國別碼3碼: FRA"
time="2023-06-17 18:05:14" level=info msg="國家全名: France"
time="2023-06-17 18:05:15" level=info msg="國別碼2碼: FR"
time="2023-06-17 18:05:15" level=info msg="國別碼3碼: FRA"
time="2023-06-17 18:05:15" level=info msg="國家全名: France"
time="2023-06-17 18:07:28" level=info msg="國別碼2碼: NL"
time="2023-06-17 18:07:28" level=info msg="國別碼3碼: NLD"
time="2023-06-17 18:07:28" level=info msg="國家全名: Netherlands (the)"
time="2023-06-17 18:25:28" level=info msg="國別碼2碼: FR"
time="2023-06-17 18:25:28" level=info msg="國別碼3碼: FRA"
time="2023-06-17 18:25:28" level=info msg="國家全名: France"
time="2023-06-17 18:25:29" level=info msg="國別碼2碼: FR"
time="2023-06-17 18:25:29" level=info msg="國別碼3碼: FRA"
time="2023-06-17 18:25:29" level=info msg="國家全名: France"
time="2023-06-17 18:27:29" level=info msg="國別碼2碼: NL"
time="2023-06-17 18:27:29" level=info msg="國別碼3碼: NLD"
time="2023-06-17 18:27:29" level=info msg="國家全名: Netherlands (the)"
time="2023-06-17 18:42:10" level=info msg="國別碼2碼: NL"
time="2023-06-17 18:42:10" level=info msg="國別碼3碼: NLD"
time="2023-06-17 18:42:10" level=info msg="國家全名: Netherlands (the)"
time="2023-06-17 18:49:57" level=info msg="國別碼2碼: AU"
time="2023-06-17 18:49:57" level=info msg="國別碼3碼: AUS"
time="2023-06-17 18:49:57" level=info msg="國家全名: Australia"
time="2023-06-17 18:59:03" level=info msg="國別碼2碼: HK"
time="2023-06-17 18:59:03" level=info msg="國別碼3碼: HKG"
time="2023-06-17 18:59:03" level=info msg="國家全名: Hong Kong"
time="2023-06-17 19:01:35" level=info msg="國別碼2碼: NL"
time="2023-06-17 19:01:35" level=info msg="國別碼3碼: NLD"
time="2023-06-17 19:01:35" level=info msg="國家全名: Netherlands (the)"
time="2023-06-17 19:08:48" level=info msg="國別碼2碼: NL"
time="2023-06-17 19:08:48" level=info msg="國別碼3碼: NLD"
time="2023-06-17 19:08:48" level=info msg="國家全名: Netherlands (the)"
time="2023-06-17 19:18:54" level=info msg="國別碼2碼: US"
time="2023-06-17 19:18:54" level=info msg="國別碼3碼: USA"
time="2023-06-17 19:18:54" level=info msg="國家全名: United States of America (the)"
time="2023-06-17 19:22:03" level=info msg="國別碼2碼: RU"
time="2023-06-17 19:22:03" level=info msg="國別碼3碼: RUS"
time="2023-06-17 19:22:03" level=info msg="國家全名: Russian Federation (the)"
time="2023-06-17 19:29:50" level=info msg="國別碼2碼: NL"
time="2023-06-17 19:29:50" level=info msg="國別碼3碼: NLD"
time="2023-06-17 19:29:50" level=info msg="國家全名: Netherlands (the)"
time="2023-06-17 19:36:01" level=info msg="國別碼2碼: CN"
time="2023-06-17 19:36:01" level=info msg="國別碼3碼: CHN"
time="2023-06-17 19:36:01" level=info msg="國家全名: China"
time="2023-06-17 19:36:13" level=info msg="國別碼2碼: CN"
time="2023-06-17 19:36:13" level=info msg="國別碼3碼: CHN"
time="2023-06-17 19:36:13" level=info msg="國家全名: China"
time="2023-06-17 19:41:44" level=info msg="國別碼2碼: FR"
time="2023-06-17 19:41:44" level=info msg="國別碼3碼: FRA"
time="2023-06-17 19:41:44" level=info msg="國家全名: France"
time="2023-06-17 19:41:45" level=info msg="國別碼2碼: FR"
time="2023-06-17 19:41:45" level=info msg="國別碼3碼: FRA"
time="2023-06-17 19:41:45" level=info msg="國家全名: France"
time="2023-06-17 19:44:17" level=info msg="國別碼2碼: NL"
time="2023-06-17 19:44:17" level=info msg="國別碼3碼: NLD"
time="2023-06-17 19:44:17" level=info msg="國家全名: Netherlands (the)"
time="2023-06-17 19:49:46" level=info msg="國別碼2碼: US"
time="2023-06-17 19:49:46" level=info msg="國別碼3碼: USA"
time="2023-06-17 19:49:46" level=info msg="國家全名: United States of America (the)"
time="2023-06-17 19:49:47" level=info msg="國別碼2碼: US"
time="2023-06-17 19:49:47" level=info msg="國別碼3碼: USA"
time="2023-06-17 19:49:47" level=info msg="國家全名: United States of America (the)"
time="2023-06-17 19:49:48" level=info msg="國別碼2碼: US"
time="2023-06-17 19:49:48" level=info msg="國別碼3碼: USA"
time="2023-06-17 19:49:48" level=info msg="國家全名: United States of America (the)"
time="2023-06-17 19:54:30" level=info msg="國別碼2碼: NL"
time="2023-06-17 19:54:30" level=info msg="國別碼3碼: NLD"
time="2023-06-17 19:54:30" level=info msg="國家全名: Netherlands (the)"
time="2023-06-17 20:02:27" level=info msg="國別碼2碼: GB"
time="2023-06-17 20:02:27" level=info msg="國別碼3碼: GBR"
time="2023-06-17 20:02:27" level=info msg="國家全名: United Kingdom of Great Britain and Northern Ireland (the)"
time="2023-06-17 20:04:34" level=info msg="國別碼2碼: US"
time="2023-06-17 20:04:34" level=info msg="國別碼3碼: USA"
time="2023-06-17 20:04:34" level=info msg="國家全名: United States of America (the)"
time="2023-06-17 20:07:53" level=info msg="國別碼2碼: NL"
time="2023-06-17 20:07:53" level=info msg="國別碼3碼: NLD"
time="2023-06-17 20:07:53" level=info msg="國家全名: Netherlands (the)"
time="2023-06-17 20:30:11" level=info msg="國別碼2碼: NL"
time="2023-06-17 20:30:11" level=info msg="國別碼3碼: NLD"
time="2023-06-17 20:30:11" level=info msg="國家全名: Netherlands (the)"
time="2023-06-17 20:41:45" level=info msg="國別碼2碼: NL"
time="2023-06-17 20:41:45" level=info msg="國別碼3碼: NLD"
time="2023-06-17 20:41:45" level=info msg="國家全名: Netherlands (the)"
time="2023-06-17 21:01:40" level=info msg="國別碼2碼: NL"
time="2023-06-17 21:01:40" level=info msg="國別碼3碼: NLD"
time="2023-06-17 21:01:40" level=info msg="國家全名: Netherlands (the)"
time="2023-06-17 21:05:44" level=info msg="國別碼2碼: FR"
time="2023-06-17 21:05:44" level=info msg="國別碼3碼: FRA"
time="2023-06-17 21:05:44" level=info msg="國家全名: France"
time="2023-06-17 21:05:45" level=info msg="國別碼2碼: FR"
time="2023-06-17 21:05:45" level=info msg="國別碼3碼: FRA"
time="2023-06-17 21:05:45" level=info msg="國家全名: France"
time="2023-06-17 21:15:05" level=info msg="國別碼2碼: NL"
time="2023-06-17 21:15:05" level=info msg="國別碼3碼: NLD"
time="2023-06-17 21:15:05" level=info msg="國家全名: Netherlands (the)"
time="2023-06-17 21:21:41" level=info msg="國別碼2碼: DE"
time="2023-06-17 21:21:41" level=info msg="國別碼3碼: DEU"
time="2023-06-17 21:21:41" level=info msg="國家全名: Germany"
time="2023-06-17 21:21:43" level=info msg="國別碼2碼: DE"
time="2023-06-17 21:21:43" level=info msg="國別碼3碼: DEU"
time="2023-06-17 21:21:43" level=info msg="國家全名: Germany"
time="2023-06-17 21:27:28" level=info msg="國別碼2碼: NL"
time="2023-06-17 21:27:28" level=info msg="國別碼3碼: NLD"
time="2023-06-17 21:27:28" level=info msg="國家全名: Netherlands (the)"
time="2023-06-17 21:29:56" level=info msg="國別碼2碼: IN"
time="2023-06-17 21:29:56" level=info msg="國別碼3碼: IND"
time="2023-06-17 21:29:56" level=info msg="國家全名: India"
time="2023-06-17 21:37:47" level=info msg="國別碼2碼: FR"
time="2023-06-17 21:37:47" level=info msg="國別碼3碼: FRA"
time="2023-06-17 21:37:47" level=info msg="國家全名: France"
time="2023-06-17 21:37:48" level=info msg="國別碼2碼: FR"
time="2023-06-17 21:37:48" level=info msg="國別碼3碼: FRA"
time="2023-06-17 21:37:48" level=info msg="國家全名: France"
time="2023-06-17 21:49:41" level=info msg="國別碼2碼: NL"
time="2023-06-17 21:49:41" level=info msg="國別碼3碼: NLD"
time="2023-06-17 21:49:41" level=info msg="國家全名: Netherlands (the)"
time="2023-06-17 21:51:33" level=info msg="國別碼2碼: CH"
time="2023-06-17 21:51:33" level=info msg="國別碼3碼: CHE"
time="2023-06-17 21:51:33" level=info msg="國家全名: Switzerland"
time="2023-06-17 21:51:39" level=info msg="國別碼2碼: FR"
time="2023-06-17 21:51:39" level=info msg="國別碼3碼: FRA"
time="2023-06-17 21:51:39" level=info msg="國家全名: France"
time="2023-06-17 21:51:40" level=info msg="國別碼2碼: FR"
time="2023-06-17 21:51:40" level=info msg="國別碼3碼: FRA"
time="2023-06-17 21:51:40" level=info msg="國家全名: France"
time="2023-06-17 21:57:43" level=info msg="國別碼2碼: VN"
time="2023-06-17 21:57:43" level=info msg="國別碼3碼: VNM"
time="2023-06-17 21:57:43" level=info msg="國家全名: Viet Nam"
time="2023-06-17 22:01:53" level=info msg="國別碼2碼: NL"
time="2023-06-17 22:01:53" level=info msg="國別碼3碼: NLD"
time="2023-06-17 22:01:53" level=info msg="國家全名: Netherlands (the)"
time="2023-06-17 22:17:57" level=info msg="國別碼2碼: NL"
time="2023-06-17 22:17:57" level=info msg="國別碼3碼: NLD"
time="2023-06-17 22:17:57" level=info msg="國家全名: Netherlands (the)"
time="2023-06-17 22:19:56" level=info msg="國別碼2碼: US"
time="2023-06-17 22:19:56" level=info msg="國別碼3碼: USA"
time="2023-06-17 22:19:56" level=info msg="國家全名: United States of America (the)"
time="2023-06-17 22:22:23" level=info msg="國別碼2碼: FR"
time="2023-06-17 22:22:23" level=info msg="國別碼3碼: FRA"
time="2023-06-17 22:22:23" level=info msg="國家全名: France"
time="2023-06-17 22:22:24" level=info msg="國別碼2碼: FR"
time="2023-06-17 22:22:24" level=info msg="國別碼3碼: FRA"
time="2023-06-17 22:22:24" level=info msg="國家全名: France"
time="2023-06-17 22:32:20" level=info msg="國別碼2碼: US"
time="2023-06-17 22:32:20" level=info msg="國別碼3碼: USA"
time="2023-06-17 22:32:20" level=info msg="國家全名: United States of America (the)"
time="2023-06-17 22:42:25" level=info msg="國別碼2碼: NL"
time="2023-06-17 22:42:25" level=info msg="國別碼3碼: NLD"
time="2023-06-17 22:42:25" level=info msg="國家全名: Netherlands (the)"
time="2023-06-17 22:51:02" level=info msg="國別碼2碼: NL"
time="2023-06-17 22:51:02" level=info msg="國別碼3碼: NLD"
time="2023-06-17 22:51:02" level=info msg="國家全名: Netherlands (the)"
time="2023-06-17 23:04:42" level=info msg="國別碼2碼: BR"
time="2023-06-17 23:04:42" level=info msg="國別碼3碼: BRA"
time="2023-06-17 23:04:42" level=info msg="國家全名: Brazil"
time="2023-06-17 23:05:28" level=info msg="國別碼2碼: US"
time="2023-06-17 23:05:28" level=info msg="國別碼3碼: USA"
time="2023-06-17 23:05:28" level=info msg="國家全名: United States of America (the)"
time="2023-06-17 23:08:06" level=info msg="國別碼2碼: BE"
time="2023-06-17 23:08:06" level=info msg="國別碼3碼: BEL"
time="2023-06-17 23:08:06" level=info msg="國家全名: Belgium"
time="2023-06-17 23:09:37" level=info msg="國別碼2碼: NL"
time="2023-06-17 23:09:37" level=info msg="國別碼3碼: NLD"
time="2023-06-17 23:09:37" level=info msg="國家全名: Netherlands (the)"
time="2023-06-17 23:15:03" level=info msg="國別碼2碼: US"
time="2023-06-17 23:15:03" level=info msg="國別碼3碼: USA"
time="2023-06-17 23:15:03" level=info msg="國家全名: United States of America (the)"
time="2023-06-17 23:21:46" level=info msg="國別碼2碼: CH"
time="2023-06-17 23:21:46" level=info msg="國別碼3碼: CHE"
time="2023-06-17 23:21:46" level=info msg="國家全名: Switzerland"
time="2023-06-17 23:30:03" level=info msg="國別碼2碼: IN"
time="2023-06-17 23:30:03" level=info msg="國別碼3碼: IND"
time="2023-06-17 23:30:03" level=info msg="國家全名: India"
time="2023-06-17 23:30:46" level=info msg="國別碼2碼: NL"
time="2023-06-17 23:30:46" level=info msg="國別碼3碼: NLD"
time="2023-06-17 23:30:46" level=info msg="國家全名: Netherlands (the)"
time="2023-06-17 23:43:54" level=info msg="國別碼2碼: NL"
time="2023-06-17 23:43:54" level=info msg="國別碼3碼: NLD"
time="2023-06-17 23:43:54" level=info msg="國家全名: Netherlands (the)"
time="2023-06-17 23:51:37" level=info msg="國別碼2碼: RU"
time="2023-06-17 23:51:37" level=info msg="國別碼3碼: RUS"
time="2023-06-17 23:51:37" level=info msg="國家全名: Russian Federation (the)"
time="2023-06-17 23:56:55" level=info msg="國別碼2碼: NL"
time="2023-06-17 23:56:55" level=info msg="國別碼3碼: NLD"
time="2023-06-17 23:56:55" level=info msg="國家全名: Netherlands (the)"
