time="2023-06-22 00:00:43" level=info msg="國別碼2碼: CA"
time="2023-06-22 00:00:43" level=info msg="國別碼3碼: CAN"
time="2023-06-22 00:00:43" level=info msg="國家全名: Canada"
time="2023-06-22 00:00:43" level=info msg="國別碼2碼: CA"
time="2023-06-22 00:00:43" level=info msg="國別碼3碼: CAN"
time="2023-06-22 00:00:43" level=info msg="國家全名: Canada"
time="2023-06-22 00:43:45" level=info msg="國別碼2碼: US"
time="2023-06-22 00:43:45" level=info msg="國別碼3碼: USA"
time="2023-06-22 00:43:45" level=info msg="國家全名: United States of America (the)"
time="2023-06-22 00:58:36" level=info msg="國別碼2碼: US"
time="2023-06-22 00:58:36" level=info msg="國別碼3碼: USA"
time="2023-06-22 00:58:36" level=info msg="國家全名: United States of America (the)"
time="2023-06-22 01:09:36" level=info msg="國別碼2碼: US"
time="2023-06-22 01:09:36" level=info msg="國別碼3碼: USA"
time="2023-06-22 01:09:36" level=info msg="國家全名: United States of America (the)"
time="2023-06-22 01:28:59" level=info msg="國別碼2碼: CA"
time="2023-06-22 01:28:59" level=info msg="國別碼3碼: CAN"
time="2023-06-22 01:28:59" level=info msg="國家全名: Canada"
time="2023-06-22 01:29:00" level=info msg="國別碼2碼: CA"
time="2023-06-22 01:29:00" level=info msg="國別碼3碼: CAN"
time="2023-06-22 01:29:00" level=info msg="國家全名: Canada"
time="2023-06-22 01:59:32" level=info msg="國別碼2碼: US"
time="2023-06-22 01:59:32" level=info msg="國別碼3碼: USA"
time="2023-06-22 01:59:32" level=info msg="國家全名: United States of America (the)"
time="2023-06-22 02:20:10" level=info msg="國別碼2碼: US"
time="2023-06-22 02:20:10" level=info msg="國別碼3碼: USA"
time="2023-06-22 02:20:10" level=info msg="國家全名: United States of America (the)"
time="2023-06-22 02:20:11" level=info msg="國別碼2碼: US"
time="2023-06-22 02:20:11" level=info msg="國別碼3碼: USA"
time="2023-06-22 02:20:11" level=info msg="國家全名: United States of America (the)"
time="2023-06-22 02:55:02" level=info msg="國別碼2碼: CA"
time="2023-06-22 02:55:02" level=info msg="國別碼3碼: CAN"
time="2023-06-22 02:55:02" level=info msg="國家全名: Canada"
time="2023-06-22 02:55:03" level=info msg="國別碼2碼: CA"
time="2023-06-22 02:55:03" level=info msg="國別碼3碼: CAN"
time="2023-06-22 02:55:03" level=info msg="國家全名: Canada"
time="2023-06-22 03:09:47" level=info msg="國別碼2碼: US"
time="2023-06-22 03:09:47" level=info msg="國別碼3碼: USA"
time="2023-06-22 03:09:47" level=info msg="國家全名: United States of America (the)"
time="2023-06-22 03:23:11" level=info msg="國別碼2碼: BG"
time="2023-06-22 03:23:11" level=info msg="國別碼3碼: BGR"
time="2023-06-22 03:23:11" level=info msg="國家全名: Bulgaria"
time="2023-06-22 03:39:57" level=info msg="國別碼2碼: US"
time="2023-06-22 03:39:57" level=info msg="國別碼3碼: USA"
time="2023-06-22 03:39:57" level=info msg="國家全名: United States of America (the)"
time="2023-06-22 04:01:14" level=info msg="國別碼2碼: US"
time="2023-06-22 04:01:14" level=info msg="國別碼3碼: USA"
time="2023-06-22 04:01:14" level=info msg="國家全名: United States of America (the)"
time="2023-06-22 04:01:15" level=info msg="國別碼2碼: US"
time="2023-06-22 04:01:15" level=info msg="國別碼3碼: USA"
time="2023-06-22 04:01:15" level=info msg="國家全名: United States of America (the)"
time="2023-06-22 04:01:15" level=info msg="國別碼2碼: US"
time="2023-06-22 04:01:15" level=info msg="國別碼3碼: USA"
time="2023-06-22 04:01:15" level=info msg="國家全名: United States of America (the)"
time="2023-06-22 04:01:17" level=info msg="國別碼2碼: US"
time="2023-06-22 04:01:17" level=info msg="國別碼3碼: USA"
time="2023-06-22 04:01:17" level=info msg="國家全名: United States of America (the)"
time="2023-06-22 04:01:18" level=info msg="國別碼2碼: US"
time="2023-06-22 04:01:18" level=info msg="國別碼3碼: USA"
time="2023-06-22 04:01:18" level=info msg="國家全名: United States of America (the)"
time="2023-06-22 04:01:19" level=info msg="國別碼2碼: US"
time="2023-06-22 04:01:19" level=info msg="國別碼3碼: USA"
time="2023-06-22 04:01:19" level=info msg="國家全名: United States of America (the)"
time="2023-06-22 04:01:19" level=info msg="國別碼2碼: US"
time="2023-06-22 04:01:19" level=info msg="國別碼3碼: USA"
time="2023-06-22 04:01:19" level=info msg="國家全名: United States of America (the)"
time="2023-06-22 04:01:20" level=info msg="國別碼2碼: US"
time="2023-06-22 04:01:20" level=info msg="國別碼3碼: USA"
time="2023-06-22 04:01:20" level=info msg="國家全名: United States of America (the)"
time="2023-06-22 04:01:21" level=info msg="國別碼2碼: US"
time="2023-06-22 04:01:21" level=info msg="國別碼3碼: USA"
time="2023-06-22 04:01:21" level=info msg="國家全名: United States of America (the)"
time="2023-06-22 04:07:52" level=info msg="國別碼2碼: CA"
time="2023-06-22 04:07:52" level=info msg="國別碼3碼: CAN"
time="2023-06-22 04:07:52" level=info msg="國家全名: Canada"
time="2023-06-22 04:07:53" level=info msg="國別碼2碼: CA"
time="2023-06-22 04:07:53" level=info msg="國別碼3碼: CAN"
time="2023-06-22 04:07:53" level=info msg="國家全名: Canada"
time="2023-06-22 04:32:30" level=info msg="國別碼2碼: CA"
time="2023-06-22 04:32:30" level=info msg="國別碼3碼: CAN"
time="2023-06-22 04:32:30" level=info msg="國家全名: Canada"
time="2023-06-22 04:32:31" level=info msg="國別碼2碼: CA"
time="2023-06-22 04:32:31" level=info msg="國別碼3碼: CAN"
time="2023-06-22 04:32:31" level=info msg="國家全名: Canada"
time="2023-06-22 04:37:33" level=info msg="國別碼2碼: DE"
time="2023-06-22 04:37:33" level=info msg="國別碼3碼: DEU"
time="2023-06-22 04:37:33" level=info msg="國家全名: Germany"
time="2023-06-22 04:37:35" level=info msg="國別碼2碼: DE"
time="2023-06-22 04:37:35" level=info msg="國別碼3碼: DEU"
time="2023-06-22 04:37:35" level=info msg="國家全名: Germany"
time="2023-06-22 04:51:32" level=info msg="國別碼2碼: DE"
time="2023-06-22 04:51:32" level=info msg="國別碼3碼: DEU"
time="2023-06-22 04:51:32" level=info msg="國家全名: Germany"
time="2023-06-22 05:17:55" level=info msg="國別碼2碼: US"
time="2023-06-22 05:17:55" level=info msg="國別碼3碼: USA"
time="2023-06-22 05:17:55" level=info msg="國家全名: United States of America (the)"
time="2023-06-22 05:20:27" level=info msg="國別碼2碼: US"
time="2023-06-22 05:20:27" level=info msg="國別碼3碼: USA"
time="2023-06-22 05:20:27" level=info msg="國家全名: United States of America (the)"
time="2023-06-22 05:21:41" level=info msg="國別碼2碼: US"
time="2023-06-22 05:21:41" level=info msg="國別碼3碼: USA"
time="2023-06-22 05:21:41" level=info msg="國家全名: United States of America (the)"
time="2023-06-22 05:30:56" level=info msg="國別碼2碼: US"
time="2023-06-22 05:30:56" level=info msg="國別碼3碼: USA"
time="2023-06-22 05:30:56" level=info msg="國家全名: United States of America (the)"
time="2023-06-22 05:32:38" level=info msg="國別碼2碼: US"
time="2023-06-22 05:32:38" level=info msg="國別碼3碼: USA"
time="2023-06-22 05:32:38" level=info msg="國家全名: United States of America (the)"
time="2023-06-22 05:32:39" level=info msg="國別碼2碼: US"
time="2023-06-22 05:32:39" level=info msg="國別碼3碼: USA"
time="2023-06-22 05:32:39" level=info msg="國家全名: United States of America (the)"
time="2023-06-22 05:45:52" level=info msg="國別碼2碼: US"
time="2023-06-22 05:45:52" level=info msg="國別碼3碼: USA"
time="2023-06-22 05:45:52" level=info msg="國家全名: United States of America (the)"
time="2023-06-22 05:45:59" level=info msg="國別碼2碼: US"
time="2023-06-22 05:45:59" level=info msg="國別碼3碼: USA"
time="2023-06-22 05:45:59" level=info msg="國家全名: United States of America (the)"
time="2023-06-22 05:57:15" level=info msg="國別碼2碼: US"
time="2023-06-22 05:57:15" level=info msg="國別碼3碼: USA"
time="2023-06-22 05:57:15" level=info msg="國家全名: United States of America (the)"
time="2023-06-22 05:59:12" level=info msg="國別碼2碼: CA"
time="2023-06-22 05:59:12" level=info msg="國別碼3碼: CAN"
time="2023-06-22 05:59:12" level=info msg="國家全名: Canada"
time="2023-06-22 05:59:13" level=info msg="國別碼2碼: CA"
time="2023-06-22 05:59:13" level=info msg="國別碼3碼: CAN"
time="2023-06-22 05:59:13" level=info msg="國家全名: Canada"
time="2023-06-22 06:23:22" level=info msg="國別碼2碼: VN"
time="2023-06-22 06:23:22" level=info msg="國別碼3碼: VNM"
time="2023-06-22 06:23:22" level=info msg="國家全名: Viet Nam"
time="2023-06-22 06:23:25" level=info msg="國別碼2碼: VN"
time="2023-06-22 06:23:25" level=info msg="國別碼3碼: VNM"
time="2023-06-22 06:23:25" level=info msg="國家全名: Viet Nam"
time="2023-06-22 06:34:19" level=info msg="國別碼2碼: CA"
time="2023-06-22 06:34:19" level=info msg="國別碼3碼: CAN"
time="2023-06-22 06:34:19" level=info msg="國家全名: Canada"
time="2023-06-22 06:34:20" level=info msg="國別碼2碼: CA"
time="2023-06-22 06:34:20" level=info msg="國別碼3碼: CAN"
time="2023-06-22 06:34:20" level=info msg="國家全名: Canada"
time="2023-06-22 06:51:56" level=info msg="國別碼2碼: US"
time="2023-06-22 06:51:56" level=info msg="國別碼3碼: USA"
time="2023-06-22 06:51:56" level=info msg="國家全名: United States of America (the)"
time="2023-06-22 07:19:33" level=info msg="國別碼2碼: HK"
time="2023-06-22 07:19:33" level=info msg="國別碼3碼: HKG"
time="2023-06-22 07:19:33" level=info msg="國家全名: Hong Kong"
time="2023-06-22 07:22:50" level=info msg="國別碼2碼: PL"
time="2023-06-22 07:22:50" level=info msg="國別碼3碼: POL"
time="2023-06-22 07:22:50" level=info msg="國家全名: Poland"
time="2023-06-22 07:35:26" level=info msg="國別碼2碼: RU"
time="2023-06-22 07:35:26" level=info msg="國別碼3碼: RUS"
time="2023-06-22 07:35:26" level=info msg="國家全名: Russian Federation (the)"
time="2023-06-22 07:43:06" level=info msg="國別碼2碼: CA"
time="2023-06-22 07:43:06" level=info msg="國別碼3碼: CAN"
time="2023-06-22 07:43:06" level=info msg="國家全名: Canada"
time="2023-06-22 07:43:07" level=info msg="國別碼2碼: CA"
time="2023-06-22 07:43:07" level=info msg="國別碼3碼: CAN"
time="2023-06-22 07:43:07" level=info msg="國家全名: Canada"
time="2023-06-22 07:44:13" level=info msg="國別碼2碼: US"
time="2023-06-22 07:44:13" level=info msg="國別碼3碼: USA"
time="2023-06-22 07:44:13" level=info msg="國家全名: United States of America (the)"
time="2023-06-22 08:24:00" level=info msg="國別碼2碼: CA"
time="2023-06-22 08:24:00" level=info msg="國別碼3碼: CAN"
time="2023-06-22 08:24:00" level=info msg="國家全名: Canada"
time="2023-06-22 08:24:01" level=info msg="國別碼2碼: CA"
time="2023-06-22 08:24:01" level=info msg="國別碼3碼: CAN"
time="2023-06-22 08:24:01" level=info msg="國家全名: Canada"
time="2023-06-22 09:00:43" level=info msg="國別碼2碼: TW"
time="2023-06-22 09:00:43" level=info msg="國別碼3碼: TWN"
time="2023-06-22 09:00:43" level=info msg="國家全名: Taiwan (Province of China)"
time="2023-06-22 09:00:43" level=info msg="國別碼2碼: TW"
time="2023-06-22 09:00:43" level=info msg="國別碼3碼: TWN"
time="2023-06-22 09:00:43" level=info msg="國家全名: Taiwan (Province of China)"
time="2023-06-22 09:00:43" level=info msg="國別碼2碼: TW"
time="2023-06-22 09:00:43" level=info msg="國別碼3碼: TWN"
time="2023-06-22 09:00:43" level=info msg="國家全名: Taiwan (Province of China)"
time="2023-06-22 09:00:44" level=info msg="國別碼2碼: TW"
time="2023-06-22 09:00:44" level=info msg="國別碼3碼: TWN"
time="2023-06-22 09:00:44" level=info msg="國家全名: Taiwan (Province of China)"
time="2023-06-22 09:13:48" level=info msg="國別碼2碼: US"
time="2023-06-22 09:13:48" level=info msg="國別碼3碼: USA"
time="2023-06-22 09:13:48" level=info msg="國家全名: United States of America (the)"
time="2023-06-22 09:44:27" level=info msg="國別碼2碼: CA"
time="2023-06-22 09:44:27" level=info msg="國別碼3碼: CAN"
time="2023-06-22 09:44:27" level=info msg="國家全名: Canada"
time="2023-06-22 09:44:28" level=info msg="國別碼2碼: CA"
time="2023-06-22 09:44:28" level=info msg="國別碼3碼: CAN"
time="2023-06-22 09:44:28" level=info msg="國家全名: Canada"
time="2023-06-22 10:18:30" level=info msg="國別碼2碼: US"
time="2023-06-22 10:18:30" level=info msg="國別碼3碼: USA"
time="2023-06-22 10:18:30" level=info msg="國家全名: United States of America (the)"
time="2023-06-22 10:23:21" level=info msg="國別碼2碼: IN"
time="2023-06-22 10:23:21" level=info msg="國別碼3碼: IND"
time="2023-06-22 10:23:21" level=info msg="國家全名: India"
time="2023-06-22 10:23:43" level=info msg="國別碼2碼: GB"
time="2023-06-22 10:23:43" level=info msg="國別碼3碼: GBR"
time="2023-06-22 10:23:43" level=info msg="國家全名: United Kingdom of Great Britain and Northern Ireland (the)"
time="2023-06-22 10:30:16" level=info msg="國別碼2碼: CA"
time="2023-06-22 10:30:16" level=info msg="國別碼3碼: CAN"
time="2023-06-22 10:30:16" level=info msg="國家全名: Canada"
time="2023-06-22 10:30:17" level=info msg="國別碼2碼: CA"
time="2023-06-22 10:30:17" level=info msg="國別碼3碼: CAN"
time="2023-06-22 10:30:17" level=info msg="國家全名: Canada"
time="2023-06-22 10:40:06" level=info msg="國別碼2碼: CH"
time="2023-06-22 10:40:06" level=info msg="國別碼3碼: CHE"
time="2023-06-22 10:40:06" level=info msg="國家全名: Switzerland"
time="2023-06-22 10:43:11" level=info msg="國別碼2碼: IN"
time="2023-06-22 10:43:11" level=info msg="國別碼3碼: IND"
time="2023-06-22 10:43:11" level=info msg="國家全名: India"
time="2023-06-22 10:49:17" level=info msg="國別碼2碼: CA"
time="2023-06-22 10:49:17" level=info msg="國別碼3碼: CAN"
time="2023-06-22 10:49:17" level=info msg="國家全名: Canada"
time="2023-06-22 10:49:18" level=info msg="國別碼2碼: CA"
time="2023-06-22 10:49:18" level=info msg="國別碼3碼: CAN"
time="2023-06-22 10:49:18" level=info msg="國家全名: Canada"
time="2023-06-22 11:13:53" level=info msg="國別碼2碼: US"
time="2023-06-22 11:13:53" level=info msg="國別碼3碼: USA"
time="2023-06-22 11:13:53" level=info msg="國家全名: United States of America (the)"
time="2023-06-22 11:18:51" level=info msg="國別碼2碼: US"
time="2023-06-22 11:18:51" level=info msg="國別碼3碼: USA"
time="2023-06-22 11:18:51" level=info msg="國家全名: United States of America (the)"
time="2023-06-22 11:18:52" level=info msg="國別碼2碼: US"
time="2023-06-22 11:18:52" level=info msg="國別碼3碼: USA"
time="2023-06-22 11:18:52" level=info msg="國家全名: United States of America (the)"
time="2023-06-22 11:18:53" level=info msg="國別碼2碼: US"
time="2023-06-22 11:18:53" level=info msg="國別碼3碼: USA"
time="2023-06-22 11:18:53" level=info msg="國家全名: United States of America (the)"
time="2023-06-22 11:33:48" level=info msg="國別碼2碼: CH"
time="2023-06-22 11:33:48" level=info msg="國別碼3碼: CHE"
time="2023-06-22 11:33:48" level=info msg="國家全名: Switzerland"
time="2023-06-22 11:56:16" level=info msg="國別碼2碼: CA"
time="2023-06-22 11:56:16" level=info msg="國別碼3碼: CAN"
time="2023-06-22 11:56:16" level=info msg="國家全名: Canada"
time="2023-06-22 11:56:17" level=info msg="國別碼2碼: CA"
time="2023-06-22 11:56:17" level=info msg="國別碼3碼: CAN"
time="2023-06-22 11:56:17" level=info msg="國家全名: Canada"
time="2023-06-22 12:29:59" level=info msg="國別碼2碼: US"
time="2023-06-22 12:29:59" level=info msg="國別碼3碼: USA"
time="2023-06-22 12:29:59" level=info msg="國家全名: United States of America (the)"
time="2023-06-22 12:52:54" level=info msg="國別碼2碼: US"
time="2023-06-22 12:52:54" level=info msg="國別碼3碼: USA"
time="2023-06-22 12:52:54" level=info msg="國家全名: United States of America (the)"
time="2023-06-22 13:30:21" level=info msg="國別碼2碼: US"
time="2023-06-22 13:30:21" level=info msg="國別碼3碼: USA"
time="2023-06-22 13:30:21" level=info msg="國家全名: United States of America (the)"
time="2023-06-22 14:04:57" level=info msg="國別碼2碼: CN"
time="2023-06-22 14:04:57" level=info msg="國別碼3碼: CHN"
time="2023-06-22 14:04:57" level=info msg="國家全名: China"
time="2023-06-22 14:06:25" level=info msg="國別碼2碼: FR"
time="2023-06-22 14:06:25" level=info msg="國別碼3碼: FRA"
time="2023-06-22 14:06:25" level=info msg="國家全名: France"
time="2023-06-22 14:06:26" level=info msg="國別碼2碼: FR"
time="2023-06-22 14:06:26" level=info msg="國別碼3碼: FRA"
time="2023-06-22 14:06:26" level=info msg="國家全名: France"
time="2023-06-22 14:12:09" level=info msg="國別碼2碼: US"
time="2023-06-22 14:12:09" level=info msg="國別碼3碼: USA"
time="2023-06-22 14:12:09" level=info msg="國家全名: United States of America (the)"
time="2023-06-22 14:13:30" level=info msg="國別碼2碼: US"
time="2023-06-22 14:13:30" level=info msg="國別碼3碼: USA"
time="2023-06-22 14:13:30" level=info msg="國家全名: United States of America (the)"
time="2023-06-22 14:24:17" level=info msg="國別碼2碼: US"
time="2023-06-22 14:24:17" level=info msg="國別碼3碼: USA"
time="2023-06-22 14:24:17" level=info msg="國家全名: United States of America (the)"
time="2023-06-22 14:24:18" level=info msg="國別碼2碼: US"
time="2023-06-22 14:24:18" level=info msg="國別碼3碼: USA"
time="2023-06-22 14:24:18" level=info msg="國家全名: United States of America (the)"
time="2023-06-22 14:24:19" level=info msg="國別碼2碼: US"
time="2023-06-22 14:24:19" level=info msg="國別碼3碼: USA"
time="2023-06-22 14:24:19" level=info msg="國家全名: United States of America (the)"
time="2023-06-22 14:24:39" level=info msg="國別碼2碼: US"
time="2023-06-22 14:24:39" level=info msg="國別碼3碼: USA"
time="2023-06-22 14:24:39" level=info msg="國家全名: United States of America (the)"
time="2023-06-22 14:25:44" level=info msg="國別碼2碼: CH"
time="2023-06-22 14:25:44" level=info msg="國別碼3碼: CHE"
time="2023-06-22 14:25:44" level=info msg="國家全名: Switzerland"
time="2023-06-22 14:26:27" level=info msg="國別碼2碼: NL"
time="2023-06-22 14:26:27" level=info msg="國別碼3碼: NLD"
time="2023-06-22 14:26:27" level=info msg="國家全名: Netherlands (the)"
time="2023-06-22 14:26:28" level=info msg="國別碼2碼: NL"
time="2023-06-22 14:26:28" level=info msg="國別碼3碼: NLD"
time="2023-06-22 14:26:28" level=info msg="國家全名: Netherlands (the)"
time="2023-06-22 14:28:06" level=info msg="國別碼2碼: BR"
time="2023-06-22 14:28:06" level=info msg="國別碼3碼: BRA"
time="2023-06-22 14:28:06" level=info msg="國家全名: Brazil"
time="2023-06-22 14:36:21" level=info msg="國別碼2碼: AU"
time="2023-06-22 14:36:21" level=info msg="國別碼3碼: AUS"
time="2023-06-22 14:36:21" level=info msg="國家全名: Australia"
time="2023-06-22 14:47:57" level=info msg="國別碼2碼: FR"
time="2023-06-22 14:47:57" level=info msg="國別碼3碼: FRA"
time="2023-06-22 14:47:57" level=info msg="國家全名: France"
time="2023-06-22 14:47:58" level=info msg="國別碼2碼: FR"
time="2023-06-22 14:47:58" level=info msg="國別碼3碼: FRA"
time="2023-06-22 14:47:58" level=info msg="國家全名: France"
time="2023-06-22 15:01:40" level=info msg="國別碼2碼: FR"
time="2023-06-22 15:01:40" level=info msg="國別碼3碼: FRA"
time="2023-06-22 15:01:40" level=info msg="國家全名: France"
time="2023-06-22 15:01:42" level=info msg="國別碼2碼: FR"
time="2023-06-22 15:01:42" level=info msg="國別碼3碼: FRA"
time="2023-06-22 15:01:42" level=info msg="國家全名: France"
time="2023-06-22 15:17:04" level=info msg="國別碼2碼: CH"
time="2023-06-22 15:17:04" level=info msg="國別碼3碼: CHE"
time="2023-06-22 15:17:04" level=info msg="國家全名: Switzerland"
time="2023-06-22 15:17:37" level=info msg="國別碼2碼: US"
time="2023-06-22 15:17:37" level=info msg="國別碼3碼: USA"
time="2023-06-22 15:17:37" level=info msg="國家全名: United States of America (the)"
time="2023-06-22 16:12:57" level=info msg="國別碼2碼: CN"
time="2023-06-22 16:12:57" level=info msg="國別碼3碼: CHN"
time="2023-06-22 16:12:57" level=info msg="國家全名: China"
time="2023-06-22 16:13:26" level=info msg="國別碼2碼: FR"
time="2023-06-22 16:13:26" level=info msg="國別碼3碼: FRA"
time="2023-06-22 16:13:26" level=info msg="國家全名: France"
time="2023-06-22 16:13:27" level=info msg="國別碼2碼: FR"
time="2023-06-22 16:13:27" level=info msg="國別碼3碼: FRA"
time="2023-06-22 16:13:27" level=info msg="國家全名: France"
time="2023-06-22 16:30:57" level=info msg="國別碼2碼: US"
time="2023-06-22 16:30:57" level=info msg="國別碼3碼: USA"
time="2023-06-22 16:30:57" level=info msg="國家全名: United States of America (the)"
time="2023-06-22 16:30:57" level=info msg="國別碼2碼: US"
time="2023-06-22 16:30:57" level=info msg="國別碼3碼: USA"
time="2023-06-22 16:30:57" level=info msg="國家全名: United States of America (the)"
time="2023-06-22 16:30:58" level=info msg="國別碼2碼: US"
time="2023-06-22 16:30:58" level=info msg="國別碼3碼: USA"
time="2023-06-22 16:30:58" level=info msg="國家全名: United States of America (the)"
time="2023-06-22 16:30:59" level=info msg="國別碼2碼: US"
time="2023-06-22 16:30:59" level=info msg="國別碼3碼: USA"
time="2023-06-22 16:30:59" level=info msg="國家全名: United States of America (the)"
time="2023-06-22 16:31:00" level=info msg="國別碼2碼: US"
time="2023-06-22 16:31:00" level=info msg="國別碼3碼: USA"
time="2023-06-22 16:31:00" level=info msg="國家全名: United States of America (the)"
time="2023-06-22 16:59:37" level=info msg="國別碼2碼: CN"
time="2023-06-22 16:59:37" level=info msg="國別碼3碼: CHN"
time="2023-06-22 16:59:37" level=info msg="國家全名: China"
time="2023-06-22 17:02:54" level=info msg="國別碼2碼: RO"
time="2023-06-22 17:02:54" level=info msg="國別碼3碼: ROU"
time="2023-06-22 17:02:54" level=info msg="國家全名: Romania"
time="2023-06-22 17:11:22" level=info msg="國別碼2碼: US"
time="2023-06-22 17:11:22" level=info msg="國別碼3碼: USA"
time="2023-06-22 17:11:22" level=info msg="國家全名: United States of America (the)"
time="2023-06-22 17:11:22" level=info msg="國別碼2碼: US"
time="2023-06-22 17:11:22" level=info msg="國別碼3碼: USA"
time="2023-06-22 17:11:22" level=info msg="國家全名: United States of America (the)"
time="2023-06-22 17:39:48" level=info msg="國別碼2碼: FR"
time="2023-06-22 17:39:48" level=info msg="國別碼3碼: FRA"
time="2023-06-22 17:39:48" level=info msg="國家全名: France"
time="2023-06-22 17:39:49" level=info msg="國別碼2碼: FR"
time="2023-06-22 17:39:49" level=info msg="國別碼3碼: FRA"
time="2023-06-22 17:39:49" level=info msg="國家全名: France"
time="2023-06-22 17:57:45" level=info msg="國別碼2碼: BE"
time="2023-06-22 17:57:45" level=info msg="國別碼3碼: BEL"
time="2023-06-22 17:57:45" level=info msg="國家全名: Belgium"
time="2023-06-22 18:16:51" level=info msg="國別碼2碼: FR"
time="2023-06-22 18:16:51" level=info msg="國別碼3碼: FRA"
time="2023-06-22 18:16:51" level=info msg="國家全名: France"
time="2023-06-22 18:16:52" level=info msg="國別碼2碼: FR"
time="2023-06-22 18:16:52" level=info msg="國別碼3碼: FRA"
time="2023-06-22 18:16:52" level=info msg="國家全名: France"
time="2023-06-22 18:43:17" level=info msg="國別碼2碼: US"
time="2023-06-22 18:43:17" level=info msg="國別碼3碼: USA"
time="2023-06-22 18:43:17" level=info msg="國家全名: United States of America (the)"
time="2023-06-22 18:50:05" level=info msg="國別碼2碼: PT"
time="2023-06-22 18:50:05" level=info msg="國別碼3碼: PRT"
time="2023-06-22 18:50:05" level=info msg="國家全名: Portugal"
time="2023-06-22 19:17:54" level=info msg="國別碼2碼: FR"
time="2023-06-22 19:17:54" level=info msg="國別碼3碼: FRA"
time="2023-06-22 19:17:54" level=info msg="國家全名: France"
time="2023-06-22 19:17:57" level=info msg="國別碼2碼: FR"
time="2023-06-22 19:17:57" level=info msg="國別碼3碼: FRA"
time="2023-06-22 19:17:57" level=info msg="國家全名: France"
time="2023-06-22 19:31:56" level=info msg="國別碼2碼: CH"
time="2023-06-22 19:31:56" level=info msg="國別碼3碼: CHE"
time="2023-06-22 19:31:56" level=info msg="國家全名: Switzerland"
time="2023-06-22 19:35:31" level=info msg="國別碼2碼: CH"
time="2023-06-22 19:35:31" level=info msg="國別碼3碼: CHE"
time="2023-06-22 19:35:31" level=info msg="國家全名: Switzerland"
time="2023-06-22 19:37:08" level=info msg="國別碼2碼: RU"
time="2023-06-22 19:37:08" level=info msg="國別碼3碼: RUS"
time="2023-06-22 19:37:08" level=info msg="國家全名: Russian Federation (the)"
time="2023-06-22 19:48:30" level=info msg="國別碼2碼: FR"
time="2023-06-22 19:48:30" level=info msg="國別碼3碼: FRA"
time="2023-06-22 19:48:30" level=info msg="國家全名: France"
time="2023-06-22 19:48:32" level=info msg="國別碼2碼: FR"
time="2023-06-22 19:48:32" level=info msg="國別碼3碼: FRA"
time="2023-06-22 19:48:32" level=info msg="國家全名: France"
time="2023-06-22 20:05:11" level=info msg="國別碼2碼: RU"
time="2023-06-22 20:05:11" level=info msg="國別碼3碼: RUS"
time="2023-06-22 20:05:11" level=info msg="國家全名: Russian Federation (the)"
time="2023-06-22 20:07:18" level=info msg="國別碼2碼: US"
time="2023-06-22 20:07:18" level=info msg="國別碼3碼: USA"
time="2023-06-22 20:07:18" level=info msg="國家全名: United States of America (the)"
time="2023-06-22 20:22:35" level=info msg="國別碼2碼: US"
time="2023-06-22 20:22:35" level=info msg="國別碼3碼: USA"
time="2023-06-22 20:22:35" level=info msg="國家全名: United States of America (the)"
time="2023-06-22 20:38:05" level=info msg="國別碼2碼: RU"
time="2023-06-22 20:38:05" level=info msg="國別碼3碼: RUS"
time="2023-06-22 20:38:05" level=info msg="國家全名: Russian Federation (the)"
time="2023-06-22 20:39:19" level=info msg="國別碼2碼: SG"
time="2023-06-22 20:39:19" level=info msg="國別碼3碼: SGP"
time="2023-06-22 20:39:19" level=info msg="國家全名: Singapore"
time="2023-06-22 20:43:32" level=info msg="國別碼2碼: US"
time="2023-06-22 20:43:32" level=info msg="國別碼3碼: USA"
time="2023-06-22 20:43:32" level=info msg="國家全名: United States of America (the)"
time="2023-06-22 20:55:21" level=info msg="國別碼2碼: RU"
time="2023-06-22 20:55:21" level=info msg="國別碼3碼: RUS"
time="2023-06-22 20:55:21" level=info msg="國家全名: Russian Federation (the)"
time="2023-06-22 21:20:30" level=info msg="國別碼2碼: DE"
time="2023-06-22 21:20:30" level=info msg="國別碼3碼: DEU"
time="2023-06-22 21:20:30" level=info msg="國家全名: Germany"
time="2023-06-22 21:30:44" level=info msg="國別碼2碼: VN"
time="2023-06-22 21:30:44" level=info msg="國別碼3碼: VNM"
time="2023-06-22 21:30:44" level=info msg="國家全名: Viet Nam"
time="2023-06-22 21:35:03" level=info msg="國別碼2碼: US"
time="2023-06-22 21:35:03" level=info msg="國別碼3碼: USA"
time="2023-06-22 21:35:03" level=info msg="國家全名: United States of America (the)"
time="2023-06-22 21:38:42" level=info msg="國別碼2碼: FR"
time="2023-06-22 21:38:42" level=info msg="國別碼3碼: FRA"
time="2023-06-22 21:38:42" level=info msg="國家全名: France"
time="2023-06-22 21:38:44" level=info msg="國別碼2碼: FR"
time="2023-06-22 21:38:44" level=info msg="國別碼3碼: FRA"
time="2023-06-22 21:38:44" level=info msg="國家全名: France"
time="2023-06-22 21:59:40" level=info msg="國別碼2碼: RU"
time="2023-06-22 21:59:40" level=info msg="國別碼3碼: RUS"
time="2023-06-22 21:59:40" level=info msg="國家全名: Russian Federation (the)"
time="2023-06-22 22:16:53" level=info msg="國別碼2碼: FR"
time="2023-06-22 22:16:53" level=info msg="國別碼3碼: FRA"
time="2023-06-22 22:16:53" level=info msg="國家全名: France"
time="2023-06-22 22:16:54" level=info msg="國別碼2碼: FR"
time="2023-06-22 22:16:54" level=info msg="國別碼3碼: FRA"
time="2023-06-22 22:16:54" level=info msg="國家全名: France"
time="2023-06-22 22:20:34" level=info msg="國別碼2碼: GB"
time="2023-06-22 22:20:34" level=info msg="國別碼3碼: GBR"
time="2023-06-22 22:20:34" level=info msg="國家全名: United Kingdom of Great Britain and Northern Ireland (the)"
time="2023-06-22 22:35:52" level=info msg="國別碼2碼: IN"
time="2023-06-22 22:35:52" level=info msg="國別碼3碼: IND"
time="2023-06-22 22:35:52" level=info msg="國家全名: India"
time="2023-06-22 22:35:53" level=info msg="國別碼2碼: IN"
time="2023-06-22 22:35:53" level=info msg="國別碼3碼: IND"
time="2023-06-22 22:35:53" level=info msg="國家全名: India"
time="2023-06-22 22:35:53" level=info msg="國別碼2碼: IN"
time="2023-06-22 22:35:53" level=info msg="國別碼3碼: IND"
time="2023-06-22 22:35:53" level=info msg="國家全名: India"
time="2023-06-22 22:35:54" level=info msg="國別碼2碼: IN"
time="2023-06-22 22:35:54" level=info msg="國別碼3碼: IND"
time="2023-06-22 22:35:54" level=info msg="國家全名: India"
time="2023-06-22 22:35:55" level=info msg="國別碼2碼: IN"
time="2023-06-22 22:35:55" level=info msg="國別碼3碼: IND"
time="2023-06-22 22:35:55" level=info msg="國家全名: India"
time="2023-06-22 22:35:56" level=info msg="國別碼2碼: IN"
time="2023-06-22 22:35:56" level=info msg="國別碼3碼: IND"
time="2023-06-22 22:35:56" level=info msg="國家全名: India"
time="2023-06-22 22:35:57" level=info msg="國別碼2碼: IN"
time="2023-06-22 22:35:57" level=info msg="國別碼3碼: IND"
time="2023-06-22 22:35:57" level=info msg="國家全名: India"
time="2023-06-22 22:35:58" level=info msg="國別碼2碼: IN"
time="2023-06-22 22:35:58" level=info msg="國別碼3碼: IND"
time="2023-06-22 22:35:58" level=info msg="國家全名: India"
time="2023-06-22 22:35:58" level=info msg="國別碼2碼: IN"
time="2023-06-22 22:35:58" level=info msg="國別碼3碼: IND"
time="2023-06-22 22:35:58" level=info msg="國家全名: India"
time="2023-06-22 22:48:30" level=info msg="國別碼2碼: RU"
time="2023-06-22 22:48:30" level=info msg="國別碼3碼: RUS"
time="2023-06-22 22:48:30" level=info msg="國家全名: Russian Federation (the)"
time="2023-06-22 22:56:12" level=info msg="國別碼2碼: BG"
time="2023-06-22 22:56:12" level=info msg="國別碼3碼: BGR"
time="2023-06-22 22:56:12" level=info msg="國家全名: Bulgaria"
time="2023-06-22 23:17:18" level=info msg="國別碼2碼: RU"
time="2023-06-22 23:17:18" level=info msg="國別碼3碼: RUS"
time="2023-06-22 23:17:18" level=info msg="國家全名: Russian Federation (the)"
time="2023-06-22 23:32:43" level=info msg="國別碼2碼: FR"
time="2023-06-22 23:32:43" level=info msg="國別碼3碼: FRA"
time="2023-06-22 23:32:43" level=info msg="國家全名: France"
time="2023-06-22 23:32:45" level=info msg="國別碼2碼: FR"
time="2023-06-22 23:32:45" level=info msg="國別碼3碼: FRA"
time="2023-06-22 23:32:45" level=info msg="國家全名: France"
time="2023-06-22 23:55:12" level=info msg="國別碼2碼: FR"
time="2023-06-22 23:55:12" level=info msg="國別碼3碼: FRA"
time="2023-06-22 23:55:12" level=info msg="國家全名: France"
time="2023-06-22 23:55:14" level=info msg="國別碼2碼: FR"
time="2023-06-22 23:55:14" level=info msg="國別碼3碼: FRA"
time="2023-06-22 23:55:14" level=info msg="國家全名: France"
