time="2023-07-17 00:42:54" level=info msg="國別碼2碼: CA"
time="2023-07-17 00:42:54" level=info msg="國別碼3碼: CAN"
time="2023-07-17 00:42:54" level=info msg="國家全名: Canada"
time="2023-07-17 00:42:55" level=info msg="國別碼2碼: CA"
time="2023-07-17 00:42:55" level=info msg="國別碼3碼: CAN"
time="2023-07-17 00:42:55" level=info msg="國家全名: Canada"
time="2023-07-17 01:12:55" level=info msg="國別碼2碼: XZ"
time="2023-07-17 01:12:55" level=info msg="國別碼3碼: XZZ"
time="2023-07-17 01:12:55" level=info msg="國家全名: IANA Special-Purpose Address"
time="2023-07-17 01:12:55" level=info msg="取得商品資料[{15 b  1200 10    true} {14 a  1200 123    false} {7 TRX 123 500 1 堂  課程 true} {6 ck男生內褲 CK內褲 1980 3 1  性感 true} {3 哈達瑜珈 本課程適合首次來上課的人，一開始會先帶學員了解場館以及場館內的各式課程，並了解學員的目標以及目前身體的狀況、組成 (inbody)。在這些流程結束後開始讓學員體驗課程。(上體驗課程前，會先與您聯繫預期想體驗的課程。) 200 2 堂 https://images.unsplash.com/photo-1571019614242-c5c5dee9f50b?ixlib=rb-4.0.3&ixid=M3wxMjA3fDB8MHxwaG90by1wYWdlfHx8fGVufDB8fHx8fA%3D%3D&auto=format&fit=crop&w=2070&q=80 拉基 true} {1 CK內衣組 CK內衣 我的超人 1980 3 1  性感 true}]"
time="2023-07-17 01:45:51" level=info msg="國別碼2碼: CA"
time="2023-07-17 01:45:51" level=info msg="國別碼3碼: CAN"
time="2023-07-17 01:45:51" level=info msg="國家全名: Canada"
time="2023-07-17 01:45:52" level=info msg="國別碼2碼: CA"
time="2023-07-17 01:45:52" level=info msg="國別碼3碼: CAN"
time="2023-07-17 01:45:52" level=info msg="國家全名: Canada"
time="2023-07-17 01:55:28" level=info msg="國別碼2碼: US"
time="2023-07-17 01:55:28" level=info msg="國別碼3碼: USA"
time="2023-07-17 01:55:28" level=info msg="國家全名: United States of America (the)"
time="2023-07-17 02:14:56" level=info msg="國別碼2碼: US"
time="2023-07-17 02:14:56" level=info msg="國別碼3碼: USA"
time="2023-07-17 02:14:56" level=info msg="國家全名: United States of America (the)"
time="2023-07-17 02:54:49" level=info msg="國別碼2碼: US"
time="2023-07-17 02:54:49" level=info msg="國別碼3碼: USA"
time="2023-07-17 02:54:49" level=info msg="國家全名: United States of America (the)"
time="2023-07-17 03:02:42" level=info msg="國別碼2碼: CA"
time="2023-07-17 03:02:42" level=info msg="國別碼3碼: CAN"
time="2023-07-17 03:02:42" level=info msg="國家全名: Canada"
time="2023-07-17 03:02:43" level=info msg="國別碼2碼: CA"
time="2023-07-17 03:02:43" level=info msg="國別碼3碼: CAN"
time="2023-07-17 03:02:43" level=info msg="國家全名: Canada"
time="2023-07-17 03:08:51" level=info msg="國別碼2碼: CA"
time="2023-07-17 03:08:51" level=info msg="國別碼3碼: CAN"
time="2023-07-17 03:08:51" level=info msg="國家全名: Canada"
time="2023-07-17 03:08:52" level=info msg="國別碼2碼: CA"
time="2023-07-17 03:08:52" level=info msg="國別碼3碼: CAN"
time="2023-07-17 03:08:52" level=info msg="國家全名: Canada"
time="2023-07-17 03:12:41" level=info msg="國別碼2碼: XZ"
time="2023-07-17 03:12:41" level=info msg="國別碼3碼: XZZ"
time="2023-07-17 03:12:41" level=info msg="國家全名: IANA Special-Purpose Address"
time="2023-07-17 03:12:41" level=info msg="取得商品資料[{15 b  1200 10    true} {14 a  1200 123    false} {7 TRX 123 500 1 堂  課程 true} {6 ck男生內褲 CK內褲 1980 3 1  性感 true} {3 哈達瑜珈 本課程適合首次來上課的人，一開始會先帶學員了解場館以及場館內的各式課程，並了解學員的目標以及目前身體的狀況、組成 (inbody)。在這些流程結束後開始讓學員體驗課程。(上體驗課程前，會先與您聯繫預期想體驗的課程。) 200 2 堂 https://images.unsplash.com/photo-1571019614242-c5c5dee9f50b?ixlib=rb-4.0.3&ixid=M3wxMjA3fDB8MHxwaG90by1wYWdlfHx8fGVufDB8fHx8fA%3D%3D&auto=format&fit=crop&w=2070&q=80 拉基 true} {1 CK內衣組 CK內衣 我的超人 1980 3 1  性感 true}]"
time="2023-07-17 03:12:41" level=info msg="國別碼2碼: XZ"
time="2023-07-17 03:12:41" level=info msg="國別碼3碼: XZZ"
time="2023-07-17 03:12:41" level=info msg="國家全名: IANA Special-Purpose Address"
time="2023-07-17 03:12:41" level=info msg="取得商品資料[{15 b  1200 10    true} {14 a  1200 123    false} {7 TRX 123 500 1 堂  課程 true} {6 ck男生內褲 CK內褲 1980 3 1  性感 true} {3 哈達瑜珈 本課程適合首次來上課的人，一開始會先帶學員了解場館以及場館內的各式課程，並了解學員的目標以及目前身體的狀況、組成 (inbody)。在這些流程結束後開始讓學員體驗課程。(上體驗課程前，會先與您聯繫預期想體驗的課程。) 200 2 堂 https://images.unsplash.com/photo-1571019614242-c5c5dee9f50b?ixlib=rb-4.0.3&ixid=M3wxMjA3fDB8MHxwaG90by1wYWdlfHx8fGVufDB8fHx8fA%3D%3D&auto=format&fit=crop&w=2070&q=80 拉基 true} {1 CK內衣組 CK內衣 我的超人 1980 3 1  性感 true}]"
time="2023-07-17 03:13:33" level=info msg="國別碼2碼: XZ"
time="2023-07-17 03:13:33" level=info msg="國別碼3碼: XZZ"
time="2023-07-17 03:13:33" level=info msg="國家全名: IANA Special-Purpose Address"
time="2023-07-17 03:13:33" level=info msg="取得商品資料[{15 b  1200 10    true} {14 a  1200 123    false} {7 TRX 123 500 1 堂  課程 true} {6 ck男生內褲 CK內褲 1980 3 1  性感 true} {3 哈達瑜珈 本課程適合首次來上課的人，一開始會先帶學員了解場館以及場館內的各式課程，並了解學員的目標以及目前身體的狀況、組成 (inbody)。在這些流程結束後開始讓學員體驗課程。(上體驗課程前，會先與您聯繫預期想體驗的課程。) 200 2 堂 https://images.unsplash.com/photo-1571019614242-c5c5dee9f50b?ixlib=rb-4.0.3&ixid=M3wxMjA3fDB8MHxwaG90by1wYWdlfHx8fGVufDB8fHx8fA%3D%3D&auto=format&fit=crop&w=2070&q=80 拉基 true} {1 CK內衣組 CK內衣 我的超人 1980 3 1  性感 true}]"
time="2023-07-17 03:16:05" level=info msg="國別碼2碼: XZ"
time="2023-07-17 03:16:05" level=info msg="國別碼3碼: XZZ"
time="2023-07-17 03:16:05" level=info msg="國家全名: IANA Special-Purpose Address"
time="2023-07-17 03:16:05" level=info msg="取得商品資料[{15 b  1200 10    true} {14 a  1200 123    false} {7 TRX 123 500 1 堂  課程 true} {6 ck男生內褲 CK內褲 1980 3 1  性感 true} {3 哈達瑜珈 本課程適合首次來上課的人，一開始會先帶學員了解場館以及場館內的各式課程，並了解學員的目標以及目前身體的狀況、組成 (inbody)。在這些流程結束後開始讓學員體驗課程。(上體驗課程前，會先與您聯繫預期想體驗的課程。) 200 2 堂 https://images.unsplash.com/photo-1571019614242-c5c5dee9f50b?ixlib=rb-4.0.3&ixid=M3wxMjA3fDB8MHxwaG90by1wYWdlfHx8fGVufDB8fHx8fA%3D%3D&auto=format&fit=crop&w=2070&q=80 拉基 true} {1 CK內衣組 CK內衣 我的超人 1980 3 1  性感 true}]"
time="2023-07-17 03:16:10" level=info msg="國別碼2碼: XZ"
time="2023-07-17 03:16:10" level=info msg="國別碼3碼: XZZ"
time="2023-07-17 03:16:10" level=info msg="國家全名: IANA Special-Purpose Address"
time="2023-07-17 03:16:10" level=info msg="取得商品資料[{15 b  1200 10    true} {14 a  1200 123    false} {7 TRX 123 500 1 堂  課程 true} {6 ck男生內褲 CK內褲 1980 3 1  性感 true} {3 哈達瑜珈 本課程適合首次來上課的人，一開始會先帶學員了解場館以及場館內的各式課程，並了解學員的目標以及目前身體的狀況、組成 (inbody)。在這些流程結束後開始讓學員體驗課程。(上體驗課程前，會先與您聯繫預期想體驗的課程。) 200 2 堂 https://images.unsplash.com/photo-1571019614242-c5c5dee9f50b?ixlib=rb-4.0.3&ixid=M3wxMjA3fDB8MHxwaG90by1wYWdlfHx8fGVufDB8fHx8fA%3D%3D&auto=format&fit=crop&w=2070&q=80 拉基 true} {1 CK內衣組 CK內衣 我的超人 1980 3 1  性感 true}]"
time="2023-07-17 03:16:17" level=info msg="國別碼2碼: XZ"
time="2023-07-17 03:16:17" level=info msg="國別碼3碼: XZZ"
time="2023-07-17 03:16:17" level=info msg="國家全名: IANA Special-Purpose Address"
time="2023-07-17 03:16:17" level=info msg="取得商品資料[{15 b  1200 10    true} {14 a  1200 123    false} {7 TRX 123 500 1 堂  課程 true} {6 ck男生內褲 CK內褲 1980 3 1  性感 true} {3 哈達瑜珈 本課程適合首次來上課的人，一開始會先帶學員了解場館以及場館內的各式課程，並了解學員的目標以及目前身體的狀況、組成 (inbody)。在這些流程結束後開始讓學員體驗課程。(上體驗課程前，會先與您聯繫預期想體驗的課程。) 200 2 堂 https://images.unsplash.com/photo-1571019614242-c5c5dee9f50b?ixlib=rb-4.0.3&ixid=M3wxMjA3fDB8MHxwaG90by1wYWdlfHx8fGVufDB8fHx8fA%3D%3D&auto=format&fit=crop&w=2070&q=80 拉基 true} {1 CK內衣組 CK內衣 我的超人 1980 3 1  性感 true}]"
time="2023-07-17 03:17:56" level=info msg="國別碼2碼: XZ"
time="2023-07-17 03:17:56" level=info msg="國別碼3碼: XZZ"
time="2023-07-17 03:17:56" level=info msg="國家全名: IANA Special-Purpose Address"
time="2023-07-17 03:17:56" level=info msg="取得商品資料[{15 b  1200 10    true} {14 a  1200 123    false} {7 TRX 123 500 1 堂  課程 true} {6 ck男生內褲 CK內褲 1980 3 1  性感 true} {3 哈達瑜珈 本課程適合首次來上課的人，一開始會先帶學員了解場館以及場館內的各式課程，並了解學員的目標以及目前身體的狀況、組成 (inbody)。在這些流程結束後開始讓學員體驗課程。(上體驗課程前，會先與您聯繫預期想體驗的課程。) 200 2 堂 https://images.unsplash.com/photo-1571019614242-c5c5dee9f50b?ixlib=rb-4.0.3&ixid=M3wxMjA3fDB8MHxwaG90by1wYWdlfHx8fGVufDB8fHx8fA%3D%3D&auto=format&fit=crop&w=2070&q=80 拉基 true} {1 CK內衣組 CK內衣 我的超人 1980 3 1  性感 true}]"
time="2023-07-17 03:18:02" level=info msg="國別碼2碼: XZ"
time="2023-07-17 03:18:02" level=info msg="國別碼3碼: XZZ"
time="2023-07-17 03:18:02" level=info msg="國家全名: IANA Special-Purpose Address"
time="2023-07-17 03:18:02" level=info msg="取得商品資料[{15 b  1200 10    true} {14 a  1200 123    false} {7 TRX 123 500 1 堂  課程 true} {6 ck男生內褲 CK內褲 1980 3 1  性感 true} {3 哈達瑜珈 本課程適合首次來上課的人，一開始會先帶學員了解場館以及場館內的各式課程，並了解學員的目標以及目前身體的狀況、組成 (inbody)。在這些流程結束後開始讓學員體驗課程。(上體驗課程前，會先與您聯繫預期想體驗的課程。) 200 2 堂 https://images.unsplash.com/photo-1571019614242-c5c5dee9f50b?ixlib=rb-4.0.3&ixid=M3wxMjA3fDB8MHxwaG90by1wYWdlfHx8fGVufDB8fHx8fA%3D%3D&auto=format&fit=crop&w=2070&q=80 拉基 true} {1 CK內衣組 CK內衣 我的超人 1980 3 1  性感 true}]"
time="2023-07-17 03:21:15" level=info msg="國別碼2碼: XZ"
time="2023-07-17 03:21:15" level=info msg="國別碼3碼: XZZ"
time="2023-07-17 03:21:15" level=info msg="國家全名: IANA Special-Purpose Address"
time="2023-07-17 03:21:15" level=info msg="取得商品資料[{15 b  1200 10    true} {14 a  1200 123    false} {7 TRX 123 500 1 堂  課程 true} {6 ck男生內褲 CK內褲 1980 3 1  性感 true} {3 哈達瑜珈 本課程適合首次來上課的人，一開始會先帶學員了解場館以及場館內的各式課程，並了解學員的目標以及目前身體的狀況、組成 (inbody)。在這些流程結束後開始讓學員體驗課程。(上體驗課程前，會先與您聯繫預期想體驗的課程。) 200 2 堂 https://images.unsplash.com/photo-1571019614242-c5c5dee9f50b?ixlib=rb-4.0.3&ixid=M3wxMjA3fDB8MHxwaG90by1wYWdlfHx8fGVufDB8fHx8fA%3D%3D&auto=format&fit=crop&w=2070&q=80 拉基 true} {1 CK內衣組 CK內衣 我的超人 1980 3 1  性感 true}]"
time="2023-07-17 03:27:48" level=info msg="國別碼2碼: GB"
time="2023-07-17 03:27:48" level=info msg="國別碼3碼: GBR"
time="2023-07-17 03:27:48" level=info msg="國家全名: United Kingdom of Great Britain and Northern Ireland (the)"
time="2023-07-17 03:27:50" level=info msg="國別碼2碼: GB"
time="2023-07-17 03:27:50" level=info msg="國別碼3碼: GBR"
time="2023-07-17 03:27:50" level=info msg="國家全名: United Kingdom of Great Britain and Northern Ireland (the)"
time="2023-07-17 03:27:51" level=info msg="國別碼2碼: GB"
time="2023-07-17 03:27:51" level=info msg="國別碼3碼: GBR"
time="2023-07-17 03:27:51" level=info msg="國家全名: United Kingdom of Great Britain and Northern Ireland (the)"
time="2023-07-17 03:27:52" level=info msg="國別碼2碼: GB"
time="2023-07-17 03:27:52" level=info msg="國別碼3碼: GBR"
time="2023-07-17 03:27:52" level=info msg="國家全名: United Kingdom of Great Britain and Northern Ireland (the)"
time="2023-07-17 03:27:53" level=info msg="國別碼2碼: GB"
time="2023-07-17 03:27:53" level=info msg="國別碼3碼: GBR"
time="2023-07-17 03:27:53" level=info msg="國家全名: United Kingdom of Great Britain and Northern Ireland (the)"
time="2023-07-17 03:32:51" level=info msg="國別碼2碼: XZ"
time="2023-07-17 03:32:51" level=info msg="國別碼3碼: XZZ"
time="2023-07-17 03:32:51" level=info msg="國家全名: IANA Special-Purpose Address"
time="2023-07-17 03:32:51" level=info msg="取得商品資料[{15 b  1200 10    true} {14 a  1200 123    false} {7 TRX 123 500 1 堂  課程 true} {6 ck男生內褲 CK內褲 1980 3 1  性感 true} {3 哈達瑜珈 本課程適合首次來上課的人，一開始會先帶學員了解場館以及場館內的各式課程，並了解學員的目標以及目前身體的狀況、組成 (inbody)。在這些流程結束後開始讓學員體驗課程。(上體驗課程前，會先與您聯繫預期想體驗的課程。) 200 2 堂 https://images.unsplash.com/photo-1571019614242-c5c5dee9f50b?ixlib=rb-4.0.3&ixid=M3wxMjA3fDB8MHxwaG90by1wYWdlfHx8fGVufDB8fHx8fA%3D%3D&auto=format&fit=crop&w=2070&q=80 拉基 true} {1 CK內衣組 CK內衣 我的超人 1980 3 1  性感 true}]"
time="2023-07-17 03:34:12" level=info msg="國別碼2碼: XZ"
time="2023-07-17 03:34:12" level=info msg="國別碼3碼: XZZ"
time="2023-07-17 03:34:12" level=info msg="國家全名: IANA Special-Purpose Address"
time="2023-07-17 03:34:12" level=info msg="取得商品資料[{15 b  1200 10    true} {14 a  1200 123    false} {7 TRX 123 500 1 堂  課程 true} {6 ck男生內褲 CK內褲 1980 3 1  性感 true} {3 哈達瑜珈 本課程適合首次來上課的人，一開始會先帶學員了解場館以及場館內的各式課程，並了解學員的目標以及目前身體的狀況、組成 (inbody)。在這些流程結束後開始讓學員體驗課程。(上體驗課程前，會先與您聯繫預期想體驗的課程。) 200 2 堂 https://images.unsplash.com/photo-1571019614242-c5c5dee9f50b?ixlib=rb-4.0.3&ixid=M3wxMjA3fDB8MHxwaG90by1wYWdlfHx8fGVufDB8fHx8fA%3D%3D&auto=format&fit=crop&w=2070&q=80 拉基 true} {1 CK內衣組 CK內衣 我的超人 1980 3 1  性感 true}]"
time="2023-07-17 03:35:57" level=info msg="國別碼2碼: XZ"
time="2023-07-17 03:35:57" level=info msg="國別碼3碼: XZZ"
time="2023-07-17 03:35:57" level=info msg="國家全名: IANA Special-Purpose Address"
time="2023-07-17 03:35:57" level=info msg="取得商品資料[{15 b  1200 10    true} {14 a  1200 123    false} {7 TRX 123 500 1 堂  課程 true} {6 ck男生內褲 CK內褲 1980 3 1  性感 true} {3 哈達瑜珈 本課程適合首次來上課的人，一開始會先帶學員了解場館以及場館內的各式課程，並了解學員的目標以及目前身體的狀況、組成 (inbody)。在這些流程結束後開始讓學員體驗課程。(上體驗課程前，會先與您聯繫預期想體驗的課程。) 200 2 堂 https://images.unsplash.com/photo-1571019614242-c5c5dee9f50b?ixlib=rb-4.0.3&ixid=M3wxMjA3fDB8MHxwaG90by1wYWdlfHx8fGVufDB8fHx8fA%3D%3D&auto=format&fit=crop&w=2070&q=80 拉基 true} {1 CK內衣組 CK內衣 我的超人 1980 3 1  性感 true}]"
time="2023-07-17 03:36:01" level=info msg="國別碼2碼: XZ"
time="2023-07-17 03:36:01" level=info msg="國別碼3碼: XZZ"
time="2023-07-17 03:36:01" level=info msg="國家全名: IANA Special-Purpose Address"
time="2023-07-17 03:36:01" level=info msg="取得商品資料[{15 b  1200 10    true} {14 a  1200 123    false} {7 TRX 123 500 1 堂  課程 true} {6 ck男生內褲 CK內褲 1980 3 1  性感 true} {3 哈達瑜珈 本課程適合首次來上課的人，一開始會先帶學員了解場館以及場館內的各式課程，並了解學員的目標以及目前身體的狀況、組成 (inbody)。在這些流程結束後開始讓學員體驗課程。(上體驗課程前，會先與您聯繫預期想體驗的課程。) 200 2 堂 https://images.unsplash.com/photo-1571019614242-c5c5dee9f50b?ixlib=rb-4.0.3&ixid=M3wxMjA3fDB8MHxwaG90by1wYWdlfHx8fGVufDB8fHx8fA%3D%3D&auto=format&fit=crop&w=2070&q=80 拉基 true} {1 CK內衣組 CK內衣 我的超人 1980 3 1  性感 true}]"
time="2023-07-17 03:36:42" level=info msg="國別碼2碼: XZ"
time="2023-07-17 03:36:42" level=info msg="國別碼3碼: XZZ"
time="2023-07-17 03:36:42" level=info msg="國家全名: IANA Special-Purpose Address"
time="2023-07-17 03:36:42" level=info msg="取得商品資料[{15 b  1200 10    true} {14 a  1200 123    false} {7 TRX 123 500 1 堂  課程 true} {6 ck男生內褲 CK內褲 1980 3 1  性感 true} {3 哈達瑜珈 本課程適合首次來上課的人，一開始會先帶學員了解場館以及場館內的各式課程，並了解學員的目標以及目前身體的狀況、組成 (inbody)。在這些流程結束後開始讓學員體驗課程。(上體驗課程前，會先與您聯繫預期想體驗的課程。) 200 2 堂 https://images.unsplash.com/photo-1571019614242-c5c5dee9f50b?ixlib=rb-4.0.3&ixid=M3wxMjA3fDB8MHxwaG90by1wYWdlfHx8fGVufDB8fHx8fA%3D%3D&auto=format&fit=crop&w=2070&q=80 拉基 true} {1 CK內衣組 CK內衣 我的超人 1980 3 1  性感 true}]"
time="2023-07-17 03:37:30" level=info msg="國別碼2碼: XZ"
time="2023-07-17 03:37:30" level=info msg="國別碼3碼: XZZ"
time="2023-07-17 03:37:30" level=info msg="國家全名: IANA Special-Purpose Address"
time="2023-07-17 03:37:30" level=info msg="取得商品資料[{15 b  1200 10    true} {14 a  1200 123    false} {7 TRX 123 500 1 堂  課程 true} {6 ck男生內褲 CK內褲 1980 3 1  性感 true} {3 哈達瑜珈 本課程適合首次來上課的人，一開始會先帶學員了解場館以及場館內的各式課程，並了解學員的目標以及目前身體的狀況、組成 (inbody)。在這些流程結束後開始讓學員體驗課程。(上體驗課程前，會先與您聯繫預期想體驗的課程。) 200 2 堂 https://images.unsplash.com/photo-1571019614242-c5c5dee9f50b?ixlib=rb-4.0.3&ixid=M3wxMjA3fDB8MHxwaG90by1wYWdlfHx8fGVufDB8fHx8fA%3D%3D&auto=format&fit=crop&w=2070&q=80 拉基 true} {1 CK內衣組 CK內衣 我的超人 1980 3 1  性感 true}]"
time="2023-07-17 03:37:38" level=info msg="國別碼2碼: XZ"
time="2023-07-17 03:37:38" level=info msg="國別碼3碼: XZZ"
time="2023-07-17 03:37:38" level=info msg="國家全名: IANA Special-Purpose Address"
time="2023-07-17 03:37:38" level=info msg="取得商品資料[{15 b  1200 10    true} {14 a  1200 123    false} {7 TRX 123 500 1 堂  課程 true} {6 ck男生內褲 CK內褲 1980 3 1  性感 true} {3 哈達瑜珈 本課程適合首次來上課的人，一開始會先帶學員了解場館以及場館內的各式課程，並了解學員的目標以及目前身體的狀況、組成 (inbody)。在這些流程結束後開始讓學員體驗課程。(上體驗課程前，會先與您聯繫預期想體驗的課程。) 200 2 堂 https://images.unsplash.com/photo-1571019614242-c5c5dee9f50b?ixlib=rb-4.0.3&ixid=M3wxMjA3fDB8MHxwaG90by1wYWdlfHx8fGVufDB8fHx8fA%3D%3D&auto=format&fit=crop&w=2070&q=80 拉基 true} {1 CK內衣組 CK內衣 我的超人 1980 3 1  性感 true}]"
time="2023-07-17 03:37:57" level=info msg="國別碼2碼: XZ"
time="2023-07-17 03:37:57" level=info msg="國別碼3碼: XZZ"
time="2023-07-17 03:37:57" level=info msg="國家全名: IANA Special-Purpose Address"
time="2023-07-17 03:37:57" level=info msg="取得商品資料[{15 b  1200 10    true} {14 a  1200 123    false} {7 TRX 123 500 1 堂  課程 true} {6 ck男生內褲 CK內褲 1980 3 1  性感 true} {3 哈達瑜珈 本課程適合首次來上課的人，一開始會先帶學員了解場館以及場館內的各式課程，並了解學員的目標以及目前身體的狀況、組成 (inbody)。在這些流程結束後開始讓學員體驗課程。(上體驗課程前，會先與您聯繫預期想體驗的課程。) 200 2 堂 https://images.unsplash.com/photo-1571019614242-c5c5dee9f50b?ixlib=rb-4.0.3&ixid=M3wxMjA3fDB8MHxwaG90by1wYWdlfHx8fGVufDB8fHx8fA%3D%3D&auto=format&fit=crop&w=2070&q=80 拉基 true} {1 CK內衣組 CK內衣 我的超人 1980 3 1  性感 true}]"
time="2023-07-17 03:39:13" level=info msg="國別碼2碼: XZ"
time="2023-07-17 03:39:13" level=info msg="國別碼3碼: XZZ"
time="2023-07-17 03:39:13" level=info msg="國家全名: IANA Special-Purpose Address"
time="2023-07-17 03:39:13" level=info msg="取得商品資料[{15 b  1200 10    true} {14 a  1200 123    false} {7 TRX 123 500 1 堂  課程 true} {6 ck男生內褲 CK內褲 1980 3 1  性感 true} {3 哈達瑜珈 本課程適合首次來上課的人，一開始會先帶學員了解場館以及場館內的各式課程，並了解學員的目標以及目前身體的狀況、組成 (inbody)。在這些流程結束後開始讓學員體驗課程。(上體驗課程前，會先與您聯繫預期想體驗的課程。) 200 2 堂 https://images.unsplash.com/photo-1571019614242-c5c5dee9f50b?ixlib=rb-4.0.3&ixid=M3wxMjA3fDB8MHxwaG90by1wYWdlfHx8fGVufDB8fHx8fA%3D%3D&auto=format&fit=crop&w=2070&q=80 拉基 true} {1 CK內衣組 CK內衣 我的超人 1980 3 1  性感 true}]"
time="2023-07-17 03:39:21" level=info msg="國別碼2碼: XZ"
time="2023-07-17 03:39:21" level=info msg="國別碼3碼: XZZ"
time="2023-07-17 03:39:21" level=info msg="國家全名: IANA Special-Purpose Address"
time="2023-07-17 03:39:21" level=info msg="取得商品資料[{15 b  1200 10    true} {14 a  1200 123    false} {7 TRX 123 500 1 堂  課程 true} {6 ck男生內褲 CK內褲 1980 3 1  性感 true} {3 哈達瑜珈 本課程適合首次來上課的人，一開始會先帶學員了解場館以及場館內的各式課程，並了解學員的目標以及目前身體的狀況、組成 (inbody)。在這些流程結束後開始讓學員體驗課程。(上體驗課程前，會先與您聯繫預期想體驗的課程。) 200 2 堂 https://images.unsplash.com/photo-1571019614242-c5c5dee9f50b?ixlib=rb-4.0.3&ixid=M3wxMjA3fDB8MHxwaG90by1wYWdlfHx8fGVufDB8fHx8fA%3D%3D&auto=format&fit=crop&w=2070&q=80 拉基 true} {1 CK內衣組 CK內衣 我的超人 1980 3 1  性感 true}]"
time="2023-07-17 03:39:33" level=info msg="國別碼2碼: XZ"
time="2023-07-17 03:39:33" level=info msg="國別碼3碼: XZZ"
time="2023-07-17 03:39:33" level=info msg="國家全名: IANA Special-Purpose Address"
time="2023-07-17 03:39:33" level=info msg="取得商品資料[{15 b  1200 10    true} {14 a  1200 123    false} {7 TRX 123 500 1 堂  課程 true} {6 ck男生內褲 CK內褲 1980 3 1  性感 true} {3 哈達瑜珈 本課程適合首次來上課的人，一開始會先帶學員了解場館以及場館內的各式課程，並了解學員的目標以及目前身體的狀況、組成 (inbody)。在這些流程結束後開始讓學員體驗課程。(上體驗課程前，會先與您聯繫預期想體驗的課程。) 200 2 堂 https://images.unsplash.com/photo-1571019614242-c5c5dee9f50b?ixlib=rb-4.0.3&ixid=M3wxMjA3fDB8MHxwaG90by1wYWdlfHx8fGVufDB8fHx8fA%3D%3D&auto=format&fit=crop&w=2070&q=80 拉基 true} {1 CK內衣組 CK內衣 我的超人 1980 3 1  性感 true}]"
time="2023-07-17 04:05:07" level=info msg="國別碼2碼: US"
time="2023-07-17 04:05:07" level=info msg="國別碼3碼: USA"
time="2023-07-17 04:05:07" level=info msg="國家全名: United States of America (the)"
time="2023-07-17 04:05:22" level=info msg="國別碼2碼: LT"
time="2023-07-17 04:05:22" level=info msg="國別碼3碼: LTU"
time="2023-07-17 04:05:22" level=info msg="國家全名: Lithuania"
time="2023-07-17 04:09:30" level=info msg="國別碼2碼: XZ"
time="2023-07-17 04:09:30" level=info msg="國別碼3碼: XZZ"
time="2023-07-17 04:09:30" level=info msg="國家全名: IANA Special-Purpose Address"
time="2023-07-17 04:09:30" level=info msg="取得商品資料[{15 b  1200 10    true} {14 a  1200 123    false} {7 TRX 123 500 1 堂  課程 true} {6 ck男生內褲 CK內褲 1980 3 1  性感 true} {3 哈達瑜珈 本課程適合首次來上課的人，一開始會先帶學員了解場館以及場館內的各式課程，並了解學員的目標以及目前身體的狀況、組成 (inbody)。在這些流程結束後開始讓學員體驗課程。(上體驗課程前，會先與您聯繫預期想體驗的課程。) 200 2 堂 https://images.unsplash.com/photo-1571019614242-c5c5dee9f50b?ixlib=rb-4.0.3&ixid=M3wxMjA3fDB8MHxwaG90by1wYWdlfHx8fGVufDB8fHx8fA%3D%3D&auto=format&fit=crop&w=2070&q=80 拉基 true} {1 CK內衣組 CK內衣 我的超人 1980 3 1  性感 true}]"
time="2023-07-17 04:09:47" level=info msg="國別碼2碼: XZ"
time="2023-07-17 04:09:47" level=info msg="國別碼3碼: XZZ"
time="2023-07-17 04:09:47" level=info msg="國家全名: IANA Special-Purpose Address"
time="2023-07-17 04:09:47" level=info msg="取得商品資料[{15 b  1200 10    true} {14 a  1200 123    false} {7 TRX 123 500 1 堂  課程 true} {6 ck男生內褲 CK內褲 1980 3 1  性感 true} {3 哈達瑜珈 本課程適合首次來上課的人，一開始會先帶學員了解場館以及場館內的各式課程，並了解學員的目標以及目前身體的狀況、組成 (inbody)。在這些流程結束後開始讓學員體驗課程。(上體驗課程前，會先與您聯繫預期想體驗的課程。) 200 2 堂 https://images.unsplash.com/photo-1571019614242-c5c5dee9f50b?ixlib=rb-4.0.3&ixid=M3wxMjA3fDB8MHxwaG90by1wYWdlfHx8fGVufDB8fHx8fA%3D%3D&auto=format&fit=crop&w=2070&q=80 拉基 true} {1 CK內衣組 CK內衣 我的超人 1980 3 1  性感 true}]"
time="2023-07-17 04:10:20" level=info msg="國別碼2碼: XZ"
time="2023-07-17 04:10:20" level=info msg="國別碼3碼: XZZ"
time="2023-07-17 04:10:20" level=info msg="國家全名: IANA Special-Purpose Address"
time="2023-07-17 04:10:20" level=info msg="取得商品資料[{15 b  1200 10    true} {14 a  1200 123    false} {7 TRX 123 500 1 堂  課程 true} {6 ck男生內褲 CK內褲 1980 3 1  性感 true} {3 哈達瑜珈 本課程適合首次來上課的人，一開始會先帶學員了解場館以及場館內的各式課程，並了解學員的目標以及目前身體的狀況、組成 (inbody)。在這些流程結束後開始讓學員體驗課程。(上體驗課程前，會先與您聯繫預期想體驗的課程。) 200 2 堂 https://images.unsplash.com/photo-1571019614242-c5c5dee9f50b?ixlib=rb-4.0.3&ixid=M3wxMjA3fDB8MHxwaG90by1wYWdlfHx8fGVufDB8fHx8fA%3D%3D&auto=format&fit=crop&w=2070&q=80 拉基 true} {1 CK內衣組 CK內衣 我的超人 1980 3 1  性感 true}]"
time="2023-07-17 04:10:45" level=info msg="國別碼2碼: XZ"
time="2023-07-17 04:10:45" level=info msg="國別碼3碼: XZZ"
time="2023-07-17 04:10:45" level=info msg="國家全名: IANA Special-Purpose Address"
time="2023-07-17 04:10:45" level=info msg="取得商品資料[{15 b  1200 10    true} {14 a  1200 123    false} {7 TRX 123 500 1 堂  課程 true} {6 ck男生內褲 CK內褲 1980 3 1  性感 true} {3 哈達瑜珈 本課程適合首次來上課的人，一開始會先帶學員了解場館以及場館內的各式課程，並了解學員的目標以及目前身體的狀況、組成 (inbody)。在這些流程結束後開始讓學員體驗課程。(上體驗課程前，會先與您聯繫預期想體驗的課程。) 200 2 堂 https://images.unsplash.com/photo-1571019614242-c5c5dee9f50b?ixlib=rb-4.0.3&ixid=M3wxMjA3fDB8MHxwaG90by1wYWdlfHx8fGVufDB8fHx8fA%3D%3D&auto=format&fit=crop&w=2070&q=80 拉基 true} {1 CK內衣組 CK內衣 我的超人 1980 3 1  性感 true}]"
time="2023-07-17 04:12:02" level=info msg="國別碼2碼: XZ"
time="2023-07-17 04:12:02" level=info msg="國別碼3碼: XZZ"
time="2023-07-17 04:12:02" level=info msg="國家全名: IANA Special-Purpose Address"
time="2023-07-17 04:12:02" level=info msg="取得商品資料[{15 b  1200 10    true} {14 a  1200 123    false} {7 TRX 123 500 1 堂  課程 true} {6 ck男生內褲 CK內褲 1980 3 1  性感 true} {3 哈達瑜珈 本課程適合首次來上課的人，一開始會先帶學員了解場館以及場館內的各式課程，並了解學員的目標以及目前身體的狀況、組成 (inbody)。在這些流程結束後開始讓學員體驗課程。(上體驗課程前，會先與您聯繫預期想體驗的課程。) 200 2 堂 https://images.unsplash.com/photo-1571019614242-c5c5dee9f50b?ixlib=rb-4.0.3&ixid=M3wxMjA3fDB8MHxwaG90by1wYWdlfHx8fGVufDB8fHx8fA%3D%3D&auto=format&fit=crop&w=2070&q=80 拉基 true} {1 CK內衣組 CK內衣 我的超人 1980 3 1  性感 true}]"
time="2023-07-17 04:13:29" level=info msg="國別碼2碼: CA"
time="2023-07-17 04:13:29" level=info msg="國別碼3碼: CAN"
time="2023-07-17 04:13:29" level=info msg="國家全名: Canada"
time="2023-07-17 04:13:30" level=info msg="國別碼2碼: CA"
time="2023-07-17 04:13:30" level=info msg="國別碼3碼: CAN"
time="2023-07-17 04:13:30" level=info msg="國家全名: Canada"
time="2023-07-17 04:49:07" level=info msg="國別碼2碼: CN"
time="2023-07-17 04:49:07" level=info msg="國別碼3碼: CHN"
time="2023-07-17 04:49:07" level=info msg="國家全名: China"
time="2023-07-17 04:53:39" level=info msg="國別碼2碼: US"
time="2023-07-17 04:53:39" level=info msg="國別碼3碼: USA"
time="2023-07-17 04:53:39" level=info msg="國家全名: United States of America (the)"
time="2023-07-17 04:59:06" level=info msg="國別碼2碼: US"
time="2023-07-17 04:59:06" level=info msg="國別碼3碼: USA"
time="2023-07-17 04:59:06" level=info msg="國家全名: United States of America (the)"
time="2023-07-17 04:59:11" level=info msg="國別碼2碼: US"
time="2023-07-17 04:59:11" level=info msg="國別碼3碼: USA"
time="2023-07-17 04:59:11" level=info msg="國家全名: United States of America (the)"
time="2023-07-17 05:08:01" level=info msg="國別碼2碼: XZ"
time="2023-07-17 05:08:01" level=info msg="國別碼3碼: XZZ"
time="2023-07-17 05:08:01" level=info msg="國家全名: IANA Special-Purpose Address"
time="2023-07-17 05:08:01" level=info msg="取得商品資料[{15 b  1200 10    true} {14 a  1200 123    false} {7 TRX 123 500 1 堂  課程 true} {6 ck男生內褲 CK內褲 1980 3 1  性感 true} {3 哈達瑜珈 本課程適合首次來上課的人，一開始會先帶學員了解場館以及場館內的各式課程，並了解學員的目標以及目前身體的狀況、組成 (inbody)。在這些流程結束後開始讓學員體驗課程。(上體驗課程前，會先與您聯繫預期想體驗的課程。) 200 2 堂 https://images.unsplash.com/photo-1571019614242-c5c5dee9f50b?ixlib=rb-4.0.3&ixid=M3wxMjA3fDB8MHxwaG90by1wYWdlfHx8fGVufDB8fHx8fA%3D%3D&auto=format&fit=crop&w=2070&q=80 拉基 true} {1 CK內衣組 CK內衣 我的超人 1980 3 1  性感 true}]"
time="2023-07-17 05:08:18" level=info msg="國別碼2碼: XZ"
time="2023-07-17 05:08:18" level=info msg="國別碼3碼: XZZ"
time="2023-07-17 05:08:18" level=info msg="國家全名: IANA Special-Purpose Address"
time="2023-07-17 05:08:18" level=info msg="取得商品資料[{15 b  1200 10    true} {14 a  1200 123    false} {7 TRX 123 500 1 堂  課程 true} {6 ck男生內褲 CK內褲 1980 3 1  性感 true} {3 哈達瑜珈 本課程適合首次來上課的人，一開始會先帶學員了解場館以及場館內的各式課程，並了解學員的目標以及目前身體的狀況、組成 (inbody)。在這些流程結束後開始讓學員體驗課程。(上體驗課程前，會先與您聯繫預期想體驗的課程。) 200 2 堂 https://images.unsplash.com/photo-1571019614242-c5c5dee9f50b?ixlib=rb-4.0.3&ixid=M3wxMjA3fDB8MHxwaG90by1wYWdlfHx8fGVufDB8fHx8fA%3D%3D&auto=format&fit=crop&w=2070&q=80 拉基 true} {1 CK內衣組 CK內衣 我的超人 1980 3 1  性感 true}]"
time="2023-07-17 05:09:37" level=info msg="國別碼2碼: XZ"
time="2023-07-17 05:09:37" level=info msg="國別碼3碼: XZZ"
time="2023-07-17 05:09:37" level=info msg="國家全名: IANA Special-Purpose Address"
time="2023-07-17 05:09:37" level=info msg="取得商品資料[{15 b  1200 10    true} {14 a  1200 123    false} {7 TRX 123 500 1 堂  課程 true} {6 ck男生內褲 CK內褲 1980 3 1  性感 true} {3 哈達瑜珈 本課程適合首次來上課的人，一開始會先帶學員了解場館以及場館內的各式課程，並了解學員的目標以及目前身體的狀況、組成 (inbody)。在這些流程結束後開始讓學員體驗課程。(上體驗課程前，會先與您聯繫預期想體驗的課程。) 200 2 堂 https://images.unsplash.com/photo-1571019614242-c5c5dee9f50b?ixlib=rb-4.0.3&ixid=M3wxMjA3fDB8MHxwaG90by1wYWdlfHx8fGVufDB8fHx8fA%3D%3D&auto=format&fit=crop&w=2070&q=80 拉基 true} {1 CK內衣組 CK內衣 我的超人 1980 3 1  性感 true}]"
time="2023-07-17 05:11:22" level=info msg="國別碼2碼: XZ"
time="2023-07-17 05:11:22" level=info msg="國別碼3碼: XZZ"
time="2023-07-17 05:11:22" level=info msg="國家全名: IANA Special-Purpose Address"
time="2023-07-17 05:11:22" level=info msg="取得商品資料[{15 b  1200 10    true} {14 a  1200 123    false} {7 TRX 123 500 1 堂  課程 true} {6 ck男生內褲 CK內褲 1980 3 1  性感 true} {3 哈達瑜珈 本課程適合首次來上課的人，一開始會先帶學員了解場館以及場館內的各式課程，並了解學員的目標以及目前身體的狀況、組成 (inbody)。在這些流程結束後開始讓學員體驗課程。(上體驗課程前，會先與您聯繫預期想體驗的課程。) 200 2 堂 https://images.unsplash.com/photo-1571019614242-c5c5dee9f50b?ixlib=rb-4.0.3&ixid=M3wxMjA3fDB8MHxwaG90by1wYWdlfHx8fGVufDB8fHx8fA%3D%3D&auto=format&fit=crop&w=2070&q=80 拉基 true} {1 CK內衣組 CK內衣 我的超人 1980 3 1  性感 true}]"
time="2023-07-17 05:12:04" level=info msg="國別碼2碼: XZ"
time="2023-07-17 05:12:04" level=info msg="國別碼3碼: XZZ"
time="2023-07-17 05:12:04" level=info msg="國家全名: IANA Special-Purpose Address"
time="2023-07-17 05:12:04" level=info msg="取得商品資料[{15 b  1200 10    true} {14 a  1200 123    false} {7 TRX 123 500 1 堂  課程 true} {6 ck男生內褲 CK內褲 1980 3 1  性感 true} {3 哈達瑜珈 本課程適合首次來上課的人，一開始會先帶學員了解場館以及場館內的各式課程，並了解學員的目標以及目前身體的狀況、組成 (inbody)。在這些流程結束後開始讓學員體驗課程。(上體驗課程前，會先與您聯繫預期想體驗的課程。) 200 2 堂 https://images.unsplash.com/photo-1571019614242-c5c5dee9f50b?ixlib=rb-4.0.3&ixid=M3wxMjA3fDB8MHxwaG90by1wYWdlfHx8fGVufDB8fHx8fA%3D%3D&auto=format&fit=crop&w=2070&q=80 拉基 true} {1 CK內衣組 CK內衣 我的超人 1980 3 1  性感 true}]"
time="2023-07-17 05:12:10" level=info msg="國別碼2碼: XZ"
time="2023-07-17 05:12:10" level=info msg="國別碼3碼: XZZ"
time="2023-07-17 05:12:10" level=info msg="國家全名: IANA Special-Purpose Address"
time="2023-07-17 05:12:10" level=info msg="取得商品資料[{15 b  1200 10    true} {14 a  1200 123    false} {7 TRX 123 500 1 堂  課程 true} {6 ck男生內褲 CK內褲 1980 3 1  性感 true} {3 哈達瑜珈 本課程適合首次來上課的人，一開始會先帶學員了解場館以及場館內的各式課程，並了解學員的目標以及目前身體的狀況、組成 (inbody)。在這些流程結束後開始讓學員體驗課程。(上體驗課程前，會先與您聯繫預期想體驗的課程。) 200 2 堂 https://images.unsplash.com/photo-1571019614242-c5c5dee9f50b?ixlib=rb-4.0.3&ixid=M3wxMjA3fDB8MHxwaG90by1wYWdlfHx8fGVufDB8fHx8fA%3D%3D&auto=format&fit=crop&w=2070&q=80 拉基 true} {1 CK內衣組 CK內衣 我的超人 1980 3 1  性感 true}]"
time="2023-07-17 05:12:26" level=info msg="國別碼2碼: XZ"
time="2023-07-17 05:12:26" level=info msg="國別碼3碼: XZZ"
time="2023-07-17 05:12:26" level=info msg="國家全名: IANA Special-Purpose Address"
time="2023-07-17 05:12:26" level=info msg="取得商品資料[{15 b  1200 10    true} {14 a  1200 123    false} {7 TRX 123 500 1 堂  課程 true} {6 ck男生內褲 CK內褲 1980 3 1  性感 true} {3 哈達瑜珈 本課程適合首次來上課的人，一開始會先帶學員了解場館以及場館內的各式課程，並了解學員的目標以及目前身體的狀況、組成 (inbody)。在這些流程結束後開始讓學員體驗課程。(上體驗課程前，會先與您聯繫預期想體驗的課程。) 200 2 堂 https://images.unsplash.com/photo-1571019614242-c5c5dee9f50b?ixlib=rb-4.0.3&ixid=M3wxMjA3fDB8MHxwaG90by1wYWdlfHx8fGVufDB8fHx8fA%3D%3D&auto=format&fit=crop&w=2070&q=80 拉基 true} {1 CK內衣組 CK內衣 我的超人 1980 3 1  性感 true}]"
time="2023-07-17 05:12:41" level=info msg="國別碼2碼: XZ"
time="2023-07-17 05:12:41" level=info msg="國別碼3碼: XZZ"
time="2023-07-17 05:12:41" level=info msg="國家全名: IANA Special-Purpose Address"
time="2023-07-17 05:12:41" level=info msg="取得商品資料[{15 b  1200 10    true} {14 a  1200 123    false} {7 TRX 123 500 1 堂  課程 true} {6 ck男生內褲 CK內褲 1980 3 1  性感 true} {3 哈達瑜珈 本課程適合首次來上課的人，一開始會先帶學員了解場館以及場館內的各式課程，並了解學員的目標以及目前身體的狀況、組成 (inbody)。在這些流程結束後開始讓學員體驗課程。(上體驗課程前，會先與您聯繫預期想體驗的課程。) 200 2 堂 https://images.unsplash.com/photo-1571019614242-c5c5dee9f50b?ixlib=rb-4.0.3&ixid=M3wxMjA3fDB8MHxwaG90by1wYWdlfHx8fGVufDB8fHx8fA%3D%3D&auto=format&fit=crop&w=2070&q=80 拉基 true} {1 CK內衣組 CK內衣 我的超人 1980 3 1  性感 true}]"
time="2023-07-17 05:12:53" level=info msg="國別碼2碼: XZ"
time="2023-07-17 05:12:53" level=info msg="國別碼3碼: XZZ"
time="2023-07-17 05:12:53" level=info msg="國家全名: IANA Special-Purpose Address"
time="2023-07-17 05:12:53" level=info msg="取得商品資料[{15 b  1200 10    true} {14 a  1200 123    false} {7 TRX 123 500 1 堂  課程 true} {6 ck男生內褲 CK內褲 1980 3 1  性感 true} {3 哈達瑜珈 本課程適合首次來上課的人，一開始會先帶學員了解場館以及場館內的各式課程，並了解學員的目標以及目前身體的狀況、組成 (inbody)。在這些流程結束後開始讓學員體驗課程。(上體驗課程前，會先與您聯繫預期想體驗的課程。) 200 2 堂 https://images.unsplash.com/photo-1571019614242-c5c5dee9f50b?ixlib=rb-4.0.3&ixid=M3wxMjA3fDB8MHxwaG90by1wYWdlfHx8fGVufDB8fHx8fA%3D%3D&auto=format&fit=crop&w=2070&q=80 拉基 true} {1 CK內衣組 CK內衣 我的超人 1980 3 1  性感 true}]"
time="2023-07-17 05:13:36" level=info msg="國別碼2碼: XZ"
time="2023-07-17 05:13:36" level=info msg="國別碼3碼: XZZ"
time="2023-07-17 05:13:36" level=info msg="國家全名: IANA Special-Purpose Address"
time="2023-07-17 05:13:36" level=info msg="取得商品資料[{15 b  1200 10    true} {14 a  1200 123    false} {7 TRX 123 500 1 堂  課程 true} {6 ck男生內褲 CK內褲 1980 3 1  性感 true} {3 哈達瑜珈 本課程適合首次來上課的人，一開始會先帶學員了解場館以及場館內的各式課程，並了解學員的目標以及目前身體的狀況、組成 (inbody)。在這些流程結束後開始讓學員體驗課程。(上體驗課程前，會先與您聯繫預期想體驗的課程。) 200 2 堂 https://images.unsplash.com/photo-1571019614242-c5c5dee9f50b?ixlib=rb-4.0.3&ixid=M3wxMjA3fDB8MHxwaG90by1wYWdlfHx8fGVufDB8fHx8fA%3D%3D&auto=format&fit=crop&w=2070&q=80 拉基 true} {1 CK內衣組 CK內衣 我的超人 1980 3 1  性感 true}]"
time="2023-07-17 05:13:44" level=info msg="國別碼2碼: XZ"
time="2023-07-17 05:13:44" level=info msg="國別碼3碼: XZZ"
time="2023-07-17 05:13:44" level=info msg="國家全名: IANA Special-Purpose Address"
time="2023-07-17 05:13:44" level=info msg="取得商品資料[{15 b  1200 10    true} {14 a  1200 123    false} {7 TRX 123 500 1 堂  課程 true} {6 ck男生內褲 CK內褲 1980 3 1  性感 true} {3 哈達瑜珈 本課程適合首次來上課的人，一開始會先帶學員了解場館以及場館內的各式課程，並了解學員的目標以及目前身體的狀況、組成 (inbody)。在這些流程結束後開始讓學員體驗課程。(上體驗課程前，會先與您聯繫預期想體驗的課程。) 200 2 堂 https://images.unsplash.com/photo-1571019614242-c5c5dee9f50b?ixlib=rb-4.0.3&ixid=M3wxMjA3fDB8MHxwaG90by1wYWdlfHx8fGVufDB8fHx8fA%3D%3D&auto=format&fit=crop&w=2070&q=80 拉基 true} {1 CK內衣組 CK內衣 我的超人 1980 3 1  性感 true}]"
time="2023-07-17 05:13:52" level=info msg="國別碼2碼: XZ"
time="2023-07-17 05:13:52" level=info msg="國別碼3碼: XZZ"
time="2023-07-17 05:13:52" level=info msg="國家全名: IANA Special-Purpose Address"
time="2023-07-17 05:13:52" level=info msg="取得商品資料[{15 b  1200 10    true} {14 a  1200 123    false} {7 TRX 123 500 1 堂  課程 true} {6 ck男生內褲 CK內褲 1980 3 1  性感 true} {3 哈達瑜珈 本課程適合首次來上課的人，一開始會先帶學員了解場館以及場館內的各式課程，並了解學員的目標以及目前身體的狀況、組成 (inbody)。在這些流程結束後開始讓學員體驗課程。(上體驗課程前，會先與您聯繫預期想體驗的課程。) 200 2 堂 https://images.unsplash.com/photo-1571019614242-c5c5dee9f50b?ixlib=rb-4.0.3&ixid=M3wxMjA3fDB8MHxwaG90by1wYWdlfHx8fGVufDB8fHx8fA%3D%3D&auto=format&fit=crop&w=2070&q=80 拉基 true} {1 CK內衣組 CK內衣 我的超人 1980 3 1  性感 true}]"
time="2023-07-17 05:13:58" level=info msg="國別碼2碼: XZ"
time="2023-07-17 05:13:58" level=info msg="國別碼3碼: XZZ"
time="2023-07-17 05:13:58" level=info msg="國家全名: IANA Special-Purpose Address"
time="2023-07-17 05:13:58" level=info msg="取得商品資料[{15 b  1200 10    true} {14 a  1200 123    false} {7 TRX 123 500 1 堂  課程 true} {6 ck男生內褲 CK內褲 1980 3 1  性感 true} {3 哈達瑜珈 本課程適合首次來上課的人，一開始會先帶學員了解場館以及場館內的各式課程，並了解學員的目標以及目前身體的狀況、組成 (inbody)。在這些流程結束後開始讓學員體驗課程。(上體驗課程前，會先與您聯繫預期想體驗的課程。) 200 2 堂 https://images.unsplash.com/photo-1571019614242-c5c5dee9f50b?ixlib=rb-4.0.3&ixid=M3wxMjA3fDB8MHxwaG90by1wYWdlfHx8fGVufDB8fHx8fA%3D%3D&auto=format&fit=crop&w=2070&q=80 拉基 true} {1 CK內衣組 CK內衣 我的超人 1980 3 1  性感 true}]"
time="2023-07-17 05:17:57" level=info msg="國別碼2碼: XZ"
time="2023-07-17 05:17:57" level=info msg="國別碼3碼: XZZ"
time="2023-07-17 05:17:57" level=info msg="國家全名: IANA Special-Purpose Address"
time="2023-07-17 05:17:57" level=info msg="取得商品資料[{15 b  1200 10    true} {14 a  1200 123    false} {7 TRX 123 500 1 堂  課程 true} {6 ck男生內褲 CK內褲 1980 3 1  性感 true} {3 哈達瑜珈 本課程適合首次來上課的人，一開始會先帶學員了解場館以及場館內的各式課程，並了解學員的目標以及目前身體的狀況、組成 (inbody)。在這些流程結束後開始讓學員體驗課程。(上體驗課程前，會先與您聯繫預期想體驗的課程。) 200 2 堂 https://images.unsplash.com/photo-1571019614242-c5c5dee9f50b?ixlib=rb-4.0.3&ixid=M3wxMjA3fDB8MHxwaG90by1wYWdlfHx8fGVufDB8fHx8fA%3D%3D&auto=format&fit=crop&w=2070&q=80 拉基 true} {1 CK內衣組 CK內衣 我的超人 1980 3 1  性感 true}]"
time="2023-07-17 05:18:02" level=info msg="國別碼2碼: XZ"
time="2023-07-17 05:18:02" level=info msg="國別碼3碼: XZZ"
time="2023-07-17 05:18:02" level=info msg="國家全名: IANA Special-Purpose Address"
time="2023-07-17 05:18:02" level=info msg="取得商品資料[{15 b  1200 10    true} {14 a  1200 123    false} {7 TRX 123 500 1 堂  課程 true} {6 ck男生內褲 CK內褲 1980 3 1  性感 true} {3 哈達瑜珈 本課程適合首次來上課的人，一開始會先帶學員了解場館以及場館內的各式課程，並了解學員的目標以及目前身體的狀況、組成 (inbody)。在這些流程結束後開始讓學員體驗課程。(上體驗課程前，會先與您聯繫預期想體驗的課程。) 200 2 堂 https://images.unsplash.com/photo-1571019614242-c5c5dee9f50b?ixlib=rb-4.0.3&ixid=M3wxMjA3fDB8MHxwaG90by1wYWdlfHx8fGVufDB8fHx8fA%3D%3D&auto=format&fit=crop&w=2070&q=80 拉基 true} {1 CK內衣組 CK內衣 我的超人 1980 3 1  性感 true}]"
time="2023-07-17 05:18:14" level=info msg="國別碼2碼: XZ"
time="2023-07-17 05:18:14" level=info msg="國別碼3碼: XZZ"
time="2023-07-17 05:18:14" level=info msg="國家全名: IANA Special-Purpose Address"
time="2023-07-17 05:18:14" level=info msg="取得商品資料[{15 b  1200 10    true} {14 a  1200 123    false} {7 TRX 123 500 1 堂  課程 true} {6 ck男生內褲 CK內褲 1980 3 1  性感 true} {3 哈達瑜珈 本課程適合首次來上課的人，一開始會先帶學員了解場館以及場館內的各式課程，並了解學員的目標以及目前身體的狀況、組成 (inbody)。在這些流程結束後開始讓學員體驗課程。(上體驗課程前，會先與您聯繫預期想體驗的課程。) 200 2 堂 https://images.unsplash.com/photo-1571019614242-c5c5dee9f50b?ixlib=rb-4.0.3&ixid=M3wxMjA3fDB8MHxwaG90by1wYWdlfHx8fGVufDB8fHx8fA%3D%3D&auto=format&fit=crop&w=2070&q=80 拉基 true} {1 CK內衣組 CK內衣 我的超人 1980 3 1  性感 true}]"
time="2023-07-17 05:46:21" level=info msg="國別碼2碼: US"
time="2023-07-17 05:46:21" level=info msg="國別碼3碼: USA"
time="2023-07-17 05:46:21" level=info msg="國家全名: United States of America (the)"
time="2023-07-17 05:52:59" level=info msg="國別碼2碼: US"
time="2023-07-17 05:52:59" level=info msg="國別碼3碼: USA"
time="2023-07-17 05:52:59" level=info msg="國家全名: United States of America (the)"
time="2023-07-17 05:54:50" level=info msg="國別碼2碼: CN"
time="2023-07-17 05:54:50" level=info msg="國別碼3碼: CHN"
time="2023-07-17 05:54:50" level=info msg="國家全名: China"
time="2023-07-17 05:54:51" level=info msg="國別碼2碼: CN"
time="2023-07-17 05:54:51" level=info msg="國別碼3碼: CHN"
time="2023-07-17 05:54:51" level=info msg="國家全名: China"
time="2023-07-17 05:54:52" level=info msg="國別碼2碼: CN"
time="2023-07-17 05:54:52" level=info msg="國別碼3碼: CHN"
time="2023-07-17 05:54:52" level=info msg="國家全名: China"
time="2023-07-17 06:28:21" level=info msg="國別碼2碼: CA"
time="2023-07-17 06:28:21" level=info msg="國別碼3碼: CAN"
time="2023-07-17 06:28:21" level=info msg="國家全名: Canada"
time="2023-07-17 06:28:22" level=info msg="國別碼2碼: CA"
time="2023-07-17 06:28:22" level=info msg="國別碼3碼: CAN"
time="2023-07-17 06:28:22" level=info msg="國家全名: Canada"
time="2023-07-17 07:20:04" level=info msg="國別碼2碼: DE"
time="2023-07-17 07:20:04" level=info msg="國別碼3碼: DEU"
time="2023-07-17 07:20:04" level=info msg="國家全名: Germany"
time="2023-07-17 07:33:57" level=info msg="國別碼2碼: US"
time="2023-07-17 07:33:57" level=info msg="國別碼3碼: USA"
time="2023-07-17 07:33:57" level=info msg="國家全名: United States of America (the)"
time="2023-07-17 07:47:32" level=info msg="國別碼2碼: CA"
time="2023-07-17 07:47:32" level=info msg="國別碼3碼: CAN"
time="2023-07-17 07:47:32" level=info msg="國家全名: Canada"
time="2023-07-17 07:47:33" level=info msg="國別碼2碼: CA"
time="2023-07-17 07:47:33" level=info msg="國別碼3碼: CAN"
time="2023-07-17 07:47:33" level=info msg="國家全名: Canada"
time="2023-07-17 07:55:35" level=info msg="國別碼2碼: US"
time="2023-07-17 07:55:35" level=info msg="國別碼3碼: USA"
time="2023-07-17 07:55:35" level=info msg="國家全名: United States of America (the)"
time="2023-07-17 07:55:36" level=info msg="國別碼2碼: US"
time="2023-07-17 07:55:36" level=info msg="國別碼3碼: USA"
time="2023-07-17 07:55:36" level=info msg="國家全名: United States of America (the)"
time="2023-07-17 07:55:41" level=info msg="國別碼2碼: US"
time="2023-07-17 07:55:41" level=info msg="國別碼3碼: USA"
time="2023-07-17 07:55:41" level=info msg="國家全名: United States of America (the)"
time="2023-07-17 08:35:09" level=info msg="國別碼2碼: US"
time="2023-07-17 08:35:09" level=info msg="國別碼3碼: USA"
time="2023-07-17 08:35:09" level=info msg="國家全名: United States of America (the)"
time="2023-07-17 08:40:02" level=info msg="國別碼2碼: US"
time="2023-07-17 08:40:02" level=info msg="國別碼3碼: USA"
time="2023-07-17 08:40:02" level=info msg="國家全名: United States of America (the)"
time="2023-07-17 08:53:18" level=info msg="國別碼2碼: US"
time="2023-07-17 08:53:18" level=info msg="國別碼3碼: USA"
time="2023-07-17 08:53:18" level=info msg="國家全名: United States of America (the)"
time="2023-07-17 08:56:56" level=info msg="國別碼2碼: US"
time="2023-07-17 08:56:56" level=info msg="國別碼3碼: USA"
time="2023-07-17 08:56:56" level=info msg="國家全名: United States of America (the)"
time="2023-07-17 08:58:02" level=info msg="國別碼2碼: CA"
time="2023-07-17 08:58:02" level=info msg="國別碼3碼: CAN"
time="2023-07-17 08:58:02" level=info msg="國家全名: Canada"
time="2023-07-17 08:58:02" level=info msg="國別碼2碼: CA"
time="2023-07-17 08:58:02" level=info msg="國別碼3碼: CAN"
time="2023-07-17 08:58:02" level=info msg="國家全名: Canada"
time="2023-07-17 09:23:34" level=info msg="國別碼2碼: CA"
time="2023-07-17 09:23:34" level=info msg="國別碼3碼: CAN"
time="2023-07-17 09:23:34" level=info msg="國家全名: Canada"
time="2023-07-17 09:23:37" level=info msg="國別碼2碼: CA"
time="2023-07-17 09:23:37" level=info msg="國別碼3碼: CAN"
time="2023-07-17 09:23:37" level=info msg="國家全名: Canada"
time="2023-07-17 09:26:58" level=info msg="國別碼2碼: US"
time="2023-07-17 09:26:58" level=info msg="國別碼3碼: USA"
time="2023-07-17 09:26:58" level=info msg="國家全名: United States of America (the)"
time="2023-07-17 09:33:41" level=info msg="國別碼2碼: CN"
time="2023-07-17 09:33:41" level=info msg="國別碼3碼: CHN"
time="2023-07-17 09:33:41" level=info msg="國家全名: China"
time="2023-07-17 09:33:42" level=info msg="國別碼2碼: CN"
time="2023-07-17 09:33:42" level=info msg="國別碼3碼: CHN"
time="2023-07-17 09:33:42" level=info msg="國家全名: China"
time="2023-07-17 09:33:43" level=info msg="國別碼2碼: CN"
time="2023-07-17 09:33:43" level=info msg="國別碼3碼: CHN"
time="2023-07-17 09:33:43" level=info msg="國家全名: China"
time="2023-07-17 10:07:42" level=info msg="國別碼2碼: US"
time="2023-07-17 10:07:42" level=info msg="國別碼3碼: USA"
time="2023-07-17 10:07:42" level=info msg="國家全名: United States of America (the)"
time="2023-07-17 10:11:01" level=info msg="國別碼2碼: RO"
time="2023-07-17 10:11:01" level=info msg="國別碼3碼: ROU"
time="2023-07-17 10:11:01" level=info msg="國家全名: Romania"
time="2023-07-17 10:12:17" level=info msg="國別碼2碼: CA"
time="2023-07-17 10:12:17" level=info msg="國別碼3碼: CAN"
time="2023-07-17 10:12:17" level=info msg="國家全名: Canada"
time="2023-07-17 10:12:18" level=info msg="國別碼2碼: CA"
time="2023-07-17 10:12:18" level=info msg="國別碼3碼: CAN"
time="2023-07-17 10:12:18" level=info msg="國家全名: Canada"
time="2023-07-17 10:22:19" level=info msg="國別碼2碼: US"
time="2023-07-17 10:22:19" level=info msg="國別碼3碼: USA"
time="2023-07-17 10:22:19" level=info msg="國家全名: United States of America (the)"
time="2023-07-17 10:59:40" level=info msg="國別碼2碼: RU"
time="2023-07-17 10:59:40" level=info msg="國別碼3碼: RUS"
time="2023-07-17 10:59:40" level=info msg="國家全名: Russian Federation (the)"
time="2023-07-17 10:59:41" level=info msg="國別碼2碼: RU"
time="2023-07-17 10:59:41" level=info msg="國別碼3碼: RUS"
time="2023-07-17 10:59:41" level=info msg="國家全名: Russian Federation (the)"
time="2023-07-17 10:59:48" level=info msg="國別碼2碼: RU"
time="2023-07-17 10:59:48" level=info msg="國別碼3碼: RUS"
time="2023-07-17 10:59:48" level=info msg="國家全名: Russian Federation (the)"
time="2023-07-17 11:00:09" level=info msg="國別碼2碼: RU"
time="2023-07-17 11:00:09" level=info msg="國別碼3碼: RUS"
time="2023-07-17 11:00:09" level=info msg="國家全名: Russian Federation (the)"
time="2023-07-17 11:00:09" level=info msg="國別碼2碼: RU"
time="2023-07-17 11:00:09" level=info msg="國別碼3碼: RUS"
time="2023-07-17 11:00:09" level=info msg="國家全名: Russian Federation (the)"
time="2023-07-17 11:00:09" level=info msg="國別碼2碼: RU"
time="2023-07-17 11:00:09" level=info msg="國別碼3碼: RUS"
time="2023-07-17 11:00:09" level=info msg="國家全名: Russian Federation (the)"
time="2023-07-17 11:00:09" level=info msg="國別碼2碼: RU"
time="2023-07-17 11:00:09" level=info msg="國別碼3碼: RUS"
time="2023-07-17 11:00:09" level=info msg="國家全名: Russian Federation (the)"
time="2023-07-17 11:00:09" level=info msg="國別碼2碼: RU"
time="2023-07-17 11:00:09" level=info msg="國別碼3碼: RUS"
time="2023-07-17 11:00:09" level=info msg="國家全名: Russian Federation (the)"
time="2023-07-17 11:00:09" level=info msg="國別碼2碼: RU"
time="2023-07-17 11:00:09" level=info msg="國別碼3碼: RUS"
time="2023-07-17 11:00:09" level=info msg="國家全名: Russian Federation (the)"
time="2023-07-17 11:00:09" level=info msg="國別碼2碼: RU"
time="2023-07-17 11:00:09" level=info msg="國別碼3碼: RUS"
time="2023-07-17 11:00:09" level=info msg="國家全名: Russian Federation (the)"
time="2023-07-17 11:00:09" level=info msg="國別碼2碼: RU"
time="2023-07-17 11:00:09" level=info msg="國別碼3碼: RUS"
time="2023-07-17 11:00:09" level=info msg="國家全名: Russian Federation (the)"
time="2023-07-17 11:00:09" level=info msg="國別碼2碼: RU"
time="2023-07-17 11:00:09" level=info msg="國別碼3碼: RUS"
time="2023-07-17 11:00:09" level=info msg="國家全名: Russian Federation (the)"
time="2023-07-17 11:00:09" level=info msg="國別碼2碼: RU"
time="2023-07-17 11:00:09" level=info msg="國別碼3碼: RUS"
time="2023-07-17 11:00:09" level=info msg="國家全名: Russian Federation (the)"
time="2023-07-17 11:00:09" level=info msg="國別碼2碼: RU"
time="2023-07-17 11:00:09" level=info msg="國別碼3碼: RUS"
time="2023-07-17 11:00:09" level=info msg="國家全名: Russian Federation (the)"
time="2023-07-17 11:00:10" level=info msg="國別碼2碼: RU"
time="2023-07-17 11:00:10" level=info msg="國別碼3碼: RUS"
time="2023-07-17 11:00:10" level=info msg="國家全名: Russian Federation (the)"
time="2023-07-17 11:00:10" level=info msg="國別碼2碼: RU"
time="2023-07-17 11:00:10" level=info msg="國別碼3碼: RUS"
time="2023-07-17 11:00:10" level=info msg="國家全名: Russian Federation (the)"
time="2023-07-17 11:00:10" level=info msg="國別碼2碼: RU"
time="2023-07-17 11:00:10" level=info msg="國別碼3碼: RUS"
time="2023-07-17 11:00:10" level=info msg="國家全名: Russian Federation (the)"
time="2023-07-17 11:00:10" level=info msg="國別碼2碼: RU"
time="2023-07-17 11:00:10" level=info msg="國別碼3碼: RUS"
time="2023-07-17 11:00:10" level=info msg="國家全名: Russian Federation (the)"
time="2023-07-17 11:00:10" level=info msg="國別碼2碼: RU"
time="2023-07-17 11:00:10" level=info msg="國別碼3碼: RUS"
time="2023-07-17 11:00:10" level=info msg="國家全名: Russian Federation (the)"
time="2023-07-17 11:00:10" level=info msg="國別碼2碼: RU"
time="2023-07-17 11:00:10" level=info msg="國別碼3碼: RUS"
time="2023-07-17 11:00:10" level=info msg="國家全名: Russian Federation (the)"
time="2023-07-17 11:00:10" level=info msg="國別碼2碼: RU"
time="2023-07-17 11:00:10" level=info msg="國別碼3碼: RUS"
time="2023-07-17 11:00:10" level=info msg="國家全名: Russian Federation (the)"
time="2023-07-17 11:00:10" level=info msg="國別碼2碼: RU"
time="2023-07-17 11:00:10" level=info msg="國別碼3碼: RUS"
time="2023-07-17 11:00:10" level=info msg="國家全名: Russian Federation (the)"
time="2023-07-17 11:00:11" level=info msg="國別碼2碼: RU"
time="2023-07-17 11:00:11" level=info msg="國別碼3碼: RUS"
time="2023-07-17 11:00:11" level=info msg="國家全名: Russian Federation (the)"
time="2023-07-17 11:00:11" level=info msg="國別碼2碼: RU"
time="2023-07-17 11:00:11" level=info msg="國別碼3碼: RUS"
time="2023-07-17 11:00:11" level=info msg="國家全名: Russian Federation (the)"
time="2023-07-17 11:00:11" level=info msg="國別碼2碼: RU"
time="2023-07-17 11:00:11" level=info msg="國別碼3碼: RUS"
time="2023-07-17 11:00:11" level=info msg="國家全名: Russian Federation (the)"
time="2023-07-17 11:00:11" level=info msg="國別碼2碼: RU"
time="2023-07-17 11:00:11" level=info msg="國別碼3碼: RUS"
time="2023-07-17 11:00:11" level=info msg="國家全名: Russian Federation (the)"
time="2023-07-17 11:00:11" level=info msg="國別碼2碼: RU"
time="2023-07-17 11:00:11" level=info msg="國別碼3碼: RUS"
time="2023-07-17 11:00:11" level=info msg="國家全名: Russian Federation (the)"
time="2023-07-17 11:00:12" level=info msg="國別碼2碼: RU"
time="2023-07-17 11:00:12" level=info msg="國別碼3碼: RUS"
time="2023-07-17 11:00:12" level=info msg="國家全名: Russian Federation (the)"
time="2023-07-17 11:00:12" level=info msg="國別碼2碼: RU"
time="2023-07-17 11:00:12" level=info msg="國別碼3碼: RUS"
time="2023-07-17 11:00:12" level=info msg="國家全名: Russian Federation (the)"
time="2023-07-17 11:00:12" level=info msg="國別碼2碼: RU"
time="2023-07-17 11:00:12" level=info msg="國別碼3碼: RUS"
time="2023-07-17 11:00:12" level=info msg="國家全名: Russian Federation (the)"
time="2023-07-17 11:00:12" level=info msg="國別碼2碼: RU"
time="2023-07-17 11:00:12" level=info msg="國別碼3碼: RUS"
time="2023-07-17 11:00:12" level=info msg="國家全名: Russian Federation (the)"
time="2023-07-17 11:00:13" level=info msg="國別碼2碼: RU"
time="2023-07-17 11:00:13" level=info msg="國別碼3碼: RUS"
time="2023-07-17 11:00:13" level=info msg="國家全名: Russian Federation (the)"
time="2023-07-17 11:00:15" level=info msg="國別碼2碼: RU"
time="2023-07-17 11:00:15" level=info msg="國別碼3碼: RUS"
time="2023-07-17 11:00:15" level=info msg="國家全名: Russian Federation (the)"
time="2023-07-17 11:00:16" level=info msg="國別碼2碼: RU"
time="2023-07-17 11:00:16" level=info msg="國別碼3碼: RUS"
time="2023-07-17 11:00:16" level=info msg="國家全名: Russian Federation (the)"
time="2023-07-17 11:00:18" level=info msg="國別碼2碼: RU"
time="2023-07-17 11:00:18" level=info msg="國別碼3碼: RUS"
time="2023-07-17 11:00:18" level=info msg="國家全名: Russian Federation (the)"
time="2023-07-17 11:00:19" level=info msg="國別碼2碼: RU"
time="2023-07-17 11:00:19" level=info msg="國別碼3碼: RUS"
time="2023-07-17 11:00:19" level=info msg="國家全名: Russian Federation (the)"
time="2023-07-17 11:03:03" level=info msg="國別碼2碼: US"
time="2023-07-17 11:03:03" level=info msg="國別碼3碼: USA"
time="2023-07-17 11:03:03" level=info msg="國家全名: United States of America (the)"
time="2023-07-17 11:08:04" level=info msg="國別碼2碼: US"
time="2023-07-17 11:08:04" level=info msg="國別碼3碼: USA"
time="2023-07-17 11:08:04" level=info msg="國家全名: United States of America (the)"
time="2023-07-17 11:08:46" level=info msg="國別碼2碼: CA"
time="2023-07-17 11:08:46" level=info msg="國別碼3碼: CAN"
time="2023-07-17 11:08:46" level=info msg="國家全名: Canada"
time="2023-07-17 11:08:47" level=info msg="國別碼2碼: CA"
time="2023-07-17 11:08:47" level=info msg="國別碼3碼: CAN"
time="2023-07-17 11:08:47" level=info msg="國家全名: Canada"
time="2023-07-17 11:09:24" level=info msg="國別碼2碼: US"
time="2023-07-17 11:09:24" level=info msg="國別碼3碼: USA"
time="2023-07-17 11:09:24" level=info msg="國家全名: United States of America (the)"
time="2023-07-17 11:10:08" level=info msg="國別碼2碼: US"
time="2023-07-17 11:10:08" level=info msg="國別碼3碼: USA"
time="2023-07-17 11:10:08" level=info msg="國家全名: United States of America (the)"
time="2023-07-17 11:24:16" level=info msg="國別碼2碼: BE"
time="2023-07-17 11:24:16" level=info msg="國別碼3碼: BEL"
time="2023-07-17 11:24:16" level=info msg="國家全名: Belgium"
time="2023-07-17 11:29:51" level=info msg="國別碼2碼: GB"
time="2023-07-17 11:29:51" level=info msg="國別碼3碼: GBR"
time="2023-07-17 11:29:51" level=info msg="國家全名: United Kingdom of Great Britain and Northern Ireland (the)"
time="2023-07-17 11:46:22" level=info msg="國別碼2碼: CA"
time="2023-07-17 11:46:22" level=info msg="國別碼3碼: CAN"
time="2023-07-17 11:46:22" level=info msg="國家全名: Canada"
time="2023-07-17 11:46:23" level=info msg="國別碼2碼: CA"
time="2023-07-17 11:46:23" level=info msg="國別碼3碼: CAN"
time="2023-07-17 11:46:23" level=info msg="國家全名: Canada"
time="2023-07-17 12:14:03" level=info msg="國別碼2碼: US"
time="2023-07-17 12:14:03" level=info msg="國別碼3碼: USA"
time="2023-07-17 12:14:03" level=info msg="國家全名: United States of America (the)"
time="2023-07-17 12:14:04" level=info msg="國別碼2碼: US"
time="2023-07-17 12:14:04" level=info msg="國別碼3碼: USA"
time="2023-07-17 12:14:04" level=info msg="國家全名: United States of America (the)"
time="2023-07-17 12:14:05" level=info msg="國別碼2碼: US"
time="2023-07-17 12:14:05" level=info msg="國別碼3碼: USA"
time="2023-07-17 12:14:05" level=info msg="國家全名: United States of America (the)"
time="2023-07-17 12:14:06" level=info msg="國別碼2碼: US"
time="2023-07-17 12:14:06" level=info msg="國別碼3碼: USA"
time="2023-07-17 12:14:06" level=info msg="國家全名: United States of America (the)"
time="2023-07-17 12:14:07" level=info msg="國別碼2碼: US"
time="2023-07-17 12:14:07" level=info msg="國別碼3碼: USA"
time="2023-07-17 12:14:07" level=info msg="國家全名: United States of America (the)"
time="2023-07-17 12:27:29" level=info msg="國別碼2碼: US"
time="2023-07-17 12:27:29" level=info msg="國別碼3碼: USA"
time="2023-07-17 12:27:29" level=info msg="國家全名: United States of America (the)"
time="2023-07-17 12:32:50" level=info msg="國別碼2碼: GB"
time="2023-07-17 12:32:50" level=info msg="國別碼3碼: GBR"
time="2023-07-17 12:32:50" level=info msg="國家全名: United Kingdom of Great Britain and Northern Ireland (the)"
time="2023-07-17 12:58:08" level=info msg="國別碼2碼: CA"
time="2023-07-17 12:58:08" level=info msg="國別碼3碼: CAN"
time="2023-07-17 12:58:08" level=info msg="國家全名: Canada"
time="2023-07-17 12:58:09" level=info msg="國別碼2碼: CA"
time="2023-07-17 12:58:09" level=info msg="國別碼3碼: CAN"
time="2023-07-17 12:58:09" level=info msg="國家全名: Canada"
time="2023-07-17 12:59:24" level=info msg="國別碼2碼: US"
time="2023-07-17 12:59:24" level=info msg="國別碼3碼: USA"
time="2023-07-17 12:59:24" level=info msg="國家全名: United States of America (the)"
time="2023-07-17 12:59:43" level=info msg="國別碼2碼: US"
time="2023-07-17 12:59:43" level=info msg="國別碼3碼: USA"
time="2023-07-17 12:59:43" level=info msg="國家全名: United States of America (the)"
time="2023-07-17 13:01:25" level=info msg="國別碼2碼: NL"
time="2023-07-17 13:01:25" level=info msg="國別碼3碼: NLD"
time="2023-07-17 13:01:25" level=info msg="國家全名: Netherlands (the)"
time="2023-07-17 13:22:52" level=info msg="國別碼2碼: NL"
time="2023-07-17 13:22:52" level=info msg="國別碼3碼: NLD"
time="2023-07-17 13:22:52" level=info msg="國家全名: Netherlands (the)"
time="2023-07-17 13:28:14" level=info msg="國別碼2碼: CA"
time="2023-07-17 13:28:14" level=info msg="國別碼3碼: CAN"
time="2023-07-17 13:28:14" level=info msg="國家全名: Canada"
time="2023-07-17 13:28:16" level=info msg="國別碼2碼: CA"
time="2023-07-17 13:28:16" level=info msg="國別碼3碼: CAN"
time="2023-07-17 13:28:16" level=info msg="國家全名: Canada"
time="2023-07-17 13:47:46" level=info msg="國別碼2碼: US"
time="2023-07-17 13:47:46" level=info msg="國別碼3碼: USA"
time="2023-07-17 13:47:46" level=info msg="國家全名: United States of America (the)"
time="2023-07-17 14:03:03" level=info msg="國別碼2碼: US"
time="2023-07-17 14:03:03" level=info msg="國別碼3碼: USA"
time="2023-07-17 14:03:03" level=info msg="國家全名: United States of America (the)"
time="2023-07-17 14:28:27" level=info msg="國別碼2碼: US"
time="2023-07-17 14:28:27" level=info msg="國別碼3碼: USA"
time="2023-07-17 14:28:27" level=info msg="國家全名: United States of America (the)"
time="2023-07-17 14:41:02" level=info msg="國別碼2碼: CA"
time="2023-07-17 14:41:02" level=info msg="國別碼3碼: CAN"
time="2023-07-17 14:41:02" level=info msg="國家全名: Canada"
time="2023-07-17 14:41:04" level=info msg="國別碼2碼: CA"
time="2023-07-17 14:41:04" level=info msg="國別碼3碼: CAN"
time="2023-07-17 14:41:04" level=info msg="國家全名: Canada"
time="2023-07-17 14:42:46" level=info msg="國別碼2碼: RU"
time="2023-07-17 14:42:46" level=info msg="國別碼3碼: RUS"
time="2023-07-17 14:42:46" level=info msg="國家全名: Russian Federation (the)"
time="2023-07-17 14:42:56" level=info msg="國別碼2碼: RU"
time="2023-07-17 14:42:56" level=info msg="國別碼3碼: RUS"
time="2023-07-17 14:42:56" level=info msg="國家全名: Russian Federation (the)"
time="2023-07-17 14:52:42" level=info msg="國別碼2碼: US"
time="2023-07-17 14:52:42" level=info msg="國別碼3碼: USA"
time="2023-07-17 14:52:42" level=info msg="國家全名: United States of America (the)"
time="2023-07-17 14:52:47" level=info msg="國別碼2碼: US"
time="2023-07-17 14:52:47" level=info msg="國別碼3碼: USA"
time="2023-07-17 14:52:47" level=info msg="國家全名: United States of America (the)"
time="2023-07-17 15:24:43" level=info msg="國別碼2碼: US"
time="2023-07-17 15:24:43" level=info msg="國別碼3碼: USA"
time="2023-07-17 15:24:43" level=info msg="國家全名: United States of America (the)"
time="2023-07-17 15:24:44" level=info msg="國別碼2碼: US"
time="2023-07-17 15:24:44" level=info msg="國別碼3碼: USA"
time="2023-07-17 15:24:44" level=info msg="國家全名: United States of America (the)"
time="2023-07-17 15:29:09" level=info msg="國別碼2碼: ID"
time="2023-07-17 15:29:09" level=info msg="國別碼3碼: IDN"
time="2023-07-17 15:29:09" level=info msg="國家全名: Indonesia"
time="2023-07-17 15:33:03" level=info msg="國別碼2碼: US"
time="2023-07-17 15:33:03" level=info msg="國別碼3碼: USA"
time="2023-07-17 15:33:03" level=info msg="國家全名: United States of America (the)"
time="2023-07-17 15:54:57" level=info msg="國別碼2碼: US"
time="2023-07-17 15:54:57" level=info msg="國別碼3碼: USA"
time="2023-07-17 15:54:57" level=info msg="國家全名: United States of America (the)"
time="2023-07-17 15:59:18" level=info msg="國別碼2碼: BG"
time="2023-07-17 15:59:18" level=info msg="國別碼3碼: BGR"
time="2023-07-17 15:59:18" level=info msg="國家全名: Bulgaria"
time="2023-07-17 16:04:25" level=info msg="國別碼2碼: US"
time="2023-07-17 16:04:25" level=info msg="國別碼3碼: USA"
time="2023-07-17 16:04:25" level=info msg="國家全名: United States of America (the)"
time="2023-07-17 16:09:16" level=info msg="國別碼2碼: GB"
time="2023-07-17 16:09:16" level=info msg="國別碼3碼: GBR"
time="2023-07-17 16:09:16" level=info msg="國家全名: United Kingdom of Great Britain and Northern Ireland (the)"
time="2023-07-17 16:35:43" level=info msg="國別碼2碼: PT"
time="2023-07-17 16:35:43" level=info msg="國別碼3碼: PRT"
time="2023-07-17 16:35:43" level=info msg="國家全名: Portugal"
time="2023-07-17 16:49:24" level=info msg="國別碼2碼: US"
time="2023-07-17 16:49:24" level=info msg="國別碼3碼: USA"
time="2023-07-17 16:49:24" level=info msg="國家全名: United States of America (the)"
time="2023-07-17 16:56:04" level=info msg="國別碼2碼: US"
time="2023-07-17 16:56:04" level=info msg="國別碼3碼: USA"
time="2023-07-17 16:56:04" level=info msg="國家全名: United States of America (the)"
time="2023-07-17 16:56:05" level=info msg="國別碼2碼: US"
time="2023-07-17 16:56:05" level=info msg="國別碼3碼: USA"
time="2023-07-17 16:56:05" level=info msg="國家全名: United States of America (the)"
time="2023-07-17 17:01:39" level=info msg="國別碼2碼: CA"
time="2023-07-17 17:01:39" level=info msg="國別碼3碼: CAN"
time="2023-07-17 17:01:39" level=info msg="國家全名: Canada"
time="2023-07-17 17:01:40" level=info msg="國別碼2碼: CA"
time="2023-07-17 17:01:40" level=info msg="國別碼3碼: CAN"
time="2023-07-17 17:01:40" level=info msg="國家全名: Canada"
time="2023-07-17 17:12:44" level=info msg="國別碼2碼: US"
time="2023-07-17 17:12:44" level=info msg="國別碼3碼: USA"
time="2023-07-17 17:12:44" level=info msg="國家全名: United States of America (the)"
time="2023-07-17 18:40:37" level=info msg="國別碼2碼: US"
time="2023-07-17 18:40:37" level=info msg="國別碼3碼: USA"
time="2023-07-17 18:40:37" level=info msg="國家全名: United States of America (the)"
time="2023-07-17 18:40:38" level=info msg="國別碼2碼: US"
time="2023-07-17 18:40:38" level=info msg="國別碼3碼: USA"
time="2023-07-17 18:40:38" level=info msg="國家全名: United States of America (the)"
time="2023-07-17 18:47:42" level=info msg="國別碼2碼: PK"
time="2023-07-17 18:47:42" level=info msg="國別碼3碼: PAK"
time="2023-07-17 18:47:42" level=info msg="國家全名: Pakistan"
time="2023-07-17 18:56:33" level=info msg="國別碼2碼: US"
time="2023-07-17 18:56:33" level=info msg="國別碼3碼: USA"
time="2023-07-17 18:56:33" level=info msg="國家全名: United States of America (the)"
time="2023-07-17 19:03:52" level=info msg="國別碼2碼: CA"
time="2023-07-17 19:03:52" level=info msg="國別碼3碼: CAN"
time="2023-07-17 19:03:52" level=info msg="國家全名: Canada"
time="2023-07-17 19:03:53" level=info msg="國別碼2碼: CA"
time="2023-07-17 19:03:53" level=info msg="國別碼3碼: CAN"
time="2023-07-17 19:03:53" level=info msg="國家全名: Canada"
time="2023-07-17 19:03:54" level=info msg="國別碼2碼: CA"
time="2023-07-17 19:03:54" level=info msg="國別碼3碼: CAN"
time="2023-07-17 19:03:54" level=info msg="國家全名: Canada"
time="2023-07-17 19:03:57" level=info msg="國別碼2碼: CA"
time="2023-07-17 19:03:57" level=info msg="國別碼3碼: CAN"
time="2023-07-17 19:03:57" level=info msg="國家全名: Canada"
time="2023-07-17 19:18:58" level=info msg="國別碼2碼: GB"
time="2023-07-17 19:18:58" level=info msg="國別碼3碼: GBR"
time="2023-07-17 19:18:58" level=info msg="國家全名: United Kingdom of Great Britain and Northern Ireland (the)"
time="2023-07-17 19:36:01" level=info msg="國別碼2碼: GB"
time="2023-07-17 19:36:01" level=info msg="國別碼3碼: GBR"
time="2023-07-17 19:36:01" level=info msg="國家全名: United Kingdom of Great Britain and Northern Ireland (the)"
time="2023-07-17 19:41:46" level=info msg="國別碼2碼: LT"
time="2023-07-17 19:41:46" level=info msg="國別碼3碼: LTU"
time="2023-07-17 19:41:46" level=info msg="國家全名: Lithuania"
time="2023-07-17 20:17:47" level=info msg="國別碼2碼: FR"
time="2023-07-17 20:17:47" level=info msg="國別碼3碼: FRA"
time="2023-07-17 20:17:47" level=info msg="國家全名: France"
time="2023-07-17 20:35:19" level=info msg="國別碼2碼: GB"
time="2023-07-17 20:35:19" level=info msg="國別碼3碼: GBR"
time="2023-07-17 20:35:19" level=info msg="國家全名: United Kingdom of Great Britain and Northern Ireland (the)"
time="2023-07-17 20:47:37" level=info msg="國別碼2碼: FR"
time="2023-07-17 20:47:37" level=info msg="國別碼3碼: FRA"
time="2023-07-17 20:47:37" level=info msg="國家全名: France"
time="2023-07-17 20:49:06" level=info msg="國別碼2碼: US"
time="2023-07-17 20:49:06" level=info msg="國別碼3碼: USA"
time="2023-07-17 20:49:06" level=info msg="國家全名: United States of America (the)"
time="2023-07-17 20:51:57" level=info msg="國別碼2碼: LT"
time="2023-07-17 20:51:57" level=info msg="國別碼3碼: LTU"
time="2023-07-17 20:51:57" level=info msg="國家全名: Lithuania"
time="2023-07-17 20:52:32" level=info msg="國別碼2碼: US"
time="2023-07-17 20:52:32" level=info msg="國別碼3碼: USA"
time="2023-07-17 20:52:32" level=info msg="國家全名: United States of America (the)"
time="2023-07-17 20:57:33" level=info msg="國別碼2碼: CA"
time="2023-07-17 20:57:33" level=info msg="國別碼3碼: CAN"
time="2023-07-17 20:57:33" level=info msg="國家全名: Canada"
time="2023-07-17 20:57:34" level=info msg="國別碼2碼: CA"
time="2023-07-17 20:57:34" level=info msg="國別碼3碼: CAN"
time="2023-07-17 20:57:34" level=info msg="國家全名: Canada"
time="2023-07-17 21:21:20" level=info msg="國別碼2碼: FR"
time="2023-07-17 21:21:20" level=info msg="國別碼3碼: FRA"
time="2023-07-17 21:21:20" level=info msg="國家全名: France"
time="2023-07-17 21:35:52" level=info msg="國別碼2碼: HK"
time="2023-07-17 21:35:52" level=info msg="國別碼3碼: HKG"
time="2023-07-17 21:35:52" level=info msg="國家全名: Hong Kong"
time="2023-07-17 21:47:41" level=info msg="國別碼2碼: FR"
time="2023-07-17 21:47:41" level=info msg="國別碼3碼: FRA"
time="2023-07-17 21:47:41" level=info msg="國家全名: France"
time="2023-07-17 22:52:42" level=info msg="國別碼2碼: US"
time="2023-07-17 22:52:42" level=info msg="國別碼3碼: USA"
time="2023-07-17 22:52:42" level=info msg="國家全名: United States of America (the)"
time="2023-07-17 22:57:07" level=info msg="國別碼2碼: FR"
time="2023-07-17 22:57:07" level=info msg="國別碼3碼: FRA"
time="2023-07-17 22:57:07" level=info msg="國家全名: France"
time="2023-07-17 22:58:04" level=info msg="國別碼2碼: GB"
time="2023-07-17 22:58:04" level=info msg="國別碼3碼: GBR"
time="2023-07-17 22:58:04" level=info msg="國家全名: United Kingdom of Great Britain and Northern Ireland (the)"
time="2023-07-17 23:01:02" level=info msg="國別碼2碼: CA"
time="2023-07-17 23:01:02" level=info msg="國別碼3碼: CAN"
time="2023-07-17 23:01:02" level=info msg="國家全名: Canada"
time="2023-07-17 23:01:03" level=info msg="國別碼2碼: CA"
time="2023-07-17 23:01:03" level=info msg="國別碼3碼: CAN"
time="2023-07-17 23:01:03" level=info msg="國家全名: Canada"
time="2023-07-17 23:18:49" level=info msg="國別碼2碼: FR"
time="2023-07-17 23:18:49" level=info msg="國別碼3碼: FRA"
time="2023-07-17 23:18:49" level=info msg="國家全名: France"
time="2023-07-17 23:46:45" level=info msg="國別碼2碼: CN"
time="2023-07-17 23:46:45" level=info msg="國別碼3碼: CHN"
time="2023-07-17 23:46:45" level=info msg="國家全名: China"
