time="2023-06-26 00:38:22" level=info msg="國別碼2碼: US"
time="2023-06-26 00:38:22" level=info msg="國別碼3碼: USA"
time="2023-06-26 00:38:22" level=info msg="國家全名: United States of America (the)"
time="2023-06-26 00:50:07" level=info msg="國別碼2碼: RU"
time="2023-06-26 00:50:07" level=info msg="國別碼3碼: RUS"
time="2023-06-26 00:50:07" level=info msg="國家全名: Russian Federation (the)"
time="2023-06-26 01:04:16" level=info msg="國別碼2碼: US"
time="2023-06-26 01:04:16" level=info msg="國別碼3碼: USA"
time="2023-06-26 01:04:16" level=info msg="國家全名: United States of America (the)"
time="2023-06-26 01:04:17" level=info msg="國別碼2碼: US"
time="2023-06-26 01:04:17" level=info msg="國別碼3碼: USA"
time="2023-06-26 01:04:17" level=info msg="國家全名: United States of America (the)"
time="2023-06-26 01:26:22" level=info msg="國別碼2碼: FR"
time="2023-06-26 01:26:22" level=info msg="國別碼3碼: FRA"
time="2023-06-26 01:26:22" level=info msg="國家全名: France"
time="2023-06-26 01:26:23" level=info msg="國別碼2碼: FR"
time="2023-06-26 01:26:23" level=info msg="國別碼3碼: FRA"
time="2023-06-26 01:26:23" level=info msg="國家全名: France"
time="2023-06-26 01:35:57" level=info msg="國別碼2碼: RU"
time="2023-06-26 01:35:57" level=info msg="國別碼3碼: RUS"
time="2023-06-26 01:35:57" level=info msg="國家全名: Russian Federation (the)"
time="2023-06-26 01:36:11" level=info msg="國別碼2碼: DE"
time="2023-06-26 01:36:11" level=info msg="國別碼3碼: DEU"
time="2023-06-26 01:36:11" level=info msg="國家全名: Germany"
time="2023-06-26 01:36:12" level=info msg="國別碼2碼: DE"
time="2023-06-26 01:36:12" level=info msg="國別碼3碼: DEU"
time="2023-06-26 01:36:12" level=info msg="國家全名: Germany"
time="2023-06-26 01:36:13" level=info msg="國別碼2碼: DE"
time="2023-06-26 01:36:13" level=info msg="國別碼3碼: DEU"
time="2023-06-26 01:36:13" level=info msg="國家全名: Germany"
time="2023-06-26 01:36:15" level=info msg="國別碼2碼: DE"
time="2023-06-26 01:36:15" level=info msg="國別碼3碼: DEU"
time="2023-06-26 01:36:15" level=info msg="國家全名: Germany"
time="2023-06-26 01:36:16" level=info msg="國別碼2碼: DE"
time="2023-06-26 01:36:16" level=info msg="國別碼3碼: DEU"
time="2023-06-26 01:36:16" level=info msg="國家全名: Germany"
time="2023-06-26 01:38:11" level=info msg="國別碼2碼: NL"
time="2023-06-26 01:38:11" level=info msg="國別碼3碼: NLD"
time="2023-06-26 01:38:11" level=info msg="國家全名: Netherlands (the)"
time="2023-06-26 02:05:38" level=info msg="國別碼2碼: RU"
time="2023-06-26 02:05:38" level=info msg="國別碼3碼: RUS"
time="2023-06-26 02:05:38" level=info msg="國家全名: Russian Federation (the)"
time="2023-06-26 02:11:53" level=info msg="國別碼2碼: NL"
time="2023-06-26 02:11:53" level=info msg="國別碼3碼: NLD"
time="2023-06-26 02:11:53" level=info msg="國家全名: Netherlands (the)"
time="2023-06-26 02:12:58" level=info msg="國別碼2碼: RU"
time="2023-06-26 02:12:58" level=info msg="國別碼3碼: RUS"
time="2023-06-26 02:12:58" level=info msg="國家全名: Russian Federation (the)"
time="2023-06-26 02:13:23" level=info msg="國別碼2碼: SG"
time="2023-06-26 02:13:23" level=info msg="國別碼3碼: SGP"
time="2023-06-26 02:13:23" level=info msg="國家全名: Singapore"
time="2023-06-26 02:35:25" level=info msg="國別碼2碼: FR"
time="2023-06-26 02:35:25" level=info msg="國別碼3碼: FRA"
time="2023-06-26 02:35:25" level=info msg="國家全名: France"
time="2023-06-26 02:35:26" level=info msg="國別碼2碼: FR"
time="2023-06-26 02:35:26" level=info msg="國別碼3碼: FRA"
time="2023-06-26 02:35:26" level=info msg="國家全名: France"
time="2023-06-26 02:36:53" level=info msg="國別碼2碼: RU"
time="2023-06-26 02:36:53" level=info msg="國別碼3碼: RUS"
time="2023-06-26 02:36:53" level=info msg="國家全名: Russian Federation (the)"
time="2023-06-26 03:34:01" level=info msg="國別碼2碼: FR"
time="2023-06-26 03:34:01" level=info msg="國別碼3碼: FRA"
time="2023-06-26 03:34:01" level=info msg="國家全名: France"
time="2023-06-26 03:34:02" level=info msg="國別碼2碼: FR"
time="2023-06-26 03:34:02" level=info msg="國別碼3碼: FRA"
time="2023-06-26 03:34:02" level=info msg="國家全名: France"
time="2023-06-26 03:45:45" level=info msg="國別碼2碼: US"
time="2023-06-26 03:45:45" level=info msg="國別碼3碼: USA"
time="2023-06-26 03:45:45" level=info msg="國家全名: United States of America (the)"
time="2023-06-26 04:34:32" level=info msg="國別碼2碼: FR"
time="2023-06-26 04:34:32" level=info msg="國別碼3碼: FRA"
time="2023-06-26 04:34:32" level=info msg="國家全名: France"
time="2023-06-26 04:34:33" level=info msg="國別碼2碼: FR"
time="2023-06-26 04:34:33" level=info msg="國別碼3碼: FRA"
time="2023-06-26 04:34:33" level=info msg="國家全名: France"
time="2023-06-26 04:41:37" level=info msg="國別碼2碼: US"
time="2023-06-26 04:41:37" level=info msg="國別碼3碼: USA"
time="2023-06-26 04:41:37" level=info msg="國家全名: United States of America (the)"
time="2023-06-26 04:41:38" level=info msg="國別碼2碼: US"
time="2023-06-26 04:41:38" level=info msg="國別碼3碼: USA"
time="2023-06-26 04:41:38" level=info msg="國家全名: United States of America (the)"
time="2023-06-26 04:41:39" level=info msg="國別碼2碼: US"
time="2023-06-26 04:41:39" level=info msg="國別碼3碼: USA"
time="2023-06-26 04:41:39" level=info msg="國家全名: United States of America (the)"
time="2023-06-26 04:41:40" level=info msg="國別碼2碼: US"
time="2023-06-26 04:41:40" level=info msg="國別碼3碼: USA"
time="2023-06-26 04:41:40" level=info msg="國家全名: United States of America (the)"
time="2023-06-26 04:41:41" level=info msg="國別碼2碼: US"
time="2023-06-26 04:41:41" level=info msg="國別碼3碼: USA"
time="2023-06-26 04:41:41" level=info msg="國家全名: United States of America (the)"
time="2023-06-26 05:09:45" level=info msg="國別碼2碼: US"
time="2023-06-26 05:09:45" level=info msg="國別碼3碼: USA"
time="2023-06-26 05:09:45" level=info msg="國家全名: United States of America (the)"
time="2023-06-26 05:11:15" level=info msg="國別碼2碼: US"
time="2023-06-26 05:11:15" level=info msg="國別碼3碼: USA"
time="2023-06-26 05:11:15" level=info msg="國家全名: United States of America (the)"
time="2023-06-26 05:11:51" level=info msg="國別碼2碼: US"
time="2023-06-26 05:11:51" level=info msg="國別碼3碼: USA"
time="2023-06-26 05:11:51" level=info msg="國家全名: United States of America (the)"
time="2023-06-26 05:44:38" level=info msg="國別碼2碼: CN"
time="2023-06-26 05:44:38" level=info msg="國別碼3碼: CHN"
time="2023-06-26 05:44:38" level=info msg="國家全名: China"
time="2023-06-26 05:52:51" level=info msg="國別碼2碼: FR"
time="2023-06-26 05:52:51" level=info msg="國別碼3碼: FRA"
time="2023-06-26 05:52:51" level=info msg="國家全名: France"
time="2023-06-26 05:52:52" level=info msg="國別碼2碼: FR"
time="2023-06-26 05:52:52" level=info msg="國別碼3碼: FRA"
time="2023-06-26 05:52:52" level=info msg="國家全名: France"
time="2023-06-26 06:39:09" level=info msg="國別碼2碼: FR"
time="2023-06-26 06:39:09" level=info msg="國別碼3碼: FRA"
time="2023-06-26 06:39:09" level=info msg="國家全名: France"
time="2023-06-26 06:39:10" level=info msg="國別碼2碼: FR"
time="2023-06-26 06:39:10" level=info msg="國別碼3碼: FRA"
time="2023-06-26 06:39:10" level=info msg="國家全名: France"
time="2023-06-26 06:43:37" level=info msg="國別碼2碼: US"
time="2023-06-26 06:43:37" level=info msg="國別碼3碼: USA"
time="2023-06-26 06:43:37" level=info msg="國家全名: United States of America (the)"
time="2023-06-26 06:50:15" level=info msg="國別碼2碼: CH"
time="2023-06-26 06:50:15" level=info msg="國別碼3碼: CHE"
time="2023-06-26 06:50:15" level=info msg="國家全名: Switzerland"
time="2023-06-26 06:50:39" level=info msg="國別碼2碼: US"
time="2023-06-26 06:50:39" level=info msg="國別碼3碼: USA"
time="2023-06-26 06:50:39" level=info msg="國家全名: United States of America (the)"
time="2023-06-26 06:50:40" level=info msg="國別碼2碼: US"
time="2023-06-26 06:50:40" level=info msg="國別碼3碼: USA"
time="2023-06-26 06:50:40" level=info msg="國家全名: United States of America (the)"
time="2023-06-26 06:50:41" level=info msg="國別碼2碼: US"
time="2023-06-26 06:50:41" level=info msg="國別碼3碼: USA"
time="2023-06-26 06:50:41" level=info msg="國家全名: United States of America (the)"
time="2023-06-26 06:56:17" level=info msg="國別碼2碼: RU"
time="2023-06-26 06:56:17" level=info msg="國別碼3碼: RUS"
time="2023-06-26 06:56:17" level=info msg="國家全名: Russian Federation (the)"
time="2023-06-26 07:06:56" level=info msg="國別碼2碼: IN"
time="2023-06-26 07:06:56" level=info msg="國別碼3碼: IND"
time="2023-06-26 07:06:56" level=info msg="國家全名: India"
time="2023-06-26 07:11:25" level=info msg="國別碼2碼: VN"
time="2023-06-26 07:11:25" level=info msg="國別碼3碼: VNM"
time="2023-06-26 07:11:25" level=info msg="國家全名: Viet Nam"
time="2023-06-26 07:42:55" level=info msg="國別碼2碼: FR"
time="2023-06-26 07:42:55" level=info msg="國別碼3碼: FRA"
time="2023-06-26 07:42:55" level=info msg="國家全名: France"
time="2023-06-26 07:42:56" level=info msg="國別碼2碼: FR"
time="2023-06-26 07:42:56" level=info msg="國別碼3碼: FRA"
time="2023-06-26 07:42:56" level=info msg="國家全名: France"
time="2023-06-26 07:47:53" level=info msg="國別碼2碼: US"
time="2023-06-26 07:47:53" level=info msg="國別碼3碼: USA"
time="2023-06-26 07:47:53" level=info msg="國家全名: United States of America (the)"
time="2023-06-26 07:50:28" level=info msg="國別碼2碼: GB"
time="2023-06-26 07:50:28" level=info msg="國別碼3碼: GBR"
time="2023-06-26 07:50:28" level=info msg="國家全名: United Kingdom of Great Britain and Northern Ireland (the)"
time="2023-06-26 08:10:36" level=info msg="國別碼2碼: CH"
time="2023-06-26 08:10:36" level=info msg="國別碼3碼: CHE"
time="2023-06-26 08:10:36" level=info msg="國家全名: Switzerland"
time="2023-06-26 08:23:44" level=info msg="國別碼2碼: RU"
time="2023-06-26 08:23:44" level=info msg="國別碼3碼: RUS"
time="2023-06-26 08:23:44" level=info msg="國家全名: Russian Federation (the)"
time="2023-06-26 08:26:12" level=info msg="國別碼2碼: RU"
time="2023-06-26 08:26:12" level=info msg="國別碼3碼: RUS"
time="2023-06-26 08:26:12" level=info msg="國家全名: Russian Federation (the)"
time="2023-06-26 08:31:53" level=info msg="國別碼2碼: BE"
time="2023-06-26 08:31:53" level=info msg="國別碼3碼: BEL"
time="2023-06-26 08:31:53" level=info msg="國家全名: Belgium"
time="2023-06-26 08:57:39" level=info msg="國別碼2碼: SG"
time="2023-06-26 08:57:39" level=info msg="國別碼3碼: SGP"
time="2023-06-26 08:57:39" level=info msg="國家全名: Singapore"
time="2023-06-26 08:58:26" level=info msg="國別碼2碼: US"
time="2023-06-26 08:58:26" level=info msg="國別碼3碼: USA"
time="2023-06-26 08:58:26" level=info msg="國家全名: United States of America (the)"
time="2023-06-26 08:58:27" level=info msg="國別碼2碼: US"
time="2023-06-26 08:58:27" level=info msg="國別碼3碼: USA"
time="2023-06-26 08:58:27" level=info msg="國家全名: United States of America (the)"
time="2023-06-26 08:58:33" level=info msg="國別碼2碼: US"
time="2023-06-26 08:58:33" level=info msg="國別碼3碼: USA"
time="2023-06-26 08:58:33" level=info msg="國家全名: United States of America (the)"
time="2023-06-26 08:58:34" level=info msg="國別碼2碼: US"
time="2023-06-26 08:58:34" level=info msg="國別碼3碼: USA"
time="2023-06-26 08:58:34" level=info msg="國家全名: United States of America (the)"
time="2023-06-26 08:58:53" level=info msg="國別碼2碼: US"
time="2023-06-26 08:58:53" level=info msg="國別碼3碼: USA"
time="2023-06-26 08:58:53" level=info msg="國家全名: United States of America (the)"
time="2023-06-26 08:58:55" level=info msg="國別碼2碼: US"
time="2023-06-26 08:58:55" level=info msg="國別碼3碼: USA"
time="2023-06-26 08:58:55" level=info msg="國家全名: United States of America (the)"
time="2023-06-26 09:03:17" level=info msg="國別碼2碼: FR"
time="2023-06-26 09:03:17" level=info msg="國別碼3碼: FRA"
time="2023-06-26 09:03:17" level=info msg="國家全名: France"
time="2023-06-26 09:03:18" level=info msg="國別碼2碼: FR"
time="2023-06-26 09:03:18" level=info msg="國別碼3碼: FRA"
time="2023-06-26 09:03:18" level=info msg="國家全名: France"
time="2023-06-26 09:10:51" level=info msg="國別碼2碼: US"
time="2023-06-26 09:10:51" level=info msg="國別碼3碼: USA"
time="2023-06-26 09:10:51" level=info msg="國家全名: United States of America (the)"
time="2023-06-26 09:18:18" level=info msg="國別碼2碼: BE"
time="2023-06-26 09:18:18" level=info msg="國別碼3碼: BEL"
time="2023-06-26 09:18:18" level=info msg="國家全名: Belgium"
time="2023-06-26 10:02:50" level=info msg="國別碼2碼: FR"
time="2023-06-26 10:02:50" level=info msg="國別碼3碼: FRA"
time="2023-06-26 10:02:50" level=info msg="國家全名: France"
time="2023-06-26 10:02:51" level=info msg="國別碼2碼: FR"
time="2023-06-26 10:02:51" level=info msg="國別碼3碼: FRA"
time="2023-06-26 10:02:51" level=info msg="國家全名: France"
time="2023-06-26 10:11:10" level=info msg="國別碼2碼: US"
time="2023-06-26 10:11:10" level=info msg="國別碼3碼: USA"
time="2023-06-26 10:11:10" level=info msg="國家全名: United States of America (the)"
time="2023-06-26 10:12:50" level=info msg="國別碼2碼: US"
time="2023-06-26 10:12:50" level=info msg="國別碼3碼: USA"
time="2023-06-26 10:12:50" level=info msg="國家全名: United States of America (the)"
time="2023-06-26 10:24:40" level=info msg="國別碼2碼: US"
time="2023-06-26 10:24:40" level=info msg="國別碼3碼: USA"
time="2023-06-26 10:24:40" level=info msg="國家全名: United States of America (the)"
time="2023-06-26 10:30:26" level=info msg="國別碼2碼: FR"
time="2023-06-26 10:30:26" level=info msg="國別碼3碼: FRA"
time="2023-06-26 10:30:26" level=info msg="國家全名: France"
time="2023-06-26 10:30:27" level=info msg="國別碼2碼: FR"
time="2023-06-26 10:30:27" level=info msg="國別碼3碼: FRA"
time="2023-06-26 10:30:27" level=info msg="國家全名: France"
time="2023-06-26 10:32:16" level=info msg="國別碼2碼: US"
time="2023-06-26 10:32:16" level=info msg="國別碼3碼: USA"
time="2023-06-26 10:32:16" level=info msg="國家全名: United States of America (the)"
time="2023-06-26 10:38:07" level=info msg="國別碼2碼: US"
time="2023-06-26 10:38:07" level=info msg="國別碼3碼: USA"
time="2023-06-26 10:38:07" level=info msg="國家全名: United States of America (the)"
time="2023-06-26 10:38:18" level=info msg="國別碼2碼: US"
time="2023-06-26 10:38:18" level=info msg="國別碼3碼: USA"
time="2023-06-26 10:38:18" level=info msg="國家全名: United States of America (the)"
time="2023-06-26 10:47:24" level=info msg="國別碼2碼: CH"
time="2023-06-26 10:47:24" level=info msg="國別碼3碼: CHE"
time="2023-06-26 10:47:24" level=info msg="國家全名: Switzerland"
time="2023-06-26 11:07:51" level=info msg="國別碼2碼: US"
time="2023-06-26 11:07:51" level=info msg="國別碼3碼: USA"
time="2023-06-26 11:07:51" level=info msg="國家全名: United States of America (the)"
time="2023-06-26 11:08:12" level=info msg="國別碼2碼: US"
time="2023-06-26 11:08:12" level=info msg="國別碼3碼: USA"
time="2023-06-26 11:08:12" level=info msg="國家全名: United States of America (the)"
time="2023-06-26 12:27:36" level=info msg="國別碼2碼: US"
time="2023-06-26 12:27:36" level=info msg="國別碼3碼: USA"
time="2023-06-26 12:27:36" level=info msg="國家全名: United States of America (the)"
time="2023-06-26 12:27:57" level=info msg="國別碼2碼: US"
time="2023-06-26 12:27:57" level=info msg="國別碼3碼: USA"
time="2023-06-26 12:27:57" level=info msg="國家全名: United States of America (the)"
time="2023-06-26 12:28:01" level=info msg="國別碼2碼: US"
time="2023-06-26 12:28:01" level=info msg="國別碼3碼: USA"
time="2023-06-26 12:28:01" level=info msg="國家全名: United States of America (the)"
time="2023-06-26 12:28:33" level=info msg="國別碼2碼: CN"
time="2023-06-26 12:28:33" level=info msg="國別碼3碼: CHN"
time="2023-06-26 12:28:33" level=info msg="國家全名: China"
time="2023-06-26 12:40:36" level=info msg="國別碼2碼: CN"
time="2023-06-26 12:40:36" level=info msg="國別碼3碼: CHN"
time="2023-06-26 12:40:36" level=info msg="國家全名: China"
time="2023-06-26 12:40:36" level=info msg="國別碼2碼: CN"
time="2023-06-26 12:40:36" level=info msg="國別碼3碼: CHN"
time="2023-06-26 12:40:36" level=info msg="國家全名: China"
time="2023-06-26 12:47:59" level=info msg="國別碼2碼: NL"
time="2023-06-26 12:47:59" level=info msg="國別碼3碼: NLD"
time="2023-06-26 12:47:59" level=info msg="國家全名: Netherlands (the)"
time="2023-06-26 13:32:43" level=info msg="國別碼2碼: FR"
time="2023-06-26 13:32:43" level=info msg="國別碼3碼: FRA"
time="2023-06-26 13:32:43" level=info msg="國家全名: France"
time="2023-06-26 13:32:44" level=info msg="國別碼2碼: FR"
time="2023-06-26 13:32:44" level=info msg="國別碼3碼: FRA"
time="2023-06-26 13:32:44" level=info msg="國家全名: France"
time="2023-06-26 14:10:47" level=info msg="國別碼2碼: TW"
time="2023-06-26 14:10:47" level=info msg="國別碼3碼: TWN"
time="2023-06-26 14:10:47" level=info msg="國家全名: Taiwan (Province of China)"
time="2023-06-26 14:10:47" level=info msg="國別碼2碼: TW"
time="2023-06-26 14:10:47" level=info msg="國別碼3碼: TWN"
time="2023-06-26 14:10:47" level=info msg="國家全名: Taiwan (Province of China)"
time="2023-06-26 14:10:48" level=info msg="國別碼2碼: TW"
time="2023-06-26 14:10:48" level=info msg="國別碼3碼: TWN"
time="2023-06-26 14:10:48" level=info msg="國家全名: Taiwan (Province of China)"
time="2023-06-26 14:10:48" level=info msg="國別碼2碼: TW"
time="2023-06-26 14:10:48" level=info msg="國別碼3碼: TWN"
time="2023-06-26 14:10:48" level=info msg="國家全名: Taiwan (Province of China)"
time="2023-06-26 14:15:22" level=info msg="國別碼2碼: US"
time="2023-06-26 14:15:22" level=info msg="國別碼3碼: USA"
time="2023-06-26 14:15:22" level=info msg="國家全名: United States of America (the)"
time="2023-06-26 14:16:08" level=info msg="國別碼2碼: US"
time="2023-06-26 14:16:08" level=info msg="國別碼3碼: USA"
time="2023-06-26 14:16:08" level=info msg="國家全名: United States of America (the)"
time="2023-06-26 14:18:22" level=info msg="國別碼2碼: FR"
time="2023-06-26 14:18:22" level=info msg="國別碼3碼: FRA"
time="2023-06-26 14:18:22" level=info msg="國家全名: France"
time="2023-06-26 14:18:23" level=info msg="國別碼2碼: FR"
time="2023-06-26 14:18:23" level=info msg="國別碼3碼: FRA"
time="2023-06-26 14:18:23" level=info msg="國家全名: France"
time="2023-06-26 14:31:58" level=info msg="國別碼2碼: US"
time="2023-06-26 14:31:58" level=info msg="國別碼3碼: USA"
time="2023-06-26 14:31:58" level=info msg="國家全名: United States of America (the)"
time="2023-06-26 14:48:24" level=info msg="國別碼2碼: NL"
time="2023-06-26 14:48:24" level=info msg="國別碼3碼: NLD"
time="2023-06-26 14:48:24" level=info msg="國家全名: Netherlands (the)"
time="2023-06-26 15:01:44" level=info msg="國別碼2碼: US"
time="2023-06-26 15:01:44" level=info msg="國別碼3碼: USA"
time="2023-06-26 15:01:44" level=info msg="國家全名: United States of America (the)"
time="2023-06-26 15:13:49" level=info msg="國別碼2碼: FR"
time="2023-06-26 15:13:49" level=info msg="國別碼3碼: FRA"
time="2023-06-26 15:13:49" level=info msg="國家全名: France"
time="2023-06-26 15:13:50" level=info msg="國別碼2碼: FR"
time="2023-06-26 15:13:50" level=info msg="國別碼3碼: FRA"
time="2023-06-26 15:13:50" level=info msg="國家全名: France"
time="2023-06-26 15:18:55" level=info msg="國別碼2碼: RU"
time="2023-06-26 15:18:55" level=info msg="國別碼3碼: RUS"
time="2023-06-26 15:18:55" level=info msg="國家全名: Russian Federation (the)"
time="2023-06-26 15:25:47" level=info msg="國別碼2碼: TW"
time="2023-06-26 15:25:47" level=info msg="國別碼3碼: TWN"
time="2023-06-26 15:25:47" level=info msg="國家全名: Taiwan (Province of China)"
time="2023-06-26 15:54:26" level=info msg="國別碼2碼: FR"
time="2023-06-26 15:54:26" level=info msg="國別碼3碼: FRA"
time="2023-06-26 15:54:26" level=info msg="國家全名: France"
time="2023-06-26 15:54:27" level=info msg="國別碼2碼: FR"
time="2023-06-26 15:54:27" level=info msg="國別碼3碼: FRA"
time="2023-06-26 15:54:27" level=info msg="國家全名: France"
time="2023-06-26 16:47:31" level=info msg="國別碼2碼: US"
time="2023-06-26 16:47:31" level=info msg="國別碼3碼: USA"
time="2023-06-26 16:47:31" level=info msg="國家全名: United States of America (the)"
time="2023-06-26 16:53:58" level=info msg="國別碼2碼: FR"
time="2023-06-26 16:53:58" level=info msg="國別碼3碼: FRA"
time="2023-06-26 16:53:58" level=info msg="國家全名: France"
time="2023-06-26 16:53:59" level=info msg="國別碼2碼: FR"
time="2023-06-26 16:53:59" level=info msg="國別碼3碼: FRA"
time="2023-06-26 16:53:59" level=info msg="國家全名: France"
time="2023-06-26 16:55:11" level=info msg="國別碼2碼: US"
time="2023-06-26 16:55:11" level=info msg="國別碼3碼: USA"
time="2023-06-26 16:55:11" level=info msg="國家全名: United States of America (the)"
time="2023-06-26 17:17:44" level=info msg="國別碼2碼: ID"
time="2023-06-26 17:17:44" level=info msg="國別碼3碼: IDN"
time="2023-06-26 17:17:44" level=info msg="國家全名: Indonesia"
time="2023-06-26 18:12:18" level=info msg="國別碼2碼: NL"
time="2023-06-26 18:12:18" level=info msg="國別碼3碼: NLD"
time="2023-06-26 18:12:18" level=info msg="國家全名: Netherlands (the)"
time="2023-06-26 18:53:53" level=info msg="國別碼2碼: US"
time="2023-06-26 18:53:53" level=info msg="國別碼3碼: USA"
time="2023-06-26 18:53:53" level=info msg="國家全名: United States of America (the)"
time="2023-06-26 19:04:44" level=info msg="國別碼2碼: GB"
time="2023-06-26 19:04:44" level=info msg="國別碼3碼: GBR"
time="2023-06-26 19:04:44" level=info msg="國家全名: United Kingdom of Great Britain and Northern Ireland (the)"
time="2023-06-26 19:13:03" level=info msg="國別碼2碼: FR"
time="2023-06-26 19:13:03" level=info msg="國別碼3碼: FRA"
time="2023-06-26 19:13:03" level=info msg="國家全名: France"
time="2023-06-26 19:13:05" level=info msg="國別碼2碼: FR"
time="2023-06-26 19:13:05" level=info msg="國別碼3碼: FRA"
time="2023-06-26 19:13:05" level=info msg="國家全名: France"
time="2023-06-26 19:22:32" level=info msg="國別碼2碼: BE"
time="2023-06-26 19:22:32" level=info msg="國別碼3碼: BEL"
time="2023-06-26 19:22:32" level=info msg="國家全名: Belgium"
time="2023-06-26 19:52:03" level=info msg="國別碼2碼: PT"
time="2023-06-26 19:52:03" level=info msg="國別碼3碼: PRT"
time="2023-06-26 19:52:03" level=info msg="國家全名: Portugal"
time="2023-06-26 20:03:04" level=info msg="國別碼2碼: FR"
time="2023-06-26 20:03:04" level=info msg="國別碼3碼: FRA"
time="2023-06-26 20:03:04" level=info msg="國家全名: France"
time="2023-06-26 20:03:05" level=info msg="國別碼2碼: FR"
time="2023-06-26 20:03:05" level=info msg="國別碼3碼: FRA"
time="2023-06-26 20:03:05" level=info msg="國家全名: France"
time="2023-06-26 20:26:07" level=info msg="國別碼2碼: FR"
time="2023-06-26 20:26:07" level=info msg="國別碼3碼: FRA"
time="2023-06-26 20:26:07" level=info msg="國家全名: France"
time="2023-06-26 20:26:08" level=info msg="國別碼2碼: FR"
time="2023-06-26 20:26:08" level=info msg="國別碼3碼: FRA"
time="2023-06-26 20:26:08" level=info msg="國家全名: France"
time="2023-06-26 20:29:21" level=info msg="國別碼2碼: RU"
time="2023-06-26 20:29:21" level=info msg="國別碼3碼: RUS"
time="2023-06-26 20:29:21" level=info msg="國家全名: Russian Federation (the)"
time="2023-06-26 20:43:16" level=info msg="國別碼2碼: RU"
time="2023-06-26 20:43:16" level=info msg="國別碼3碼: RUS"
time="2023-06-26 20:43:16" level=info msg="國家全名: Russian Federation (the)"
time="2023-06-26 21:02:22" level=info msg="國別碼2碼: US"
time="2023-06-26 21:02:22" level=info msg="國別碼3碼: USA"
time="2023-06-26 21:02:22" level=info msg="國家全名: United States of America (the)"
time="2023-06-26 21:19:51" level=info msg="國別碼2碼: AL"
time="2023-06-26 21:19:51" level=info msg="國別碼3碼: ALB"
time="2023-06-26 21:19:51" level=info msg="國家全名: Albania"
time="2023-06-26 21:28:47" level=info msg="國別碼2碼: RU"
time="2023-06-26 21:28:47" level=info msg="國別碼3碼: RUS"
time="2023-06-26 21:28:47" level=info msg="國家全名: Russian Federation (the)"
time="2023-06-26 22:07:38" level=info msg="國別碼2碼: FR"
time="2023-06-26 22:07:38" level=info msg="國別碼3碼: FRA"
time="2023-06-26 22:07:38" level=info msg="國家全名: France"
time="2023-06-26 22:07:39" level=info msg="國別碼2碼: FR"
time="2023-06-26 22:07:39" level=info msg="國別碼3碼: FRA"
time="2023-06-26 22:07:39" level=info msg="國家全名: France"
time="2023-06-26 22:22:26" level=info msg="國別碼2碼: CH"
time="2023-06-26 22:22:26" level=info msg="國別碼3碼: CHE"
time="2023-06-26 22:22:26" level=info msg="國家全名: Switzerland"
time="2023-06-26 22:22:38" level=info msg="國別碼2碼: BR"
time="2023-06-26 22:22:38" level=info msg="國別碼3碼: BRA"
time="2023-06-26 22:22:38" level=info msg="國家全名: Brazil"
time="2023-06-26 22:22:58" level=info msg="國別碼2碼: FR"
time="2023-06-26 22:22:58" level=info msg="國別碼3碼: FRA"
time="2023-06-26 22:22:58" level=info msg="國家全名: France"
time="2023-06-26 22:22:59" level=info msg="國別碼2碼: FR"
time="2023-06-26 22:22:59" level=info msg="國別碼3碼: FRA"
time="2023-06-26 22:22:59" level=info msg="國家全名: France"
time="2023-06-26 22:23:54" level=info msg="國別碼2碼: US"
time="2023-06-26 22:23:54" level=info msg="國別碼3碼: USA"
time="2023-06-26 22:23:54" level=info msg="國家全名: United States of America (the)"
time="2023-06-26 22:25:10" level=info msg="國別碼2碼: RU"
time="2023-06-26 22:25:10" level=info msg="國別碼3碼: RUS"
time="2023-06-26 22:25:10" level=info msg="國家全名: Russian Federation (the)"
time="2023-06-26 23:04:45" level=info msg="國別碼2碼: RU"
time="2023-06-26 23:04:45" level=info msg="國別碼3碼: RUS"
time="2023-06-26 23:04:45" level=info msg="國家全名: Russian Federation (the)"
time="2023-06-26 23:22:51" level=info msg="國別碼2碼: CH"
time="2023-06-26 23:22:51" level=info msg="國別碼3碼: CHE"
time="2023-06-26 23:22:51" level=info msg="國家全名: Switzerland"
time="2023-06-26 23:35:39" level=info msg="國別碼2碼: US"
time="2023-06-26 23:35:39" level=info msg="國別碼3碼: USA"
time="2023-06-26 23:35:39" level=info msg="國家全名: United States of America (the)"
time="2023-06-26 23:43:51" level=info msg="國別碼2碼: RU"
time="2023-06-26 23:43:51" level=info msg="國別碼3碼: RUS"
time="2023-06-26 23:43:51" level=info msg="國家全名: Russian Federation (the)"
time="2023-06-26 23:52:15" level=info msg="國別碼2碼: US"
time="2023-06-26 23:52:15" level=info msg="國別碼3碼: USA"
time="2023-06-26 23:52:15" level=info msg="國家全名: United States of America (the)"
time="2023-06-26 23:52:20" level=info msg="國別碼2碼: US"
time="2023-06-26 23:52:20" level=info msg="國別碼3碼: USA"
time="2023-06-26 23:52:20" level=info msg="國家全名: United States of America (the)"
time="2023-06-26 23:52:22" level=info msg="國別碼2碼: US"
time="2023-06-26 23:52:22" level=info msg="國別碼3碼: USA"
time="2023-06-26 23:52:22" level=info msg="國家全名: United States of America (the)"
time="2023-06-26 23:52:23" level=info msg="國別碼2碼: US"
time="2023-06-26 23:52:23" level=info msg="國別碼3碼: USA"
time="2023-06-26 23:52:23" level=info msg="國家全名: United States of America (the)"
time="2023-06-26 23:52:24" level=info msg="國別碼2碼: US"
time="2023-06-26 23:52:24" level=info msg="國別碼3碼: USA"
time="2023-06-26 23:52:24" level=info msg="國家全名: United States of America (the)"
time="2023-06-26 23:52:25" level=info msg="國別碼2碼: US"
time="2023-06-26 23:52:25" level=info msg="國別碼3碼: USA"
time="2023-06-26 23:52:25" level=info msg="國家全名: United States of America (the)"
time="2023-06-26 23:53:46" level=info msg="國別碼2碼: FR"
time="2023-06-26 23:53:46" level=info msg="國別碼3碼: FRA"
time="2023-06-26 23:53:46" level=info msg="國家全名: France"
time="2023-06-26 23:53:47" level=info msg="國別碼2碼: FR"
time="2023-06-26 23:53:47" level=info msg="國別碼3碼: FRA"
time="2023-06-26 23:53:47" level=info msg="國家全名: France"
time="2023-06-26 23:57:31" level=info msg="國別碼2碼: RU"
time="2023-06-26 23:57:31" level=info msg="國別碼3碼: RUS"
time="2023-06-26 23:57:31" level=info msg="國家全名: Russian Federation (the)"
