time="2023-06-20 00:02:25" level=info msg="國別碼2碼: NL"
time="2023-06-20 00:02:25" level=info msg="國別碼3碼: NLD"
time="2023-06-20 00:02:25" level=info msg="國家全名: Netherlands (the)"
time="2023-06-20 00:08:17" level=info msg="國別碼2碼: FR"
time="2023-06-20 00:08:17" level=info msg="國別碼3碼: FRA"
time="2023-06-20 00:08:17" level=info msg="國家全名: France"
time="2023-06-20 00:08:18" level=info msg="國別碼2碼: FR"
time="2023-06-20 00:08:18" level=info msg="國別碼3碼: FRA"
time="2023-06-20 00:08:18" level=info msg="國家全名: France"
time="2023-06-20 00:16:00" level=info msg="國別碼2碼: NL"
time="2023-06-20 00:16:00" level=info msg="國別碼3碼: NLD"
time="2023-06-20 00:16:00" level=info msg="國家全名: Netherlands (the)"
time="2023-06-20 00:18:34" level=info msg="國別碼2碼: US"
time="2023-06-20 00:18:34" level=info msg="國別碼3碼: USA"
time="2023-06-20 00:18:34" level=info msg="國家全名: United States of America (the)"
time="2023-06-20 00:34:04" level=info msg="國別碼2碼: NL"
time="2023-06-20 00:34:04" level=info msg="國別碼3碼: NLD"
time="2023-06-20 00:34:04" level=info msg="國家全名: Netherlands (the)"
time="2023-06-20 00:46:31" level=info msg="國別碼2碼: US"
time="2023-06-20 00:46:31" level=info msg="國別碼3碼: USA"
time="2023-06-20 00:46:31" level=info msg="國家全名: United States of America (the)"
time="2023-06-20 00:47:16" level=info msg="國別碼2碼: NL"
time="2023-06-20 00:47:16" level=info msg="國別碼3碼: NLD"
time="2023-06-20 00:47:16" level=info msg="國家全名: Netherlands (the)"
time="2023-06-20 00:54:19" level=info msg="國別碼2碼: US"
time="2023-06-20 00:54:19" level=info msg="國別碼3碼: USA"
time="2023-06-20 00:54:19" level=info msg="國家全名: United States of America (the)"
time="2023-06-20 00:55:52" level=info msg="國別碼2碼: NL"
time="2023-06-20 00:55:52" level=info msg="國別碼3碼: NLD"
time="2023-06-20 00:55:52" level=info msg="國家全名: Netherlands (the)"
time="2023-06-20 01:15:08" level=info msg="國別碼2碼: NL"
time="2023-06-20 01:15:08" level=info msg="國別碼3碼: NLD"
time="2023-06-20 01:15:08" level=info msg="國家全名: Netherlands (the)"
time="2023-06-20 01:33:58" level=info msg="國別碼2碼: TW"
time="2023-06-20 01:33:58" level=info msg="國別碼3碼: TWN"
time="2023-06-20 01:33:58" level=info msg="國家全名: Taiwan (Province of China)"
time="2023-06-20 01:33:58" level=info msg="國別碼2碼: TW"
time="2023-06-20 01:33:58" level=info msg="國別碼3碼: TWN"
time="2023-06-20 01:33:58" level=info msg="國家全名: Taiwan (Province of China)"
time="2023-06-20 01:33:58" level=info msg="國別碼2碼: TW"
time="2023-06-20 01:33:58" level=info msg="國別碼3碼: TWN"
time="2023-06-20 01:33:58" level=info msg="國家全名: Taiwan (Province of China)"
time="2023-06-20 01:33:59" level=info msg="國別碼2碼: TW"
time="2023-06-20 01:33:59" level=info msg="國別碼3碼: TWN"
time="2023-06-20 01:33:59" level=info msg="國家全名: Taiwan (Province of China)"
time="2023-06-20 01:33:59" level=info msg="國別碼2碼: TW"
time="2023-06-20 01:33:59" level=info msg="國別碼3碼: TWN"
time="2023-06-20 01:33:59" level=info msg="國家全名: Taiwan (Province of China)"
time="2023-06-20 01:37:11" level=info msg="國別碼2碼: NL"
time="2023-06-20 01:37:11" level=info msg="國別碼3碼: NLD"
time="2023-06-20 01:37:11" level=info msg="國家全名: Netherlands (the)"
time="2023-06-20 01:49:05" level=info msg="國別碼2碼: NL"
time="2023-06-20 01:49:05" level=info msg="國別碼3碼: NLD"
time="2023-06-20 01:49:05" level=info msg="國家全名: Netherlands (the)"
time="2023-06-20 01:51:17" level=info msg="國別碼2碼: LT"
time="2023-06-20 01:51:17" level=info msg="國別碼3碼: LTU"
time="2023-06-20 01:51:17" level=info msg="國家全名: Lithuania"
time="2023-06-20 02:03:00" level=info msg="國別碼2碼: NL"
time="2023-06-20 02:03:00" level=info msg="國別碼3碼: NLD"
time="2023-06-20 02:03:00" level=info msg="國家全名: Netherlands (the)"
time="2023-06-20 02:04:13" level=info msg="國別碼2碼: BR"
time="2023-06-20 02:04:13" level=info msg="國別碼3碼: BRA"
time="2023-06-20 02:04:13" level=info msg="國家全名: Brazil"
time="2023-06-20 02:15:35" level=info msg="國別碼2碼: NL"
time="2023-06-20 02:15:35" level=info msg="國別碼3碼: NLD"
time="2023-06-20 02:15:35" level=info msg="國家全名: Netherlands (the)"
time="2023-06-20 02:42:58" level=info msg="國別碼2碼: NL"
time="2023-06-20 02:42:58" level=info msg="國別碼3碼: NLD"
time="2023-06-20 02:42:58" level=info msg="國家全名: Netherlands (the)"
time="2023-06-20 03:02:23" level=info msg="國別碼2碼: NL"
time="2023-06-20 03:02:23" level=info msg="國別碼3碼: NLD"
time="2023-06-20 03:02:23" level=info msg="國家全名: Netherlands (the)"
time="2023-06-20 03:02:30" level=info msg="國別碼2碼: US"
time="2023-06-20 03:02:30" level=info msg="國別碼3碼: USA"
time="2023-06-20 03:02:30" level=info msg="國家全名: United States of America (the)"
time="2023-06-20 03:14:14" level=info msg="國別碼2碼: NL"
time="2023-06-20 03:14:14" level=info msg="國別碼3碼: NLD"
time="2023-06-20 03:14:14" level=info msg="國家全名: Netherlands (the)"
time="2023-06-20 03:28:08" level=info msg="國別碼2碼: NL"
time="2023-06-20 03:28:08" level=info msg="國別碼3碼: NLD"
time="2023-06-20 03:28:08" level=info msg="國家全名: Netherlands (the)"
time="2023-06-20 03:29:54" level=info msg="國別碼2碼: JP"
time="2023-06-20 03:29:54" level=info msg="國別碼3碼: JPN"
time="2023-06-20 03:29:54" level=info msg="國家全名: Japan"
time="2023-06-20 03:45:47" level=info msg="國別碼2碼: NL"
time="2023-06-20 03:45:47" level=info msg="國別碼3碼: NLD"
time="2023-06-20 03:45:47" level=info msg="國家全名: Netherlands (the)"
time="2023-06-20 03:54:03" level=info msg="國別碼2碼: US"
time="2023-06-20 03:54:03" level=info msg="國別碼3碼: USA"
time="2023-06-20 03:54:03" level=info msg="國家全名: United States of America (the)"
time="2023-06-20 04:02:19" level=info msg="國別碼2碼: US"
time="2023-06-20 04:02:19" level=info msg="國別碼3碼: USA"
time="2023-06-20 04:02:19" level=info msg="國家全名: United States of America (the)"
time="2023-06-20 04:03:37" level=info msg="國別碼2碼: NL"
time="2023-06-20 04:03:37" level=info msg="國別碼3碼: NLD"
time="2023-06-20 04:03:37" level=info msg="國家全名: Netherlands (the)"
time="2023-06-20 04:12:00" level=info msg="國別碼2碼: NL"
time="2023-06-20 04:12:00" level=info msg="國別碼3碼: NLD"
time="2023-06-20 04:12:00" level=info msg="國家全名: Netherlands (the)"
time="2023-06-20 04:21:56" level=info msg="國別碼2碼: CH"
time="2023-06-20 04:21:56" level=info msg="國別碼3碼: CHE"
time="2023-06-20 04:21:56" level=info msg="國家全名: Switzerland"
time="2023-06-20 04:21:58" level=info msg="國別碼2碼: CH"
time="2023-06-20 04:21:58" level=info msg="國別碼3碼: CHE"
time="2023-06-20 04:21:58" level=info msg="國家全名: Switzerland"
time="2023-06-20 04:21:59" level=info msg="國別碼2碼: CH"
time="2023-06-20 04:21:59" level=info msg="國別碼3碼: CHE"
time="2023-06-20 04:21:59" level=info msg="國家全名: Switzerland"
time="2023-06-20 04:22:00" level=info msg="國別碼2碼: CH"
time="2023-06-20 04:22:00" level=info msg="國別碼3碼: CHE"
time="2023-06-20 04:22:00" level=info msg="國家全名: Switzerland"
time="2023-06-20 04:22:01" level=info msg="國別碼2碼: CH"
time="2023-06-20 04:22:01" level=info msg="國別碼3碼: CHE"
time="2023-06-20 04:22:01" level=info msg="國家全名: Switzerland"
time="2023-06-20 04:22:02" level=info msg="國別碼2碼: CH"
time="2023-06-20 04:22:02" level=info msg="國別碼3碼: CHE"
time="2023-06-20 04:22:02" level=info msg="國家全名: Switzerland"
time="2023-06-20 04:22:03" level=info msg="國別碼2碼: CH"
time="2023-06-20 04:22:03" level=info msg="國別碼3碼: CHE"
time="2023-06-20 04:22:03" level=info msg="國家全名: Switzerland"
time="2023-06-20 04:22:04" level=info msg="國別碼2碼: CH"
time="2023-06-20 04:22:04" level=info msg="國別碼3碼: CHE"
time="2023-06-20 04:22:04" level=info msg="國家全名: Switzerland"
time="2023-06-20 04:26:27" level=info msg="國別碼2碼: US"
time="2023-06-20 04:26:27" level=info msg="國別碼3碼: USA"
time="2023-06-20 04:26:27" level=info msg="國家全名: United States of America (the)"
time="2023-06-20 04:27:29" level=info msg="國別碼2碼: NL"
time="2023-06-20 04:27:29" level=info msg="國別碼3碼: NLD"
time="2023-06-20 04:27:29" level=info msg="國家全名: Netherlands (the)"
time="2023-06-20 04:30:11" level=info msg="國別碼2碼: US"
time="2023-06-20 04:30:11" level=info msg="國別碼3碼: USA"
time="2023-06-20 04:30:11" level=info msg="國家全名: United States of America (the)"
time="2023-06-20 04:46:29" level=info msg="國別碼2碼: US"
time="2023-06-20 04:46:29" level=info msg="國別碼3碼: USA"
time="2023-06-20 04:46:29" level=info msg="國家全名: United States of America (the)"
time="2023-06-20 04:46:30" level=info msg="國別碼2碼: US"
time="2023-06-20 04:46:30" level=info msg="國別碼3碼: USA"
time="2023-06-20 04:46:30" level=info msg="國家全名: United States of America (the)"
time="2023-06-20 04:46:31" level=info msg="國別碼2碼: US"
time="2023-06-20 04:46:31" level=info msg="國別碼3碼: USA"
time="2023-06-20 04:46:31" level=info msg="國家全名: United States of America (the)"
time="2023-06-20 04:46:32" level=info msg="國別碼2碼: US"
time="2023-06-20 04:46:32" level=info msg="國別碼3碼: USA"
time="2023-06-20 04:46:32" level=info msg="國家全名: United States of America (the)"
time="2023-06-20 04:46:33" level=info msg="國別碼2碼: US"
time="2023-06-20 04:46:33" level=info msg="國別碼3碼: USA"
time="2023-06-20 04:46:33" level=info msg="國家全名: United States of America (the)"
time="2023-06-20 04:47:51" level=info msg="國別碼2碼: NL"
time="2023-06-20 04:47:51" level=info msg="國別碼3碼: NLD"
time="2023-06-20 04:47:51" level=info msg="國家全名: Netherlands (the)"
time="2023-06-20 04:56:59" level=info msg="國別碼2碼: TW"
time="2023-06-20 04:56:59" level=info msg="國別碼3碼: TWN"
time="2023-06-20 04:56:59" level=info msg="國家全名: Taiwan (Province of China)"
time="2023-06-20 04:57:00" level=info msg="國別碼2碼: TW"
time="2023-06-20 04:57:00" level=info msg="國別碼3碼: TWN"
time="2023-06-20 04:57:00" level=info msg="國家全名: Taiwan (Province of China)"
time="2023-06-20 04:57:00" level=info msg="國別碼2碼: TW"
time="2023-06-20 04:57:00" level=info msg="國別碼3碼: TWN"
time="2023-06-20 04:57:00" level=info msg="國家全名: Taiwan (Province of China)"
time="2023-06-20 04:57:00" level=info msg="國別碼2碼: TW"
time="2023-06-20 04:57:00" level=info msg="國別碼3碼: TWN"
time="2023-06-20 04:57:00" level=info msg="國家全名: Taiwan (Province of China)"
time="2023-06-20 04:57:00" level=info msg="國別碼2碼: TW"
time="2023-06-20 04:57:00" level=info msg="國別碼3碼: TWN"
time="2023-06-20 04:57:00" level=info msg="國家全名: Taiwan (Province of China)"
time="2023-06-20 04:57:00" level=info msg="國別碼2碼: TW"
time="2023-06-20 04:57:00" level=info msg="國別碼3碼: TWN"
time="2023-06-20 04:57:00" level=info msg="國家全名: Taiwan (Province of China)"
time="2023-06-20 04:57:15" level=info msg="國別碼2碼: TW"
time="2023-06-20 04:57:15" level=info msg="國別碼3碼: TWN"
time="2023-06-20 04:57:15" level=info msg="國家全名: Taiwan (Province of China)"
time="2023-06-20 04:57:21" level=info msg="國別碼2碼: TW"
time="2023-06-20 04:57:21" level=info msg="國別碼3碼: TWN"
time="2023-06-20 04:57:21" level=info msg="國家全名: Taiwan (Province of China)"
time="2023-06-20 04:57:27" level=info msg="國別碼2碼: TW"
time="2023-06-20 04:57:27" level=info msg="國別碼3碼: TWN"
time="2023-06-20 04:57:27" level=info msg="國家全名: Taiwan (Province of China)"
time="2023-06-20 04:57:34" level=info msg="國別碼2碼: TW"
time="2023-06-20 04:57:34" level=info msg="國別碼3碼: TWN"
time="2023-06-20 04:57:34" level=info msg="國家全名: Taiwan (Province of China)"
time="2023-06-20 04:57:35" level=info msg="國別碼2碼: TW"
time="2023-06-20 04:57:35" level=info msg="國別碼3碼: TWN"
time="2023-06-20 04:57:35" level=info msg="國家全名: Taiwan (Province of China)"
time="2023-06-20 04:57:35" level=info msg="國別碼2碼: TW"
time="2023-06-20 04:57:35" level=info msg="國別碼3碼: TWN"
time="2023-06-20 04:57:35" level=info msg="國家全名: Taiwan (Province of China)"
time="2023-06-20 04:57:35" level=info msg="國別碼2碼: US"
time="2023-06-20 04:57:35" level=info msg="國別碼3碼: USA"
time="2023-06-20 04:57:35" level=info msg="國家全名: United States of America (the)"
time="2023-06-20 04:57:35" level=info msg="國別碼2碼: TW"
time="2023-06-20 04:57:35" level=info msg="國別碼3碼: TWN"
time="2023-06-20 04:57:35" level=info msg="國家全名: Taiwan (Province of China)"
time="2023-06-20 04:57:35" level=info msg="國別碼2碼: TW"
time="2023-06-20 04:57:35" level=info msg="國別碼3碼: TWN"
time="2023-06-20 04:57:35" level=info msg="國家全名: Taiwan (Province of China)"
time="2023-06-20 04:57:36" level=info msg="國別碼2碼: US"
time="2023-06-20 04:57:36" level=info msg="國別碼3碼: USA"
time="2023-06-20 04:57:36" level=info msg="國家全名: United States of America (the)"
time="2023-06-20 04:57:37" level=info msg="國別碼2碼: US"
time="2023-06-20 04:57:37" level=info msg="國別碼3碼: USA"
time="2023-06-20 04:57:37" level=info msg="國家全名: United States of America (the)"
time="2023-06-20 04:57:38" level=info msg="國別碼2碼: US"
time="2023-06-20 04:57:38" level=info msg="國別碼3碼: USA"
time="2023-06-20 04:57:38" level=info msg="國家全名: United States of America (the)"
time="2023-06-20 04:57:39" level=info msg="國別碼2碼: US"
time="2023-06-20 04:57:39" level=info msg="國別碼3碼: USA"
time="2023-06-20 04:57:39" level=info msg="國家全名: United States of America (the)"
time="2023-06-20 04:57:41" level=info msg="國別碼2碼: TW"
time="2023-06-20 04:57:41" level=info msg="國別碼3碼: TWN"
time="2023-06-20 04:57:41" level=info msg="國家全名: Taiwan (Province of China)"
time="2023-06-20 04:57:54" level=info msg="國別碼2碼: TW"
time="2023-06-20 04:57:54" level=info msg="國別碼3碼: TWN"
time="2023-06-20 04:57:54" level=info msg="國家全名: Taiwan (Province of China)"
time="2023-06-20 04:57:55" level=info msg="國別碼2碼: TW"
time="2023-06-20 04:57:55" level=info msg="國別碼3碼: TWN"
time="2023-06-20 04:57:55" level=info msg="國家全名: Taiwan (Province of China)"
time="2023-06-20 04:57:55" level=info msg="國別碼2碼: TW"
time="2023-06-20 04:57:55" level=info msg="國別碼3碼: TWN"
time="2023-06-20 04:57:55" level=info msg="國家全名: Taiwan (Province of China)"
time="2023-06-20 04:57:55" level=info msg="國別碼2碼: TW"
time="2023-06-20 04:57:55" level=info msg="國別碼3碼: TWN"
time="2023-06-20 04:57:55" level=info msg="國家全名: Taiwan (Province of China)"
time="2023-06-20 04:57:56" level=info msg="國別碼2碼: TW"
time="2023-06-20 04:57:56" level=info msg="國別碼3碼: TWN"
time="2023-06-20 04:57:56" level=info msg="國家全名: Taiwan (Province of China)"
time="2023-06-20 04:57:56" level=info msg="國別碼2碼: TW"
time="2023-06-20 04:57:56" level=info msg="國別碼3碼: TWN"
time="2023-06-20 04:57:56" level=info msg="國家全名: Taiwan (Province of China)"
time="2023-06-20 04:58:26" level=info msg="國別碼2碼: TW"
time="2023-06-20 04:58:26" level=info msg="國別碼3碼: TWN"
time="2023-06-20 04:58:26" level=info msg="國家全名: Taiwan (Province of China)"
time="2023-06-20 04:58:27" level=info msg="國別碼2碼: TW"
time="2023-06-20 04:58:27" level=info msg="國別碼3碼: TWN"
time="2023-06-20 04:58:27" level=info msg="國家全名: Taiwan (Province of China)"
time="2023-06-20 04:58:44" level=info msg="國別碼2碼: TW"
time="2023-06-20 04:58:44" level=info msg="國別碼3碼: TWN"
time="2023-06-20 04:58:44" level=info msg="國家全名: Taiwan (Province of China)"
time="2023-06-20 04:58:45" level=info msg="國別碼2碼: TW"
time="2023-06-20 04:58:45" level=info msg="國別碼3碼: TWN"
time="2023-06-20 04:58:45" level=info msg="國家全名: Taiwan (Province of China)"
time="2023-06-20 04:58:46" level=info msg="國別碼2碼: TW"
time="2023-06-20 04:58:46" level=info msg="國別碼3碼: TWN"
time="2023-06-20 04:58:46" level=info msg="國家全名: Taiwan (Province of China)"
time="2023-06-20 04:58:46" level=info msg="國別碼2碼: TW"
time="2023-06-20 04:58:46" level=info msg="國別碼3碼: TWN"
time="2023-06-20 04:58:46" level=info msg="國家全名: Taiwan (Province of China)"
time="2023-06-20 04:58:47" level=info msg="國別碼2碼: TW"
time="2023-06-20 04:58:47" level=info msg="國別碼3碼: TWN"
time="2023-06-20 04:58:47" level=info msg="國家全名: Taiwan (Province of China)"
time="2023-06-20 04:58:47" level=info msg="國別碼2碼: TW"
time="2023-06-20 04:58:47" level=info msg="國別碼3碼: TWN"
time="2023-06-20 04:58:47" level=info msg="國家全名: Taiwan (Province of China)"
time="2023-06-20 04:58:58" level=info msg="國別碼2碼: TW"
time="2023-06-20 04:58:58" level=info msg="國別碼3碼: TWN"
time="2023-06-20 04:58:58" level=info msg="國家全名: Taiwan (Province of China)"
time="2023-06-20 05:00:05" level=info msg="國別碼2碼: TW"
time="2023-06-20 05:00:05" level=info msg="國別碼3碼: TWN"
time="2023-06-20 05:00:05" level=info msg="國家全名: Taiwan (Province of China)"
time="2023-06-20 05:00:06" level=info msg="國別碼2碼: TW"
time="2023-06-20 05:00:06" level=info msg="國別碼3碼: TWN"
time="2023-06-20 05:00:06" level=info msg="國家全名: Taiwan (Province of China)"
time="2023-06-20 05:00:06" level=info msg="國別碼2碼: TW"
time="2023-06-20 05:00:06" level=info msg="國別碼3碼: TWN"
time="2023-06-20 05:00:06" level=info msg="國家全名: Taiwan (Province of China)"
time="2023-06-20 05:00:26" level=info msg="國別碼2碼: TW"
time="2023-06-20 05:00:26" level=info msg="國別碼3碼: TWN"
time="2023-06-20 05:00:26" level=info msg="國家全名: Taiwan (Province of China)"
time="2023-06-20 05:01:18" level=info msg="國別碼2碼: NL"
time="2023-06-20 05:01:18" level=info msg="國別碼3碼: NLD"
time="2023-06-20 05:01:18" level=info msg="國家全名: Netherlands (the)"
time="2023-06-20 05:10:46" level=info msg="國別碼2碼: NL"
time="2023-06-20 05:10:46" level=info msg="國別碼3碼: NLD"
time="2023-06-20 05:10:46" level=info msg="國家全名: Netherlands (the)"
time="2023-06-20 05:20:17" level=info msg="國別碼2碼: US"
time="2023-06-20 05:20:17" level=info msg="國別碼3碼: USA"
time="2023-06-20 05:20:17" level=info msg="國家全名: United States of America (the)"
time="2023-06-20 05:21:09" level=info msg="國別碼2碼: US"
time="2023-06-20 05:21:09" level=info msg="國別碼3碼: USA"
time="2023-06-20 05:21:09" level=info msg="國家全名: United States of America (the)"
time="2023-06-20 05:29:43" level=info msg="國別碼2碼: NL"
time="2023-06-20 05:29:43" level=info msg="國別碼3碼: NLD"
time="2023-06-20 05:29:43" level=info msg="國家全名: Netherlands (the)"
time="2023-06-20 05:38:00" level=info msg="國別碼2碼: NL"
time="2023-06-20 05:38:00" level=info msg="國別碼3碼: NLD"
time="2023-06-20 05:38:00" level=info msg="國家全名: Netherlands (the)"
time="2023-06-20 05:56:03" level=info msg="國別碼2碼: NL"
time="2023-06-20 05:56:03" level=info msg="國別碼3碼: NLD"
time="2023-06-20 05:56:03" level=info msg="國家全名: Netherlands (the)"
time="2023-06-20 06:10:30" level=info msg="國別碼2碼: NL"
time="2023-06-20 06:10:30" level=info msg="國別碼3碼: NLD"
time="2023-06-20 06:10:30" level=info msg="國家全名: Netherlands (the)"
time="2023-06-20 06:26:14" level=info msg="國別碼2碼: LT"
time="2023-06-20 06:26:14" level=info msg="國別碼3碼: LTU"
time="2023-06-20 06:26:14" level=info msg="國家全名: Lithuania"
time="2023-06-20 06:26:26" level=info msg="國別碼2碼: NL"
time="2023-06-20 06:26:26" level=info msg="國別碼3碼: NLD"
time="2023-06-20 06:26:26" level=info msg="國家全名: Netherlands (the)"
time="2023-06-20 06:34:29" level=info msg="國別碼2碼: US"
time="2023-06-20 06:34:29" level=info msg="國別碼3碼: USA"
time="2023-06-20 06:34:29" level=info msg="國家全名: United States of America (the)"
time="2023-06-20 06:41:28" level=info msg="國別碼2碼: NL"
time="2023-06-20 06:41:28" level=info msg="國別碼3碼: NLD"
time="2023-06-20 06:41:28" level=info msg="國家全名: Netherlands (the)"
time="2023-06-20 06:56:28" level=info msg="國別碼2碼: NL"
time="2023-06-20 06:56:28" level=info msg="國別碼3碼: NLD"
time="2023-06-20 06:56:28" level=info msg="國家全名: Netherlands (the)"
time="2023-06-20 07:09:22" level=info msg="國別碼2碼: NL"
time="2023-06-20 07:09:22" level=info msg="國別碼3碼: NLD"
time="2023-06-20 07:09:22" level=info msg="國家全名: Netherlands (the)"
time="2023-06-20 07:18:48" level=info msg="國別碼2碼: NL"
time="2023-06-20 07:18:48" level=info msg="國別碼3碼: NLD"
time="2023-06-20 07:18:48" level=info msg="國家全名: Netherlands (the)"
time="2023-06-20 07:21:26" level=info msg="國別碼2碼: NL"
time="2023-06-20 07:21:26" level=info msg="國別碼3碼: NLD"
time="2023-06-20 07:21:26" level=info msg="國家全名: Netherlands (the)"
time="2023-06-20 07:39:48" level=info msg="國別碼2碼: NL"
time="2023-06-20 07:39:48" level=info msg="國別碼3碼: NLD"
time="2023-06-20 07:39:48" level=info msg="國家全名: Netherlands (the)"
time="2023-06-20 07:40:37" level=info msg="國別碼2碼: PT"
time="2023-06-20 07:40:37" level=info msg="國別碼3碼: PRT"
time="2023-06-20 07:40:37" level=info msg="國家全名: Portugal"
time="2023-06-20 07:46:30" level=info msg="國別碼2碼: US"
time="2023-06-20 07:46:30" level=info msg="國別碼3碼: USA"
time="2023-06-20 07:46:30" level=info msg="國家全名: United States of America (the)"
time="2023-06-20 07:49:31" level=info msg="國別碼2碼: NL"
time="2023-06-20 07:49:31" level=info msg="國別碼3碼: NLD"
time="2023-06-20 07:49:31" level=info msg="國家全名: Netherlands (the)"
time="2023-06-20 07:51:11" level=info msg="國別碼2碼: US"
time="2023-06-20 07:51:11" level=info msg="國別碼3碼: USA"
time="2023-06-20 07:51:11" level=info msg="國家全名: United States of America (the)"
time="2023-06-20 07:53:36" level=info msg="國別碼2碼: US"
time="2023-06-20 07:53:36" level=info msg="國別碼3碼: USA"
time="2023-06-20 07:53:36" level=info msg="國家全名: United States of America (the)"
time="2023-06-20 07:54:40" level=info msg="國別碼2碼: US"
time="2023-06-20 07:54:40" level=info msg="國別碼3碼: USA"
time="2023-06-20 07:54:40" level=info msg="國家全名: United States of America (the)"
time="2023-06-20 08:07:15" level=info msg="國別碼2碼: NL"
time="2023-06-20 08:07:15" level=info msg="國別碼3碼: NLD"
time="2023-06-20 08:07:15" level=info msg="國家全名: Netherlands (the)"
time="2023-06-20 08:24:12" level=info msg="國別碼2碼: NL"
time="2023-06-20 08:24:12" level=info msg="國別碼3碼: NLD"
time="2023-06-20 08:24:12" level=info msg="國家全名: Netherlands (the)"
time="2023-06-20 08:33:12" level=info msg="國別碼2碼: NL"
time="2023-06-20 08:33:12" level=info msg="國別碼3碼: NLD"
time="2023-06-20 08:33:12" level=info msg="國家全名: Netherlands (the)"
time="2023-06-20 08:36:05" level=info msg="國別碼2碼: EC"
time="2023-06-20 08:36:05" level=info msg="國別碼3碼: ECU"
time="2023-06-20 08:36:05" level=info msg="國家全名: Ecuador"
time="2023-06-20 08:44:54" level=info msg="國別碼2碼: NL"
time="2023-06-20 08:44:54" level=info msg="國別碼3碼: NLD"
time="2023-06-20 08:44:54" level=info msg="國家全名: Netherlands (the)"
time="2023-06-20 08:59:49" level=info msg="國別碼2碼: NL"
time="2023-06-20 08:59:49" level=info msg="國別碼3碼: NLD"
time="2023-06-20 08:59:49" level=info msg="國家全名: Netherlands (the)"
time="2023-06-20 09:17:55" level=info msg="國別碼2碼: NL"
time="2023-06-20 09:17:55" level=info msg="國別碼3碼: NLD"
time="2023-06-20 09:17:55" level=info msg="國家全名: Netherlands (the)"
time="2023-06-20 09:18:29" level=info msg="國別碼2碼: NL"
time="2023-06-20 09:18:29" level=info msg="國別碼3碼: NLD"
time="2023-06-20 09:18:29" level=info msg="國家全名: Netherlands (the)"
time="2023-06-20 09:18:30" level=info msg="國別碼2碼: NL"
time="2023-06-20 09:18:30" level=info msg="國別碼3碼: NLD"
time="2023-06-20 09:18:30" level=info msg="國家全名: Netherlands (the)"
time="2023-06-20 09:18:30" level=info msg="國別碼2碼: NL"
time="2023-06-20 09:18:30" level=info msg="國別碼3碼: NLD"
time="2023-06-20 09:18:30" level=info msg="國家全名: Netherlands (the)"
time="2023-06-20 09:18:30" level=info msg="國別碼2碼: NL"
time="2023-06-20 09:18:30" level=info msg="國別碼3碼: NLD"
time="2023-06-20 09:18:30" level=info msg="國家全名: Netherlands (the)"
time="2023-06-20 09:18:30" level=info msg="國別碼2碼: NL"
time="2023-06-20 09:18:30" level=info msg="國別碼3碼: NLD"
time="2023-06-20 09:18:30" level=info msg="國家全名: Netherlands (the)"
time="2023-06-20 09:18:38" level=info msg="國別碼2碼: LU"
time="2023-06-20 09:18:38" level=info msg="國別碼3碼: LUX"
time="2023-06-20 09:18:38" level=info msg="國家全名: Luxembourg"
time="2023-06-20 09:37:47" level=info msg="國別碼2碼: NL"
time="2023-06-20 09:37:47" level=info msg="國別碼3碼: NLD"
time="2023-06-20 09:37:47" level=info msg="國家全名: Netherlands (the)"
time="2023-06-20 09:41:23" level=info msg="國別碼2碼: RU"
time="2023-06-20 09:41:23" level=info msg="國別碼3碼: RUS"
time="2023-06-20 09:41:23" level=info msg="國家全名: Russian Federation (the)"
time="2023-06-20 09:45:20" level=info msg="國別碼2碼: NL"
time="2023-06-20 09:45:20" level=info msg="國別碼3碼: NLD"
time="2023-06-20 09:45:20" level=info msg="國家全名: Netherlands (the)"
time="2023-06-20 09:52:44" level=info msg="國別碼2碼: RU"
time="2023-06-20 09:52:44" level=info msg="國別碼3碼: RUS"
time="2023-06-20 09:52:44" level=info msg="國家全名: Russian Federation (the)"
time="2023-06-20 10:02:26" level=info msg="國別碼2碼: NL"
time="2023-06-20 10:02:26" level=info msg="國別碼3碼: NLD"
time="2023-06-20 10:02:26" level=info msg="國家全名: Netherlands (the)"
time="2023-06-20 10:07:53" level=info msg="國別碼2碼: BR"
time="2023-06-20 10:07:53" level=info msg="國別碼3碼: BRA"
time="2023-06-20 10:07:53" level=info msg="國家全名: Brazil"
time="2023-06-20 10:12:01" level=info msg="國別碼2碼: NL"
time="2023-06-20 10:12:01" level=info msg="國別碼3碼: NLD"
time="2023-06-20 10:12:01" level=info msg="國家全名: Netherlands (the)"
time="2023-06-20 10:18:02" level=info msg="國別碼2碼: NL"
time="2023-06-20 10:18:02" level=info msg="國別碼3碼: NLD"
time="2023-06-20 10:18:02" level=info msg="國家全名: Netherlands (the)"
time="2023-06-20 10:33:07" level=info msg="國別碼2碼: RU"
time="2023-06-20 10:33:07" level=info msg="國別碼3碼: RUS"
time="2023-06-20 10:33:07" level=info msg="國家全名: Russian Federation (the)"
time="2023-06-20 10:36:51" level=info msg="國別碼2碼: NL"
time="2023-06-20 10:36:51" level=info msg="國別碼3碼: NLD"
time="2023-06-20 10:36:51" level=info msg="國家全名: Netherlands (the)"
time="2023-06-20 10:48:26" level=info msg="國別碼2碼: NL"
time="2023-06-20 10:48:26" level=info msg="國別碼3碼: NLD"
time="2023-06-20 10:48:26" level=info msg="國家全名: Netherlands (the)"
time="2023-06-20 10:59:02" level=info msg="國別碼2碼: NL"
time="2023-06-20 10:59:02" level=info msg="國別碼3碼: NLD"
time="2023-06-20 10:59:02" level=info msg="國家全名: Netherlands (the)"
time="2023-06-20 11:02:34" level=info msg="國別碼2碼: RU"
time="2023-06-20 11:02:34" level=info msg="國別碼3碼: RUS"
time="2023-06-20 11:02:34" level=info msg="國家全名: Russian Federation (the)"
time="2023-06-20 11:03:19" level=info msg="國別碼2碼: NL"
time="2023-06-20 11:03:19" level=info msg="國別碼3碼: NLD"
time="2023-06-20 11:03:19" level=info msg="國家全名: Netherlands (the)"
time="2023-06-20 11:14:14" level=info msg="國別碼2碼: NL"
time="2023-06-20 11:14:14" level=info msg="國別碼3碼: NLD"
time="2023-06-20 11:14:14" level=info msg="國家全名: Netherlands (the)"
time="2023-06-20 11:21:48" level=info msg="國別碼2碼: CN"
time="2023-06-20 11:21:48" level=info msg="國別碼3碼: CHN"
time="2023-06-20 11:21:48" level=info msg="國家全名: China"
time="2023-06-20 11:21:49" level=info msg="國別碼2碼: CN"
time="2023-06-20 11:21:49" level=info msg="國別碼3碼: CHN"
time="2023-06-20 11:21:49" level=info msg="國家全名: China"
time="2023-06-20 11:21:50" level=info msg="國別碼2碼: CN"
time="2023-06-20 11:21:50" level=info msg="國別碼3碼: CHN"
time="2023-06-20 11:21:50" level=info msg="國家全名: China"
time="2023-06-20 11:24:45" level=info msg="國別碼2碼: US"
time="2023-06-20 11:24:45" level=info msg="國別碼3碼: USA"
time="2023-06-20 11:24:45" level=info msg="國家全名: United States of America (the)"
time="2023-06-20 11:24:46" level=info msg="國別碼2碼: US"
time="2023-06-20 11:24:46" level=info msg="國別碼3碼: USA"
time="2023-06-20 11:24:46" level=info msg="國家全名: United States of America (the)"
time="2023-06-20 11:24:47" level=info msg="國別碼2碼: US"
time="2023-06-20 11:24:47" level=info msg="國別碼3碼: USA"
time="2023-06-20 11:24:47" level=info msg="國家全名: United States of America (the)"
time="2023-06-20 11:24:48" level=info msg="國別碼2碼: US"
time="2023-06-20 11:24:48" level=info msg="國別碼3碼: USA"
time="2023-06-20 11:24:48" level=info msg="國家全名: United States of America (the)"
time="2023-06-20 11:24:49" level=info msg="國別碼2碼: US"
time="2023-06-20 11:24:49" level=info msg="國別碼3碼: USA"
time="2023-06-20 11:24:49" level=info msg="國家全名: United States of America (the)"
time="2023-06-20 11:27:25" level=info msg="國別碼2碼: NL"
time="2023-06-20 11:27:25" level=info msg="國別碼3碼: NLD"
time="2023-06-20 11:27:25" level=info msg="國家全名: Netherlands (the)"
time="2023-06-20 11:33:30" level=info msg="國別碼2碼: LT"
time="2023-06-20 11:33:30" level=info msg="國別碼3碼: LTU"
time="2023-06-20 11:33:30" level=info msg="國家全名: Lithuania"
time="2023-06-20 12:06:36" level=info msg="國別碼2碼: RU"
time="2023-06-20 12:06:36" level=info msg="國別碼3碼: RUS"
time="2023-06-20 12:06:36" level=info msg="國家全名: Russian Federation (the)"
time="2023-06-20 12:18:56" level=info msg="國別碼2碼: SG"
time="2023-06-20 12:18:56" level=info msg="國別碼3碼: SGP"
time="2023-06-20 12:18:56" level=info msg="國家全名: Singapore"
time="2023-06-20 12:18:57" level=info msg="國別碼2碼: SG"
time="2023-06-20 12:18:57" level=info msg="國別碼3碼: SGP"
time="2023-06-20 12:18:57" level=info msg="國家全名: Singapore"
time="2023-06-20 12:18:57" level=info msg="國別碼2碼: SG"
time="2023-06-20 12:18:57" level=info msg="國別碼3碼: SGP"
time="2023-06-20 12:18:57" level=info msg="國家全名: Singapore"
time="2023-06-20 12:18:58" level=info msg="國別碼2碼: SG"
time="2023-06-20 12:18:58" level=info msg="國別碼3碼: SGP"
time="2023-06-20 12:18:58" level=info msg="國家全名: Singapore"
time="2023-06-20 12:18:59" level=info msg="國別碼2碼: SG"
time="2023-06-20 12:18:59" level=info msg="國別碼3碼: SGP"
time="2023-06-20 12:18:59" level=info msg="國家全名: Singapore"
time="2023-06-20 12:18:59" level=info msg="國別碼2碼: SG"
time="2023-06-20 12:18:59" level=info msg="國別碼3碼: SGP"
time="2023-06-20 12:18:59" level=info msg="國家全名: Singapore"
time="2023-06-20 12:19:00" level=info msg="國別碼2碼: SG"
time="2023-06-20 12:19:00" level=info msg="國別碼3碼: SGP"
time="2023-06-20 12:19:00" level=info msg="國家全名: Singapore"
time="2023-06-20 12:19:01" level=info msg="國別碼2碼: SG"
time="2023-06-20 12:19:01" level=info msg="國別碼3碼: SGP"
time="2023-06-20 12:19:01" level=info msg="國家全名: Singapore"
time="2023-06-20 12:19:01" level=info msg="國別碼2碼: SG"
time="2023-06-20 12:19:01" level=info msg="國別碼3碼: SGP"
time="2023-06-20 12:19:01" level=info msg="國家全名: Singapore"
time="2023-06-20 12:19:37" level=info msg="國別碼2碼: CH"
time="2023-06-20 12:19:37" level=info msg="國別碼3碼: CHE"
time="2023-06-20 12:19:37" level=info msg="國家全名: Switzerland"
time="2023-06-20 12:29:40" level=info msg="國別碼2碼: NL"
time="2023-06-20 12:29:40" level=info msg="國別碼3碼: NLD"
time="2023-06-20 12:29:40" level=info msg="國家全名: Netherlands (the)"
time="2023-06-20 12:45:23" level=info msg="國別碼2碼: NL"
time="2023-06-20 12:45:23" level=info msg="國別碼3碼: NLD"
time="2023-06-20 12:45:23" level=info msg="國家全名: Netherlands (the)"
time="2023-06-20 12:49:11" level=info msg="國別碼2碼: PT"
time="2023-06-20 12:49:11" level=info msg="國別碼3碼: PRT"
time="2023-06-20 12:49:11" level=info msg="國家全名: Portugal"
time="2023-06-20 12:49:33" level=info msg="國別碼2碼: CA"
time="2023-06-20 12:49:33" level=info msg="國別碼3碼: CAN"
time="2023-06-20 12:49:33" level=info msg="國家全名: Canada"
time="2023-06-20 12:49:34" level=info msg="國別碼2碼: CA"
time="2023-06-20 12:49:34" level=info msg="國別碼3碼: CAN"
time="2023-06-20 12:49:34" level=info msg="國家全名: Canada"
time="2023-06-20 12:50:06" level=info msg="國別碼2碼: RU"
time="2023-06-20 12:50:06" level=info msg="國別碼3碼: RUS"
time="2023-06-20 12:50:06" level=info msg="國家全名: Russian Federation (the)"
time="2023-06-20 12:58:32" level=info msg="國別碼2碼: NL"
time="2023-06-20 12:58:32" level=info msg="國別碼3碼: NLD"
time="2023-06-20 12:58:32" level=info msg="國家全名: Netherlands (the)"
time="2023-06-20 13:13:23" level=info msg="國別碼2碼: NL"
time="2023-06-20 13:13:23" level=info msg="國別碼3碼: NLD"
time="2023-06-20 13:13:23" level=info msg="國家全名: Netherlands (the)"
time="2023-06-20 13:23:31" level=info msg="國別碼2碼: NL"
time="2023-06-20 13:23:31" level=info msg="國別碼3碼: NLD"
time="2023-06-20 13:23:31" level=info msg="國家全名: Netherlands (the)"
time="2023-06-20 13:25:49" level=info msg="國別碼2碼: BG"
time="2023-06-20 13:25:49" level=info msg="國別碼3碼: BGR"
time="2023-06-20 13:25:49" level=info msg="國家全名: Bulgaria"
time="2023-06-20 13:34:25" level=info msg="國別碼2碼: NL"
time="2023-06-20 13:34:25" level=info msg="國別碼3碼: NLD"
time="2023-06-20 13:34:25" level=info msg="國家全名: Netherlands (the)"
time="2023-06-20 13:39:52" level=info msg="國別碼2碼: TW"
time="2023-06-20 13:39:52" level=info msg="國別碼3碼: TWN"
time="2023-06-20 13:39:52" level=info msg="國家全名: Taiwan (Province of China)"
time="2023-06-20 13:39:52" level=info msg="國別碼2碼: TW"
time="2023-06-20 13:39:52" level=info msg="國別碼3碼: TWN"
time="2023-06-20 13:39:52" level=info msg="國家全名: Taiwan (Province of China)"
time="2023-06-20 13:39:52" level=info msg="國別碼2碼: TW"
time="2023-06-20 13:39:52" level=info msg="國別碼3碼: TWN"
time="2023-06-20 13:39:52" level=info msg="國家全名: Taiwan (Province of China)"
time="2023-06-20 13:39:52" level=info msg="國別碼2碼: TW"
time="2023-06-20 13:39:52" level=info msg="國別碼3碼: TWN"
time="2023-06-20 13:39:52" level=info msg="國家全名: Taiwan (Province of China)"
time="2023-06-20 13:41:54" level=info msg="國別碼2碼: RU"
time="2023-06-20 13:41:54" level=info msg="國別碼3碼: RUS"
time="2023-06-20 13:41:54" level=info msg="國家全名: Russian Federation (the)"
time="2023-06-20 13:48:43" level=info msg="國別碼2碼: NL"
time="2023-06-20 13:48:43" level=info msg="國別碼3碼: NLD"
time="2023-06-20 13:48:43" level=info msg="國家全名: Netherlands (the)"
time="2023-06-20 13:50:40" level=info msg="國別碼2碼: PT"
time="2023-06-20 13:50:40" level=info msg="國別碼3碼: PRT"
time="2023-06-20 13:50:40" level=info msg="國家全名: Portugal"
time="2023-06-20 14:02:54" level=info msg="國別碼2碼: NL"
time="2023-06-20 14:02:54" level=info msg="國別碼3碼: NLD"
time="2023-06-20 14:02:54" level=info msg="國家全名: Netherlands (the)"
time="2023-06-20 14:11:21" level=info msg="國別碼2碼: RU"
time="2023-06-20 14:11:21" level=info msg="國別碼3碼: RUS"
time="2023-06-20 14:11:21" level=info msg="國家全名: Russian Federation (the)"
time="2023-06-20 14:12:32" level=info msg="國別碼2碼: UA"
time="2023-06-20 14:12:32" level=info msg="國別碼3碼: UKR"
time="2023-06-20 14:12:32" level=info msg="國家全名: Ukraine"
time="2023-06-20 14:14:37" level=info msg="國別碼2碼: US"
time="2023-06-20 14:14:37" level=info msg="國別碼3碼: USA"
time="2023-06-20 14:14:37" level=info msg="國家全名: United States of America (the)"
time="2023-06-20 14:16:46" level=info msg="國別碼2碼: NL"
time="2023-06-20 14:16:46" level=info msg="國別碼3碼: NLD"
time="2023-06-20 14:16:46" level=info msg="國家全名: Netherlands (the)"
time="2023-06-20 14:34:51" level=info msg="國別碼2碼: NL"
time="2023-06-20 14:34:51" level=info msg="國別碼3碼: NLD"
time="2023-06-20 14:34:51" level=info msg="國家全名: Netherlands (the)"
time="2023-06-20 14:38:04" level=info msg="國別碼2碼: TW"
time="2023-06-20 14:38:04" level=info msg="國別碼3碼: TWN"
time="2023-06-20 14:38:04" level=info msg="國家全名: Taiwan (Province of China)"
time="2023-06-20 14:38:13" level=info msg="國別碼2碼: US"
time="2023-06-20 14:38:13" level=info msg="國別碼3碼: USA"
time="2023-06-20 14:38:13" level=info msg="國家全名: United States of America (the)"
time="2023-06-20 14:40:23" level=info msg="國別碼2碼: UA"
time="2023-06-20 14:40:23" level=info msg="國別碼3碼: UKR"
time="2023-06-20 14:40:23" level=info msg="國家全名: Ukraine"
time="2023-06-20 14:44:54" level=info msg="國別碼2碼: TW"
time="2023-06-20 14:44:54" level=info msg="國別碼3碼: TWN"
time="2023-06-20 14:44:54" level=info msg="國家全名: Taiwan (Province of China)"
time="2023-06-20 14:46:58" level=info msg="國別碼2碼: NL"
time="2023-06-20 14:46:58" level=info msg="國別碼3碼: NLD"
time="2023-06-20 14:46:58" level=info msg="國家全名: Netherlands (the)"
time="2023-06-20 14:55:32" level=info msg="國別碼2碼: TW"
time="2023-06-20 14:55:32" level=info msg="國別碼3碼: TWN"
time="2023-06-20 14:55:32" level=info msg="國家全名: Taiwan (Province of China)"
time="2023-06-20 15:02:26" level=info msg="國別碼2碼: NL"
time="2023-06-20 15:02:26" level=info msg="國別碼3碼: NLD"
time="2023-06-20 15:02:26" level=info msg="國家全名: Netherlands (the)"
time="2023-06-20 15:03:54" level=info msg="國別碼2碼: CA"
time="2023-06-20 15:03:54" level=info msg="國別碼3碼: CAN"
time="2023-06-20 15:03:54" level=info msg="國家全名: Canada"
time="2023-06-20 15:03:55" level=info msg="國別碼2碼: CA"
time="2023-06-20 15:03:55" level=info msg="國別碼3碼: CAN"
time="2023-06-20 15:03:55" level=info msg="國家全名: Canada"
time="2023-06-20 15:17:45" level=info msg="國別碼2碼: NL"
time="2023-06-20 15:17:45" level=info msg="國別碼3碼: NLD"
time="2023-06-20 15:17:45" level=info msg="國家全名: Netherlands (the)"
time="2023-06-20 15:22:54" level=info msg="國別碼2碼: RU"
time="2023-06-20 15:22:54" level=info msg="國別碼3碼: RUS"
time="2023-06-20 15:22:54" level=info msg="國家全名: Russian Federation (the)"
time="2023-06-20 15:23:06" level=info msg="國別碼2碼: PT"
time="2023-06-20 15:23:06" level=info msg="國別碼3碼: PRT"
time="2023-06-20 15:23:06" level=info msg="國家全名: Portugal"
time="2023-06-20 15:26:35" level=info msg="國別碼2碼: CH"
time="2023-06-20 15:26:35" level=info msg="國別碼3碼: CHE"
time="2023-06-20 15:26:35" level=info msg="國家全名: Switzerland"
time="2023-06-20 15:35:56" level=info msg="國別碼2碼: AU"
time="2023-06-20 15:35:56" level=info msg="國別碼3碼: AUS"
time="2023-06-20 15:35:56" level=info msg="國家全名: Australia"
time="2023-06-20 15:37:12" level=info msg="國別碼2碼: NL"
time="2023-06-20 15:37:12" level=info msg="國別碼3碼: NLD"
time="2023-06-20 15:37:12" level=info msg="國家全名: Netherlands (the)"
time="2023-06-20 15:41:14" level=info msg="國別碼2碼: RU"
time="2023-06-20 15:41:14" level=info msg="國別碼3碼: RUS"
time="2023-06-20 15:41:14" level=info msg="國家全名: Russian Federation (the)"
time="2023-06-20 15:50:41" level=info msg="國別碼2碼: NL"
time="2023-06-20 15:50:41" level=info msg="國別碼3碼: NLD"
time="2023-06-20 15:50:41" level=info msg="國家全名: Netherlands (the)"
time="2023-06-20 15:52:15" level=info msg="國別碼2碼: CA"
time="2023-06-20 15:52:15" level=info msg="國別碼3碼: CAN"
time="2023-06-20 15:52:15" level=info msg="國家全名: Canada"
time="2023-06-20 15:52:16" level=info msg="國別碼2碼: CA"
time="2023-06-20 15:52:16" level=info msg="國別碼3碼: CAN"
time="2023-06-20 15:52:16" level=info msg="國家全名: Canada"
time="2023-06-20 15:58:47" level=info msg="國別碼2碼: NL"
time="2023-06-20 15:58:47" level=info msg="國別碼3碼: NLD"
time="2023-06-20 15:58:47" level=info msg="國家全名: Netherlands (the)"
time="2023-06-20 16:06:14" level=info msg="國別碼2碼: NL"
time="2023-06-20 16:06:14" level=info msg="國別碼3碼: NLD"
time="2023-06-20 16:06:14" level=info msg="國家全名: Netherlands (the)"
time="2023-06-20 16:18:41" level=info msg="國別碼2碼: RU"
time="2023-06-20 16:18:41" level=info msg="國別碼3碼: RUS"
time="2023-06-20 16:18:41" level=info msg="國家全名: Russian Federation (the)"
time="2023-06-20 16:18:48" level=info msg="國別碼2碼: NL"
time="2023-06-20 16:18:48" level=info msg="國別碼3碼: NLD"
time="2023-06-20 16:18:48" level=info msg="國家全名: Netherlands (the)"
time="2023-06-20 16:19:35" level=info msg="國別碼2碼: US"
time="2023-06-20 16:19:35" level=info msg="國別碼3碼: USA"
time="2023-06-20 16:19:35" level=info msg="國家全名: United States of America (the)"
time="2023-06-20 16:19:37" level=info msg="國別碼2碼: US"
time="2023-06-20 16:19:37" level=info msg="國別碼3碼: USA"
time="2023-06-20 16:19:37" level=info msg="國家全名: United States of America (the)"
time="2023-06-20 16:19:37" level=info msg="國別碼2碼: US"
time="2023-06-20 16:19:37" level=info msg="國別碼3碼: USA"
time="2023-06-20 16:19:37" level=info msg="國家全名: United States of America (the)"
time="2023-06-20 16:19:38" level=info msg="國別碼2碼: US"
time="2023-06-20 16:19:38" level=info msg="國別碼3碼: USA"
time="2023-06-20 16:19:38" level=info msg="國家全名: United States of America (the)"
time="2023-06-20 16:19:39" level=info msg="國別碼2碼: US"
time="2023-06-20 16:19:39" level=info msg="國別碼3碼: USA"
time="2023-06-20 16:19:39" level=info msg="國家全名: United States of America (the)"
time="2023-06-20 16:27:46" level=info msg="國別碼2碼: NL"
time="2023-06-20 16:27:46" level=info msg="國別碼3碼: NLD"
time="2023-06-20 16:27:46" level=info msg="國家全名: Netherlands (the)"
time="2023-06-20 16:37:21" level=info msg="國別碼2碼: NL"
time="2023-06-20 16:37:21" level=info msg="國別碼3碼: NLD"
time="2023-06-20 16:37:21" level=info msg="國家全名: Netherlands (the)"
time="2023-06-20 16:48:42" level=info msg="國別碼2碼: US"
time="2023-06-20 16:48:42" level=info msg="國別碼3碼: USA"
time="2023-06-20 16:48:42" level=info msg="國家全名: United States of America (the)"
time="2023-06-20 16:49:29" level=info msg="國別碼2碼: IN"
time="2023-06-20 16:49:29" level=info msg="國別碼3碼: IND"
time="2023-06-20 16:49:29" level=info msg="國家全名: India"
time="2023-06-20 16:54:52" level=info msg="國別碼2碼: CA"
time="2023-06-20 16:54:52" level=info msg="國別碼3碼: CAN"
time="2023-06-20 16:54:52" level=info msg="國家全名: Canada"
time="2023-06-20 16:54:53" level=info msg="國別碼2碼: CA"
time="2023-06-20 16:54:53" level=info msg="國別碼3碼: CAN"
time="2023-06-20 16:54:53" level=info msg="國家全名: Canada"
time="2023-06-20 17:02:45" level=info msg="國別碼2碼: RU"
time="2023-06-20 17:02:45" level=info msg="國別碼3碼: RUS"
time="2023-06-20 17:02:45" level=info msg="國家全名: Russian Federation (the)"
time="2023-06-20 17:14:22" level=info msg="國別碼2碼: US"
time="2023-06-20 17:14:22" level=info msg="國別碼3碼: USA"
time="2023-06-20 17:14:22" level=info msg="國家全名: United States of America (the)"
time="2023-06-20 17:38:35" level=info msg="國別碼2碼: IT"
time="2023-06-20 17:38:35" level=info msg="國別碼3碼: ITA"
time="2023-06-20 17:38:35" level=info msg="國家全名: Italy"
time="2023-06-20 17:39:49" level=info msg="國別碼2碼: CA"
time="2023-06-20 17:39:49" level=info msg="國別碼3碼: CAN"
time="2023-06-20 17:39:49" level=info msg="國家全名: Canada"
time="2023-06-20 17:39:50" level=info msg="國別碼2碼: CA"
time="2023-06-20 17:39:50" level=info msg="國別碼3碼: CAN"
time="2023-06-20 17:39:50" level=info msg="國家全名: Canada"
time="2023-06-20 18:03:12" level=info msg="國別碼2碼: RU"
time="2023-06-20 18:03:12" level=info msg="國別碼3碼: RUS"
time="2023-06-20 18:03:12" level=info msg="國家全名: Russian Federation (the)"
time="2023-06-20 18:04:06" level=info msg="國別碼2碼: CN"
time="2023-06-20 18:04:06" level=info msg="國別碼3碼: CHN"
time="2023-06-20 18:04:06" level=info msg="國家全名: China"
time="2023-06-20 18:04:06" level=info msg="國別碼2碼: CN"
time="2023-06-20 18:04:06" level=info msg="國別碼3碼: CHN"
time="2023-06-20 18:04:06" level=info msg="國家全名: China"
time="2023-06-20 18:25:46" level=info msg="國別碼2碼: RU"
time="2023-06-20 18:25:46" level=info msg="國別碼3碼: RUS"
time="2023-06-20 18:25:46" level=info msg="國家全名: Russian Federation (the)"
time="2023-06-20 18:42:09" level=info msg="國別碼2碼: TW"
time="2023-06-20 18:42:09" level=info msg="國別碼3碼: TWN"
time="2023-06-20 18:42:09" level=info msg="國家全名: Taiwan (Province of China)"
time="2023-06-20 18:51:07" level=info msg="國別碼2碼: CA"
time="2023-06-20 18:51:07" level=info msg="國別碼3碼: CAN"
time="2023-06-20 18:51:07" level=info msg="國家全名: Canada"
time="2023-06-20 18:51:09" level=info msg="國別碼2碼: CA"
time="2023-06-20 18:51:09" level=info msg="國別碼3碼: CAN"
time="2023-06-20 18:51:09" level=info msg="國家全名: Canada"
time="2023-06-20 19:08:58" level=info msg="國別碼2碼: BD"
time="2023-06-20 19:08:58" level=info msg="國別碼3碼: BGD"
time="2023-06-20 19:08:58" level=info msg="國家全名: Bangladesh"
time="2023-06-20 19:13:35" level=info msg="國別碼2碼: CA"
time="2023-06-20 19:13:35" level=info msg="國別碼3碼: CAN"
time="2023-06-20 19:13:35" level=info msg="國家全名: Canada"
time="2023-06-20 19:13:36" level=info msg="國別碼2碼: CA"
time="2023-06-20 19:13:36" level=info msg="國別碼3碼: CAN"
time="2023-06-20 19:13:36" level=info msg="國家全名: Canada"
time="2023-06-20 19:50:00" level=info msg="國別碼2碼: BR"
time="2023-06-20 19:50:00" level=info msg="國別碼3碼: BRA"
time="2023-06-20 19:50:00" level=info msg="國家全名: Brazil"
time="2023-06-20 19:50:00" level=info msg="國別碼2碼: BR"
time="2023-06-20 19:50:00" level=info msg="國別碼3碼: BRA"
time="2023-06-20 19:50:00" level=info msg="國家全名: Brazil"
time="2023-06-20 19:55:06" level=info msg="國別碼2碼: JP"
time="2023-06-20 19:55:06" level=info msg="國別碼3碼: JPN"
time="2023-06-20 19:55:06" level=info msg="國家全名: Japan"
time="2023-06-20 20:00:31" level=info msg="國別碼2碼: CH"
time="2023-06-20 20:00:31" level=info msg="國別碼3碼: CHE"
time="2023-06-20 20:00:31" level=info msg="國家全名: Switzerland"
time="2023-06-20 20:39:38" level=info msg="國別碼2碼: US"
time="2023-06-20 20:39:38" level=info msg="國別碼3碼: USA"
time="2023-06-20 20:39:38" level=info msg="國家全名: United States of America (the)"
time="2023-06-20 20:50:54" level=info msg="國別碼2碼: CA"
time="2023-06-20 20:50:54" level=info msg="國別碼3碼: CAN"
time="2023-06-20 20:50:54" level=info msg="國家全名: Canada"
time="2023-06-20 20:50:55" level=info msg="國別碼2碼: CA"
time="2023-06-20 20:50:55" level=info msg="國別碼3碼: CAN"
time="2023-06-20 20:50:55" level=info msg="國家全名: Canada"
time="2023-06-20 20:59:53" level=info msg="國別碼2碼: BR"
time="2023-06-20 20:59:53" level=info msg="國別碼3碼: BRA"
time="2023-06-20 20:59:53" level=info msg="國家全名: Brazil"
time="2023-06-20 21:11:07" level=info msg="國別碼2碼: IT"
time="2023-06-20 21:11:07" level=info msg="國別碼3碼: ITA"
time="2023-06-20 21:11:07" level=info msg="國家全名: Italy"
time="2023-06-20 21:31:52" level=info msg="國別碼2碼: CA"
time="2023-06-20 21:31:52" level=info msg="國別碼3碼: CAN"
time="2023-06-20 21:31:52" level=info msg="國家全名: Canada"
time="2023-06-20 21:31:53" level=info msg="國別碼2碼: CA"
time="2023-06-20 21:31:53" level=info msg="國別碼3碼: CAN"
time="2023-06-20 21:31:53" level=info msg="國家全名: Canada"
time="2023-06-20 21:59:54" level=info msg="國別碼2碼: BE"
time="2023-06-20 21:59:54" level=info msg="國別碼3碼: BEL"
time="2023-06-20 21:59:54" level=info msg="國家全名: Belgium"
time="2023-06-20 22:09:45" level=info msg="國別碼2碼: US"
time="2023-06-20 22:09:45" level=info msg="國別碼3碼: USA"
time="2023-06-20 22:09:45" level=info msg="國家全名: United States of America (the)"
time="2023-06-20 22:40:19" level=info msg="國別碼2碼: US"
time="2023-06-20 22:40:19" level=info msg="國別碼3碼: USA"
time="2023-06-20 22:40:19" level=info msg="國家全名: United States of America (the)"
time="2023-06-20 22:40:21" level=info msg="國別碼2碼: US"
time="2023-06-20 22:40:21" level=info msg="國別碼3碼: USA"
time="2023-06-20 22:40:21" level=info msg="國家全名: United States of America (the)"
time="2023-06-20 22:43:36" level=info msg="國別碼2碼: CA"
time="2023-06-20 22:43:36" level=info msg="國別碼3碼: CAN"
time="2023-06-20 22:43:36" level=info msg="國家全名: Canada"
time="2023-06-20 22:43:37" level=info msg="國別碼2碼: CA"
time="2023-06-20 22:43:37" level=info msg="國別碼3碼: CAN"
time="2023-06-20 22:43:37" level=info msg="國家全名: Canada"
time="2023-06-20 22:46:18" level=info msg="國別碼2碼: US"
time="2023-06-20 22:46:18" level=info msg="國別碼3碼: USA"
time="2023-06-20 22:46:18" level=info msg="國家全名: United States of America (the)"
