time="2023-06-24 00:02:52" level=info msg="國別碼2碼: FR"
time="2023-06-24 00:02:52" level=info msg="國別碼3碼: FRA"
time="2023-06-24 00:02:52" level=info msg="國家全名: France"
time="2023-06-24 00:02:53" level=info msg="國別碼2碼: FR"
time="2023-06-24 00:02:53" level=info msg="國別碼3碼: FRA"
time="2023-06-24 00:02:53" level=info msg="國家全名: France"
time="2023-06-24 00:19:04" level=info msg="國別碼2碼: RU"
time="2023-06-24 00:19:04" level=info msg="國別碼3碼: RUS"
time="2023-06-24 00:19:04" level=info msg="國家全名: Russian Federation (the)"
time="2023-06-24 00:50:34" level=info msg="國別碼2碼: VN"
time="2023-06-24 00:50:34" level=info msg="國別碼3碼: VNM"
time="2023-06-24 00:50:34" level=info msg="國家全名: Viet Nam"
time="2023-06-24 00:55:51" level=info msg="國別碼2碼: GB"
time="2023-06-24 00:55:51" level=info msg="國別碼3碼: GBR"
time="2023-06-24 00:55:51" level=info msg="國家全名: United Kingdom of Great Britain and Northern Ireland (the)"
time="2023-06-24 01:06:43" level=info msg="國別碼2碼: US"
time="2023-06-24 01:06:43" level=info msg="國別碼3碼: USA"
time="2023-06-24 01:06:43" level=info msg="國家全名: United States of America (the)"
time="2023-06-24 01:16:23" level=info msg="國別碼2碼: US"
time="2023-06-24 01:16:23" level=info msg="國別碼3碼: USA"
time="2023-06-24 01:16:23" level=info msg="國家全名: United States of America (the)"
time="2023-06-24 01:24:02" level=info msg="國別碼2碼: CA"
time="2023-06-24 01:24:02" level=info msg="國別碼3碼: CAN"
time="2023-06-24 01:24:02" level=info msg="國家全名: Canada"
time="2023-06-24 01:24:03" level=info msg="國別碼2碼: CA"
time="2023-06-24 01:24:03" level=info msg="國別碼3碼: CAN"
time="2023-06-24 01:24:03" level=info msg="國家全名: Canada"
time="2023-06-24 01:43:30" level=info msg="國別碼2碼: RU"
time="2023-06-24 01:43:30" level=info msg="國別碼3碼: RUS"
time="2023-06-24 01:43:30" level=info msg="國家全名: Russian Federation (the)"
time="2023-06-24 01:51:23" level=info msg="國別碼2碼: RU"
time="2023-06-24 01:51:23" level=info msg="國別碼3碼: RUS"
time="2023-06-24 01:51:23" level=info msg="國家全名: Russian Federation (the)"
time="2023-06-24 01:55:51" level=info msg="國別碼2碼: PT"
time="2023-06-24 01:55:51" level=info msg="國別碼3碼: PRT"
time="2023-06-24 01:55:51" level=info msg="國家全名: Portugal"
time="2023-06-24 02:04:18" level=info msg="國別碼2碼: RU"
time="2023-06-24 02:04:18" level=info msg="國別碼3碼: RUS"
time="2023-06-24 02:04:18" level=info msg="國家全名: Russian Federation (the)"
time="2023-06-24 02:05:59" level=info msg="國別碼2碼: MN"
time="2023-06-24 02:05:59" level=info msg="國別碼3碼: MNG"
time="2023-06-24 02:05:59" level=info msg="國家全名: Mongolia"
time="2023-06-24 02:10:03" level=info msg="國別碼2碼: HK"
time="2023-06-24 02:10:03" level=info msg="國別碼3碼: HKG"
time="2023-06-24 02:10:03" level=info msg="國家全名: Hong Kong"
time="2023-06-24 02:37:00" level=info msg="國別碼2碼: RU"
time="2023-06-24 02:37:00" level=info msg="國別碼3碼: RUS"
time="2023-06-24 02:37:00" level=info msg="國家全名: Russian Federation (the)"
time="2023-06-24 03:12:11" level=info msg="國別碼2碼: SG"
time="2023-06-24 03:12:11" level=info msg="國別碼3碼: SGP"
time="2023-06-24 03:12:11" level=info msg="國家全名: Singapore"
time="2023-06-24 03:12:24" level=info msg="國別碼2碼: US"
time="2023-06-24 03:12:24" level=info msg="國別碼3碼: USA"
time="2023-06-24 03:12:24" level=info msg="國家全名: United States of America (the)"
time="2023-06-24 03:12:25" level=info msg="國別碼2碼: US"
time="2023-06-24 03:12:25" level=info msg="國別碼3碼: USA"
time="2023-06-24 03:12:25" level=info msg="國家全名: United States of America (the)"
time="2023-06-24 03:12:31" level=info msg="國別碼2碼: US"
time="2023-06-24 03:12:31" level=info msg="國別碼3碼: USA"
time="2023-06-24 03:12:31" level=info msg="國家全名: United States of America (the)"
time="2023-06-24 03:12:33" level=info msg="國別碼2碼: US"
time="2023-06-24 03:12:33" level=info msg="國別碼3碼: USA"
time="2023-06-24 03:12:33" level=info msg="國家全名: United States of America (the)"
time="2023-06-24 03:12:35" level=info msg="國別碼2碼: US"
time="2023-06-24 03:12:35" level=info msg="國別碼3碼: USA"
time="2023-06-24 03:12:35" level=info msg="國家全名: United States of America (the)"
time="2023-06-24 03:12:37" level=info msg="國別碼2碼: US"
time="2023-06-24 03:12:37" level=info msg="國別碼3碼: USA"
time="2023-06-24 03:12:37" level=info msg="國家全名: United States of America (the)"
time="2023-06-24 03:20:40" level=info msg="國別碼2碼: CA"
time="2023-06-24 03:20:40" level=info msg="國別碼3碼: CAN"
time="2023-06-24 03:20:40" level=info msg="國家全名: Canada"
time="2023-06-24 03:20:41" level=info msg="國別碼2碼: CA"
time="2023-06-24 03:20:41" level=info msg="國別碼3碼: CAN"
time="2023-06-24 03:20:41" level=info msg="國家全名: Canada"
time="2023-06-24 03:38:09" level=info msg="國別碼2碼: CN"
time="2023-06-24 03:38:09" level=info msg="國別碼3碼: CHN"
time="2023-06-24 03:38:09" level=info msg="國家全名: China"
time="2023-06-24 03:38:20" level=info msg="國別碼2碼: CN"
time="2023-06-24 03:38:20" level=info msg="國別碼3碼: CHN"
time="2023-06-24 03:38:20" level=info msg="國家全名: China"
time="2023-06-24 03:59:15" level=info msg="國別碼2碼: RU"
time="2023-06-24 03:59:15" level=info msg="國別碼3碼: RUS"
time="2023-06-24 03:59:15" level=info msg="國家全名: Russian Federation (the)"
time="2023-06-24 04:32:22" level=info msg="國別碼2碼: RU"
time="2023-06-24 04:32:22" level=info msg="國別碼3碼: RUS"
time="2023-06-24 04:32:22" level=info msg="國家全名: Russian Federation (the)"
time="2023-06-24 04:59:21" level=info msg="國別碼2碼: US"
time="2023-06-24 04:59:21" level=info msg="國別碼3碼: USA"
time="2023-06-24 04:59:21" level=info msg="國家全名: United States of America (the)"
time="2023-06-24 05:17:24" level=info msg="國別碼2碼: RU"
time="2023-06-24 05:17:24" level=info msg="國別碼3碼: RUS"
time="2023-06-24 05:17:24" level=info msg="國家全名: Russian Federation (the)"
time="2023-06-24 05:25:38" level=info msg="國別碼2碼: CA"
time="2023-06-24 05:25:38" level=info msg="國別碼3碼: CAN"
time="2023-06-24 05:25:38" level=info msg="國家全名: Canada"
time="2023-06-24 05:25:38" level=info msg="國別碼2碼: CA"
time="2023-06-24 05:25:38" level=info msg="國別碼3碼: CAN"
time="2023-06-24 05:25:38" level=info msg="國家全名: Canada"
time="2023-06-24 05:25:53" level=info msg="國別碼2碼: RU"
time="2023-06-24 05:25:53" level=info msg="國別碼3碼: RUS"
time="2023-06-24 05:25:53" level=info msg="國家全名: Russian Federation (the)"
time="2023-06-24 05:44:55" level=info msg="國別碼2碼: RU"
time="2023-06-24 05:44:55" level=info msg="國別碼3碼: RUS"
time="2023-06-24 05:44:55" level=info msg="國家全名: Russian Federation (the)"
time="2023-06-24 05:58:59" level=info msg="國別碼2碼: RU"
time="2023-06-24 05:58:59" level=info msg="國別碼3碼: RUS"
time="2023-06-24 05:58:59" level=info msg="國家全名: Russian Federation (the)"
time="2023-06-24 06:07:43" level=info msg="國別碼2碼: HK"
time="2023-06-24 06:07:43" level=info msg="國別碼3碼: HKG"
time="2023-06-24 06:07:43" level=info msg="國家全名: Hong Kong"
time="2023-06-24 06:42:00" level=info msg="國別碼2碼: RU"
time="2023-06-24 06:42:00" level=info msg="國別碼3碼: RUS"
time="2023-06-24 06:42:00" level=info msg="國家全名: Russian Federation (the)"
time="2023-06-24 06:44:12" level=info msg="國別碼2碼: CA"
time="2023-06-24 06:44:12" level=info msg="國別碼3碼: CAN"
time="2023-06-24 06:44:12" level=info msg="國家全名: Canada"
time="2023-06-24 06:44:13" level=info msg="國別碼2碼: CA"
time="2023-06-24 06:44:13" level=info msg="國別碼3碼: CAN"
time="2023-06-24 06:44:13" level=info msg="國家全名: Canada"
time="2023-06-24 07:23:58" level=info msg="國別碼2碼: AU"
time="2023-06-24 07:23:58" level=info msg="國別碼3碼: AUS"
time="2023-06-24 07:23:58" level=info msg="國家全名: Australia"
time="2023-06-24 07:23:59" level=info msg="國別碼2碼: AU"
time="2023-06-24 07:23:59" level=info msg="國別碼3碼: AUS"
time="2023-06-24 07:23:59" level=info msg="國家全名: Australia"
time="2023-06-24 07:24:00" level=info msg="國別碼2碼: AU"
time="2023-06-24 07:24:00" level=info msg="國別碼3碼: AUS"
time="2023-06-24 07:24:00" level=info msg="國家全名: Australia"
time="2023-06-24 07:24:01" level=info msg="國別碼2碼: AU"
time="2023-06-24 07:24:01" level=info msg="國別碼3碼: AUS"
time="2023-06-24 07:24:01" level=info msg="國家全名: Australia"
time="2023-06-24 07:24:02" level=info msg="國別碼2碼: AU"
time="2023-06-24 07:24:02" level=info msg="國別碼3碼: AUS"
time="2023-06-24 07:24:02" level=info msg="國家全名: Australia"
time="2023-06-24 07:24:03" level=info msg="國別碼2碼: AU"
time="2023-06-24 07:24:03" level=info msg="國別碼3碼: AUS"
time="2023-06-24 07:24:03" level=info msg="國家全名: Australia"
time="2023-06-24 07:24:04" level=info msg="國別碼2碼: AU"
time="2023-06-24 07:24:04" level=info msg="國別碼3碼: AUS"
time="2023-06-24 07:24:04" level=info msg="國家全名: Australia"
time="2023-06-24 07:24:04" level=info msg="國別碼2碼: AU"
time="2023-06-24 07:24:04" level=info msg="國別碼3碼: AUS"
time="2023-06-24 07:24:04" level=info msg="國家全名: Australia"
time="2023-06-24 07:24:05" level=info msg="國別碼2碼: AU"
time="2023-06-24 07:24:05" level=info msg="國別碼3碼: AUS"
time="2023-06-24 07:24:05" level=info msg="國家全名: Australia"
time="2023-06-24 07:24:30" level=info msg="國別碼2碼: CA"
time="2023-06-24 07:24:30" level=info msg="國別碼3碼: CAN"
time="2023-06-24 07:24:30" level=info msg="國家全名: Canada"
time="2023-06-24 07:24:31" level=info msg="國別碼2碼: CA"
time="2023-06-24 07:24:31" level=info msg="國別碼3碼: CAN"
time="2023-06-24 07:24:31" level=info msg="國家全名: Canada"
time="2023-06-24 07:38:21" level=info msg="國別碼2碼: RU"
time="2023-06-24 07:38:21" level=info msg="國別碼3碼: RUS"
time="2023-06-24 07:38:21" level=info msg="國家全名: Russian Federation (the)"
time="2023-06-24 07:53:05" level=info msg="國別碼2碼: US"
time="2023-06-24 07:53:05" level=info msg="國別碼3碼: USA"
time="2023-06-24 07:53:05" level=info msg="國家全名: United States of America (the)"
time="2023-06-24 07:55:51" level=info msg="國別碼2碼: US"
time="2023-06-24 07:55:51" level=info msg="國別碼3碼: USA"
time="2023-06-24 07:55:51" level=info msg="國家全名: United States of America (the)"
time="2023-06-24 07:57:00" level=info msg="國別碼2碼: US"
time="2023-06-24 07:57:00" level=info msg="國別碼3碼: USA"
time="2023-06-24 07:57:00" level=info msg="國家全名: United States of America (the)"
time="2023-06-24 07:58:56" level=info msg="國別碼2碼: US"
time="2023-06-24 07:58:56" level=info msg="國別碼3碼: USA"
time="2023-06-24 07:58:56" level=info msg="國家全名: United States of America (the)"
time="2023-06-24 08:14:52" level=info msg="國別碼2碼: RU"
time="2023-06-24 08:14:52" level=info msg="國別碼3碼: RUS"
time="2023-06-24 08:14:52" level=info msg="國家全名: Russian Federation (the)"
time="2023-06-24 08:26:02" level=info msg="國別碼2碼: FR"
time="2023-06-24 08:26:02" level=info msg="國別碼3碼: FRA"
time="2023-06-24 08:26:02" level=info msg="國家全名: France"
time="2023-06-24 08:26:03" level=info msg="國別碼2碼: FR"
time="2023-06-24 08:26:03" level=info msg="國別碼3碼: FRA"
time="2023-06-24 08:26:03" level=info msg="國家全名: France"
time="2023-06-24 08:26:04" level=info msg="國別碼2碼: FR"
time="2023-06-24 08:26:04" level=info msg="國別碼3碼: FRA"
time="2023-06-24 08:26:04" level=info msg="國家全名: France"
time="2023-06-24 08:26:05" level=info msg="國別碼2碼: FR"
time="2023-06-24 08:26:05" level=info msg="國別碼3碼: FRA"
time="2023-06-24 08:26:05" level=info msg="國家全名: France"
time="2023-06-24 08:26:05" level=info msg="國別碼2碼: FR"
time="2023-06-24 08:26:05" level=info msg="國別碼3碼: FRA"
time="2023-06-24 08:26:05" level=info msg="國家全名: France"
time="2023-06-24 08:26:06" level=info msg="國別碼2碼: FR"
time="2023-06-24 08:26:06" level=info msg="國別碼3碼: FRA"
time="2023-06-24 08:26:06" level=info msg="國家全名: France"
time="2023-06-24 08:26:07" level=info msg="國別碼2碼: FR"
time="2023-06-24 08:26:07" level=info msg="國別碼3碼: FRA"
time="2023-06-24 08:26:07" level=info msg="國家全名: France"
time="2023-06-24 08:26:08" level=info msg="國別碼2碼: FR"
time="2023-06-24 08:26:08" level=info msg="國別碼3碼: FRA"
time="2023-06-24 08:26:08" level=info msg="國家全名: France"
time="2023-06-24 08:26:09" level=info msg="國別碼2碼: FR"
time="2023-06-24 08:26:09" level=info msg="國別碼3碼: FRA"
time="2023-06-24 08:26:09" level=info msg="國家全名: France"
time="2023-06-24 08:26:10" level=info msg="國別碼2碼: FR"
time="2023-06-24 08:26:10" level=info msg="國別碼3碼: FRA"
time="2023-06-24 08:26:10" level=info msg="國家全名: France"
time="2023-06-24 08:26:10" level=info msg="國別碼2碼: FR"
time="2023-06-24 08:26:10" level=info msg="國別碼3碼: FRA"
time="2023-06-24 08:26:10" level=info msg="國家全名: France"
time="2023-06-24 08:26:11" level=info msg="國別碼2碼: FR"
time="2023-06-24 08:26:11" level=info msg="國別碼3碼: FRA"
time="2023-06-24 08:26:11" level=info msg="國家全名: France"
time="2023-06-24 08:26:12" level=info msg="國別碼2碼: FR"
time="2023-06-24 08:26:12" level=info msg="國別碼3碼: FRA"
time="2023-06-24 08:26:12" level=info msg="國家全名: France"
time="2023-06-24 08:26:13" level=info msg="國別碼2碼: FR"
time="2023-06-24 08:26:13" level=info msg="國別碼3碼: FRA"
time="2023-06-24 08:26:13" level=info msg="國家全名: France"
time="2023-06-24 08:26:14" level=info msg="國別碼2碼: FR"
time="2023-06-24 08:26:14" level=info msg="國別碼3碼: FRA"
time="2023-06-24 08:26:14" level=info msg="國家全名: France"
time="2023-06-24 08:26:15" level=info msg="國別碼2碼: FR"
time="2023-06-24 08:26:15" level=info msg="國別碼3碼: FRA"
time="2023-06-24 08:26:15" level=info msg="國家全名: France"
time="2023-06-24 08:26:16" level=info msg="國別碼2碼: FR"
time="2023-06-24 08:26:16" level=info msg="國別碼3碼: FRA"
time="2023-06-24 08:26:16" level=info msg="國家全名: France"
time="2023-06-24 08:26:16" level=info msg="國別碼2碼: FR"
time="2023-06-24 08:26:16" level=info msg="國別碼3碼: FRA"
time="2023-06-24 08:26:16" level=info msg="國家全名: France"
time="2023-06-24 08:26:17" level=info msg="國別碼2碼: FR"
time="2023-06-24 08:26:17" level=info msg="國別碼3碼: FRA"
time="2023-06-24 08:26:17" level=info msg="國家全名: France"
time="2023-06-24 08:26:18" level=info msg="國別碼2碼: FR"
time="2023-06-24 08:26:18" level=info msg="國別碼3碼: FRA"
time="2023-06-24 08:26:18" level=info msg="國家全名: France"
time="2023-06-24 08:26:19" level=info msg="國別碼2碼: FR"
time="2023-06-24 08:26:19" level=info msg="國別碼3碼: FRA"
time="2023-06-24 08:26:19" level=info msg="國家全名: France"
time="2023-06-24 08:26:20" level=info msg="國別碼2碼: FR"
time="2023-06-24 08:26:20" level=info msg="國別碼3碼: FRA"
time="2023-06-24 08:26:20" level=info msg="國家全名: France"
time="2023-06-24 08:26:20" level=info msg="國別碼2碼: FR"
time="2023-06-24 08:26:20" level=info msg="國別碼3碼: FRA"
time="2023-06-24 08:26:20" level=info msg="國家全名: France"
time="2023-06-24 08:26:21" level=info msg="國別碼2碼: FR"
time="2023-06-24 08:26:21" level=info msg="國別碼3碼: FRA"
time="2023-06-24 08:26:21" level=info msg="國家全名: France"
time="2023-06-24 08:26:22" level=info msg="國別碼2碼: FR"
time="2023-06-24 08:26:22" level=info msg="國別碼3碼: FRA"
time="2023-06-24 08:26:22" level=info msg="國家全名: France"
time="2023-06-24 08:26:23" level=info msg="國別碼2碼: FR"
time="2023-06-24 08:26:23" level=info msg="國別碼3碼: FRA"
time="2023-06-24 08:26:23" level=info msg="國家全名: France"
time="2023-06-24 08:26:24" level=info msg="國別碼2碼: FR"
time="2023-06-24 08:26:24" level=info msg="國別碼3碼: FRA"
time="2023-06-24 08:26:24" level=info msg="國家全名: France"
time="2023-06-24 08:26:25" level=info msg="國別碼2碼: FR"
time="2023-06-24 08:26:25" level=info msg="國別碼3碼: FRA"
time="2023-06-24 08:26:25" level=info msg="國家全名: France"
time="2023-06-24 08:26:25" level=info msg="國別碼2碼: FR"
time="2023-06-24 08:26:25" level=info msg="國別碼3碼: FRA"
time="2023-06-24 08:26:25" level=info msg="國家全名: France"
time="2023-06-24 08:26:26" level=info msg="國別碼2碼: FR"
time="2023-06-24 08:26:26" level=info msg="國別碼3碼: FRA"
time="2023-06-24 08:26:26" level=info msg="國家全名: France"
time="2023-06-24 08:26:27" level=info msg="國別碼2碼: FR"
time="2023-06-24 08:26:27" level=info msg="國別碼3碼: FRA"
time="2023-06-24 08:26:27" level=info msg="國家全名: France"
time="2023-06-24 08:26:28" level=info msg="國別碼2碼: FR"
time="2023-06-24 08:26:28" level=info msg="國別碼3碼: FRA"
time="2023-06-24 08:26:28" level=info msg="國家全名: France"
time="2023-06-24 08:26:29" level=info msg="國別碼2碼: FR"
time="2023-06-24 08:26:29" level=info msg="國別碼3碼: FRA"
time="2023-06-24 08:26:29" level=info msg="國家全名: France"
time="2023-06-24 08:26:30" level=info msg="國別碼2碼: FR"
time="2023-06-24 08:26:30" level=info msg="國別碼3碼: FRA"
time="2023-06-24 08:26:30" level=info msg="國家全名: France"
time="2023-06-24 08:26:31" level=info msg="國別碼2碼: FR"
time="2023-06-24 08:26:31" level=info msg="國別碼3碼: FRA"
time="2023-06-24 08:26:31" level=info msg="國家全名: France"
time="2023-06-24 08:26:31" level=info msg="國別碼2碼: FR"
time="2023-06-24 08:26:31" level=info msg="國別碼3碼: FRA"
time="2023-06-24 08:26:31" level=info msg="國家全名: France"
time="2023-06-24 08:26:32" level=info msg="國別碼2碼: FR"
time="2023-06-24 08:26:32" level=info msg="國別碼3碼: FRA"
time="2023-06-24 08:26:32" level=info msg="國家全名: France"
time="2023-06-24 08:26:33" level=info msg="國別碼2碼: FR"
time="2023-06-24 08:26:33" level=info msg="國別碼3碼: FRA"
time="2023-06-24 08:26:33" level=info msg="國家全名: France"
time="2023-06-24 08:26:34" level=info msg="國別碼2碼: FR"
time="2023-06-24 08:26:34" level=info msg="國別碼3碼: FRA"
time="2023-06-24 08:26:34" level=info msg="國家全名: France"
time="2023-06-24 08:26:35" level=info msg="國別碼2碼: FR"
time="2023-06-24 08:26:35" level=info msg="國別碼3碼: FRA"
time="2023-06-24 08:26:35" level=info msg="國家全名: France"
time="2023-06-24 08:26:36" level=info msg="國別碼2碼: FR"
time="2023-06-24 08:26:36" level=info msg="國別碼3碼: FRA"
time="2023-06-24 08:26:36" level=info msg="國家全名: France"
time="2023-06-24 08:26:36" level=info msg="國別碼2碼: FR"
time="2023-06-24 08:26:36" level=info msg="國別碼3碼: FRA"
time="2023-06-24 08:26:36" level=info msg="國家全名: France"
time="2023-06-24 08:26:37" level=info msg="國別碼2碼: FR"
time="2023-06-24 08:26:37" level=info msg="國別碼3碼: FRA"
time="2023-06-24 08:26:37" level=info msg="國家全名: France"
time="2023-06-24 08:26:38" level=info msg="國別碼2碼: FR"
time="2023-06-24 08:26:38" level=info msg="國別碼3碼: FRA"
time="2023-06-24 08:26:38" level=info msg="國家全名: France"
time="2023-06-24 08:26:39" level=info msg="國別碼2碼: FR"
time="2023-06-24 08:26:39" level=info msg="國別碼3碼: FRA"
time="2023-06-24 08:26:39" level=info msg="國家全名: France"
time="2023-06-24 08:26:40" level=info msg="國別碼2碼: FR"
time="2023-06-24 08:26:40" level=info msg="國別碼3碼: FRA"
time="2023-06-24 08:26:40" level=info msg="國家全名: France"
time="2023-06-24 08:26:41" level=info msg="國別碼2碼: FR"
time="2023-06-24 08:26:41" level=info msg="國別碼3碼: FRA"
time="2023-06-24 08:26:41" level=info msg="國家全名: France"
time="2023-06-24 08:26:41" level=info msg="國別碼2碼: FR"
time="2023-06-24 08:26:41" level=info msg="國別碼3碼: FRA"
time="2023-06-24 08:26:41" level=info msg="國家全名: France"
time="2023-06-24 08:26:42" level=info msg="國別碼2碼: FR"
time="2023-06-24 08:26:42" level=info msg="國別碼3碼: FRA"
time="2023-06-24 08:26:42" level=info msg="國家全名: France"
time="2023-06-24 08:26:43" level=info msg="國別碼2碼: FR"
time="2023-06-24 08:26:43" level=info msg="國別碼3碼: FRA"
time="2023-06-24 08:26:43" level=info msg="國家全名: France"
time="2023-06-24 08:26:44" level=info msg="國別碼2碼: FR"
time="2023-06-24 08:26:44" level=info msg="國別碼3碼: FRA"
time="2023-06-24 08:26:44" level=info msg="國家全名: France"
time="2023-06-24 08:26:45" level=info msg="國別碼2碼: FR"
time="2023-06-24 08:26:45" level=info msg="國別碼3碼: FRA"
time="2023-06-24 08:26:45" level=info msg="國家全名: France"
time="2023-06-24 08:26:46" level=info msg="國別碼2碼: FR"
time="2023-06-24 08:26:46" level=info msg="國別碼3碼: FRA"
time="2023-06-24 08:26:46" level=info msg="國家全名: France"
time="2023-06-24 08:26:46" level=info msg="國別碼2碼: FR"
time="2023-06-24 08:26:46" level=info msg="國別碼3碼: FRA"
time="2023-06-24 08:26:46" level=info msg="國家全名: France"
time="2023-06-24 08:26:47" level=info msg="國別碼2碼: FR"
time="2023-06-24 08:26:47" level=info msg="國別碼3碼: FRA"
time="2023-06-24 08:26:47" level=info msg="國家全名: France"
time="2023-06-24 08:26:48" level=info msg="國別碼2碼: FR"
time="2023-06-24 08:26:48" level=info msg="國別碼3碼: FRA"
time="2023-06-24 08:26:48" level=info msg="國家全名: France"
time="2023-06-24 08:26:49" level=info msg="國別碼2碼: FR"
time="2023-06-24 08:26:49" level=info msg="國別碼3碼: FRA"
time="2023-06-24 08:26:49" level=info msg="國家全名: France"
time="2023-06-24 08:26:50" level=info msg="國別碼2碼: FR"
time="2023-06-24 08:26:50" level=info msg="國別碼3碼: FRA"
time="2023-06-24 08:26:50" level=info msg="國家全名: France"
time="2023-06-24 08:26:51" level=info msg="國別碼2碼: FR"
time="2023-06-24 08:26:51" level=info msg="國別碼3碼: FRA"
time="2023-06-24 08:26:51" level=info msg="國家全名: France"
time="2023-06-24 08:26:52" level=info msg="國別碼2碼: FR"
time="2023-06-24 08:26:52" level=info msg="國別碼3碼: FRA"
time="2023-06-24 08:26:52" level=info msg="國家全名: France"
time="2023-06-24 08:26:52" level=info msg="國別碼2碼: FR"
time="2023-06-24 08:26:52" level=info msg="國別碼3碼: FRA"
time="2023-06-24 08:26:52" level=info msg="國家全名: France"
time="2023-06-24 08:26:53" level=info msg="國別碼2碼: FR"
time="2023-06-24 08:26:53" level=info msg="國別碼3碼: FRA"
time="2023-06-24 08:26:53" level=info msg="國家全名: France"
time="2023-06-24 08:26:54" level=info msg="國別碼2碼: FR"
time="2023-06-24 08:26:54" level=info msg="國別碼3碼: FRA"
time="2023-06-24 08:26:54" level=info msg="國家全名: France"
time="2023-06-24 08:26:55" level=info msg="國別碼2碼: FR"
time="2023-06-24 08:26:55" level=info msg="國別碼3碼: FRA"
time="2023-06-24 08:26:55" level=info msg="國家全名: France"
time="2023-06-24 08:26:56" level=info msg="國別碼2碼: FR"
time="2023-06-24 08:26:56" level=info msg="國別碼3碼: FRA"
time="2023-06-24 08:26:56" level=info msg="國家全名: France"
time="2023-06-24 08:26:57" level=info msg="國別碼2碼: FR"
time="2023-06-24 08:26:57" level=info msg="國別碼3碼: FRA"
time="2023-06-24 08:26:57" level=info msg="國家全名: France"
time="2023-06-24 08:26:57" level=info msg="國別碼2碼: FR"
time="2023-06-24 08:26:57" level=info msg="國別碼3碼: FRA"
time="2023-06-24 08:26:57" level=info msg="國家全名: France"
time="2023-06-24 08:26:58" level=info msg="國別碼2碼: FR"
time="2023-06-24 08:26:58" level=info msg="國別碼3碼: FRA"
time="2023-06-24 08:26:58" level=info msg="國家全名: France"
time="2023-06-24 08:26:59" level=info msg="國別碼2碼: FR"
time="2023-06-24 08:26:59" level=info msg="國別碼3碼: FRA"
time="2023-06-24 08:26:59" level=info msg="國家全名: France"
time="2023-06-24 08:27:00" level=info msg="國別碼2碼: FR"
time="2023-06-24 08:27:00" level=info msg="國別碼3碼: FRA"
time="2023-06-24 08:27:00" level=info msg="國家全名: France"
time="2023-06-24 08:27:01" level=info msg="國別碼2碼: FR"
time="2023-06-24 08:27:01" level=info msg="國別碼3碼: FRA"
time="2023-06-24 08:27:01" level=info msg="國家全名: France"
time="2023-06-24 08:27:02" level=info msg="國別碼2碼: FR"
time="2023-06-24 08:27:02" level=info msg="國別碼3碼: FRA"
time="2023-06-24 08:27:02" level=info msg="國家全名: France"
time="2023-06-24 08:27:03" level=info msg="國別碼2碼: FR"
time="2023-06-24 08:27:03" level=info msg="國別碼3碼: FRA"
time="2023-06-24 08:27:03" level=info msg="國家全名: France"
time="2023-06-24 08:27:04" level=info msg="國別碼2碼: FR"
time="2023-06-24 08:27:04" level=info msg="國別碼3碼: FRA"
time="2023-06-24 08:27:04" level=info msg="國家全名: France"
time="2023-06-24 08:27:05" level=info msg="國別碼2碼: FR"
time="2023-06-24 08:27:05" level=info msg="國別碼3碼: FRA"
time="2023-06-24 08:27:05" level=info msg="國家全名: France"
time="2023-06-24 08:27:05" level=info msg="國別碼2碼: FR"
time="2023-06-24 08:27:05" level=info msg="國別碼3碼: FRA"
time="2023-06-24 08:27:05" level=info msg="國家全名: France"
time="2023-06-24 08:27:06" level=info msg="國別碼2碼: FR"
time="2023-06-24 08:27:06" level=info msg="國別碼3碼: FRA"
time="2023-06-24 08:27:06" level=info msg="國家全名: France"
time="2023-06-24 08:27:07" level=info msg="國別碼2碼: FR"
time="2023-06-24 08:27:07" level=info msg="國別碼3碼: FRA"
time="2023-06-24 08:27:07" level=info msg="國家全名: France"
time="2023-06-24 08:27:08" level=info msg="國別碼2碼: FR"
time="2023-06-24 08:27:08" level=info msg="國別碼3碼: FRA"
time="2023-06-24 08:27:08" level=info msg="國家全名: France"
time="2023-06-24 08:27:09" level=info msg="國別碼2碼: FR"
time="2023-06-24 08:27:09" level=info msg="國別碼3碼: FRA"
time="2023-06-24 08:27:09" level=info msg="國家全名: France"
time="2023-06-24 08:27:10" level=info msg="國別碼2碼: FR"
time="2023-06-24 08:27:10" level=info msg="國別碼3碼: FRA"
time="2023-06-24 08:27:10" level=info msg="國家全名: France"
time="2023-06-24 08:27:10" level=info msg="國別碼2碼: FR"
time="2023-06-24 08:27:10" level=info msg="國別碼3碼: FRA"
time="2023-06-24 08:27:10" level=info msg="國家全名: France"
time="2023-06-24 08:27:11" level=info msg="國別碼2碼: FR"
time="2023-06-24 08:27:11" level=info msg="國別碼3碼: FRA"
time="2023-06-24 08:27:11" level=info msg="國家全名: France"
time="2023-06-24 08:27:12" level=info msg="國別碼2碼: FR"
time="2023-06-24 08:27:12" level=info msg="國別碼3碼: FRA"
time="2023-06-24 08:27:12" level=info msg="國家全名: France"
time="2023-06-24 08:27:13" level=info msg="國別碼2碼: FR"
time="2023-06-24 08:27:13" level=info msg="國別碼3碼: FRA"
time="2023-06-24 08:27:13" level=info msg="國家全名: France"
time="2023-06-24 08:27:14" level=info msg="國別碼2碼: FR"
time="2023-06-24 08:27:14" level=info msg="國別碼3碼: FRA"
time="2023-06-24 08:27:14" level=info msg="國家全名: France"
time="2023-06-24 08:27:15" level=info msg="國別碼2碼: FR"
time="2023-06-24 08:27:15" level=info msg="國別碼3碼: FRA"
time="2023-06-24 08:27:15" level=info msg="國家全名: France"
time="2023-06-24 08:27:16" level=info msg="國別碼2碼: FR"
time="2023-06-24 08:27:16" level=info msg="國別碼3碼: FRA"
time="2023-06-24 08:27:16" level=info msg="國家全名: France"
time="2023-06-24 08:27:16" level=info msg="國別碼2碼: FR"
time="2023-06-24 08:27:16" level=info msg="國別碼3碼: FRA"
time="2023-06-24 08:27:16" level=info msg="國家全名: France"
time="2023-06-24 08:27:17" level=info msg="國別碼2碼: FR"
time="2023-06-24 08:27:17" level=info msg="國別碼3碼: FRA"
time="2023-06-24 08:27:17" level=info msg="國家全名: France"
time="2023-06-24 08:27:18" level=info msg="國別碼2碼: FR"
time="2023-06-24 08:27:18" level=info msg="國別碼3碼: FRA"
time="2023-06-24 08:27:18" level=info msg="國家全名: France"
time="2023-06-24 08:27:19" level=info msg="國別碼2碼: FR"
time="2023-06-24 08:27:19" level=info msg="國別碼3碼: FRA"
time="2023-06-24 08:27:19" level=info msg="國家全名: France"
time="2023-06-24 08:27:20" level=info msg="國別碼2碼: FR"
time="2023-06-24 08:27:20" level=info msg="國別碼3碼: FRA"
time="2023-06-24 08:27:20" level=info msg="國家全名: France"
time="2023-06-24 08:27:21" level=info msg="國別碼2碼: FR"
time="2023-06-24 08:27:21" level=info msg="國別碼3碼: FRA"
time="2023-06-24 08:27:21" level=info msg="國家全名: France"
time="2023-06-24 08:27:21" level=info msg="國別碼2碼: FR"
time="2023-06-24 08:27:21" level=info msg="國別碼3碼: FRA"
time="2023-06-24 08:27:21" level=info msg="國家全名: France"
time="2023-06-24 08:27:22" level=info msg="國別碼2碼: FR"
time="2023-06-24 08:27:22" level=info msg="國別碼3碼: FRA"
time="2023-06-24 08:27:22" level=info msg="國家全名: France"
time="2023-06-24 08:27:23" level=info msg="國別碼2碼: FR"
time="2023-06-24 08:27:23" level=info msg="國別碼3碼: FRA"
time="2023-06-24 08:27:23" level=info msg="國家全名: France"
time="2023-06-24 08:27:24" level=info msg="國別碼2碼: FR"
time="2023-06-24 08:27:24" level=info msg="國別碼3碼: FRA"
time="2023-06-24 08:27:24" level=info msg="國家全名: France"
time="2023-06-24 08:27:25" level=info msg="國別碼2碼: FR"
time="2023-06-24 08:27:25" level=info msg="國別碼3碼: FRA"
time="2023-06-24 08:27:25" level=info msg="國家全名: France"
time="2023-06-24 08:27:26" level=info msg="國別碼2碼: FR"
time="2023-06-24 08:27:26" level=info msg="國別碼3碼: FRA"
time="2023-06-24 08:27:26" level=info msg="國家全名: France"
time="2023-06-24 08:27:26" level=info msg="國別碼2碼: FR"
time="2023-06-24 08:27:26" level=info msg="國別碼3碼: FRA"
time="2023-06-24 08:27:26" level=info msg="國家全名: France"
time="2023-06-24 08:27:27" level=info msg="國別碼2碼: FR"
time="2023-06-24 08:27:27" level=info msg="國別碼3碼: FRA"
time="2023-06-24 08:27:27" level=info msg="國家全名: France"
time="2023-06-24 08:27:28" level=info msg="國別碼2碼: FR"
time="2023-06-24 08:27:28" level=info msg="國別碼3碼: FRA"
time="2023-06-24 08:27:28" level=info msg="國家全名: France"
time="2023-06-24 08:27:29" level=info msg="國別碼2碼: FR"
time="2023-06-24 08:27:29" level=info msg="國別碼3碼: FRA"
time="2023-06-24 08:27:29" level=info msg="國家全名: France"
time="2023-06-24 08:27:30" level=info msg="國別碼2碼: FR"
time="2023-06-24 08:27:30" level=info msg="國別碼3碼: FRA"
time="2023-06-24 08:27:30" level=info msg="國家全名: France"
time="2023-06-24 08:27:31" level=info msg="國別碼2碼: FR"
time="2023-06-24 08:27:31" level=info msg="國別碼3碼: FRA"
time="2023-06-24 08:27:31" level=info msg="國家全名: France"
time="2023-06-24 08:27:32" level=info msg="國別碼2碼: FR"
time="2023-06-24 08:27:32" level=info msg="國別碼3碼: FRA"
time="2023-06-24 08:27:32" level=info msg="國家全名: France"
time="2023-06-24 08:27:32" level=info msg="國別碼2碼: FR"
time="2023-06-24 08:27:32" level=info msg="國別碼3碼: FRA"
time="2023-06-24 08:27:32" level=info msg="國家全名: France"
time="2023-06-24 08:27:33" level=info msg="國別碼2碼: FR"
time="2023-06-24 08:27:33" level=info msg="國別碼3碼: FRA"
time="2023-06-24 08:27:33" level=info msg="國家全名: France"
time="2023-06-24 08:27:34" level=info msg="國別碼2碼: FR"
time="2023-06-24 08:27:34" level=info msg="國別碼3碼: FRA"
time="2023-06-24 08:27:34" level=info msg="國家全名: France"
time="2023-06-24 08:27:35" level=info msg="國別碼2碼: FR"
time="2023-06-24 08:27:35" level=info msg="國別碼3碼: FRA"
time="2023-06-24 08:27:35" level=info msg="國家全名: France"
time="2023-06-24 08:27:36" level=info msg="國別碼2碼: FR"
time="2023-06-24 08:27:36" level=info msg="國別碼3碼: FRA"
time="2023-06-24 08:27:36" level=info msg="國家全名: France"
time="2023-06-24 08:27:38" level=info msg="國別碼2碼: FR"
time="2023-06-24 08:27:38" level=info msg="國別碼3碼: FRA"
time="2023-06-24 08:27:38" level=info msg="國家全名: France"
time="2023-06-24 08:27:39" level=info msg="國別碼2碼: FR"
time="2023-06-24 08:27:39" level=info msg="國別碼3碼: FRA"
time="2023-06-24 08:27:39" level=info msg="國家全名: France"
time="2023-06-24 08:27:39" level=info msg="國別碼2碼: FR"
time="2023-06-24 08:27:39" level=info msg="國別碼3碼: FRA"
time="2023-06-24 08:27:39" level=info msg="國家全名: France"
time="2023-06-24 08:27:40" level=info msg="國別碼2碼: FR"
time="2023-06-24 08:27:40" level=info msg="國別碼3碼: FRA"
time="2023-06-24 08:27:40" level=info msg="國家全名: France"
time="2023-06-24 08:27:41" level=info msg="國別碼2碼: FR"
time="2023-06-24 08:27:41" level=info msg="國別碼3碼: FRA"
time="2023-06-24 08:27:41" level=info msg="國家全名: France"
time="2023-06-24 08:27:42" level=info msg="國別碼2碼: FR"
time="2023-06-24 08:27:42" level=info msg="國別碼3碼: FRA"
time="2023-06-24 08:27:42" level=info msg="國家全名: France"
time="2023-06-24 08:27:43" level=info msg="國別碼2碼: FR"
time="2023-06-24 08:27:43" level=info msg="國別碼3碼: FRA"
time="2023-06-24 08:27:43" level=info msg="國家全名: France"
time="2023-06-24 08:27:44" level=info msg="國別碼2碼: FR"
time="2023-06-24 08:27:44" level=info msg="國別碼3碼: FRA"
time="2023-06-24 08:27:44" level=info msg="國家全名: France"
time="2023-06-24 08:27:44" level=info msg="國別碼2碼: FR"
time="2023-06-24 08:27:44" level=info msg="國別碼3碼: FRA"
time="2023-06-24 08:27:44" level=info msg="國家全名: France"
time="2023-06-24 08:27:45" level=info msg="國別碼2碼: FR"
time="2023-06-24 08:27:45" level=info msg="國別碼3碼: FRA"
time="2023-06-24 08:27:45" level=info msg="國家全名: France"
time="2023-06-24 08:27:46" level=info msg="國別碼2碼: FR"
time="2023-06-24 08:27:46" level=info msg="國別碼3碼: FRA"
time="2023-06-24 08:27:46" level=info msg="國家全名: France"
time="2023-06-24 08:27:47" level=info msg="國別碼2碼: FR"
time="2023-06-24 08:27:47" level=info msg="國別碼3碼: FRA"
time="2023-06-24 08:27:47" level=info msg="國家全名: France"
time="2023-06-24 08:27:48" level=info msg="國別碼2碼: FR"
time="2023-06-24 08:27:48" level=info msg="國別碼3碼: FRA"
time="2023-06-24 08:27:48" level=info msg="國家全名: France"
time="2023-06-24 08:27:49" level=info msg="國別碼2碼: FR"
time="2023-06-24 08:27:49" level=info msg="國別碼3碼: FRA"
time="2023-06-24 08:27:49" level=info msg="國家全名: France"
time="2023-06-24 08:27:49" level=info msg="國別碼2碼: FR"
time="2023-06-24 08:27:49" level=info msg="國別碼3碼: FRA"
time="2023-06-24 08:27:49" level=info msg="國家全名: France"
time="2023-06-24 08:51:19" level=info msg="國別碼2碼: CA"
time="2023-06-24 08:51:19" level=info msg="國別碼3碼: CAN"
time="2023-06-24 08:51:19" level=info msg="國家全名: Canada"
time="2023-06-24 08:51:20" level=info msg="國別碼2碼: CA"
time="2023-06-24 08:51:20" level=info msg="國別碼3碼: CAN"
time="2023-06-24 08:51:20" level=info msg="國家全名: Canada"
time="2023-06-24 09:10:44" level=info msg="國別碼2碼: RU"
time="2023-06-24 09:10:44" level=info msg="國別碼3碼: RUS"
time="2023-06-24 09:10:44" level=info msg="國家全名: Russian Federation (the)"
time="2023-06-24 09:20:28" level=info msg="國別碼2碼: US"
time="2023-06-24 09:20:28" level=info msg="國別碼3碼: USA"
time="2023-06-24 09:20:28" level=info msg="國家全名: United States of America (the)"
time="2023-06-24 09:20:31" level=info msg="國別碼2碼: US"
time="2023-06-24 09:20:31" level=info msg="國別碼3碼: USA"
time="2023-06-24 09:20:31" level=info msg="國家全名: United States of America (the)"
time="2023-06-24 09:23:18" level=info msg="國別碼2碼: CA"
time="2023-06-24 09:23:18" level=info msg="國別碼3碼: CAN"
time="2023-06-24 09:23:18" level=info msg="國家全名: Canada"
time="2023-06-24 09:23:21" level=info msg="國別碼2碼: CA"
time="2023-06-24 09:23:21" level=info msg="國別碼3碼: CAN"
time="2023-06-24 09:23:21" level=info msg="國家全名: Canada"
time="2023-06-24 09:25:23" level=info msg="國別碼2碼: US"
time="2023-06-24 09:25:23" level=info msg="國別碼3碼: USA"
time="2023-06-24 09:25:23" level=info msg="國家全名: United States of America (the)"
time="2023-06-24 09:32:05" level=info msg="國別碼2碼: CH"
time="2023-06-24 09:32:05" level=info msg="國別碼3碼: CHE"
time="2023-06-24 09:32:05" level=info msg="國家全名: Switzerland"
time="2023-06-24 10:03:32" level=info msg="國別碼2碼: CA"
time="2023-06-24 10:03:32" level=info msg="國別碼3碼: CAN"
time="2023-06-24 10:03:32" level=info msg="國家全名: Canada"
time="2023-06-24 10:03:33" level=info msg="國別碼2碼: CA"
time="2023-06-24 10:03:33" level=info msg="國別碼3碼: CAN"
time="2023-06-24 10:03:33" level=info msg="國家全名: Canada"
time="2023-06-24 10:09:59" level=info msg="國別碼2碼: US"
time="2023-06-24 10:09:59" level=info msg="國別碼3碼: USA"
time="2023-06-24 10:09:59" level=info msg="國家全名: United States of America (the)"
time="2023-06-24 10:39:47" level=info msg="國別碼2碼: US"
time="2023-06-24 10:39:47" level=info msg="國別碼3碼: USA"
time="2023-06-24 10:39:47" level=info msg="國家全名: United States of America (the)"
time="2023-06-24 11:04:33" level=info msg="國別碼2碼: US"
time="2023-06-24 11:04:33" level=info msg="國別碼3碼: USA"
time="2023-06-24 11:04:33" level=info msg="國家全名: United States of America (the)"
time="2023-06-24 11:11:30" level=info msg="國別碼2碼: CA"
time="2023-06-24 11:11:30" level=info msg="國別碼3碼: CAN"
time="2023-06-24 11:11:30" level=info msg="國家全名: Canada"
time="2023-06-24 11:11:31" level=info msg="國別碼2碼: CA"
time="2023-06-24 11:11:31" level=info msg="國別碼3碼: CAN"
time="2023-06-24 11:11:31" level=info msg="國家全名: Canada"
time="2023-06-24 11:35:13" level=info msg="國別碼2碼: CA"
time="2023-06-24 11:35:13" level=info msg="國別碼3碼: CAN"
time="2023-06-24 11:35:13" level=info msg="國家全名: Canada"
time="2023-06-24 11:35:14" level=info msg="國別碼2碼: CA"
time="2023-06-24 11:35:14" level=info msg="國別碼3碼: CAN"
time="2023-06-24 11:35:14" level=info msg="國家全名: Canada"
time="2023-06-24 11:48:45" level=info msg="國別碼2碼: US"
time="2023-06-24 11:48:45" level=info msg="國別碼3碼: USA"
time="2023-06-24 11:48:45" level=info msg="國家全名: United States of America (the)"
time="2023-06-24 12:21:14" level=info msg="國別碼2碼: GB"
time="2023-06-24 12:21:14" level=info msg="國別碼3碼: GBR"
time="2023-06-24 12:21:14" level=info msg="國家全名: United Kingdom of Great Britain and Northern Ireland (the)"
time="2023-06-24 12:21:16" level=info msg="國別碼2碼: GB"
time="2023-06-24 12:21:16" level=info msg="國別碼3碼: GBR"
time="2023-06-24 12:21:16" level=info msg="國家全名: United Kingdom of Great Britain and Northern Ireland (the)"
time="2023-06-24 12:23:48" level=info msg="國別碼2碼: CH"
time="2023-06-24 12:23:48" level=info msg="國別碼3碼: CHE"
time="2023-06-24 12:23:48" level=info msg="國家全名: Switzerland"
time="2023-06-24 12:53:42" level=info msg="國別碼2碼: TW"
time="2023-06-24 12:53:42" level=info msg="國別碼3碼: TWN"
time="2023-06-24 12:53:42" level=info msg="國家全名: Taiwan (Province of China)"
time="2023-06-24 12:53:42" level=info msg="國別碼2碼: TW"
time="2023-06-24 12:53:42" level=info msg="國別碼3碼: TWN"
time="2023-06-24 12:53:42" level=info msg="國家全名: Taiwan (Province of China)"
time="2023-06-24 12:53:42" level=info msg="國別碼2碼: TW"
time="2023-06-24 12:53:42" level=info msg="國別碼3碼: TWN"
time="2023-06-24 12:53:42" level=info msg="國家全名: Taiwan (Province of China)"
time="2023-06-24 12:53:43" level=info msg="國別碼2碼: TW"
time="2023-06-24 12:53:43" level=info msg="國別碼3碼: TWN"
time="2023-06-24 12:53:43" level=info msg="國家全名: Taiwan (Province of China)"
time="2023-06-24 13:01:00" level=info msg="國別碼2碼: CA"
time="2023-06-24 13:01:00" level=info msg="國別碼3碼: CAN"
time="2023-06-24 13:01:00" level=info msg="國家全名: Canada"
time="2023-06-24 13:01:01" level=info msg="國別碼2碼: CA"
time="2023-06-24 13:01:01" level=info msg="國別碼3碼: CAN"
time="2023-06-24 13:01:01" level=info msg="國家全名: Canada"
time="2023-06-24 14:18:18" level=info msg="國別碼2碼: CA"
time="2023-06-24 14:18:18" level=info msg="國別碼3碼: CAN"
time="2023-06-24 14:18:18" level=info msg="國家全名: Canada"
time="2023-06-24 14:18:19" level=info msg="國別碼2碼: CA"
time="2023-06-24 14:18:19" level=info msg="國別碼3碼: CAN"
time="2023-06-24 14:18:19" level=info msg="國家全名: Canada"
time="2023-06-24 15:14:52" level=info msg="國別碼2碼: NL"
time="2023-06-24 15:14:53" level=info msg="國別碼3碼: NLD"
time="2023-06-24 15:14:53" level=info msg="國家全名: Netherlands (the)"
time="2023-06-24 15:28:04" level=info msg="國別碼2碼: BR"
time="2023-06-24 15:28:04" level=info msg="國別碼3碼: BRA"
time="2023-06-24 15:28:04" level=info msg="國家全名: Brazil"
time="2023-06-24 15:33:48" level=info msg="國別碼2碼: US"
time="2023-06-24 15:33:48" level=info msg="國別碼3碼: USA"
time="2023-06-24 15:33:48" level=info msg="國家全名: United States of America (the)"
time="2023-06-24 15:33:49" level=info msg="國別碼2碼: US"
time="2023-06-24 15:33:49" level=info msg="國別碼3碼: USA"
time="2023-06-24 15:33:49" level=info msg="國家全名: United States of America (the)"
time="2023-06-24 15:33:50" level=info msg="國別碼2碼: US"
time="2023-06-24 15:33:50" level=info msg="國別碼3碼: USA"
time="2023-06-24 15:33:50" level=info msg="國家全名: United States of America (the)"
time="2023-06-24 15:33:51" level=info msg="國別碼2碼: US"
time="2023-06-24 15:33:51" level=info msg="國別碼3碼: USA"
time="2023-06-24 15:33:51" level=info msg="國家全名: United States of America (the)"
time="2023-06-24 15:33:52" level=info msg="國別碼2碼: US"
time="2023-06-24 15:33:52" level=info msg="國別碼3碼: USA"
time="2023-06-24 15:33:52" level=info msg="國家全名: United States of America (the)"
time="2023-06-24 15:39:00" level=info msg="國別碼2碼: VN"
time="2023-06-24 15:39:00" level=info msg="國別碼3碼: VNM"
time="2023-06-24 15:39:00" level=info msg="國家全名: Viet Nam"
time="2023-06-24 16:02:00" level=info msg="國別碼2碼: CA"
time="2023-06-24 16:02:00" level=info msg="國別碼3碼: CAN"
time="2023-06-24 16:02:00" level=info msg="國家全名: Canada"
time="2023-06-24 16:02:01" level=info msg="國別碼2碼: CA"
time="2023-06-24 16:02:01" level=info msg="國別碼3碼: CAN"
time="2023-06-24 16:02:01" level=info msg="國家全名: Canada"
time="2023-06-24 16:08:59" level=info msg="國別碼2碼: US"
time="2023-06-24 16:08:59" level=info msg="國別碼3碼: USA"
time="2023-06-24 16:08:59" level=info msg="國家全名: United States of America (the)"
time="2023-06-24 16:36:09" level=info msg="國別碼2碼: CA"
time="2023-06-24 16:36:09" level=info msg="國別碼3碼: CAN"
time="2023-06-24 16:36:09" level=info msg="國家全名: Canada"
time="2023-06-24 16:36:10" level=info msg="國別碼2碼: CA"
time="2023-06-24 16:36:10" level=info msg="國別碼3碼: CAN"
time="2023-06-24 16:36:10" level=info msg="國家全名: Canada"
time="2023-06-24 16:53:08" level=info msg="國別碼2碼: US"
time="2023-06-24 16:53:08" level=info msg="國別碼3碼: USA"
time="2023-06-24 16:53:08" level=info msg="國家全名: United States of America (the)"
time="2023-06-24 17:25:55" level=info msg="國別碼2碼: CA"
time="2023-06-24 17:25:55" level=info msg="國別碼3碼: CAN"
time="2023-06-24 17:25:55" level=info msg="國家全名: Canada"
time="2023-06-24 17:25:56" level=info msg="國別碼2碼: CA"
time="2023-06-24 17:25:56" level=info msg="國別碼3碼: CAN"
time="2023-06-24 17:25:56" level=info msg="國家全名: Canada"
time="2023-06-24 18:09:53" level=info msg="國別碼2碼: AU"
time="2023-06-24 18:09:53" level=info msg="國別碼3碼: AUS"
time="2023-06-24 18:09:53" level=info msg="國家全名: Australia"
time="2023-06-24 18:14:53" level=info msg="國別碼2碼: RU"
time="2023-06-24 18:14:53" level=info msg="國別碼3碼: RUS"
time="2023-06-24 18:14:53" level=info msg="國家全名: Russian Federation (the)"
time="2023-06-24 18:27:44" level=info msg="國別碼2碼: BE"
time="2023-06-24 18:27:44" level=info msg="國別碼3碼: BEL"
time="2023-06-24 18:27:44" level=info msg="國家全名: Belgium"
time="2023-06-24 18:32:51" level=info msg="國別碼2碼: RU"
time="2023-06-24 18:32:51" level=info msg="國別碼3碼: RUS"
time="2023-06-24 18:32:51" level=info msg="國家全名: Russian Federation (the)"
time="2023-06-24 18:33:52" level=info msg="國別碼2碼: CA"
time="2023-06-24 18:33:52" level=info msg="國別碼3碼: CAN"
time="2023-06-24 18:33:52" level=info msg="國家全名: Canada"
time="2023-06-24 18:33:54" level=info msg="國別碼2碼: CA"
time="2023-06-24 18:33:54" level=info msg="國別碼3碼: CAN"
time="2023-06-24 18:33:54" level=info msg="國家全名: Canada"
time="2023-06-24 18:52:29" level=info msg="國別碼2碼: CA"
time="2023-06-24 18:52:29" level=info msg="國別碼3碼: CAN"
time="2023-06-24 18:52:29" level=info msg="國家全名: Canada"
time="2023-06-24 18:52:30" level=info msg="國別碼2碼: CA"
time="2023-06-24 18:52:30" level=info msg="國別碼3碼: CAN"
time="2023-06-24 18:52:30" level=info msg="國家全名: Canada"
time="2023-06-24 19:22:27" level=info msg="國別碼2碼: NL"
time="2023-06-24 19:22:27" level=info msg="國別碼3碼: NLD"
time="2023-06-24 19:22:27" level=info msg="國家全名: Netherlands (the)"
time="2023-06-24 19:28:27" level=info msg="國別碼2碼: FR"
time="2023-06-24 19:28:27" level=info msg="國別碼3碼: FRA"
time="2023-06-24 19:28:27" level=info msg="國家全名: France"
time="2023-06-24 19:28:29" level=info msg="國別碼2碼: FR"
time="2023-06-24 19:28:29" level=info msg="國別碼3碼: FRA"
time="2023-06-24 19:28:29" level=info msg="國家全名: France"
time="2023-06-24 19:30:26" level=info msg="國別碼2碼: US"
time="2023-06-24 19:30:26" level=info msg="國別碼3碼: USA"
time="2023-06-24 19:30:26" level=info msg="國家全名: United States of America (the)"
time="2023-06-24 19:51:34" level=info msg="國別碼2碼: US"
time="2023-06-24 19:51:34" level=info msg="國別碼3碼: USA"
time="2023-06-24 19:51:34" level=info msg="國家全名: United States of America (the)"
time="2023-06-24 19:54:56" level=info msg="國別碼2碼: IN"
time="2023-06-24 19:54:56" level=info msg="國別碼3碼: IND"
time="2023-06-24 19:54:56" level=info msg="國家全名: India"
time="2023-06-24 20:04:49" level=info msg="國別碼2碼: MN"
time="2023-06-24 20:04:49" level=info msg="國別碼3碼: MNG"
time="2023-06-24 20:04:49" level=info msg="國家全名: Mongolia"
time="2023-06-24 20:27:11" level=info msg="國別碼2碼: HK"
time="2023-06-24 20:27:11" level=info msg="國別碼3碼: HKG"
time="2023-06-24 20:27:11" level=info msg="國家全名: Hong Kong"
time="2023-06-24 20:31:50" level=info msg="國別碼2碼: CA"
time="2023-06-24 20:31:50" level=info msg="國別碼3碼: CAN"
time="2023-06-24 20:31:50" level=info msg="國家全名: Canada"
time="2023-06-24 20:31:51" level=info msg="國別碼2碼: CA"
time="2023-06-24 20:31:51" level=info msg="國別碼3碼: CAN"
time="2023-06-24 20:31:51" level=info msg="國家全名: Canada"
time="2023-06-24 21:01:27" level=info msg="國別碼2碼: CA"
time="2023-06-24 21:01:27" level=info msg="國別碼3碼: CAN"
time="2023-06-24 21:01:27" level=info msg="國家全名: Canada"
time="2023-06-24 21:01:28" level=info msg="國別碼2碼: CA"
time="2023-06-24 21:01:28" level=info msg="國別碼3碼: CAN"
time="2023-06-24 21:01:28" level=info msg="國家全名: Canada"
time="2023-06-24 21:07:31" level=info msg="國別碼2碼: PT"
time="2023-06-24 21:07:31" level=info msg="國別碼3碼: PRT"
time="2023-06-24 21:07:31" level=info msg="國家全名: Portugal"
time="2023-06-24 21:09:00" level=info msg="國別碼2碼: GB"
time="2023-06-24 21:09:00" level=info msg="國別碼3碼: GBR"
time="2023-06-24 21:09:00" level=info msg="國家全名: United Kingdom of Great Britain and Northern Ireland (the)"
time="2023-06-24 21:46:29" level=info msg="國別碼2碼: NL"
time="2023-06-24 21:46:29" level=info msg="國別碼3碼: NLD"
time="2023-06-24 21:46:29" level=info msg="國家全名: Netherlands (the)"
time="2023-06-24 21:53:05" level=info msg="國別碼2碼: CA"
time="2023-06-24 21:53:05" level=info msg="國別碼3碼: CAN"
time="2023-06-24 21:53:05" level=info msg="國家全名: Canada"
time="2023-06-24 21:53:07" level=info msg="國別碼2碼: CA"
time="2023-06-24 21:53:07" level=info msg="國別碼3碼: CAN"
time="2023-06-24 21:53:07" level=info msg="國家全名: Canada"
time="2023-06-24 22:03:16" level=info msg="國別碼2碼: UA"
time="2023-06-24 22:03:16" level=info msg="國別碼3碼: UKR"
time="2023-06-24 22:03:16" level=info msg="國家全名: Ukraine"
time="2023-06-24 22:29:34" level=info msg="國別碼2碼: NL"
time="2023-06-24 22:29:34" level=info msg="國別碼3碼: NLD"
time="2023-06-24 22:29:34" level=info msg="國家全名: Netherlands (the)"
time="2023-06-24 22:37:47" level=info msg="國別碼2碼: RU"
time="2023-06-24 22:37:47" level=info msg="國別碼3碼: RUS"
time="2023-06-24 22:37:47" level=info msg="國家全名: Russian Federation (the)"
time="2023-06-24 22:39:13" level=info msg="國別碼2碼: US"
time="2023-06-24 22:39:13" level=info msg="國別碼3碼: USA"
time="2023-06-24 22:39:13" level=info msg="國家全名: United States of America (the)"
time="2023-06-24 22:48:45" level=info msg="國別碼2碼: CA"
time="2023-06-24 22:48:45" level=info msg="國別碼3碼: CAN"
time="2023-06-24 22:48:45" level=info msg="國家全名: Canada"
time="2023-06-24 22:48:46" level=info msg="國別碼2碼: CA"
time="2023-06-24 22:48:46" level=info msg="國別碼3碼: CAN"
time="2023-06-24 22:48:46" level=info msg="國家全名: Canada"
time="2023-06-24 23:08:02" level=info msg="國別碼2碼: RU"
time="2023-06-24 23:08:02" level=info msg="國別碼3碼: RUS"
time="2023-06-24 23:08:02" level=info msg="國家全名: Russian Federation (the)"
time="2023-06-24 23:21:26" level=info msg="國別碼2碼: NL"
time="2023-06-24 23:21:26" level=info msg="國別碼3碼: NLD"
time="2023-06-24 23:21:26" level=info msg="國家全名: Netherlands (the)"
time="2023-06-24 23:21:27" level=info msg="國別碼2碼: NL"
time="2023-06-24 23:21:27" level=info msg="國別碼3碼: NLD"
time="2023-06-24 23:21:27" level=info msg="國家全名: Netherlands (the)"
time="2023-06-24 23:21:28" level=info msg="國別碼2碼: NL"
time="2023-06-24 23:21:28" level=info msg="國別碼3碼: NLD"
time="2023-06-24 23:21:28" level=info msg="國家全名: Netherlands (the)"
time="2023-06-24 23:21:30" level=info msg="國別碼2碼: NL"
time="2023-06-24 23:21:30" level=info msg="國別碼3碼: NLD"
time="2023-06-24 23:21:30" level=info msg="國家全名: Netherlands (the)"
time="2023-06-24 23:21:31" level=info msg="國別碼2碼: NL"
time="2023-06-24 23:21:31" level=info msg="國別碼3碼: NLD"
time="2023-06-24 23:21:31" level=info msg="國家全名: Netherlands (the)"
time="2023-06-24 23:21:32" level=info msg="國別碼2碼: NL"
time="2023-06-24 23:21:32" level=info msg="國別碼3碼: NLD"
time="2023-06-24 23:21:32" level=info msg="國家全名: Netherlands (the)"
time="2023-06-24 23:21:33" level=info msg="國別碼2碼: NL"
time="2023-06-24 23:21:33" level=info msg="國別碼3碼: NLD"
time="2023-06-24 23:21:33" level=info msg="國家全名: Netherlands (the)"
time="2023-06-24 23:21:34" level=info msg="國別碼2碼: NL"
time="2023-06-24 23:21:34" level=info msg="國別碼3碼: NLD"
time="2023-06-24 23:21:34" level=info msg="國家全名: Netherlands (the)"
time="2023-06-24 23:21:35" level=info msg="國別碼2碼: NL"
time="2023-06-24 23:21:35" level=info msg="國別碼3碼: NLD"
time="2023-06-24 23:21:35" level=info msg="國家全名: Netherlands (the)"
time="2023-06-24 23:25:17" level=info msg="國別碼2碼: CA"
time="2023-06-24 23:25:17" level=info msg="國別碼3碼: CAN"
time="2023-06-24 23:25:17" level=info msg="國家全名: Canada"
time="2023-06-24 23:25:18" level=info msg="國別碼2碼: CA"
time="2023-06-24 23:25:18" level=info msg="國別碼3碼: CAN"
time="2023-06-24 23:25:18" level=info msg="國家全名: Canada"
time="2023-06-24 23:42:21" level=info msg="國別碼2碼: RU"
time="2023-06-24 23:42:21" level=info msg="國別碼3碼: RUS"
time="2023-06-24 23:42:21" level=info msg="國家全名: Russian Federation (the)"
