time="2023-07-23 01:05:31" level=info msg="國別碼2碼: FR"
time="2023-07-23 01:05:31" level=info msg="國別碼3碼: FRA"
time="2023-07-23 01:05:31" level=info msg="國家全名: France"
time="2023-07-23 01:59:32" level=info msg="國別碼2碼: US"
time="2023-07-23 01:59:32" level=info msg="國別碼3碼: USA"
time="2023-07-23 01:59:32" level=info msg="國家全名: United States of America (the)"
time="2023-07-23 01:59:33" level=info msg="國別碼2碼: US"
time="2023-07-23 01:59:33" level=info msg="國別碼3碼: USA"
time="2023-07-23 01:59:33" level=info msg="國家全名: United States of America (the)"
time="2023-07-23 01:59:34" level=info msg="國別碼2碼: US"
time="2023-07-23 01:59:34" level=info msg="國別碼3碼: USA"
time="2023-07-23 01:59:34" level=info msg="國家全名: United States of America (the)"
time="2023-07-23 01:59:35" level=info msg="國別碼2碼: US"
time="2023-07-23 01:59:35" level=info msg="國別碼3碼: USA"
time="2023-07-23 01:59:35" level=info msg="國家全名: United States of America (the)"
time="2023-07-23 01:59:36" level=info msg="國別碼2碼: US"
time="2023-07-23 01:59:36" level=info msg="國別碼3碼: USA"
time="2023-07-23 01:59:36" level=info msg="國家全名: United States of America (the)"
time="2023-07-23 02:17:16" level=info msg="國別碼2碼: US"
time="2023-07-23 02:17:16" level=info msg="國別碼3碼: USA"
time="2023-07-23 02:17:16" level=info msg="國家全名: United States of America (the)"
time="2023-07-23 03:14:45" level=info msg="國別碼2碼: US"
time="2023-07-23 03:14:45" level=info msg="國別碼3碼: USA"
time="2023-07-23 03:14:45" level=info msg="國家全名: United States of America (the)"
time="2023-07-23 03:49:13" level=info msg="國別碼2碼: US"
time="2023-07-23 03:49:13" level=info msg="國別碼3碼: USA"
time="2023-07-23 03:49:13" level=info msg="國家全名: United States of America (the)"
time="2023-07-23 04:24:09" level=info msg="國別碼2碼: HK"
time="2023-07-23 04:24:09" level=info msg="國別碼3碼: HKG"
time="2023-07-23 04:24:09" level=info msg="國家全名: Hong Kong"
time="2023-07-23 04:35:46" level=info msg="國別碼2碼: US"
time="2023-07-23 04:35:46" level=info msg="國別碼3碼: USA"
time="2023-07-23 04:35:46" level=info msg="國家全名: United States of America (the)"
time="2023-07-23 04:38:47" level=info msg="國別碼2碼: US"
time="2023-07-23 04:38:47" level=info msg="國別碼3碼: USA"
time="2023-07-23 04:38:47" level=info msg="國家全名: United States of America (the)"
time="2023-07-23 04:39:42" level=info msg="國別碼2碼: US"
time="2023-07-23 04:39:42" level=info msg="國別碼3碼: USA"
time="2023-07-23 04:39:42" level=info msg="國家全名: United States of America (the)"
time="2023-07-23 04:49:41" level=info msg="國別碼2碼: GB"
time="2023-07-23 04:49:41" level=info msg="國別碼3碼: GBR"
time="2023-07-23 04:49:41" level=info msg="國家全名: United Kingdom of Great Britain and Northern Ireland (the)"
time="2023-07-23 04:54:34" level=info msg="國別碼2碼: NL"
time="2023-07-23 04:54:34" level=info msg="國別碼3碼: NLD"
time="2023-07-23 04:54:34" level=info msg="國家全名: Netherlands (the)"
time="2023-07-23 05:07:32" level=info msg="國別碼2碼: FR"
time="2023-07-23 05:07:32" level=info msg="國別碼3碼: FRA"
time="2023-07-23 05:07:32" level=info msg="國家全名: France"
time="2023-07-23 05:24:40" level=info msg="國別碼2碼: RU"
time="2023-07-23 05:24:40" level=info msg="國別碼3碼: RUS"
time="2023-07-23 05:24:40" level=info msg="國家全名: Russian Federation (the)"
time="2023-07-23 05:43:32" level=info msg="國別碼2碼: FR"
time="2023-07-23 05:43:32" level=info msg="國別碼3碼: FRA"
time="2023-07-23 05:43:32" level=info msg="國家全名: France"
time="2023-07-23 06:01:30" level=info msg="國別碼2碼: FR"
time="2023-07-23 06:01:30" level=info msg="國別碼3碼: FRA"
time="2023-07-23 06:01:30" level=info msg="國家全名: France"
time="2023-07-23 06:09:53" level=info msg="國別碼2碼: CN"
time="2023-07-23 06:09:53" level=info msg="國別碼3碼: CHN"
time="2023-07-23 06:09:53" level=info msg="國家全名: China"
time="2023-07-23 06:09:54" level=info msg="國別碼2碼: CN"
time="2023-07-23 06:09:54" level=info msg="國別碼3碼: CHN"
time="2023-07-23 06:09:54" level=info msg="國家全名: China"
time="2023-07-23 06:36:54" level=info msg="國別碼2碼: US"
time="2023-07-23 06:36:54" level=info msg="國別碼3碼: USA"
time="2023-07-23 06:36:54" level=info msg="國家全名: United States of America (the)"
time="2023-07-23 06:49:38" level=info msg="國別碼2碼: FR"
time="2023-07-23 06:49:38" level=info msg="國別碼3碼: FRA"
time="2023-07-23 06:49:38" level=info msg="國家全名: France"
time="2023-07-23 07:26:21" level=info msg="國別碼2碼: FR"
time="2023-07-23 07:26:21" level=info msg="國別碼3碼: FRA"
time="2023-07-23 07:26:21" level=info msg="國家全名: France"
time="2023-07-23 08:10:30" level=info msg="國別碼2碼: FR"
time="2023-07-23 08:10:30" level=info msg="國別碼3碼: FRA"
time="2023-07-23 08:10:30" level=info msg="國家全名: France"
time="2023-07-23 08:58:50" level=info msg="國別碼2碼: BE"
time="2023-07-23 08:58:50" level=info msg="國別碼3碼: BEL"
time="2023-07-23 08:58:50" level=info msg="國家全名: Belgium"
time="2023-07-23 09:07:32" level=info msg="國別碼2碼: FR"
time="2023-07-23 09:07:32" level=info msg="國別碼3碼: FRA"
time="2023-07-23 09:07:32" level=info msg="國家全名: France"
time="2023-07-23 09:46:59" level=info msg="國別碼2碼: US"
time="2023-07-23 09:46:59" level=info msg="國別碼3碼: USA"
time="2023-07-23 09:46:59" level=info msg="國家全名: United States of America (the)"
time="2023-07-23 09:47:01" level=info msg="國別碼2碼: US"
time="2023-07-23 09:47:01" level=info msg="國別碼3碼: USA"
time="2023-07-23 09:47:01" level=info msg="國家全名: United States of America (the)"
time="2023-07-23 09:52:46" level=info msg="國別碼2碼: FR"
time="2023-07-23 09:52:46" level=info msg="國別碼3碼: FRA"
time="2023-07-23 09:52:46" level=info msg="國家全名: France"
time="2023-07-23 10:09:51" level=info msg="國別碼2碼: US"
time="2023-07-23 10:09:51" level=info msg="國別碼3碼: USA"
time="2023-07-23 10:09:51" level=info msg="國家全名: United States of America (the)"
time="2023-07-23 10:38:01" level=info msg="國別碼2碼: FR"
time="2023-07-23 10:38:01" level=info msg="國別碼3碼: FRA"
time="2023-07-23 10:38:01" level=info msg="國家全名: France"
time="2023-07-23 11:08:40" level=info msg="國別碼2碼: FR"
time="2023-07-23 11:08:40" level=info msg="國別碼3碼: FRA"
time="2023-07-23 11:08:40" level=info msg="國家全名: France"
time="2023-07-23 11:29:32" level=info msg="國別碼2碼: PK"
time="2023-07-23 11:29:32" level=info msg="國別碼3碼: PAK"
time="2023-07-23 11:29:32" level=info msg="國家全名: Pakistan"
time="2023-07-23 11:55:35" level=info msg="國別碼2碼: DE"
time="2023-07-23 11:55:35" level=info msg="國別碼3碼: DEU"
time="2023-07-23 11:55:35" level=info msg="國家全名: Germany"
time="2023-07-23 12:12:21" level=info msg="國別碼2碼: FR"
time="2023-07-23 12:12:21" level=info msg="國別碼3碼: FRA"
time="2023-07-23 12:12:21" level=info msg="國家全名: France"
time="2023-07-23 12:38:43" level=info msg="國別碼2碼: NL"
time="2023-07-23 12:38:43" level=info msg="國別碼3碼: NLD"
time="2023-07-23 12:38:43" level=info msg="國家全名: Netherlands (the)"
time="2023-07-23 12:45:11" level=info msg="國別碼2碼: FR"
time="2023-07-23 12:45:11" level=info msg="國別碼3碼: FRA"
time="2023-07-23 12:45:11" level=info msg="國家全名: France"
time="2023-07-23 13:04:22" level=info msg="國別碼2碼: SG"
time="2023-07-23 13:04:22" level=info msg="國別碼3碼: SGP"
time="2023-07-23 13:04:22" level=info msg="國家全名: Singapore"
time="2023-07-23 13:05:20" level=info msg="國別碼2碼: FR"
time="2023-07-23 13:05:20" level=info msg="國別碼3碼: FRA"
time="2023-07-23 13:05:20" level=info msg="國家全名: France"
time="2023-07-23 13:05:21" level=info msg="國別碼2碼: FR"
time="2023-07-23 13:05:21" level=info msg="國別碼3碼: FRA"
time="2023-07-23 13:05:21" level=info msg="國家全名: France"
time="2023-07-23 13:21:40" level=info msg="國別碼2碼: US"
time="2023-07-23 13:21:40" level=info msg="國別碼3碼: USA"
time="2023-07-23 13:21:40" level=info msg="國家全名: United States of America (the)"
time="2023-07-23 13:35:39" level=info msg="國別碼2碼: FR"
time="2023-07-23 13:35:39" level=info msg="國別碼3碼: FRA"
time="2023-07-23 13:35:39" level=info msg="國家全名: France"
time="2023-07-23 13:35:40" level=info msg="國別碼2碼: FR"
time="2023-07-23 13:35:40" level=info msg="國別碼3碼: FRA"
time="2023-07-23 13:35:40" level=info msg="國家全名: France"
time="2023-07-23 13:38:06" level=info msg="國別碼2碼: FR"
time="2023-07-23 13:38:06" level=info msg="國別碼3碼: FRA"
time="2023-07-23 13:38:06" level=info msg="國家全名: France"
time="2023-07-23 13:41:35" level=info msg="國別碼2碼: SG"
time="2023-07-23 13:41:35" level=info msg="國別碼3碼: SGP"
time="2023-07-23 13:41:35" level=info msg="國家全名: Singapore"
time="2023-07-23 14:24:30" level=info msg="國別碼2碼: IT"
time="2023-07-23 14:24:30" level=info msg="國別碼3碼: ITA"
time="2023-07-23 14:24:30" level=info msg="國家全名: Italy"
time="2023-07-23 14:28:46" level=info msg="國別碼2碼: TR"
time="2023-07-23 14:28:46" level=info msg="國別碼3碼: TUR"
time="2023-07-23 14:28:46" level=info msg="國家全名: Türkiye"
time="2023-07-23 14:44:43" level=info msg="國別碼2碼: FR"
time="2023-07-23 14:44:43" level=info msg="國別碼3碼: FRA"
time="2023-07-23 14:44:43" level=info msg="國家全名: France"
time="2023-07-23 15:02:26" level=info msg="國別碼2碼: GB"
time="2023-07-23 15:02:26" level=info msg="國別碼3碼: GBR"
time="2023-07-23 15:02:26" level=info msg="國家全名: United Kingdom of Great Britain and Northern Ireland (the)"
time="2023-07-23 15:02:28" level=info msg="國別碼2碼: GB"
time="2023-07-23 15:02:28" level=info msg="國別碼3碼: GBR"
time="2023-07-23 15:02:28" level=info msg="國家全名: United Kingdom of Great Britain and Northern Ireland (the)"
time="2023-07-23 15:02:29" level=info msg="國別碼2碼: GB"
time="2023-07-23 15:02:29" level=info msg="國別碼3碼: GBR"
time="2023-07-23 15:02:29" level=info msg="國家全名: United Kingdom of Great Britain and Northern Ireland (the)"
time="2023-07-23 15:02:30" level=info msg="國別碼2碼: GB"
time="2023-07-23 15:02:30" level=info msg="國別碼3碼: GBR"
time="2023-07-23 15:02:30" level=info msg="國家全名: United Kingdom of Great Britain and Northern Ireland (the)"
time="2023-07-23 15:02:31" level=info msg="國別碼2碼: GB"
time="2023-07-23 15:02:31" level=info msg="國別碼3碼: GBR"
time="2023-07-23 15:02:31" level=info msg="國家全名: United Kingdom of Great Britain and Northern Ireland (the)"
time="2023-07-23 15:02:32" level=info msg="國別碼2碼: GB"
time="2023-07-23 15:02:32" level=info msg="國別碼3碼: GBR"
time="2023-07-23 15:02:32" level=info msg="國家全名: United Kingdom of Great Britain and Northern Ireland (the)"
time="2023-07-23 15:02:33" level=info msg="國別碼2碼: GB"
time="2023-07-23 15:02:33" level=info msg="國別碼3碼: GBR"
time="2023-07-23 15:02:33" level=info msg="國家全名: United Kingdom of Great Britain and Northern Ireland (the)"
time="2023-07-23 15:53:16" level=info msg="國別碼2碼: CN"
time="2023-07-23 15:53:16" level=info msg="國別碼3碼: CHN"
time="2023-07-23 15:53:16" level=info msg="國家全名: China"
time="2023-07-23 16:05:32" level=info msg="國別碼2碼: FR"
time="2023-07-23 16:05:32" level=info msg="國別碼3碼: FRA"
time="2023-07-23 16:05:32" level=info msg="國家全名: France"
time="2023-07-23 16:05:33" level=info msg="國別碼2碼: FR"
time="2023-07-23 16:05:33" level=info msg="國別碼3碼: FRA"
time="2023-07-23 16:05:33" level=info msg="國家全名: France"
time="2023-07-23 16:25:33" level=info msg="國別碼2碼: US"
time="2023-07-23 16:25:33" level=info msg="國別碼3碼: USA"
time="2023-07-23 16:25:33" level=info msg="國家全名: United States of America (the)"
time="2023-07-23 16:43:29" level=info msg="國別碼2碼: FR"
time="2023-07-23 16:43:29" level=info msg="國別碼3碼: FRA"
time="2023-07-23 16:43:29" level=info msg="國家全名: France"
time="2023-07-23 16:43:30" level=info msg="國別碼2碼: FR"
time="2023-07-23 16:43:30" level=info msg="國別碼3碼: FRA"
time="2023-07-23 16:43:30" level=info msg="國家全名: France"
time="2023-07-23 16:51:50" level=info msg="國別碼2碼: RU"
time="2023-07-23 16:51:50" level=info msg="國別碼3碼: RUS"
time="2023-07-23 16:51:50" level=info msg="國家全名: Russian Federation (the)"
time="2023-07-23 17:35:09" level=info msg="國別碼2碼: US"
time="2023-07-23 17:35:09" level=info msg="國別碼3碼: USA"
time="2023-07-23 17:35:09" level=info msg="國家全名: United States of America (the)"
time="2023-07-23 17:35:10" level=info msg="國別碼2碼: US"
time="2023-07-23 17:35:10" level=info msg="國別碼3碼: USA"
time="2023-07-23 17:35:10" level=info msg="國家全名: United States of America (the)"
time="2023-07-23 17:35:11" level=info msg="國別碼2碼: US"
time="2023-07-23 17:35:11" level=info msg="國別碼3碼: USA"
time="2023-07-23 17:35:11" level=info msg="國家全名: United States of America (the)"
time="2023-07-23 17:35:12" level=info msg="國別碼2碼: US"
time="2023-07-23 17:35:12" level=info msg="國別碼3碼: USA"
time="2023-07-23 17:35:12" level=info msg="國家全名: United States of America (the)"
time="2023-07-23 17:35:12" level=info msg="國別碼2碼: US"
time="2023-07-23 17:35:12" level=info msg="國別碼3碼: USA"
time="2023-07-23 17:35:12" level=info msg="國家全名: United States of America (the)"
time="2023-07-23 18:02:07" level=info msg="國別碼2碼: RU"
time="2023-07-23 18:02:07" level=info msg="國別碼3碼: RUS"
time="2023-07-23 18:02:07" level=info msg="國家全名: Russian Federation (the)"
time="2023-07-23 18:10:01" level=info msg="國別碼2碼: US"
time="2023-07-23 18:10:01" level=info msg="國別碼3碼: USA"
time="2023-07-23 18:10:01" level=info msg="國家全名: United States of America (the)"
time="2023-07-23 18:14:43" level=info msg="國別碼2碼: FR"
time="2023-07-23 18:14:43" level=info msg="國別碼3碼: FRA"
time="2023-07-23 18:14:43" level=info msg="國家全名: France"
time="2023-07-23 18:14:45" level=info msg="國別碼2碼: FR"
time="2023-07-23 18:14:45" level=info msg="國別碼3碼: FRA"
time="2023-07-23 18:14:45" level=info msg="國家全名: France"
time="2023-07-23 18:23:41" level=info msg="國別碼2碼: PT"
time="2023-07-23 18:23:41" level=info msg="國別碼3碼: PRT"
time="2023-07-23 18:23:41" level=info msg="國家全名: Portugal"
time="2023-07-23 18:38:46" level=info msg="國別碼2碼: US"
time="2023-07-23 18:38:46" level=info msg="國別碼3碼: USA"
time="2023-07-23 18:38:46" level=info msg="國家全名: United States of America (the)"
time="2023-07-23 19:16:06" level=info msg="國別碼2碼: US"
time="2023-07-23 19:16:06" level=info msg="國別碼3碼: USA"
time="2023-07-23 19:16:06" level=info msg="國家全名: United States of America (the)"
time="2023-07-23 19:44:42" level=info msg="國別碼2碼: NL"
time="2023-07-23 19:44:42" level=info msg="國別碼3碼: NLD"
time="2023-07-23 19:44:42" level=info msg="國家全名: Netherlands (the)"
time="2023-07-23 20:06:28" level=info msg="國別碼2碼: CN"
time="2023-07-23 20:06:28" level=info msg="國別碼3碼: CHN"
time="2023-07-23 20:06:28" level=info msg="國家全名: China"
time="2023-07-23 20:06:30" level=info msg="國別碼2碼: CN"
time="2023-07-23 20:06:30" level=info msg="國別碼3碼: CHN"
time="2023-07-23 20:06:30" level=info msg="國家全名: China"
time="2023-07-23 20:06:58" level=info msg="國別碼2碼: CN"
time="2023-07-23 20:06:58" level=info msg="國別碼3碼: CHN"
time="2023-07-23 20:06:58" level=info msg="國家全名: China"
time="2023-07-23 20:07:09" level=info msg="國別碼2碼: CN"
time="2023-07-23 20:07:09" level=info msg="國別碼3碼: CHN"
time="2023-07-23 20:07:09" level=info msg="國家全名: China"
time="2023-07-23 20:07:11" level=info msg="國別碼2碼: CN"
time="2023-07-23 20:07:11" level=info msg="國別碼3碼: CHN"
time="2023-07-23 20:07:11" level=info msg="國家全名: China"
time="2023-07-23 20:07:11" level=info msg="國別碼2碼: CN"
time="2023-07-23 20:07:11" level=info msg="國別碼3碼: CHN"
time="2023-07-23 20:07:11" level=info msg="國家全名: China"
time="2023-07-23 20:07:16" level=info msg="國別碼2碼: CN"
time="2023-07-23 20:07:16" level=info msg="國別碼3碼: CHN"
time="2023-07-23 20:07:16" level=info msg="國家全名: China"
time="2023-07-23 20:23:53" level=info msg="國別碼2碼: DE"
time="2023-07-23 20:23:53" level=info msg="國別碼3碼: DEU"
time="2023-07-23 20:23:53" level=info msg="國家全名: Germany"
time="2023-07-23 20:38:10" level=info msg="國別碼2碼: FR"
time="2023-07-23 20:38:10" level=info msg="國別碼3碼: FRA"
time="2023-07-23 20:38:10" level=info msg="國家全名: France"
time="2023-07-23 20:38:12" level=info msg="國別碼2碼: FR"
time="2023-07-23 20:38:12" level=info msg="國別碼3碼: FRA"
time="2023-07-23 20:38:12" level=info msg="國家全名: France"
time="2023-07-23 20:44:48" level=info msg="國別碼2碼: FR"
time="2023-07-23 20:44:48" level=info msg="國別碼3碼: FRA"
time="2023-07-23 20:44:48" level=info msg="國家全名: France"
time="2023-07-23 20:44:50" level=info msg="國別碼2碼: FR"
time="2023-07-23 20:44:50" level=info msg="國別碼3碼: FRA"
time="2023-07-23 20:44:50" level=info msg="國家全名: France"
time="2023-07-23 20:48:20" level=info msg="國別碼2碼: DE"
time="2023-07-23 20:48:20" level=info msg="國別碼3碼: DEU"
time="2023-07-23 20:48:20" level=info msg="國家全名: Germany"
time="2023-07-23 21:12:50" level=info msg="國別碼2碼: DE"
time="2023-07-23 21:12:50" level=info msg="國別碼3碼: DEU"
time="2023-07-23 21:12:50" level=info msg="國家全名: Germany"
time="2023-07-23 21:37:21" level=info msg="國別碼2碼: DE"
time="2023-07-23 21:37:21" level=info msg="國別碼3碼: DEU"
time="2023-07-23 21:37:21" level=info msg="國家全名: Germany"
time="2023-07-23 21:52:57" level=info msg="國別碼2碼: BG"
time="2023-07-23 21:52:57" level=info msg="國別碼3碼: BGR"
time="2023-07-23 21:52:57" level=info msg="國家全名: Bulgaria"
time="2023-07-23 21:55:27" level=info msg="國別碼2碼: FR"
time="2023-07-23 21:55:27" level=info msg="國別碼3碼: FRA"
time="2023-07-23 21:55:27" level=info msg="國家全名: France"
time="2023-07-23 21:55:29" level=info msg="國別碼2碼: FR"
time="2023-07-23 21:55:29" level=info msg="國別碼3碼: FRA"
time="2023-07-23 21:55:29" level=info msg="國家全名: France"
time="2023-07-23 22:01:59" level=info msg="國別碼2碼: DE"
time="2023-07-23 22:01:59" level=info msg="國別碼3碼: DEU"
time="2023-07-23 22:01:59" level=info msg="國家全名: Germany"
time="2023-07-23 22:13:59" level=info msg="國別碼2碼: US"
time="2023-07-23 22:13:59" level=info msg="國別碼3碼: USA"
time="2023-07-23 22:13:59" level=info msg="國家全名: United States of America (the)"
time="2023-07-23 22:26:31" level=info msg="國別碼2碼: DE"
time="2023-07-23 22:26:31" level=info msg="國別碼3碼: DEU"
time="2023-07-23 22:26:31" level=info msg="國家全名: Germany"
time="2023-07-23 22:43:10" level=info msg="國別碼2碼: US"
time="2023-07-23 22:43:10" level=info msg="國別碼3碼: USA"
time="2023-07-23 22:43:10" level=info msg="國家全名: United States of America (the)"
time="2023-07-23 22:50:35" level=info msg="國別碼2碼: FR"
time="2023-07-23 22:50:35" level=info msg="國別碼3碼: FRA"
time="2023-07-23 22:50:35" level=info msg="國家全名: France"
time="2023-07-23 22:50:37" level=info msg="國別碼2碼: FR"
time="2023-07-23 22:50:37" level=info msg="國別碼3碼: FRA"
time="2023-07-23 22:50:37" level=info msg="國家全名: France"
time="2023-07-23 22:51:04" level=info msg="國別碼2碼: DE"
time="2023-07-23 22:51:04" level=info msg="國別碼3碼: DEU"
time="2023-07-23 22:51:04" level=info msg="國家全名: Germany"
time="2023-07-23 23:04:44" level=info msg="國別碼2碼: FR"
time="2023-07-23 23:04:44" level=info msg="國別碼3碼: FRA"
time="2023-07-23 23:04:44" level=info msg="國家全名: France"
time="2023-07-23 23:04:45" level=info msg="國別碼2碼: FR"
time="2023-07-23 23:04:45" level=info msg="國別碼3碼: FRA"
time="2023-07-23 23:04:45" level=info msg="國家全名: France"
time="2023-07-23 23:15:37" level=info msg="國別碼2碼: DE"
time="2023-07-23 23:15:37" level=info msg="國別碼3碼: DEU"
time="2023-07-23 23:15:37" level=info msg="國家全名: Germany"
time="2023-07-23 23:31:39" level=info msg="國別碼2碼: US"
time="2023-07-23 23:31:39" level=info msg="國別碼3碼: USA"
time="2023-07-23 23:31:39" level=info msg="國家全名: United States of America (the)"
time="2023-07-23 23:33:28" level=info msg="國別碼2碼: US"
time="2023-07-23 23:33:28" level=info msg="國別碼3碼: USA"
time="2023-07-23 23:33:28" level=info msg="國家全名: United States of America (the)"
time="2023-07-23 23:40:03" level=info msg="國別碼2碼: DE"
time="2023-07-23 23:40:03" level=info msg="國別碼3碼: DEU"
time="2023-07-23 23:40:03" level=info msg="國家全名: Germany"
time="2023-07-23 23:53:38" level=info msg="國別碼2碼: FR"
time="2023-07-23 23:53:38" level=info msg="國別碼3碼: FRA"
time="2023-07-23 23:53:38" level=info msg="國家全名: France"
time="2023-07-23 23:53:39" level=info msg="國別碼2碼: FR"
time="2023-07-23 23:53:39" level=info msg="國別碼3碼: FRA"
time="2023-07-23 23:53:39" level=info msg="國家全名: France"
