time="2023-06-23 00:03:54" level=info msg="國別碼2碼: RU"
time="2023-06-23 00:03:54" level=info msg="國別碼3碼: RUS"
time="2023-06-23 00:03:54" level=info msg="國家全名: Russian Federation (the)"
time="2023-06-23 00:12:15" level=info msg="國別碼2碼: SG"
time="2023-06-23 00:12:15" level=info msg="國別碼3碼: SGP"
time="2023-06-23 00:12:15" level=info msg="國家全名: Singapore"
time="2023-06-23 00:29:56" level=info msg="國別碼2碼: US"
time="2023-06-23 00:29:56" level=info msg="國別碼3碼: USA"
time="2023-06-23 00:29:56" level=info msg="國家全名: United States of America (the)"
time="2023-06-23 00:42:26" level=info msg="國別碼2碼: RU"
time="2023-06-23 00:42:26" level=info msg="國別碼3碼: RUS"
time="2023-06-23 00:42:26" level=info msg="國家全名: Russian Federation (the)"
time="2023-06-23 00:43:51" level=info msg="國別碼2碼: IT"
time="2023-06-23 00:43:51" level=info msg="國別碼3碼: ITA"
time="2023-06-23 00:43:51" level=info msg="國家全名: Italy"
time="2023-06-23 00:44:39" level=info msg="國別碼2碼: TR"
time="2023-06-23 00:44:39" level=info msg="國別碼3碼: TUR"
time="2023-06-23 00:44:39" level=info msg="國家全名: Türkiye"
time="2023-06-23 00:52:17" level=info msg="國別碼2碼: DE"
time="2023-06-23 00:52:17" level=info msg="國別碼3碼: DEU"
time="2023-06-23 00:52:17" level=info msg="國家全名: Germany"
time="2023-06-23 01:07:36" level=info msg="國別碼2碼: FR"
time="2023-06-23 01:07:36" level=info msg="國別碼3碼: FRA"
time="2023-06-23 01:07:36" level=info msg="國家全名: France"
time="2023-06-23 01:07:37" level=info msg="國別碼2碼: FR"
time="2023-06-23 01:07:37" level=info msg="國別碼3碼: FRA"
time="2023-06-23 01:07:37" level=info msg="國家全名: France"
time="2023-06-23 01:20:53" level=info msg="國別碼2碼: GB"
time="2023-06-23 01:20:53" level=info msg="國別碼3碼: GBR"
time="2023-06-23 01:20:53" level=info msg="國家全名: United Kingdom of Great Britain and Northern Ireland (the)"
time="2023-06-23 01:31:51" level=info msg="國別碼2碼: FR"
time="2023-06-23 01:31:51" level=info msg="國別碼3碼: FRA"
time="2023-06-23 01:31:51" level=info msg="國家全名: France"
time="2023-06-23 01:31:52" level=info msg="國別碼2碼: FR"
time="2023-06-23 01:31:52" level=info msg="國別碼3碼: FRA"
time="2023-06-23 01:31:52" level=info msg="國家全名: France"
time="2023-06-23 01:42:07" level=info msg="國別碼2碼: RU"
time="2023-06-23 01:42:07" level=info msg="國別碼3碼: RUS"
time="2023-06-23 01:42:07" level=info msg="國家全名: Russian Federation (the)"
time="2023-06-23 01:47:47" level=info msg="國別碼2碼: PT"
time="2023-06-23 01:47:47" level=info msg="國別碼3碼: PRT"
time="2023-06-23 01:47:47" level=info msg="國家全名: Portugal"
time="2023-06-23 01:59:40" level=info msg="國別碼2碼: CH"
time="2023-06-23 01:59:40" level=info msg="國別碼3碼: CHE"
time="2023-06-23 01:59:40" level=info msg="國家全名: Switzerland"
time="2023-06-23 02:06:03" level=info msg="國別碼2碼: US"
time="2023-06-23 02:06:03" level=info msg="國別碼3碼: USA"
time="2023-06-23 02:06:03" level=info msg="國家全名: United States of America (the)"
time="2023-06-23 02:07:28" level=info msg="國別碼2碼: RU"
time="2023-06-23 02:07:28" level=info msg="國別碼3碼: RUS"
time="2023-06-23 02:07:28" level=info msg="國家全名: Russian Federation (the)"
time="2023-06-23 02:14:14" level=info msg="國別碼2碼: PT"
time="2023-06-23 02:14:14" level=info msg="國別碼3碼: PRT"
time="2023-06-23 02:14:14" level=info msg="國家全名: Portugal"
time="2023-06-23 02:19:01" level=info msg="國別碼2碼: FR"
time="2023-06-23 02:19:01" level=info msg="國別碼3碼: FRA"
time="2023-06-23 02:19:01" level=info msg="國家全名: France"
time="2023-06-23 02:19:02" level=info msg="國別碼2碼: FR"
time="2023-06-23 02:19:02" level=info msg="國別碼3碼: FRA"
time="2023-06-23 02:19:02" level=info msg="國家全名: France"
time="2023-06-23 02:22:10" level=info msg="國別碼2碼: TW"
time="2023-06-23 02:22:10" level=info msg="國別碼3碼: TWN"
time="2023-06-23 02:22:10" level=info msg="國家全名: Taiwan (Province of China)"
time="2023-06-23 02:22:10" level=info msg="國別碼2碼: TW"
time="2023-06-23 02:22:10" level=info msg="國別碼3碼: TWN"
time="2023-06-23 02:22:10" level=info msg="國家全名: Taiwan (Province of China)"
time="2023-06-23 02:22:10" level=info msg="國別碼2碼: TW"
time="2023-06-23 02:22:10" level=info msg="國別碼3碼: TWN"
time="2023-06-23 02:22:10" level=info msg="國家全名: Taiwan (Province of China)"
time="2023-06-23 02:22:11" level=info msg="國別碼2碼: TW"
time="2023-06-23 02:22:11" level=info msg="國別碼3碼: TWN"
time="2023-06-23 02:22:11" level=info msg="國家全名: Taiwan (Province of China)"
time="2023-06-23 02:22:11" level=info msg="國別碼2碼: TW"
time="2023-06-23 02:22:11" level=info msg="國別碼3碼: TWN"
time="2023-06-23 02:22:11" level=info msg="國家全名: Taiwan (Province of China)"
time="2023-06-23 02:44:16" level=info msg="國別碼2碼: RU"
time="2023-06-23 02:44:16" level=info msg="國別碼3碼: RUS"
time="2023-06-23 02:44:16" level=info msg="國家全名: Russian Federation (the)"
time="2023-06-23 02:44:47" level=info msg="國別碼2碼: CO"
time="2023-06-23 02:44:47" level=info msg="國別碼3碼: COL"
time="2023-06-23 02:44:47" level=info msg="國家全名: Colombia"
time="2023-06-23 02:57:02" level=info msg="國別碼2碼: FR"
time="2023-06-23 02:57:02" level=info msg="國別碼3碼: FRA"
time="2023-06-23 02:57:02" level=info msg="國家全名: France"
time="2023-06-23 02:57:03" level=info msg="國別碼2碼: FR"
time="2023-06-23 02:57:03" level=info msg="國別碼3碼: FRA"
time="2023-06-23 02:57:03" level=info msg="國家全名: France"
time="2023-06-23 03:34:22" level=info msg="國別碼2碼: RU"
time="2023-06-23 03:34:22" level=info msg="國別碼3碼: RUS"
time="2023-06-23 03:34:22" level=info msg="國家全名: Russian Federation (the)"
time="2023-06-23 03:46:07" level=info msg="國別碼2碼: NL"
time="2023-06-23 03:46:07" level=info msg="國別碼3碼: NLD"
time="2023-06-23 03:46:07" level=info msg="國家全名: Netherlands (the)"
time="2023-06-23 03:46:09" level=info msg="國別碼2碼: NL"
time="2023-06-23 03:46:09" level=info msg="國別碼3碼: NLD"
time="2023-06-23 03:46:09" level=info msg="國家全名: Netherlands (the)"
time="2023-06-23 03:46:10" level=info msg="國別碼2碼: NL"
time="2023-06-23 03:46:10" level=info msg="國別碼3碼: NLD"
time="2023-06-23 03:46:10" level=info msg="國家全名: Netherlands (the)"
time="2023-06-23 03:46:11" level=info msg="國別碼2碼: NL"
time="2023-06-23 03:46:11" level=info msg="國別碼3碼: NLD"
time="2023-06-23 03:46:11" level=info msg="國家全名: Netherlands (the)"
time="2023-06-23 04:05:17" level=info msg="國別碼2碼: RU"
time="2023-06-23 04:05:17" level=info msg="國別碼3碼: RUS"
time="2023-06-23 04:05:17" level=info msg="國家全名: Russian Federation (the)"
time="2023-06-23 04:06:31" level=info msg="國別碼2碼: US"
time="2023-06-23 04:06:31" level=info msg="國別碼3碼: USA"
time="2023-06-23 04:06:31" level=info msg="國家全名: United States of America (the)"
time="2023-06-23 04:16:45" level=info msg="國別碼2碼: US"
time="2023-06-23 04:16:45" level=info msg="國別碼3碼: USA"
time="2023-06-23 04:16:45" level=info msg="國家全名: United States of America (the)"
time="2023-06-23 04:58:34" level=info msg="國別碼2碼: IN"
time="2023-06-23 04:58:34" level=info msg="國別碼3碼: IND"
time="2023-06-23 04:58:34" level=info msg="國家全名: India"
time="2023-06-23 05:00:22" level=info msg="國別碼2碼: TW"
time="2023-06-23 05:00:22" level=info msg="國別碼3碼: TWN"
time="2023-06-23 05:00:22" level=info msg="國家全名: Taiwan (Province of China)"
time="2023-06-23 05:20:57" level=info msg="國別碼2碼: FR"
time="2023-06-23 05:20:57" level=info msg="國別碼3碼: FRA"
time="2023-06-23 05:20:57" level=info msg="國家全名: France"
time="2023-06-23 05:20:58" level=info msg="國別碼2碼: FR"
time="2023-06-23 05:20:58" level=info msg="國別碼3碼: FRA"
time="2023-06-23 05:20:58" level=info msg="國家全名: France"
time="2023-06-23 05:44:46" level=info msg="國別碼2碼: CH"
time="2023-06-23 05:44:46" level=info msg="國別碼3碼: CHE"
time="2023-06-23 05:44:46" level=info msg="國家全名: Switzerland"
time="2023-06-23 06:06:25" level=info msg="國別碼2碼: IN"
time="2023-06-23 06:06:25" level=info msg="國別碼3碼: IND"
time="2023-06-23 06:06:25" level=info msg="國家全名: India"
time="2023-06-23 06:17:47" level=info msg="國別碼2碼: FR"
time="2023-06-23 06:17:47" level=info msg="國別碼3碼: FRA"
time="2023-06-23 06:17:47" level=info msg="國家全名: France"
time="2023-06-23 06:17:48" level=info msg="國別碼2碼: FR"
time="2023-06-23 06:17:48" level=info msg="國別碼3碼: FRA"
time="2023-06-23 06:17:48" level=info msg="國家全名: France"
time="2023-06-23 06:46:19" level=info msg="國別碼2碼: FR"
time="2023-06-23 06:46:19" level=info msg="國別碼3碼: FRA"
time="2023-06-23 06:46:19" level=info msg="國家全名: France"
time="2023-06-23 06:46:20" level=info msg="國別碼2碼: FR"
time="2023-06-23 06:46:20" level=info msg="國別碼3碼: FRA"
time="2023-06-23 06:46:20" level=info msg="國家全名: France"
time="2023-06-23 06:51:03" level=info msg="國別碼2碼: PT"
time="2023-06-23 06:51:03" level=info msg="國別碼3碼: PRT"
time="2023-06-23 06:51:03" level=info msg="國家全名: Portugal"
time="2023-06-23 07:40:06" level=info msg="國別碼2碼: FR"
time="2023-06-23 07:40:06" level=info msg="國別碼3碼: FRA"
time="2023-06-23 07:40:06" level=info msg="國家全名: France"
time="2023-06-23 07:40:07" level=info msg="國別碼2碼: FR"
time="2023-06-23 07:40:07" level=info msg="國別碼3碼: FRA"
time="2023-06-23 07:40:07" level=info msg="國家全名: France"
time="2023-06-23 07:52:34" level=info msg="國別碼2碼: NL"
time="2023-06-23 07:52:34" level=info msg="國別碼3碼: NLD"
time="2023-06-23 07:52:34" level=info msg="國家全名: Netherlands (the)"
time="2023-06-23 08:20:30" level=info msg="國別碼2碼: FR"
time="2023-06-23 08:20:30" level=info msg="國別碼3碼: FRA"
time="2023-06-23 08:20:30" level=info msg="國家全名: France"
time="2023-06-23 08:20:32" level=info msg="國別碼2碼: FR"
time="2023-06-23 08:20:32" level=info msg="國別碼3碼: FRA"
time="2023-06-23 08:20:32" level=info msg="國家全名: France"
time="2023-06-23 08:36:55" level=info msg="國別碼2碼: US"
time="2023-06-23 08:36:55" level=info msg="國別碼3碼: USA"
time="2023-06-23 08:36:55" level=info msg="國家全名: United States of America (the)"
time="2023-06-23 08:52:42" level=info msg="國別碼2碼: US"
time="2023-06-23 08:52:42" level=info msg="國別碼3碼: USA"
time="2023-06-23 08:52:42" level=info msg="國家全名: United States of America (the)"
time="2023-06-23 08:52:43" level=info msg="國別碼2碼: US"
time="2023-06-23 08:52:43" level=info msg="國別碼3碼: USA"
time="2023-06-23 08:52:43" level=info msg="國家全名: United States of America (the)"
time="2023-06-23 08:52:44" level=info msg="國別碼2碼: US"
time="2023-06-23 08:52:44" level=info msg="國別碼3碼: USA"
time="2023-06-23 08:52:44" level=info msg="國家全名: United States of America (the)"
time="2023-06-23 08:52:45" level=info msg="國別碼2碼: US"
time="2023-06-23 08:52:45" level=info msg="國別碼3碼: USA"
time="2023-06-23 08:52:45" level=info msg="國家全名: United States of America (the)"
time="2023-06-23 08:52:46" level=info msg="國別碼2碼: US"
time="2023-06-23 08:52:46" level=info msg="國別碼3碼: USA"
time="2023-06-23 08:52:46" level=info msg="國家全名: United States of America (the)"
time="2023-06-23 09:10:43" level=info msg="國別碼2碼: US"
time="2023-06-23 09:10:43" level=info msg="國別碼3碼: USA"
time="2023-06-23 09:10:43" level=info msg="國家全名: United States of America (the)"
time="2023-06-23 09:16:31" level=info msg="國別碼2碼: GB"
time="2023-06-23 09:16:31" level=info msg="國別碼3碼: GBR"
time="2023-06-23 09:16:31" level=info msg="國家全名: United Kingdom of Great Britain and Northern Ireland (the)"
time="2023-06-23 09:18:38" level=info msg="國別碼2碼: FR"
time="2023-06-23 09:18:38" level=info msg="國別碼3碼: FRA"
time="2023-06-23 09:18:38" level=info msg="國家全名: France"
time="2023-06-23 09:18:39" level=info msg="國別碼2碼: FR"
time="2023-06-23 09:18:39" level=info msg="國別碼3碼: FRA"
time="2023-06-23 09:18:39" level=info msg="國家全名: France"
time="2023-06-23 09:48:23" level=info msg="國別碼2碼: US"
time="2023-06-23 09:48:23" level=info msg="國別碼3碼: USA"
time="2023-06-23 09:48:23" level=info msg="國家全名: United States of America (the)"
time="2023-06-23 09:56:08" level=info msg="國別碼2碼: GB"
time="2023-06-23 09:56:08" level=info msg="國別碼3碼: GBR"
time="2023-06-23 09:56:08" level=info msg="國家全名: United Kingdom of Great Britain and Northern Ireland (the)"
time="2023-06-23 10:06:10" level=info msg="國別碼2碼: FR"
time="2023-06-23 10:06:10" level=info msg="國別碼3碼: FRA"
time="2023-06-23 10:06:10" level=info msg="國家全名: France"
time="2023-06-23 10:06:11" level=info msg="國別碼2碼: FR"
time="2023-06-23 10:06:11" level=info msg="國別碼3碼: FRA"
time="2023-06-23 10:06:11" level=info msg="國家全名: France"
time="2023-06-23 10:09:56" level=info msg="國別碼2碼: US"
time="2023-06-23 10:09:56" level=info msg="國別碼3碼: USA"
time="2023-06-23 10:09:56" level=info msg="國家全名: United States of America (the)"
time="2023-06-23 10:22:18" level=info msg="國別碼2碼: FR"
time="2023-06-23 10:22:18" level=info msg="國別碼3碼: FRA"
time="2023-06-23 10:22:18" level=info msg="國家全名: France"
time="2023-06-23 10:22:19" level=info msg="國別碼2碼: FR"
time="2023-06-23 10:22:19" level=info msg="國別碼3碼: FRA"
time="2023-06-23 10:22:19" level=info msg="國家全名: France"
time="2023-06-23 10:23:30" level=info msg="國別碼2碼: US"
time="2023-06-23 10:23:30" level=info msg="國別碼3碼: USA"
time="2023-06-23 10:23:30" level=info msg="國家全名: United States of America (the)"
time="2023-06-23 10:47:31" level=info msg="國別碼2碼: US"
time="2023-06-23 10:47:31" level=info msg="國別碼3碼: USA"
time="2023-06-23 10:47:31" level=info msg="國家全名: United States of America (the)"
time="2023-06-23 10:49:03" level=info msg="國別碼2碼: US"
time="2023-06-23 10:49:03" level=info msg="國別碼3碼: USA"
time="2023-06-23 10:49:03" level=info msg="國家全名: United States of America (the)"
time="2023-06-23 10:49:54" level=info msg="國別碼2碼: US"
time="2023-06-23 10:49:54" level=info msg="國別碼3碼: USA"
time="2023-06-23 10:49:54" level=info msg="國家全名: United States of America (the)"
time="2023-06-23 11:15:25" level=info msg="國別碼2碼: FR"
time="2023-06-23 11:15:25" level=info msg="國別碼3碼: FRA"
time="2023-06-23 11:15:25" level=info msg="國家全名: France"
time="2023-06-23 11:15:27" level=info msg="國別碼2碼: FR"
time="2023-06-23 11:15:27" level=info msg="國別碼3碼: FRA"
time="2023-06-23 11:15:27" level=info msg="國家全名: France"
time="2023-06-23 11:17:07" level=info msg="國別碼2碼: US"
time="2023-06-23 11:17:07" level=info msg="國別碼3碼: USA"
time="2023-06-23 11:17:07" level=info msg="國家全名: United States of America (the)"
time="2023-06-23 11:25:03" level=info msg="國別碼2碼: TW"
time="2023-06-23 11:25:03" level=info msg="國別碼3碼: TWN"
time="2023-06-23 11:25:03" level=info msg="國家全名: Taiwan (Province of China)"
time="2023-06-23 11:42:50" level=info msg="國別碼2碼: FR"
time="2023-06-23 11:42:50" level=info msg="國別碼3碼: FRA"
time="2023-06-23 11:42:50" level=info msg="國家全名: France"
time="2023-06-23 11:42:51" level=info msg="國別碼2碼: FR"
time="2023-06-23 11:42:51" level=info msg="國別碼3碼: FRA"
time="2023-06-23 11:42:51" level=info msg="國家全名: France"
time="2023-06-23 11:54:19" level=info msg="國別碼2碼: US"
time="2023-06-23 11:54:19" level=info msg="國別碼3碼: USA"
time="2023-06-23 11:54:19" level=info msg="國家全名: United States of America (the)"
time="2023-06-23 12:50:27" level=info msg="國別碼2碼: US"
time="2023-06-23 12:50:27" level=info msg="國別碼3碼: USA"
time="2023-06-23 12:50:27" level=info msg="國家全名: United States of America (the)"
time="2023-06-23 13:31:39" level=info msg="國別碼2碼: FR"
time="2023-06-23 13:31:39" level=info msg="國別碼3碼: FRA"
time="2023-06-23 13:31:39" level=info msg="國家全名: France"
time="2023-06-23 13:31:40" level=info msg="國別碼2碼: FR"
time="2023-06-23 13:31:40" level=info msg="國別碼3碼: FRA"
time="2023-06-23 13:31:40" level=info msg="國家全名: France"
time="2023-06-23 14:13:53" level=info msg="國別碼2碼: PT"
time="2023-06-23 14:13:53" level=info msg="國別碼3碼: PRT"
time="2023-06-23 14:13:53" level=info msg="國家全名: Portugal"
time="2023-06-23 14:31:54" level=info msg="國別碼2碼: UA"
time="2023-06-23 14:31:54" level=info msg="國別碼3碼: UKR"
time="2023-06-23 14:31:54" level=info msg="國家全名: Ukraine"
time="2023-06-23 14:34:02" level=info msg="國別碼2碼: IN"
time="2023-06-23 14:34:02" level=info msg="國別碼3碼: IND"
time="2023-06-23 14:34:02" level=info msg="國家全名: India"
time="2023-06-23 14:45:26" level=info msg="國別碼2碼: FR"
time="2023-06-23 14:45:26" level=info msg="國別碼3碼: FRA"
time="2023-06-23 14:45:26" level=info msg="國家全名: France"
time="2023-06-23 14:45:28" level=info msg="國別碼2碼: FR"
time="2023-06-23 14:45:28" level=info msg="國別碼3碼: FRA"
time="2023-06-23 14:45:28" level=info msg="國家全名: France"
time="2023-06-23 14:59:35" level=info msg="國別碼2碼: FR"
time="2023-06-23 14:59:35" level=info msg="國別碼3碼: FRA"
time="2023-06-23 14:59:35" level=info msg="國家全名: France"
time="2023-06-23 14:59:36" level=info msg="國別碼2碼: FR"
time="2023-06-23 14:59:36" level=info msg="國別碼3碼: FRA"
time="2023-06-23 14:59:36" level=info msg="國家全名: France"
time="2023-06-23 15:03:08" level=info msg="國別碼2碼: RU"
time="2023-06-23 15:03:08" level=info msg="國別碼3碼: RUS"
time="2023-06-23 15:03:08" level=info msg="國家全名: Russian Federation (the)"
time="2023-06-23 15:05:55" level=info msg="國別碼2碼: FR"
time="2023-06-23 15:05:55" level=info msg="國別碼3碼: FRA"
time="2023-06-23 15:05:55" level=info msg="國家全名: France"
time="2023-06-23 15:05:56" level=info msg="國別碼2碼: FR"
time="2023-06-23 15:05:56" level=info msg="國別碼3碼: FRA"
time="2023-06-23 15:05:56" level=info msg="國家全名: France"
time="2023-06-23 15:15:29" level=info msg="國別碼2碼: MN"
time="2023-06-23 15:15:29" level=info msg="國別碼3碼: MNG"
time="2023-06-23 15:15:29" level=info msg="國家全名: Mongolia"
time="2023-06-23 15:16:14" level=info msg="國別碼2碼: US"
time="2023-06-23 15:16:14" level=info msg="國別碼3碼: USA"
time="2023-06-23 15:16:14" level=info msg="國家全名: United States of America (the)"
time="2023-06-23 15:33:57" level=info msg="國別碼2碼: JP"
time="2023-06-23 15:33:57" level=info msg="國別碼3碼: JPN"
time="2023-06-23 15:33:57" level=info msg="國家全名: Japan"
time="2023-06-23 15:54:51" level=info msg="國別碼2碼: US"
time="2023-06-23 15:54:51" level=info msg="國別碼3碼: USA"
time="2023-06-23 15:54:51" level=info msg="國家全名: United States of America (the)"
time="2023-06-23 16:13:55" level=info msg="國別碼2碼: FR"
time="2023-06-23 16:13:55" level=info msg="國別碼3碼: FRA"
time="2023-06-23 16:13:55" level=info msg="國家全名: France"
time="2023-06-23 16:13:57" level=info msg="國別碼2碼: FR"
time="2023-06-23 16:13:57" level=info msg="國別碼3碼: FRA"
time="2023-06-23 16:13:57" level=info msg="國家全名: France"
time="2023-06-23 16:38:25" level=info msg="國別碼2碼: FR"
time="2023-06-23 16:38:25" level=info msg="國別碼3碼: FRA"
time="2023-06-23 16:38:25" level=info msg="國家全名: France"
time="2023-06-23 16:38:26" level=info msg="國別碼2碼: FR"
time="2023-06-23 16:38:26" level=info msg="國別碼3碼: FRA"
time="2023-06-23 16:38:26" level=info msg="國家全名: France"
time="2023-06-23 16:38:31" level=info msg="國別碼2碼: GB"
time="2023-06-23 16:38:31" level=info msg="國別碼3碼: GBR"
time="2023-06-23 16:38:31" level=info msg="國家全名: United Kingdom of Great Britain and Northern Ireland (the)"
time="2023-06-23 17:12:51" level=info msg="國別碼2碼: US"
time="2023-06-23 17:12:51" level=info msg="國別碼3碼: USA"
time="2023-06-23 17:12:51" level=info msg="國家全名: United States of America (the)"
time="2023-06-23 17:25:18" level=info msg="國別碼2碼: CH"
time="2023-06-23 17:25:18" level=info msg="國別碼3碼: CHE"
time="2023-06-23 17:25:18" level=info msg="國家全名: Switzerland"
time="2023-06-23 18:00:01" level=info msg="國別碼2碼: FR"
time="2023-06-23 18:00:01" level=info msg="國別碼3碼: FRA"
time="2023-06-23 18:00:01" level=info msg="國家全名: France"
time="2023-06-23 18:00:03" level=info msg="國別碼2碼: FR"
time="2023-06-23 18:00:03" level=info msg="國別碼3碼: FRA"
time="2023-06-23 18:00:03" level=info msg="國家全名: France"
time="2023-06-23 18:04:37" level=info msg="國別碼2碼: CH"
time="2023-06-23 18:04:37" level=info msg="國別碼3碼: CHE"
time="2023-06-23 18:04:37" level=info msg="國家全名: Switzerland"
time="2023-06-23 18:05:55" level=info msg="國別碼2碼: CN"
time="2023-06-23 18:05:55" level=info msg="國別碼3碼: CHN"
time="2023-06-23 18:05:55" level=info msg="國家全名: China"
time="2023-06-23 18:05:57" level=info msg="國別碼2碼: CN"
time="2023-06-23 18:05:57" level=info msg="國別碼3碼: CHN"
time="2023-06-23 18:05:57" level=info msg="國家全名: China"
time="2023-06-23 18:06:58" level=info msg="國別碼2碼: US"
time="2023-06-23 18:06:58" level=info msg="國別碼3碼: USA"
time="2023-06-23 18:06:58" level=info msg="國家全名: United States of America (the)"
time="2023-06-23 18:16:28" level=info msg="國別碼2碼: BE"
time="2023-06-23 18:16:28" level=info msg="國別碼3碼: BEL"
time="2023-06-23 18:16:28" level=info msg="國家全名: Belgium"
time="2023-06-23 18:29:08" level=info msg="國別碼2碼: FR"
time="2023-06-23 18:29:08" level=info msg="國別碼3碼: FRA"
time="2023-06-23 18:29:08" level=info msg="國家全名: France"
time="2023-06-23 18:29:09" level=info msg="國別碼2碼: FR"
time="2023-06-23 18:29:09" level=info msg="國別碼3碼: FRA"
time="2023-06-23 18:29:09" level=info msg="國家全名: France"
time="2023-06-23 18:30:21" level=info msg="國別碼2碼: IN"
time="2023-06-23 18:30:21" level=info msg="國別碼3碼: IND"
time="2023-06-23 18:30:21" level=info msg="國家全名: India"
time="2023-06-23 18:31:32" level=info msg="國別碼2碼: US"
time="2023-06-23 18:31:32" level=info msg="國別碼3碼: USA"
time="2023-06-23 18:31:32" level=info msg="國家全名: United States of America (the)"
time="2023-06-23 18:55:58" level=info msg="國別碼2碼: US"
time="2023-06-23 18:55:58" level=info msg="國別碼3碼: USA"
time="2023-06-23 18:55:58" level=info msg="國家全名: United States of America (the)"
time="2023-06-23 19:07:37" level=info msg="國別碼2碼: FR"
time="2023-06-23 19:07:37" level=info msg="國別碼3碼: FRA"
time="2023-06-23 19:07:37" level=info msg="國家全名: France"
time="2023-06-23 19:07:38" level=info msg="國別碼2碼: FR"
time="2023-06-23 19:07:38" level=info msg="國別碼3碼: FRA"
time="2023-06-23 19:07:38" level=info msg="國家全名: France"
time="2023-06-23 19:16:46" level=info msg="國別碼2碼: MN"
time="2023-06-23 19:16:46" level=info msg="國別碼3碼: MNG"
time="2023-06-23 19:16:46" level=info msg="國家全名: Mongolia"
time="2023-06-23 19:16:46" level=info msg="國別碼2碼: MN"
time="2023-06-23 19:16:46" level=info msg="國別碼3碼: MNG"
time="2023-06-23 19:16:46" level=info msg="國家全名: Mongolia"
time="2023-06-23 19:23:48" level=info msg="國別碼2碼: US"
time="2023-06-23 19:23:48" level=info msg="國別碼3碼: USA"
time="2023-06-23 19:23:48" level=info msg="國家全名: United States of America (the)"
time="2023-06-23 19:45:00" level=info msg="國別碼2碼: FR"
time="2023-06-23 19:45:00" level=info msg="國別碼3碼: FRA"
time="2023-06-23 19:45:00" level=info msg="國家全名: France"
time="2023-06-23 19:45:01" level=info msg="國別碼2碼: FR"
time="2023-06-23 19:45:01" level=info msg="國別碼3碼: FRA"
time="2023-06-23 19:45:01" level=info msg="國家全名: France"
time="2023-06-23 19:51:01" level=info msg="國別碼2碼: US"
time="2023-06-23 19:51:01" level=info msg="國別碼3碼: USA"
time="2023-06-23 19:51:01" level=info msg="國家全名: United States of America (the)"
time="2023-06-23 19:54:01" level=info msg="國別碼2碼: PT"
time="2023-06-23 19:54:01" level=info msg="國別碼3碼: PRT"
time="2023-06-23 19:54:01" level=info msg="國家全名: Portugal"
time="2023-06-23 20:03:03" level=info msg="國別碼2碼: IN"
time="2023-06-23 20:03:03" level=info msg="國別碼3碼: IND"
time="2023-06-23 20:03:03" level=info msg="國家全名: India"
time="2023-06-23 20:03:03" level=info msg="國別碼2碼: IN"
time="2023-06-23 20:03:03" level=info msg="國別碼3碼: IND"
time="2023-06-23 20:03:03" level=info msg="國家全名: India"
time="2023-06-23 20:03:04" level=info msg="國別碼2碼: IN"
time="2023-06-23 20:03:04" level=info msg="國別碼3碼: IND"
time="2023-06-23 20:03:04" level=info msg="國家全名: India"
time="2023-06-23 20:03:05" level=info msg="國別碼2碼: IN"
time="2023-06-23 20:03:05" level=info msg="國別碼3碼: IND"
time="2023-06-23 20:03:05" level=info msg="國家全名: India"
time="2023-06-23 20:03:06" level=info msg="國別碼2碼: IN"
time="2023-06-23 20:03:06" level=info msg="國別碼3碼: IND"
time="2023-06-23 20:03:06" level=info msg="國家全名: India"
time="2023-06-23 20:03:07" level=info msg="國別碼2碼: IN"
time="2023-06-23 20:03:07" level=info msg="國別碼3碼: IND"
time="2023-06-23 20:03:07" level=info msg="國家全名: India"
time="2023-06-23 20:03:08" level=info msg="國別碼2碼: IN"
time="2023-06-23 20:03:08" level=info msg="國別碼3碼: IND"
time="2023-06-23 20:03:08" level=info msg="國家全名: India"
time="2023-06-23 20:03:08" level=info msg="國別碼2碼: IN"
time="2023-06-23 20:03:08" level=info msg="國別碼3碼: IND"
time="2023-06-23 20:03:08" level=info msg="國家全名: India"
time="2023-06-23 20:03:09" level=info msg="國別碼2碼: IN"
time="2023-06-23 20:03:09" level=info msg="國別碼3碼: IND"
time="2023-06-23 20:03:09" level=info msg="國家全名: India"
time="2023-06-23 20:19:29" level=info msg="國別碼2碼: CH"
time="2023-06-23 20:19:29" level=info msg="國別碼3碼: CHE"
time="2023-06-23 20:19:29" level=info msg="國家全名: Switzerland"
time="2023-06-23 20:26:07" level=info msg="國別碼2碼: US"
time="2023-06-23 20:26:07" level=info msg="國別碼3碼: USA"
time="2023-06-23 20:26:07" level=info msg="國家全名: United States of America (the)"
time="2023-06-23 20:26:08" level=info msg="國別碼2碼: US"
time="2023-06-23 20:26:08" level=info msg="國別碼3碼: USA"
time="2023-06-23 20:26:08" level=info msg="國家全名: United States of America (the)"
time="2023-06-23 20:26:09" level=info msg="國別碼2碼: US"
time="2023-06-23 20:26:09" level=info msg="國別碼3碼: USA"
time="2023-06-23 20:26:09" level=info msg="國家全名: United States of America (the)"
time="2023-06-23 20:26:10" level=info msg="國別碼2碼: US"
time="2023-06-23 20:26:10" level=info msg="國別碼3碼: USA"
time="2023-06-23 20:26:10" level=info msg="國家全名: United States of America (the)"
time="2023-06-23 20:26:11" level=info msg="國別碼2碼: US"
time="2023-06-23 20:26:11" level=info msg="國別碼3碼: USA"
time="2023-06-23 20:26:11" level=info msg="國家全名: United States of America (the)"
time="2023-06-23 20:33:21" level=info msg="國別碼2碼: CH"
time="2023-06-23 20:33:21" level=info msg="國別碼3碼: CHE"
time="2023-06-23 20:33:21" level=info msg="國家全名: Switzerland"
time="2023-06-23 20:34:32" level=info msg="國別碼2碼: FR"
time="2023-06-23 20:34:32" level=info msg="國別碼3碼: FRA"
time="2023-06-23 20:34:32" level=info msg="國家全名: France"
time="2023-06-23 20:34:33" level=info msg="國別碼2碼: FR"
time="2023-06-23 20:34:33" level=info msg="國別碼3碼: FRA"
time="2023-06-23 20:34:33" level=info msg="國家全名: France"
time="2023-06-23 20:38:38" level=info msg="國別碼2碼: US"
time="2023-06-23 20:38:38" level=info msg="國別碼3碼: USA"
time="2023-06-23 20:38:38" level=info msg="國家全名: United States of America (the)"
time="2023-06-23 21:42:36" level=info msg="國別碼2碼: US"
time="2023-06-23 21:42:36" level=info msg="國別碼3碼: USA"
time="2023-06-23 21:42:36" level=info msg="國家全名: United States of America (the)"
time="2023-06-23 21:50:40" level=info msg="國別碼2碼: CN"
time="2023-06-23 21:50:40" level=info msg="國別碼3碼: CHN"
time="2023-06-23 21:50:40" level=info msg="國家全名: China"
time="2023-06-23 22:01:40" level=info msg="國別碼2碼: US"
time="2023-06-23 22:01:40" level=info msg="國別碼3碼: USA"
time="2023-06-23 22:01:40" level=info msg="國家全名: United States of America (the)"
time="2023-06-23 22:01:43" level=info msg="國別碼2碼: FR"
time="2023-06-23 22:01:43" level=info msg="國別碼3碼: FRA"
time="2023-06-23 22:01:43" level=info msg="國家全名: France"
time="2023-06-23 22:01:44" level=info msg="國別碼2碼: FR"
time="2023-06-23 22:01:44" level=info msg="國別碼3碼: FRA"
time="2023-06-23 22:01:44" level=info msg="國家全名: France"
time="2023-06-23 22:32:25" level=info msg="國別碼2碼: US"
time="2023-06-23 22:32:25" level=info msg="國別碼3碼: USA"
time="2023-06-23 22:32:25" level=info msg="國家全名: United States of America (the)"
time="2023-06-23 22:32:26" level=info msg="國別碼2碼: US"
time="2023-06-23 22:32:26" level=info msg="國別碼3碼: USA"
time="2023-06-23 22:32:26" level=info msg="國家全名: United States of America (the)"
time="2023-06-23 22:32:27" level=info msg="國別碼2碼: US"
time="2023-06-23 22:32:27" level=info msg="國別碼3碼: USA"
time="2023-06-23 22:32:27" level=info msg="國家全名: United States of America (the)"
time="2023-06-23 22:32:28" level=info msg="國別碼2碼: US"
time="2023-06-23 22:32:28" level=info msg="國別碼3碼: USA"
time="2023-06-23 22:32:28" level=info msg="國家全名: United States of America (the)"
time="2023-06-23 22:32:29" level=info msg="國別碼2碼: US"
time="2023-06-23 22:32:29" level=info msg="國別碼3碼: USA"
time="2023-06-23 22:32:29" level=info msg="國家全名: United States of America (the)"
time="2023-06-23 22:32:30" level=info msg="國別碼2碼: US"
time="2023-06-23 22:32:30" level=info msg="國別碼3碼: USA"
time="2023-06-23 22:32:30" level=info msg="國家全名: United States of America (the)"
time="2023-06-23 22:32:31" level=info msg="國別碼2碼: US"
time="2023-06-23 22:32:31" level=info msg="國別碼3碼: USA"
time="2023-06-23 22:32:31" level=info msg="國家全名: United States of America (the)"
time="2023-06-23 22:32:32" level=info msg="國別碼2碼: US"
time="2023-06-23 22:32:32" level=info msg="國別碼3碼: USA"
time="2023-06-23 22:32:32" level=info msg="國家全名: United States of America (the)"
time="2023-06-23 22:32:33" level=info msg="國別碼2碼: US"
time="2023-06-23 22:32:33" level=info msg="國別碼3碼: USA"
time="2023-06-23 22:32:33" level=info msg="國家全名: United States of America (the)"
time="2023-06-23 22:32:34" level=info msg="國別碼2碼: US"
time="2023-06-23 22:32:34" level=info msg="國別碼3碼: USA"
time="2023-06-23 22:32:34" level=info msg="國家全名: United States of America (the)"
time="2023-06-23 22:32:35" level=info msg="國別碼2碼: US"
time="2023-06-23 22:32:35" level=info msg="國別碼3碼: USA"
time="2023-06-23 22:32:35" level=info msg="國家全名: United States of America (the)"
time="2023-06-23 22:32:36" level=info msg="國別碼2碼: US"
time="2023-06-23 22:32:36" level=info msg="國別碼3碼: USA"
time="2023-06-23 22:32:36" level=info msg="國家全名: United States of America (the)"
time="2023-06-23 22:32:37" level=info msg="國別碼2碼: US"
time="2023-06-23 22:32:37" level=info msg="國別碼3碼: USA"
time="2023-06-23 22:32:37" level=info msg="國家全名: United States of America (the)"
time="2023-06-23 22:32:38" level=info msg="國別碼2碼: US"
time="2023-06-23 22:32:38" level=info msg="國別碼3碼: USA"
time="2023-06-23 22:32:38" level=info msg="國家全名: United States of America (the)"
time="2023-06-23 22:32:39" level=info msg="國別碼2碼: US"
time="2023-06-23 22:32:39" level=info msg="國別碼3碼: USA"
time="2023-06-23 22:32:39" level=info msg="國家全名: United States of America (the)"
time="2023-06-23 22:32:40" level=info msg="國別碼2碼: US"
time="2023-06-23 22:32:40" level=info msg="國別碼3碼: USA"
time="2023-06-23 22:32:40" level=info msg="國家全名: United States of America (the)"
time="2023-06-23 22:32:41" level=info msg="國別碼2碼: US"
time="2023-06-23 22:32:41" level=info msg="國別碼3碼: USA"
time="2023-06-23 22:32:41" level=info msg="國家全名: United States of America (the)"
time="2023-06-23 22:32:42" level=info msg="國別碼2碼: US"
time="2023-06-23 22:32:42" level=info msg="國別碼3碼: USA"
time="2023-06-23 22:32:42" level=info msg="國家全名: United States of America (the)"
time="2023-06-23 22:32:43" level=info msg="國別碼2碼: US"
time="2023-06-23 22:32:43" level=info msg="國別碼3碼: USA"
time="2023-06-23 22:32:43" level=info msg="國家全名: United States of America (the)"
time="2023-06-23 22:32:44" level=info msg="國別碼2碼: US"
time="2023-06-23 22:32:44" level=info msg="國別碼3碼: USA"
time="2023-06-23 22:32:44" level=info msg="國家全名: United States of America (the)"
time="2023-06-23 22:32:45" level=info msg="國別碼2碼: US"
time="2023-06-23 22:32:45" level=info msg="國別碼3碼: USA"
time="2023-06-23 22:32:45" level=info msg="國家全名: United States of America (the)"
time="2023-06-23 22:32:46" level=info msg="國別碼2碼: US"
time="2023-06-23 22:32:46" level=info msg="國別碼3碼: USA"
time="2023-06-23 22:32:46" level=info msg="國家全名: United States of America (the)"
time="2023-06-23 22:32:47" level=info msg="國別碼2碼: US"
time="2023-06-23 22:32:47" level=info msg="國別碼3碼: USA"
time="2023-06-23 22:32:47" level=info msg="國家全名: United States of America (the)"
time="2023-06-23 22:32:48" level=info msg="國別碼2碼: US"
time="2023-06-23 22:32:48" level=info msg="國別碼3碼: USA"
time="2023-06-23 22:32:48" level=info msg="國家全名: United States of America (the)"
time="2023-06-23 22:32:49" level=info msg="國別碼2碼: US"
time="2023-06-23 22:32:49" level=info msg="國別碼3碼: USA"
time="2023-06-23 22:32:49" level=info msg="國家全名: United States of America (the)"
time="2023-06-23 22:32:51" level=info msg="國別碼2碼: US"
time="2023-06-23 22:32:51" level=info msg="國別碼3碼: USA"
time="2023-06-23 22:32:51" level=info msg="國家全名: United States of America (the)"
time="2023-06-23 22:32:52" level=info msg="國別碼2碼: US"
time="2023-06-23 22:32:52" level=info msg="國別碼3碼: USA"
time="2023-06-23 22:32:52" level=info msg="國家全名: United States of America (the)"
time="2023-06-23 22:32:53" level=info msg="國別碼2碼: US"
time="2023-06-23 22:32:53" level=info msg="國別碼3碼: USA"
time="2023-06-23 22:32:53" level=info msg="國家全名: United States of America (the)"
time="2023-06-23 22:32:54" level=info msg="國別碼2碼: US"
time="2023-06-23 22:32:54" level=info msg="國別碼3碼: USA"
time="2023-06-23 22:32:54" level=info msg="國家全名: United States of America (the)"
time="2023-06-23 22:32:55" level=info msg="國別碼2碼: US"
time="2023-06-23 22:32:55" level=info msg="國別碼3碼: USA"
time="2023-06-23 22:32:55" level=info msg="國家全名: United States of America (the)"
time="2023-06-23 22:32:56" level=info msg="國別碼2碼: US"
time="2023-06-23 22:32:56" level=info msg="國別碼3碼: USA"
time="2023-06-23 22:32:56" level=info msg="國家全名: United States of America (the)"
time="2023-06-23 22:32:57" level=info msg="國別碼2碼: US"
time="2023-06-23 22:32:57" level=info msg="國別碼3碼: USA"
time="2023-06-23 22:32:57" level=info msg="國家全名: United States of America (the)"
time="2023-06-23 22:32:58" level=info msg="國別碼2碼: US"
time="2023-06-23 22:32:58" level=info msg="國別碼3碼: USA"
time="2023-06-23 22:32:58" level=info msg="國家全名: United States of America (the)"
time="2023-06-23 22:32:59" level=info msg="國別碼2碼: US"
time="2023-06-23 22:32:59" level=info msg="國別碼3碼: USA"
time="2023-06-23 22:32:59" level=info msg="國家全名: United States of America (the)"
time="2023-06-23 22:33:00" level=info msg="國別碼2碼: US"
time="2023-06-23 22:33:00" level=info msg="國別碼3碼: USA"
time="2023-06-23 22:33:00" level=info msg="國家全名: United States of America (the)"
time="2023-06-23 22:33:01" level=info msg="國別碼2碼: US"
time="2023-06-23 22:33:01" level=info msg="國別碼3碼: USA"
time="2023-06-23 22:33:01" level=info msg="國家全名: United States of America (the)"
time="2023-06-23 22:33:02" level=info msg="國別碼2碼: US"
time="2023-06-23 22:33:02" level=info msg="國別碼3碼: USA"
time="2023-06-23 22:33:02" level=info msg="國家全名: United States of America (the)"
time="2023-06-23 22:33:03" level=info msg="國別碼2碼: US"
time="2023-06-23 22:33:03" level=info msg="國別碼3碼: USA"
time="2023-06-23 22:33:03" level=info msg="國家全名: United States of America (the)"
time="2023-06-23 22:33:04" level=info msg="國別碼2碼: US"
time="2023-06-23 22:33:04" level=info msg="國別碼3碼: USA"
time="2023-06-23 22:33:04" level=info msg="國家全名: United States of America (the)"
time="2023-06-23 22:33:05" level=info msg="國別碼2碼: US"
time="2023-06-23 22:33:05" level=info msg="國別碼3碼: USA"
time="2023-06-23 22:33:05" level=info msg="國家全名: United States of America (the)"
time="2023-06-23 22:33:06" level=info msg="國別碼2碼: US"
time="2023-06-23 22:33:06" level=info msg="國別碼3碼: USA"
time="2023-06-23 22:33:06" level=info msg="國家全名: United States of America (the)"
time="2023-06-23 22:33:07" level=info msg="國別碼2碼: US"
time="2023-06-23 22:33:07" level=info msg="國別碼3碼: USA"
time="2023-06-23 22:33:07" level=info msg="國家全名: United States of America (the)"
time="2023-06-23 22:33:08" level=info msg="國別碼2碼: US"
time="2023-06-23 22:33:08" level=info msg="國別碼3碼: USA"
time="2023-06-23 22:33:08" level=info msg="國家全名: United States of America (the)"
time="2023-06-23 22:33:09" level=info msg="國別碼2碼: US"
time="2023-06-23 22:33:09" level=info msg="國別碼3碼: USA"
time="2023-06-23 22:33:09" level=info msg="國家全名: United States of America (the)"
time="2023-06-23 22:33:11" level=info msg="國別碼2碼: US"
time="2023-06-23 22:33:11" level=info msg="國別碼3碼: USA"
time="2023-06-23 22:33:11" level=info msg="國家全名: United States of America (the)"
time="2023-06-23 22:33:12" level=info msg="國別碼2碼: US"
time="2023-06-23 22:33:12" level=info msg="國別碼3碼: USA"
time="2023-06-23 22:33:12" level=info msg="國家全名: United States of America (the)"
time="2023-06-23 22:33:13" level=info msg="國別碼2碼: US"
time="2023-06-23 22:33:13" level=info msg="國別碼3碼: USA"
time="2023-06-23 22:33:13" level=info msg="國家全名: United States of America (the)"
time="2023-06-23 22:33:14" level=info msg="國別碼2碼: US"
time="2023-06-23 22:33:14" level=info msg="國別碼3碼: USA"
time="2023-06-23 22:33:14" level=info msg="國家全名: United States of America (the)"
time="2023-06-23 22:33:15" level=info msg="國別碼2碼: US"
time="2023-06-23 22:33:15" level=info msg="國別碼3碼: USA"
time="2023-06-23 22:33:15" level=info msg="國家全名: United States of America (the)"
time="2023-06-23 22:33:16" level=info msg="國別碼2碼: US"
time="2023-06-23 22:33:16" level=info msg="國別碼3碼: USA"
time="2023-06-23 22:33:16" level=info msg="國家全名: United States of America (the)"
time="2023-06-23 22:33:17" level=info msg="國別碼2碼: US"
time="2023-06-23 22:33:17" level=info msg="國別碼3碼: USA"
time="2023-06-23 22:33:17" level=info msg="國家全名: United States of America (the)"
time="2023-06-23 22:33:18" level=info msg="國別碼2碼: US"
time="2023-06-23 22:33:18" level=info msg="國別碼3碼: USA"
time="2023-06-23 22:33:18" level=info msg="國家全名: United States of America (the)"
time="2023-06-23 22:33:19" level=info msg="國別碼2碼: US"
time="2023-06-23 22:33:19" level=info msg="國別碼3碼: USA"
time="2023-06-23 22:33:19" level=info msg="國家全名: United States of America (the)"
time="2023-06-23 22:33:20" level=info msg="國別碼2碼: US"
time="2023-06-23 22:33:20" level=info msg="國別碼3碼: USA"
time="2023-06-23 22:33:20" level=info msg="國家全名: United States of America (the)"
time="2023-06-23 22:33:21" level=info msg="國別碼2碼: US"
time="2023-06-23 22:33:21" level=info msg="國別碼3碼: USA"
time="2023-06-23 22:33:21" level=info msg="國家全名: United States of America (the)"
time="2023-06-23 22:33:22" level=info msg="國別碼2碼: US"
time="2023-06-23 22:33:22" level=info msg="國別碼3碼: USA"
time="2023-06-23 22:33:22" level=info msg="國家全名: United States of America (the)"
time="2023-06-23 22:33:22" level=info msg="國別碼2碼: US"
time="2023-06-23 22:33:22" level=info msg="國別碼3碼: USA"
time="2023-06-23 22:33:22" level=info msg="國家全名: United States of America (the)"
time="2023-06-23 22:33:23" level=info msg="國別碼2碼: US"
time="2023-06-23 22:33:23" level=info msg="國別碼3碼: USA"
time="2023-06-23 22:33:23" level=info msg="國家全名: United States of America (the)"
time="2023-06-23 22:33:24" level=info msg="國別碼2碼: US"
time="2023-06-23 22:33:24" level=info msg="國別碼3碼: USA"
time="2023-06-23 22:33:24" level=info msg="國家全名: United States of America (the)"
time="2023-06-23 22:33:25" level=info msg="國別碼2碼: US"
time="2023-06-23 22:33:25" level=info msg="國別碼3碼: USA"
time="2023-06-23 22:33:25" level=info msg="國家全名: United States of America (the)"
time="2023-06-23 22:33:26" level=info msg="國別碼2碼: US"
time="2023-06-23 22:33:26" level=info msg="國別碼3碼: USA"
time="2023-06-23 22:33:26" level=info msg="國家全名: United States of America (the)"
time="2023-06-23 22:33:27" level=info msg="國別碼2碼: US"
time="2023-06-23 22:33:27" level=info msg="國別碼3碼: USA"
time="2023-06-23 22:33:27" level=info msg="國家全名: United States of America (the)"
time="2023-06-23 22:33:28" level=info msg="國別碼2碼: US"
time="2023-06-23 22:33:28" level=info msg="國別碼3碼: USA"
time="2023-06-23 22:33:28" level=info msg="國家全名: United States of America (the)"
time="2023-06-23 22:33:29" level=info msg="國別碼2碼: US"
time="2023-06-23 22:33:29" level=info msg="國別碼3碼: USA"
time="2023-06-23 22:33:29" level=info msg="國家全名: United States of America (the)"
time="2023-06-23 22:33:30" level=info msg="國別碼2碼: US"
time="2023-06-23 22:33:30" level=info msg="國別碼3碼: USA"
time="2023-06-23 22:33:30" level=info msg="國家全名: United States of America (the)"
time="2023-06-23 22:33:32" level=info msg="國別碼2碼: US"
time="2023-06-23 22:33:32" level=info msg="國別碼3碼: USA"
time="2023-06-23 22:33:32" level=info msg="國家全名: United States of America (the)"
time="2023-06-23 22:33:33" level=info msg="國別碼2碼: US"
time="2023-06-23 22:33:33" level=info msg="國別碼3碼: USA"
time="2023-06-23 22:33:33" level=info msg="國家全名: United States of America (the)"
time="2023-06-23 22:33:34" level=info msg="國別碼2碼: US"
time="2023-06-23 22:33:34" level=info msg="國別碼3碼: USA"
time="2023-06-23 22:33:34" level=info msg="國家全名: United States of America (the)"
time="2023-06-23 22:33:35" level=info msg="國別碼2碼: US"
time="2023-06-23 22:33:35" level=info msg="國別碼3碼: USA"
time="2023-06-23 22:33:35" level=info msg="國家全名: United States of America (the)"
time="2023-06-23 22:33:36" level=info msg="國別碼2碼: US"
time="2023-06-23 22:33:36" level=info msg="國別碼3碼: USA"
time="2023-06-23 22:33:36" level=info msg="國家全名: United States of America (the)"
time="2023-06-23 22:33:37" level=info msg="國別碼2碼: US"
time="2023-06-23 22:33:37" level=info msg="國別碼3碼: USA"
time="2023-06-23 22:33:37" level=info msg="國家全名: United States of America (the)"
time="2023-06-23 22:33:38" level=info msg="國別碼2碼: US"
time="2023-06-23 22:33:38" level=info msg="國別碼3碼: USA"
time="2023-06-23 22:33:38" level=info msg="國家全名: United States of America (the)"
time="2023-06-23 22:33:39" level=info msg="國別碼2碼: US"
time="2023-06-23 22:33:39" level=info msg="國別碼3碼: USA"
time="2023-06-23 22:33:39" level=info msg="國家全名: United States of America (the)"
time="2023-06-23 22:33:40" level=info msg="國別碼2碼: US"
time="2023-06-23 22:33:40" level=info msg="國別碼3碼: USA"
time="2023-06-23 22:33:40" level=info msg="國家全名: United States of America (the)"
time="2023-06-23 22:33:41" level=info msg="國別碼2碼: US"
time="2023-06-23 22:33:41" level=info msg="國別碼3碼: USA"
time="2023-06-23 22:33:41" level=info msg="國家全名: United States of America (the)"
time="2023-06-23 22:33:42" level=info msg="國別碼2碼: US"
time="2023-06-23 22:33:42" level=info msg="國別碼3碼: USA"
time="2023-06-23 22:33:42" level=info msg="國家全名: United States of America (the)"
time="2023-06-23 22:33:43" level=info msg="國別碼2碼: US"
time="2023-06-23 22:33:43" level=info msg="國別碼3碼: USA"
time="2023-06-23 22:33:43" level=info msg="國家全名: United States of America (the)"
time="2023-06-23 22:33:44" level=info msg="國別碼2碼: US"
time="2023-06-23 22:33:44" level=info msg="國別碼3碼: USA"
time="2023-06-23 22:33:44" level=info msg="國家全名: United States of America (the)"
time="2023-06-23 22:33:45" level=info msg="國別碼2碼: US"
time="2023-06-23 22:33:45" level=info msg="國別碼3碼: USA"
time="2023-06-23 22:33:45" level=info msg="國家全名: United States of America (the)"
time="2023-06-23 22:33:46" level=info msg="國別碼2碼: US"
time="2023-06-23 22:33:46" level=info msg="國別碼3碼: USA"
time="2023-06-23 22:33:46" level=info msg="國家全名: United States of America (the)"
time="2023-06-23 22:33:47" level=info msg="國別碼2碼: US"
time="2023-06-23 22:33:47" level=info msg="國別碼3碼: USA"
time="2023-06-23 22:33:47" level=info msg="國家全名: United States of America (the)"
time="2023-06-23 22:33:48" level=info msg="國別碼2碼: US"
time="2023-06-23 22:33:48" level=info msg="國別碼3碼: USA"
time="2023-06-23 22:33:48" level=info msg="國家全名: United States of America (the)"
time="2023-06-23 22:33:49" level=info msg="國別碼2碼: US"
time="2023-06-23 22:33:49" level=info msg="國別碼3碼: USA"
time="2023-06-23 22:33:49" level=info msg="國家全名: United States of America (the)"
time="2023-06-23 22:33:50" level=info msg="國別碼2碼: US"
time="2023-06-23 22:33:50" level=info msg="國別碼3碼: USA"
time="2023-06-23 22:33:50" level=info msg="國家全名: United States of America (the)"
time="2023-06-23 22:33:51" level=info msg="國別碼2碼: US"
time="2023-06-23 22:33:51" level=info msg="國別碼3碼: USA"
time="2023-06-23 22:33:51" level=info msg="國家全名: United States of America (the)"
time="2023-06-23 22:33:52" level=info msg="國別碼2碼: US"
time="2023-06-23 22:33:52" level=info msg="國別碼3碼: USA"
time="2023-06-23 22:33:52" level=info msg="國家全名: United States of America (the)"
time="2023-06-23 22:33:53" level=info msg="國別碼2碼: US"
time="2023-06-23 22:33:53" level=info msg="國別碼3碼: USA"
time="2023-06-23 22:33:53" level=info msg="國家全名: United States of America (the)"
time="2023-06-23 22:33:54" level=info msg="國別碼2碼: US"
time="2023-06-23 22:33:54" level=info msg="國別碼3碼: USA"
time="2023-06-23 22:33:54" level=info msg="國家全名: United States of America (the)"
time="2023-06-23 22:33:55" level=info msg="國別碼2碼: US"
time="2023-06-23 22:33:55" level=info msg="國別碼3碼: USA"
time="2023-06-23 22:33:55" level=info msg="國家全名: United States of America (the)"
time="2023-06-23 22:33:56" level=info msg="國別碼2碼: US"
time="2023-06-23 22:33:56" level=info msg="國別碼3碼: USA"
time="2023-06-23 22:33:56" level=info msg="國家全名: United States of America (the)"
time="2023-06-23 22:33:57" level=info msg="國別碼2碼: US"
time="2023-06-23 22:33:57" level=info msg="國別碼3碼: USA"
time="2023-06-23 22:33:57" level=info msg="國家全名: United States of America (the)"
time="2023-06-23 22:33:58" level=info msg="國別碼2碼: US"
time="2023-06-23 22:33:58" level=info msg="國別碼3碼: USA"
time="2023-06-23 22:33:58" level=info msg="國家全名: United States of America (the)"
time="2023-06-23 22:33:59" level=info msg="國別碼2碼: US"
time="2023-06-23 22:33:59" level=info msg="國別碼3碼: USA"
time="2023-06-23 22:33:59" level=info msg="國家全名: United States of America (the)"
time="2023-06-23 22:34:01" level=info msg="國別碼2碼: US"
time="2023-06-23 22:34:01" level=info msg="國別碼3碼: USA"
time="2023-06-23 22:34:01" level=info msg="國家全名: United States of America (the)"
time="2023-06-23 22:34:02" level=info msg="國別碼2碼: US"
time="2023-06-23 22:34:02" level=info msg="國別碼3碼: USA"
time="2023-06-23 22:34:02" level=info msg="國家全名: United States of America (the)"
time="2023-06-23 22:34:03" level=info msg="國別碼2碼: US"
time="2023-06-23 22:34:03" level=info msg="國別碼3碼: USA"
time="2023-06-23 22:34:03" level=info msg="國家全名: United States of America (the)"
time="2023-06-23 22:34:04" level=info msg="國別碼2碼: US"
time="2023-06-23 22:34:04" level=info msg="國別碼3碼: USA"
time="2023-06-23 22:34:04" level=info msg="國家全名: United States of America (the)"
time="2023-06-23 22:34:05" level=info msg="國別碼2碼: US"
time="2023-06-23 22:34:05" level=info msg="國別碼3碼: USA"
time="2023-06-23 22:34:05" level=info msg="國家全名: United States of America (the)"
time="2023-06-23 22:34:06" level=info msg="國別碼2碼: US"
time="2023-06-23 22:34:06" level=info msg="國別碼3碼: USA"
time="2023-06-23 22:34:06" level=info msg="國家全名: United States of America (the)"
time="2023-06-23 22:41:52" level=info msg="國別碼2碼: FR"
time="2023-06-23 22:41:52" level=info msg="國別碼3碼: FRA"
time="2023-06-23 22:41:52" level=info msg="國家全名: France"
time="2023-06-23 22:41:53" level=info msg="國別碼2碼: FR"
time="2023-06-23 22:41:53" level=info msg="國別碼3碼: FRA"
time="2023-06-23 22:41:53" level=info msg="國家全名: France"
time="2023-06-23 23:03:41" level=info msg="國別碼2碼: US"
time="2023-06-23 23:03:41" level=info msg="國別碼3碼: USA"
time="2023-06-23 23:03:41" level=info msg="國家全名: United States of America (the)"
time="2023-06-23 23:25:33" level=info msg="國別碼2碼: US"
time="2023-06-23 23:25:33" level=info msg="國別碼3碼: USA"
time="2023-06-23 23:25:33" level=info msg="國家全名: United States of America (the)"
time="2023-06-23 23:38:52" level=info msg="國別碼2碼: PT"
time="2023-06-23 23:38:52" level=info msg="國別碼3碼: PRT"
time="2023-06-23 23:38:52" level=info msg="國家全名: Portugal"
time="2023-06-23 23:42:07" level=info msg="國別碼2碼: RU"
time="2023-06-23 23:42:07" level=info msg="國別碼3碼: RUS"
time="2023-06-23 23:42:07" level=info msg="國家全名: Russian Federation (the)"
time="2023-06-23 23:51:48" level=info msg="國別碼2碼: FR"
time="2023-06-23 23:51:48" level=info msg="國別碼3碼: FRA"
time="2023-06-23 23:51:48" level=info msg="國家全名: France"
time="2023-06-23 23:51:49" level=info msg="國別碼2碼: FR"
time="2023-06-23 23:51:49" level=info msg="國別碼3碼: FRA"
time="2023-06-23 23:51:49" level=info msg="國家全名: France"
