time="2023-07-10 00:00:00" level=info msg="國別碼2碼: FR"
time="2023-07-10 00:00:00" level=info msg="國別碼3碼: FRA"
time="2023-07-10 00:00:00" level=info msg="國家全名: France"
time="2023-07-10 00:00:01" level=info msg="國別碼2碼: FR"
time="2023-07-10 00:00:01" level=info msg="國別碼3碼: FRA"
time="2023-07-10 00:00:01" level=info msg="國家全名: France"
time="2023-07-10 00:17:27" level=info msg="國別碼2碼: US"
time="2023-07-10 00:17:27" level=info msg="國別碼3碼: USA"
time="2023-07-10 00:17:27" level=info msg="國家全名: United States of America (the)"
time="2023-07-10 00:33:47" level=info msg="國別碼2碼: HK"
time="2023-07-10 00:33:47" level=info msg="國別碼3碼: HKG"
time="2023-07-10 00:33:47" level=info msg="國家全名: Hong Kong"
time="2023-07-10 00:38:03" level=info msg="國別碼2碼: FR"
time="2023-07-10 00:38:03" level=info msg="國別碼3碼: FRA"
time="2023-07-10 00:38:03" level=info msg="國家全名: France"
time="2023-07-10 00:38:04" level=info msg="國別碼2碼: FR"
time="2023-07-10 00:38:04" level=info msg="國別碼3碼: FRA"
time="2023-07-10 00:38:04" level=info msg="國家全名: France"
time="2023-07-10 00:56:01" level=info msg="國別碼2碼: US"
time="2023-07-10 00:56:01" level=info msg="國別碼3碼: USA"
time="2023-07-10 00:56:01" level=info msg="國家全名: United States of America (the)"
time="2023-07-10 01:05:18" level=info msg="國別碼2碼: XZ"
time="2023-07-10 01:05:18" level=info msg="國別碼3碼: XZZ"
time="2023-07-10 01:05:18" level=info msg="國家全名: IANA Special-Purpose Address"
time="2023-07-10 01:05:18" level=info msg="國別碼2碼: XZ"
time="2023-07-10 01:05:18" level=info msg="國別碼3碼: XZZ"
time="2023-07-10 01:05:18" level=info msg="國家全名: IANA Special-Purpose Address"
time="2023-07-10 01:05:18" level=info msg="取得商品資料[{21 xx  1200 999 testtt  課程 true} {20 gg tttesttt 112 222   testttt true} {16 c  1200 999    false} {15 b  1200 10    true} {14 a  1200 123    false} {7 TRX 123 500 1 堂  課程 true} {6 ck男生內褲 CK內褲 1980 3 1  性感 true} {3 哈達瑜珈 本課程適合首次來上課的人，一開始會先帶學員了解場館以及場館內的各式課程，並了解學員的目標以及目前身體的狀況、組成 (inbody)。在這些流程結束後開始讓學員體驗課程。(上體驗課程前，會先與您聯繫預期想體驗的課程。) 200 2 堂 https://images.unsplash.com/photo-1571019614242-c5c5dee9f50b?ixlib=rb-4.0.3&ixid=M3wxMjA3fDB8MHxwaG90by1wYWdlfHx8fGVufDB8fHx8fA%3D%3D&auto=format&fit=crop&w=2070&q=80 拉基 true} {1 CK內衣組 CK內衣 我的超人 1980 3 1  性感 true}]"
time="2023-07-10 01:05:18" level=info msg="取得商品資料[{21 xx  1200 999 testtt  課程 true} {20 gg tttesttt 112 222   testttt true} {16 c  1200 999    false} {15 b  1200 10    true} {14 a  1200 123    false} {7 TRX 123 500 1 堂  課程 true} {6 ck男生內褲 CK內褲 1980 3 1  性感 true} {3 哈達瑜珈 本課程適合首次來上課的人，一開始會先帶學員了解場館以及場館內的各式課程，並了解學員的目標以及目前身體的狀況、組成 (inbody)。在這些流程結束後開始讓學員體驗課程。(上體驗課程前，會先與您聯繫預期想體驗的課程。) 200 2 堂 https://images.unsplash.com/photo-1571019614242-c5c5dee9f50b?ixlib=rb-4.0.3&ixid=M3wxMjA3fDB8MHxwaG90by1wYWdlfHx8fGVufDB8fHx8fA%3D%3D&auto=format&fit=crop&w=2070&q=80 拉基 true} {1 CK內衣組 CK內衣 我的超人 1980 3 1  性感 true}]"
time="2023-07-10 01:05:42" level=info msg="國別碼2碼: XZ"
time="2023-07-10 01:05:42" level=info msg="國別碼3碼: XZZ"
time="2023-07-10 01:05:42" level=info msg="國家全名: IANA Special-Purpose Address"
time="2023-07-10 01:05:42" level=info msg="取得商品資料[{21 xx  1200 999 testtt  課程 true} {20 gg tttesttt 112 222   testttt true} {16 c  1200 999    false} {15 b  1200 10    true} {14 a  1200 123    false} {7 TRX 123 500 1 堂  課程 true} {6 ck男生內褲 CK內褲 1980 3 1  性感 true} {3 哈達瑜珈 本課程適合首次來上課的人，一開始會先帶學員了解場館以及場館內的各式課程，並了解學員的目標以及目前身體的狀況、組成 (inbody)。在這些流程結束後開始讓學員體驗課程。(上體驗課程前，會先與您聯繫預期想體驗的課程。) 200 2 堂 https://images.unsplash.com/photo-1571019614242-c5c5dee9f50b?ixlib=rb-4.0.3&ixid=M3wxMjA3fDB8MHxwaG90by1wYWdlfHx8fGVufDB8fHx8fA%3D%3D&auto=format&fit=crop&w=2070&q=80 拉基 true} {1 CK內衣組 CK內衣 我的超人 1980 3 1  性感 true}]"
time="2023-07-10 01:06:25" level=info msg="國別碼2碼: XZ"
time="2023-07-10 01:06:25" level=info msg="國別碼3碼: XZZ"
time="2023-07-10 01:06:25" level=info msg="國家全名: IANA Special-Purpose Address"
time="2023-07-10 01:06:25" level=info msg="取得商品資料[{21 xx  1200 999 testtt  課程 true} {20 gg tttesttt 112 222   testttt true} {16 c  1200 999    false} {15 b  1200 10    true} {14 a  1200 123    false} {7 TRX 123 500 1 堂  課程 true} {6 ck男生內褲 CK內褲 1980 3 1  性感 true} {3 哈達瑜珈 本課程適合首次來上課的人，一開始會先帶學員了解場館以及場館內的各式課程，並了解學員的目標以及目前身體的狀況、組成 (inbody)。在這些流程結束後開始讓學員體驗課程。(上體驗課程前，會先與您聯繫預期想體驗的課程。) 200 2 堂 https://images.unsplash.com/photo-1571019614242-c5c5dee9f50b?ixlib=rb-4.0.3&ixid=M3wxMjA3fDB8MHxwaG90by1wYWdlfHx8fGVufDB8fHx8fA%3D%3D&auto=format&fit=crop&w=2070&q=80 拉基 true} {1 CK內衣組 CK內衣 我的超人 1980 3 1  性感 true}]"
time="2023-07-10 01:06:26" level=info msg="國別碼2碼: XZ"
time="2023-07-10 01:06:26" level=info msg="國別碼3碼: XZZ"
time="2023-07-10 01:06:26" level=info msg="國家全名: IANA Special-Purpose Address"
time="2023-07-10 01:06:26" level=info msg="取得商品資料[{21 xx  1200 999 testtt  課程 true} {20 gg tttesttt 112 222   testttt true} {16 c  1200 999    false} {15 b  1200 10    true} {14 a  1200 123    false} {7 TRX 123 500 1 堂  課程 true} {6 ck男生內褲 CK內褲 1980 3 1  性感 true} {3 哈達瑜珈 本課程適合首次來上課的人，一開始會先帶學員了解場館以及場館內的各式課程，並了解學員的目標以及目前身體的狀況、組成 (inbody)。在這些流程結束後開始讓學員體驗課程。(上體驗課程前，會先與您聯繫預期想體驗的課程。) 200 2 堂 https://images.unsplash.com/photo-1571019614242-c5c5dee9f50b?ixlib=rb-4.0.3&ixid=M3wxMjA3fDB8MHxwaG90by1wYWdlfHx8fGVufDB8fHx8fA%3D%3D&auto=format&fit=crop&w=2070&q=80 拉基 true} {1 CK內衣組 CK內衣 我的超人 1980 3 1  性感 true}]"
time="2023-07-10 01:08:40" level=info msg="國別碼2碼: TW"
time="2023-07-10 01:08:40" level=info msg="國別碼3碼: TWN"
time="2023-07-10 01:08:40" level=info msg="國家全名: Taiwan (Province of China)"
time="2023-07-10 01:08:40" level=info msg="取得商品資料[{21 xx  1200 999 testtt  課程 true} {20 gg tttesttt 112 222   testttt true} {16 c  1200 999    false} {15 b  1200 10    true} {14 a  1200 123    false} {7 TRX 123 500 1 堂  課程 true} {6 ck男生內褲 CK內褲 1980 3 1  性感 true} {3 哈達瑜珈 本課程適合首次來上課的人，一開始會先帶學員了解場館以及場館內的各式課程，並了解學員的目標以及目前身體的狀況、組成 (inbody)。在這些流程結束後開始讓學員體驗課程。(上體驗課程前，會先與您聯繫預期想體驗的課程。) 200 2 堂 https://images.unsplash.com/photo-1571019614242-c5c5dee9f50b?ixlib=rb-4.0.3&ixid=M3wxMjA3fDB8MHxwaG90by1wYWdlfHx8fGVufDB8fHx8fA%3D%3D&auto=format&fit=crop&w=2070&q=80 拉基 true} {1 CK內衣組 CK內衣 我的超人 1980 3 1  性感 true}]"
time="2023-07-10 01:15:56" level=info msg="國別碼2碼: US"
time="2023-07-10 01:15:56" level=info msg="國別碼3碼: USA"
time="2023-07-10 01:15:56" level=info msg="國家全名: United States of America (the)"
time="2023-07-10 01:17:14" level=info msg="國別碼2碼: TW"
time="2023-07-10 01:17:14" level=info msg="國別碼3碼: TWN"
time="2023-07-10 01:17:14" level=info msg="國家全名: Taiwan (Province of China)"
time="2023-07-10 01:17:14" level=info msg="取得商品資料[{21 xx  1200 999 testtt  課程 true} {20 gg tttesttt 112 222   testttt true} {16 c  1200 999    false} {15 b  1200 10    true} {14 a  1200 123    false} {7 TRX 123 500 1 堂  課程 true} {6 ck男生內褲 CK內褲 1980 3 1  性感 true} {3 哈達瑜珈 本課程適合首次來上課的人，一開始會先帶學員了解場館以及場館內的各式課程，並了解學員的目標以及目前身體的狀況、組成 (inbody)。在這些流程結束後開始讓學員體驗課程。(上體驗課程前，會先與您聯繫預期想體驗的課程。) 200 2 堂 https://images.unsplash.com/photo-1571019614242-c5c5dee9f50b?ixlib=rb-4.0.3&ixid=M3wxMjA3fDB8MHxwaG90by1wYWdlfHx8fGVufDB8fHx8fA%3D%3D&auto=format&fit=crop&w=2070&q=80 拉基 true} {1 CK內衣組 CK內衣 我的超人 1980 3 1  性感 true}]"
time="2023-07-10 01:17:26" level=info msg="國別碼2碼: TW"
time="2023-07-10 01:17:26" level=info msg="國別碼3碼: TWN"
time="2023-07-10 01:17:26" level=info msg="國家全名: Taiwan (Province of China)"
time="2023-07-10 01:17:26" level=info msg="取得商品資料[{21 xx  1200 999 testtt  課程 true} {20 gg tttesttt 112 222   testttt true} {16 c  1200 999    false} {15 b  1200 10    true} {14 a  1200 123    false} {7 TRX 123 500 1 堂  課程 true} {6 ck男生內褲 CK內褲 1980 3 1  性感 true} {3 哈達瑜珈 本課程適合首次來上課的人，一開始會先帶學員了解場館以及場館內的各式課程，並了解學員的目標以及目前身體的狀況、組成 (inbody)。在這些流程結束後開始讓學員體驗課程。(上體驗課程前，會先與您聯繫預期想體驗的課程。) 200 2 堂 https://images.unsplash.com/photo-1571019614242-c5c5dee9f50b?ixlib=rb-4.0.3&ixid=M3wxMjA3fDB8MHxwaG90by1wYWdlfHx8fGVufDB8fHx8fA%3D%3D&auto=format&fit=crop&w=2070&q=80 拉基 true} {1 CK內衣組 CK內衣 我的超人 1980 3 1  性感 true}]"
time="2023-07-10 01:17:37" level=info msg="國別碼2碼: TW"
time="2023-07-10 01:17:37" level=info msg="國別碼3碼: TWN"
time="2023-07-10 01:17:37" level=info msg="國家全名: Taiwan (Province of China)"
time="2023-07-10 01:17:37" level=info msg="取得商品資料[{21 xx  1200 999 testtt  課程 true} {20 gg tttesttt 112 222   testttt true} {16 c  1200 999    false} {15 b  1200 10    true} {14 a  1200 123    false} {7 TRX 123 500 1 堂  課程 true} {6 ck男生內褲 CK內褲 1980 3 1  性感 true} {3 哈達瑜珈 本課程適合首次來上課的人，一開始會先帶學員了解場館以及場館內的各式課程，並了解學員的目標以及目前身體的狀況、組成 (inbody)。在這些流程結束後開始讓學員體驗課程。(上體驗課程前，會先與您聯繫預期想體驗的課程。) 200 2 堂 https://images.unsplash.com/photo-1571019614242-c5c5dee9f50b?ixlib=rb-4.0.3&ixid=M3wxMjA3fDB8MHxwaG90by1wYWdlfHx8fGVufDB8fHx8fA%3D%3D&auto=format&fit=crop&w=2070&q=80 拉基 true} {1 CK內衣組 CK內衣 我的超人 1980 3 1  性感 true}]"
time="2023-07-10 01:18:14" level=info msg="國別碼2碼: TW"
time="2023-07-10 01:18:14" level=info msg="國別碼3碼: TWN"
time="2023-07-10 01:18:14" level=info msg="國家全名: Taiwan (Province of China)"
time="2023-07-10 01:18:14" level=info msg="取得商品資料[{21 xx  1200 999 testtt  課程 true} {20 gg tttesttt 112 222   testttt true} {16 c  1200 999    false} {15 b  1200 10    true} {14 a  1200 123    false} {7 TRX 123 500 1 堂  課程 true} {6 ck男生內褲 CK內褲 1980 3 1  性感 true} {3 哈達瑜珈 本課程適合首次來上課的人，一開始會先帶學員了解場館以及場館內的各式課程，並了解學員的目標以及目前身體的狀況、組成 (inbody)。在這些流程結束後開始讓學員體驗課程。(上體驗課程前，會先與您聯繫預期想體驗的課程。) 200 2 堂 https://images.unsplash.com/photo-1571019614242-c5c5dee9f50b?ixlib=rb-4.0.3&ixid=M3wxMjA3fDB8MHxwaG90by1wYWdlfHx8fGVufDB8fHx8fA%3D%3D&auto=format&fit=crop&w=2070&q=80 拉基 true} {1 CK內衣組 CK內衣 我的超人 1980 3 1  性感 true}]"
time="2023-07-10 01:18:51" level=info msg="國別碼2碼: TW"
time="2023-07-10 01:18:51" level=info msg="國別碼3碼: TWN"
time="2023-07-10 01:18:51" level=info msg="國家全名: Taiwan (Province of China)"
time="2023-07-10 01:18:51" level=info msg="取得商品資料[{21 xx  1200 999 testtt  課程 true} {20 gg tttesttt 112 222   testttt true} {16 c  1200 999    false} {15 b  1200 10    true} {14 a  1200 123    false} {7 TRX 123 500 1 堂  課程 true} {6 ck男生內褲 CK內褲 1980 3 1  性感 true} {3 哈達瑜珈 本課程適合首次來上課的人，一開始會先帶學員了解場館以及場館內的各式課程，並了解學員的目標以及目前身體的狀況、組成 (inbody)。在這些流程結束後開始讓學員體驗課程。(上體驗課程前，會先與您聯繫預期想體驗的課程。) 200 2 堂 https://images.unsplash.com/photo-1571019614242-c5c5dee9f50b?ixlib=rb-4.0.3&ixid=M3wxMjA3fDB8MHxwaG90by1wYWdlfHx8fGVufDB8fHx8fA%3D%3D&auto=format&fit=crop&w=2070&q=80 拉基 true} {1 CK內衣組 CK內衣 我的超人 1980 3 1  性感 true}]"
time="2023-07-10 01:24:08" level=info msg="國別碼2碼: TW"
time="2023-07-10 01:24:08" level=info msg="國別碼3碼: TWN"
time="2023-07-10 01:24:08" level=info msg="國家全名: Taiwan (Province of China)"
time="2023-07-10 01:24:08" level=info msg="取得商品資料[{21 xx  1200 999 testtt  課程 true} {20 gg tttesttt 112 222   testttt true} {16 c  1200 999    false} {15 b  1200 10    true} {14 a  1200 123    false} {7 TRX 123 500 1 堂  課程 true} {6 ck男生內褲 CK內褲 1980 3 1  性感 true} {3 哈達瑜珈 本課程適合首次來上課的人，一開始會先帶學員了解場館以及場館內的各式課程，並了解學員的目標以及目前身體的狀況、組成 (inbody)。在這些流程結束後開始讓學員體驗課程。(上體驗課程前，會先與您聯繫預期想體驗的課程。) 200 2 堂 https://images.unsplash.com/photo-1571019614242-c5c5dee9f50b?ixlib=rb-4.0.3&ixid=M3wxMjA3fDB8MHxwaG90by1wYWdlfHx8fGVufDB8fHx8fA%3D%3D&auto=format&fit=crop&w=2070&q=80 拉基 true} {1 CK內衣組 CK內衣 我的超人 1980 3 1  性感 true}]"
time="2023-07-10 01:30:49" level=info msg="國別碼2碼: US"
time="2023-07-10 01:30:49" level=info msg="國別碼3碼: USA"
time="2023-07-10 01:30:49" level=info msg="國家全名: United States of America (the)"
time="2023-07-10 01:37:24" level=info msg="國別碼2碼: TW"
time="2023-07-10 01:37:24" level=info msg="國別碼3碼: TWN"
time="2023-07-10 01:37:24" level=info msg="國家全名: Taiwan (Province of China)"
time="2023-07-10 01:37:24" level=info msg="取得商品資料[{21 xx  1200 999 testtt  課程 true} {20 gg tttesttt 112 222   testttt true} {16 c  1200 999    false} {15 b  1200 10    true} {14 a  1200 123    false} {7 TRX 123 500 1 堂  課程 true} {6 ck男生內褲 CK內褲 1980 3 1  性感 true} {3 哈達瑜珈 本課程適合首次來上課的人，一開始會先帶學員了解場館以及場館內的各式課程，並了解學員的目標以及目前身體的狀況、組成 (inbody)。在這些流程結束後開始讓學員體驗課程。(上體驗課程前，會先與您聯繫預期想體驗的課程。) 200 2 堂 https://images.unsplash.com/photo-1571019614242-c5c5dee9f50b?ixlib=rb-4.0.3&ixid=M3wxMjA3fDB8MHxwaG90by1wYWdlfHx8fGVufDB8fHx8fA%3D%3D&auto=format&fit=crop&w=2070&q=80 拉基 true} {1 CK內衣組 CK內衣 我的超人 1980 3 1  性感 true}]"
time="2023-07-10 01:40:02" level=info msg="國別碼2碼: TW"
time="2023-07-10 01:40:02" level=info msg="國別碼3碼: TWN"
time="2023-07-10 01:40:02" level=info msg="國家全名: Taiwan (Province of China)"
time="2023-07-10 01:40:02" level=info msg="取得商品資料[{21 xx  1200 999 testtt  課程 true} {20 gg tttesttt 112 222   testttt true} {16 c  1200 999    false} {15 b  1200 10    true} {14 a  1200 123    false} {7 TRX 123 500 1 堂  課程 true} {6 ck男生內褲 CK內褲 1980 3 1  性感 true} {3 哈達瑜珈 本課程適合首次來上課的人，一開始會先帶學員了解場館以及場館內的各式課程，並了解學員的目標以及目前身體的狀況、組成 (inbody)。在這些流程結束後開始讓學員體驗課程。(上體驗課程前，會先與您聯繫預期想體驗的課程。) 200 2 堂 https://images.unsplash.com/photo-1571019614242-c5c5dee9f50b?ixlib=rb-4.0.3&ixid=M3wxMjA3fDB8MHxwaG90by1wYWdlfHx8fGVufDB8fHx8fA%3D%3D&auto=format&fit=crop&w=2070&q=80 拉基 true} {1 CK內衣組 CK內衣 我的超人 1980 3 1  性感 true}]"
time="2023-07-10 01:48:33" level=info msg="國別碼2碼: FR"
time="2023-07-10 01:48:33" level=info msg="國別碼3碼: FRA"
time="2023-07-10 01:48:33" level=info msg="國家全名: France"
time="2023-07-10 01:48:35" level=info msg="國別碼2碼: FR"
time="2023-07-10 01:48:35" level=info msg="國別碼3碼: FRA"
time="2023-07-10 01:48:35" level=info msg="國家全名: France"
time="2023-07-10 01:49:06" level=info msg="國別碼2碼: NL"
time="2023-07-10 01:49:06" level=info msg="國別碼3碼: NLD"
time="2023-07-10 01:49:06" level=info msg="國家全名: Netherlands (the)"
time="2023-07-10 02:00:36" level=info msg="國別碼2碼: US"
time="2023-07-10 02:00:36" level=info msg="國別碼3碼: USA"
time="2023-07-10 02:00:36" level=info msg="國家全名: United States of America (the)"
time="2023-07-10 02:04:31" level=info msg="國別碼2碼: US"
time="2023-07-10 02:04:31" level=info msg="國別碼3碼: USA"
time="2023-07-10 02:04:31" level=info msg="國家全名: United States of America (the)"
time="2023-07-10 02:14:16" level=info msg="國別碼2碼: US"
time="2023-07-10 02:14:16" level=info msg="國別碼3碼: USA"
time="2023-07-10 02:14:16" level=info msg="國家全名: United States of America (the)"
time="2023-07-10 02:14:17" level=info msg="國別碼2碼: US"
time="2023-07-10 02:14:17" level=info msg="國別碼3碼: USA"
time="2023-07-10 02:14:17" level=info msg="國家全名: United States of America (the)"
time="2023-07-10 02:14:18" level=info msg="國別碼2碼: US"
time="2023-07-10 02:14:18" level=info msg="國別碼3碼: USA"
time="2023-07-10 02:14:18" level=info msg="國家全名: United States of America (the)"
time="2023-07-10 02:14:19" level=info msg="國別碼2碼: US"
time="2023-07-10 02:14:19" level=info msg="國別碼3碼: USA"
time="2023-07-10 02:14:19" level=info msg="國家全名: United States of America (the)"
time="2023-07-10 02:14:20" level=info msg="國別碼2碼: US"
time="2023-07-10 02:14:20" level=info msg="國別碼3碼: USA"
time="2023-07-10 02:14:20" level=info msg="國家全名: United States of America (the)"
time="2023-07-10 02:15:58" level=info msg="國別碼2碼: US"
time="2023-07-10 02:15:58" level=info msg="國別碼3碼: USA"
time="2023-07-10 02:15:58" level=info msg="國家全名: United States of America (the)"
time="2023-07-10 02:17:24" level=info msg="國別碼2碼: US"
time="2023-07-10 02:17:24" level=info msg="國別碼3碼: USA"
time="2023-07-10 02:17:24" level=info msg="國家全名: United States of America (the)"
time="2023-07-10 02:18:03" level=info msg="國別碼2碼: US"
time="2023-07-10 02:18:03" level=info msg="國別碼3碼: USA"
time="2023-07-10 02:18:03" level=info msg="國家全名: United States of America (the)"
time="2023-07-10 02:20:00" level=info msg="國別碼2碼: NL"
time="2023-07-10 02:20:00" level=info msg="國別碼3碼: NLD"
time="2023-07-10 02:20:00" level=info msg="國家全名: Netherlands (the)"
time="2023-07-10 02:33:28" level=info msg="國別碼2碼: US"
time="2023-07-10 02:33:28" level=info msg="國別碼3碼: USA"
time="2023-07-10 02:33:28" level=info msg="國家全名: United States of America (the)"
time="2023-07-10 02:42:11" level=info msg="國別碼2碼: US"
time="2023-07-10 02:42:11" level=info msg="國別碼3碼: USA"
time="2023-07-10 02:42:11" level=info msg="國家全名: United States of America (the)"
time="2023-07-10 02:46:29" level=info msg="國別碼2碼: FR"
time="2023-07-10 02:46:29" level=info msg="國別碼3碼: FRA"
time="2023-07-10 02:46:29" level=info msg="國家全名: France"
time="2023-07-10 02:46:30" level=info msg="國別碼2碼: FR"
time="2023-07-10 02:46:30" level=info msg="國別碼3碼: FRA"
time="2023-07-10 02:46:30" level=info msg="國家全名: France"
time="2023-07-10 02:56:59" level=info msg="國別碼2碼: US"
time="2023-07-10 02:56:59" level=info msg="國別碼3碼: USA"
time="2023-07-10 02:56:59" level=info msg="國家全名: United States of America (the)"
time="2023-07-10 03:00:06" level=info msg="國別碼2碼: CZ"
time="2023-07-10 03:00:06" level=info msg="國別碼3碼: CZE"
time="2023-07-10 03:00:06" level=info msg="國家全名: Czechia"
time="2023-07-10 03:02:54" level=info msg="國別碼2碼: TW"
time="2023-07-10 03:02:54" level=info msg="國別碼3碼: TWN"
time="2023-07-10 03:02:54" level=info msg="國家全名: Taiwan (Province of China)"
time="2023-07-10 03:02:54" level=info msg="取得商品資料[{21 xx  1200 999 testtt  課程 true} {20 gg tttesttt 112 222   testttt true} {16 c  1200 999    false} {15 b  1200 10    true} {14 a  1200 123    false} {7 TRX 123 500 1 堂  課程 true} {6 ck男生內褲 CK內褲 1980 3 1  性感 true} {3 哈達瑜珈 本課程適合首次來上課的人，一開始會先帶學員了解場館以及場館內的各式課程，並了解學員的目標以及目前身體的狀況、組成 (inbody)。在這些流程結束後開始讓學員體驗課程。(上體驗課程前，會先與您聯繫預期想體驗的課程。) 200 2 堂 https://images.unsplash.com/photo-1571019614242-c5c5dee9f50b?ixlib=rb-4.0.3&ixid=M3wxMjA3fDB8MHxwaG90by1wYWdlfHx8fGVufDB8fHx8fA%3D%3D&auto=format&fit=crop&w=2070&q=80 拉基 true} {1 CK內衣組 CK內衣 我的超人 1980 3 1  性感 true}]"
time="2023-07-10 03:16:54" level=info msg="國別碼2碼: CN"
time="2023-07-10 03:16:54" level=info msg="國別碼3碼: CHN"
time="2023-07-10 03:16:54" level=info msg="國家全名: China"
time="2023-07-10 03:16:55" level=info msg="國別碼2碼: CN"
time="2023-07-10 03:16:55" level=info msg="國別碼3碼: CHN"
time="2023-07-10 03:16:55" level=info msg="國家全名: China"
time="2023-07-10 03:20:13" level=info msg="國別碼2碼: TW"
time="2023-07-10 03:20:13" level=info msg="國別碼3碼: TWN"
time="2023-07-10 03:20:13" level=info msg="國家全名: Taiwan (Province of China)"
time="2023-07-10 03:20:13" level=info msg="取得商品資料[{21 xx  1200 999 testtt  課程 true} {20 gg tttesttt 112 222   testttt true} {16 c  1200 999    false} {15 b  1200 10    true} {14 a  1200 123    false} {7 TRX 123 500 1 堂  課程 true} {6 ck男生內褲 CK內褲 1980 3 1  性感 true} {3 哈達瑜珈 本課程適合首次來上課的人，一開始會先帶學員了解場館以及場館內的各式課程，並了解學員的目標以及目前身體的狀況、組成 (inbody)。在這些流程結束後開始讓學員體驗課程。(上體驗課程前，會先與您聯繫預期想體驗的課程。) 200 2 堂 https://images.unsplash.com/photo-1571019614242-c5c5dee9f50b?ixlib=rb-4.0.3&ixid=M3wxMjA3fDB8MHxwaG90by1wYWdlfHx8fGVufDB8fHx8fA%3D%3D&auto=format&fit=crop&w=2070&q=80 拉基 true} {1 CK內衣組 CK內衣 我的超人 1980 3 1  性感 true}]"
time="2023-07-10 03:20:36" level=info msg="國別碼2碼: TW"
time="2023-07-10 03:20:36" level=info msg="國別碼3碼: TWN"
time="2023-07-10 03:20:36" level=info msg="國家全名: Taiwan (Province of China)"
time="2023-07-10 03:20:36" level=info msg="國別碼2碼: TW"
time="2023-07-10 03:20:36" level=info msg="國別碼3碼: TWN"
time="2023-07-10 03:20:36" level=info msg="國家全名: Taiwan (Province of China)"
time="2023-07-10 03:20:36" level=info msg="刪掉商品資料:21"
time="2023-07-10 03:20:37" level=info msg="國別碼2碼: TW"
time="2023-07-10 03:20:37" level=info msg="國別碼3碼: TWN"
time="2023-07-10 03:20:37" level=info msg="國家全名: Taiwan (Province of China)"
time="2023-07-10 03:20:37" level=info msg="取得商品資料[{20 gg tttesttt 112 222   testttt true} {16 c  1200 999    false} {15 b  1200 10    true} {14 a  1200 123    false} {7 TRX 123 500 1 堂  課程 true} {6 ck男生內褲 CK內褲 1980 3 1  性感 true} {3 哈達瑜珈 本課程適合首次來上課的人，一開始會先帶學員了解場館以及場館內的各式課程，並了解學員的目標以及目前身體的狀況、組成 (inbody)。在這些流程結束後開始讓學員體驗課程。(上體驗課程前，會先與您聯繫預期想體驗的課程。) 200 2 堂 https://images.unsplash.com/photo-1571019614242-c5c5dee9f50b?ixlib=rb-4.0.3&ixid=M3wxMjA3fDB8MHxwaG90by1wYWdlfHx8fGVufDB8fHx8fA%3D%3D&auto=format&fit=crop&w=2070&q=80 拉基 true} {1 CK內衣組 CK內衣 我的超人 1980 3 1  性感 true}]"
time="2023-07-10 03:28:23" level=info msg="國別碼2碼: US"
time="2023-07-10 03:28:23" level=info msg="國別碼3碼: USA"
time="2023-07-10 03:28:23" level=info msg="國家全名: United States of America (the)"
time="2023-07-10 04:11:48" level=info msg="國別碼2碼: RU"
time="2023-07-10 04:11:48" level=info msg="國別碼3碼: RUS"
time="2023-07-10 04:11:48" level=info msg="國家全名: Russian Federation (the)"
time="2023-07-10 04:16:31" level=info msg="國別碼2碼: FR"
time="2023-07-10 04:16:31" level=info msg="國別碼3碼: FRA"
time="2023-07-10 04:16:31" level=info msg="國家全名: France"
time="2023-07-10 04:16:32" level=info msg="國別碼2碼: FR"
time="2023-07-10 04:16:32" level=info msg="國別碼3碼: FRA"
time="2023-07-10 04:16:32" level=info msg="國家全名: France"
time="2023-07-10 04:20:50" level=info msg="國別碼2碼: HK"
time="2023-07-10 04:20:50" level=info msg="國別碼3碼: HKG"
time="2023-07-10 04:20:50" level=info msg="國家全名: Hong Kong"
time="2023-07-10 04:29:34" level=info msg="國別碼2碼: FR"
time="2023-07-10 04:29:34" level=info msg="國別碼3碼: FRA"
time="2023-07-10 04:29:34" level=info msg="國家全名: France"
time="2023-07-10 04:29:35" level=info msg="國別碼2碼: FR"
time="2023-07-10 04:29:35" level=info msg="國別碼3碼: FRA"
time="2023-07-10 04:29:35" level=info msg="國家全名: France"
time="2023-07-10 04:39:58" level=info msg="國別碼2碼: SG"
time="2023-07-10 04:39:58" level=info msg="國別碼3碼: SGP"
time="2023-07-10 04:39:58" level=info msg="國家全名: Singapore"
time="2023-07-10 04:40:00" level=info msg="國別碼2碼: SG"
time="2023-07-10 04:40:00" level=info msg="國別碼3碼: SGP"
time="2023-07-10 04:40:00" level=info msg="國家全名: Singapore"
time="2023-07-10 04:40:01" level=info msg="國別碼2碼: SG"
time="2023-07-10 04:40:01" level=info msg="國別碼3碼: SGP"
time="2023-07-10 04:40:01" level=info msg="國家全名: Singapore"
time="2023-07-10 04:40:02" level=info msg="國別碼2碼: SG"
time="2023-07-10 04:40:02" level=info msg="國別碼3碼: SGP"
time="2023-07-10 04:40:02" level=info msg="國家全名: Singapore"
time="2023-07-10 04:40:02" level=info msg="國別碼2碼: SG"
time="2023-07-10 04:40:02" level=info msg="國別碼3碼: SGP"
time="2023-07-10 04:40:02" level=info msg="國家全名: Singapore"
time="2023-07-10 04:49:47" level=info msg="國別碼2碼: BG"
time="2023-07-10 04:49:47" level=info msg="國別碼3碼: BGR"
time="2023-07-10 04:49:47" level=info msg="國家全名: Bulgaria"
time="2023-07-10 05:17:55" level=info msg="國別碼2碼: IN"
time="2023-07-10 05:17:55" level=info msg="國別碼2碼: IN"
time="2023-07-10 05:17:55" level=info msg="國別碼3碼: IND"
time="2023-07-10 05:17:55" level=info msg="國別碼3碼: IND"
time="2023-07-10 05:17:55" level=info msg="國家全名: India"
time="2023-07-10 05:17:55" level=info msg="國家全名: India"
time="2023-07-10 05:47:03" level=info msg="國別碼2碼: CH"
time="2023-07-10 05:47:03" level=info msg="國別碼3碼: CHE"
time="2023-07-10 05:47:03" level=info msg="國家全名: Switzerland"
time="2023-07-10 06:09:26" level=info msg="國別碼2碼: CN"
time="2023-07-10 06:09:26" level=info msg="國別碼3碼: CHN"
time="2023-07-10 06:09:26" level=info msg="國家全名: China"
time="2023-07-10 06:09:27" level=info msg="國別碼2碼: CN"
time="2023-07-10 06:09:27" level=info msg="國別碼3碼: CHN"
time="2023-07-10 06:09:27" level=info msg="國家全名: China"
time="2023-07-10 06:17:53" level=info msg="國別碼2碼: US"
time="2023-07-10 06:17:53" level=info msg="國別碼3碼: USA"
time="2023-07-10 06:17:53" level=info msg="國家全名: United States of America (the)"
time="2023-07-10 06:25:00" level=info msg="國別碼2碼: XZ"
time="2023-07-10 06:25:00" level=info msg="國別碼3碼: XZZ"
time="2023-07-10 06:25:00" level=info msg="國家全名: IANA Special-Purpose Address"
time="2023-07-10 06:25:00" level=info msg="取得商品資料[{20 gg tttesttt 112 222   testttt true} {16 c  1200 999    false} {15 b  1200 10    true} {14 a  1200 123    false} {7 TRX 123 500 1 堂  課程 true} {6 ck男生內褲 CK內褲 1980 3 1  性感 true} {3 哈達瑜珈 本課程適合首次來上課的人，一開始會先帶學員了解場館以及場館內的各式課程，並了解學員的目標以及目前身體的狀況、組成 (inbody)。在這些流程結束後開始讓學員體驗課程。(上體驗課程前，會先與您聯繫預期想體驗的課程。) 200 2 堂 https://images.unsplash.com/photo-1571019614242-c5c5dee9f50b?ixlib=rb-4.0.3&ixid=M3wxMjA3fDB8MHxwaG90by1wYWdlfHx8fGVufDB8fHx8fA%3D%3D&auto=format&fit=crop&w=2070&q=80 拉基 true} {1 CK內衣組 CK內衣 我的超人 1980 3 1  性感 true}]"
time="2023-07-10 06:31:30" level=info msg="國別碼2碼: FR"
time="2023-07-10 06:31:30" level=info msg="國別碼3碼: FRA"
time="2023-07-10 06:31:30" level=info msg="國家全名: France"
time="2023-07-10 06:31:31" level=info msg="國別碼2碼: FR"
time="2023-07-10 06:31:31" level=info msg="國別碼3碼: FRA"
time="2023-07-10 06:31:31" level=info msg="國家全名: France"
time="2023-07-10 06:49:51" level=info msg="國別碼2碼: FR"
time="2023-07-10 06:49:51" level=info msg="國別碼3碼: FRA"
time="2023-07-10 06:49:51" level=info msg="國家全名: France"
time="2023-07-10 06:49:52" level=info msg="國別碼2碼: FR"
time="2023-07-10 06:49:52" level=info msg="國別碼3碼: FRA"
time="2023-07-10 06:49:52" level=info msg="國家全名: France"
time="2023-07-10 07:05:01" level=info msg="國別碼2碼: CN"
time="2023-07-10 07:05:01" level=info msg="國別碼3碼: CHN"
time="2023-07-10 07:05:01" level=info msg="國家全名: China"
time="2023-07-10 07:11:18" level=info msg="國別碼2碼: US"
time="2023-07-10 07:11:18" level=info msg="國別碼3碼: USA"
time="2023-07-10 07:11:18" level=info msg="國家全名: United States of America (the)"
time="2023-07-10 07:11:21" level=info msg="國別碼2碼: US"
time="2023-07-10 07:11:21" level=info msg="國別碼3碼: USA"
time="2023-07-10 07:11:21" level=info msg="國家全名: United States of America (the)"
time="2023-07-10 07:11:28" level=info msg="國別碼2碼: US"
time="2023-07-10 07:11:28" level=info msg="國別碼3碼: USA"
time="2023-07-10 07:11:28" level=info msg="國家全名: United States of America (the)"
time="2023-07-10 07:11:44" level=info msg="國別碼2碼: US"
time="2023-07-10 07:11:44" level=info msg="國別碼3碼: USA"
time="2023-07-10 07:11:44" level=info msg="國家全名: United States of America (the)"
time="2023-07-10 07:38:00" level=info msg="國別碼2碼: US"
time="2023-07-10 07:38:00" level=info msg="國別碼3碼: USA"
time="2023-07-10 07:38:00" level=info msg="國家全名: United States of America (the)"
time="2023-07-10 07:43:02" level=info msg="國別碼2碼: US"
time="2023-07-10 07:43:02" level=info msg="國別碼3碼: USA"
time="2023-07-10 07:43:02" level=info msg="國家全名: United States of America (the)"
time="2023-07-10 07:43:17" level=info msg="國別碼2碼: US"
time="2023-07-10 07:43:17" level=info msg="國別碼3碼: USA"
time="2023-07-10 07:43:17" level=info msg="國家全名: United States of America (the)"
time="2023-07-10 07:43:21" level=info msg="國別碼2碼: US"
time="2023-07-10 07:43:21" level=info msg="國別碼3碼: USA"
time="2023-07-10 07:43:21" level=info msg="國家全名: United States of America (the)"
time="2023-07-10 07:43:22" level=info msg="國別碼2碼: US"
time="2023-07-10 07:43:22" level=info msg="國別碼3碼: USA"
time="2023-07-10 07:43:22" level=info msg="國家全名: United States of America (the)"
time="2023-07-10 08:06:05" level=info msg="國別碼2碼: FR"
time="2023-07-10 08:06:05" level=info msg="國別碼3碼: FRA"
time="2023-07-10 08:06:05" level=info msg="國家全名: France"
time="2023-07-10 08:06:06" level=info msg="國別碼2碼: FR"
time="2023-07-10 08:06:06" level=info msg="國別碼3碼: FRA"
time="2023-07-10 08:06:06" level=info msg="國家全名: France"
time="2023-07-10 08:24:36" level=info msg="國別碼2碼: US"
time="2023-07-10 08:24:36" level=info msg="國別碼3碼: USA"
time="2023-07-10 08:24:36" level=info msg="國家全名: United States of America (the)"
time="2023-07-10 08:29:25" level=info msg="國別碼2碼: FR"
time="2023-07-10 08:29:25" level=info msg="國別碼3碼: FRA"
time="2023-07-10 08:29:25" level=info msg="國家全名: France"
time="2023-07-10 08:29:26" level=info msg="國別碼2碼: FR"
time="2023-07-10 08:29:26" level=info msg="國別碼3碼: FRA"
time="2023-07-10 08:29:26" level=info msg="國家全名: France"
time="2023-07-10 09:39:11" level=info msg="國別碼2碼: FR"
time="2023-07-10 09:39:11" level=info msg="國別碼3碼: FRA"
time="2023-07-10 09:39:11" level=info msg="國家全名: France"
time="2023-07-10 09:39:13" level=info msg="國別碼2碼: FR"
time="2023-07-10 09:39:13" level=info msg="國別碼3碼: FRA"
time="2023-07-10 09:39:13" level=info msg="國家全名: France"
time="2023-07-10 09:46:47" level=info msg="國別碼2碼: NL"
time="2023-07-10 09:46:47" level=info msg="國別碼3碼: NLD"
time="2023-07-10 09:46:47" level=info msg="國家全名: Netherlands (the)"
time="2023-07-10 09:51:55" level=info msg="國別碼2碼: FR"
time="2023-07-10 09:51:55" level=info msg="國別碼3碼: FRA"
time="2023-07-10 09:51:55" level=info msg="國家全名: France"
time="2023-07-10 09:57:39" level=info msg="國別碼2碼: NL"
time="2023-07-10 09:57:39" level=info msg="國別碼3碼: NLD"
time="2023-07-10 09:57:39" level=info msg="國家全名: Netherlands (the)"
time="2023-07-10 10:09:38" level=info msg="國別碼2碼: FI"
time="2023-07-10 10:09:38" level=info msg="國別碼3碼: FIN"
time="2023-07-10 10:09:38" level=info msg="國家全名: Finland"
time="2023-07-10 10:35:30" level=info msg="國別碼2碼: FR"
time="2023-07-10 10:35:30" level=info msg="國別碼3碼: FRA"
time="2023-07-10 10:35:30" level=info msg="國家全名: France"
time="2023-07-10 10:40:21" level=info msg="國別碼2碼: US"
time="2023-07-10 10:40:21" level=info msg="國別碼3碼: USA"
time="2023-07-10 10:40:21" level=info msg="國家全名: United States of America (the)"
time="2023-07-10 10:46:18" level=info msg="國別碼2碼: US"
time="2023-07-10 10:46:18" level=info msg="國別碼3碼: USA"
time="2023-07-10 10:46:18" level=info msg="國家全名: United States of America (the)"
time="2023-07-10 10:55:37" level=info msg="國別碼2碼: FR"
time="2023-07-10 10:55:37" level=info msg="國別碼3碼: FRA"
time="2023-07-10 10:55:37" level=info msg="國家全名: France"
time="2023-07-10 11:10:26" level=info msg="國別碼2碼: FR"
time="2023-07-10 11:10:26" level=info msg="國別碼3碼: FRA"
time="2023-07-10 11:10:26" level=info msg="國家全名: France"
time="2023-07-10 11:10:27" level=info msg="國別碼2碼: FR"
time="2023-07-10 11:10:27" level=info msg="國別碼3碼: FRA"
time="2023-07-10 11:10:27" level=info msg="國家全名: France"
time="2023-07-10 11:23:12" level=info msg="國別碼2碼: US"
time="2023-07-10 11:23:12" level=info msg="國別碼3碼: USA"
time="2023-07-10 11:23:12" level=info msg="國家全名: United States of America (the)"
time="2023-07-10 11:27:25" level=info msg="國別碼2碼: FR"
time="2023-07-10 11:27:25" level=info msg="國別碼3碼: FRA"
time="2023-07-10 11:27:25" level=info msg="國家全名: France"
time="2023-07-10 11:52:16" level=info msg="國別碼2碼: JP"
time="2023-07-10 11:52:16" level=info msg="國別碼3碼: JPN"
time="2023-07-10 11:52:16" level=info msg="國家全名: Japan"
time="2023-07-10 11:56:29" level=info msg="國別碼2碼: FR"
time="2023-07-10 11:56:29" level=info msg="國別碼3碼: FRA"
time="2023-07-10 11:56:29" level=info msg="國家全名: France"
time="2023-07-10 11:56:30" level=info msg="國別碼2碼: FR"
time="2023-07-10 11:56:30" level=info msg="國別碼3碼: FRA"
time="2023-07-10 11:56:30" level=info msg="國家全名: France"
time="2023-07-10 12:06:46" level=info msg="國別碼2碼: FR"
time="2023-07-10 12:06:46" level=info msg="國別碼3碼: FRA"
time="2023-07-10 12:06:46" level=info msg="國家全名: France"
time="2023-07-10 12:17:22" level=info msg="國別碼2碼: HK"
time="2023-07-10 12:17:22" level=info msg="國別碼3碼: HKG"
time="2023-07-10 12:17:22" level=info msg="國家全名: Hong Kong"
time="2023-07-10 12:30:08" level=info msg="國別碼2碼: US"
time="2023-07-10 12:30:08" level=info msg="國別碼3碼: USA"
time="2023-07-10 12:30:08" level=info msg="國家全名: United States of America (the)"
time="2023-07-10 12:30:09" level=info msg="國別碼2碼: US"
time="2023-07-10 12:30:09" level=info msg="國別碼3碼: USA"
time="2023-07-10 12:30:09" level=info msg="國家全名: United States of America (the)"
time="2023-07-10 12:45:58" level=info msg="國別碼2碼: CN"
time="2023-07-10 12:45:58" level=info msg="國別碼3碼: CHN"
time="2023-07-10 12:45:58" level=info msg="國家全名: China"
time="2023-07-10 12:49:41" level=info msg="國別碼2碼: NL"
time="2023-07-10 12:49:41" level=info msg="國別碼3碼: NLD"
time="2023-07-10 12:49:41" level=info msg="國家全名: Netherlands (the)"
time="2023-07-10 12:51:01" level=info msg="國別碼2碼: US"
time="2023-07-10 12:51:01" level=info msg="國別碼3碼: USA"
time="2023-07-10 12:51:01" level=info msg="國家全名: United States of America (the)"
time="2023-07-10 12:51:03" level=info msg="國別碼2碼: US"
time="2023-07-10 12:51:03" level=info msg="國別碼3碼: USA"
time="2023-07-10 12:51:03" level=info msg="國家全名: United States of America (the)"
time="2023-07-10 12:56:10" level=info msg="國別碼2碼: US"
time="2023-07-10 12:56:10" level=info msg="國別碼3碼: USA"
time="2023-07-10 12:56:10" level=info msg="國家全名: United States of America (the)"
time="2023-07-10 12:56:12" level=info msg="國別碼2碼: US"
time="2023-07-10 12:56:12" level=info msg="國別碼3碼: USA"
time="2023-07-10 12:56:12" level=info msg="國家全名: United States of America (the)"
time="2023-07-10 12:57:58" level=info msg="國別碼2碼: US"
time="2023-07-10 12:57:58" level=info msg="國別碼3碼: USA"
time="2023-07-10 12:57:58" level=info msg="國家全名: United States of America (the)"
time="2023-07-10 12:58:00" level=info msg="國別碼2碼: US"
time="2023-07-10 12:58:00" level=info msg="國別碼3碼: USA"
time="2023-07-10 12:58:00" level=info msg="國家全名: United States of America (the)"
time="2023-07-10 13:17:02" level=info msg="國別碼2碼: FR"
time="2023-07-10 13:17:02" level=info msg="國別碼3碼: FRA"
time="2023-07-10 13:17:02" level=info msg="國家全名: France"
time="2023-07-10 13:17:03" level=info msg="國別碼2碼: FR"
time="2023-07-10 13:17:03" level=info msg="國別碼3碼: FRA"
time="2023-07-10 13:17:03" level=info msg="國家全名: France"
time="2023-07-10 13:21:56" level=info msg="國別碼2碼: FR"
time="2023-07-10 13:21:56" level=info msg="國別碼3碼: FRA"
time="2023-07-10 13:21:56" level=info msg="國家全名: France"
time="2023-07-10 13:24:00" level=info msg="國別碼2碼: HK"
time="2023-07-10 13:24:00" level=info msg="國別碼3碼: HKG"
time="2023-07-10 13:24:00" level=info msg="國家全名: Hong Kong"
time="2023-07-10 13:58:19" level=info msg="國別碼2碼: FR"
time="2023-07-10 13:58:19" level=info msg="國別碼3碼: FRA"
time="2023-07-10 13:58:19" level=info msg="國家全名: France"
time="2023-07-10 13:58:56" level=info msg="國別碼2碼: FR"
time="2023-07-10 13:58:56" level=info msg="國別碼3碼: FRA"
time="2023-07-10 13:58:56" level=info msg="國家全名: France"
time="2023-07-10 13:58:57" level=info msg="國別碼2碼: FR"
time="2023-07-10 13:58:57" level=info msg="國別碼3碼: FRA"
time="2023-07-10 13:58:57" level=info msg="國家全名: France"
time="2023-07-10 14:17:41" level=info msg="國別碼2碼: BE"
time="2023-07-10 14:17:41" level=info msg="國別碼3碼: BEL"
time="2023-07-10 14:17:41" level=info msg="國家全名: Belgium"
time="2023-07-10 14:18:04" level=info msg="國別碼2碼: BG"
time="2023-07-10 14:18:04" level=info msg="國別碼3碼: BGR"
time="2023-07-10 14:18:04" level=info msg="國家全名: Bulgaria"
time="2023-07-10 14:18:05" level=info msg="國別碼2碼: BG"
time="2023-07-10 14:18:05" level=info msg="國別碼3碼: BGR"
time="2023-07-10 14:18:05" level=info msg="國家全名: Bulgaria"
time="2023-07-10 14:33:08" level=info msg="國別碼2碼: FR"
time="2023-07-10 14:33:08" level=info msg="國別碼3碼: FRA"
time="2023-07-10 14:33:08" level=info msg="國家全名: France"
time="2023-07-10 14:39:16" level=info msg="國別碼2碼: FR"
time="2023-07-10 14:39:16" level=info msg="國別碼3碼: FRA"
time="2023-07-10 14:39:16" level=info msg="國家全名: France"
time="2023-07-10 14:39:17" level=info msg="國別碼2碼: FR"
time="2023-07-10 14:39:17" level=info msg="國別碼3碼: FRA"
time="2023-07-10 14:39:17" level=info msg="國家全名: France"
time="2023-07-10 14:53:13" level=info msg="國別碼2碼: PT"
time="2023-07-10 14:53:13" level=info msg="國別碼3碼: PRT"
time="2023-07-10 14:53:13" level=info msg="國家全名: Portugal"
time="2023-07-10 15:04:58" level=info msg="國別碼2碼: FR"
time="2023-07-10 15:04:58" level=info msg="國別碼3碼: FRA"
time="2023-07-10 15:04:58" level=info msg="國家全名: France"
time="2023-07-10 15:37:50" level=info msg="國別碼2碼: HK"
time="2023-07-10 15:37:50" level=info msg="國別碼3碼: HKG"
time="2023-07-10 15:37:50" level=info msg="國家全名: Hong Kong"
time="2023-07-10 15:58:22" level=info msg="國別碼2碼: FR"
time="2023-07-10 15:58:22" level=info msg="國別碼3碼: FRA"
time="2023-07-10 15:58:22" level=info msg="國家全名: France"
time="2023-07-10 15:58:24" level=info msg="國別碼2碼: FR"
time="2023-07-10 15:58:24" level=info msg="國別碼3碼: FRA"
time="2023-07-10 15:58:24" level=info msg="國家全名: France"
time="2023-07-10 16:01:13" level=info msg="國別碼2碼: FR"
time="2023-07-10 16:01:13" level=info msg="國別碼3碼: FRA"
time="2023-07-10 16:01:13" level=info msg="國家全名: France"
time="2023-07-10 16:01:17" level=info msg="國別碼2碼: HK"
time="2023-07-10 16:01:17" level=info msg="國別碼3碼: HKG"
time="2023-07-10 16:01:17" level=info msg="國家全名: Hong Kong"
time="2023-07-10 16:39:54" level=info msg="國別碼2碼: US"
time="2023-07-10 16:39:54" level=info msg="國別碼3碼: USA"
time="2023-07-10 16:39:54" level=info msg="國家全名: United States of America (the)"
time="2023-07-10 16:43:30" level=info msg="國別碼2碼: RU"
time="2023-07-10 16:43:30" level=info msg="國別碼3碼: RUS"
time="2023-07-10 16:43:30" level=info msg="國家全名: Russian Federation (the)"
time="2023-07-10 16:46:07" level=info msg="國別碼2碼: FR"
time="2023-07-10 16:46:07" level=info msg="國別碼3碼: FRA"
time="2023-07-10 16:46:07" level=info msg="國家全名: France"
time="2023-07-10 16:47:38" level=info msg="國別碼2碼: FR"
time="2023-07-10 16:47:38" level=info msg="國別碼3碼: FRA"
time="2023-07-10 16:47:38" level=info msg="國家全名: France"
time="2023-07-10 16:51:31" level=info msg="國別碼2碼: FR"
time="2023-07-10 16:51:31" level=info msg="國別碼3碼: FRA"
time="2023-07-10 16:51:31" level=info msg="國家全名: France"
time="2023-07-10 16:51:32" level=info msg="國別碼2碼: FR"
time="2023-07-10 16:51:32" level=info msg="國別碼3碼: FRA"
time="2023-07-10 16:51:32" level=info msg="國家全名: France"
time="2023-07-10 16:52:19" level=info msg="國別碼2碼: RU"
time="2023-07-10 16:52:19" level=info msg="國別碼3碼: RUS"
time="2023-07-10 16:52:19" level=info msg="國家全名: Russian Federation (the)"
time="2023-07-10 17:01:14" level=info msg="國別碼2碼: US"
time="2023-07-10 17:01:14" level=info msg="國別碼3碼: USA"
time="2023-07-10 17:01:14" level=info msg="國家全名: United States of America (the)"
time="2023-07-10 17:23:24" level=info msg="國別碼2碼: US"
time="2023-07-10 17:23:24" level=info msg="國別碼3碼: USA"
time="2023-07-10 17:23:24" level=info msg="國家全名: United States of America (the)"
time="2023-07-10 17:29:13" level=info msg="國別碼2碼: UA"
time="2023-07-10 17:29:13" level=info msg="國別碼3碼: UKR"
time="2023-07-10 17:29:13" level=info msg="國家全名: Ukraine"
time="2023-07-10 17:56:26" level=info msg="國別碼2碼: US"
time="2023-07-10 17:56:26" level=info msg="國別碼3碼: USA"
time="2023-07-10 17:56:26" level=info msg="國家全名: United States of America (the)"
time="2023-07-10 17:56:50" level=info msg="國別碼2碼: FR"
time="2023-07-10 17:56:50" level=info msg="國別碼3碼: FRA"
time="2023-07-10 17:56:50" level=info msg="國家全名: France"
time="2023-07-10 17:59:24" level=info msg="國別碼2碼: FR"
time="2023-07-10 17:59:24" level=info msg="國別碼3碼: FRA"
time="2023-07-10 17:59:24" level=info msg="國家全名: France"
time="2023-07-10 17:59:26" level=info msg="國別碼2碼: FR"
time="2023-07-10 17:59:26" level=info msg="國別碼3碼: FRA"
time="2023-07-10 17:59:26" level=info msg="國家全名: France"
time="2023-07-10 18:04:45" level=info msg="國別碼2碼: JP"
time="2023-07-10 18:04:45" level=info msg="國別碼3碼: JPN"
time="2023-07-10 18:04:45" level=info msg="國家全名: Japan"
time="2023-07-10 18:20:47" level=info msg="國別碼2碼: FR"
time="2023-07-10 18:20:47" level=info msg="國別碼3碼: FRA"
time="2023-07-10 18:20:47" level=info msg="國家全名: France"
time="2023-07-10 18:20:48" level=info msg="國別碼2碼: FR"
time="2023-07-10 18:20:48" level=info msg="國別碼3碼: FRA"
time="2023-07-10 18:20:48" level=info msg="國家全名: France"
time="2023-07-10 18:22:54" level=info msg="國別碼2碼: FR"
time="2023-07-10 18:22:54" level=info msg="國別碼3碼: FRA"
time="2023-07-10 18:22:54" level=info msg="國家全名: France"
time="2023-07-10 18:23:33" level=info msg="國別碼2碼: VN"
time="2023-07-10 18:23:33" level=info msg="國別碼3碼: VNM"
time="2023-07-10 18:23:33" level=info msg="國家全名: Viet Nam"
time="2023-07-10 18:54:21" level=info msg="國別碼2碼: US"
time="2023-07-10 18:54:21" level=info msg="國別碼3碼: USA"
time="2023-07-10 18:54:21" level=info msg="國家全名: United States of America (the)"
time="2023-07-10 18:57:46" level=info msg="國別碼2碼: DE"
time="2023-07-10 18:57:46" level=info msg="國別碼3碼: DEU"
time="2023-07-10 18:57:46" level=info msg="國家全名: Germany"
time="2023-07-10 18:57:48" level=info msg="國別碼2碼: DE"
time="2023-07-10 18:57:48" level=info msg="國別碼3碼: DEU"
time="2023-07-10 18:57:48" level=info msg="國家全名: Germany"
time="2023-07-10 19:40:54" level=info msg="國別碼2碼: FR"
time="2023-07-10 19:40:54" level=info msg="國別碼3碼: FRA"
time="2023-07-10 19:40:54" level=info msg="國家全名: France"
time="2023-07-10 19:40:55" level=info msg="國別碼2碼: FR"
time="2023-07-10 19:40:55" level=info msg="國別碼3碼: FRA"
time="2023-07-10 19:40:55" level=info msg="國家全名: France"
time="2023-07-10 20:20:47" level=info msg="國別碼2碼: GB"
time="2023-07-10 20:20:47" level=info msg="國別碼3碼: GBR"
time="2023-07-10 20:20:47" level=info msg="國家全名: United Kingdom of Great Britain and Northern Ireland (the)"
time="2023-07-10 20:28:50" level=info msg="國別碼2碼: FR"
time="2023-07-10 20:28:50" level=info msg="國別碼3碼: FRA"
time="2023-07-10 20:28:50" level=info msg="國家全名: France"
time="2023-07-10 20:28:51" level=info msg="國別碼2碼: FR"
time="2023-07-10 20:28:51" level=info msg="國別碼3碼: FRA"
time="2023-07-10 20:28:51" level=info msg="國家全名: France"
time="2023-07-10 20:50:08" level=info msg="國別碼2碼: FR"
time="2023-07-10 20:50:08" level=info msg="國別碼3碼: FRA"
time="2023-07-10 20:50:08" level=info msg="國家全名: France"
time="2023-07-10 20:50:09" level=info msg="國別碼2碼: FR"
time="2023-07-10 20:50:09" level=info msg="國別碼3碼: FRA"
time="2023-07-10 20:50:09" level=info msg="國家全名: France"
time="2023-07-10 21:00:21" level=info msg="國別碼2碼: US"
time="2023-07-10 21:00:21" level=info msg="國別碼3碼: USA"
time="2023-07-10 21:00:21" level=info msg="國家全名: United States of America (the)"
time="2023-07-10 21:06:25" level=info msg="國別碼2碼: CN"
time="2023-07-10 21:06:25" level=info msg="國別碼3碼: CHN"
time="2023-07-10 21:06:25" level=info msg="國家全名: China"
time="2023-07-10 21:26:27" level=info msg="國別碼2碼: US"
time="2023-07-10 21:26:27" level=info msg="國別碼3碼: USA"
time="2023-07-10 21:26:27" level=info msg="國家全名: United States of America (the)"
time="2023-07-10 21:27:06" level=info msg="國別碼2碼: HK"
time="2023-07-10 21:27:06" level=info msg="國別碼3碼: HKG"
time="2023-07-10 21:27:06" level=info msg="國家全名: Hong Kong"
time="2023-07-10 21:27:24" level=info msg="國別碼2碼: HK"
time="2023-07-10 21:27:24" level=info msg="國別碼3碼: HKG"
time="2023-07-10 21:27:24" level=info msg="國家全名: Hong Kong"
time="2023-07-10 21:27:25" level=info msg="國別碼2碼: HK"
time="2023-07-10 21:27:25" level=info msg="國別碼3碼: HKG"
time="2023-07-10 21:27:25" level=info msg="國家全名: Hong Kong"
time="2023-07-10 21:32:35" level=info msg="國別碼2碼: FR"
time="2023-07-10 21:32:35" level=info msg="國別碼3碼: FRA"
time="2023-07-10 21:32:35" level=info msg="國家全名: France"
time="2023-07-10 21:32:36" level=info msg="國別碼2碼: FR"
time="2023-07-10 21:32:36" level=info msg="國別碼3碼: FRA"
time="2023-07-10 21:32:36" level=info msg="國家全名: France"
time="2023-07-10 21:49:18" level=info msg="國別碼2碼: DE"
time="2023-07-10 21:49:18" level=info msg="國別碼3碼: DEU"
time="2023-07-10 21:49:18" level=info msg="國家全名: Germany"
time="2023-07-10 21:49:22" level=info msg="國別碼2碼: DE"
time="2023-07-10 21:49:22" level=info msg="國別碼3碼: DEU"
time="2023-07-10 21:49:22" level=info msg="國家全名: Germany"
time="2023-07-10 22:14:15" level=info msg="國別碼2碼: US"
time="2023-07-10 22:14:15" level=info msg="國別碼3碼: USA"
time="2023-07-10 22:14:15" level=info msg="國家全名: United States of America (the)"
time="2023-07-10 22:20:08" level=info msg="國別碼2碼: FR"
time="2023-07-10 22:20:08" level=info msg="國別碼3碼: FRA"
time="2023-07-10 22:20:08" level=info msg="國家全名: France"
time="2023-07-10 22:20:09" level=info msg="國別碼2碼: FR"
time="2023-07-10 22:20:09" level=info msg="國別碼3碼: FRA"
time="2023-07-10 22:20:09" level=info msg="國家全名: France"
time="2023-07-10 22:45:16" level=info msg="國別碼2碼: US"
time="2023-07-10 22:45:16" level=info msg="國別碼3碼: USA"
time="2023-07-10 22:45:16" level=info msg="國家全名: United States of America (the)"
time="2023-07-10 22:45:35" level=info msg="國別碼2碼: US"
time="2023-07-10 22:45:35" level=info msg="國別碼3碼: USA"
time="2023-07-10 22:45:35" level=info msg="國家全名: United States of America (the)"
time="2023-07-10 22:45:37" level=info msg="國別碼2碼: US"
time="2023-07-10 22:45:37" level=info msg="國別碼3碼: USA"
time="2023-07-10 22:45:37" level=info msg="國家全名: United States of America (the)"
time="2023-07-10 22:45:38" level=info msg="國別碼2碼: US"
time="2023-07-10 22:45:38" level=info msg="國別碼3碼: USA"
time="2023-07-10 22:45:38" level=info msg="國家全名: United States of America (the)"
time="2023-07-10 23:15:16" level=info msg="國別碼2碼: FR"
time="2023-07-10 23:15:16" level=info msg="國別碼3碼: FRA"
time="2023-07-10 23:15:16" level=info msg="國家全名: France"
time="2023-07-10 23:15:17" level=info msg="國別碼2碼: FR"
time="2023-07-10 23:15:17" level=info msg="國別碼3碼: FRA"
time="2023-07-10 23:15:17" level=info msg="國家全名: France"
time="2023-07-10 23:17:11" level=info msg="國別碼2碼: US"
time="2023-07-10 23:17:11" level=info msg="國別碼3碼: USA"
time="2023-07-10 23:17:11" level=info msg="國家全名: United States of America (the)"
time="2023-07-10 23:38:22" level=info msg="國別碼2碼: US"
time="2023-07-10 23:38:22" level=info msg="國別碼3碼: USA"
time="2023-07-10 23:38:22" level=info msg="國家全名: United States of America (the)"
time="2023-07-10 23:38:38" level=info msg="國別碼2碼: US"
time="2023-07-10 23:38:38" level=info msg="國別碼3碼: USA"
time="2023-07-10 23:38:38" level=info msg="國家全名: United States of America (the)"
time="2023-07-10 23:38:57" level=info msg="國別碼2碼: US"
time="2023-07-10 23:38:57" level=info msg="國別碼3碼: USA"
time="2023-07-10 23:38:57" level=info msg="國家全名: United States of America (the)"
time="2023-07-10 23:50:27" level=info msg="國別碼2碼: CO"
time="2023-07-10 23:50:27" level=info msg="國別碼3碼: COL"
time="2023-07-10 23:50:27" level=info msg="國家全名: Colombia"
time="2023-07-10 23:51:12" level=info msg="國別碼2碼: UA"
time="2023-07-10 23:51:12" level=info msg="國別碼3碼: UKR"
time="2023-07-10 23:51:12" level=info msg="國家全名: Ukraine"
time="2023-07-10 23:53:28" level=info msg="國別碼2碼: US"
time="2023-07-10 23:53:28" level=info msg="國別碼3碼: USA"
time="2023-07-10 23:53:28" level=info msg="國家全名: United States of America (the)"
time="2023-07-10 23:59:47" level=info msg="國別碼2碼: FR"
time="2023-07-10 23:59:47" level=info msg="國別碼3碼: FRA"
time="2023-07-10 23:59:47" level=info msg="國家全名: France"
time="2023-07-10 23:59:48" level=info msg="國別碼2碼: FR"
time="2023-07-10 23:59:48" level=info msg="國別碼3碼: FRA"
time="2023-07-10 23:59:48" level=info msg="國家全名: France"
