time="2023-07-13 00:05:04" level=info msg="國別碼2碼: CA"
time="2023-07-13 00:05:04" level=info msg="國別碼3碼: CAN"
time="2023-07-13 00:05:04" level=info msg="國家全名: Canada"
time="2023-07-13 00:05:05" level=info msg="國別碼2碼: CA"
time="2023-07-13 00:05:05" level=info msg="國別碼3碼: CAN"
time="2023-07-13 00:05:05" level=info msg="國家全名: Canada"
time="2023-07-13 00:05:06" level=info msg="國別碼2碼: CA"
time="2023-07-13 00:05:06" level=info msg="國別碼3碼: CAN"
time="2023-07-13 00:05:06" level=info msg="國家全名: Canada"
time="2023-07-13 00:17:49" level=info msg="國別碼2碼: CA"
time="2023-07-13 00:17:49" level=info msg="國別碼3碼: CAN"
time="2023-07-13 00:17:49" level=info msg="國家全名: Canada"
time="2023-07-13 00:17:50" level=info msg="國別碼2碼: CA"
time="2023-07-13 00:17:50" level=info msg="國別碼3碼: CAN"
time="2023-07-13 00:17:50" level=info msg="國家全名: Canada"
time="2023-07-13 00:29:56" level=info msg="國別碼2碼: US"
time="2023-07-13 00:29:56" level=info msg="國別碼3碼: USA"
time="2023-07-13 00:29:56" level=info msg="國家全名: United States of America (the)"
time="2023-07-13 00:34:33" level=info msg="國別碼2碼: FR"
time="2023-07-13 00:34:33" level=info msg="國別碼3碼: FRA"
time="2023-07-13 00:34:33" level=info msg="國家全名: France"
time="2023-07-13 00:47:46" level=info msg="國別碼2碼: RU"
time="2023-07-13 00:47:46" level=info msg="國別碼3碼: RUS"
time="2023-07-13 00:47:46" level=info msg="國家全名: Russian Federation (the)"
time="2023-07-13 00:52:25" level=info msg="國別碼2碼: US"
time="2023-07-13 00:52:25" level=info msg="國別碼3碼: USA"
time="2023-07-13 00:52:25" level=info msg="國家全名: United States of America (the)"
time="2023-07-13 00:55:05" level=info msg="國別碼2碼: FR"
time="2023-07-13 00:55:05" level=info msg="國別碼3碼: FRA"
time="2023-07-13 00:55:05" level=info msg="國家全名: France"
time="2023-07-13 01:10:30" level=info msg="國別碼2碼: CA"
time="2023-07-13 01:10:30" level=info msg="國別碼3碼: CAN"
time="2023-07-13 01:10:30" level=info msg="國家全名: Canada"
time="2023-07-13 01:10:31" level=info msg="國別碼2碼: CA"
time="2023-07-13 01:10:31" level=info msg="國別碼3碼: CAN"
time="2023-07-13 01:10:31" level=info msg="國家全名: Canada"
time="2023-07-13 01:16:14" level=info msg="國別碼2碼: US"
time="2023-07-13 01:16:14" level=info msg="國別碼3碼: USA"
time="2023-07-13 01:16:14" level=info msg="國家全名: United States of America (the)"
time="2023-07-13 01:16:15" level=info msg="國別碼2碼: US"
time="2023-07-13 01:16:15" level=info msg="國別碼3碼: USA"
time="2023-07-13 01:16:15" level=info msg="國家全名: United States of America (the)"
time="2023-07-13 01:22:54" level=info msg="國別碼2碼: US"
time="2023-07-13 01:22:54" level=info msg="國別碼3碼: USA"
time="2023-07-13 01:22:54" level=info msg="國家全名: United States of America (the)"
time="2023-07-13 01:38:10" level=info msg="國別碼2碼: FR"
time="2023-07-13 01:38:10" level=info msg="國別碼3碼: FRA"
time="2023-07-13 01:38:10" level=info msg="國家全名: France"
time="2023-07-13 01:40:33" level=info msg="國別碼2碼: NL"
time="2023-07-13 01:40:33" level=info msg="國別碼3碼: NLD"
time="2023-07-13 01:40:33" level=info msg="國家全名: Netherlands (the)"
time="2023-07-13 02:10:33" level=info msg="國別碼2碼: FR"
time="2023-07-13 02:10:33" level=info msg="國別碼3碼: FRA"
time="2023-07-13 02:10:33" level=info msg="國家全名: France"
time="2023-07-13 02:19:37" level=info msg="國別碼2碼: US"
time="2023-07-13 02:19:37" level=info msg="國別碼3碼: USA"
time="2023-07-13 02:19:37" level=info msg="國家全名: United States of America (the)"
time="2023-07-13 02:39:00" level=info msg="國別碼2碼: CA"
time="2023-07-13 02:39:00" level=info msg="國別碼3碼: CAN"
time="2023-07-13 02:39:00" level=info msg="國家全名: Canada"
time="2023-07-13 02:39:01" level=info msg="國別碼2碼: CA"
time="2023-07-13 02:39:01" level=info msg="國別碼3碼: CAN"
time="2023-07-13 02:39:01" level=info msg="國家全名: Canada"
time="2023-07-13 03:14:34" level=info msg="國別碼2碼: FR"
time="2023-07-13 03:14:34" level=info msg="國別碼3碼: FRA"
time="2023-07-13 03:14:34" level=info msg="國家全名: France"
time="2023-07-13 03:28:18" level=info msg="國別碼2碼: XZ"
time="2023-07-13 03:28:18" level=info msg="國別碼3碼: XZZ"
time="2023-07-13 03:28:18" level=info msg="國家全名: IANA Special-Purpose Address"
time="2023-07-13 03:28:18" level=info msg="取得商品資料[{20 gg tttesttt 112 222   abc true} {15 b  1200 10    true} {14 a  1200 123    false} {7 TRX 123 500 1 堂  課程 true} {6 ck男生內褲 CK內褲 1980 3 1  性感 true} {3 哈達瑜珈 本課程適合首次來上課的人，一開始會先帶學員了解場館以及場館內的各式課程，並了解學員的目標以及目前身體的狀況、組成 (inbody)。在這些流程結束後開始讓學員體驗課程。(上體驗課程前，會先與您聯繫預期想體驗的課程。) 200 2 堂 https://images.unsplash.com/photo-1571019614242-c5c5dee9f50b?ixlib=rb-4.0.3&ixid=M3wxMjA3fDB8MHxwaG90by1wYWdlfHx8fGVufDB8fHx8fA%3D%3D&auto=format&fit=crop&w=2070&q=80 拉基 true} {1 CK內衣組 CK內衣 我的超人 1980 3 1  性感 true}]"
time="2023-07-13 03:28:18" level=info msg="國別碼2碼: XZ"
time="2023-07-13 03:28:18" level=info msg="國別碼3碼: XZZ"
time="2023-07-13 03:28:18" level=info msg="國家全名: IANA Special-Purpose Address"
time="2023-07-13 03:28:18" level=info msg="取得商品資料[{20 gg tttesttt 112 222   abc true} {15 b  1200 10    true} {14 a  1200 123    false} {7 TRX 123 500 1 堂  課程 true} {6 ck男生內褲 CK內褲 1980 3 1  性感 true} {3 哈達瑜珈 本課程適合首次來上課的人，一開始會先帶學員了解場館以及場館內的各式課程，並了解學員的目標以及目前身體的狀況、組成 (inbody)。在這些流程結束後開始讓學員體驗課程。(上體驗課程前，會先與您聯繫預期想體驗的課程。) 200 2 堂 https://images.unsplash.com/photo-1571019614242-c5c5dee9f50b?ixlib=rb-4.0.3&ixid=M3wxMjA3fDB8MHxwaG90by1wYWdlfHx8fGVufDB8fHx8fA%3D%3D&auto=format&fit=crop&w=2070&q=80 拉基 true} {1 CK內衣組 CK內衣 我的超人 1980 3 1  性感 true}]"
time="2023-07-13 03:30:39" level=info msg="國別碼2碼: CA"
time="2023-07-13 03:30:39" level=info msg="國別碼3碼: CAN"
time="2023-07-13 03:30:39" level=info msg="國家全名: Canada"
time="2023-07-13 03:30:40" level=info msg="國別碼2碼: CA"
time="2023-07-13 03:30:40" level=info msg="國別碼3碼: CAN"
time="2023-07-13 03:30:40" level=info msg="國家全名: Canada"
time="2023-07-13 03:38:49" level=info msg="國別碼2碼: FR"
time="2023-07-13 03:38:49" level=info msg="國別碼3碼: FRA"
time="2023-07-13 03:38:49" level=info msg="國家全名: France"
time="2023-07-13 03:58:30" level=info msg="國別碼2碼: NL"
time="2023-07-13 03:58:30" level=info msg="國別碼3碼: NLD"
time="2023-07-13 03:58:30" level=info msg="國家全名: Netherlands (the)"
time="2023-07-13 04:01:40" level=info msg="國別碼2碼: IN"
time="2023-07-13 04:01:40" level=info msg="國別碼3碼: IND"
time="2023-07-13 04:01:40" level=info msg="國家全名: India"
time="2023-07-13 04:03:16" level=info msg="國別碼2碼: US"
time="2023-07-13 04:03:16" level=info msg="國別碼3碼: USA"
time="2023-07-13 04:03:16" level=info msg="國家全名: United States of America (the)"
time="2023-07-13 04:03:17" level=info msg="國別碼2碼: US"
time="2023-07-13 04:03:17" level=info msg="國別碼3碼: USA"
time="2023-07-13 04:03:17" level=info msg="國家全名: United States of America (the)"
time="2023-07-13 04:03:18" level=info msg="國別碼2碼: US"
time="2023-07-13 04:03:18" level=info msg="國別碼3碼: USA"
time="2023-07-13 04:03:18" level=info msg="國家全名: United States of America (the)"
time="2023-07-13 04:03:19" level=info msg="國別碼2碼: US"
time="2023-07-13 04:03:19" level=info msg="國別碼3碼: USA"
time="2023-07-13 04:03:19" level=info msg="國家全名: United States of America (the)"
time="2023-07-13 04:03:20" level=info msg="國別碼2碼: US"
time="2023-07-13 04:03:20" level=info msg="國別碼3碼: USA"
time="2023-07-13 04:03:20" level=info msg="國家全名: United States of America (the)"
time="2023-07-13 04:13:13" level=info msg="國別碼2碼: FR"
time="2023-07-13 04:13:13" level=info msg="國別碼3碼: FRA"
time="2023-07-13 04:13:13" level=info msg="國家全名: France"
time="2023-07-13 04:21:25" level=info msg="國別碼2碼: NL"
time="2023-07-13 04:21:25" level=info msg="國別碼3碼: NLD"
time="2023-07-13 04:21:25" level=info msg="國家全名: Netherlands (the)"
time="2023-07-13 04:52:43" level=info msg="國別碼2碼: DE"
time="2023-07-13 04:52:43" level=info msg="國別碼3碼: DEU"
time="2023-07-13 04:52:43" level=info msg="國家全名: Germany"
time="2023-07-13 04:53:01" level=info msg="國別碼2碼: DE"
time="2023-07-13 04:53:01" level=info msg="國別碼3碼: DEU"
time="2023-07-13 04:53:01" level=info msg="國家全名: Germany"
time="2023-07-13 04:53:16" level=info msg="國別碼2碼: DE"
time="2023-07-13 04:53:16" level=info msg="國別碼3碼: DEU"
time="2023-07-13 04:53:16" level=info msg="國家全名: Germany"
time="2023-07-13 04:58:31" level=info msg="國別碼2碼: FR"
time="2023-07-13 04:58:31" level=info msg="國別碼3碼: FRA"
time="2023-07-13 04:58:31" level=info msg="國家全名: France"
time="2023-07-13 04:59:11" level=info msg="國別碼2碼: CA"
time="2023-07-13 04:59:11" level=info msg="國別碼3碼: CAN"
time="2023-07-13 04:59:11" level=info msg="國家全名: Canada"
time="2023-07-13 04:59:12" level=info msg="國別碼2碼: CA"
time="2023-07-13 04:59:12" level=info msg="國別碼3碼: CAN"
time="2023-07-13 04:59:12" level=info msg="國家全名: Canada"
time="2023-07-13 05:05:51" level=info msg="國別碼2碼: US"
time="2023-07-13 05:05:51" level=info msg="國別碼3碼: USA"
time="2023-07-13 05:05:51" level=info msg="國家全名: United States of America (the)"
time="2023-07-13 05:10:06" level=info msg="國別碼2碼: CA"
time="2023-07-13 05:10:06" level=info msg="國別碼3碼: CAN"
time="2023-07-13 05:10:06" level=info msg="國家全名: Canada"
time="2023-07-13 05:10:07" level=info msg="國別碼2碼: CA"
time="2023-07-13 05:10:07" level=info msg="國別碼3碼: CAN"
time="2023-07-13 05:10:07" level=info msg="國家全名: Canada"
time="2023-07-13 05:13:47" level=info msg="國別碼2碼: PS"
time="2023-07-13 05:13:47" level=info msg="國別碼3碼: PSE"
time="2023-07-13 05:13:47" level=info msg="國家全名: Palestine, State of"
time="2023-07-13 05:49:15" level=info msg="國別碼2碼: AU"
time="2023-07-13 05:49:15" level=info msg="國別碼3碼: AUS"
time="2023-07-13 05:49:15" level=info msg="國家全名: Australia"
time="2023-07-13 05:49:16" level=info msg="國別碼2碼: AU"
time="2023-07-13 05:49:16" level=info msg="國別碼3碼: AUS"
time="2023-07-13 05:49:16" level=info msg="國家全名: Australia"
time="2023-07-13 05:49:17" level=info msg="國別碼2碼: AU"
time="2023-07-13 05:49:17" level=info msg="國別碼3碼: AUS"
time="2023-07-13 05:49:17" level=info msg="國家全名: Australia"
time="2023-07-13 05:49:18" level=info msg="國別碼2碼: AU"
time="2023-07-13 05:49:18" level=info msg="國別碼3碼: AUS"
time="2023-07-13 05:49:18" level=info msg="國家全名: Australia"
time="2023-07-13 05:49:18" level=info msg="國別碼2碼: AU"
time="2023-07-13 05:49:18" level=info msg="國別碼3碼: AUS"
time="2023-07-13 05:49:18" level=info msg="國家全名: Australia"
time="2023-07-13 05:49:19" level=info msg="國別碼2碼: AU"
time="2023-07-13 05:49:19" level=info msg="國別碼3碼: AUS"
time="2023-07-13 05:49:19" level=info msg="國家全名: Australia"
time="2023-07-13 05:49:20" level=info msg="國別碼2碼: AU"
time="2023-07-13 05:49:20" level=info msg="國別碼3碼: AUS"
time="2023-07-13 05:49:20" level=info msg="國家全名: Australia"
time="2023-07-13 05:49:21" level=info msg="國別碼2碼: AU"
time="2023-07-13 05:49:21" level=info msg="國別碼3碼: AUS"
time="2023-07-13 05:49:21" level=info msg="國家全名: Australia"
time="2023-07-13 05:58:14" level=info msg="國別碼2碼: US"
time="2023-07-13 05:58:14" level=info msg="國別碼3碼: USA"
time="2023-07-13 05:58:14" level=info msg="國家全名: United States of America (the)"
time="2023-07-13 06:05:46" level=info msg="國別碼2碼: CN"
time="2023-07-13 06:05:46" level=info msg="國別碼3碼: CHN"
time="2023-07-13 06:05:46" level=info msg="國家全名: China"
time="2023-07-13 06:21:52" level=info msg="國別碼2碼: XZ"
time="2023-07-13 06:21:52" level=info msg="國別碼3碼: XZZ"
time="2023-07-13 06:21:52" level=info msg="國家全名: IANA Special-Purpose Address"
time="2023-07-13 06:21:52" level=info msg="取得商品資料[{20 gg tttesttt 112 222   abc true} {15 b  1200 10    true} {14 a  1200 123    false} {7 TRX 123 500 1 堂  課程 true} {6 ck男生內褲 CK內褲 1980 3 1  性感 true} {3 哈達瑜珈 本課程適合首次來上課的人，一開始會先帶學員了解場館以及場館內的各式課程，並了解學員的目標以及目前身體的狀況、組成 (inbody)。在這些流程結束後開始讓學員體驗課程。(上體驗課程前，會先與您聯繫預期想體驗的課程。) 200 2 堂 https://images.unsplash.com/photo-1571019614242-c5c5dee9f50b?ixlib=rb-4.0.3&ixid=M3wxMjA3fDB8MHxwaG90by1wYWdlfHx8fGVufDB8fHx8fA%3D%3D&auto=format&fit=crop&w=2070&q=80 拉基 true} {1 CK內衣組 CK內衣 我的超人 1980 3 1  性感 true}]"
time="2023-07-13 06:37:24" level=info msg="國別碼2碼: CA"
time="2023-07-13 06:37:24" level=info msg="國別碼3碼: CAN"
time="2023-07-13 06:37:24" level=info msg="國家全名: Canada"
time="2023-07-13 06:37:25" level=info msg="國別碼2碼: CA"
time="2023-07-13 06:37:25" level=info msg="國別碼3碼: CAN"
time="2023-07-13 06:37:25" level=info msg="國家全名: Canada"
time="2023-07-13 06:46:17" level=info msg="國別碼2碼: VN"
time="2023-07-13 06:46:17" level=info msg="國別碼3碼: VNM"
time="2023-07-13 06:46:17" level=info msg="國家全名: Viet Nam"
time="2023-07-13 06:56:44" level=info msg="國別碼2碼: US"
time="2023-07-13 06:56:44" level=info msg="國別碼3碼: USA"
time="2023-07-13 06:56:44" level=info msg="國家全名: United States of America (the)"
time="2023-07-13 06:58:06" level=info msg="國別碼2碼: US"
time="2023-07-13 06:58:06" level=info msg="國別碼3碼: USA"
time="2023-07-13 06:58:06" level=info msg="國家全名: United States of America (the)"
time="2023-07-13 06:58:50" level=info msg="國別碼2碼: US"
time="2023-07-13 06:58:50" level=info msg="國別碼3碼: USA"
time="2023-07-13 06:58:50" level=info msg="國家全名: United States of America (the)"
time="2023-07-13 06:58:57" level=info msg="國別碼2碼: TR"
time="2023-07-13 06:58:57" level=info msg="國別碼3碼: TUR"
time="2023-07-13 06:58:57" level=info msg="國家全名: Türkiye"
time="2023-07-13 07:10:56" level=info msg="國別碼2碼: US"
time="2023-07-13 07:10:56" level=info msg="國別碼3碼: USA"
time="2023-07-13 07:10:56" level=info msg="國家全名: United States of America (the)"
time="2023-07-13 07:20:58" level=info msg="國別碼2碼: XZ"
time="2023-07-13 07:20:58" level=info msg="國別碼3碼: XZZ"
time="2023-07-13 07:20:58" level=info msg="國家全名: IANA Special-Purpose Address"
time="2023-07-13 07:20:58" level=info msg="取得商品資料[{20 gg tttesttt 112 222   abc true} {15 b  1200 10    true} {14 a  1200 123    false} {7 TRX 123 500 1 堂  課程 true} {6 ck男生內褲 CK內褲 1980 3 1  性感 true} {3 哈達瑜珈 本課程適合首次來上課的人，一開始會先帶學員了解場館以及場館內的各式課程，並了解學員的目標以及目前身體的狀況、組成 (inbody)。在這些流程結束後開始讓學員體驗課程。(上體驗課程前，會先與您聯繫預期想體驗的課程。) 200 2 堂 https://images.unsplash.com/photo-1571019614242-c5c5dee9f50b?ixlib=rb-4.0.3&ixid=M3wxMjA3fDB8MHxwaG90by1wYWdlfHx8fGVufDB8fHx8fA%3D%3D&auto=format&fit=crop&w=2070&q=80 拉基 true} {1 CK內衣組 CK內衣 我的超人 1980 3 1  性感 true}]"
time="2023-07-13 07:21:04" level=info msg="國別碼2碼: XZ"
time="2023-07-13 07:21:04" level=info msg="國別碼3碼: XZZ"
time="2023-07-13 07:21:04" level=info msg="國家全名: IANA Special-Purpose Address"
time="2023-07-13 07:21:04" level=info msg="取得商品資料[{20 gg tttesttt 112 222   abc true} {15 b  1200 10    true} {14 a  1200 123    false} {7 TRX 123 500 1 堂  課程 true} {6 ck男生內褲 CK內褲 1980 3 1  性感 true} {3 哈達瑜珈 本課程適合首次來上課的人，一開始會先帶學員了解場館以及場館內的各式課程，並了解學員的目標以及目前身體的狀況、組成 (inbody)。在這些流程結束後開始讓學員體驗課程。(上體驗課程前，會先與您聯繫預期想體驗的課程。) 200 2 堂 https://images.unsplash.com/photo-1571019614242-c5c5dee9f50b?ixlib=rb-4.0.3&ixid=M3wxMjA3fDB8MHxwaG90by1wYWdlfHx8fGVufDB8fHx8fA%3D%3D&auto=format&fit=crop&w=2070&q=80 拉基 true} {1 CK內衣組 CK內衣 我的超人 1980 3 1  性感 true}]"
time="2023-07-13 07:25:04" level=info msg="國別碼2碼: TW"
time="2023-07-13 07:25:04" level=info msg="國別碼3碼: TWN"
time="2023-07-13 07:25:04" level=info msg="國家全名: Taiwan (Province of China)"
time="2023-07-13 07:25:04" level=info msg="取得商品資料[{20 gg tttesttt 112 222   abc true} {15 b  1200 10    true} {14 a  1200 123    false} {7 TRX 123 500 1 堂  課程 true} {6 ck男生內褲 CK內褲 1980 3 1  性感 true} {3 哈達瑜珈 本課程適合首次來上課的人，一開始會先帶學員了解場館以及場館內的各式課程，並了解學員的目標以及目前身體的狀況、組成 (inbody)。在這些流程結束後開始讓學員體驗課程。(上體驗課程前，會先與您聯繫預期想體驗的課程。) 200 2 堂 https://images.unsplash.com/photo-1571019614242-c5c5dee9f50b?ixlib=rb-4.0.3&ixid=M3wxMjA3fDB8MHxwaG90by1wYWdlfHx8fGVufDB8fHx8fA%3D%3D&auto=format&fit=crop&w=2070&q=80 拉基 true} {1 CK內衣組 CK內衣 我的超人 1980 3 1  性感 true}]"
time="2023-07-13 07:25:10" level=info msg="國別碼2碼: US"
time="2023-07-13 07:25:10" level=info msg="國別碼3碼: USA"
time="2023-07-13 07:25:10" level=info msg="國家全名: United States of America (the)"
time="2023-07-13 07:25:10" level=info msg="取得商品資料[{20 gg tttesttt 112 222   abc true} {15 b  1200 10    true} {14 a  1200 123    false} {7 TRX 123 500 1 堂  課程 true} {6 ck男生內褲 CK內褲 1980 3 1  性感 true} {3 哈達瑜珈 本課程適合首次來上課的人，一開始會先帶學員了解場館以及場館內的各式課程，並了解學員的目標以及目前身體的狀況、組成 (inbody)。在這些流程結束後開始讓學員體驗課程。(上體驗課程前，會先與您聯繫預期想體驗的課程。) 200 2 堂 https://images.unsplash.com/photo-1571019614242-c5c5dee9f50b?ixlib=rb-4.0.3&ixid=M3wxMjA3fDB8MHxwaG90by1wYWdlfHx8fGVufDB8fHx8fA%3D%3D&auto=format&fit=crop&w=2070&q=80 拉基 true} {1 CK內衣組 CK內衣 我的超人 1980 3 1  性感 true}]"
time="2023-07-13 07:25:11" level=info msg="國別碼2碼: TW"
time="2023-07-13 07:25:11" level=info msg="國別碼3碼: TWN"
time="2023-07-13 07:25:11" level=info msg="國家全名: Taiwan (Province of China)"
time="2023-07-13 07:25:11" level=info msg="取得商品資料[{20 gg tttesttt 112 222   abc true} {15 b  1200 10    true} {14 a  1200 123    false} {7 TRX 123 500 1 堂  課程 true} {6 ck男生內褲 CK內褲 1980 3 1  性感 true} {3 哈達瑜珈 本課程適合首次來上課的人，一開始會先帶學員了解場館以及場館內的各式課程，並了解學員的目標以及目前身體的狀況、組成 (inbody)。在這些流程結束後開始讓學員體驗課程。(上體驗課程前，會先與您聯繫預期想體驗的課程。) 200 2 堂 https://images.unsplash.com/photo-1571019614242-c5c5dee9f50b?ixlib=rb-4.0.3&ixid=M3wxMjA3fDB8MHxwaG90by1wYWdlfHx8fGVufDB8fHx8fA%3D%3D&auto=format&fit=crop&w=2070&q=80 拉基 true} {1 CK內衣組 CK內衣 我的超人 1980 3 1  性感 true}]"
time="2023-07-13 07:29:06" level=info msg="國別碼2碼: XZ"
time="2023-07-13 07:29:06" level=info msg="國別碼3碼: XZZ"
time="2023-07-13 07:29:06" level=info msg="國家全名: IANA Special-Purpose Address"
time="2023-07-13 07:29:06" level=info msg="取得商品資料[{20 gg tttesttt 112 222   abc true} {15 b  1200 10    true} {14 a  1200 123    false} {7 TRX 123 500 1 堂  課程 true} {6 ck男生內褲 CK內褲 1980 3 1  性感 true} {3 哈達瑜珈 本課程適合首次來上課的人，一開始會先帶學員了解場館以及場館內的各式課程，並了解學員的目標以及目前身體的狀況、組成 (inbody)。在這些流程結束後開始讓學員體驗課程。(上體驗課程前，會先與您聯繫預期想體驗的課程。) 200 2 堂 https://images.unsplash.com/photo-1571019614242-c5c5dee9f50b?ixlib=rb-4.0.3&ixid=M3wxMjA3fDB8MHxwaG90by1wYWdlfHx8fGVufDB8fHx8fA%3D%3D&auto=format&fit=crop&w=2070&q=80 拉基 true} {1 CK內衣組 CK內衣 我的超人 1980 3 1  性感 true}]"
time="2023-07-13 07:29:13" level=info msg="國別碼2碼: XZ"
time="2023-07-13 07:29:13" level=info msg="國別碼3碼: XZZ"
time="2023-07-13 07:29:13" level=info msg="國家全名: IANA Special-Purpose Address"
time="2023-07-13 07:29:13" level=info msg="取得商品資料[{20 gg tttesttt 112 222   abc true} {15 b  1200 10    true} {14 a  1200 123    false} {7 TRX 123 500 1 堂  課程 true} {6 ck男生內褲 CK內褲 1980 3 1  性感 true} {3 哈達瑜珈 本課程適合首次來上課的人，一開始會先帶學員了解場館以及場館內的各式課程，並了解學員的目標以及目前身體的狀況、組成 (inbody)。在這些流程結束後開始讓學員體驗課程。(上體驗課程前，會先與您聯繫預期想體驗的課程。) 200 2 堂 https://images.unsplash.com/photo-1571019614242-c5c5dee9f50b?ixlib=rb-4.0.3&ixid=M3wxMjA3fDB8MHxwaG90by1wYWdlfHx8fGVufDB8fHx8fA%3D%3D&auto=format&fit=crop&w=2070&q=80 拉基 true} {1 CK內衣組 CK內衣 我的超人 1980 3 1  性感 true}]"
time="2023-07-13 07:33:17" level=info msg="國別碼2碼: XZ"
time="2023-07-13 07:33:17" level=info msg="國別碼3碼: XZZ"
time="2023-07-13 07:33:17" level=info msg="國家全名: IANA Special-Purpose Address"
time="2023-07-13 07:33:17" level=info msg="取得商品資料[{20 gg tttesttt 112 222   abc true} {15 b  1200 10    true} {14 a  1200 123    false} {7 TRX 123 500 1 堂  課程 true} {6 ck男生內褲 CK內褲 1980 3 1  性感 true} {3 哈達瑜珈 本課程適合首次來上課的人，一開始會先帶學員了解場館以及場館內的各式課程，並了解學員的目標以及目前身體的狀況、組成 (inbody)。在這些流程結束後開始讓學員體驗課程。(上體驗課程前，會先與您聯繫預期想體驗的課程。) 200 2 堂 https://images.unsplash.com/photo-1571019614242-c5c5dee9f50b?ixlib=rb-4.0.3&ixid=M3wxMjA3fDB8MHxwaG90by1wYWdlfHx8fGVufDB8fHx8fA%3D%3D&auto=format&fit=crop&w=2070&q=80 拉基 true} {1 CK內衣組 CK內衣 我的超人 1980 3 1  性感 true}]"
time="2023-07-13 07:35:17" level=info msg="國別碼2碼: XZ"
time="2023-07-13 07:35:17" level=info msg="國別碼3碼: XZZ"
time="2023-07-13 07:35:17" level=info msg="國家全名: IANA Special-Purpose Address"
time="2023-07-13 07:35:17" level=info msg="取得商品資料[{20 gg tttesttt 112 222   abc true} {15 b  1200 10    true} {14 a  1200 123    false} {7 TRX 123 500 1 堂  課程 true} {6 ck男生內褲 CK內褲 1980 3 1  性感 true} {3 哈達瑜珈 本課程適合首次來上課的人，一開始會先帶學員了解場館以及場館內的各式課程，並了解學員的目標以及目前身體的狀況、組成 (inbody)。在這些流程結束後開始讓學員體驗課程。(上體驗課程前，會先與您聯繫預期想體驗的課程。) 200 2 堂 https://images.unsplash.com/photo-1571019614242-c5c5dee9f50b?ixlib=rb-4.0.3&ixid=M3wxMjA3fDB8MHxwaG90by1wYWdlfHx8fGVufDB8fHx8fA%3D%3D&auto=format&fit=crop&w=2070&q=80 拉基 true} {1 CK內衣組 CK內衣 我的超人 1980 3 1  性感 true}]"
time="2023-07-13 07:35:54" level=info msg="國別碼2碼: XZ"
time="2023-07-13 07:35:54" level=info msg="國別碼3碼: XZZ"
time="2023-07-13 07:35:54" level=info msg="國家全名: IANA Special-Purpose Address"
time="2023-07-13 07:35:54" level=info msg="取得商品資料[{20 gg tttesttt 112 222   abc true} {15 b  1200 10    true} {14 a  1200 123    false} {7 TRX 123 500 1 堂  課程 true} {6 ck男生內褲 CK內褲 1980 3 1  性感 true} {3 哈達瑜珈 本課程適合首次來上課的人，一開始會先帶學員了解場館以及場館內的各式課程，並了解學員的目標以及目前身體的狀況、組成 (inbody)。在這些流程結束後開始讓學員體驗課程。(上體驗課程前，會先與您聯繫預期想體驗的課程。) 200 2 堂 https://images.unsplash.com/photo-1571019614242-c5c5dee9f50b?ixlib=rb-4.0.3&ixid=M3wxMjA3fDB8MHxwaG90by1wYWdlfHx8fGVufDB8fHx8fA%3D%3D&auto=format&fit=crop&w=2070&q=80 拉基 true} {1 CK內衣組 CK內衣 我的超人 1980 3 1  性感 true}]"
time="2023-07-13 07:35:55" level=info msg="國別碼2碼: XZ"
time="2023-07-13 07:35:55" level=info msg="國別碼3碼: XZZ"
time="2023-07-13 07:35:55" level=info msg="國家全名: IANA Special-Purpose Address"
time="2023-07-13 07:35:55" level=info msg="取得商品資料[{20 gg tttesttt 112 222   abc true} {15 b  1200 10    true} {14 a  1200 123    false} {7 TRX 123 500 1 堂  課程 true} {6 ck男生內褲 CK內褲 1980 3 1  性感 true} {3 哈達瑜珈 本課程適合首次來上課的人，一開始會先帶學員了解場館以及場館內的各式課程，並了解學員的目標以及目前身體的狀況、組成 (inbody)。在這些流程結束後開始讓學員體驗課程。(上體驗課程前，會先與您聯繫預期想體驗的課程。) 200 2 堂 https://images.unsplash.com/photo-1571019614242-c5c5dee9f50b?ixlib=rb-4.0.3&ixid=M3wxMjA3fDB8MHxwaG90by1wYWdlfHx8fGVufDB8fHx8fA%3D%3D&auto=format&fit=crop&w=2070&q=80 拉基 true} {1 CK內衣組 CK內衣 我的超人 1980 3 1  性感 true}]"
time="2023-07-13 07:36:26" level=info msg="國別碼2碼: XZ"
time="2023-07-13 07:36:26" level=info msg="國別碼3碼: XZZ"
time="2023-07-13 07:36:26" level=info msg="國家全名: IANA Special-Purpose Address"
time="2023-07-13 07:36:26" level=info msg="取得商品資料[{20 gg tttesttt 112 222   abc true} {15 b  1200 10    true} {14 a  1200 123    false} {7 TRX 123 500 1 堂  課程 true} {6 ck男生內褲 CK內褲 1980 3 1  性感 true} {3 哈達瑜珈 本課程適合首次來上課的人，一開始會先帶學員了解場館以及場館內的各式課程，並了解學員的目標以及目前身體的狀況、組成 (inbody)。在這些流程結束後開始讓學員體驗課程。(上體驗課程前，會先與您聯繫預期想體驗的課程。) 200 2 堂 https://images.unsplash.com/photo-1571019614242-c5c5dee9f50b?ixlib=rb-4.0.3&ixid=M3wxMjA3fDB8MHxwaG90by1wYWdlfHx8fGVufDB8fHx8fA%3D%3D&auto=format&fit=crop&w=2070&q=80 拉基 true} {1 CK內衣組 CK內衣 我的超人 1980 3 1  性感 true}]"
time="2023-07-13 07:37:21" level=info msg="國別碼2碼: XZ"
time="2023-07-13 07:37:21" level=info msg="國別碼3碼: XZZ"
time="2023-07-13 07:37:21" level=info msg="國家全名: IANA Special-Purpose Address"
time="2023-07-13 07:37:21" level=info msg="取得商品資料[{20 gg tttesttt 112 222   abc true} {15 b  1200 10    true} {14 a  1200 123    false} {7 TRX 123 500 1 堂  課程 true} {6 ck男生內褲 CK內褲 1980 3 1  性感 true} {3 哈達瑜珈 本課程適合首次來上課的人，一開始會先帶學員了解場館以及場館內的各式課程，並了解學員的目標以及目前身體的狀況、組成 (inbody)。在這些流程結束後開始讓學員體驗課程。(上體驗課程前，會先與您聯繫預期想體驗的課程。) 200 2 堂 https://images.unsplash.com/photo-1571019614242-c5c5dee9f50b?ixlib=rb-4.0.3&ixid=M3wxMjA3fDB8MHxwaG90by1wYWdlfHx8fGVufDB8fHx8fA%3D%3D&auto=format&fit=crop&w=2070&q=80 拉基 true} {1 CK內衣組 CK內衣 我的超人 1980 3 1  性感 true}]"
time="2023-07-13 07:38:32" level=info msg="國別碼2碼: XZ"
time="2023-07-13 07:38:32" level=info msg="國別碼3碼: XZZ"
time="2023-07-13 07:38:32" level=info msg="國家全名: IANA Special-Purpose Address"
time="2023-07-13 07:38:32" level=info msg="取得商品資料[{20 gg tttesttt 112 222   abc true} {15 b  1200 10    true} {14 a  1200 123    false} {7 TRX 123 500 1 堂  課程 true} {6 ck男生內褲 CK內褲 1980 3 1  性感 true} {3 哈達瑜珈 本課程適合首次來上課的人，一開始會先帶學員了解場館以及場館內的各式課程，並了解學員的目標以及目前身體的狀況、組成 (inbody)。在這些流程結束後開始讓學員體驗課程。(上體驗課程前，會先與您聯繫預期想體驗的課程。) 200 2 堂 https://images.unsplash.com/photo-1571019614242-c5c5dee9f50b?ixlib=rb-4.0.3&ixid=M3wxMjA3fDB8MHxwaG90by1wYWdlfHx8fGVufDB8fHx8fA%3D%3D&auto=format&fit=crop&w=2070&q=80 拉基 true} {1 CK內衣組 CK內衣 我的超人 1980 3 1  性感 true}]"
time="2023-07-13 07:38:39" level=info msg="國別碼2碼: XZ"
time="2023-07-13 07:38:39" level=info msg="國別碼3碼: XZZ"
time="2023-07-13 07:38:39" level=info msg="國家全名: IANA Special-Purpose Address"
time="2023-07-13 07:38:39" level=info msg="取得商品資料[{20 gg tttesttt 112 222   abc true} {15 b  1200 10    true} {14 a  1200 123    false} {7 TRX 123 500 1 堂  課程 true} {6 ck男生內褲 CK內褲 1980 3 1  性感 true} {3 哈達瑜珈 本課程適合首次來上課的人，一開始會先帶學員了解場館以及場館內的各式課程，並了解學員的目標以及目前身體的狀況、組成 (inbody)。在這些流程結束後開始讓學員體驗課程。(上體驗課程前，會先與您聯繫預期想體驗的課程。) 200 2 堂 https://images.unsplash.com/photo-1571019614242-c5c5dee9f50b?ixlib=rb-4.0.3&ixid=M3wxMjA3fDB8MHxwaG90by1wYWdlfHx8fGVufDB8fHx8fA%3D%3D&auto=format&fit=crop&w=2070&q=80 拉基 true} {1 CK內衣組 CK內衣 我的超人 1980 3 1  性感 true}]"
time="2023-07-13 07:40:41" level=info msg="國別碼2碼: XZ"
time="2023-07-13 07:40:41" level=info msg="國別碼3碼: XZZ"
time="2023-07-13 07:40:41" level=info msg="國家全名: IANA Special-Purpose Address"
time="2023-07-13 07:40:41" level=info msg="取得商品資料[{20 gg tttesttt 112 222   abc true} {15 b  1200 10    true} {14 a  1200 123    false} {7 TRX 123 500 1 堂  課程 true} {6 ck男生內褲 CK內褲 1980 3 1  性感 true} {3 哈達瑜珈 本課程適合首次來上課的人，一開始會先帶學員了解場館以及場館內的各式課程，並了解學員的目標以及目前身體的狀況、組成 (inbody)。在這些流程結束後開始讓學員體驗課程。(上體驗課程前，會先與您聯繫預期想體驗的課程。) 200 2 堂 https://images.unsplash.com/photo-1571019614242-c5c5dee9f50b?ixlib=rb-4.0.3&ixid=M3wxMjA3fDB8MHxwaG90by1wYWdlfHx8fGVufDB8fHx8fA%3D%3D&auto=format&fit=crop&w=2070&q=80 拉基 true} {1 CK內衣組 CK內衣 我的超人 1980 3 1  性感 true}]"
time="2023-07-13 07:40:42" level=info msg="國別碼2碼: XZ"
time="2023-07-13 07:40:42" level=info msg="國別碼3碼: XZZ"
time="2023-07-13 07:40:42" level=info msg="國家全名: IANA Special-Purpose Address"
time="2023-07-13 07:40:42" level=info msg="取得商品資料[{20 gg tttesttt 112 222   abc true} {15 b  1200 10    true} {14 a  1200 123    false} {7 TRX 123 500 1 堂  課程 true} {6 ck男生內褲 CK內褲 1980 3 1  性感 true} {3 哈達瑜珈 本課程適合首次來上課的人，一開始會先帶學員了解場館以及場館內的各式課程，並了解學員的目標以及目前身體的狀況、組成 (inbody)。在這些流程結束後開始讓學員體驗課程。(上體驗課程前，會先與您聯繫預期想體驗的課程。) 200 2 堂 https://images.unsplash.com/photo-1571019614242-c5c5dee9f50b?ixlib=rb-4.0.3&ixid=M3wxMjA3fDB8MHxwaG90by1wYWdlfHx8fGVufDB8fHx8fA%3D%3D&auto=format&fit=crop&w=2070&q=80 拉基 true} {1 CK內衣組 CK內衣 我的超人 1980 3 1  性感 true}]"
time="2023-07-13 07:41:28" level=info msg="國別碼2碼: XZ"
time="2023-07-13 07:41:28" level=info msg="國別碼3碼: XZZ"
time="2023-07-13 07:41:28" level=info msg="國家全名: IANA Special-Purpose Address"
time="2023-07-13 07:41:28" level=info msg="取得商品資料[{20 gg tttesttt 112 222   abc true} {15 b  1200 10    true} {14 a  1200 123    false} {7 TRX 123 500 1 堂  課程 true} {6 ck男生內褲 CK內褲 1980 3 1  性感 true} {3 哈達瑜珈 本課程適合首次來上課的人，一開始會先帶學員了解場館以及場館內的各式課程，並了解學員的目標以及目前身體的狀況、組成 (inbody)。在這些流程結束後開始讓學員體驗課程。(上體驗課程前，會先與您聯繫預期想體驗的課程。) 200 2 堂 https://images.unsplash.com/photo-1571019614242-c5c5dee9f50b?ixlib=rb-4.0.3&ixid=M3wxMjA3fDB8MHxwaG90by1wYWdlfHx8fGVufDB8fHx8fA%3D%3D&auto=format&fit=crop&w=2070&q=80 拉基 true} {1 CK內衣組 CK內衣 我的超人 1980 3 1  性感 true}]"
time="2023-07-13 07:41:34" level=info msg="國別碼2碼: XZ"
time="2023-07-13 07:41:34" level=info msg="國別碼3碼: XZZ"
time="2023-07-13 07:41:34" level=info msg="國家全名: IANA Special-Purpose Address"
time="2023-07-13 07:41:34" level=info msg="取得商品資料[{20 gg tttesttt 112 222   abc true} {15 b  1200 10    true} {14 a  1200 123    false} {7 TRX 123 500 1 堂  課程 true} {6 ck男生內褲 CK內褲 1980 3 1  性感 true} {3 哈達瑜珈 本課程適合首次來上課的人，一開始會先帶學員了解場館以及場館內的各式課程，並了解學員的目標以及目前身體的狀況、組成 (inbody)。在這些流程結束後開始讓學員體驗課程。(上體驗課程前，會先與您聯繫預期想體驗的課程。) 200 2 堂 https://images.unsplash.com/photo-1571019614242-c5c5dee9f50b?ixlib=rb-4.0.3&ixid=M3wxMjA3fDB8MHxwaG90by1wYWdlfHx8fGVufDB8fHx8fA%3D%3D&auto=format&fit=crop&w=2070&q=80 拉基 true} {1 CK內衣組 CK內衣 我的超人 1980 3 1  性感 true}]"
time="2023-07-13 07:42:52" level=info msg="國別碼2碼: XZ"
time="2023-07-13 07:42:52" level=info msg="國別碼3碼: XZZ"
time="2023-07-13 07:42:52" level=info msg="國家全名: IANA Special-Purpose Address"
time="2023-07-13 07:42:52" level=info msg="取得商品資料[{20 gg tttesttt 112 222   abc true} {15 b  1200 10    true} {14 a  1200 123    false} {7 TRX 123 500 1 堂  課程 true} {6 ck男生內褲 CK內褲 1980 3 1  性感 true} {3 哈達瑜珈 本課程適合首次來上課的人，一開始會先帶學員了解場館以及場館內的各式課程，並了解學員的目標以及目前身體的狀況、組成 (inbody)。在這些流程結束後開始讓學員體驗課程。(上體驗課程前，會先與您聯繫預期想體驗的課程。) 200 2 堂 https://images.unsplash.com/photo-1571019614242-c5c5dee9f50b?ixlib=rb-4.0.3&ixid=M3wxMjA3fDB8MHxwaG90by1wYWdlfHx8fGVufDB8fHx8fA%3D%3D&auto=format&fit=crop&w=2070&q=80 拉基 true} {1 CK內衣組 CK內衣 我的超人 1980 3 1  性感 true}]"
time="2023-07-13 07:43:23" level=info msg="國別碼2碼: XZ"
time="2023-07-13 07:43:23" level=info msg="國別碼3碼: XZZ"
time="2023-07-13 07:43:23" level=info msg="國家全名: IANA Special-Purpose Address"
time="2023-07-13 07:43:23" level=info msg="取得商品資料[{20 gg tttesttt 112 222   abc true} {15 b  1200 10    true} {14 a  1200 123    false} {7 TRX 123 500 1 堂  課程 true} {6 ck男生內褲 CK內褲 1980 3 1  性感 true} {3 哈達瑜珈 本課程適合首次來上課的人，一開始會先帶學員了解場館以及場館內的各式課程，並了解學員的目標以及目前身體的狀況、組成 (inbody)。在這些流程結束後開始讓學員體驗課程。(上體驗課程前，會先與您聯繫預期想體驗的課程。) 200 2 堂 https://images.unsplash.com/photo-1571019614242-c5c5dee9f50b?ixlib=rb-4.0.3&ixid=M3wxMjA3fDB8MHxwaG90by1wYWdlfHx8fGVufDB8fHx8fA%3D%3D&auto=format&fit=crop&w=2070&q=80 拉基 true} {1 CK內衣組 CK內衣 我的超人 1980 3 1  性感 true}]"
time="2023-07-13 07:43:55" level=info msg="國別碼2碼: XZ"
time="2023-07-13 07:43:55" level=info msg="國別碼3碼: XZZ"
time="2023-07-13 07:43:55" level=info msg="國家全名: IANA Special-Purpose Address"
time="2023-07-13 07:43:55" level=info msg="取得商品資料[{20 gg tttesttt 112 222   abc true} {15 b  1200 10    true} {14 a  1200 123    false} {7 TRX 123 500 1 堂  課程 true} {6 ck男生內褲 CK內褲 1980 3 1  性感 true} {3 哈達瑜珈 本課程適合首次來上課的人，一開始會先帶學員了解場館以及場館內的各式課程，並了解學員的目標以及目前身體的狀況、組成 (inbody)。在這些流程結束後開始讓學員體驗課程。(上體驗課程前，會先與您聯繫預期想體驗的課程。) 200 2 堂 https://images.unsplash.com/photo-1571019614242-c5c5dee9f50b?ixlib=rb-4.0.3&ixid=M3wxMjA3fDB8MHxwaG90by1wYWdlfHx8fGVufDB8fHx8fA%3D%3D&auto=format&fit=crop&w=2070&q=80 拉基 true} {1 CK內衣組 CK內衣 我的超人 1980 3 1  性感 true}]"
time="2023-07-13 07:44:22" level=info msg="國別碼2碼: XZ"
time="2023-07-13 07:44:22" level=info msg="國別碼3碼: XZZ"
time="2023-07-13 07:44:22" level=info msg="國家全名: IANA Special-Purpose Address"
time="2023-07-13 07:44:22" level=info msg="取得商品資料[{20 gg tttesttt 112 222   abc true} {15 b  1200 10    true} {14 a  1200 123    false} {7 TRX 123 500 1 堂  課程 true} {6 ck男生內褲 CK內褲 1980 3 1  性感 true} {3 哈達瑜珈 本課程適合首次來上課的人，一開始會先帶學員了解場館以及場館內的各式課程，並了解學員的目標以及目前身體的狀況、組成 (inbody)。在這些流程結束後開始讓學員體驗課程。(上體驗課程前，會先與您聯繫預期想體驗的課程。) 200 2 堂 https://images.unsplash.com/photo-1571019614242-c5c5dee9f50b?ixlib=rb-4.0.3&ixid=M3wxMjA3fDB8MHxwaG90by1wYWdlfHx8fGVufDB8fHx8fA%3D%3D&auto=format&fit=crop&w=2070&q=80 拉基 true} {1 CK內衣組 CK內衣 我的超人 1980 3 1  性感 true}]"
time="2023-07-13 07:44:35" level=info msg="國別碼2碼: XZ"
time="2023-07-13 07:44:35" level=info msg="國別碼3碼: XZZ"
time="2023-07-13 07:44:35" level=info msg="國家全名: IANA Special-Purpose Address"
time="2023-07-13 07:44:35" level=info msg="取得商品資料[{20 gg tttesttt 112 222   abc true} {15 b  1200 10    true} {14 a  1200 123    false} {7 TRX 123 500 1 堂  課程 true} {6 ck男生內褲 CK內褲 1980 3 1  性感 true} {3 哈達瑜珈 本課程適合首次來上課的人，一開始會先帶學員了解場館以及場館內的各式課程，並了解學員的目標以及目前身體的狀況、組成 (inbody)。在這些流程結束後開始讓學員體驗課程。(上體驗課程前，會先與您聯繫預期想體驗的課程。) 200 2 堂 https://images.unsplash.com/photo-1571019614242-c5c5dee9f50b?ixlib=rb-4.0.3&ixid=M3wxMjA3fDB8MHxwaG90by1wYWdlfHx8fGVufDB8fHx8fA%3D%3D&auto=format&fit=crop&w=2070&q=80 拉基 true} {1 CK內衣組 CK內衣 我的超人 1980 3 1  性感 true}]"
time="2023-07-13 07:56:20" level=info msg="國別碼2碼: XZ"
time="2023-07-13 07:56:20" level=info msg="國別碼3碼: XZZ"
time="2023-07-13 07:56:20" level=info msg="國家全名: IANA Special-Purpose Address"
time="2023-07-13 07:56:20" level=info msg="取得商品資料[{20 gg tttesttt 112 222   abc true} {15 b  1200 10    true} {14 a  1200 123    false} {7 TRX 123 500 1 堂  課程 true} {6 ck男生內褲 CK內褲 1980 3 1  性感 true} {3 哈達瑜珈 本課程適合首次來上課的人，一開始會先帶學員了解場館以及場館內的各式課程，並了解學員的目標以及目前身體的狀況、組成 (inbody)。在這些流程結束後開始讓學員體驗課程。(上體驗課程前，會先與您聯繫預期想體驗的課程。) 200 2 堂 https://images.unsplash.com/photo-1571019614242-c5c5dee9f50b?ixlib=rb-4.0.3&ixid=M3wxMjA3fDB8MHxwaG90by1wYWdlfHx8fGVufDB8fHx8fA%3D%3D&auto=format&fit=crop&w=2070&q=80 拉基 true} {1 CK內衣組 CK內衣 我的超人 1980 3 1  性感 true}]"
time="2023-07-13 07:56:22" level=info msg="國別碼2碼: XZ"
time="2023-07-13 07:56:22" level=info msg="國別碼3碼: XZZ"
time="2023-07-13 07:56:22" level=info msg="國家全名: IANA Special-Purpose Address"
time="2023-07-13 07:56:22" level=info msg="取得商品資料[{20 gg tttesttt 112 222   abc true} {15 b  1200 10    true} {14 a  1200 123    false} {7 TRX 123 500 1 堂  課程 true} {6 ck男生內褲 CK內褲 1980 3 1  性感 true} {3 哈達瑜珈 本課程適合首次來上課的人，一開始會先帶學員了解場館以及場館內的各式課程，並了解學員的目標以及目前身體的狀況、組成 (inbody)。在這些流程結束後開始讓學員體驗課程。(上體驗課程前，會先與您聯繫預期想體驗的課程。) 200 2 堂 https://images.unsplash.com/photo-1571019614242-c5c5dee9f50b?ixlib=rb-4.0.3&ixid=M3wxMjA3fDB8MHxwaG90by1wYWdlfHx8fGVufDB8fHx8fA%3D%3D&auto=format&fit=crop&w=2070&q=80 拉基 true} {1 CK內衣組 CK內衣 我的超人 1980 3 1  性感 true}]"
time="2023-07-13 07:56:38" level=info msg="國別碼2碼: XZ"
time="2023-07-13 07:56:38" level=info msg="國別碼3碼: XZZ"
time="2023-07-13 07:56:38" level=info msg="國家全名: IANA Special-Purpose Address"
time="2023-07-13 07:56:38" level=info msg="取得商品資料[{20 gg tttesttt 112 222   abc true} {15 b  1200 10    true} {14 a  1200 123    false} {7 TRX 123 500 1 堂  課程 true} {6 ck男生內褲 CK內褲 1980 3 1  性感 true} {3 哈達瑜珈 本課程適合首次來上課的人，一開始會先帶學員了解場館以及場館內的各式課程，並了解學員的目標以及目前身體的狀況、組成 (inbody)。在這些流程結束後開始讓學員體驗課程。(上體驗課程前，會先與您聯繫預期想體驗的課程。) 200 2 堂 https://images.unsplash.com/photo-1571019614242-c5c5dee9f50b?ixlib=rb-4.0.3&ixid=M3wxMjA3fDB8MHxwaG90by1wYWdlfHx8fGVufDB8fHx8fA%3D%3D&auto=format&fit=crop&w=2070&q=80 拉基 true} {1 CK內衣組 CK內衣 我的超人 1980 3 1  性感 true}]"
time="2023-07-13 08:08:34" level=info msg="國別碼2碼: XZ"
time="2023-07-13 08:08:34" level=info msg="國別碼3碼: XZZ"
time="2023-07-13 08:08:34" level=info msg="國家全名: IANA Special-Purpose Address"
time="2023-07-13 08:08:34" level=info msg="取得商品資料[{20 gg tttesttt 112 222   abc true} {15 b  1200 10    true} {14 a  1200 123    false} {7 TRX 123 500 1 堂  課程 true} {6 ck男生內褲 CK內褲 1980 3 1  性感 true} {3 哈達瑜珈 本課程適合首次來上課的人，一開始會先帶學員了解場館以及場館內的各式課程，並了解學員的目標以及目前身體的狀況、組成 (inbody)。在這些流程結束後開始讓學員體驗課程。(上體驗課程前，會先與您聯繫預期想體驗的課程。) 200 2 堂 https://images.unsplash.com/photo-1571019614242-c5c5dee9f50b?ixlib=rb-4.0.3&ixid=M3wxMjA3fDB8MHxwaG90by1wYWdlfHx8fGVufDB8fHx8fA%3D%3D&auto=format&fit=crop&w=2070&q=80 拉基 true} {1 CK內衣組 CK內衣 我的超人 1980 3 1  性感 true}]"
time="2023-07-13 08:09:21" level=info msg="國別碼2碼: XZ"
time="2023-07-13 08:09:21" level=info msg="國別碼3碼: XZZ"
time="2023-07-13 08:09:21" level=info msg="國家全名: IANA Special-Purpose Address"
time="2023-07-13 08:09:21" level=info msg="取得商品資料[{20 gg tttesttt 112 222   abc true} {15 b  1200 10    true} {14 a  1200 123    false} {7 TRX 123 500 1 堂  課程 true} {6 ck男生內褲 CK內褲 1980 3 1  性感 true} {3 哈達瑜珈 本課程適合首次來上課的人，一開始會先帶學員了解場館以及場館內的各式課程，並了解學員的目標以及目前身體的狀況、組成 (inbody)。在這些流程結束後開始讓學員體驗課程。(上體驗課程前，會先與您聯繫預期想體驗的課程。) 200 2 堂 https://images.unsplash.com/photo-1571019614242-c5c5dee9f50b?ixlib=rb-4.0.3&ixid=M3wxMjA3fDB8MHxwaG90by1wYWdlfHx8fGVufDB8fHx8fA%3D%3D&auto=format&fit=crop&w=2070&q=80 拉基 true} {1 CK內衣組 CK內衣 我的超人 1980 3 1  性感 true}]"
time="2023-07-13 08:11:55" level=info msg="國別碼2碼: XZ"
time="2023-07-13 08:11:55" level=info msg="國別碼3碼: XZZ"
time="2023-07-13 08:11:55" level=info msg="國家全名: IANA Special-Purpose Address"
time="2023-07-13 08:11:55" level=info msg="取得商品資料[{20 gg tttesttt 112 222   abc true} {15 b  1200 10    true} {14 a  1200 123    false} {7 TRX 123 500 1 堂  課程 true} {6 ck男生內褲 CK內褲 1980 3 1  性感 true} {3 哈達瑜珈 本課程適合首次來上課的人，一開始會先帶學員了解場館以及場館內的各式課程，並了解學員的目標以及目前身體的狀況、組成 (inbody)。在這些流程結束後開始讓學員體驗課程。(上體驗課程前，會先與您聯繫預期想體驗的課程。) 200 2 堂 https://images.unsplash.com/photo-1571019614242-c5c5dee9f50b?ixlib=rb-4.0.3&ixid=M3wxMjA3fDB8MHxwaG90by1wYWdlfHx8fGVufDB8fHx8fA%3D%3D&auto=format&fit=crop&w=2070&q=80 拉基 true} {1 CK內衣組 CK內衣 我的超人 1980 3 1  性感 true}]"
time="2023-07-13 08:12:58" level=info msg="國別碼2碼: CA"
time="2023-07-13 08:12:58" level=info msg="國別碼3碼: CAN"
time="2023-07-13 08:12:58" level=info msg="國家全名: Canada"
time="2023-07-13 08:12:59" level=info msg="國別碼2碼: CA"
time="2023-07-13 08:12:59" level=info msg="國別碼3碼: CAN"
time="2023-07-13 08:12:59" level=info msg="國家全名: Canada"
time="2023-07-13 08:13:27" level=info msg="國別碼2碼: US"
time="2023-07-13 08:13:27" level=info msg="國別碼3碼: USA"
time="2023-07-13 08:13:27" level=info msg="國家全名: United States of America (the)"
time="2023-07-13 08:13:28" level=info msg="國別碼2碼: US"
time="2023-07-13 08:13:28" level=info msg="國別碼3碼: USA"
time="2023-07-13 08:13:28" level=info msg="國家全名: United States of America (the)"
time="2023-07-13 08:13:28" level=info msg="國別碼2碼: US"
time="2023-07-13 08:13:28" level=info msg="國別碼3碼: USA"
time="2023-07-13 08:13:28" level=info msg="國家全名: United States of America (the)"
time="2023-07-13 08:16:13" level=info msg="國別碼2碼: XZ"
time="2023-07-13 08:16:13" level=info msg="國別碼3碼: XZZ"
time="2023-07-13 08:16:13" level=info msg="國家全名: IANA Special-Purpose Address"
time="2023-07-13 08:16:13" level=info msg="取得商品資料[{20 gg tttesttt 112 222   abc true} {15 b  1200 10    true} {14 a  1200 123    false} {7 TRX 123 500 1 堂  課程 true} {6 ck男生內褲 CK內褲 1980 3 1  性感 true} {3 哈達瑜珈 本課程適合首次來上課的人，一開始會先帶學員了解場館以及場館內的各式課程，並了解學員的目標以及目前身體的狀況、組成 (inbody)。在這些流程結束後開始讓學員體驗課程。(上體驗課程前，會先與您聯繫預期想體驗的課程。) 200 2 堂 https://images.unsplash.com/photo-1571019614242-c5c5dee9f50b?ixlib=rb-4.0.3&ixid=M3wxMjA3fDB8MHxwaG90by1wYWdlfHx8fGVufDB8fHx8fA%3D%3D&auto=format&fit=crop&w=2070&q=80 拉基 true} {1 CK內衣組 CK內衣 我的超人 1980 3 1  性感 true}]"
time="2023-07-13 08:16:46" level=info msg="國別碼2碼: XZ"
time="2023-07-13 08:16:46" level=info msg="國別碼3碼: XZZ"
time="2023-07-13 08:16:46" level=info msg="國家全名: IANA Special-Purpose Address"
time="2023-07-13 08:16:46" level=info msg="取得商品資料[{20 gg tttesttt 112 222   abc true} {15 b  1200 10    true} {14 a  1200 123    false} {7 TRX 123 500 1 堂  課程 true} {6 ck男生內褲 CK內褲 1980 3 1  性感 true} {3 哈達瑜珈 本課程適合首次來上課的人，一開始會先帶學員了解場館以及場館內的各式課程，並了解學員的目標以及目前身體的狀況、組成 (inbody)。在這些流程結束後開始讓學員體驗課程。(上體驗課程前，會先與您聯繫預期想體驗的課程。) 200 2 堂 https://images.unsplash.com/photo-1571019614242-c5c5dee9f50b?ixlib=rb-4.0.3&ixid=M3wxMjA3fDB8MHxwaG90by1wYWdlfHx8fGVufDB8fHx8fA%3D%3D&auto=format&fit=crop&w=2070&q=80 拉基 true} {1 CK內衣組 CK內衣 我的超人 1980 3 1  性感 true}]"
time="2023-07-13 08:18:49" level=info msg="國別碼2碼: XZ"
time="2023-07-13 08:18:49" level=info msg="國別碼3碼: XZZ"
time="2023-07-13 08:18:49" level=info msg="國家全名: IANA Special-Purpose Address"
time="2023-07-13 08:18:49" level=info msg="取得商品資料[{20 gg tttesttt 112 222   abc true} {15 b  1200 10    true} {14 a  1200 123    false} {7 TRX 123 500 1 堂  課程 true} {6 ck男生內褲 CK內褲 1980 3 1  性感 true} {3 哈達瑜珈 本課程適合首次來上課的人，一開始會先帶學員了解場館以及場館內的各式課程，並了解學員的目標以及目前身體的狀況、組成 (inbody)。在這些流程結束後開始讓學員體驗課程。(上體驗課程前，會先與您聯繫預期想體驗的課程。) 200 2 堂 https://images.unsplash.com/photo-1571019614242-c5c5dee9f50b?ixlib=rb-4.0.3&ixid=M3wxMjA3fDB8MHxwaG90by1wYWdlfHx8fGVufDB8fHx8fA%3D%3D&auto=format&fit=crop&w=2070&q=80 拉基 true} {1 CK內衣組 CK內衣 我的超人 1980 3 1  性感 true}]"
time="2023-07-13 08:21:12" level=info msg="國別碼2碼: XZ"
time="2023-07-13 08:21:12" level=info msg="國別碼3碼: XZZ"
time="2023-07-13 08:21:12" level=info msg="國家全名: IANA Special-Purpose Address"
time="2023-07-13 08:21:12" level=info msg="取得商品資料[{20 gg tttesttt 112 222   abc true} {15 b  1200 10    true} {14 a  1200 123    false} {7 TRX 123 500 1 堂  課程 true} {6 ck男生內褲 CK內褲 1980 3 1  性感 true} {3 哈達瑜珈 本課程適合首次來上課的人，一開始會先帶學員了解場館以及場館內的各式課程，並了解學員的目標以及目前身體的狀況、組成 (inbody)。在這些流程結束後開始讓學員體驗課程。(上體驗課程前，會先與您聯繫預期想體驗的課程。) 200 2 堂 https://images.unsplash.com/photo-1571019614242-c5c5dee9f50b?ixlib=rb-4.0.3&ixid=M3wxMjA3fDB8MHxwaG90by1wYWdlfHx8fGVufDB8fHx8fA%3D%3D&auto=format&fit=crop&w=2070&q=80 拉基 true} {1 CK內衣組 CK內衣 我的超人 1980 3 1  性感 true}]"
time="2023-07-13 08:21:24" level=info msg="國別碼2碼: ID"
time="2023-07-13 08:21:24" level=info msg="國別碼3碼: IDN"
time="2023-07-13 08:21:24" level=info msg="國家全名: Indonesia"
time="2023-07-13 08:21:56" level=info msg="國別碼2碼: XZ"
time="2023-07-13 08:21:56" level=info msg="國別碼3碼: XZZ"
time="2023-07-13 08:21:56" level=info msg="國家全名: IANA Special-Purpose Address"
time="2023-07-13 08:21:56" level=info msg="取得商品資料[{20 gg tttesttt 112 222   abc true} {15 b  1200 10    true} {14 a  1200 123    false} {7 TRX 123 500 1 堂  課程 true} {6 ck男生內褲 CK內褲 1980 3 1  性感 true} {3 哈達瑜珈 本課程適合首次來上課的人，一開始會先帶學員了解場館以及場館內的各式課程，並了解學員的目標以及目前身體的狀況、組成 (inbody)。在這些流程結束後開始讓學員體驗課程。(上體驗課程前，會先與您聯繫預期想體驗的課程。) 200 2 堂 https://images.unsplash.com/photo-1571019614242-c5c5dee9f50b?ixlib=rb-4.0.3&ixid=M3wxMjA3fDB8MHxwaG90by1wYWdlfHx8fGVufDB8fHx8fA%3D%3D&auto=format&fit=crop&w=2070&q=80 拉基 true} {1 CK內衣組 CK內衣 我的超人 1980 3 1  性感 true}]"
time="2023-07-13 08:22:00" level=info msg="國別碼2碼: XZ"
time="2023-07-13 08:22:00" level=info msg="國別碼3碼: XZZ"
time="2023-07-13 08:22:00" level=info msg="國家全名: IANA Special-Purpose Address"
time="2023-07-13 08:22:00" level=info msg="取得商品資料[{20 gg tttesttt 112 222   abc true} {15 b  1200 10    true} {14 a  1200 123    false} {7 TRX 123 500 1 堂  課程 true} {6 ck男生內褲 CK內褲 1980 3 1  性感 true} {3 哈達瑜珈 本課程適合首次來上課的人，一開始會先帶學員了解場館以及場館內的各式課程，並了解學員的目標以及目前身體的狀況、組成 (inbody)。在這些流程結束後開始讓學員體驗課程。(上體驗課程前，會先與您聯繫預期想體驗的課程。) 200 2 堂 https://images.unsplash.com/photo-1571019614242-c5c5dee9f50b?ixlib=rb-4.0.3&ixid=M3wxMjA3fDB8MHxwaG90by1wYWdlfHx8fGVufDB8fHx8fA%3D%3D&auto=format&fit=crop&w=2070&q=80 拉基 true} {1 CK內衣組 CK內衣 我的超人 1980 3 1  性感 true}]"
time="2023-07-13 08:22:12" level=info msg="國別碼2碼: XZ"
time="2023-07-13 08:22:12" level=info msg="國別碼3碼: XZZ"
time="2023-07-13 08:22:12" level=info msg="國家全名: IANA Special-Purpose Address"
time="2023-07-13 08:22:12" level=info msg="取得商品資料[{20 gg tttesttt 112 222   abc true} {15 b  1200 10    true} {14 a  1200 123    false} {7 TRX 123 500 1 堂  課程 true} {6 ck男生內褲 CK內褲 1980 3 1  性感 true} {3 哈達瑜珈 本課程適合首次來上課的人，一開始會先帶學員了解場館以及場館內的各式課程，並了解學員的目標以及目前身體的狀況、組成 (inbody)。在這些流程結束後開始讓學員體驗課程。(上體驗課程前，會先與您聯繫預期想體驗的課程。) 200 2 堂 https://images.unsplash.com/photo-1571019614242-c5c5dee9f50b?ixlib=rb-4.0.3&ixid=M3wxMjA3fDB8MHxwaG90by1wYWdlfHx8fGVufDB8fHx8fA%3D%3D&auto=format&fit=crop&w=2070&q=80 拉基 true} {1 CK內衣組 CK內衣 我的超人 1980 3 1  性感 true}]"
time="2023-07-13 08:35:41" level=info msg="國別碼2碼: SG"
time="2023-07-13 08:35:41" level=info msg="國別碼3碼: SGP"
time="2023-07-13 08:35:41" level=info msg="國家全名: Singapore"
time="2023-07-13 08:44:08" level=info msg="國別碼2碼: TW"
time="2023-07-13 08:44:08" level=info msg="國別碼3碼: TWN"
time="2023-07-13 08:44:08" level=info msg="國家全名: Taiwan (Province of China)"
time="2023-07-13 08:44:09" level=info msg="國別碼2碼: TW"
time="2023-07-13 08:44:09" level=info msg="國別碼3碼: TWN"
time="2023-07-13 08:44:09" level=info msg="國家全名: Taiwan (Province of China)"
time="2023-07-13 08:44:09" level=info msg="國別碼2碼: TW"
time="2023-07-13 08:44:09" level=info msg="國別碼3碼: TWN"
time="2023-07-13 08:44:09" level=info msg="國家全名: Taiwan (Province of China)"
time="2023-07-13 08:44:09" level=info msg="國別碼2碼: TW"
time="2023-07-13 08:44:09" level=info msg="國別碼3碼: TWN"
time="2023-07-13 08:44:09" level=info msg="國家全名: Taiwan (Province of China)"
time="2023-07-13 08:44:09" level=info msg="國別碼2碼: TW"
time="2023-07-13 08:44:09" level=info msg="國別碼3碼: TWN"
time="2023-07-13 08:44:09" level=info msg="國家全名: Taiwan (Province of China)"
time="2023-07-13 08:44:10" level=info msg="國別碼2碼: TW"
time="2023-07-13 08:44:10" level=info msg="國別碼3碼: TWN"
time="2023-07-13 08:44:10" level=info msg="國家全名: Taiwan (Province of China)"
time="2023-07-13 08:44:17" level=info msg="國別碼2碼: TW"
time="2023-07-13 08:44:17" level=info msg="國別碼3碼: TWN"
time="2023-07-13 08:44:17" level=info msg="國家全名: Taiwan (Province of China)"
time="2023-07-13 08:44:18" level=info msg="國別碼2碼: TW"
time="2023-07-13 08:44:18" level=info msg="國別碼3碼: TWN"
time="2023-07-13 08:44:18" level=info msg="國家全名: Taiwan (Province of China)"
time="2023-07-13 08:44:18" level=info msg="國別碼2碼: TW"
time="2023-07-13 08:44:18" level=info msg="國別碼3碼: TWN"
time="2023-07-13 08:44:18" level=info msg="國家全名: Taiwan (Province of China)"
time="2023-07-13 08:44:18" level=info msg="國別碼2碼: TW"
time="2023-07-13 08:44:18" level=info msg="國別碼3碼: TWN"
time="2023-07-13 08:44:18" level=info msg="國家全名: Taiwan (Province of China)"
time="2023-07-13 08:44:18" level=info msg="國別碼2碼: TW"
time="2023-07-13 08:44:18" level=info msg="國別碼3碼: TWN"
time="2023-07-13 08:44:18" level=info msg="國家全名: Taiwan (Province of China)"
time="2023-07-13 08:44:18" level=info msg="國別碼2碼: TW"
time="2023-07-13 08:44:18" level=info msg="國別碼3碼: TWN"
time="2023-07-13 08:44:18" level=info msg="國家全名: Taiwan (Province of China)"
time="2023-07-13 08:59:03" level=info msg="國別碼2碼: TW"
time="2023-07-13 08:59:03" level=info msg="國別碼3碼: TWN"
time="2023-07-13 08:59:03" level=info msg="國家全名: Taiwan (Province of China)"
time="2023-07-13 08:59:03" level=info msg="國別碼2碼: TW"
time="2023-07-13 08:59:03" level=info msg="國別碼3碼: TWN"
time="2023-07-13 08:59:03" level=info msg="國家全名: Taiwan (Province of China)"
time="2023-07-13 08:59:06" level=info msg="國別碼2碼: TW"
time="2023-07-13 08:59:06" level=info msg="國別碼3碼: TWN"
time="2023-07-13 08:59:06" level=info msg="國家全名: Taiwan (Province of China)"
time="2023-07-13 08:59:07" level=info msg="國別碼2碼: TW"
time="2023-07-13 08:59:07" level=info msg="國別碼3碼: TWN"
time="2023-07-13 08:59:07" level=info msg="國家全名: Taiwan (Province of China)"
time="2023-07-13 08:59:07" level=info msg="國別碼2碼: TW"
time="2023-07-13 08:59:07" level=info msg="國別碼3碼: TWN"
time="2023-07-13 08:59:07" level=info msg="國家全名: Taiwan (Province of China)"
time="2023-07-13 08:59:09" level=info msg="國別碼2碼: TW"
time="2023-07-13 08:59:09" level=info msg="國別碼3碼: TWN"
time="2023-07-13 08:59:09" level=info msg="國家全名: Taiwan (Province of China)"
time="2023-07-13 08:59:10" level=info msg="國別碼2碼: TW"
time="2023-07-13 08:59:10" level=info msg="國別碼3碼: TWN"
time="2023-07-13 08:59:10" level=info msg="國家全名: Taiwan (Province of China)"
time="2023-07-13 08:59:24" level=info msg="國別碼2碼: TW"
time="2023-07-13 08:59:24" level=info msg="國別碼3碼: TWN"
time="2023-07-13 08:59:24" level=info msg="國家全名: Taiwan (Province of China)"
time="2023-07-13 08:59:27" level=info msg="國別碼2碼: TW"
time="2023-07-13 08:59:27" level=info msg="國別碼3碼: TWN"
time="2023-07-13 08:59:27" level=info msg="國家全名: Taiwan (Province of China)"
time="2023-07-13 08:59:29" level=info msg="國別碼2碼: TW"
time="2023-07-13 08:59:29" level=info msg="國別碼3碼: TWN"
time="2023-07-13 08:59:29" level=info msg="國家全名: Taiwan (Province of China)"
time="2023-07-13 08:59:30" level=info msg="國別碼2碼: TW"
time="2023-07-13 08:59:30" level=info msg="國別碼3碼: TWN"
time="2023-07-13 08:59:30" level=info msg="國家全名: Taiwan (Province of China)"
time="2023-07-13 08:59:30" level=info msg="國別碼2碼: TW"
time="2023-07-13 08:59:30" level=info msg="國別碼3碼: TWN"
time="2023-07-13 08:59:30" level=info msg="國家全名: Taiwan (Province of China)"
time="2023-07-13 08:59:35" level=info msg="國別碼2碼: TW"
time="2023-07-13 08:59:35" level=info msg="國別碼3碼: TWN"
time="2023-07-13 08:59:35" level=info msg="國家全名: Taiwan (Province of China)"
time="2023-07-13 08:59:36" level=info msg="國別碼2碼: TW"
time="2023-07-13 08:59:36" level=info msg="國別碼3碼: TWN"
time="2023-07-13 08:59:36" level=info msg="國家全名: Taiwan (Province of China)"
time="2023-07-13 08:59:40" level=info msg="國別碼2碼: TW"
time="2023-07-13 08:59:40" level=info msg="國別碼3碼: TWN"
time="2023-07-13 08:59:40" level=info msg="國家全名: Taiwan (Province of China)"
time="2023-07-13 08:59:40" level=info msg="國別碼2碼: TW"
time="2023-07-13 08:59:40" level=info msg="國別碼3碼: TWN"
time="2023-07-13 08:59:40" level=info msg="國家全名: Taiwan (Province of China)"
time="2023-07-13 08:59:41" level=info msg="國別碼2碼: TW"
time="2023-07-13 08:59:41" level=info msg="國別碼3碼: TWN"
time="2023-07-13 08:59:41" level=info msg="國家全名: Taiwan (Province of China)"
time="2023-07-13 08:59:47" level=info msg="國別碼2碼: TW"
time="2023-07-13 08:59:47" level=info msg="國別碼3碼: TWN"
time="2023-07-13 08:59:47" level=info msg="國家全名: Taiwan (Province of China)"
time="2023-07-13 08:59:47" level=info msg="國別碼2碼: TW"
time="2023-07-13 08:59:47" level=info msg="國別碼3碼: TWN"
time="2023-07-13 08:59:47" level=info msg="國家全名: Taiwan (Province of China)"
time="2023-07-13 08:59:47" level=info msg="國別碼2碼: TW"
time="2023-07-13 08:59:47" level=info msg="國別碼3碼: TWN"
time="2023-07-13 08:59:47" level=info msg="國家全名: Taiwan (Province of China)"
time="2023-07-13 08:59:59" level=info msg="國別碼2碼: TW"
time="2023-07-13 08:59:59" level=info msg="國別碼3碼: TWN"
time="2023-07-13 08:59:59" level=info msg="國家全名: Taiwan (Province of China)"
time="2023-07-13 08:59:59" level=info msg="國別碼2碼: TW"
time="2023-07-13 08:59:59" level=info msg="國別碼3碼: TWN"
time="2023-07-13 08:59:59" level=info msg="國家全名: Taiwan (Province of China)"
time="2023-07-13 08:59:59" level=info msg="國別碼2碼: TW"
time="2023-07-13 08:59:59" level=info msg="國別碼3碼: TWN"
time="2023-07-13 08:59:59" level=info msg="國家全名: Taiwan (Province of China)"
time="2023-07-13 09:00:00" level=info msg="國別碼2碼: TW"
time="2023-07-13 09:00:00" level=info msg="國別碼3碼: TWN"
time="2023-07-13 09:00:00" level=info msg="國家全名: Taiwan (Province of China)"
time="2023-07-13 09:00:00" level=info msg="國別碼2碼: TW"
time="2023-07-13 09:00:00" level=info msg="國別碼3碼: TWN"
time="2023-07-13 09:00:00" level=info msg="國家全名: Taiwan (Province of China)"
time="2023-07-13 09:00:00" level=info msg="國別碼2碼: TW"
time="2023-07-13 09:00:00" level=info msg="國別碼3碼: TWN"
time="2023-07-13 09:00:00" level=info msg="國家全名: Taiwan (Province of China)"
time="2023-07-13 09:00:00" level=info msg="國別碼2碼: TW"
time="2023-07-13 09:00:00" level=info msg="國別碼3碼: TWN"
time="2023-07-13 09:00:00" level=info msg="國家全名: Taiwan (Province of China)"
time="2023-07-13 09:00:00" level=info msg="國別碼2碼: TW"
time="2023-07-13 09:00:00" level=info msg="國別碼3碼: TWN"
time="2023-07-13 09:00:00" level=info msg="國家全名: Taiwan (Province of China)"
time="2023-07-13 09:00:00" level=info msg="國別碼2碼: TW"
time="2023-07-13 09:00:00" level=info msg="國別碼3碼: TWN"
time="2023-07-13 09:00:00" level=info msg="國家全名: Taiwan (Province of China)"
time="2023-07-13 09:01:06" level=info msg="國別碼2碼: GB"
time="2023-07-13 09:01:06" level=info msg="國別碼3碼: GBR"
time="2023-07-13 09:01:06" level=info msg="國家全名: United Kingdom of Great Britain and Northern Ireland (the)"
time="2023-07-13 09:01:22" level=info msg="國別碼2碼: GB"
time="2023-07-13 09:01:22" level=info msg="國別碼3碼: GBR"
time="2023-07-13 09:01:22" level=info msg="國家全名: United Kingdom of Great Britain and Northern Ireland (the)"
time="2023-07-13 09:01:35" level=info msg="國別碼2碼: GB"
time="2023-07-13 09:01:35" level=info msg="國別碼3碼: GBR"
time="2023-07-13 09:01:35" level=info msg="國家全名: United Kingdom of Great Britain and Northern Ireland (the)"
time="2023-07-13 09:02:16" level=info msg="國別碼2碼: XZ"
time="2023-07-13 09:02:16" level=info msg="國別碼3碼: XZZ"
time="2023-07-13 09:02:16" level=info msg="國家全名: IANA Special-Purpose Address"
time="2023-07-13 09:02:16" level=info msg="取得商品資料[{20 gg tttesttt 112 222   abc true} {15 b  1200 10    true} {14 a  1200 123    false} {7 TRX 123 500 1 堂  課程 true} {6 ck男生內褲 CK內褲 1980 3 1  性感 true} {3 哈達瑜珈 本課程適合首次來上課的人，一開始會先帶學員了解場館以及場館內的各式課程，並了解學員的目標以及目前身體的狀況、組成 (inbody)。在這些流程結束後開始讓學員體驗課程。(上體驗課程前，會先與您聯繫預期想體驗的課程。) 200 2 堂 https://images.unsplash.com/photo-1571019614242-c5c5dee9f50b?ixlib=rb-4.0.3&ixid=M3wxMjA3fDB8MHxwaG90by1wYWdlfHx8fGVufDB8fHx8fA%3D%3D&auto=format&fit=crop&w=2070&q=80 拉基 true} {1 CK內衣組 CK內衣 我的超人 1980 3 1  性感 true}]"
time="2023-07-13 09:04:13" level=info msg="國別碼2碼: XZ"
time="2023-07-13 09:04:13" level=info msg="國別碼3碼: XZZ"
time="2023-07-13 09:04:13" level=info msg="國家全名: IANA Special-Purpose Address"
time="2023-07-13 09:04:13" level=info msg="取得商品資料[{20 gg tttesttt 112 222   abc true} {15 b  1200 10    true} {14 a  1200 123    false} {7 TRX 123 500 1 堂  課程 true} {6 ck男生內褲 CK內褲 1980 3 1  性感 true} {3 哈達瑜珈 本課程適合首次來上課的人，一開始會先帶學員了解場館以及場館內的各式課程，並了解學員的目標以及目前身體的狀況、組成 (inbody)。在這些流程結束後開始讓學員體驗課程。(上體驗課程前，會先與您聯繫預期想體驗的課程。) 200 2 堂 https://images.unsplash.com/photo-1571019614242-c5c5dee9f50b?ixlib=rb-4.0.3&ixid=M3wxMjA3fDB8MHxwaG90by1wYWdlfHx8fGVufDB8fHx8fA%3D%3D&auto=format&fit=crop&w=2070&q=80 拉基 true} {1 CK內衣組 CK內衣 我的超人 1980 3 1  性感 true}]"
time="2023-07-13 09:10:40" level=info msg="國別碼2碼: XZ"
time="2023-07-13 09:10:40" level=info msg="國別碼3碼: XZZ"
time="2023-07-13 09:10:40" level=info msg="國家全名: IANA Special-Purpose Address"
time="2023-07-13 09:10:40" level=info msg="取得商品資料[{20 gg tttesttt 112 222   abc true} {15 b  1200 10    true} {14 a  1200 123    false} {7 TRX 123 500 1 堂  課程 true} {6 ck男生內褲 CK內褲 1980 3 1  性感 true} {3 哈達瑜珈 本課程適合首次來上課的人，一開始會先帶學員了解場館以及場館內的各式課程，並了解學員的目標以及目前身體的狀況、組成 (inbody)。在這些流程結束後開始讓學員體驗課程。(上體驗課程前，會先與您聯繫預期想體驗的課程。) 200 2 堂 https://images.unsplash.com/photo-1571019614242-c5c5dee9f50b?ixlib=rb-4.0.3&ixid=M3wxMjA3fDB8MHxwaG90by1wYWdlfHx8fGVufDB8fHx8fA%3D%3D&auto=format&fit=crop&w=2070&q=80 拉基 true} {1 CK內衣組 CK內衣 我的超人 1980 3 1  性感 true}]"
time="2023-07-13 09:11:19" level=info msg="國別碼2碼: XZ"
time="2023-07-13 09:11:19" level=info msg="國別碼3碼: XZZ"
time="2023-07-13 09:11:19" level=info msg="國家全名: IANA Special-Purpose Address"
time="2023-07-13 09:11:19" level=info msg="取得商品資料[{20 gg tttesttt 112 222   abc true} {15 b  1200 10    true} {14 a  1200 123    false} {7 TRX 123 500 1 堂  課程 true} {6 ck男生內褲 CK內褲 1980 3 1  性感 true} {3 哈達瑜珈 本課程適合首次來上課的人，一開始會先帶學員了解場館以及場館內的各式課程，並了解學員的目標以及目前身體的狀況、組成 (inbody)。在這些流程結束後開始讓學員體驗課程。(上體驗課程前，會先與您聯繫預期想體驗的課程。) 200 2 堂 https://images.unsplash.com/photo-1571019614242-c5c5dee9f50b?ixlib=rb-4.0.3&ixid=M3wxMjA3fDB8MHxwaG90by1wYWdlfHx8fGVufDB8fHx8fA%3D%3D&auto=format&fit=crop&w=2070&q=80 拉基 true} {1 CK內衣組 CK內衣 我的超人 1980 3 1  性感 true}]"
time="2023-07-13 09:12:39" level=info msg="國別碼2碼: XZ"
time="2023-07-13 09:12:39" level=info msg="國別碼3碼: XZZ"
time="2023-07-13 09:12:39" level=info msg="國家全名: IANA Special-Purpose Address"
time="2023-07-13 09:12:39" level=info msg="取得商品資料[{20 gg tttesttt 112 222   abc true} {15 b  1200 10    true} {14 a  1200 123    false} {7 TRX 123 500 1 堂  課程 true} {6 ck男生內褲 CK內褲 1980 3 1  性感 true} {3 哈達瑜珈 本課程適合首次來上課的人，一開始會先帶學員了解場館以及場館內的各式課程，並了解學員的目標以及目前身體的狀況、組成 (inbody)。在這些流程結束後開始讓學員體驗課程。(上體驗課程前，會先與您聯繫預期想體驗的課程。) 200 2 堂 https://images.unsplash.com/photo-1571019614242-c5c5dee9f50b?ixlib=rb-4.0.3&ixid=M3wxMjA3fDB8MHxwaG90by1wYWdlfHx8fGVufDB8fHx8fA%3D%3D&auto=format&fit=crop&w=2070&q=80 拉基 true} {1 CK內衣組 CK內衣 我的超人 1980 3 1  性感 true}]"
time="2023-07-13 09:13:29" level=info msg="國別碼2碼: XZ"
time="2023-07-13 09:13:29" level=info msg="國別碼3碼: XZZ"
time="2023-07-13 09:13:29" level=info msg="國家全名: IANA Special-Purpose Address"
time="2023-07-13 09:13:29" level=info msg="取得商品資料[{20 gg tttesttt 112 222   abc true} {15 b  1200 10    true} {14 a  1200 123    false} {7 TRX 123 500 1 堂  課程 true} {6 ck男生內褲 CK內褲 1980 3 1  性感 true} {3 哈達瑜珈 本課程適合首次來上課的人，一開始會先帶學員了解場館以及場館內的各式課程，並了解學員的目標以及目前身體的狀況、組成 (inbody)。在這些流程結束後開始讓學員體驗課程。(上體驗課程前，會先與您聯繫預期想體驗的課程。) 200 2 堂 https://images.unsplash.com/photo-1571019614242-c5c5dee9f50b?ixlib=rb-4.0.3&ixid=M3wxMjA3fDB8MHxwaG90by1wYWdlfHx8fGVufDB8fHx8fA%3D%3D&auto=format&fit=crop&w=2070&q=80 拉基 true} {1 CK內衣組 CK內衣 我的超人 1980 3 1  性感 true}]"
time="2023-07-13 09:14:03" level=info msg="國別碼2碼: XZ"
time="2023-07-13 09:14:03" level=info msg="國別碼3碼: XZZ"
time="2023-07-13 09:14:03" level=info msg="國家全名: IANA Special-Purpose Address"
time="2023-07-13 09:14:03" level=info msg="取得商品資料[{20 gg tttesttt 112 222   abc true} {15 b  1200 10    true} {14 a  1200 123    false} {7 TRX 123 500 1 堂  課程 true} {6 ck男生內褲 CK內褲 1980 3 1  性感 true} {3 哈達瑜珈 本課程適合首次來上課的人，一開始會先帶學員了解場館以及場館內的各式課程，並了解學員的目標以及目前身體的狀況、組成 (inbody)。在這些流程結束後開始讓學員體驗課程。(上體驗課程前，會先與您聯繫預期想體驗的課程。) 200 2 堂 https://images.unsplash.com/photo-1571019614242-c5c5dee9f50b?ixlib=rb-4.0.3&ixid=M3wxMjA3fDB8MHxwaG90by1wYWdlfHx8fGVufDB8fHx8fA%3D%3D&auto=format&fit=crop&w=2070&q=80 拉基 true} {1 CK內衣組 CK內衣 我的超人 1980 3 1  性感 true}]"
time="2023-07-13 09:19:23" level=info msg="國別碼2碼: CA"
time="2023-07-13 09:19:23" level=info msg="國別碼3碼: CAN"
time="2023-07-13 09:19:23" level=info msg="國家全名: Canada"
time="2023-07-13 09:19:24" level=info msg="國別碼2碼: CA"
time="2023-07-13 09:19:24" level=info msg="國別碼3碼: CAN"
time="2023-07-13 09:19:24" level=info msg="國家全名: Canada"
time="2023-07-13 09:22:23" level=info msg="國別碼2碼: XZ"
time="2023-07-13 09:22:23" level=info msg="國別碼3碼: XZZ"
time="2023-07-13 09:22:23" level=info msg="國家全名: IANA Special-Purpose Address"
time="2023-07-13 09:22:23" level=info msg="取得商品資料[{20 gg tttesttt 112 222   abc true} {15 b  1200 10    true} {14 a  1200 123    false} {7 TRX 123 500 1 堂  課程 true} {6 ck男生內褲 CK內褲 1980 3 1  性感 true} {3 哈達瑜珈 本課程適合首次來上課的人，一開始會先帶學員了解場館以及場館內的各式課程，並了解學員的目標以及目前身體的狀況、組成 (inbody)。在這些流程結束後開始讓學員體驗課程。(上體驗課程前，會先與您聯繫預期想體驗的課程。) 200 2 堂 https://images.unsplash.com/photo-1571019614242-c5c5dee9f50b?ixlib=rb-4.0.3&ixid=M3wxMjA3fDB8MHxwaG90by1wYWdlfHx8fGVufDB8fHx8fA%3D%3D&auto=format&fit=crop&w=2070&q=80 拉基 true} {1 CK內衣組 CK內衣 我的超人 1980 3 1  性感 true}]"
time="2023-07-13 09:23:02" level=info msg="國別碼2碼: XZ"
time="2023-07-13 09:23:02" level=info msg="國別碼3碼: XZZ"
time="2023-07-13 09:23:02" level=info msg="國家全名: IANA Special-Purpose Address"
time="2023-07-13 09:23:02" level=info msg="取得商品資料[{20 gg tttesttt 112 222   abc true} {15 b  1200 10    true} {14 a  1200 123    false} {7 TRX 123 500 1 堂  課程 true} {6 ck男生內褲 CK內褲 1980 3 1  性感 true} {3 哈達瑜珈 本課程適合首次來上課的人，一開始會先帶學員了解場館以及場館內的各式課程，並了解學員的目標以及目前身體的狀況、組成 (inbody)。在這些流程結束後開始讓學員體驗課程。(上體驗課程前，會先與您聯繫預期想體驗的課程。) 200 2 堂 https://images.unsplash.com/photo-1571019614242-c5c5dee9f50b?ixlib=rb-4.0.3&ixid=M3wxMjA3fDB8MHxwaG90by1wYWdlfHx8fGVufDB8fHx8fA%3D%3D&auto=format&fit=crop&w=2070&q=80 拉基 true} {1 CK內衣組 CK內衣 我的超人 1980 3 1  性感 true}]"
time="2023-07-13 09:23:07" level=info msg="國別碼2碼: XZ"
time="2023-07-13 09:23:07" level=info msg="國別碼3碼: XZZ"
time="2023-07-13 09:23:07" level=info msg="國家全名: IANA Special-Purpose Address"
time="2023-07-13 09:23:07" level=info msg="取得商品資料[{20 gg tttesttt 112 222   abc true} {15 b  1200 10    true} {14 a  1200 123    false} {7 TRX 123 500 1 堂  課程 true} {6 ck男生內褲 CK內褲 1980 3 1  性感 true} {3 哈達瑜珈 本課程適合首次來上課的人，一開始會先帶學員了解場館以及場館內的各式課程，並了解學員的目標以及目前身體的狀況、組成 (inbody)。在這些流程結束後開始讓學員體驗課程。(上體驗課程前，會先與您聯繫預期想體驗的課程。) 200 2 堂 https://images.unsplash.com/photo-1571019614242-c5c5dee9f50b?ixlib=rb-4.0.3&ixid=M3wxMjA3fDB8MHxwaG90by1wYWdlfHx8fGVufDB8fHx8fA%3D%3D&auto=format&fit=crop&w=2070&q=80 拉基 true} {1 CK內衣組 CK內衣 我的超人 1980 3 1  性感 true}]"
time="2023-07-13 09:24:39" level=info msg="國別碼2碼: XZ"
time="2023-07-13 09:24:39" level=info msg="國別碼3碼: XZZ"
time="2023-07-13 09:24:39" level=info msg="國家全名: IANA Special-Purpose Address"
time="2023-07-13 09:24:39" level=info msg="取得商品資料[{20 gg tttesttt 112 222   abc true} {15 b  1200 10    true} {14 a  1200 123    false} {7 TRX 123 500 1 堂  課程 true} {6 ck男生內褲 CK內褲 1980 3 1  性感 true} {3 哈達瑜珈 本課程適合首次來上課的人，一開始會先帶學員了解場館以及場館內的各式課程，並了解學員的目標以及目前身體的狀況、組成 (inbody)。在這些流程結束後開始讓學員體驗課程。(上體驗課程前，會先與您聯繫預期想體驗的課程。) 200 2 堂 https://images.unsplash.com/photo-1571019614242-c5c5dee9f50b?ixlib=rb-4.0.3&ixid=M3wxMjA3fDB8MHxwaG90by1wYWdlfHx8fGVufDB8fHx8fA%3D%3D&auto=format&fit=crop&w=2070&q=80 拉基 true} {1 CK內衣組 CK內衣 我的超人 1980 3 1  性感 true}]"
time="2023-07-13 09:24:45" level=info msg="國別碼2碼: XZ"
time="2023-07-13 09:24:45" level=info msg="國別碼3碼: XZZ"
time="2023-07-13 09:24:45" level=info msg="國家全名: IANA Special-Purpose Address"
time="2023-07-13 09:24:45" level=info msg="取得商品資料[{20 gg tttesttt 112 222   abc true} {15 b  1200 10    true} {14 a  1200 123    false} {7 TRX 123 500 1 堂  課程 true} {6 ck男生內褲 CK內褲 1980 3 1  性感 true} {3 哈達瑜珈 本課程適合首次來上課的人，一開始會先帶學員了解場館以及場館內的各式課程，並了解學員的目標以及目前身體的狀況、組成 (inbody)。在這些流程結束後開始讓學員體驗課程。(上體驗課程前，會先與您聯繫預期想體驗的課程。) 200 2 堂 https://images.unsplash.com/photo-1571019614242-c5c5dee9f50b?ixlib=rb-4.0.3&ixid=M3wxMjA3fDB8MHxwaG90by1wYWdlfHx8fGVufDB8fHx8fA%3D%3D&auto=format&fit=crop&w=2070&q=80 拉基 true} {1 CK內衣組 CK內衣 我的超人 1980 3 1  性感 true}]"
time="2023-07-13 09:25:20" level=info msg="國別碼2碼: XZ"
time="2023-07-13 09:25:20" level=info msg="國別碼3碼: XZZ"
time="2023-07-13 09:25:20" level=info msg="國家全名: IANA Special-Purpose Address"
time="2023-07-13 09:25:20" level=info msg="取得商品資料[{20 gg tttesttt 112 222   abc true} {15 b  1200 10    true} {14 a  1200 123    false} {7 TRX 123 500 1 堂  課程 true} {6 ck男生內褲 CK內褲 1980 3 1  性感 true} {3 哈達瑜珈 本課程適合首次來上課的人，一開始會先帶學員了解場館以及場館內的各式課程，並了解學員的目標以及目前身體的狀況、組成 (inbody)。在這些流程結束後開始讓學員體驗課程。(上體驗課程前，會先與您聯繫預期想體驗的課程。) 200 2 堂 https://images.unsplash.com/photo-1571019614242-c5c5dee9f50b?ixlib=rb-4.0.3&ixid=M3wxMjA3fDB8MHxwaG90by1wYWdlfHx8fGVufDB8fHx8fA%3D%3D&auto=format&fit=crop&w=2070&q=80 拉基 true} {1 CK內衣組 CK內衣 我的超人 1980 3 1  性感 true}]"
time="2023-07-13 09:25:27" level=info msg="國別碼2碼: XZ"
time="2023-07-13 09:25:27" level=info msg="國別碼3碼: XZZ"
time="2023-07-13 09:25:27" level=info msg="國家全名: IANA Special-Purpose Address"
time="2023-07-13 09:25:27" level=info msg="取得商品資料[{20 gg tttesttt 112 222   abc true} {15 b  1200 10    true} {14 a  1200 123    false} {7 TRX 123 500 1 堂  課程 true} {6 ck男生內褲 CK內褲 1980 3 1  性感 true} {3 哈達瑜珈 本課程適合首次來上課的人，一開始會先帶學員了解場館以及場館內的各式課程，並了解學員的目標以及目前身體的狀況、組成 (inbody)。在這些流程結束後開始讓學員體驗課程。(上體驗課程前，會先與您聯繫預期想體驗的課程。) 200 2 堂 https://images.unsplash.com/photo-1571019614242-c5c5dee9f50b?ixlib=rb-4.0.3&ixid=M3wxMjA3fDB8MHxwaG90by1wYWdlfHx8fGVufDB8fHx8fA%3D%3D&auto=format&fit=crop&w=2070&q=80 拉基 true} {1 CK內衣組 CK內衣 我的超人 1980 3 1  性感 true}]"
time="2023-07-13 09:25:31" level=info msg="國別碼2碼: XZ"
time="2023-07-13 09:25:31" level=info msg="國別碼3碼: XZZ"
time="2023-07-13 09:25:31" level=info msg="國家全名: IANA Special-Purpose Address"
time="2023-07-13 09:25:31" level=info msg="取得商品資料[{20 gg tttesttt 112 222   abc true} {15 b  1200 10    true} {14 a  1200 123    false} {7 TRX 123 500 1 堂  課程 true} {6 ck男生內褲 CK內褲 1980 3 1  性感 true} {3 哈達瑜珈 本課程適合首次來上課的人，一開始會先帶學員了解場館以及場館內的各式課程，並了解學員的目標以及目前身體的狀況、組成 (inbody)。在這些流程結束後開始讓學員體驗課程。(上體驗課程前，會先與您聯繫預期想體驗的課程。) 200 2 堂 https://images.unsplash.com/photo-1571019614242-c5c5dee9f50b?ixlib=rb-4.0.3&ixid=M3wxMjA3fDB8MHxwaG90by1wYWdlfHx8fGVufDB8fHx8fA%3D%3D&auto=format&fit=crop&w=2070&q=80 拉基 true} {1 CK內衣組 CK內衣 我的超人 1980 3 1  性感 true}]"
time="2023-07-13 09:28:34" level=info msg="國別碼2碼: XZ"
time="2023-07-13 09:28:34" level=info msg="國別碼3碼: XZZ"
time="2023-07-13 09:28:34" level=info msg="國家全名: IANA Special-Purpose Address"
time="2023-07-13 09:28:34" level=info msg="取得商品資料[{20 gg tttesttt 112 222   abc true} {15 b  1200 10    true} {14 a  1200 123    false} {7 TRX 123 500 1 堂  課程 true} {6 ck男生內褲 CK內褲 1980 3 1  性感 true} {3 哈達瑜珈 本課程適合首次來上課的人，一開始會先帶學員了解場館以及場館內的各式課程，並了解學員的目標以及目前身體的狀況、組成 (inbody)。在這些流程結束後開始讓學員體驗課程。(上體驗課程前，會先與您聯繫預期想體驗的課程。) 200 2 堂 https://images.unsplash.com/photo-1571019614242-c5c5dee9f50b?ixlib=rb-4.0.3&ixid=M3wxMjA3fDB8MHxwaG90by1wYWdlfHx8fGVufDB8fHx8fA%3D%3D&auto=format&fit=crop&w=2070&q=80 拉基 true} {1 CK內衣組 CK內衣 我的超人 1980 3 1  性感 true}]"
time="2023-07-13 09:29:09" level=info msg="國別碼2碼: XZ"
time="2023-07-13 09:29:09" level=info msg="國別碼3碼: XZZ"
time="2023-07-13 09:29:09" level=info msg="國家全名: IANA Special-Purpose Address"
time="2023-07-13 09:29:09" level=info msg="取得商品資料[{20 gg tttesttt 112 222   abc true} {15 b  1200 10    true} {14 a  1200 123    false} {7 TRX 123 500 1 堂  課程 true} {6 ck男生內褲 CK內褲 1980 3 1  性感 true} {3 哈達瑜珈 本課程適合首次來上課的人，一開始會先帶學員了解場館以及場館內的各式課程，並了解學員的目標以及目前身體的狀況、組成 (inbody)。在這些流程結束後開始讓學員體驗課程。(上體驗課程前，會先與您聯繫預期想體驗的課程。) 200 2 堂 https://images.unsplash.com/photo-1571019614242-c5c5dee9f50b?ixlib=rb-4.0.3&ixid=M3wxMjA3fDB8MHxwaG90by1wYWdlfHx8fGVufDB8fHx8fA%3D%3D&auto=format&fit=crop&w=2070&q=80 拉基 true} {1 CK內衣組 CK內衣 我的超人 1980 3 1  性感 true}]"
time="2023-07-13 09:29:47" level=info msg="國別碼2碼: XZ"
time="2023-07-13 09:29:47" level=info msg="國別碼3碼: XZZ"
time="2023-07-13 09:29:47" level=info msg="國家全名: IANA Special-Purpose Address"
time="2023-07-13 09:29:47" level=info msg="取得商品資料[{20 gg tttesttt 112 222   abc true} {15 b  1200 10    true} {14 a  1200 123    false} {7 TRX 123 500 1 堂  課程 true} {6 ck男生內褲 CK內褲 1980 3 1  性感 true} {3 哈達瑜珈 本課程適合首次來上課的人，一開始會先帶學員了解場館以及場館內的各式課程，並了解學員的目標以及目前身體的狀況、組成 (inbody)。在這些流程結束後開始讓學員體驗課程。(上體驗課程前，會先與您聯繫預期想體驗的課程。) 200 2 堂 https://images.unsplash.com/photo-1571019614242-c5c5dee9f50b?ixlib=rb-4.0.3&ixid=M3wxMjA3fDB8MHxwaG90by1wYWdlfHx8fGVufDB8fHx8fA%3D%3D&auto=format&fit=crop&w=2070&q=80 拉基 true} {1 CK內衣組 CK內衣 我的超人 1980 3 1  性感 true}]"
time="2023-07-13 09:30:52" level=info msg="國別碼2碼: XZ"
time="2023-07-13 09:30:52" level=info msg="國別碼3碼: XZZ"
time="2023-07-13 09:30:52" level=info msg="國家全名: IANA Special-Purpose Address"
time="2023-07-13 09:30:52" level=info msg="取得商品資料[{20 gg tttesttt 112 222   abc true} {15 b  1200 10    true} {14 a  1200 123    false} {7 TRX 123 500 1 堂  課程 true} {6 ck男生內褲 CK內褲 1980 3 1  性感 true} {3 哈達瑜珈 本課程適合首次來上課的人，一開始會先帶學員了解場館以及場館內的各式課程，並了解學員的目標以及目前身體的狀況、組成 (inbody)。在這些流程結束後開始讓學員體驗課程。(上體驗課程前，會先與您聯繫預期想體驗的課程。) 200 2 堂 https://images.unsplash.com/photo-1571019614242-c5c5dee9f50b?ixlib=rb-4.0.3&ixid=M3wxMjA3fDB8MHxwaG90by1wYWdlfHx8fGVufDB8fHx8fA%3D%3D&auto=format&fit=crop&w=2070&q=80 拉基 true} {1 CK內衣組 CK內衣 我的超人 1980 3 1  性感 true}]"
time="2023-07-13 09:33:30" level=info msg="國別碼2碼: XZ"
time="2023-07-13 09:33:30" level=info msg="國別碼3碼: XZZ"
time="2023-07-13 09:33:30" level=info msg="國家全名: IANA Special-Purpose Address"
time="2023-07-13 09:33:30" level=info msg="取得商品資料[{20 gg tttesttt 112 222   abc true} {15 b  1200 10    true} {14 a  1200 123    false} {7 TRX 123 500 1 堂  課程 true} {6 ck男生內褲 CK內褲 1980 3 1  性感 true} {3 哈達瑜珈 本課程適合首次來上課的人，一開始會先帶學員了解場館以及場館內的各式課程，並了解學員的目標以及目前身體的狀況、組成 (inbody)。在這些流程結束後開始讓學員體驗課程。(上體驗課程前，會先與您聯繫預期想體驗的課程。) 200 2 堂 https://images.unsplash.com/photo-1571019614242-c5c5dee9f50b?ixlib=rb-4.0.3&ixid=M3wxMjA3fDB8MHxwaG90by1wYWdlfHx8fGVufDB8fHx8fA%3D%3D&auto=format&fit=crop&w=2070&q=80 拉基 true} {1 CK內衣組 CK內衣 我的超人 1980 3 1  性感 true}]"
time="2023-07-13 09:33:35" level=info msg="國別碼2碼: XZ"
time="2023-07-13 09:33:35" level=info msg="國別碼3碼: XZZ"
time="2023-07-13 09:33:35" level=info msg="國家全名: IANA Special-Purpose Address"
time="2023-07-13 09:33:35" level=info msg="取得商品資料[{20 gg tttesttt 112 222   abc true} {15 b  1200 10    true} {14 a  1200 123    false} {7 TRX 123 500 1 堂  課程 true} {6 ck男生內褲 CK內褲 1980 3 1  性感 true} {3 哈達瑜珈 本課程適合首次來上課的人，一開始會先帶學員了解場館以及場館內的各式課程，並了解學員的目標以及目前身體的狀況、組成 (inbody)。在這些流程結束後開始讓學員體驗課程。(上體驗課程前，會先與您聯繫預期想體驗的課程。) 200 2 堂 https://images.unsplash.com/photo-1571019614242-c5c5dee9f50b?ixlib=rb-4.0.3&ixid=M3wxMjA3fDB8MHxwaG90by1wYWdlfHx8fGVufDB8fHx8fA%3D%3D&auto=format&fit=crop&w=2070&q=80 拉基 true} {1 CK內衣組 CK內衣 我的超人 1980 3 1  性感 true}]"
time="2023-07-13 09:35:15" level=info msg="國別碼2碼: XZ"
time="2023-07-13 09:35:15" level=info msg="國別碼3碼: XZZ"
time="2023-07-13 09:35:15" level=info msg="國家全名: IANA Special-Purpose Address"
time="2023-07-13 09:35:15" level=info msg="取得商品資料[{20 gg tttesttt 112 222   abc true} {15 b  1200 10    true} {14 a  1200 123    false} {7 TRX 123 500 1 堂  課程 true} {6 ck男生內褲 CK內褲 1980 3 1  性感 true} {3 哈達瑜珈 本課程適合首次來上課的人，一開始會先帶學員了解場館以及場館內的各式課程，並了解學員的目標以及目前身體的狀況、組成 (inbody)。在這些流程結束後開始讓學員體驗課程。(上體驗課程前，會先與您聯繫預期想體驗的課程。) 200 2 堂 https://images.unsplash.com/photo-1571019614242-c5c5dee9f50b?ixlib=rb-4.0.3&ixid=M3wxMjA3fDB8MHxwaG90by1wYWdlfHx8fGVufDB8fHx8fA%3D%3D&auto=format&fit=crop&w=2070&q=80 拉基 true} {1 CK內衣組 CK內衣 我的超人 1980 3 1  性感 true}]"
time="2023-07-13 09:40:04" level=info msg="國別碼2碼: US"
time="2023-07-13 09:40:04" level=info msg="國別碼3碼: USA"
time="2023-07-13 09:40:04" level=info msg="國家全名: United States of America (the)"
time="2023-07-13 09:40:05" level=info msg="國別碼2碼: US"
time="2023-07-13 09:40:05" level=info msg="國別碼3碼: USA"
time="2023-07-13 09:40:05" level=info msg="國家全名: United States of America (the)"
time="2023-07-13 09:40:06" level=info msg="國別碼2碼: US"
time="2023-07-13 09:40:06" level=info msg="國別碼3碼: USA"
time="2023-07-13 09:40:06" level=info msg="國家全名: United States of America (the)"
time="2023-07-13 09:40:07" level=info msg="國別碼2碼: US"
time="2023-07-13 09:40:07" level=info msg="國別碼3碼: USA"
time="2023-07-13 09:40:07" level=info msg="國家全名: United States of America (the)"
time="2023-07-13 09:40:08" level=info msg="國別碼2碼: US"
time="2023-07-13 09:40:08" level=info msg="國別碼3碼: USA"
time="2023-07-13 09:40:08" level=info msg="國家全名: United States of America (the)"
time="2023-07-13 09:43:40" level=info msg="國別碼2碼: XZ"
time="2023-07-13 09:43:40" level=info msg="國別碼3碼: XZZ"
time="2023-07-13 09:43:40" level=info msg="國家全名: IANA Special-Purpose Address"
time="2023-07-13 09:43:40" level=info msg="取得商品資料[{20 gg tttesttt 112 222   abc true} {15 b  1200 10    true} {14 a  1200 123    false} {7 TRX 123 500 1 堂  課程 true} {6 ck男生內褲 CK內褲 1980 3 1  性感 true} {3 哈達瑜珈 本課程適合首次來上課的人，一開始會先帶學員了解場館以及場館內的各式課程，並了解學員的目標以及目前身體的狀況、組成 (inbody)。在這些流程結束後開始讓學員體驗課程。(上體驗課程前，會先與您聯繫預期想體驗的課程。) 200 2 堂 https://images.unsplash.com/photo-1571019614242-c5c5dee9f50b?ixlib=rb-4.0.3&ixid=M3wxMjA3fDB8MHxwaG90by1wYWdlfHx8fGVufDB8fHx8fA%3D%3D&auto=format&fit=crop&w=2070&q=80 拉基 true} {1 CK內衣組 CK內衣 我的超人 1980 3 1  性感 true}]"
time="2023-07-13 09:48:37" level=info msg="國別碼2碼: XZ"
time="2023-07-13 09:48:37" level=info msg="國別碼3碼: XZZ"
time="2023-07-13 09:48:37" level=info msg="國家全名: IANA Special-Purpose Address"
time="2023-07-13 09:48:37" level=info msg="取得商品資料[{20 gg tttesttt 112 222   abc true} {15 b  1200 10    true} {14 a  1200 123    false} {7 TRX 123 500 1 堂  課程 true} {6 ck男生內褲 CK內褲 1980 3 1  性感 true} {3 哈達瑜珈 本課程適合首次來上課的人，一開始會先帶學員了解場館以及場館內的各式課程，並了解學員的目標以及目前身體的狀況、組成 (inbody)。在這些流程結束後開始讓學員體驗課程。(上體驗課程前，會先與您聯繫預期想體驗的課程。) 200 2 堂 https://images.unsplash.com/photo-1571019614242-c5c5dee9f50b?ixlib=rb-4.0.3&ixid=M3wxMjA3fDB8MHxwaG90by1wYWdlfHx8fGVufDB8fHx8fA%3D%3D&auto=format&fit=crop&w=2070&q=80 拉基 true} {1 CK內衣組 CK內衣 我的超人 1980 3 1  性感 true}]"
time="2023-07-13 09:48:41" level=info msg="國別碼2碼: XZ"
time="2023-07-13 09:48:41" level=info msg="國別碼3碼: XZZ"
time="2023-07-13 09:48:41" level=info msg="國家全名: IANA Special-Purpose Address"
time="2023-07-13 09:48:41" level=info msg="取得商品資料[{20 gg tttesttt 112 222   abc true} {15 b  1200 10    true} {14 a  1200 123    false} {7 TRX 123 500 1 堂  課程 true} {6 ck男生內褲 CK內褲 1980 3 1  性感 true} {3 哈達瑜珈 本課程適合首次來上課的人，一開始會先帶學員了解場館以及場館內的各式課程，並了解學員的目標以及目前身體的狀況、組成 (inbody)。在這些流程結束後開始讓學員體驗課程。(上體驗課程前，會先與您聯繫預期想體驗的課程。) 200 2 堂 https://images.unsplash.com/photo-1571019614242-c5c5dee9f50b?ixlib=rb-4.0.3&ixid=M3wxMjA3fDB8MHxwaG90by1wYWdlfHx8fGVufDB8fHx8fA%3D%3D&auto=format&fit=crop&w=2070&q=80 拉基 true} {1 CK內衣組 CK內衣 我的超人 1980 3 1  性感 true}]"
time="2023-07-13 09:49:17" level=info msg="國別碼2碼: XZ"
time="2023-07-13 09:49:17" level=info msg="國別碼3碼: XZZ"
time="2023-07-13 09:49:17" level=info msg="國家全名: IANA Special-Purpose Address"
time="2023-07-13 09:49:17" level=info msg="取得商品資料[{20 gg tttesttt 112 222   abc true} {15 b  1200 10    true} {14 a  1200 123    false} {7 TRX 123 500 1 堂  課程 true} {6 ck男生內褲 CK內褲 1980 3 1  性感 true} {3 哈達瑜珈 本課程適合首次來上課的人，一開始會先帶學員了解場館以及場館內的各式課程，並了解學員的目標以及目前身體的狀況、組成 (inbody)。在這些流程結束後開始讓學員體驗課程。(上體驗課程前，會先與您聯繫預期想體驗的課程。) 200 2 堂 https://images.unsplash.com/photo-1571019614242-c5c5dee9f50b?ixlib=rb-4.0.3&ixid=M3wxMjA3fDB8MHxwaG90by1wYWdlfHx8fGVufDB8fHx8fA%3D%3D&auto=format&fit=crop&w=2070&q=80 拉基 true} {1 CK內衣組 CK內衣 我的超人 1980 3 1  性感 true}]"
time="2023-07-13 09:52:40" level=info msg="國別碼2碼: XZ"
time="2023-07-13 09:52:40" level=info msg="國別碼3碼: XZZ"
time="2023-07-13 09:52:40" level=info msg="國家全名: IANA Special-Purpose Address"
time="2023-07-13 09:52:40" level=info msg="取得商品資料[{20 gg tttesttt 112 222   abc true} {15 b  1200 10    true} {14 a  1200 123    false} {7 TRX 123 500 1 堂  課程 true} {6 ck男生內褲 CK內褲 1980 3 1  性感 true} {3 哈達瑜珈 本課程適合首次來上課的人，一開始會先帶學員了解場館以及場館內的各式課程，並了解學員的目標以及目前身體的狀況、組成 (inbody)。在這些流程結束後開始讓學員體驗課程。(上體驗課程前，會先與您聯繫預期想體驗的課程。) 200 2 堂 https://images.unsplash.com/photo-1571019614242-c5c5dee9f50b?ixlib=rb-4.0.3&ixid=M3wxMjA3fDB8MHxwaG90by1wYWdlfHx8fGVufDB8fHx8fA%3D%3D&auto=format&fit=crop&w=2070&q=80 拉基 true} {1 CK內衣組 CK內衣 我的超人 1980 3 1  性感 true}]"
time="2023-07-13 09:52:49" level=info msg="國別碼2碼: XZ"
time="2023-07-13 09:52:49" level=info msg="國別碼3碼: XZZ"
time="2023-07-13 09:52:49" level=info msg="國家全名: IANA Special-Purpose Address"
time="2023-07-13 09:52:49" level=info msg="取得商品資料[{20 gg tttesttt 112 222   abc true} {15 b  1200 10    true} {14 a  1200 123    false} {7 TRX 123 500 1 堂  課程 true} {6 ck男生內褲 CK內褲 1980 3 1  性感 true} {3 哈達瑜珈 本課程適合首次來上課的人，一開始會先帶學員了解場館以及場館內的各式課程，並了解學員的目標以及目前身體的狀況、組成 (inbody)。在這些流程結束後開始讓學員體驗課程。(上體驗課程前，會先與您聯繫預期想體驗的課程。) 200 2 堂 https://images.unsplash.com/photo-1571019614242-c5c5dee9f50b?ixlib=rb-4.0.3&ixid=M3wxMjA3fDB8MHxwaG90by1wYWdlfHx8fGVufDB8fHx8fA%3D%3D&auto=format&fit=crop&w=2070&q=80 拉基 true} {1 CK內衣組 CK內衣 我的超人 1980 3 1  性感 true}]"
time="2023-07-13 09:54:02" level=info msg="國別碼2碼: XZ"
time="2023-07-13 09:54:02" level=info msg="國別碼3碼: XZZ"
time="2023-07-13 09:54:02" level=info msg="國家全名: IANA Special-Purpose Address"
time="2023-07-13 09:54:02" level=info msg="取得商品資料[{20 gg tttesttt 112 222   abc true} {15 b  1200 10    true} {14 a  1200 123    false} {7 TRX 123 500 1 堂  課程 true} {6 ck男生內褲 CK內褲 1980 3 1  性感 true} {3 哈達瑜珈 本課程適合首次來上課的人，一開始會先帶學員了解場館以及場館內的各式課程，並了解學員的目標以及目前身體的狀況、組成 (inbody)。在這些流程結束後開始讓學員體驗課程。(上體驗課程前，會先與您聯繫預期想體驗的課程。) 200 2 堂 https://images.unsplash.com/photo-1571019614242-c5c5dee9f50b?ixlib=rb-4.0.3&ixid=M3wxMjA3fDB8MHxwaG90by1wYWdlfHx8fGVufDB8fHx8fA%3D%3D&auto=format&fit=crop&w=2070&q=80 拉基 true} {1 CK內衣組 CK內衣 我的超人 1980 3 1  性感 true}]"
time="2023-07-13 09:54:50" level=info msg="國別碼2碼: XZ"
time="2023-07-13 09:54:50" level=info msg="國別碼3碼: XZZ"
time="2023-07-13 09:54:50" level=info msg="國家全名: IANA Special-Purpose Address"
time="2023-07-13 09:54:50" level=info msg="取得商品資料[{20 gg tttesttt 112 222   abc true} {15 b  1200 10    true} {14 a  1200 123    false} {7 TRX 123 500 1 堂  課程 true} {6 ck男生內褲 CK內褲 1980 3 1  性感 true} {3 哈達瑜珈 本課程適合首次來上課的人，一開始會先帶學員了解場館以及場館內的各式課程，並了解學員的目標以及目前身體的狀況、組成 (inbody)。在這些流程結束後開始讓學員體驗課程。(上體驗課程前，會先與您聯繫預期想體驗的課程。) 200 2 堂 https://images.unsplash.com/photo-1571019614242-c5c5dee9f50b?ixlib=rb-4.0.3&ixid=M3wxMjA3fDB8MHxwaG90by1wYWdlfHx8fGVufDB8fHx8fA%3D%3D&auto=format&fit=crop&w=2070&q=80 拉基 true} {1 CK內衣組 CK內衣 我的超人 1980 3 1  性感 true}]"
time="2023-07-13 09:54:52" level=info msg="國別碼2碼: XZ"
time="2023-07-13 09:54:52" level=info msg="國別碼3碼: XZZ"
time="2023-07-13 09:54:52" level=info msg="國家全名: IANA Special-Purpose Address"
time="2023-07-13 09:54:52" level=info msg="取得商品資料[{20 gg tttesttt 112 222   abc true} {15 b  1200 10    true} {14 a  1200 123    false} {7 TRX 123 500 1 堂  課程 true} {6 ck男生內褲 CK內褲 1980 3 1  性感 true} {3 哈達瑜珈 本課程適合首次來上課的人，一開始會先帶學員了解場館以及場館內的各式課程，並了解學員的目標以及目前身體的狀況、組成 (inbody)。在這些流程結束後開始讓學員體驗課程。(上體驗課程前，會先與您聯繫預期想體驗的課程。) 200 2 堂 https://images.unsplash.com/photo-1571019614242-c5c5dee9f50b?ixlib=rb-4.0.3&ixid=M3wxMjA3fDB8MHxwaG90by1wYWdlfHx8fGVufDB8fHx8fA%3D%3D&auto=format&fit=crop&w=2070&q=80 拉基 true} {1 CK內衣組 CK內衣 我的超人 1980 3 1  性感 true}]"
time="2023-07-13 09:57:01" level=info msg="國別碼2碼: XZ"
time="2023-07-13 09:57:01" level=info msg="國別碼3碼: XZZ"
time="2023-07-13 09:57:01" level=info msg="國家全名: IANA Special-Purpose Address"
time="2023-07-13 09:57:01" level=info msg="取得商品資料[{20 gg tttesttt 112 222   abc true} {15 b  1200 10    true} {14 a  1200 123    false} {7 TRX 123 500 1 堂  課程 true} {6 ck男生內褲 CK內褲 1980 3 1  性感 true} {3 哈達瑜珈 本課程適合首次來上課的人，一開始會先帶學員了解場館以及場館內的各式課程，並了解學員的目標以及目前身體的狀況、組成 (inbody)。在這些流程結束後開始讓學員體驗課程。(上體驗課程前，會先與您聯繫預期想體驗的課程。) 200 2 堂 https://images.unsplash.com/photo-1571019614242-c5c5dee9f50b?ixlib=rb-4.0.3&ixid=M3wxMjA3fDB8MHxwaG90by1wYWdlfHx8fGVufDB8fHx8fA%3D%3D&auto=format&fit=crop&w=2070&q=80 拉基 true} {1 CK內衣組 CK內衣 我的超人 1980 3 1  性感 true}]"
time="2023-07-13 09:57:41" level=info msg="國別碼2碼: XZ"
time="2023-07-13 09:57:41" level=info msg="國別碼3碼: XZZ"
time="2023-07-13 09:57:41" level=info msg="國家全名: IANA Special-Purpose Address"
time="2023-07-13 09:57:41" level=info msg="取得商品資料[{20 gg tttesttt 112 222   abc true} {15 b  1200 10    true} {14 a  1200 123    false} {7 TRX 123 500 1 堂  課程 true} {6 ck男生內褲 CK內褲 1980 3 1  性感 true} {3 哈達瑜珈 本課程適合首次來上課的人，一開始會先帶學員了解場館以及場館內的各式課程，並了解學員的目標以及目前身體的狀況、組成 (inbody)。在這些流程結束後開始讓學員體驗課程。(上體驗課程前，會先與您聯繫預期想體驗的課程。) 200 2 堂 https://images.unsplash.com/photo-1571019614242-c5c5dee9f50b?ixlib=rb-4.0.3&ixid=M3wxMjA3fDB8MHxwaG90by1wYWdlfHx8fGVufDB8fHx8fA%3D%3D&auto=format&fit=crop&w=2070&q=80 拉基 true} {1 CK內衣組 CK內衣 我的超人 1980 3 1  性感 true}]"
time="2023-07-13 09:59:45" level=info msg="國別碼2碼: CA"
time="2023-07-13 09:59:45" level=info msg="國別碼3碼: CAN"
time="2023-07-13 09:59:45" level=info msg="國家全名: Canada"
time="2023-07-13 09:59:46" level=info msg="國別碼2碼: CA"
time="2023-07-13 09:59:46" level=info msg="國別碼3碼: CAN"
time="2023-07-13 09:59:46" level=info msg="國家全名: Canada"
time="2023-07-13 10:03:26" level=info msg="國別碼2碼: US"
time="2023-07-13 10:03:26" level=info msg="國別碼3碼: USA"
time="2023-07-13 10:03:26" level=info msg="國家全名: United States of America (the)"
time="2023-07-13 10:05:20" level=info msg="國別碼2碼: XZ"
time="2023-07-13 10:05:20" level=info msg="國別碼3碼: XZZ"
time="2023-07-13 10:05:20" level=info msg="國家全名: IANA Special-Purpose Address"
time="2023-07-13 10:05:20" level=info msg="取得商品資料[{20 gg tttesttt 112 222   abc true} {15 b  1200 10    true} {14 a  1200 123    false} {7 TRX 123 500 1 堂  課程 true} {6 ck男生內褲 CK內褲 1980 3 1  性感 true} {3 哈達瑜珈 本課程適合首次來上課的人，一開始會先帶學員了解場館以及場館內的各式課程，並了解學員的目標以及目前身體的狀況、組成 (inbody)。在這些流程結束後開始讓學員體驗課程。(上體驗課程前，會先與您聯繫預期想體驗的課程。) 200 2 堂 https://images.unsplash.com/photo-1571019614242-c5c5dee9f50b?ixlib=rb-4.0.3&ixid=M3wxMjA3fDB8MHxwaG90by1wYWdlfHx8fGVufDB8fHx8fA%3D%3D&auto=format&fit=crop&w=2070&q=80 拉基 true} {1 CK內衣組 CK內衣 我的超人 1980 3 1  性感 true}]"
time="2023-07-13 10:06:24" level=info msg="國別碼2碼: XZ"
time="2023-07-13 10:06:24" level=info msg="國別碼3碼: XZZ"
time="2023-07-13 10:06:24" level=info msg="國家全名: IANA Special-Purpose Address"
time="2023-07-13 10:06:24" level=info msg="取得商品資料[{20 gg tttesttt 112 222   abc true} {15 b  1200 10    true} {14 a  1200 123    false} {7 TRX 123 500 1 堂  課程 true} {6 ck男生內褲 CK內褲 1980 3 1  性感 true} {3 哈達瑜珈 本課程適合首次來上課的人，一開始會先帶學員了解場館以及場館內的各式課程，並了解學員的目標以及目前身體的狀況、組成 (inbody)。在這些流程結束後開始讓學員體驗課程。(上體驗課程前，會先與您聯繫預期想體驗的課程。) 200 2 堂 https://images.unsplash.com/photo-1571019614242-c5c5dee9f50b?ixlib=rb-4.0.3&ixid=M3wxMjA3fDB8MHxwaG90by1wYWdlfHx8fGVufDB8fHx8fA%3D%3D&auto=format&fit=crop&w=2070&q=80 拉基 true} {1 CK內衣組 CK內衣 我的超人 1980 3 1  性感 true}]"
time="2023-07-13 10:06:31" level=info msg="國別碼2碼: XZ"
time="2023-07-13 10:06:31" level=info msg="國別碼3碼: XZZ"
time="2023-07-13 10:06:31" level=info msg="國家全名: IANA Special-Purpose Address"
time="2023-07-13 10:06:31" level=info msg="取得商品資料[{20 gg tttesttt 112 222   abc true} {15 b  1200 10    true} {14 a  1200 123    false} {7 TRX 123 500 1 堂  課程 true} {6 ck男生內褲 CK內褲 1980 3 1  性感 true} {3 哈達瑜珈 本課程適合首次來上課的人，一開始會先帶學員了解場館以及場館內的各式課程，並了解學員的目標以及目前身體的狀況、組成 (inbody)。在這些流程結束後開始讓學員體驗課程。(上體驗課程前，會先與您聯繫預期想體驗的課程。) 200 2 堂 https://images.unsplash.com/photo-1571019614242-c5c5dee9f50b?ixlib=rb-4.0.3&ixid=M3wxMjA3fDB8MHxwaG90by1wYWdlfHx8fGVufDB8fHx8fA%3D%3D&auto=format&fit=crop&w=2070&q=80 拉基 true} {1 CK內衣組 CK內衣 我的超人 1980 3 1  性感 true}]"
time="2023-07-13 10:06:40" level=info msg="國別碼2碼: XZ"
time="2023-07-13 10:06:40" level=info msg="國別碼3碼: XZZ"
time="2023-07-13 10:06:40" level=info msg="國家全名: IANA Special-Purpose Address"
time="2023-07-13 10:06:40" level=info msg="取得商品資料[{20 gg tttesttt 112 222   abc true} {15 b  1200 10    true} {14 a  1200 123    false} {7 TRX 123 500 1 堂  課程 true} {6 ck男生內褲 CK內褲 1980 3 1  性感 true} {3 哈達瑜珈 本課程適合首次來上課的人，一開始會先帶學員了解場館以及場館內的各式課程，並了解學員的目標以及目前身體的狀況、組成 (inbody)。在這些流程結束後開始讓學員體驗課程。(上體驗課程前，會先與您聯繫預期想體驗的課程。) 200 2 堂 https://images.unsplash.com/photo-1571019614242-c5c5dee9f50b?ixlib=rb-4.0.3&ixid=M3wxMjA3fDB8MHxwaG90by1wYWdlfHx8fGVufDB8fHx8fA%3D%3D&auto=format&fit=crop&w=2070&q=80 拉基 true} {1 CK內衣組 CK內衣 我的超人 1980 3 1  性感 true}]"
time="2023-07-13 10:08:30" level=info msg="國別碼2碼: CA"
time="2023-07-13 10:08:30" level=info msg="國別碼3碼: CAN"
time="2023-07-13 10:08:30" level=info msg="國家全名: Canada"
time="2023-07-13 10:08:31" level=info msg="國別碼2碼: CA"
time="2023-07-13 10:08:31" level=info msg="國別碼3碼: CAN"
time="2023-07-13 10:08:31" level=info msg="國家全名: Canada"
time="2023-07-13 10:09:02" level=info msg="國別碼2碼: XZ"
time="2023-07-13 10:09:02" level=info msg="國別碼3碼: XZZ"
time="2023-07-13 10:09:02" level=info msg="國家全名: IANA Special-Purpose Address"
time="2023-07-13 10:09:02" level=info msg="取得商品資料[{20 gg tttesttt 112 222   abc true} {15 b  1200 10    true} {14 a  1200 123    false} {7 TRX 123 500 1 堂  課程 true} {6 ck男生內褲 CK內褲 1980 3 1  性感 true} {3 哈達瑜珈 本課程適合首次來上課的人，一開始會先帶學員了解場館以及場館內的各式課程，並了解學員的目標以及目前身體的狀況、組成 (inbody)。在這些流程結束後開始讓學員體驗課程。(上體驗課程前，會先與您聯繫預期想體驗的課程。) 200 2 堂 https://images.unsplash.com/photo-1571019614242-c5c5dee9f50b?ixlib=rb-4.0.3&ixid=M3wxMjA3fDB8MHxwaG90by1wYWdlfHx8fGVufDB8fHx8fA%3D%3D&auto=format&fit=crop&w=2070&q=80 拉基 true} {1 CK內衣組 CK內衣 我的超人 1980 3 1  性感 true}]"
time="2023-07-13 10:09:05" level=info msg="國別碼2碼: XZ"
time="2023-07-13 10:09:05" level=info msg="國別碼3碼: XZZ"
time="2023-07-13 10:09:05" level=info msg="國家全名: IANA Special-Purpose Address"
time="2023-07-13 10:09:05" level=info msg="取得商品資料[{20 gg tttesttt 112 222   abc true} {15 b  1200 10    true} {14 a  1200 123    false} {7 TRX 123 500 1 堂  課程 true} {6 ck男生內褲 CK內褲 1980 3 1  性感 true} {3 哈達瑜珈 本課程適合首次來上課的人，一開始會先帶學員了解場館以及場館內的各式課程，並了解學員的目標以及目前身體的狀況、組成 (inbody)。在這些流程結束後開始讓學員體驗課程。(上體驗課程前，會先與您聯繫預期想體驗的課程。) 200 2 堂 https://images.unsplash.com/photo-1571019614242-c5c5dee9f50b?ixlib=rb-4.0.3&ixid=M3wxMjA3fDB8MHxwaG90by1wYWdlfHx8fGVufDB8fHx8fA%3D%3D&auto=format&fit=crop&w=2070&q=80 拉基 true} {1 CK內衣組 CK內衣 我的超人 1980 3 1  性感 true}]"
time="2023-07-13 10:09:10" level=info msg="國別碼2碼: XZ"
time="2023-07-13 10:09:10" level=info msg="國別碼3碼: XZZ"
time="2023-07-13 10:09:10" level=info msg="國家全名: IANA Special-Purpose Address"
time="2023-07-13 10:09:10" level=info msg="取得商品資料[{20 gg tttesttt 112 222   abc true} {15 b  1200 10    true} {14 a  1200 123    false} {7 TRX 123 500 1 堂  課程 true} {6 ck男生內褲 CK內褲 1980 3 1  性感 true} {3 哈達瑜珈 本課程適合首次來上課的人，一開始會先帶學員了解場館以及場館內的各式課程，並了解學員的目標以及目前身體的狀況、組成 (inbody)。在這些流程結束後開始讓學員體驗課程。(上體驗課程前，會先與您聯繫預期想體驗的課程。) 200 2 堂 https://images.unsplash.com/photo-1571019614242-c5c5dee9f50b?ixlib=rb-4.0.3&ixid=M3wxMjA3fDB8MHxwaG90by1wYWdlfHx8fGVufDB8fHx8fA%3D%3D&auto=format&fit=crop&w=2070&q=80 拉基 true} {1 CK內衣組 CK內衣 我的超人 1980 3 1  性感 true}]"
time="2023-07-13 10:24:21" level=info msg="國別碼2碼: GB"
time="2023-07-13 10:24:21" level=info msg="國別碼3碼: GBR"
time="2023-07-13 10:24:21" level=info msg="國家全名: United Kingdom of Great Britain and Northern Ireland (the)"
time="2023-07-13 11:02:18" level=info msg="國別碼2碼: PT"
time="2023-07-13 11:02:18" level=info msg="國別碼3碼: PRT"
time="2023-07-13 11:02:18" level=info msg="國家全名: Portugal"
time="2023-07-13 11:02:19" level=info msg="國別碼2碼: PT"
time="2023-07-13 11:02:19" level=info msg="國別碼3碼: PRT"
time="2023-07-13 11:02:19" level=info msg="國家全名: Portugal"
time="2023-07-13 11:07:48" level=info msg="國別碼2碼: CA"
time="2023-07-13 11:07:48" level=info msg="國別碼3碼: CAN"
time="2023-07-13 11:07:48" level=info msg="國家全名: Canada"
time="2023-07-13 11:07:49" level=info msg="國別碼2碼: CA"
time="2023-07-13 11:07:49" level=info msg="國別碼3碼: CAN"
time="2023-07-13 11:07:49" level=info msg="國家全名: Canada"
time="2023-07-13 11:22:43" level=info msg="國別碼2碼: LT"
time="2023-07-13 11:22:43" level=info msg="國別碼3碼: LTU"
time="2023-07-13 11:22:43" level=info msg="國家全名: Lithuania"
time="2023-07-13 11:31:36" level=info msg="國別碼2碼: GB"
time="2023-07-13 11:31:36" level=info msg="國別碼3碼: GBR"
time="2023-07-13 11:31:36" level=info msg="國家全名: United Kingdom of Great Britain and Northern Ireland (the)"
time="2023-07-13 11:35:08" level=info msg="國別碼2碼: SG"
time="2023-07-13 11:35:08" level=info msg="國別碼3碼: SGP"
time="2023-07-13 11:35:08" level=info msg="國家全名: Singapore"
time="2023-07-13 12:21:21" level=info msg="國別碼2碼: FR"
time="2023-07-13 12:21:21" level=info msg="國別碼3碼: FRA"
time="2023-07-13 12:21:21" level=info msg="國家全名: France"
time="2023-07-13 12:48:40" level=info msg="國別碼2碼: CA"
time="2023-07-13 12:48:40" level=info msg="國別碼3碼: CAN"
time="2023-07-13 12:48:40" level=info msg="國家全名: Canada"
time="2023-07-13 12:48:41" level=info msg="國別碼2碼: CA"
time="2023-07-13 12:48:41" level=info msg="國別碼3碼: CAN"
time="2023-07-13 12:48:41" level=info msg="國家全名: Canada"
time="2023-07-13 13:05:13" level=info msg="國別碼2碼: BE"
time="2023-07-13 13:05:13" level=info msg="國別碼3碼: BEL"
time="2023-07-13 13:05:13" level=info msg="國家全名: Belgium"
time="2023-07-13 13:29:45" level=info msg="國別碼2碼: GB"
time="2023-07-13 13:29:45" level=info msg="國別碼3碼: GBR"
time="2023-07-13 13:29:45" level=info msg="國家全名: United Kingdom of Great Britain and Northern Ireland (the)"
time="2023-07-13 14:18:25" level=info msg="國別碼2碼: LT"
time="2023-07-13 14:18:25" level=info msg="國別碼3碼: LTU"
time="2023-07-13 14:18:25" level=info msg="國家全名: Lithuania"
time="2023-07-13 14:29:29" level=info msg="國別碼2碼: CN"
time="2023-07-13 14:29:29" level=info msg="國別碼3碼: CHN"
time="2023-07-13 14:29:29" level=info msg="國家全名: China"
time="2023-07-13 14:47:53" level=info msg="國別碼2碼: FR"
time="2023-07-13 14:47:53" level=info msg="國別碼3碼: FRA"
time="2023-07-13 14:47:53" level=info msg="國家全名: France"
time="2023-07-13 14:57:37" level=info msg="國別碼2碼: US"
time="2023-07-13 14:57:37" level=info msg="國別碼3碼: USA"
time="2023-07-13 14:57:37" level=info msg="國家全名: United States of America (the)"
time="2023-07-13 14:57:38" level=info msg="國別碼2碼: US"
time="2023-07-13 14:57:38" level=info msg="國別碼3碼: USA"
time="2023-07-13 14:57:38" level=info msg="國家全名: United States of America (the)"
time="2023-07-13 15:07:01" level=info msg="國別碼2碼: CA"
time="2023-07-13 15:07:01" level=info msg="國別碼3碼: CAN"
time="2023-07-13 15:07:01" level=info msg="國家全名: Canada"
time="2023-07-13 15:07:02" level=info msg="國別碼2碼: CA"
time="2023-07-13 15:07:02" level=info msg="國別碼3碼: CAN"
time="2023-07-13 15:07:02" level=info msg="國家全名: Canada"
time="2023-07-13 15:20:56" level=info msg="國別碼2碼: CA"
time="2023-07-13 15:20:56" level=info msg="國別碼3碼: CAN"
time="2023-07-13 15:20:56" level=info msg="國家全名: Canada"
time="2023-07-13 15:20:57" level=info msg="國別碼2碼: CA"
time="2023-07-13 15:20:57" level=info msg="國別碼3碼: CAN"
time="2023-07-13 15:20:57" level=info msg="國家全名: Canada"
time="2023-07-13 15:22:43" level=info msg="國別碼2碼: AU"
time="2023-07-13 15:22:43" level=info msg="國別碼3碼: AUS"
time="2023-07-13 15:22:43" level=info msg="國家全名: Australia"
time="2023-07-13 15:48:30" level=info msg="國別碼2碼: PS"
time="2023-07-13 15:48:30" level=info msg="國別碼3碼: PSE"
time="2023-07-13 15:48:30" level=info msg="國家全名: Palestine, State of"
time="2023-07-13 15:48:30" level=info msg="國別碼2碼: PS"
time="2023-07-13 15:48:30" level=info msg="國別碼3碼: PSE"
time="2023-07-13 15:48:30" level=info msg="國家全名: Palestine, State of"
time="2023-07-13 15:48:30" level=info msg="國別碼2碼: PS"
time="2023-07-13 15:48:30" level=info msg="國別碼3碼: PSE"
time="2023-07-13 15:48:30" level=info msg="國家全名: Palestine, State of"
time="2023-07-13 15:48:30" level=info msg="國別碼2碼: PS"
time="2023-07-13 15:48:30" level=info msg="國別碼3碼: PSE"
time="2023-07-13 15:48:30" level=info msg="國家全名: Palestine, State of"
time="2023-07-13 16:26:53" level=info msg="國別碼2碼: CA"
time="2023-07-13 16:26:53" level=info msg="國別碼3碼: CAN"
time="2023-07-13 16:26:53" level=info msg="國家全名: Canada"
time="2023-07-13 16:26:54" level=info msg="國別碼2碼: CA"
time="2023-07-13 16:26:54" level=info msg="國別碼3碼: CAN"
time="2023-07-13 16:26:54" level=info msg="國家全名: Canada"
time="2023-07-13 17:11:18" level=info msg="國別碼2碼: US"
time="2023-07-13 17:11:18" level=info msg="國別碼3碼: USA"
time="2023-07-13 17:11:18" level=info msg="國家全名: United States of America (the)"
time="2023-07-13 17:35:10" level=info msg="國別碼2碼: US"
time="2023-07-13 17:35:10" level=info msg="國別碼3碼: USA"
time="2023-07-13 17:35:10" level=info msg="國家全名: United States of America (the)"
time="2023-07-13 17:35:11" level=info msg="國別碼2碼: US"
time="2023-07-13 17:35:11" level=info msg="國別碼3碼: USA"
time="2023-07-13 17:35:11" level=info msg="國家全名: United States of America (the)"
time="2023-07-13 17:47:40" level=info msg="國別碼2碼: CA"
time="2023-07-13 17:47:40" level=info msg="國別碼3碼: CAN"
time="2023-07-13 17:47:40" level=info msg="國家全名: Canada"
time="2023-07-13 17:47:41" level=info msg="國別碼2碼: CA"
time="2023-07-13 17:47:41" level=info msg="國別碼3碼: CAN"
time="2023-07-13 17:47:41" level=info msg="國家全名: Canada"
time="2023-07-13 17:50:31" level=info msg="國別碼2碼: NL"
time="2023-07-13 17:50:31" level=info msg="國別碼3碼: NLD"
time="2023-07-13 17:50:31" level=info msg="國家全名: Netherlands (the)"
time="2023-07-13 18:10:43" level=info msg="國別碼2碼: CA"
time="2023-07-13 18:10:43" level=info msg="國別碼3碼: CAN"
time="2023-07-13 18:10:43" level=info msg="國家全名: Canada"
time="2023-07-13 18:10:44" level=info msg="國別碼2碼: CA"
time="2023-07-13 18:10:44" level=info msg="國別碼3碼: CAN"
time="2023-07-13 18:10:44" level=info msg="國家全名: Canada"
time="2023-07-13 18:38:33" level=info msg="國別碼2碼: IN"
time="2023-07-13 18:38:33" level=info msg="國別碼3碼: IND"
time="2023-07-13 18:38:33" level=info msg="國家全名: India"
time="2023-07-13 18:45:11" level=info msg="國別碼2碼: US"
time="2023-07-13 18:45:11" level=info msg="國別碼3碼: USA"
time="2023-07-13 18:45:11" level=info msg="國家全名: United States of America (the)"
time="2023-07-13 18:51:13" level=info msg="國別碼2碼: GB"
time="2023-07-13 18:51:13" level=info msg="國別碼3碼: GBR"
time="2023-07-13 18:51:13" level=info msg="國家全名: United Kingdom of Great Britain and Northern Ireland (the)"
time="2023-07-13 19:26:19" level=info msg="國別碼2碼: CA"
time="2023-07-13 19:26:19" level=info msg="國別碼3碼: CAN"
time="2023-07-13 19:26:19" level=info msg="國家全名: Canada"
time="2023-07-13 19:26:20" level=info msg="國別碼2碼: CA"
time="2023-07-13 19:26:20" level=info msg="國別碼3碼: CAN"
time="2023-07-13 19:26:20" level=info msg="國家全名: Canada"
time="2023-07-13 19:36:54" level=info msg="國別碼2碼: VN"
time="2023-07-13 19:36:54" level=info msg="國別碼3碼: VNM"
time="2023-07-13 19:36:54" level=info msg="國家全名: Viet Nam"
time="2023-07-13 19:54:00" level=info msg="國別碼2碼: NL"
time="2023-07-13 19:54:00" level=info msg="國別碼3碼: NLD"
time="2023-07-13 19:54:00" level=info msg="國家全名: Netherlands (the)"
time="2023-07-13 20:05:01" level=info msg="國別碼2碼: US"
time="2023-07-13 20:05:01" level=info msg="國別碼3碼: USA"
time="2023-07-13 20:05:01" level=info msg="國家全名: United States of America (the)"
time="2023-07-13 20:05:03" level=info msg="國別碼2碼: US"
time="2023-07-13 20:05:03" level=info msg="國別碼3碼: USA"
time="2023-07-13 20:05:03" level=info msg="國家全名: United States of America (the)"
time="2023-07-13 20:05:04" level=info msg="國別碼2碼: US"
time="2023-07-13 20:05:04" level=info msg="國別碼3碼: USA"
time="2023-07-13 20:05:04" level=info msg="國家全名: United States of America (the)"
time="2023-07-13 20:05:05" level=info msg="國別碼2碼: US"
time="2023-07-13 20:05:05" level=info msg="國別碼3碼: USA"
time="2023-07-13 20:05:05" level=info msg="國家全名: United States of America (the)"
time="2023-07-13 20:05:06" level=info msg="國別碼2碼: US"
time="2023-07-13 20:05:06" level=info msg="國別碼3碼: USA"
time="2023-07-13 20:05:06" level=info msg="國家全名: United States of America (the)"
time="2023-07-13 20:08:15" level=info msg="國別碼2碼: LT"
time="2023-07-13 20:08:15" level=info msg="國別碼3碼: LTU"
time="2023-07-13 20:08:15" level=info msg="國家全名: Lithuania"
time="2023-07-13 20:11:19" level=info msg="國別碼2碼: CA"
time="2023-07-13 20:11:19" level=info msg="國別碼3碼: CAN"
time="2023-07-13 20:11:19" level=info msg="國家全名: Canada"
time="2023-07-13 20:11:20" level=info msg="國別碼2碼: CA"
time="2023-07-13 20:11:20" level=info msg="國別碼3碼: CAN"
time="2023-07-13 20:11:20" level=info msg="國家全名: Canada"
time="2023-07-13 20:19:18" level=info msg="國別碼2碼: RU"
time="2023-07-13 20:19:18" level=info msg="國別碼3碼: RUS"
time="2023-07-13 20:19:18" level=info msg="國家全名: Russian Federation (the)"
time="2023-07-13 20:59:46" level=info msg="國別碼2碼: PT"
time="2023-07-13 20:59:46" level=info msg="國別碼3碼: PRT"
time="2023-07-13 20:59:46" level=info msg="國家全名: Portugal"
time="2023-07-13 21:11:58" level=info msg="國別碼2碼: CA"
time="2023-07-13 21:11:58" level=info msg="國別碼3碼: CAN"
time="2023-07-13 21:11:58" level=info msg="國家全名: Canada"
time="2023-07-13 21:11:59" level=info msg="國別碼2碼: CA"
time="2023-07-13 21:11:59" level=info msg="國別碼3碼: CAN"
time="2023-07-13 21:11:59" level=info msg="國家全名: Canada"
time="2023-07-13 21:23:40" level=info msg="國別碼2碼: US"
time="2023-07-13 21:23:40" level=info msg="國別碼3碼: USA"
time="2023-07-13 21:23:40" level=info msg="國家全名: United States of America (the)"
time="2023-07-13 21:47:39" level=info msg="國別碼2碼: CA"
time="2023-07-13 21:47:39" level=info msg="國別碼3碼: CAN"
time="2023-07-13 21:47:39" level=info msg="國家全名: Canada"
time="2023-07-13 21:47:40" level=info msg="國別碼2碼: CA"
time="2023-07-13 21:47:40" level=info msg="國別碼3碼: CAN"
time="2023-07-13 21:47:40" level=info msg="國家全名: Canada"
time="2023-07-13 21:51:39" level=info msg="國別碼2碼: LT"
time="2023-07-13 21:51:39" level=info msg="國別碼3碼: LTU"
time="2023-07-13 21:51:39" level=info msg="國家全名: Lithuania"
time="2023-07-13 22:04:27" level=info msg="國別碼2碼: RO"
time="2023-07-13 22:04:27" level=info msg="國別碼3碼: ROU"
time="2023-07-13 22:04:27" level=info msg="國家全名: Romania"
time="2023-07-13 22:15:39" level=info msg="國別碼2碼: NL"
time="2023-07-13 22:15:39" level=info msg="國別碼3碼: NLD"
time="2023-07-13 22:15:39" level=info msg="國家全名: Netherlands (the)"
time="2023-07-13 22:15:50" level=info msg="國別碼2碼: NL"
time="2023-07-13 22:15:50" level=info msg="國別碼3碼: NLD"
time="2023-07-13 22:15:50" level=info msg="國家全名: Netherlands (the)"
time="2023-07-13 22:16:00" level=info msg="國別碼2碼: NL"
time="2023-07-13 22:16:00" level=info msg="國別碼3碼: NLD"
time="2023-07-13 22:16:00" level=info msg="國家全名: Netherlands (the)"
time="2023-07-13 22:16:11" level=info msg="國別碼2碼: NL"
time="2023-07-13 22:16:11" level=info msg="國別碼3碼: NLD"
time="2023-07-13 22:16:11" level=info msg="國家全名: Netherlands (the)"
time="2023-07-13 22:16:21" level=info msg="國別碼2碼: NL"
time="2023-07-13 22:16:21" level=info msg="國別碼3碼: NLD"
time="2023-07-13 22:16:21" level=info msg="國家全名: Netherlands (the)"
time="2023-07-13 22:57:45" level=info msg="國別碼2碼: CA"
time="2023-07-13 22:57:45" level=info msg="國別碼3碼: CAN"
time="2023-07-13 22:57:45" level=info msg="國家全名: Canada"
time="2023-07-13 23:01:08" level=info msg="國別碼2碼: US"
time="2023-07-13 23:01:08" level=info msg="國別碼3碼: USA"
time="2023-07-13 23:01:08" level=info msg="國家全名: United States of America (the)"
time="2023-07-13 23:26:50" level=info msg="國別碼2碼: US"
time="2023-07-13 23:26:50" level=info msg="國別碼3碼: USA"
time="2023-07-13 23:26:50" level=info msg="國家全名: United States of America (the)"
time="2023-07-13 23:27:54" level=info msg="國別碼2碼: CA"
time="2023-07-13 23:27:54" level=info msg="國別碼3碼: CAN"
time="2023-07-13 23:27:54" level=info msg="國家全名: Canada"
time="2023-07-13 23:27:55" level=info msg="國別碼2碼: CA"
time="2023-07-13 23:27:55" level=info msg="國別碼3碼: CAN"
time="2023-07-13 23:27:55" level=info msg="國家全名: Canada"
time="2023-07-13 23:44:01" level=info msg="國別碼2碼: NL"
time="2023-07-13 23:44:01" level=info msg="國別碼3碼: NLD"
time="2023-07-13 23:44:01" level=info msg="國家全名: Netherlands (the)"
time="2023-07-13 23:44:04" level=info msg="國別碼2碼: NL"
time="2023-07-13 23:44:04" level=info msg="國別碼3碼: NLD"
time="2023-07-13 23:44:04" level=info msg="國家全名: Netherlands (the)"
time="2023-07-13 23:59:05" level=info msg="國別碼2碼: FR"
time="2023-07-13 23:59:05" level=info msg="國別碼3碼: FRA"
time="2023-07-13 23:59:05" level=info msg="國家全名: France"
