time="2023-07-16 00:08:17" level=info msg="國別碼2碼: FR"
time="2023-07-16 00:08:17" level=info msg="國別碼3碼: FRA"
time="2023-07-16 00:08:17" level=info msg="國家全名: France"
time="2023-07-16 00:08:19" level=info msg="國別碼2碼: FR"
time="2023-07-16 00:08:19" level=info msg="國別碼3碼: FRA"
time="2023-07-16 00:08:19" level=info msg="國家全名: France"
time="2023-07-16 01:30:49" level=info msg="國別碼2碼: CA"
time="2023-07-16 01:30:49" level=info msg="國別碼3碼: CAN"
time="2023-07-16 01:30:49" level=info msg="國家全名: Canada"
time="2023-07-16 01:30:50" level=info msg="國別碼2碼: CA"
time="2023-07-16 01:30:50" level=info msg="國別碼3碼: CAN"
time="2023-07-16 01:30:50" level=info msg="國家全名: Canada"
time="2023-07-16 01:50:33" level=info msg="國別碼2碼: US"
time="2023-07-16 01:50:33" level=info msg="國別碼3碼: USA"
time="2023-07-16 01:50:33" level=info msg="國家全名: United States of America (the)"
time="2023-07-16 01:52:16" level=info msg="國別碼2碼: CN"
time="2023-07-16 01:52:16" level=info msg="國別碼3碼: CHN"
time="2023-07-16 01:52:16" level=info msg="國家全名: China"
time="2023-07-16 02:08:43" level=info msg="國別碼2碼: US"
time="2023-07-16 02:08:43" level=info msg="國別碼3碼: USA"
time="2023-07-16 02:08:43" level=info msg="國家全名: United States of America (the)"
time="2023-07-16 02:09:03" level=info msg="國別碼2碼: CA"
time="2023-07-16 02:09:03" level=info msg="國別碼3碼: CAN"
time="2023-07-16 02:09:03" level=info msg="國家全名: Canada"
time="2023-07-16 02:09:04" level=info msg="國別碼2碼: CA"
time="2023-07-16 02:09:04" level=info msg="國別碼3碼: CAN"
time="2023-07-16 02:09:04" level=info msg="國家全名: Canada"
time="2023-07-16 02:10:17" level=info msg="國別碼2碼: US"
time="2023-07-16 02:10:17" level=info msg="國別碼3碼: USA"
time="2023-07-16 02:10:17" level=info msg="國家全名: United States of America (the)"
time="2023-07-16 02:11:07" level=info msg="國別碼2碼: US"
time="2023-07-16 02:11:07" level=info msg="國別碼3碼: USA"
time="2023-07-16 02:11:07" level=info msg="國家全名: United States of America (the)"
time="2023-07-16 02:50:08" level=info msg="國別碼2碼: GB"
time="2023-07-16 02:50:08" level=info msg="國別碼3碼: GBR"
time="2023-07-16 02:50:08" level=info msg="國家全名: United Kingdom of Great Britain and Northern Ireland (the)"
time="2023-07-16 02:51:25" level=info msg="國別碼2碼: CA"
time="2023-07-16 02:51:25" level=info msg="國別碼3碼: CAN"
time="2023-07-16 02:51:25" level=info msg="國家全名: Canada"
time="2023-07-16 02:51:26" level=info msg="國別碼2碼: CA"
time="2023-07-16 02:51:26" level=info msg="國別碼3碼: CAN"
time="2023-07-16 02:51:26" level=info msg="國家全名: Canada"
time="2023-07-16 03:19:06" level=info msg="國別碼2碼: LT"
time="2023-07-16 03:19:06" level=info msg="國別碼3碼: LTU"
time="2023-07-16 03:19:06" level=info msg="國家全名: Lithuania"
time="2023-07-16 03:36:13" level=info msg="國別碼2碼: US"
time="2023-07-16 03:36:13" level=info msg="國別碼3碼: USA"
time="2023-07-16 03:36:13" level=info msg="國家全名: United States of America (the)"
time="2023-07-16 03:38:42" level=info msg="國別碼2碼: US"
time="2023-07-16 03:38:42" level=info msg="國別碼3碼: USA"
time="2023-07-16 03:38:42" level=info msg="國家全名: United States of America (the)"
time="2023-07-16 03:38:43" level=info msg="國別碼2碼: US"
time="2023-07-16 03:38:43" level=info msg="國別碼3碼: USA"
time="2023-07-16 03:38:43" level=info msg="國家全名: United States of America (the)"
time="2023-07-16 04:11:28" level=info msg="國別碼2碼: CA"
time="2023-07-16 04:11:28" level=info msg="國別碼3碼: CAN"
time="2023-07-16 04:11:28" level=info msg="國家全名: Canada"
time="2023-07-16 04:11:29" level=info msg="國別碼2碼: CA"
time="2023-07-16 04:11:29" level=info msg="國別碼3碼: CAN"
time="2023-07-16 04:11:29" level=info msg="國家全名: Canada"
time="2023-07-16 04:23:45" level=info msg="國別碼2碼: US"
time="2023-07-16 04:23:45" level=info msg="國別碼3碼: USA"
time="2023-07-16 04:23:45" level=info msg="國家全名: United States of America (the)"
time="2023-07-16 04:25:17" level=info msg="國別碼2碼: US"
time="2023-07-16 04:25:17" level=info msg="國別碼3碼: USA"
time="2023-07-16 04:25:17" level=info msg="國家全名: United States of America (the)"
time="2023-07-16 04:28:14" level=info msg="國別碼2碼: CA"
time="2023-07-16 04:28:14" level=info msg="國別碼3碼: CAN"
time="2023-07-16 04:28:14" level=info msg="國家全名: Canada"
time="2023-07-16 04:28:15" level=info msg="國別碼2碼: CA"
time="2023-07-16 04:28:15" level=info msg="國別碼3碼: CAN"
time="2023-07-16 04:28:15" level=info msg="國家全名: Canada"
time="2023-07-16 04:37:51" level=info msg="國別碼2碼: US"
time="2023-07-16 04:37:51" level=info msg="國別碼3碼: USA"
time="2023-07-16 04:37:51" level=info msg="國家全名: United States of America (the)"
time="2023-07-16 04:53:29" level=info msg="國別碼2碼: CN"
time="2023-07-16 04:53:29" level=info msg="國別碼3碼: CHN"
time="2023-07-16 04:53:29" level=info msg="國家全名: China"
time="2023-07-16 04:53:35" level=info msg="國別碼2碼: CN"
time="2023-07-16 04:53:35" level=info msg="國別碼3碼: CHN"
time="2023-07-16 04:53:35" level=info msg="國家全名: China"
time="2023-07-16 04:54:05" level=info msg="國別碼2碼: US"
time="2023-07-16 04:54:05" level=info msg="國別碼3碼: USA"
time="2023-07-16 04:54:05" level=info msg="國家全名: United States of America (the)"
time="2023-07-16 05:06:11" level=info msg="國別碼2碼: CA"
time="2023-07-16 05:06:11" level=info msg="國別碼3碼: CAN"
time="2023-07-16 05:06:11" level=info msg="國家全名: Canada"
time="2023-07-16 05:06:12" level=info msg="國別碼2碼: CA"
time="2023-07-16 05:06:12" level=info msg="國別碼3碼: CAN"
time="2023-07-16 05:06:12" level=info msg="國家全名: Canada"
time="2023-07-16 05:16:18" level=info msg="國別碼2碼: SG"
time="2023-07-16 05:16:18" level=info msg="國別碼3碼: SGP"
time="2023-07-16 05:16:18" level=info msg="國家全名: Singapore"
time="2023-07-16 05:16:18" level=info msg="國別碼2碼: SG"
time="2023-07-16 05:16:18" level=info msg="國別碼3碼: SGP"
time="2023-07-16 05:16:18" level=info msg="國家全名: Singapore"
time="2023-07-16 05:16:19" level=info msg="國別碼2碼: SG"
time="2023-07-16 05:16:19" level=info msg="國別碼3碼: SGP"
time="2023-07-16 05:16:19" level=info msg="國家全名: Singapore"
time="2023-07-16 05:16:20" level=info msg="國別碼2碼: SG"
time="2023-07-16 05:16:20" level=info msg="國別碼3碼: SGP"
time="2023-07-16 05:16:20" level=info msg="國家全名: Singapore"
time="2023-07-16 05:26:17" level=info msg="國別碼2碼: US"
time="2023-07-16 05:26:17" level=info msg="國別碼3碼: USA"
time="2023-07-16 05:26:17" level=info msg="國家全名: United States of America (the)"
time="2023-07-16 05:26:18" level=info msg="國別碼2碼: US"
time="2023-07-16 05:26:18" level=info msg="國別碼3碼: USA"
time="2023-07-16 05:26:18" level=info msg="國家全名: United States of America (the)"
time="2023-07-16 05:26:21" level=info msg="國別碼2碼: US"
time="2023-07-16 05:26:21" level=info msg="國別碼3碼: USA"
time="2023-07-16 05:26:21" level=info msg="國家全名: United States of America (the)"
time="2023-07-16 05:26:22" level=info msg="國別碼2碼: US"
time="2023-07-16 05:26:22" level=info msg="國別碼3碼: USA"
time="2023-07-16 05:26:22" level=info msg="國家全名: United States of America (the)"
time="2023-07-16 05:26:23" level=info msg="國別碼2碼: US"
time="2023-07-16 05:26:23" level=info msg="國別碼3碼: USA"
time="2023-07-16 05:26:23" level=info msg="國家全名: United States of America (the)"
time="2023-07-16 05:32:01" level=info msg="國別碼2碼: US"
time="2023-07-16 05:32:01" level=info msg="國別碼3碼: USA"
time="2023-07-16 05:32:01" level=info msg="國家全名: United States of America (the)"
time="2023-07-16 05:32:04" level=info msg="國別碼2碼: US"
time="2023-07-16 05:32:04" level=info msg="國別碼3碼: USA"
time="2023-07-16 05:32:04" level=info msg="國家全名: United States of America (the)"
time="2023-07-16 05:33:34" level=info msg="國別碼2碼: FR"
time="2023-07-16 05:33:34" level=info msg="國別碼3碼: FRA"
time="2023-07-16 05:33:34" level=info msg="國家全名: France"
time="2023-07-16 05:33:35" level=info msg="國別碼2碼: FR"
time="2023-07-16 05:33:35" level=info msg="國別碼3碼: FRA"
time="2023-07-16 05:33:35" level=info msg="國家全名: France"
time="2023-07-16 06:08:59" level=info msg="國別碼2碼: US"
time="2023-07-16 06:08:59" level=info msg="國別碼3碼: USA"
time="2023-07-16 06:08:59" level=info msg="國家全名: United States of America (the)"
time="2023-07-16 06:10:16" level=info msg="國別碼2碼: CA"
time="2023-07-16 06:10:16" level=info msg="國別碼3碼: CAN"
time="2023-07-16 06:10:16" level=info msg="國家全名: Canada"
time="2023-07-16 06:10:17" level=info msg="國別碼2碼: CA"
time="2023-07-16 06:10:17" level=info msg="國別碼3碼: CAN"
time="2023-07-16 06:10:17" level=info msg="國家全名: Canada"
time="2023-07-16 06:24:51" level=info msg="國別碼2碼: US"
time="2023-07-16 06:24:51" level=info msg="國別碼3碼: USA"
time="2023-07-16 06:24:51" level=info msg="國家全名: United States of America (the)"
time="2023-07-16 06:24:52" level=info msg="國別碼2碼: US"
time="2023-07-16 06:24:52" level=info msg="國別碼3碼: USA"
time="2023-07-16 06:24:52" level=info msg="國家全名: United States of America (the)"
time="2023-07-16 06:48:10" level=info msg="國別碼2碼: CA"
time="2023-07-16 06:48:10" level=info msg="國別碼3碼: CAN"
time="2023-07-16 06:48:10" level=info msg="國家全名: Canada"
time="2023-07-16 06:48:11" level=info msg="國別碼2碼: CA"
time="2023-07-16 06:48:11" level=info msg="國別碼3碼: CAN"
time="2023-07-16 06:48:11" level=info msg="國家全名: Canada"
time="2023-07-16 06:54:18" level=info msg="國別碼2碼: US"
time="2023-07-16 06:54:18" level=info msg="國別碼3碼: USA"
time="2023-07-16 06:54:18" level=info msg="國家全名: United States of America (the)"
time="2023-07-16 06:54:19" level=info msg="國別碼2碼: US"
time="2023-07-16 06:54:19" level=info msg="國別碼3碼: USA"
time="2023-07-16 06:54:19" level=info msg="國家全名: United States of America (the)"
time="2023-07-16 06:54:20" level=info msg="國別碼2碼: US"
time="2023-07-16 06:54:20" level=info msg="國別碼3碼: USA"
time="2023-07-16 06:54:20" level=info msg="國家全名: United States of America (the)"
time="2023-07-16 06:54:23" level=info msg="國別碼2碼: US"
time="2023-07-16 06:54:23" level=info msg="國別碼3碼: USA"
time="2023-07-16 06:54:23" level=info msg="國家全名: United States of America (the)"
time="2023-07-16 06:54:24" level=info msg="國別碼2碼: US"
time="2023-07-16 06:54:24" level=info msg="國別碼3碼: USA"
time="2023-07-16 06:54:24" level=info msg="國家全名: United States of America (the)"
time="2023-07-16 07:08:44" level=info msg="國別碼2碼: CA"
time="2023-07-16 07:08:44" level=info msg="國別碼3碼: CAN"
time="2023-07-16 07:08:44" level=info msg="國家全名: Canada"
time="2023-07-16 07:08:45" level=info msg="國別碼2碼: CA"
time="2023-07-16 07:08:45" level=info msg="國別碼3碼: CAN"
time="2023-07-16 07:08:45" level=info msg="國家全名: Canada"
time="2023-07-16 07:23:07" level=info msg="國別碼2碼: US"
time="2023-07-16 07:23:07" level=info msg="國別碼3碼: USA"
time="2023-07-16 07:23:07" level=info msg="國家全名: United States of America (the)"
time="2023-07-16 07:37:27" level=info msg="國別碼2碼: DE"
time="2023-07-16 07:37:27" level=info msg="國別碼3碼: DEU"
time="2023-07-16 07:37:27" level=info msg="國家全名: Germany"
time="2023-07-16 07:45:43" level=info msg="國別碼2碼: HK"
time="2023-07-16 07:45:43" level=info msg="國別碼3碼: HKG"
time="2023-07-16 07:45:43" level=info msg="國家全名: Hong Kong"
time="2023-07-16 08:13:45" level=info msg="國別碼2碼: US"
time="2023-07-16 08:13:45" level=info msg="國別碼3碼: USA"
time="2023-07-16 08:13:45" level=info msg="國家全名: United States of America (the)"
time="2023-07-16 08:13:46" level=info msg="國別碼2碼: US"
time="2023-07-16 08:13:46" level=info msg="國別碼3碼: USA"
time="2023-07-16 08:13:46" level=info msg="國家全名: United States of America (the)"
time="2023-07-16 08:13:46" level=info msg="國別碼2碼: US"
time="2023-07-16 08:13:46" level=info msg="國別碼3碼: USA"
time="2023-07-16 08:13:46" level=info msg="國家全名: United States of America (the)"
time="2023-07-16 08:13:48" level=info msg="國別碼2碼: US"
time="2023-07-16 08:13:48" level=info msg="國別碼3碼: USA"
time="2023-07-16 08:13:48" level=info msg="國家全名: United States of America (the)"
time="2023-07-16 08:13:49" level=info msg="國別碼2碼: US"
time="2023-07-16 08:13:49" level=info msg="國別碼3碼: USA"
time="2023-07-16 08:13:49" level=info msg="國家全名: United States of America (the)"
time="2023-07-16 08:27:09" level=info msg="國別碼2碼: US"
time="2023-07-16 08:27:09" level=info msg="國別碼3碼: USA"
time="2023-07-16 08:27:09" level=info msg="國家全名: United States of America (the)"
time="2023-07-16 08:31:36" level=info msg="國別碼2碼: CA"
time="2023-07-16 08:31:36" level=info msg="國別碼3碼: CAN"
time="2023-07-16 08:31:36" level=info msg="國家全名: Canada"
time="2023-07-16 08:31:38" level=info msg="國別碼2碼: CA"
time="2023-07-16 08:31:38" level=info msg="國別碼3碼: CAN"
time="2023-07-16 08:31:38" level=info msg="國家全名: Canada"
time="2023-07-16 09:06:45" level=info msg="國別碼2碼: CA"
time="2023-07-16 09:06:45" level=info msg="國別碼3碼: CAN"
time="2023-07-16 09:06:45" level=info msg="國家全名: Canada"
time="2023-07-16 09:06:46" level=info msg="國別碼2碼: CA"
time="2023-07-16 09:06:46" level=info msg="國別碼3碼: CAN"
time="2023-07-16 09:06:46" level=info msg="國家全名: Canada"
time="2023-07-16 09:52:03" level=info msg="國別碼2碼: CN"
time="2023-07-16 09:52:03" level=info msg="國別碼3碼: CHN"
time="2023-07-16 09:52:03" level=info msg="國家全名: China"
time="2023-07-16 09:52:04" level=info msg="國別碼2碼: CN"
time="2023-07-16 09:52:04" level=info msg="國別碼3碼: CHN"
time="2023-07-16 09:52:04" level=info msg="國家全名: China"
time="2023-07-16 09:52:04" level=info msg="國別碼2碼: CN"
time="2023-07-16 09:52:04" level=info msg="國別碼3碼: CHN"
time="2023-07-16 09:52:04" level=info msg="國家全名: China"
time="2023-07-16 10:01:52" level=info msg="國別碼2碼: CA"
time="2023-07-16 10:01:52" level=info msg="國別碼3碼: CAN"
time="2023-07-16 10:01:52" level=info msg="國家全名: Canada"
time="2023-07-16 10:01:55" level=info msg="國別碼2碼: CA"
time="2023-07-16 10:01:55" level=info msg="國別碼3碼: CAN"
time="2023-07-16 10:01:55" level=info msg="國家全名: Canada"
time="2023-07-16 10:10:28" level=info msg="國別碼2碼: US"
time="2023-07-16 10:10:28" level=info msg="國別碼3碼: USA"
time="2023-07-16 10:10:28" level=info msg="國家全名: United States of America (the)"
time="2023-07-16 11:02:32" level=info msg="國別碼2碼: US"
time="2023-07-16 11:02:32" level=info msg="國別碼3碼: USA"
time="2023-07-16 11:02:32" level=info msg="國家全名: United States of America (the)"
time="2023-07-16 11:03:22" level=info msg="國別碼2碼: US"
time="2023-07-16 11:03:22" level=info msg="國別碼3碼: USA"
time="2023-07-16 11:03:22" level=info msg="國家全名: United States of America (the)"
time="2023-07-16 11:11:13" level=info msg="國別碼2碼: CA"
time="2023-07-16 11:11:13" level=info msg="國別碼3碼: CAN"
time="2023-07-16 11:11:13" level=info msg="國家全名: Canada"
time="2023-07-16 11:11:14" level=info msg="國別碼2碼: CA"
time="2023-07-16 11:11:14" level=info msg="國別碼3碼: CAN"
time="2023-07-16 11:11:14" level=info msg="國家全名: Canada"
time="2023-07-16 11:15:14" level=info msg="國別碼2碼: BD"
time="2023-07-16 11:15:14" level=info msg="國別碼3碼: BGD"
time="2023-07-16 11:15:14" level=info msg="國家全名: Bangladesh"
time="2023-07-16 11:31:38" level=info msg="國別碼2碼: US"
time="2023-07-16 11:31:38" level=info msg="國別碼3碼: USA"
time="2023-07-16 11:31:38" level=info msg="國家全名: United States of America (the)"
time="2023-07-16 11:31:48" level=info msg="國別碼2碼: US"
time="2023-07-16 11:31:48" level=info msg="國別碼3碼: USA"
time="2023-07-16 11:31:48" level=info msg="國家全名: United States of America (the)"
time="2023-07-16 11:41:50" level=info msg="國別碼2碼: CA"
time="2023-07-16 11:41:50" level=info msg="國別碼3碼: CAN"
time="2023-07-16 11:41:50" level=info msg="國家全名: Canada"
time="2023-07-16 11:41:51" level=info msg="國別碼2碼: CA"
time="2023-07-16 11:41:51" level=info msg="國別碼3碼: CAN"
time="2023-07-16 11:41:51" level=info msg="國家全名: Canada"
time="2023-07-16 11:53:04" level=info msg="國別碼2碼: BE"
time="2023-07-16 11:53:04" level=info msg="國別碼3碼: BEL"
time="2023-07-16 11:53:04" level=info msg="國家全名: Belgium"
time="2023-07-16 12:46:49" level=info msg="國別碼2碼: UA"
time="2023-07-16 12:46:49" level=info msg="國別碼3碼: UKR"
time="2023-07-16 12:46:49" level=info msg="國家全名: Ukraine"
time="2023-07-16 13:00:00" level=info msg="國別碼2碼: FR"
time="2023-07-16 13:00:00" level=info msg="國別碼3碼: FRA"
time="2023-07-16 13:00:00" level=info msg="國家全名: France"
time="2023-07-16 13:00:01" level=info msg="國別碼2碼: FR"
time="2023-07-16 13:00:01" level=info msg="國別碼3碼: FRA"
time="2023-07-16 13:00:01" level=info msg="國家全名: France"
time="2023-07-16 13:20:28" level=info msg="國別碼2碼: US"
time="2023-07-16 13:20:28" level=info msg="國別碼3碼: USA"
time="2023-07-16 13:20:28" level=info msg="國家全名: United States of America (the)"
time="2023-07-16 13:32:47" level=info msg="國別碼2碼: CL"
time="2023-07-16 13:32:47" level=info msg="國別碼3碼: CHL"
time="2023-07-16 13:32:47" level=info msg="國家全名: Chile"
time="2023-07-16 13:46:18" level=info msg="國別碼2碼: LT"
time="2023-07-16 13:46:18" level=info msg="國別碼3碼: LTU"
time="2023-07-16 13:46:18" level=info msg="國家全名: Lithuania"
time="2023-07-16 14:02:24" level=info msg="國別碼2碼: FR"
time="2023-07-16 14:02:24" level=info msg="國別碼3碼: FRA"
time="2023-07-16 14:02:24" level=info msg="國家全名: France"
time="2023-07-16 14:02:25" level=info msg="國別碼2碼: FR"
time="2023-07-16 14:02:25" level=info msg="國別碼3碼: FRA"
time="2023-07-16 14:02:25" level=info msg="國家全名: France"
time="2023-07-16 14:27:59" level=info msg="國別碼2碼: FR"
time="2023-07-16 14:27:59" level=info msg="國別碼3碼: FRA"
time="2023-07-16 14:27:59" level=info msg="國家全名: France"
time="2023-07-16 14:28:00" level=info msg="國別碼2碼: FR"
time="2023-07-16 14:28:00" level=info msg="國別碼3碼: FRA"
time="2023-07-16 14:28:00" level=info msg="國家全名: France"
time="2023-07-16 14:33:36" level=info msg="國別碼2碼: GB"
time="2023-07-16 14:33:36" level=info msg="國別碼3碼: GBR"
time="2023-07-16 14:33:36" level=info msg="國家全名: United Kingdom of Great Britain and Northern Ireland (the)"
time="2023-07-16 15:15:47" level=info msg="國別碼2碼: FR"
time="2023-07-16 15:15:47" level=info msg="國別碼3碼: FRA"
time="2023-07-16 15:15:47" level=info msg="國家全名: France"
time="2023-07-16 15:15:48" level=info msg="國別碼2碼: FR"
time="2023-07-16 15:15:48" level=info msg="國別碼3碼: FRA"
time="2023-07-16 15:15:48" level=info msg="國家全名: France"
time="2023-07-16 15:35:19" level=info msg="國別碼2碼: FR"
time="2023-07-16 15:35:19" level=info msg="國別碼3碼: FRA"
time="2023-07-16 15:35:19" level=info msg="國家全名: France"
time="2023-07-16 15:51:45" level=info msg="國別碼2碼: FR"
time="2023-07-16 15:51:45" level=info msg="國別碼3碼: FRA"
time="2023-07-16 15:51:45" level=info msg="國家全名: France"
time="2023-07-16 15:51:47" level=info msg="國別碼2碼: FR"
time="2023-07-16 15:51:47" level=info msg="國別碼3碼: FRA"
time="2023-07-16 15:51:47" level=info msg="國家全名: France"
time="2023-07-16 15:53:35" level=info msg="國別碼2碼: BR"
time="2023-07-16 15:53:35" level=info msg="國別碼3碼: BRA"
time="2023-07-16 15:53:35" level=info msg="國家全名: Brazil"
time="2023-07-16 15:59:47" level=info msg="國別碼2碼: US"
time="2023-07-16 15:59:47" level=info msg="國別碼3碼: USA"
time="2023-07-16 15:59:47" level=info msg="國家全名: United States of America (the)"
time="2023-07-16 16:18:03" level=info msg="國別碼2碼: AU"
time="2023-07-16 16:18:03" level=info msg="國別碼3碼: AUS"
time="2023-07-16 16:18:03" level=info msg="國家全名: Australia"
time="2023-07-16 16:18:04" level=info msg="國別碼2碼: AU"
time="2023-07-16 16:18:04" level=info msg="國別碼3碼: AUS"
time="2023-07-16 16:18:04" level=info msg="國家全名: Australia"
time="2023-07-16 16:18:05" level=info msg="國別碼2碼: AU"
time="2023-07-16 16:18:05" level=info msg="國別碼3碼: AUS"
time="2023-07-16 16:18:05" level=info msg="國家全名: Australia"
time="2023-07-16 16:18:06" level=info msg="國別碼2碼: AU"
time="2023-07-16 16:18:06" level=info msg="國別碼3碼: AUS"
time="2023-07-16 16:18:06" level=info msg="國家全名: Australia"
time="2023-07-16 16:18:09" level=info msg="國別碼2碼: AU"
time="2023-07-16 16:18:09" level=info msg="國別碼3碼: AUS"
time="2023-07-16 16:18:09" level=info msg="國家全名: Australia"
time="2023-07-16 16:18:10" level=info msg="國別碼2碼: AU"
time="2023-07-16 16:18:10" level=info msg="國別碼3碼: AUS"
time="2023-07-16 16:18:10" level=info msg="國家全名: Australia"
time="2023-07-16 16:19:18" level=info msg="國別碼2碼: PT"
time="2023-07-16 16:19:18" level=info msg="國別碼3碼: PRT"
time="2023-07-16 16:19:18" level=info msg="國家全名: Portugal"
time="2023-07-16 16:19:59" level=info msg="國別碼2碼: FR"
time="2023-07-16 16:19:59" level=info msg="國別碼3碼: FRA"
time="2023-07-16 16:19:59" level=info msg="國家全名: France"
time="2023-07-16 16:53:36" level=info msg="國別碼2碼: FR"
time="2023-07-16 16:53:36" level=info msg="國別碼3碼: FRA"
time="2023-07-16 16:53:36" level=info msg="國家全名: France"
time="2023-07-16 16:54:28" level=info msg="國別碼2碼: DE"
time="2023-07-16 16:54:28" level=info msg="國別碼3碼: DEU"
time="2023-07-16 16:54:28" level=info msg="國家全名: Germany"
time="2023-07-16 17:05:47" level=info msg="國別碼2碼: IT"
time="2023-07-16 17:05:47" level=info msg="國別碼3碼: ITA"
time="2023-07-16 17:05:47" level=info msg="國家全名: Italy"
time="2023-07-16 17:08:00" level=info msg="國別碼2碼: US"
time="2023-07-16 17:08:00" level=info msg="國別碼3碼: USA"
time="2023-07-16 17:08:00" level=info msg="國家全名: United States of America (the)"
time="2023-07-16 17:24:00" level=info msg="國別碼2碼: FR"
time="2023-07-16 17:24:00" level=info msg="國別碼3碼: FRA"
time="2023-07-16 17:24:00" level=info msg="國家全名: France"
time="2023-07-16 17:57:43" level=info msg="國別碼2碼: FR"
time="2023-07-16 17:57:43" level=info msg="國別碼3碼: FRA"
time="2023-07-16 17:57:43" level=info msg="國家全名: France"
time="2023-07-16 18:21:22" level=info msg="國別碼2碼: FR"
time="2023-07-16 18:21:22" level=info msg="國別碼3碼: FRA"
time="2023-07-16 18:21:22" level=info msg="國家全名: France"
time="2023-07-16 18:31:53" level=info msg="國別碼2碼: FR"
time="2023-07-16 18:31:53" level=info msg="國別碼3碼: FRA"
time="2023-07-16 18:31:53" level=info msg="國家全名: France"
time="2023-07-16 18:31:54" level=info msg="國別碼2碼: FR"
time="2023-07-16 18:31:54" level=info msg="國別碼3碼: FRA"
time="2023-07-16 18:31:54" level=info msg="國家全名: France"
time="2023-07-16 18:38:13" level=info msg="國別碼2碼: VN"
time="2023-07-16 18:38:13" level=info msg="國別碼3碼: VNM"
time="2023-07-16 18:38:13" level=info msg="國家全名: Viet Nam"
time="2023-07-16 18:51:45" level=info msg="國別碼2碼: FR"
time="2023-07-16 18:51:45" level=info msg="國別碼3碼: FRA"
time="2023-07-16 18:51:45" level=info msg="國家全名: France"
time="2023-07-16 19:00:08" level=info msg="國別碼2碼: US"
time="2023-07-16 19:00:08" level=info msg="國別碼3碼: USA"
time="2023-07-16 19:00:08" level=info msg="國家全名: United States of America (the)"
time="2023-07-16 19:00:09" level=info msg="國別碼2碼: US"
time="2023-07-16 19:00:09" level=info msg="國別碼3碼: USA"
time="2023-07-16 19:00:09" level=info msg="國家全名: United States of America (the)"
time="2023-07-16 19:00:16" level=info msg="國別碼2碼: US"
time="2023-07-16 19:00:16" level=info msg="國別碼3碼: USA"
time="2023-07-16 19:00:16" level=info msg="國家全名: United States of America (the)"
time="2023-07-16 19:00:18" level=info msg="國別碼2碼: US"
time="2023-07-16 19:00:18" level=info msg="國別碼3碼: USA"
time="2023-07-16 19:00:18" level=info msg="國家全名: United States of America (the)"
time="2023-07-16 19:05:31" level=info msg="國別碼2碼: US"
time="2023-07-16 19:05:31" level=info msg="國別碼3碼: USA"
time="2023-07-16 19:05:31" level=info msg="國家全名: United States of America (the)"
time="2023-07-16 19:05:32" level=info msg="國別碼2碼: US"
time="2023-07-16 19:05:32" level=info msg="國別碼3碼: USA"
time="2023-07-16 19:05:32" level=info msg="國家全名: United States of America (the)"
time="2023-07-16 19:16:20" level=info msg="國別碼2碼: RO"
time="2023-07-16 19:16:20" level=info msg="國別碼3碼: ROU"
time="2023-07-16 19:16:20" level=info msg="國家全名: Romania"
time="2023-07-16 19:16:22" level=info msg="國別碼2碼: RO"
time="2023-07-16 19:16:22" level=info msg="國別碼3碼: ROU"
time="2023-07-16 19:16:22" level=info msg="國家全名: Romania"
time="2023-07-16 19:19:52" level=info msg="國別碼2碼: US"
time="2023-07-16 19:19:52" level=info msg="國別碼3碼: USA"
time="2023-07-16 19:19:52" level=info msg="國家全名: United States of America (the)"
time="2023-07-16 19:43:03" level=info msg="國別碼2碼: FR"
time="2023-07-16 19:43:03" level=info msg="國別碼3碼: FRA"
time="2023-07-16 19:43:03" level=info msg="國家全名: France"
time="2023-07-16 19:44:13" level=info msg="國別碼2碼: FR"
time="2023-07-16 19:44:13" level=info msg="國別碼3碼: FRA"
time="2023-07-16 19:44:13" level=info msg="國家全名: France"
time="2023-07-16 19:44:15" level=info msg="國別碼2碼: FR"
time="2023-07-16 19:44:15" level=info msg="國別碼3碼: FRA"
time="2023-07-16 19:44:15" level=info msg="國家全名: France"
time="2023-07-16 20:03:35" level=info msg="國別碼2碼: FR"
time="2023-07-16 20:03:35" level=info msg="國別碼3碼: FRA"
time="2023-07-16 20:03:35" level=info msg="國家全名: France"
time="2023-07-16 20:13:23" level=info msg="國別碼2碼: US"
time="2023-07-16 20:13:23" level=info msg="國別碼3碼: USA"
time="2023-07-16 20:13:23" level=info msg="國家全名: United States of America (the)"
time="2023-07-16 20:28:51" level=info msg="國別碼2碼: FR"
time="2023-07-16 20:28:51" level=info msg="國別碼3碼: FRA"
time="2023-07-16 20:28:51" level=info msg="國家全名: France"
time="2023-07-16 20:28:52" level=info msg="國別碼2碼: FR"
time="2023-07-16 20:28:52" level=info msg="國別碼3碼: FRA"
time="2023-07-16 20:28:52" level=info msg="國家全名: France"
time="2023-07-16 20:36:19" level=info msg="國別碼2碼: US"
time="2023-07-16 20:36:19" level=info msg="國別碼3碼: USA"
time="2023-07-16 20:36:19" level=info msg="國家全名: United States of America (the)"
time="2023-07-16 20:50:21" level=info msg="國別碼2碼: FR"
time="2023-07-16 20:50:21" level=info msg="國別碼3碼: FRA"
time="2023-07-16 20:50:21" level=info msg="國家全名: France"
time="2023-07-16 21:00:46" level=info msg="國別碼2碼: FR"
time="2023-07-16 21:00:46" level=info msg="國別碼3碼: FRA"
time="2023-07-16 21:00:46" level=info msg="國家全名: France"
time="2023-07-16 21:00:47" level=info msg="國別碼2碼: FR"
time="2023-07-16 21:00:47" level=info msg="國別碼3碼: FRA"
time="2023-07-16 21:00:47" level=info msg="國家全名: France"
time="2023-07-16 21:01:52" level=info msg="國別碼2碼: NL"
time="2023-07-16 21:01:52" level=info msg="國別碼3碼: NLD"
time="2023-07-16 21:01:52" level=info msg="國家全名: Netherlands (the)"
time="2023-07-16 21:19:19" level=info msg="國別碼2碼: FR"
time="2023-07-16 21:19:19" level=info msg="國別碼3碼: FRA"
time="2023-07-16 21:19:19" level=info msg="國家全名: France"
time="2023-07-16 21:19:23" level=info msg="國別碼2碼: FR"
time="2023-07-16 21:19:23" level=info msg="國別碼3碼: FRA"
time="2023-07-16 21:19:23" level=info msg="國家全名: France"
time="2023-07-16 21:28:32" level=info msg="國別碼2碼: RU"
time="2023-07-16 21:28:32" level=info msg="國別碼3碼: RUS"
time="2023-07-16 21:28:32" level=info msg="國家全名: Russian Federation (the)"
time="2023-07-16 21:40:04" level=info msg="國別碼2碼: FR"
time="2023-07-16 21:40:04" level=info msg="國別碼3碼: FRA"
time="2023-07-16 21:40:04" level=info msg="國家全名: France"
time="2023-07-16 21:45:51" level=info msg="國別碼2碼: US"
time="2023-07-16 21:45:51" level=info msg="國別碼3碼: USA"
time="2023-07-16 21:45:51" level=info msg="國家全名: United States of America (the)"
time="2023-07-16 21:55:21" level=info msg="國別碼2碼: RU"
time="2023-07-16 21:55:21" level=info msg="國別碼3碼: RUS"
time="2023-07-16 21:55:21" level=info msg="國家全名: Russian Federation (the)"
time="2023-07-16 22:03:56" level=info msg="國別碼2碼: US"
time="2023-07-16 22:03:56" level=info msg="國別碼3碼: USA"
time="2023-07-16 22:03:56" level=info msg="國家全名: United States of America (the)"
time="2023-07-16 22:06:30" level=info msg="國別碼2碼: FR"
time="2023-07-16 22:06:30" level=info msg="國別碼3碼: FRA"
time="2023-07-16 22:06:30" level=info msg="國家全名: France"
time="2023-07-16 22:06:31" level=info msg="國別碼2碼: FR"
time="2023-07-16 22:06:31" level=info msg="國別碼3碼: FRA"
time="2023-07-16 22:06:31" level=info msg="國家全名: France"
time="2023-07-16 22:12:39" level=info msg="國別碼2碼: US"
time="2023-07-16 22:12:39" level=info msg="國別碼3碼: USA"
time="2023-07-16 22:12:39" level=info msg="國家全名: United States of America (the)"
time="2023-07-16 22:17:16" level=info msg="國別碼2碼: FR"
time="2023-07-16 22:17:16" level=info msg="國別碼3碼: FRA"
time="2023-07-16 22:17:16" level=info msg="國家全名: France"
time="2023-07-16 22:48:01" level=info msg="國別碼2碼: FR"
time="2023-07-16 22:48:01" level=info msg="國別碼3碼: FRA"
time="2023-07-16 22:48:01" level=info msg="國家全名: France"
time="2023-07-16 22:51:12" level=info msg="國別碼2碼: FR"
time="2023-07-16 22:51:12" level=info msg="國別碼3碼: FRA"
time="2023-07-16 22:51:12" level=info msg="國家全名: France"
time="2023-07-16 22:51:13" level=info msg="國別碼2碼: FR"
time="2023-07-16 22:51:13" level=info msg="國別碼3碼: FRA"
time="2023-07-16 22:51:13" level=info msg="國家全名: France"
time="2023-07-16 23:18:58" level=info msg="國別碼2碼: US"
time="2023-07-16 23:18:58" level=info msg="國別碼3碼: USA"
time="2023-07-16 23:18:58" level=info msg="國家全名: United States of America (the)"
time="2023-07-16 23:19:17" level=info msg="國別碼2碼: US"
time="2023-07-16 23:19:17" level=info msg="國別碼3碼: USA"
time="2023-07-16 23:19:17" level=info msg="國家全名: United States of America (the)"
time="2023-07-16 23:19:18" level=info msg="國別碼2碼: US"
time="2023-07-16 23:19:18" level=info msg="國別碼3碼: USA"
time="2023-07-16 23:19:18" level=info msg="國家全名: United States of America (the)"
time="2023-07-16 23:19:19" level=info msg="國別碼2碼: US"
time="2023-07-16 23:19:19" level=info msg="國別碼3碼: USA"
time="2023-07-16 23:19:19" level=info msg="國家全名: United States of America (the)"
time="2023-07-16 23:37:36" level=info msg="國別碼2碼: FR"
time="2023-07-16 23:37:36" level=info msg="國別碼3碼: FRA"
time="2023-07-16 23:37:36" level=info msg="國家全名: France"
time="2023-07-16 23:58:41" level=info msg="國別碼2碼: FR"
time="2023-07-16 23:58:41" level=info msg="國別碼3碼: FRA"
time="2023-07-16 23:58:41" level=info msg="國家全名: France"
