time="2023-06-21 00:24:34" level=info msg="國別碼2碼: US"
time="2023-06-21 00:24:34" level=info msg="國別碼3碼: USA"
time="2023-06-21 00:24:34" level=info msg="國家全名: United States of America (the)"
time="2023-06-21 00:29:50" level=info msg="國別碼2碼: CA"
time="2023-06-21 00:29:50" level=info msg="國別碼3碼: CAN"
time="2023-06-21 00:29:50" level=info msg="國家全名: Canada"
time="2023-06-21 00:29:51" level=info msg="國別碼2碼: CA"
time="2023-06-21 00:29:51" level=info msg="國別碼3碼: CAN"
time="2023-06-21 00:29:51" level=info msg="國家全名: Canada"
time="2023-06-21 00:35:50" level=info msg="國別碼2碼: PT"
time="2023-06-21 00:35:50" level=info msg="國別碼3碼: PRT"
time="2023-06-21 00:35:50" level=info msg="國家全名: Portugal"
time="2023-06-21 01:02:28" level=info msg="國別碼2碼: US"
time="2023-06-21 01:02:28" level=info msg="國別碼3碼: USA"
time="2023-06-21 01:02:28" level=info msg="國家全名: United States of America (the)"
time="2023-06-21 01:12:25" level=info msg="國別碼2碼: SG"
time="2023-06-21 01:12:25" level=info msg="國別碼3碼: SGP"
time="2023-06-21 01:12:25" level=info msg="國家全名: Singapore"
time="2023-06-21 01:17:44" level=info msg="國別碼2碼: BD"
time="2023-06-21 01:17:44" level=info msg="國別碼3碼: BGD"
time="2023-06-21 01:17:44" level=info msg="國家全名: Bangladesh"
time="2023-06-21 01:30:56" level=info msg="國別碼2碼: FR"
time="2023-06-21 01:30:56" level=info msg="國別碼3碼: FRA"
time="2023-06-21 01:30:56" level=info msg="國家全名: France"
time="2023-06-21 01:30:57" level=info msg="國別碼2碼: FR"
time="2023-06-21 01:30:57" level=info msg="國別碼3碼: FRA"
time="2023-06-21 01:30:57" level=info msg="國家全名: France"
time="2023-06-21 02:09:55" level=info msg="國別碼2碼: US"
time="2023-06-21 02:09:55" level=info msg="國別碼3碼: USA"
time="2023-06-21 02:09:55" level=info msg="國家全名: United States of America (the)"
time="2023-06-21 02:09:55" level=info msg="國別碼2碼: US"
time="2023-06-21 02:09:55" level=info msg="國別碼3碼: USA"
time="2023-06-21 02:09:55" level=info msg="國家全名: United States of America (the)"
time="2023-06-21 02:23:32" level=info msg="國別碼2碼: PS"
time="2023-06-21 02:23:32" level=info msg="國別碼3碼: PSE"
time="2023-06-21 02:23:32" level=info msg="國家全名: Palestine, State of"
time="2023-06-21 02:23:32" level=info msg="國別碼2碼: PS"
time="2023-06-21 02:23:32" level=info msg="國別碼3碼: PSE"
time="2023-06-21 02:23:32" level=info msg="國家全名: Palestine, State of"
time="2023-06-21 02:23:32" level=info msg="國別碼2碼: PS"
time="2023-06-21 02:23:32" level=info msg="國別碼3碼: PSE"
time="2023-06-21 02:23:32" level=info msg="國家全名: Palestine, State of"
time="2023-06-21 02:23:32" level=info msg="國別碼2碼: PS"
time="2023-06-21 02:23:32" level=info msg="國別碼3碼: PSE"
time="2023-06-21 02:23:32" level=info msg="國家全名: Palestine, State of"
time="2023-06-21 02:28:55" level=info msg="國別碼2碼: BG"
time="2023-06-21 02:28:55" level=info msg="國別碼3碼: BGR"
time="2023-06-21 02:28:55" level=info msg="國家全名: Bulgaria"
time="2023-06-21 02:36:09" level=info msg="國別碼2碼: US"
time="2023-06-21 02:36:09" level=info msg="國別碼3碼: USA"
time="2023-06-21 02:36:09" level=info msg="國家全名: United States of America (the)"
time="2023-06-21 02:38:26" level=info msg="國別碼2碼: US"
time="2023-06-21 02:38:26" level=info msg="國別碼3碼: USA"
time="2023-06-21 02:38:26" level=info msg="國家全名: United States of America (the)"
time="2023-06-21 02:39:33" level=info msg="國別碼2碼: US"
time="2023-06-21 02:39:33" level=info msg="國別碼3碼: USA"
time="2023-06-21 02:39:33" level=info msg="國家全名: United States of America (the)"
time="2023-06-21 02:50:08" level=info msg="國別碼2碼: FR"
time="2023-06-21 02:50:08" level=info msg="國別碼3碼: FRA"
time="2023-06-21 02:50:08" level=info msg="國家全名: France"
time="2023-06-21 02:50:10" level=info msg="國別碼2碼: FR"
time="2023-06-21 02:50:10" level=info msg="國別碼3碼: FRA"
time="2023-06-21 02:50:10" level=info msg="國家全名: France"
time="2023-06-21 03:23:37" level=info msg="國別碼2碼: US"
time="2023-06-21 03:23:37" level=info msg="國別碼3碼: USA"
time="2023-06-21 03:23:37" level=info msg="國家全名: United States of America (the)"
time="2023-06-21 03:25:49" level=info msg="國別碼2碼: FR"
time="2023-06-21 03:25:49" level=info msg="國別碼3碼: FRA"
time="2023-06-21 03:25:49" level=info msg="國家全名: France"
time="2023-06-21 03:25:51" level=info msg="國別碼2碼: FR"
time="2023-06-21 03:25:51" level=info msg="國別碼3碼: FRA"
time="2023-06-21 03:25:51" level=info msg="國家全名: France"
time="2023-06-21 03:29:02" level=info msg="國別碼2碼: GB"
time="2023-06-21 03:29:02" level=info msg="國別碼3碼: GBR"
time="2023-06-21 03:29:02" level=info msg="國家全名: United Kingdom of Great Britain and Northern Ireland (the)"
time="2023-06-21 03:29:04" level=info msg="國別碼2碼: GB"
time="2023-06-21 03:29:04" level=info msg="國別碼3碼: GBR"
time="2023-06-21 03:29:04" level=info msg="國家全名: United Kingdom of Great Britain and Northern Ireland (the)"
time="2023-06-21 03:33:13" level=info msg="國別碼2碼: CH"
time="2023-06-21 03:33:13" level=info msg="國別碼3碼: CHE"
time="2023-06-21 03:33:13" level=info msg="國家全名: Switzerland"
time="2023-06-21 03:45:24" level=info msg="國別碼2碼: GE"
time="2023-06-21 03:45:24" level=info msg="國別碼3碼: GEO"
time="2023-06-21 03:45:24" level=info msg="國家全名: Georgia"
time="2023-06-21 03:53:30" level=info msg="國別碼2碼: RO"
time="2023-06-21 03:53:30" level=info msg="國別碼3碼: ROU"
time="2023-06-21 03:53:30" level=info msg="國家全名: Romania"
time="2023-06-21 04:14:37" level=info msg="國別碼2碼: US"
time="2023-06-21 04:14:37" level=info msg="國別碼3碼: USA"
time="2023-06-21 04:14:37" level=info msg="國家全名: United States of America (the)"
time="2023-06-21 04:40:26" level=info msg="國別碼2碼: US"
time="2023-06-21 04:40:26" level=info msg="國別碼3碼: USA"
time="2023-06-21 04:40:26" level=info msg="國家全名: United States of America (the)"
time="2023-06-21 04:41:19" level=info msg="國別碼2碼: RO"
time="2023-06-21 04:41:19" level=info msg="國別碼3碼: ROU"
time="2023-06-21 04:41:19" level=info msg="國家全名: Romania"
time="2023-06-21 04:43:56" level=info msg="國別碼2碼: FR"
time="2023-06-21 04:43:56" level=info msg="國別碼3碼: FRA"
time="2023-06-21 04:43:56" level=info msg="國家全名: France"
time="2023-06-21 04:43:57" level=info msg="國別碼2碼: FR"
time="2023-06-21 04:43:57" level=info msg="國別碼3碼: FRA"
time="2023-06-21 04:43:57" level=info msg="國家全名: France"
time="2023-06-21 05:12:43" level=info msg="國別碼2碼: FR"
time="2023-06-21 05:12:43" level=info msg="國別碼3碼: FRA"
time="2023-06-21 05:12:43" level=info msg="國家全名: France"
time="2023-06-21 05:12:44" level=info msg="國別碼2碼: FR"
time="2023-06-21 05:12:44" level=info msg="國別碼3碼: FRA"
time="2023-06-21 05:12:44" level=info msg="國家全名: France"
time="2023-06-21 05:30:15" level=info msg="國別碼2碼: FR"
time="2023-06-21 05:30:15" level=info msg="國別碼3碼: FRA"
time="2023-06-21 05:30:15" level=info msg="國家全名: France"
time="2023-06-21 05:30:16" level=info msg="國別碼2碼: FR"
time="2023-06-21 05:30:16" level=info msg="國別碼3碼: FRA"
time="2023-06-21 05:30:16" level=info msg="國家全名: France"
time="2023-06-21 06:04:47" level=info msg="國別碼2碼: PT"
time="2023-06-21 06:04:47" level=info msg="國別碼3碼: PRT"
time="2023-06-21 06:04:47" level=info msg="國家全名: Portugal"
time="2023-06-21 06:04:52" level=info msg="國別碼2碼: PT"
time="2023-06-21 06:04:52" level=info msg="國別碼3碼: PRT"
time="2023-06-21 06:04:52" level=info msg="國家全名: Portugal"
time="2023-06-21 06:42:19" level=info msg="國別碼2碼: FR"
time="2023-06-21 06:42:19" level=info msg="國別碼3碼: FRA"
time="2023-06-21 06:42:19" level=info msg="國家全名: France"
time="2023-06-21 06:42:20" level=info msg="國別碼2碼: FR"
time="2023-06-21 06:42:20" level=info msg="國別碼3碼: FRA"
time="2023-06-21 06:42:20" level=info msg="國家全名: France"
time="2023-06-21 06:42:37" level=info msg="國別碼2碼: BG"
time="2023-06-21 06:42:37" level=info msg="國別碼3碼: BGR"
time="2023-06-21 06:42:37" level=info msg="國家全名: Bulgaria"
time="2023-06-21 06:45:08" level=info msg="國別碼2碼: RU"
time="2023-06-21 06:45:08" level=info msg="國別碼3碼: RUS"
time="2023-06-21 06:45:08" level=info msg="國家全名: Russian Federation (the)"
time="2023-06-21 06:56:48" level=info msg="國別碼2碼: US"
time="2023-06-21 06:56:48" level=info msg="國別碼3碼: USA"
time="2023-06-21 06:56:48" level=info msg="國家全名: United States of America (the)"
time="2023-06-21 06:56:49" level=info msg="國別碼2碼: US"
time="2023-06-21 06:56:49" level=info msg="國別碼3碼: USA"
time="2023-06-21 06:56:49" level=info msg="國家全名: United States of America (the)"
time="2023-06-21 06:56:51" level=info msg="國別碼2碼: US"
time="2023-06-21 06:56:51" level=info msg="國別碼3碼: USA"
time="2023-06-21 06:56:51" level=info msg="國家全名: United States of America (the)"
time="2023-06-21 06:56:52" level=info msg="國別碼2碼: US"
time="2023-06-21 06:56:52" level=info msg="國別碼3碼: USA"
time="2023-06-21 06:56:52" level=info msg="國家全名: United States of America (the)"
time="2023-06-21 06:56:53" level=info msg="國別碼2碼: US"
time="2023-06-21 06:56:53" level=info msg="國別碼3碼: USA"
time="2023-06-21 06:56:53" level=info msg="國家全名: United States of America (the)"
time="2023-06-21 07:09:35" level=info msg="國別碼2碼: CH"
time="2023-06-21 07:09:35" level=info msg="國別碼3碼: CHE"
time="2023-06-21 07:09:35" level=info msg="國家全名: Switzerland"
time="2023-06-21 07:52:33" level=info msg="國別碼2碼: FR"
time="2023-06-21 07:52:33" level=info msg="國別碼3碼: FRA"
time="2023-06-21 07:52:33" level=info msg="國家全名: France"
time="2023-06-21 07:52:34" level=info msg="國別碼2碼: FR"
time="2023-06-21 07:52:34" level=info msg="國別碼3碼: FRA"
time="2023-06-21 07:52:34" level=info msg="國家全名: France"
time="2023-06-21 08:10:07" level=info msg="國別碼2碼: FR"
time="2023-06-21 08:10:07" level=info msg="國別碼3碼: FRA"
time="2023-06-21 08:10:07" level=info msg="國家全名: France"
time="2023-06-21 08:10:08" level=info msg="國別碼2碼: FR"
time="2023-06-21 08:10:08" level=info msg="國別碼3碼: FRA"
time="2023-06-21 08:10:08" level=info msg="國家全名: France"
time="2023-06-21 08:54:38" level=info msg="國別碼2碼: PT"
time="2023-06-21 08:54:38" level=info msg="國別碼3碼: PRT"
time="2023-06-21 08:54:38" level=info msg="國家全名: Portugal"
time="2023-06-21 09:06:28" level=info msg="國別碼2碼: FR"
time="2023-06-21 09:06:28" level=info msg="國別碼3碼: FRA"
time="2023-06-21 09:06:28" level=info msg="國家全名: France"
time="2023-06-21 09:06:30" level=info msg="國別碼2碼: FR"
time="2023-06-21 09:06:30" level=info msg="國別碼3碼: FRA"
time="2023-06-21 09:06:30" level=info msg="國家全名: France"
time="2023-06-21 09:26:43" level=info msg="國別碼2碼: NL"
time="2023-06-21 09:26:43" level=info msg="國別碼3碼: NLD"
time="2023-06-21 09:26:43" level=info msg="國家全名: Netherlands (the)"
time="2023-06-21 09:29:57" level=info msg="國別碼2碼: TW"
time="2023-06-21 09:29:57" level=info msg="國別碼3碼: TWN"
time="2023-06-21 09:29:57" level=info msg="國家全名: Taiwan (Province of China)"
time="2023-06-21 09:39:01" level=info msg="國別碼2碼: BR"
time="2023-06-21 09:39:01" level=info msg="國別碼3碼: BRA"
time="2023-06-21 09:39:01" level=info msg="國家全名: Brazil"
time="2023-06-21 09:53:37" level=info msg="國別碼2碼: US"
time="2023-06-21 09:53:37" level=info msg="國別碼3碼: USA"
time="2023-06-21 09:53:37" level=info msg="國家全名: United States of America (the)"
time="2023-06-21 09:59:39" level=info msg="國別碼2碼: FR"
time="2023-06-21 09:59:39" level=info msg="國別碼3碼: FRA"
time="2023-06-21 09:59:39" level=info msg="國家全名: France"
time="2023-06-21 09:59:40" level=info msg="國別碼2碼: FR"
time="2023-06-21 09:59:40" level=info msg="國別碼3碼: FRA"
time="2023-06-21 09:59:40" level=info msg="國家全名: France"
time="2023-06-21 10:08:39" level=info msg="國別碼2碼: US"
time="2023-06-21 10:08:39" level=info msg="國別碼3碼: USA"
time="2023-06-21 10:08:39" level=info msg="國家全名: United States of America (the)"
time="2023-06-21 10:46:40" level=info msg="國別碼2碼: FR"
time="2023-06-21 10:46:40" level=info msg="國別碼3碼: FRA"
time="2023-06-21 10:46:40" level=info msg="國家全名: France"
time="2023-06-21 10:46:41" level=info msg="國別碼2碼: FR"
time="2023-06-21 10:46:41" level=info msg="國別碼3碼: FRA"
time="2023-06-21 10:46:41" level=info msg="國家全名: France"
time="2023-06-21 11:25:29" level=info msg="國別碼2碼: GB"
time="2023-06-21 11:25:29" level=info msg="國別碼3碼: GBR"
time="2023-06-21 11:25:29" level=info msg="國家全名: United Kingdom of Great Britain and Northern Ireland (the)"
time="2023-06-21 11:25:30" level=info msg="國別碼2碼: GB"
time="2023-06-21 11:25:30" level=info msg="國別碼3碼: GBR"
time="2023-06-21 11:25:30" level=info msg="國家全名: United Kingdom of Great Britain and Northern Ireland (the)"
time="2023-06-21 11:25:31" level=info msg="國別碼2碼: GB"
time="2023-06-21 11:25:31" level=info msg="國別碼3碼: GBR"
time="2023-06-21 11:25:31" level=info msg="國家全名: United Kingdom of Great Britain and Northern Ireland (the)"
time="2023-06-21 11:25:32" level=info msg="國別碼2碼: GB"
time="2023-06-21 11:25:32" level=info msg="國別碼3碼: GBR"
time="2023-06-21 11:25:32" level=info msg="國家全名: United Kingdom of Great Britain and Northern Ireland (the)"
time="2023-06-21 11:25:33" level=info msg="國別碼2碼: GB"
time="2023-06-21 11:25:33" level=info msg="國別碼3碼: GBR"
time="2023-06-21 11:25:33" level=info msg="國家全名: United Kingdom of Great Britain and Northern Ireland (the)"
time="2023-06-21 11:25:35" level=info msg="國別碼2碼: GB"
time="2023-06-21 11:25:35" level=info msg="國別碼3碼: GBR"
time="2023-06-21 11:25:35" level=info msg="國家全名: United Kingdom of Great Britain and Northern Ireland (the)"
time="2023-06-21 11:25:36" level=info msg="國別碼2碼: GB"
time="2023-06-21 11:25:36" level=info msg="國別碼3碼: GBR"
time="2023-06-21 11:25:36" level=info msg="國家全名: United Kingdom of Great Britain and Northern Ireland (the)"
time="2023-06-21 11:25:37" level=info msg="國別碼2碼: GB"
time="2023-06-21 11:25:37" level=info msg="國別碼3碼: GBR"
time="2023-06-21 11:25:37" level=info msg="國家全名: United Kingdom of Great Britain and Northern Ireland (the)"
time="2023-06-21 11:25:38" level=info msg="國別碼2碼: GB"
time="2023-06-21 11:25:38" level=info msg="國別碼3碼: GBR"
time="2023-06-21 11:25:38" level=info msg="國家全名: United Kingdom of Great Britain and Northern Ireland (the)"
time="2023-06-21 11:38:09" level=info msg="國別碼2碼: VN"
time="2023-06-21 11:38:09" level=info msg="國別碼3碼: VNM"
time="2023-06-21 11:38:09" level=info msg="國家全名: Viet Nam"
time="2023-06-21 11:44:49" level=info msg="國別碼2碼: CN"
time="2023-06-21 11:44:49" level=info msg="國別碼3碼: CHN"
time="2023-06-21 11:44:49" level=info msg="國家全名: China"
time="2023-06-21 11:48:16" level=info msg="國別碼2碼: FR"
time="2023-06-21 11:48:16" level=info msg="國別碼3碼: FRA"
time="2023-06-21 11:48:16" level=info msg="國家全名: France"
time="2023-06-21 11:48:17" level=info msg="國別碼2碼: FR"
time="2023-06-21 11:48:17" level=info msg="國別碼3碼: FRA"
time="2023-06-21 11:48:17" level=info msg="國家全名: France"
time="2023-06-21 11:49:01" level=info msg="國別碼2碼: US"
time="2023-06-21 11:49:01" level=info msg="國別碼3碼: USA"
time="2023-06-21 11:49:01" level=info msg="國家全名: United States of America (the)"
time="2023-06-21 11:50:35" level=info msg="國別碼2碼: RS"
time="2023-06-21 11:50:35" level=info msg="國別碼3碼: SRB"
time="2023-06-21 11:50:35" level=info msg="國家全名: Serbia"
time="2023-06-21 12:00:39" level=info msg="國別碼2碼: FR"
time="2023-06-21 12:00:39" level=info msg="國別碼3碼: FRA"
time="2023-06-21 12:00:39" level=info msg="國家全名: France"
time="2023-06-21 12:00:40" level=info msg="國別碼2碼: FR"
time="2023-06-21 12:00:40" level=info msg="國別碼3碼: FRA"
time="2023-06-21 12:00:40" level=info msg="國家全名: France"
time="2023-06-21 12:49:03" level=info msg="國別碼2碼: CA"
time="2023-06-21 12:49:03" level=info msg="國別碼3碼: CAN"
time="2023-06-21 12:49:03" level=info msg="國家全名: Canada"
time="2023-06-21 12:49:04" level=info msg="國別碼2碼: CA"
time="2023-06-21 12:49:04" level=info msg="國別碼3碼: CAN"
time="2023-06-21 12:49:04" level=info msg="國家全名: Canada"
time="2023-06-21 13:12:04" level=info msg="國別碼2碼: FR"
time="2023-06-21 13:12:04" level=info msg="國別碼3碼: FRA"
time="2023-06-21 13:12:04" level=info msg="國家全名: France"
time="2023-06-21 13:28:05" level=info msg="國別碼2碼: BG"
time="2023-06-21 13:28:05" level=info msg="國別碼3碼: BGR"
time="2023-06-21 13:28:05" level=info msg="國家全名: Bulgaria"
time="2023-06-21 14:20:13" level=info msg="國別碼2碼: DE"
time="2023-06-21 14:20:13" level=info msg="國別碼3碼: DEU"
time="2023-06-21 14:20:13" level=info msg="國家全名: Germany"
time="2023-06-21 14:37:26" level=info msg="國別碼2碼: US"
time="2023-06-21 14:37:26" level=info msg="國別碼3碼: USA"
time="2023-06-21 14:37:26" level=info msg="國家全名: United States of America (the)"
time="2023-06-21 14:41:35" level=info msg="國別碼2碼: CA"
time="2023-06-21 14:41:35" level=info msg="國別碼3碼: CAN"
time="2023-06-21 14:41:35" level=info msg="國家全名: Canada"
time="2023-06-21 14:41:36" level=info msg="國別碼2碼: CA"
time="2023-06-21 14:41:36" level=info msg="國別碼3碼: CAN"
time="2023-06-21 14:41:36" level=info msg="國家全名: Canada"
time="2023-06-21 14:45:16" level=info msg="國別碼2碼: US"
time="2023-06-21 14:45:16" level=info msg="國別碼3碼: USA"
time="2023-06-21 14:45:16" level=info msg="國家全名: United States of America (the)"
time="2023-06-21 15:02:05" level=info msg="國別碼2碼: CA"
time="2023-06-21 15:02:05" level=info msg="國別碼3碼: CAN"
time="2023-06-21 15:02:05" level=info msg="國家全名: Canada"
time="2023-06-21 15:02:06" level=info msg="國別碼2碼: CA"
time="2023-06-21 15:02:06" level=info msg="國別碼3碼: CAN"
time="2023-06-21 15:02:06" level=info msg="國家全名: Canada"
time="2023-06-21 15:09:28" level=info msg="國別碼2碼: US"
time="2023-06-21 15:09:28" level=info msg="國別碼3碼: USA"
time="2023-06-21 15:09:28" level=info msg="國家全名: United States of America (the)"
time="2023-06-21 15:10:47" level=info msg="國別碼2碼: TW"
time="2023-06-21 15:10:47" level=info msg="國別碼3碼: TWN"
time="2023-06-21 15:10:47" level=info msg="國家全名: Taiwan (Province of China)"
time="2023-06-21 15:10:47" level=info msg="國別碼2碼: TW"
time="2023-06-21 15:10:47" level=info msg="國別碼3碼: TWN"
time="2023-06-21 15:10:47" level=info msg="國家全名: Taiwan (Province of China)"
time="2023-06-21 15:10:49" level=info msg="國別碼2碼: TW"
time="2023-06-21 15:10:49" level=info msg="國別碼3碼: TWN"
time="2023-06-21 15:10:49" level=info msg="國家全名: Taiwan (Province of China)"
time="2023-06-21 15:10:49" level=info msg="國別碼2碼: TW"
time="2023-06-21 15:10:49" level=info msg="國別碼3碼: TWN"
time="2023-06-21 15:10:49" level=info msg="國家全名: Taiwan (Province of China)"
time="2023-06-21 15:12:17" level=info msg="國別碼2碼: RU"
time="2023-06-21 15:12:17" level=info msg="國別碼3碼: RUS"
time="2023-06-21 15:12:17" level=info msg="國家全名: Russian Federation (the)"
time="2023-06-21 15:27:10" level=info msg="國別碼2碼: RU"
time="2023-06-21 15:27:10" level=info msg="國別碼3碼: RUS"
time="2023-06-21 15:27:10" level=info msg="國家全名: Russian Federation (the)"
time="2023-06-21 15:46:14" level=info msg="國別碼2碼: RU"
time="2023-06-21 15:46:14" level=info msg="國別碼3碼: RUS"
time="2023-06-21 15:46:14" level=info msg="國家全名: Russian Federation (the)"
time="2023-06-21 15:56:10" level=info msg="國別碼2碼: NL"
time="2023-06-21 15:56:10" level=info msg="國別碼3碼: NLD"
time="2023-06-21 15:56:10" level=info msg="國家全名: Netherlands (the)"
time="2023-06-21 16:04:31" level=info msg="國別碼2碼: RU"
time="2023-06-21 16:04:31" level=info msg="國別碼3碼: RUS"
time="2023-06-21 16:04:31" level=info msg="國家全名: Russian Federation (the)"
time="2023-06-21 16:12:58" level=info msg="國別碼2碼: US"
time="2023-06-21 16:12:58" level=info msg="國別碼3碼: USA"
time="2023-06-21 16:12:58" level=info msg="國家全名: United States of America (the)"
time="2023-06-21 16:16:56" level=info msg="國別碼2碼: LT"
time="2023-06-21 16:16:56" level=info msg="國別碼3碼: LTU"
time="2023-06-21 16:16:56" level=info msg="國家全名: Lithuania"
time="2023-06-21 16:26:26" level=info msg="國別碼2碼: CN"
time="2023-06-21 16:26:26" level=info msg="國別碼3碼: CHN"
time="2023-06-21 16:26:26" level=info msg="國家全名: China"
time="2023-06-21 16:26:27" level=info msg="國別碼2碼: CN"
time="2023-06-21 16:26:27" level=info msg="國別碼3碼: CHN"
time="2023-06-21 16:26:27" level=info msg="國家全名: China"
time="2023-06-21 16:35:02" level=info msg="國別碼2碼: CA"
time="2023-06-21 16:35:02" level=info msg="國別碼3碼: CAN"
time="2023-06-21 16:35:02" level=info msg="國家全名: Canada"
time="2023-06-21 16:35:03" level=info msg="國別碼2碼: CA"
time="2023-06-21 16:35:03" level=info msg="國別碼3碼: CAN"
time="2023-06-21 16:35:03" level=info msg="國家全名: Canada"
time="2023-06-21 16:41:57" level=info msg="國別碼2碼: US"
time="2023-06-21 16:41:57" level=info msg="國別碼3碼: USA"
time="2023-06-21 16:41:57" level=info msg="國家全名: United States of America (the)"
time="2023-06-21 16:58:29" level=info msg="國別碼2碼: RU"
time="2023-06-21 16:58:29" level=info msg="國別碼3碼: RUS"
time="2023-06-21 16:58:29" level=info msg="國家全名: Russian Federation (the)"
time="2023-06-21 17:05:47" level=info msg="國別碼2碼: CA"
time="2023-06-21 17:05:47" level=info msg="國別碼3碼: CAN"
time="2023-06-21 17:05:47" level=info msg="國家全名: Canada"
time="2023-06-21 17:05:48" level=info msg="國別碼2碼: CA"
time="2023-06-21 17:05:48" level=info msg="國別碼3碼: CAN"
time="2023-06-21 17:05:48" level=info msg="國家全名: Canada"
time="2023-06-21 17:46:41" level=info msg="國別碼2碼: RU"
time="2023-06-21 17:46:41" level=info msg="國別碼3碼: RUS"
time="2023-06-21 17:46:41" level=info msg="國家全名: Russian Federation (the)"
time="2023-06-21 17:51:12" level=info msg="國別碼2碼: BE"
time="2023-06-21 17:51:12" level=info msg="國別碼3碼: BEL"
time="2023-06-21 17:51:12" level=info msg="國家全名: Belgium"
time="2023-06-21 18:11:45" level=info msg="國別碼2碼: RU"
time="2023-06-21 18:11:45" level=info msg="國別碼3碼: RUS"
time="2023-06-21 18:11:45" level=info msg="國家全名: Russian Federation (the)"
time="2023-06-21 18:13:16" level=info msg="國別碼2碼: US"
time="2023-06-21 18:13:16" level=info msg="國別碼3碼: USA"
time="2023-06-21 18:13:16" level=info msg="國家全名: United States of America (the)"
time="2023-06-21 18:36:33" level=info msg="國別碼2碼: CA"
time="2023-06-21 18:36:33" level=info msg="國別碼3碼: CAN"
time="2023-06-21 18:36:33" level=info msg="國家全名: Canada"
time="2023-06-21 18:36:34" level=info msg="國別碼2碼: CA"
time="2023-06-21 18:36:34" level=info msg="國別碼3碼: CAN"
time="2023-06-21 18:36:34" level=info msg="國家全名: Canada"
time="2023-06-21 18:48:13" level=info msg="國別碼2碼: RU"
time="2023-06-21 18:48:13" level=info msg="國別碼3碼: RUS"
time="2023-06-21 18:48:13" level=info msg="國家全名: Russian Federation (the)"
time="2023-06-21 18:59:38" level=info msg="國別碼2碼: NL"
time="2023-06-21 18:59:38" level=info msg="國別碼3碼: NLD"
time="2023-06-21 18:59:38" level=info msg="國家全名: Netherlands (the)"
time="2023-06-21 19:11:56" level=info msg="國別碼2碼: CH"
time="2023-06-21 19:11:56" level=info msg="國別碼3碼: CHE"
time="2023-06-21 19:11:56" level=info msg="國家全名: Switzerland"
time="2023-06-21 19:23:57" level=info msg="國別碼2碼: CA"
time="2023-06-21 19:23:57" level=info msg="國別碼3碼: CAN"
time="2023-06-21 19:23:57" level=info msg="國家全名: Canada"
time="2023-06-21 19:23:59" level=info msg="國別碼2碼: CA"
time="2023-06-21 19:23:59" level=info msg="國別碼3碼: CAN"
time="2023-06-21 19:23:59" level=info msg="國家全名: Canada"
time="2023-06-21 19:25:39" level=info msg="國別碼2碼: US"
time="2023-06-21 19:25:39" level=info msg="國別碼3碼: USA"
time="2023-06-21 19:25:39" level=info msg="國家全名: United States of America (the)"
time="2023-06-21 19:46:24" level=info msg="國別碼2碼: RU"
time="2023-06-21 19:46:24" level=info msg="國別碼3碼: RUS"
time="2023-06-21 19:46:24" level=info msg="國家全名: Russian Federation (the)"
time="2023-06-21 20:02:11" level=info msg="國別碼2碼: RU"
time="2023-06-21 20:02:11" level=info msg="國別碼3碼: RUS"
time="2023-06-21 20:02:11" level=info msg="國家全名: Russian Federation (the)"
time="2023-06-21 20:20:58" level=info msg="國別碼2碼: CA"
time="2023-06-21 20:20:58" level=info msg="國別碼3碼: CAN"
time="2023-06-21 20:20:58" level=info msg="國家全名: Canada"
time="2023-06-21 20:20:59" level=info msg="國別碼2碼: CA"
time="2023-06-21 20:20:59" level=info msg="國別碼3碼: CAN"
time="2023-06-21 20:20:59" level=info msg="國家全名: Canada"
time="2023-06-21 20:28:07" level=info msg="國別碼2碼: US"
time="2023-06-21 20:28:07" level=info msg="國別碼3碼: USA"
time="2023-06-21 20:28:07" level=info msg="國家全名: United States of America (the)"
time="2023-06-21 20:28:08" level=info msg="國別碼2碼: US"
time="2023-06-21 20:28:08" level=info msg="國別碼3碼: USA"
time="2023-06-21 20:28:08" level=info msg="國家全名: United States of America (the)"
time="2023-06-21 20:28:09" level=info msg="國別碼2碼: US"
time="2023-06-21 20:28:09" level=info msg="國別碼3碼: USA"
time="2023-06-21 20:28:09" level=info msg="國家全名: United States of America (the)"
time="2023-06-21 20:28:10" level=info msg="國別碼2碼: US"
time="2023-06-21 20:28:10" level=info msg="國別碼3碼: USA"
time="2023-06-21 20:28:10" level=info msg="國家全名: United States of America (the)"
time="2023-06-21 20:28:11" level=info msg="國別碼2碼: US"
time="2023-06-21 20:28:11" level=info msg="國別碼3碼: USA"
time="2023-06-21 20:28:11" level=info msg="國家全名: United States of America (the)"
time="2023-06-21 21:03:12" level=info msg="國別碼2碼: RU"
time="2023-06-21 21:03:12" level=info msg="國別碼3碼: RUS"
time="2023-06-21 21:03:12" level=info msg="國家全名: Russian Federation (the)"
time="2023-06-21 21:10:04" level=info msg="國別碼2碼: PT"
time="2023-06-21 21:10:04" level=info msg="國別碼3碼: PRT"
time="2023-06-21 21:10:04" level=info msg="國家全名: Portugal"
time="2023-06-21 21:18:29" level=info msg="國別碼2碼: BG"
time="2023-06-21 21:18:29" level=info msg="國別碼3碼: BGR"
time="2023-06-21 21:18:29" level=info msg="國家全名: Bulgaria"
time="2023-06-21 21:18:30" level=info msg="國別碼2碼: BG"
time="2023-06-21 21:18:30" level=info msg="國別碼3碼: BGR"
time="2023-06-21 21:18:30" level=info msg="國家全名: Bulgaria"
time="2023-06-21 21:18:35" level=info msg="國別碼2碼: BG"
time="2023-06-21 21:18:35" level=info msg="國別碼3碼: BGR"
time="2023-06-21 21:18:35" level=info msg="國家全名: Bulgaria"
time="2023-06-21 21:18:36" level=info msg="國別碼2碼: BG"
time="2023-06-21 21:18:36" level=info msg="國別碼3碼: BGR"
time="2023-06-21 21:18:36" level=info msg="國家全名: Bulgaria"
time="2023-06-21 21:23:48" level=info msg="國別碼2碼: CA"
time="2023-06-21 21:23:48" level=info msg="國別碼3碼: CAN"
time="2023-06-21 21:23:48" level=info msg="國家全名: Canada"
time="2023-06-21 21:23:50" level=info msg="國別碼2碼: CA"
time="2023-06-21 21:23:50" level=info msg="國別碼3碼: CAN"
time="2023-06-21 21:23:50" level=info msg="國家全名: Canada"
time="2023-06-21 21:36:37" level=info msg="國別碼2碼: RU"
time="2023-06-21 21:36:37" level=info msg="國別碼3碼: RUS"
time="2023-06-21 21:36:37" level=info msg="國家全名: Russian Federation (the)"
time="2023-06-21 21:36:54" level=info msg="國別碼2碼: NL"
time="2023-06-21 21:36:54" level=info msg="國別碼3碼: NLD"
time="2023-06-21 21:36:54" level=info msg="國家全名: Netherlands (the)"
time="2023-06-21 21:59:13" level=info msg="國別碼2碼: US"
time="2023-06-21 21:59:13" level=info msg="國別碼3碼: USA"
time="2023-06-21 21:59:13" level=info msg="國家全名: United States of America (the)"
time="2023-06-21 22:07:03" level=info msg="國別碼2碼: CH"
time="2023-06-21 22:07:03" level=info msg="國別碼3碼: CHE"
time="2023-06-21 22:07:03" level=info msg="國家全名: Switzerland"
time="2023-06-21 22:09:43" level=info msg="國別碼2碼: RU"
time="2023-06-21 22:09:43" level=info msg="國別碼3碼: RUS"
time="2023-06-21 22:09:43" level=info msg="國家全名: Russian Federation (the)"
time="2023-06-21 22:12:16" level=info msg="國別碼2碼: CA"
time="2023-06-21 22:12:16" level=info msg="國別碼3碼: CAN"
time="2023-06-21 22:12:16" level=info msg="國家全名: Canada"
time="2023-06-21 22:12:17" level=info msg="國別碼2碼: CA"
time="2023-06-21 22:12:17" level=info msg="國別碼3碼: CAN"
time="2023-06-21 22:12:17" level=info msg="國家全名: Canada"
time="2023-06-21 22:29:20" level=info msg="國別碼2碼: US"
time="2023-06-21 22:29:20" level=info msg="國別碼3碼: USA"
time="2023-06-21 22:29:20" level=info msg="國家全名: United States of America (the)"
time="2023-06-21 22:55:44" level=info msg="國別碼2碼: CA"
time="2023-06-21 22:55:44" level=info msg="國別碼3碼: CAN"
time="2023-06-21 22:55:44" level=info msg="國家全名: Canada"
time="2023-06-21 22:55:45" level=info msg="國別碼2碼: CA"
time="2023-06-21 22:55:45" level=info msg="國別碼3碼: CAN"
time="2023-06-21 22:55:45" level=info msg="國家全名: Canada"
time="2023-06-21 23:03:17" level=info msg="國別碼2碼: AU"
time="2023-06-21 23:03:17" level=info msg="國別碼3碼: AUS"
time="2023-06-21 23:03:17" level=info msg="國家全名: Australia"
time="2023-06-21 23:03:18" level=info msg="國別碼2碼: AU"
time="2023-06-21 23:03:18" level=info msg="國別碼3碼: AUS"
time="2023-06-21 23:03:18" level=info msg="國家全名: Australia"
time="2023-06-21 23:03:19" level=info msg="國別碼2碼: AU"
time="2023-06-21 23:03:19" level=info msg="國別碼3碼: AUS"
time="2023-06-21 23:03:19" level=info msg="國家全名: Australia"
time="2023-06-21 23:03:20" level=info msg="國別碼2碼: AU"
time="2023-06-21 23:03:20" level=info msg="國別碼3碼: AUS"
time="2023-06-21 23:03:20" level=info msg="國家全名: Australia"
time="2023-06-21 23:03:21" level=info msg="國別碼2碼: AU"
time="2023-06-21 23:03:21" level=info msg="國別碼3碼: AUS"
time="2023-06-21 23:03:21" level=info msg="國家全名: Australia"
time="2023-06-21 23:03:22" level=info msg="國別碼2碼: AU"
time="2023-06-21 23:03:22" level=info msg="國別碼3碼: AUS"
time="2023-06-21 23:03:22" level=info msg="國家全名: Australia"
time="2023-06-21 23:03:23" level=info msg="國別碼2碼: AU"
time="2023-06-21 23:03:23" level=info msg="國別碼3碼: AUS"
time="2023-06-21 23:03:23" level=info msg="國家全名: Australia"
time="2023-06-21 23:03:24" level=info msg="國別碼2碼: AU"
time="2023-06-21 23:03:24" level=info msg="國別碼3碼: AUS"
time="2023-06-21 23:03:24" level=info msg="國家全名: Australia"
time="2023-06-21 23:03:24" level=info msg="國別碼2碼: AU"
time="2023-06-21 23:03:24" level=info msg="國別碼3碼: AUS"
time="2023-06-21 23:03:24" level=info msg="國家全名: Australia"
time="2023-06-21 23:08:15" level=info msg="國別碼2碼: NL"
time="2023-06-21 23:08:15" level=info msg="國別碼3碼: NLD"
time="2023-06-21 23:08:15" level=info msg="國家全名: Netherlands (the)"
time="2023-06-21 23:08:18" level=info msg="國別碼2碼: NL"
time="2023-06-21 23:08:18" level=info msg="國別碼3碼: NLD"
time="2023-06-21 23:08:18" level=info msg="國家全名: Netherlands (the)"
time="2023-06-21 23:08:24" level=info msg="國別碼2碼: NL"
time="2023-06-21 23:08:24" level=info msg="國別碼3碼: NLD"
time="2023-06-21 23:08:24" level=info msg="國家全名: Netherlands (the)"
time="2023-06-21 23:08:27" level=info msg="國別碼2碼: NL"
time="2023-06-21 23:08:27" level=info msg="國別碼3碼: NLD"
time="2023-06-21 23:08:27" level=info msg="國家全名: Netherlands (the)"
time="2023-06-21 23:08:32" level=info msg="國別碼2碼: NL"
time="2023-06-21 23:08:32" level=info msg="國別碼3碼: NLD"
time="2023-06-21 23:08:32" level=info msg="國家全名: Netherlands (the)"
time="2023-06-21 23:08:36" level=info msg="國別碼2碼: NL"
time="2023-06-21 23:08:36" level=info msg="國別碼3碼: NLD"
time="2023-06-21 23:08:36" level=info msg="國家全名: Netherlands (the)"
time="2023-06-21 23:08:40" level=info msg="國別碼2碼: NL"
time="2023-06-21 23:08:40" level=info msg="國別碼3碼: NLD"
time="2023-06-21 23:08:40" level=info msg="國家全名: Netherlands (the)"
time="2023-06-21 23:08:42" level=info msg="國別碼2碼: NL"
time="2023-06-21 23:08:42" level=info msg="國別碼3碼: NLD"
time="2023-06-21 23:08:42" level=info msg="國家全名: Netherlands (the)"
time="2023-06-21 23:08:44" level=info msg="國別碼2碼: NL"
time="2023-06-21 23:08:44" level=info msg="國別碼3碼: NLD"
time="2023-06-21 23:08:44" level=info msg="國家全名: Netherlands (the)"
time="2023-06-21 23:15:24" level=info msg="國別碼2碼: RU"
time="2023-06-21 23:15:24" level=info msg="國別碼3碼: RUS"
time="2023-06-21 23:15:24" level=info msg="國家全名: Russian Federation (the)"
time="2023-06-21 23:31:08" level=info msg="國別碼2碼: US"
time="2023-06-21 23:31:08" level=info msg="國別碼3碼: USA"
time="2023-06-21 23:31:08" level=info msg="國家全名: United States of America (the)"
time="2023-06-21 23:42:14" level=info msg="國別碼2碼: US"
time="2023-06-21 23:42:14" level=info msg="國別碼3碼: USA"
time="2023-06-21 23:42:14" level=info msg="國家全名: United States of America (the)"
time="2023-06-21 23:42:15" level=info msg="國別碼2碼: US"
time="2023-06-21 23:42:15" level=info msg="國別碼3碼: USA"
time="2023-06-21 23:42:15" level=info msg="國家全名: United States of America (the)"
time="2023-06-21 23:43:12" level=info msg="國別碼2碼: RU"
time="2023-06-21 23:43:12" level=info msg="國別碼3碼: RUS"
time="2023-06-21 23:43:12" level=info msg="國家全名: Russian Federation (the)"
time="2023-06-21 23:49:04" level=info msg="國別碼2碼: VN"
time="2023-06-21 23:49:04" level=info msg="國別碼3碼: VNM"
time="2023-06-21 23:49:04" level=info msg="國家全名: Viet Nam"
time="2023-06-21 23:56:37" level=info msg="國別碼2碼: CN"
time="2023-06-21 23:56:37" level=info msg="國別碼3碼: CHN"
time="2023-06-21 23:56:37" level=info msg="國家全名: China"
time="2023-06-21 23:56:41" level=info msg="國別碼2碼: CN"
time="2023-06-21 23:56:41" level=info msg="國別碼3碼: CHN"
time="2023-06-21 23:56:41" level=info msg="國家全名: China"
time="2023-06-21 23:56:48" level=info msg="國別碼2碼: CN"
time="2023-06-21 23:56:48" level=info msg="國別碼3碼: CHN"
time="2023-06-21 23:56:48" level=info msg="國家全名: China"
time="2023-06-21 23:56:49" level=info msg="國別碼2碼: CN"
time="2023-06-21 23:56:49" level=info msg="國別碼3碼: CHN"
time="2023-06-21 23:56:49" level=info msg="國家全名: China"
time="2023-06-21 23:56:49" level=info msg="國別碼2碼: CN"
time="2023-06-21 23:56:49" level=info msg="國別碼3碼: CHN"
time="2023-06-21 23:56:49" level=info msg="國家全名: China"
