time="2023-06-16 00:02:18" level=info msg="國別碼2碼: CA"
time="2023-06-16 00:02:18" level=info msg="國別碼3碼: CAN"
time="2023-06-16 00:02:18" level=info msg="國家全名: Canada"
time="2023-06-16 00:02:19" level=info msg="國別碼2碼: CA"
time="2023-06-16 00:02:19" level=info msg="國別碼3碼: CAN"
time="2023-06-16 00:02:19" level=info msg="國家全名: Canada"
time="2023-06-16 00:05:41" level=info msg="國別碼2碼: US"
time="2023-06-16 00:05:41" level=info msg="國別碼3碼: USA"
time="2023-06-16 00:05:41" level=info msg="國家全名: United States of America (the)"
time="2023-06-16 00:30:37" level=info msg="國別碼2碼: CA"
time="2023-06-16 00:30:37" level=info msg="國別碼3碼: CAN"
time="2023-06-16 00:30:37" level=info msg="國家全名: Canada"
time="2023-06-16 00:30:38" level=info msg="國別碼2碼: CA"
time="2023-06-16 00:30:38" level=info msg="國別碼3碼: CAN"
time="2023-06-16 00:30:38" level=info msg="國家全名: Canada"
time="2023-06-16 00:31:39" level=info msg="國別碼2碼: RU"
time="2023-06-16 00:31:39" level=info msg="國別碼3碼: RUS"
time="2023-06-16 00:31:39" level=info msg="國家全名: Russian Federation (the)"
time="2023-06-16 00:34:28" level=info msg="國別碼2碼: HK"
time="2023-06-16 00:34:28" level=info msg="國別碼3碼: HKG"
time="2023-06-16 00:34:28" level=info msg="國家全名: Hong Kong"
time="2023-06-16 00:39:15" level=info msg="國別碼2碼: US"
time="2023-06-16 00:39:15" level=info msg="國別碼3碼: USA"
time="2023-06-16 00:39:15" level=info msg="國家全名: United States of America (the)"
time="2023-06-16 01:16:55" level=info msg="國別碼2碼: RU"
time="2023-06-16 01:16:55" level=info msg="國別碼3碼: RUS"
time="2023-06-16 01:16:55" level=info msg="國家全名: Russian Federation (the)"
time="2023-06-16 01:32:34" level=info msg="國別碼2碼: US"
time="2023-06-16 01:32:34" level=info msg="國別碼3碼: USA"
time="2023-06-16 01:32:34" level=info msg="國家全名: United States of America (the)"
time="2023-06-16 01:45:03" level=info msg="國別碼2碼: RU"
time="2023-06-16 01:45:03" level=info msg="國別碼3碼: RUS"
time="2023-06-16 01:45:03" level=info msg="國家全名: Russian Federation (the)"
time="2023-06-16 01:54:18" level=info msg="國別碼2碼: FR"
time="2023-06-16 01:54:18" level=info msg="國別碼3碼: FRA"
time="2023-06-16 01:54:18" level=info msg="國家全名: France"
time="2023-06-16 01:56:23" level=info msg="國別碼2碼: CA"
time="2023-06-16 01:56:23" level=info msg="國別碼3碼: CAN"
time="2023-06-16 01:56:23" level=info msg="國家全名: Canada"
time="2023-06-16 01:56:24" level=info msg="國別碼2碼: CA"
time="2023-06-16 01:56:24" level=info msg="國別碼3碼: CAN"
time="2023-06-16 01:56:24" level=info msg="國家全名: Canada"
time="2023-06-16 01:57:29" level=info msg="國別碼2碼: US"
time="2023-06-16 01:57:29" level=info msg="國別碼3碼: USA"
time="2023-06-16 01:57:29" level=info msg="國家全名: United States of America (the)"
time="2023-06-16 02:11:21" level=info msg="國別碼2碼: US"
time="2023-06-16 02:11:21" level=info msg="國別碼3碼: USA"
time="2023-06-16 02:11:21" level=info msg="國家全名: United States of America (the)"
time="2023-06-16 02:13:33" level=info msg="國別碼2碼: CH"
time="2023-06-16 02:13:33" level=info msg="國別碼3碼: CHE"
time="2023-06-16 02:13:33" level=info msg="國家全名: Switzerland"
time="2023-06-16 02:25:21" level=info msg="國別碼2碼: US"
time="2023-06-16 02:25:21" level=info msg="國別碼3碼: USA"
time="2023-06-16 02:25:21" level=info msg="國家全名: United States of America (the)"
time="2023-06-16 02:29:30" level=info msg="國別碼2碼: RU"
time="2023-06-16 02:29:30" level=info msg="國別碼3碼: RUS"
time="2023-06-16 02:29:30" level=info msg="國家全名: Russian Federation (the)"
time="2023-06-16 02:37:09" level=info msg="國別碼2碼: CA"
time="2023-06-16 02:37:09" level=info msg="國別碼3碼: CAN"
time="2023-06-16 02:37:09" level=info msg="國家全名: Canada"
time="2023-06-16 02:37:10" level=info msg="國別碼2碼: CA"
time="2023-06-16 02:37:10" level=info msg="國別碼3碼: CAN"
time="2023-06-16 02:37:10" level=info msg="國家全名: Canada"
time="2023-06-16 03:11:16" level=info msg="國別碼2碼: RU"
time="2023-06-16 03:11:16" level=info msg="國別碼3碼: RUS"
time="2023-06-16 03:11:16" level=info msg="國家全名: Russian Federation (the)"
time="2023-06-16 03:27:14" level=info msg="國別碼2碼: US"
time="2023-06-16 03:27:14" level=info msg="國別碼3碼: USA"
time="2023-06-16 03:27:14" level=info msg="國家全名: United States of America (the)"
time="2023-06-16 03:27:15" level=info msg="國別碼2碼: US"
time="2023-06-16 03:27:15" level=info msg="國別碼3碼: USA"
time="2023-06-16 03:27:15" level=info msg="國家全名: United States of America (the)"
time="2023-06-16 03:37:49" level=info msg="國別碼2碼: CA"
time="2023-06-16 03:37:49" level=info msg="國別碼3碼: CAN"
time="2023-06-16 03:37:49" level=info msg="國家全名: Canada"
time="2023-06-16 03:37:50" level=info msg="國別碼2碼: CA"
time="2023-06-16 03:37:50" level=info msg="國別碼3碼: CAN"
time="2023-06-16 03:37:50" level=info msg="國家全名: Canada"
time="2023-06-16 03:43:35" level=info msg="國別碼2碼: RU"
time="2023-06-16 03:43:35" level=info msg="國別碼3碼: RUS"
time="2023-06-16 03:43:35" level=info msg="國家全名: Russian Federation (the)"
time="2023-06-16 04:17:07" level=info msg="國別碼2碼: CA"
time="2023-06-16 04:17:07" level=info msg="國別碼3碼: CAN"
time="2023-06-16 04:17:07" level=info msg="國家全名: Canada"
time="2023-06-16 04:17:08" level=info msg="國別碼2碼: CA"
time="2023-06-16 04:17:08" level=info msg="國別碼3碼: CAN"
time="2023-06-16 04:17:08" level=info msg="國家全名: Canada"
time="2023-06-16 04:35:54" level=info msg="國別碼2碼: RU"
time="2023-06-16 04:35:54" level=info msg="國別碼3碼: RUS"
time="2023-06-16 04:35:54" level=info msg="國家全名: Russian Federation (the)"
time="2023-06-16 05:18:11" level=info msg="國別碼2碼: RU"
time="2023-06-16 05:18:11" level=info msg="國別碼3碼: RUS"
time="2023-06-16 05:18:11" level=info msg="國家全名: Russian Federation (the)"
time="2023-06-16 05:20:12" level=info msg="國別碼2碼: CA"
time="2023-06-16 05:20:12" level=info msg="國別碼3碼: CAN"
time="2023-06-16 05:20:12" level=info msg="國家全名: Canada"
time="2023-06-16 05:20:13" level=info msg="國別碼2碼: CA"
time="2023-06-16 05:20:13" level=info msg="國別碼3碼: CAN"
time="2023-06-16 05:20:13" level=info msg="國家全名: Canada"
time="2023-06-16 05:33:43" level=info msg="國別碼2碼: CA"
time="2023-06-16 05:33:43" level=info msg="國別碼3碼: CAN"
time="2023-06-16 05:33:43" level=info msg="國家全名: Canada"
time="2023-06-16 05:33:44" level=info msg="國別碼2碼: CA"
time="2023-06-16 05:33:44" level=info msg="國別碼3碼: CAN"
time="2023-06-16 05:33:44" level=info msg="國家全名: Canada"
time="2023-06-16 05:43:18" level=info msg="國別碼2碼: RU"
time="2023-06-16 05:43:18" level=info msg="國別碼3碼: RUS"
time="2023-06-16 05:43:18" level=info msg="國家全名: Russian Federation (the)"
time="2023-06-16 06:03:36" level=info msg="國別碼2碼: TW"
time="2023-06-16 06:03:36" level=info msg="國別碼3碼: TWN"
time="2023-06-16 06:03:36" level=info msg="國家全名: Taiwan (Province of China)"
time="2023-06-16 06:03:36" level=info msg="國別碼2碼: TW"
time="2023-06-16 06:03:36" level=info msg="國別碼3碼: TWN"
time="2023-06-16 06:03:36" level=info msg="國家全名: Taiwan (Province of China)"
time="2023-06-16 06:03:36" level=info msg="國別碼2碼: TW"
time="2023-06-16 06:03:36" level=info msg="國別碼3碼: TWN"
time="2023-06-16 06:03:36" level=info msg="國家全名: Taiwan (Province of China)"
time="2023-06-16 06:03:36" level=info msg="國別碼2碼: TW"
time="2023-06-16 06:03:36" level=info msg="國別碼3碼: TWN"
time="2023-06-16 06:03:36" level=info msg="國家全名: Taiwan (Province of China)"
time="2023-06-16 06:03:37" level=info msg="國別碼2碼: TW"
time="2023-06-16 06:03:37" level=info msg="國別碼3碼: TWN"
time="2023-06-16 06:03:37" level=info msg="國家全名: Taiwan (Province of China)"
time="2023-06-16 06:03:42" level=info msg="國別碼2碼: TW"
time="2023-06-16 06:03:42" level=info msg="國別碼3碼: TWN"
time="2023-06-16 06:03:42" level=info msg="國家全名: Taiwan (Province of China)"
time="2023-06-16 06:03:43" level=info msg="國別碼2碼: TW"
time="2023-06-16 06:03:43" level=info msg="國別碼3碼: TWN"
time="2023-06-16 06:03:43" level=info msg="國家全名: Taiwan (Province of China)"
time="2023-06-16 06:03:43" level=info msg="國別碼2碼: TW"
time="2023-06-16 06:03:43" level=info msg="國別碼3碼: TWN"
time="2023-06-16 06:03:43" level=info msg="國家全名: Taiwan (Province of China)"
time="2023-06-16 06:03:43" level=info msg="國別碼2碼: TW"
time="2023-06-16 06:03:43" level=info msg="國別碼3碼: TWN"
time="2023-06-16 06:03:43" level=info msg="國家全名: Taiwan (Province of China)"
time="2023-06-16 06:03:44" level=info msg="國別碼2碼: TW"
time="2023-06-16 06:03:44" level=info msg="國別碼3碼: TWN"
time="2023-06-16 06:03:44" level=info msg="國家全名: Taiwan (Province of China)"
time="2023-06-16 06:22:24" level=info msg="國別碼2碼: US"
time="2023-06-16 06:22:24" level=info msg="國別碼3碼: USA"
time="2023-06-16 06:22:24" level=info msg="國家全名: United States of America (the)"
time="2023-06-16 06:48:00" level=info msg="國別碼2碼: RU"
time="2023-06-16 06:48:00" level=info msg="國別碼3碼: RUS"
time="2023-06-16 06:48:00" level=info msg="國家全名: Russian Federation (the)"
time="2023-06-16 06:51:45" level=info msg="國別碼2碼: US"
time="2023-06-16 06:51:45" level=info msg="國別碼3碼: USA"
time="2023-06-16 06:51:45" level=info msg="國家全名: United States of America (the)"
time="2023-06-16 06:52:39" level=info msg="國別碼2碼: CA"
time="2023-06-16 06:52:39" level=info msg="國別碼3碼: CAN"
time="2023-06-16 06:52:39" level=info msg="國家全名: Canada"
time="2023-06-16 06:52:40" level=info msg="國別碼2碼: CA"
time="2023-06-16 06:52:40" level=info msg="國別碼3碼: CAN"
time="2023-06-16 06:52:40" level=info msg="國家全名: Canada"
time="2023-06-16 07:18:21" level=info msg="國別碼2碼: CA"
time="2023-06-16 07:18:21" level=info msg="國別碼3碼: CAN"
time="2023-06-16 07:18:21" level=info msg="國家全名: Canada"
time="2023-06-16 07:18:22" level=info msg="國別碼2碼: CA"
time="2023-06-16 07:18:22" level=info msg="國別碼3碼: CAN"
time="2023-06-16 07:18:22" level=info msg="國家全名: Canada"
time="2023-06-16 07:20:26" level=info msg="國別碼2碼: RU"
time="2023-06-16 07:20:26" level=info msg="國別碼3碼: RUS"
time="2023-06-16 07:20:26" level=info msg="國家全名: Russian Federation (the)"
time="2023-06-16 07:45:25" level=info msg="國別碼2碼: GB"
time="2023-06-16 07:45:25" level=info msg="國別碼3碼: GBR"
time="2023-06-16 07:45:25" level=info msg="國家全名: United Kingdom of Great Britain and Northern Ireland (the)"
time="2023-06-16 07:51:09" level=info msg="國別碼2碼: CA"
time="2023-06-16 07:51:09" level=info msg="國別碼3碼: CAN"
time="2023-06-16 07:51:09" level=info msg="國家全名: Canada"
time="2023-06-16 07:51:10" level=info msg="國別碼2碼: CA"
time="2023-06-16 07:51:10" level=info msg="國別碼3碼: CAN"
time="2023-06-16 07:51:10" level=info msg="國家全名: Canada"
time="2023-06-16 08:15:31" level=info msg="國別碼2碼: US"
time="2023-06-16 08:15:31" level=info msg="國別碼3碼: USA"
time="2023-06-16 08:15:31" level=info msg="國家全名: United States of America (the)"
time="2023-06-16 08:15:47" level=info msg="國別碼2碼: US"
time="2023-06-16 08:15:47" level=info msg="國別碼3碼: USA"
time="2023-06-16 08:15:47" level=info msg="國家全名: United States of America (the)"
time="2023-06-16 08:18:52" level=info msg="國別碼2碼: RU"
time="2023-06-16 08:18:52" level=info msg="國別碼3碼: RUS"
time="2023-06-16 08:18:52" level=info msg="國家全名: Russian Federation (the)"
time="2023-06-16 08:22:39" level=info msg="國別碼2碼: RU"
time="2023-06-16 08:22:39" level=info msg="國別碼3碼: RUS"
time="2023-06-16 08:22:39" level=info msg="國家全名: Russian Federation (the)"
time="2023-06-16 08:26:28" level=info msg="國別碼2碼: HU"
time="2023-06-16 08:26:28" level=info msg="國別碼3碼: HUN"
time="2023-06-16 08:26:28" level=info msg="國家全名: Hungary"
time="2023-06-16 08:48:55" level=info msg="國別碼2碼: CA"
time="2023-06-16 08:48:55" level=info msg="國別碼3碼: CAN"
time="2023-06-16 08:48:55" level=info msg="國家全名: Canada"
time="2023-06-16 08:48:56" level=info msg="國別碼2碼: CA"
time="2023-06-16 08:48:56" level=info msg="國別碼3碼: CAN"
time="2023-06-16 08:48:56" level=info msg="國家全名: Canada"
time="2023-06-16 08:53:59" level=info msg="國別碼2碼: DE"
time="2023-06-16 08:53:59" level=info msg="國別碼3碼: DEU"
time="2023-06-16 08:53:59" level=info msg="國家全名: Germany"
time="2023-06-16 09:22:49" level=info msg="國別碼2碼: NL"
time="2023-06-16 09:22:49" level=info msg="國別碼3碼: NLD"
time="2023-06-16 09:22:49" level=info msg="國家全名: Netherlands (the)"
time="2023-06-16 09:23:26" level=info msg="國別碼2碼: RU"
time="2023-06-16 09:23:26" level=info msg="國別碼3碼: RUS"
time="2023-06-16 09:23:26" level=info msg="國家全名: Russian Federation (the)"
time="2023-06-16 09:28:25" level=info msg="國別碼2碼: CA"
time="2023-06-16 09:28:25" level=info msg="國別碼3碼: CAN"
time="2023-06-16 09:28:25" level=info msg="國家全名: Canada"
time="2023-06-16 09:28:26" level=info msg="國別碼2碼: CA"
time="2023-06-16 09:28:26" level=info msg="國別碼3碼: CAN"
time="2023-06-16 09:28:26" level=info msg="國家全名: Canada"
time="2023-06-16 10:08:57" level=info msg="國別碼2碼: CA"
time="2023-06-16 10:08:57" level=info msg="國別碼3碼: CAN"
time="2023-06-16 10:08:57" level=info msg="國家全名: Canada"
time="2023-06-16 10:08:58" level=info msg="國別碼2碼: CA"
time="2023-06-16 10:08:58" level=info msg="國別碼3碼: CAN"
time="2023-06-16 10:08:58" level=info msg="國家全名: Canada"
time="2023-06-16 10:20:28" level=info msg="國別碼2碼: US"
time="2023-06-16 10:20:28" level=info msg="國別碼3碼: USA"
time="2023-06-16 10:20:28" level=info msg="國家全名: United States of America (the)"
time="2023-06-16 10:43:55" level=info msg="國別碼2碼: US"
time="2023-06-16 10:43:55" level=info msg="國別碼3碼: USA"
time="2023-06-16 10:43:55" level=info msg="國家全名: United States of America (the)"
time="2023-06-16 10:58:31" level=info msg="國別碼2碼: CA"
time="2023-06-16 10:58:31" level=info msg="國別碼3碼: CAN"
time="2023-06-16 10:58:31" level=info msg="國家全名: Canada"
time="2023-06-16 10:58:32" level=info msg="國別碼2碼: CA"
time="2023-06-16 10:58:32" level=info msg="國別碼3碼: CAN"
time="2023-06-16 10:58:32" level=info msg="國家全名: Canada"
time="2023-06-16 11:14:36" level=info msg="國別碼2碼: SG"
time="2023-06-16 11:14:36" level=info msg="國別碼3碼: SGP"
time="2023-06-16 11:14:36" level=info msg="國家全名: Singapore"
time="2023-06-16 11:32:54" level=info msg="國別碼2碼: CA"
time="2023-06-16 11:32:54" level=info msg="國別碼3碼: CAN"
time="2023-06-16 11:32:54" level=info msg="國家全名: Canada"
time="2023-06-16 11:32:55" level=info msg="國別碼2碼: CA"
time="2023-06-16 11:32:55" level=info msg="國別碼3碼: CAN"
time="2023-06-16 11:32:55" level=info msg="國家全名: Canada"
time="2023-06-16 11:44:40" level=info msg="國別碼2碼: PT"
time="2023-06-16 11:44:40" level=info msg="國別碼3碼: PRT"
time="2023-06-16 11:44:40" level=info msg="國家全名: Portugal"
time="2023-06-16 12:00:28" level=info msg="國別碼2碼: HN"
time="2023-06-16 12:00:28" level=info msg="國別碼3碼: HND"
time="2023-06-16 12:00:28" level=info msg="國家全名: Honduras"
time="2023-06-16 12:30:44" level=info msg="國別碼2碼: CA"
time="2023-06-16 12:30:44" level=info msg="國別碼3碼: CAN"
time="2023-06-16 12:30:44" level=info msg="國家全名: Canada"
time="2023-06-16 12:30:45" level=info msg="國別碼2碼: CA"
time="2023-06-16 12:30:45" level=info msg="國別碼3碼: CAN"
time="2023-06-16 12:30:45" level=info msg="國家全名: Canada"
time="2023-06-16 12:48:41" level=info msg="國別碼2碼: US"
time="2023-06-16 12:48:41" level=info msg="國別碼3碼: USA"
time="2023-06-16 12:48:41" level=info msg="國家全名: United States of America (the)"
time="2023-06-16 12:49:05" level=info msg="國別碼2碼: US"
time="2023-06-16 12:49:05" level=info msg="國別碼3碼: USA"
time="2023-06-16 12:49:05" level=info msg="國家全名: United States of America (the)"
time="2023-06-16 12:55:10" level=info msg="國別碼2碼: FR"
time="2023-06-16 12:55:10" level=info msg="國別碼3碼: FRA"
time="2023-06-16 12:55:10" level=info msg="國家全名: France"
time="2023-06-16 12:55:11" level=info msg="國別碼2碼: FR"
time="2023-06-16 12:55:11" level=info msg="國別碼3碼: FRA"
time="2023-06-16 12:55:11" level=info msg="國家全名: France"
time="2023-06-16 13:15:28" level=info msg="國別碼2碼: FR"
time="2023-06-16 13:15:28" level=info msg="國別碼3碼: FRA"
time="2023-06-16 13:15:28" level=info msg="國家全名: France"
time="2023-06-16 13:15:29" level=info msg="國別碼2碼: FR"
time="2023-06-16 13:15:29" level=info msg="國別碼3碼: FRA"
time="2023-06-16 13:15:29" level=info msg="國家全名: France"
time="2023-06-16 13:38:44" level=info msg="國別碼2碼: US"
time="2023-06-16 13:38:44" level=info msg="國別碼3碼: USA"
time="2023-06-16 13:38:44" level=info msg="國家全名: United States of America (the)"
time="2023-06-16 13:39:57" level=info msg="國別碼2碼: US"
time="2023-06-16 13:39:57" level=info msg="國別碼3碼: USA"
time="2023-06-16 13:39:57" level=info msg="國家全名: United States of America (the)"
time="2023-06-16 13:40:41" level=info msg="國別碼2碼: US"
time="2023-06-16 13:40:41" level=info msg="國別碼3碼: USA"
time="2023-06-16 13:40:41" level=info msg="國家全名: United States of America (the)"
time="2023-06-16 13:46:53" level=info msg="國別碼2碼: US"
time="2023-06-16 13:46:53" level=info msg="國別碼3碼: USA"
time="2023-06-16 13:46:53" level=info msg="國家全名: United States of America (the)"
time="2023-06-16 13:46:53" level=info msg="國別碼2碼: US"
time="2023-06-16 13:46:53" level=info msg="國別碼3碼: USA"
time="2023-06-16 13:46:53" level=info msg="國家全名: United States of America (the)"
time="2023-06-16 13:46:54" level=info msg="國別碼2碼: US"
time="2023-06-16 13:46:54" level=info msg="國別碼3碼: USA"
time="2023-06-16 13:46:54" level=info msg="國家全名: United States of America (the)"
time="2023-06-16 13:46:55" level=info msg="國別碼2碼: US"
time="2023-06-16 13:46:55" level=info msg="國別碼3碼: USA"
time="2023-06-16 13:46:55" level=info msg="國家全名: United States of America (the)"
time="2023-06-16 13:46:56" level=info msg="國別碼2碼: US"
time="2023-06-16 13:46:56" level=info msg="國別碼3碼: USA"
time="2023-06-16 13:46:56" level=info msg="國家全名: United States of America (the)"
time="2023-06-16 14:14:47" level=info msg="國別碼2碼: TW"
time="2023-06-16 14:14:47" level=info msg="國別碼3碼: TWN"
time="2023-06-16 14:14:47" level=info msg="國家全名: Taiwan (Province of China)"
time="2023-06-16 14:14:47" level=info msg="國別碼2碼: TW"
time="2023-06-16 14:14:47" level=info msg="國別碼3碼: TWN"
time="2023-06-16 14:14:47" level=info msg="國家全名: Taiwan (Province of China)"
time="2023-06-16 14:14:47" level=info msg="國別碼2碼: TW"
time="2023-06-16 14:14:47" level=info msg="國別碼3碼: TWN"
time="2023-06-16 14:14:47" level=info msg="國家全名: Taiwan (Province of China)"
time="2023-06-16 14:14:48" level=info msg="國別碼2碼: TW"
time="2023-06-16 14:14:48" level=info msg="國別碼3碼: TWN"
time="2023-06-16 14:14:48" level=info msg="國家全名: Taiwan (Province of China)"
time="2023-06-16 14:15:17" level=info msg="國別碼2碼: NL"
time="2023-06-16 14:15:17" level=info msg="國別碼3碼: NLD"
time="2023-06-16 14:15:17" level=info msg="國家全名: Netherlands (the)"
time="2023-06-16 14:24:51" level=info msg="國別碼2碼: FR"
time="2023-06-16 14:24:51" level=info msg="國別碼3碼: FRA"
time="2023-06-16 14:24:51" level=info msg="國家全名: France"
time="2023-06-16 14:24:52" level=info msg="國別碼2碼: FR"
time="2023-06-16 14:24:52" level=info msg="國別碼3碼: FRA"
time="2023-06-16 14:24:52" level=info msg="國家全名: France"
time="2023-06-16 14:26:38" level=info msg="國別碼2碼: CH"
time="2023-06-16 14:26:38" level=info msg="國別碼3碼: CHE"
time="2023-06-16 14:26:38" level=info msg="國家全名: Switzerland"
time="2023-06-16 14:40:49" level=info msg="國別碼2碼: TW"
time="2023-06-16 14:40:49" level=info msg="國別碼3碼: TWN"
time="2023-06-16 14:40:49" level=info msg="國家全名: Taiwan (Province of China)"
time="2023-06-16 14:40:59" level=info msg="國別碼2碼: TW"
time="2023-06-16 14:40:59" level=info msg="國別碼3碼: TWN"
time="2023-06-16 14:40:59" level=info msg="國家全名: Taiwan (Province of China)"
time="2023-06-16 14:41:00" level=info msg="取得商品資料&{0xc00019e2d0 <nil> 6 0xc000198c40 0}"
time="2023-06-16 14:49:24" level=info msg="國別碼2碼: CH"
time="2023-06-16 14:49:24" level=info msg="國別碼3碼: CHE"
time="2023-06-16 14:49:24" level=info msg="國家全名: Switzerland"
time="2023-06-16 14:54:48" level=info msg="國別碼2碼: FR"
time="2023-06-16 14:54:48" level=info msg="國別碼3碼: FRA"
time="2023-06-16 14:54:48" level=info msg="國家全名: France"
time="2023-06-16 14:54:49" level=info msg="國別碼2碼: FR"
time="2023-06-16 14:54:49" level=info msg="國別碼3碼: FRA"
time="2023-06-16 14:54:49" level=info msg="國家全名: France"
time="2023-06-16 14:59:10" level=info msg="國別碼2碼: US"
time="2023-06-16 14:59:10" level=info msg="國別碼3碼: USA"
time="2023-06-16 14:59:10" level=info msg="國家全名: United States of America (the)"
time="2023-06-16 15:07:16" level=info msg="國別碼2碼: IN"
time="2023-06-16 15:07:16" level=info msg="國別碼3碼: IND"
time="2023-06-16 15:07:16" level=info msg="國家全名: India"
time="2023-06-16 15:10:12" level=info msg="國別碼2碼: US"
time="2023-06-16 15:10:12" level=info msg="國別碼3碼: USA"
time="2023-06-16 15:10:12" level=info msg="國家全名: United States of America (the)"
time="2023-06-16 15:37:17" level=info msg="國別碼2碼: US"
time="2023-06-16 15:37:17" level=info msg="國別碼3碼: USA"
time="2023-06-16 15:37:17" level=info msg="國家全名: United States of America (the)"
time="2023-06-16 15:37:26" level=info msg="國別碼2碼: US"
time="2023-06-16 15:37:26" level=info msg="國別碼3碼: USA"
time="2023-06-16 15:37:26" level=info msg="國家全名: United States of America (the)"
time="2023-06-16 15:37:26" level=info msg="國別碼2碼: BD"
time="2023-06-16 15:37:26" level=info msg="國別碼3碼: BGD"
time="2023-06-16 15:37:26" level=info msg="國家全名: Bangladesh"
time="2023-06-16 15:37:34" level=info msg="國別碼2碼: US"
time="2023-06-16 15:37:34" level=info msg="國別碼3碼: USA"
time="2023-06-16 15:37:34" level=info msg="國家全名: United States of America (the)"
time="2023-06-16 15:37:43" level=info msg="國別碼2碼: US"
time="2023-06-16 15:37:43" level=info msg="國別碼3碼: USA"
time="2023-06-16 15:37:43" level=info msg="國家全名: United States of America (the)"
time="2023-06-16 15:37:51" level=info msg="國別碼2碼: US"
time="2023-06-16 15:37:51" level=info msg="國別碼3碼: USA"
time="2023-06-16 15:37:51" level=info msg="國家全名: United States of America (the)"
time="2023-06-16 15:38:00" level=info msg="國別碼2碼: US"
time="2023-06-16 15:38:00" level=info msg="國別碼3碼: USA"
time="2023-06-16 15:38:00" level=info msg="國家全名: United States of America (the)"
time="2023-06-16 15:38:09" level=info msg="國別碼2碼: US"
time="2023-06-16 15:38:09" level=info msg="國別碼3碼: USA"
time="2023-06-16 15:38:09" level=info msg="國家全名: United States of America (the)"
time="2023-06-16 15:38:17" level=info msg="國別碼2碼: US"
time="2023-06-16 15:38:17" level=info msg="國別碼3碼: USA"
time="2023-06-16 15:38:17" level=info msg="國家全名: United States of America (the)"
time="2023-06-16 15:40:13" level=info msg="國別碼2碼: TW"
time="2023-06-16 15:40:13" level=info msg="國別碼3碼: TWN"
time="2023-06-16 15:40:13" level=info msg="國家全名: Taiwan (Province of China)"
time="2023-06-16 15:51:06" level=info msg="國別碼2碼: FR"
time="2023-06-16 15:51:06" level=info msg="國別碼3碼: FRA"
time="2023-06-16 15:51:06" level=info msg="國家全名: France"
time="2023-06-16 15:51:07" level=info msg="國別碼2碼: FR"
time="2023-06-16 15:51:07" level=info msg="國別碼3碼: FRA"
time="2023-06-16 15:51:07" level=info msg="國家全名: France"
time="2023-06-16 16:44:21" level=info msg="國別碼2碼: FR"
time="2023-06-16 16:44:21" level=info msg="國別碼3碼: FRA"
time="2023-06-16 16:44:21" level=info msg="國家全名: France"
time="2023-06-16 16:44:22" level=info msg="國別碼2碼: FR"
time="2023-06-16 16:44:22" level=info msg="國別碼3碼: FRA"
time="2023-06-16 16:44:22" level=info msg="國家全名: France"
time="2023-06-16 16:45:25" level=info msg="國別碼2碼: US"
time="2023-06-16 16:45:25" level=info msg="國別碼3碼: USA"
time="2023-06-16 16:45:25" level=info msg="國家全名: United States of America (the)"
time="2023-06-16 17:00:25" level=info msg="國別碼2碼: FR"
time="2023-06-16 17:00:25" level=info msg="國別碼3碼: FRA"
time="2023-06-16 17:00:25" level=info msg="國家全名: France"
time="2023-06-16 17:00:26" level=info msg="國別碼2碼: FR"
time="2023-06-16 17:00:26" level=info msg="國別碼3碼: FRA"
time="2023-06-16 17:00:26" level=info msg="國家全名: France"
time="2023-06-16 17:01:36" level=info msg="國別碼2碼: PT"
time="2023-06-16 17:01:36" level=info msg="國別碼3碼: PRT"
time="2023-06-16 17:01:36" level=info msg="國家全名: Portugal"
time="2023-06-16 18:16:36" level=info msg="國別碼2碼: IN"
time="2023-06-16 18:16:36" level=info msg="國別碼3碼: IND"
time="2023-06-16 18:16:36" level=info msg="國家全名: India"
time="2023-06-16 18:25:17" level=info msg="國別碼2碼: FR"
time="2023-06-16 18:25:17" level=info msg="國別碼3碼: FRA"
time="2023-06-16 18:25:17" level=info msg="國家全名: France"
time="2023-06-16 18:25:18" level=info msg="國別碼2碼: FR"
time="2023-06-16 18:25:18" level=info msg="國別碼3碼: FRA"
time="2023-06-16 18:25:18" level=info msg="國家全名: France"
time="2023-06-16 18:30:12" level=info msg="國別碼2碼: CH"
time="2023-06-16 18:30:12" level=info msg="國別碼3碼: CHE"
time="2023-06-16 18:30:12" level=info msg="國家全名: Switzerland"
time="2023-06-16 18:45:26" level=info msg="國別碼2碼: FR"
time="2023-06-16 18:45:26" level=info msg="國別碼3碼: FRA"
time="2023-06-16 18:45:26" level=info msg="國家全名: France"
time="2023-06-16 18:45:27" level=info msg="國別碼2碼: FR"
time="2023-06-16 18:45:27" level=info msg="國別碼3碼: FRA"
time="2023-06-16 18:45:27" level=info msg="國家全名: France"
time="2023-06-16 18:49:10" level=info msg="國別碼2碼: US"
time="2023-06-16 18:49:10" level=info msg="國別碼3碼: USA"
time="2023-06-16 18:49:10" level=info msg="國家全名: United States of America (the)"
time="2023-06-16 19:13:15" level=info msg="國別碼2碼: CN"
time="2023-06-16 19:13:15" level=info msg="國別碼3碼: CHN"
time="2023-06-16 19:13:15" level=info msg="國家全名: China"
time="2023-06-16 19:13:15" level=info msg="國別碼2碼: CN"
time="2023-06-16 19:13:15" level=info msg="國別碼3碼: CHN"
time="2023-06-16 19:13:15" level=info msg="國家全名: China"
time="2023-06-16 19:13:16" level=info msg="國別碼2碼: CN"
time="2023-06-16 19:13:16" level=info msg="國別碼3碼: CHN"
time="2023-06-16 19:13:16" level=info msg="國家全名: China"
time="2023-06-16 19:13:17" level=info msg="國別碼2碼: CN"
time="2023-06-16 19:13:17" level=info msg="國別碼3碼: CHN"
time="2023-06-16 19:13:17" level=info msg="國家全名: China"
time="2023-06-16 19:13:18" level=info msg="國別碼2碼: CN"
time="2023-06-16 19:13:18" level=info msg="國別碼3碼: CHN"
time="2023-06-16 19:13:18" level=info msg="國家全名: China"
time="2023-06-16 19:49:38" level=info msg="國別碼2碼: FR"
time="2023-06-16 19:49:38" level=info msg="國別碼3碼: FRA"
time="2023-06-16 19:49:38" level=info msg="國家全名: France"
time="2023-06-16 19:49:39" level=info msg="國別碼2碼: FR"
time="2023-06-16 19:49:39" level=info msg="國別碼3碼: FRA"
time="2023-06-16 19:49:39" level=info msg="國家全名: France"
time="2023-06-16 19:52:35" level=info msg="國別碼2碼: US"
time="2023-06-16 19:52:35" level=info msg="國別碼3碼: USA"
time="2023-06-16 19:52:35" level=info msg="國家全名: United States of America (the)"
time="2023-06-16 20:00:14" level=info msg="國別碼2碼: US"
time="2023-06-16 20:00:14" level=info msg="國別碼3碼: USA"
time="2023-06-16 20:00:14" level=info msg="國家全名: United States of America (the)"
time="2023-06-16 20:03:22" level=info msg="國別碼2碼: US"
time="2023-06-16 20:03:22" level=info msg="國別碼3碼: USA"
time="2023-06-16 20:03:22" level=info msg="國家全名: United States of America (the)"
time="2023-06-16 20:03:23" level=info msg="國別碼2碼: US"
time="2023-06-16 20:03:23" level=info msg="國別碼3碼: USA"
time="2023-06-16 20:03:23" level=info msg="國家全名: United States of America (the)"
time="2023-06-16 20:03:24" level=info msg="國別碼2碼: US"
time="2023-06-16 20:03:24" level=info msg="國別碼3碼: USA"
time="2023-06-16 20:03:24" level=info msg="國家全名: United States of America (the)"
time="2023-06-16 20:03:25" level=info msg="國別碼2碼: US"
time="2023-06-16 20:03:25" level=info msg="國別碼3碼: USA"
time="2023-06-16 20:03:25" level=info msg="國家全名: United States of America (the)"
time="2023-06-16 20:03:26" level=info msg="國別碼2碼: US"
time="2023-06-16 20:03:26" level=info msg="國別碼3碼: USA"
time="2023-06-16 20:03:26" level=info msg="國家全名: United States of America (the)"
time="2023-06-16 20:17:34" level=info msg="國別碼2碼: SG"
time="2023-06-16 20:17:34" level=info msg="國別碼3碼: SGP"
time="2023-06-16 20:17:34" level=info msg="國家全名: Singapore"
time="2023-06-16 20:17:35" level=info msg="國別碼2碼: SG"
time="2023-06-16 20:17:35" level=info msg="國別碼3碼: SGP"
time="2023-06-16 20:17:35" level=info msg="國家全名: Singapore"
time="2023-06-16 20:27:44" level=info msg="國別碼2碼: RU"
time="2023-06-16 20:27:44" level=info msg="國別碼3碼: RUS"
time="2023-06-16 20:27:44" level=info msg="國家全名: Russian Federation (the)"
time="2023-06-16 20:34:50" level=info msg="國別碼2碼: US"
time="2023-06-16 20:34:50" level=info msg="國別碼3碼: USA"
time="2023-06-16 20:34:50" level=info msg="國家全名: United States of America (the)"
time="2023-06-16 20:39:11" level=info msg="國別碼2碼: FR"
time="2023-06-16 20:39:11" level=info msg="國別碼3碼: FRA"
time="2023-06-16 20:39:11" level=info msg="國家全名: France"
time="2023-06-16 20:39:12" level=info msg="國別碼2碼: FR"
time="2023-06-16 20:39:12" level=info msg="國別碼3碼: FRA"
time="2023-06-16 20:39:12" level=info msg="國家全名: France"
time="2023-06-16 20:53:22" level=info msg="國別碼2碼: NL"
time="2023-06-16 20:53:22" level=info msg="國別碼3碼: NLD"
time="2023-06-16 20:53:22" level=info msg="國家全名: Netherlands (the)"
time="2023-06-16 21:03:02" level=info msg="國別碼2碼: FR"
time="2023-06-16 21:03:02" level=info msg="國別碼3碼: FRA"
time="2023-06-16 21:03:02" level=info msg="國家全名: France"
time="2023-06-16 21:03:18" level=info msg="國別碼2碼: FR"
time="2023-06-16 21:03:18" level=info msg="國別碼3碼: FRA"
time="2023-06-16 21:03:18" level=info msg="國家全名: France"
time="2023-06-16 21:15:50" level=info msg="國別碼2碼: NL"
time="2023-06-16 21:15:50" level=info msg="國別碼3碼: NLD"
time="2023-06-16 21:15:50" level=info msg="國家全名: Netherlands (the)"
time="2023-06-16 21:18:30" level=info msg="國別碼2碼: BG"
time="2023-06-16 21:18:30" level=info msg="國別碼3碼: BGR"
time="2023-06-16 21:18:30" level=info msg="國家全名: Bulgaria"
time="2023-06-16 22:05:28" level=info msg="國別碼2碼: US"
time="2023-06-16 22:05:28" level=info msg="國別碼3碼: USA"
time="2023-06-16 22:05:28" level=info msg="國家全名: United States of America (the)"
time="2023-06-16 22:15:58" level=info msg="國別碼2碼: US"
time="2023-06-16 22:15:58" level=info msg="國別碼3碼: USA"
time="2023-06-16 22:15:58" level=info msg="國家全名: United States of America (the)"
time="2023-06-16 22:28:06" level=info msg="國別碼2碼: GB"
time="2023-06-16 22:28:06" level=info msg="國別碼3碼: GBR"
time="2023-06-16 22:28:06" level=info msg="國家全名: United Kingdom of Great Britain and Northern Ireland (the)"
time="2023-06-16 22:45:04" level=info msg="國別碼2碼: GB"
time="2023-06-16 22:45:04" level=info msg="國別碼3碼: GBR"
time="2023-06-16 22:45:04" level=info msg="國家全名: United Kingdom of Great Britain and Northern Ireland (the)"
time="2023-06-16 23:01:24" level=info msg="國別碼2碼: BG"
time="2023-06-16 23:01:24" level=info msg="國別碼3碼: BGR"
time="2023-06-16 23:01:24" level=info msg="國家全名: Bulgaria"
time="2023-06-16 23:21:55" level=info msg="國別碼2碼: US"
time="2023-06-16 23:21:55" level=info msg="國別碼3碼: USA"
time="2023-06-16 23:21:55" level=info msg="國家全名: United States of America (the)"
time="2023-06-16 23:21:56" level=info msg="國別碼2碼: US"
time="2023-06-16 23:21:56" level=info msg="國別碼3碼: USA"
time="2023-06-16 23:21:56" level=info msg="國家全名: United States of America (the)"
time="2023-06-16 23:21:57" level=info msg="國別碼2碼: US"
time="2023-06-16 23:21:57" level=info msg="國別碼3碼: USA"
time="2023-06-16 23:21:57" level=info msg="國家全名: United States of America (the)"
time="2023-06-16 23:21:58" level=info msg="國別碼2碼: US"
time="2023-06-16 23:21:58" level=info msg="國別碼3碼: USA"
time="2023-06-16 23:21:58" level=info msg="國家全名: United States of America (the)"
time="2023-06-16 23:21:59" level=info msg="國別碼2碼: US"
time="2023-06-16 23:21:59" level=info msg="國別碼3碼: USA"
time="2023-06-16 23:21:59" level=info msg="國家全名: United States of America (the)"
time="2023-06-16 23:22:00" level=info msg="國別碼2碼: US"
time="2023-06-16 23:22:00" level=info msg="國別碼3碼: USA"
time="2023-06-16 23:22:00" level=info msg="國家全名: United States of America (the)"
time="2023-06-16 23:22:01" level=info msg="國別碼2碼: US"
time="2023-06-16 23:22:01" level=info msg="國別碼3碼: USA"
time="2023-06-16 23:22:01" level=info msg="國家全名: United States of America (the)"
time="2023-06-16 23:22:02" level=info msg="國別碼2碼: US"
time="2023-06-16 23:22:02" level=info msg="國別碼3碼: USA"
time="2023-06-16 23:22:02" level=info msg="國家全名: United States of America (the)"
time="2023-06-16 23:22:03" level=info msg="國別碼2碼: US"
time="2023-06-16 23:22:03" level=info msg="國別碼3碼: USA"
time="2023-06-16 23:22:03" level=info msg="國家全名: United States of America (the)"
time="2023-06-16 23:41:47" level=info msg="國別碼2碼: BE"
time="2023-06-16 23:41:47" level=info msg="國別碼3碼: BEL"
time="2023-06-16 23:41:47" level=info msg="國家全名: Belgium"
