time="2023-07-01 00:25:14" level=info msg="國別碼2碼: RU"
time="2023-07-01 00:25:14" level=info msg="國別碼3碼: RUS"
time="2023-07-01 00:25:14" level=info msg="國家全名: Russian Federation (the)"
time="2023-07-01 00:45:51" level=info msg="國別碼2碼: RU"
time="2023-07-01 00:45:51" level=info msg="國別碼3碼: RUS"
time="2023-07-01 00:45:51" level=info msg="國家全名: Russian Federation (the)"
time="2023-07-01 00:51:03" level=info msg="國別碼2碼: US"
time="2023-07-01 00:51:03" level=info msg="國別碼3碼: USA"
time="2023-07-01 00:51:03" level=info msg="國家全名: United States of America (the)"
time="2023-07-01 01:21:05" level=info msg="國別碼2碼: US"
time="2023-07-01 01:21:05" level=info msg="國別碼3碼: USA"
time="2023-07-01 01:21:05" level=info msg="國家全名: United States of America (the)"
time="2023-07-01 01:35:54" level=info msg="國別碼2碼: RU"
time="2023-07-01 01:35:54" level=info msg="國別碼3碼: RUS"
time="2023-07-01 01:35:54" level=info msg="國家全名: Russian Federation (the)"
time="2023-07-01 01:43:12" level=info msg="國別碼2碼: US"
time="2023-07-01 01:43:12" level=info msg="國別碼3碼: USA"
time="2023-07-01 01:43:12" level=info msg="國家全名: United States of America (the)"
time="2023-07-01 01:43:13" level=info msg="國別碼2碼: US"
time="2023-07-01 01:43:13" level=info msg="國別碼3碼: USA"
time="2023-07-01 01:43:13" level=info msg="國家全名: United States of America (the)"
time="2023-07-01 01:51:50" level=info msg="國別碼2碼: FR"
time="2023-07-01 01:51:50" level=info msg="國別碼3碼: FRA"
time="2023-07-01 01:51:50" level=info msg="國家全名: France"
time="2023-07-01 01:51:51" level=info msg="國別碼2碼: FR"
time="2023-07-01 01:51:51" level=info msg="國別碼3碼: FRA"
time="2023-07-01 01:51:51" level=info msg="國家全名: France"
time="2023-07-01 02:08:05" level=info msg="國別碼2碼: RU"
time="2023-07-01 02:08:05" level=info msg="國別碼3碼: RUS"
time="2023-07-01 02:08:05" level=info msg="國家全名: Russian Federation (the)"
time="2023-07-01 02:09:00" level=info msg="國別碼2碼: GB"
time="2023-07-01 02:09:00" level=info msg="國別碼3碼: GBR"
time="2023-07-01 02:09:00" level=info msg="國家全名: United Kingdom of Great Britain and Northern Ireland (the)"
time="2023-07-01 02:11:47" level=info msg="國別碼2碼: CN"
time="2023-07-01 02:11:47" level=info msg="國別碼3碼: CHN"
time="2023-07-01 02:11:47" level=info msg="國家全名: China"
time="2023-07-01 02:16:00" level=info msg="國別碼2碼: US"
time="2023-07-01 02:16:00" level=info msg="國別碼3碼: USA"
time="2023-07-01 02:16:00" level=info msg="國家全名: United States of America (the)"
time="2023-07-01 02:16:02" level=info msg="國別碼2碼: US"
time="2023-07-01 02:16:02" level=info msg="國別碼3碼: USA"
time="2023-07-01 02:16:02" level=info msg="國家全名: United States of America (the)"
time="2023-07-01 02:17:49" level=info msg="國別碼2碼: FR"
time="2023-07-01 02:17:49" level=info msg="國別碼3碼: FRA"
time="2023-07-01 02:17:49" level=info msg="國家全名: France"
time="2023-07-01 02:17:50" level=info msg="國別碼2碼: FR"
time="2023-07-01 02:17:50" level=info msg="國別碼3碼: FRA"
time="2023-07-01 02:17:50" level=info msg="國家全名: France"
time="2023-07-01 02:49:01" level=info msg="國別碼2碼: NL"
time="2023-07-01 02:49:01" level=info msg="國別碼3碼: NLD"
time="2023-07-01 02:49:01" level=info msg="國家全名: Netherlands (the)"
time="2023-07-01 02:52:48" level=info msg="國別碼2碼: CN"
time="2023-07-01 02:52:48" level=info msg="國別碼3碼: CHN"
time="2023-07-01 02:52:48" level=info msg="國家全名: China"
time="2023-07-01 03:02:43" level=info msg="國別碼2碼: US"
time="2023-07-01 03:02:43" level=info msg="國別碼3碼: USA"
time="2023-07-01 03:02:43" level=info msg="國家全名: United States of America (the)"
time="2023-07-01 03:02:46" level=info msg="國別碼2碼: US"
time="2023-07-01 03:02:46" level=info msg="國別碼3碼: USA"
time="2023-07-01 03:02:46" level=info msg="國家全名: United States of America (the)"
time="2023-07-01 03:02:59" level=info msg="國別碼2碼: US"
time="2023-07-01 03:02:59" level=info msg="國別碼3碼: USA"
time="2023-07-01 03:02:59" level=info msg="國家全名: United States of America (the)"
time="2023-07-01 03:03:00" level=info msg="國別碼2碼: US"
time="2023-07-01 03:03:00" level=info msg="國別碼3碼: USA"
time="2023-07-01 03:03:00" level=info msg="國家全名: United States of America (the)"
time="2023-07-01 03:03:48" level=info msg="國別碼2碼: RU"
time="2023-07-01 03:03:48" level=info msg="國別碼3碼: RUS"
time="2023-07-01 03:03:48" level=info msg="國家全名: Russian Federation (the)"
time="2023-07-01 03:25:04" level=info msg="國別碼2碼: FR"
time="2023-07-01 03:25:04" level=info msg="國別碼3碼: FRA"
time="2023-07-01 03:25:04" level=info msg="國家全名: France"
time="2023-07-01 03:25:06" level=info msg="國別碼2碼: FR"
time="2023-07-01 03:25:06" level=info msg="國別碼3碼: FRA"
time="2023-07-01 03:25:06" level=info msg="國家全名: France"
time="2023-07-01 03:28:01" level=info msg="國別碼2碼: US"
time="2023-07-01 03:28:01" level=info msg="國別碼3碼: USA"
time="2023-07-01 03:28:01" level=info msg="國家全名: United States of America (the)"
time="2023-07-01 03:35:59" level=info msg="國別碼2碼: TW"
time="2023-07-01 03:35:59" level=info msg="國別碼3碼: TWN"
time="2023-07-01 03:35:59" level=info msg="國家全名: Taiwan (Province of China)"
time="2023-07-01 03:35:59" level=info msg="國別碼2碼: TW"
time="2023-07-01 03:35:59" level=info msg="國別碼3碼: TWN"
time="2023-07-01 03:35:59" level=info msg="國家全名: Taiwan (Province of China)"
time="2023-07-01 03:35:59" level=info msg="國別碼2碼: TW"
time="2023-07-01 03:35:59" level=info msg="國別碼3碼: TWN"
time="2023-07-01 03:35:59" level=info msg="國家全名: Taiwan (Province of China)"
time="2023-07-01 03:36:00" level=info msg="國別碼2碼: TW"
time="2023-07-01 03:36:00" level=info msg="國別碼3碼: TWN"
time="2023-07-01 03:36:00" level=info msg="國家全名: Taiwan (Province of China)"
time="2023-07-01 03:38:09" level=info msg="國別碼2碼: RU"
time="2023-07-01 03:38:09" level=info msg="國別碼3碼: RUS"
time="2023-07-01 03:38:09" level=info msg="國家全名: Russian Federation (the)"
time="2023-07-01 03:46:16" level=info msg="國別碼2碼: RU"
time="2023-07-01 03:46:16" level=info msg="國別碼3碼: RUS"
time="2023-07-01 03:46:16" level=info msg="國家全名: Russian Federation (the)"
time="2023-07-01 04:03:13" level=info msg="國別碼2碼: US"
time="2023-07-01 04:03:13" level=info msg="國別碼3碼: USA"
time="2023-07-01 04:03:13" level=info msg="國家全名: United States of America (the)"
time="2023-07-01 04:06:51" level=info msg="國別碼2碼: US"
time="2023-07-01 04:06:51" level=info msg="國別碼3碼: USA"
time="2023-07-01 04:06:51" level=info msg="國家全名: United States of America (the)"
time="2023-07-01 04:22:58" level=info msg="國別碼2碼: FR"
time="2023-07-01 04:22:58" level=info msg="國別碼3碼: FRA"
time="2023-07-01 04:22:58" level=info msg="國家全名: France"
time="2023-07-01 04:23:16" level=info msg="國別碼2碼: FR"
time="2023-07-01 04:23:16" level=info msg="國別碼3碼: FRA"
time="2023-07-01 04:23:16" level=info msg="國家全名: France"
time="2023-07-01 04:23:24" level=info msg="國別碼2碼: FR"
time="2023-07-01 04:23:24" level=info msg="國別碼3碼: FRA"
time="2023-07-01 04:23:24" level=info msg="國家全名: France"
time="2023-07-01 04:23:31" level=info msg="國別碼2碼: FR"
time="2023-07-01 04:23:31" level=info msg="國別碼3碼: FRA"
time="2023-07-01 04:23:31" level=info msg="國家全名: France"
time="2023-07-01 04:23:35" level=info msg="國別碼2碼: FR"
time="2023-07-01 04:23:35" level=info msg="國別碼3碼: FRA"
time="2023-07-01 04:23:35" level=info msg="國家全名: France"
time="2023-07-01 04:23:55" level=info msg="國別碼2碼: FR"
time="2023-07-01 04:23:55" level=info msg="國別碼3碼: FRA"
time="2023-07-01 04:23:55" level=info msg="國家全名: France"
time="2023-07-01 04:38:36" level=info msg="國別碼2碼: RU"
time="2023-07-01 04:38:36" level=info msg="國別碼3碼: RUS"
time="2023-07-01 04:38:36" level=info msg="國家全名: Russian Federation (the)"
time="2023-07-01 04:43:30" level=info msg="國別碼2碼: RU"
time="2023-07-01 04:43:30" level=info msg="國別碼3碼: RUS"
time="2023-07-01 04:43:30" level=info msg="國家全名: Russian Federation (the)"
time="2023-07-01 04:49:02" level=info msg="國別碼2碼: NL"
time="2023-07-01 04:49:02" level=info msg="國別碼3碼: NLD"
time="2023-07-01 04:49:02" level=info msg="國家全名: Netherlands (the)"
time="2023-07-01 05:21:50" level=info msg="國別碼2碼: FR"
time="2023-07-01 05:21:50" level=info msg="國別碼3碼: FRA"
time="2023-07-01 05:21:50" level=info msg="國家全名: France"
time="2023-07-01 05:21:52" level=info msg="國別碼2碼: FR"
time="2023-07-01 05:21:52" level=info msg="國別碼3碼: FRA"
time="2023-07-01 05:21:52" level=info msg="國家全名: France"
time="2023-07-01 05:36:23" level=info msg="國別碼2碼: RU"
time="2023-07-01 05:36:23" level=info msg="國別碼3碼: RUS"
time="2023-07-01 05:36:23" level=info msg="國家全名: Russian Federation (the)"
time="2023-07-01 05:37:17" level=info msg="國別碼2碼: FR"
time="2023-07-01 05:37:17" level=info msg="國別碼3碼: FRA"
time="2023-07-01 05:37:17" level=info msg="國家全名: France"
time="2023-07-01 05:37:18" level=info msg="國別碼2碼: FR"
time="2023-07-01 05:37:18" level=info msg="國別碼3碼: FRA"
time="2023-07-01 05:37:18" level=info msg="國家全名: France"
time="2023-07-01 06:26:41" level=info msg="國別碼2碼: FR"
time="2023-07-01 06:26:41" level=info msg="國別碼3碼: FRA"
time="2023-07-01 06:26:41" level=info msg="國家全名: France"
time="2023-07-01 06:26:43" level=info msg="國別碼2碼: FR"
time="2023-07-01 06:26:43" level=info msg="國別碼3碼: FRA"
time="2023-07-01 06:26:43" level=info msg="國家全名: France"
time="2023-07-01 07:04:45" level=info msg="國別碼2碼: RU"
time="2023-07-01 07:04:45" level=info msg="國別碼3碼: RUS"
time="2023-07-01 07:04:45" level=info msg="國家全名: Russian Federation (the)"
time="2023-07-01 07:34:21" level=info msg="國別碼2碼: FR"
time="2023-07-01 07:34:21" level=info msg="國別碼3碼: FRA"
time="2023-07-01 07:34:21" level=info msg="國家全名: France"
time="2023-07-01 07:34:22" level=info msg="國別碼2碼: FR"
time="2023-07-01 07:34:22" level=info msg="國別碼3碼: FRA"
time="2023-07-01 07:34:22" level=info msg="國家全名: France"
time="2023-07-01 07:43:28" level=info msg="國別碼2碼: GB"
time="2023-07-01 07:43:28" level=info msg="國別碼3碼: GBR"
time="2023-07-01 07:43:28" level=info msg="國家全名: United Kingdom of Great Britain and Northern Ireland (the)"
time="2023-07-01 07:49:40" level=info msg="國別碼2碼: RU"
time="2023-07-01 07:49:40" level=info msg="國別碼3碼: RUS"
time="2023-07-01 07:49:40" level=info msg="國家全名: Russian Federation (the)"
time="2023-07-01 08:03:10" level=info msg="國別碼2碼: US"
time="2023-07-01 08:03:10" level=info msg="國別碼3碼: USA"
time="2023-07-01 08:03:10" level=info msg="國家全名: United States of America (the)"
time="2023-07-01 08:03:11" level=info msg="國別碼2碼: US"
time="2023-07-01 08:03:11" level=info msg="國別碼3碼: USA"
time="2023-07-01 08:03:11" level=info msg="國家全名: United States of America (the)"
time="2023-07-01 08:03:11" level=info msg="國別碼2碼: US"
time="2023-07-01 08:03:11" level=info msg="國別碼3碼: USA"
time="2023-07-01 08:03:11" level=info msg="國家全名: United States of America (the)"
time="2023-07-01 08:03:12" level=info msg="國別碼2碼: US"
time="2023-07-01 08:03:12" level=info msg="國別碼3碼: USA"
time="2023-07-01 08:03:12" level=info msg="國家全名: United States of America (the)"
time="2023-07-01 08:03:13" level=info msg="國別碼2碼: US"
time="2023-07-01 08:03:13" level=info msg="國別碼3碼: USA"
time="2023-07-01 08:03:13" level=info msg="國家全名: United States of America (the)"
time="2023-07-01 08:06:42" level=info msg="國別碼2碼: RO"
time="2023-07-01 08:06:42" level=info msg="國別碼3碼: ROU"
time="2023-07-01 08:06:42" level=info msg="國家全名: Romania"
time="2023-07-01 08:06:43" level=info msg="國別碼2碼: RO"
time="2023-07-01 08:06:43" level=info msg="國別碼3碼: ROU"
time="2023-07-01 08:06:43" level=info msg="國家全名: Romania"
time="2023-07-01 08:13:46" level=info msg="國別碼2碼: FR"
time="2023-07-01 08:13:46" level=info msg="國別碼3碼: FRA"
time="2023-07-01 08:13:46" level=info msg="國家全名: France"
time="2023-07-01 08:13:48" level=info msg="國別碼2碼: FR"
time="2023-07-01 08:13:48" level=info msg="國別碼3碼: FRA"
time="2023-07-01 08:13:48" level=info msg="國家全名: France"
time="2023-07-01 08:24:10" level=info msg="國別碼2碼: BR"
time="2023-07-01 08:24:10" level=info msg="國別碼3碼: BRA"
time="2023-07-01 08:24:10" level=info msg="國家全名: Brazil"
time="2023-07-01 08:45:59" level=info msg="國別碼2碼: RU"
time="2023-07-01 08:45:59" level=info msg="國別碼3碼: RUS"
time="2023-07-01 08:45:59" level=info msg="國家全名: Russian Federation (the)"
time="2023-07-01 09:00:34" level=info msg="國別碼2碼: FR"
time="2023-07-01 09:00:34" level=info msg="國別碼3碼: FRA"
time="2023-07-01 09:00:34" level=info msg="國家全名: France"
time="2023-07-01 09:00:35" level=info msg="國別碼2碼: FR"
time="2023-07-01 09:00:35" level=info msg="國別碼3碼: FRA"
time="2023-07-01 09:00:35" level=info msg="國家全名: France"
time="2023-07-01 09:31:59" level=info msg="國別碼2碼: US"
time="2023-07-01 09:31:59" level=info msg="國別碼3碼: USA"
time="2023-07-01 09:31:59" level=info msg="國家全名: United States of America (the)"
time="2023-07-01 09:33:24" level=info msg="國別碼2碼: US"
time="2023-07-01 09:33:24" level=info msg="國別碼3碼: USA"
time="2023-07-01 09:33:24" level=info msg="國家全名: United States of America (the)"
time="2023-07-01 09:34:01" level=info msg="國別碼2碼: US"
time="2023-07-01 09:34:01" level=info msg="國別碼3碼: USA"
time="2023-07-01 09:34:01" level=info msg="國家全名: United States of America (the)"
time="2023-07-01 09:43:55" level=info msg="國別碼2碼: RU"
time="2023-07-01 09:43:55" level=info msg="國別碼3碼: RUS"
time="2023-07-01 09:43:55" level=info msg="國家全名: Russian Federation (the)"
time="2023-07-01 09:46:57" level=info msg="國別碼2碼: PT"
time="2023-07-01 09:46:57" level=info msg="國別碼3碼: PRT"
time="2023-07-01 09:46:57" level=info msg="國家全名: Portugal"
time="2023-07-01 09:46:58" level=info msg="國別碼2碼: PT"
time="2023-07-01 09:46:58" level=info msg="國別碼3碼: PRT"
time="2023-07-01 09:46:58" level=info msg="國家全名: Portugal"
time="2023-07-01 09:50:34" level=info msg="國別碼2碼: GB"
time="2023-07-01 09:50:34" level=info msg="國別碼3碼: GBR"
time="2023-07-01 09:50:34" level=info msg="國家全名: United Kingdom of Great Britain and Northern Ireland (the)"
time="2023-07-01 09:51:31" level=info msg="國別碼2碼: FR"
time="2023-07-01 09:51:31" level=info msg="國別碼3碼: FRA"
time="2023-07-01 09:51:31" level=info msg="國家全名: France"
time="2023-07-01 09:51:33" level=info msg="國別碼2碼: FR"
time="2023-07-01 09:51:33" level=info msg="國別碼3碼: FRA"
time="2023-07-01 09:51:33" level=info msg="國家全名: France"
time="2023-07-01 09:52:27" level=info msg="國別碼2碼: US"
time="2023-07-01 09:52:27" level=info msg="國別碼3碼: USA"
time="2023-07-01 09:52:27" level=info msg="國家全名: United States of America (the)"
time="2023-07-01 09:56:11" level=info msg="國別碼2碼: US"
time="2023-07-01 09:56:11" level=info msg="國別碼3碼: USA"
time="2023-07-01 09:56:11" level=info msg="國家全名: United States of America (the)"
time="2023-07-01 09:56:11" level=info msg="國別碼2碼: US"
time="2023-07-01 09:56:11" level=info msg="國別碼3碼: USA"
time="2023-07-01 09:56:11" level=info msg="國家全名: United States of America (the)"
time="2023-07-01 09:56:12" level=info msg="國別碼2碼: US"
time="2023-07-01 09:56:12" level=info msg="國別碼3碼: USA"
time="2023-07-01 09:56:12" level=info msg="國家全名: United States of America (the)"
time="2023-07-01 09:56:13" level=info msg="國別碼2碼: US"
time="2023-07-01 09:56:13" level=info msg="國別碼3碼: USA"
time="2023-07-01 09:56:13" level=info msg="國家全名: United States of America (the)"
time="2023-07-01 09:56:14" level=info msg="國別碼2碼: US"
time="2023-07-01 09:56:14" level=info msg="國別碼3碼: USA"
time="2023-07-01 09:56:14" level=info msg="國家全名: United States of America (the)"
time="2023-07-01 09:56:14" level=info msg="國別碼2碼: US"
time="2023-07-01 09:56:14" level=info msg="國別碼3碼: USA"
time="2023-07-01 09:56:14" level=info msg="國家全名: United States of America (the)"
time="2023-07-01 09:56:15" level=info msg="國別碼2碼: US"
time="2023-07-01 09:56:15" level=info msg="國別碼3碼: USA"
time="2023-07-01 09:56:15" level=info msg="國家全名: United States of America (the)"
time="2023-07-01 09:56:16" level=info msg="國別碼2碼: US"
time="2023-07-01 09:56:16" level=info msg="國別碼3碼: USA"
time="2023-07-01 09:56:16" level=info msg="國家全名: United States of America (the)"
time="2023-07-01 09:56:16" level=info msg="國別碼2碼: US"
time="2023-07-01 09:56:16" level=info msg="國別碼3碼: USA"
time="2023-07-01 09:56:16" level=info msg="國家全名: United States of America (the)"
time="2023-07-01 09:56:17" level=info msg="國別碼2碼: US"
time="2023-07-01 09:56:17" level=info msg="國別碼3碼: USA"
time="2023-07-01 09:56:17" level=info msg="國家全名: United States of America (the)"
time="2023-07-01 09:56:18" level=info msg="國別碼2碼: US"
time="2023-07-01 09:56:18" level=info msg="國別碼3碼: USA"
time="2023-07-01 09:56:18" level=info msg="國家全名: United States of America (the)"
time="2023-07-01 09:56:19" level=info msg="國別碼2碼: US"
time="2023-07-01 09:56:19" level=info msg="國別碼3碼: USA"
time="2023-07-01 09:56:19" level=info msg="國家全名: United States of America (the)"
time="2023-07-01 09:56:19" level=info msg="國別碼2碼: US"
time="2023-07-01 09:56:19" level=info msg="國別碼3碼: USA"
time="2023-07-01 09:56:19" level=info msg="國家全名: United States of America (the)"
time="2023-07-01 09:56:20" level=info msg="國別碼2碼: US"
time="2023-07-01 09:56:20" level=info msg="國別碼3碼: USA"
time="2023-07-01 09:56:20" level=info msg="國家全名: United States of America (the)"
time="2023-07-01 09:56:21" level=info msg="國別碼2碼: US"
time="2023-07-01 09:56:21" level=info msg="國別碼3碼: USA"
time="2023-07-01 09:56:21" level=info msg="國家全名: United States of America (the)"
time="2023-07-01 09:56:22" level=info msg="國別碼2碼: US"
time="2023-07-01 09:56:22" level=info msg="國別碼3碼: USA"
time="2023-07-01 09:56:22" level=info msg="國家全名: United States of America (the)"
time="2023-07-01 09:56:22" level=info msg="國別碼2碼: US"
time="2023-07-01 09:56:22" level=info msg="國別碼3碼: USA"
time="2023-07-01 09:56:22" level=info msg="國家全名: United States of America (the)"
time="2023-07-01 09:56:23" level=info msg="國別碼2碼: US"
time="2023-07-01 09:56:23" level=info msg="國別碼3碼: USA"
time="2023-07-01 09:56:23" level=info msg="國家全名: United States of America (the)"
time="2023-07-01 09:56:24" level=info msg="國別碼2碼: US"
time="2023-07-01 09:56:24" level=info msg="國別碼3碼: USA"
time="2023-07-01 09:56:24" level=info msg="國家全名: United States of America (the)"
time="2023-07-01 09:56:24" level=info msg="國別碼2碼: US"
time="2023-07-01 09:56:24" level=info msg="國別碼3碼: USA"
time="2023-07-01 09:56:24" level=info msg="國家全名: United States of America (the)"
time="2023-07-01 09:56:25" level=info msg="國別碼2碼: US"
time="2023-07-01 09:56:25" level=info msg="國別碼3碼: USA"
time="2023-07-01 09:56:25" level=info msg="國家全名: United States of America (the)"
time="2023-07-01 09:56:26" level=info msg="國別碼2碼: US"
time="2023-07-01 09:56:26" level=info msg="國別碼3碼: USA"
time="2023-07-01 09:56:26" level=info msg="國家全名: United States of America (the)"
time="2023-07-01 09:56:27" level=info msg="國別碼2碼: US"
time="2023-07-01 09:56:27" level=info msg="國別碼3碼: USA"
time="2023-07-01 09:56:27" level=info msg="國家全名: United States of America (the)"
time="2023-07-01 09:56:27" level=info msg="國別碼2碼: US"
time="2023-07-01 09:56:27" level=info msg="國別碼3碼: USA"
time="2023-07-01 09:56:27" level=info msg="國家全名: United States of America (the)"
time="2023-07-01 09:56:28" level=info msg="國別碼2碼: US"
time="2023-07-01 09:56:28" level=info msg="國別碼3碼: USA"
time="2023-07-01 09:56:28" level=info msg="國家全名: United States of America (the)"
time="2023-07-01 09:56:29" level=info msg="國別碼2碼: US"
time="2023-07-01 09:56:29" level=info msg="國別碼3碼: USA"
time="2023-07-01 09:56:29" level=info msg="國家全名: United States of America (the)"
time="2023-07-01 09:56:30" level=info msg="國別碼2碼: US"
time="2023-07-01 09:56:30" level=info msg="國別碼3碼: USA"
time="2023-07-01 09:56:30" level=info msg="國家全名: United States of America (the)"
time="2023-07-01 09:56:30" level=info msg="國別碼2碼: US"
time="2023-07-01 09:56:30" level=info msg="國別碼3碼: USA"
time="2023-07-01 09:56:30" level=info msg="國家全名: United States of America (the)"
time="2023-07-01 09:56:31" level=info msg="國別碼2碼: US"
time="2023-07-01 09:56:31" level=info msg="國別碼3碼: USA"
time="2023-07-01 09:56:31" level=info msg="國家全名: United States of America (the)"
time="2023-07-01 09:56:32" level=info msg="國別碼2碼: US"
time="2023-07-01 09:56:32" level=info msg="國別碼3碼: USA"
time="2023-07-01 09:56:32" level=info msg="國家全名: United States of America (the)"
time="2023-07-01 09:56:33" level=info msg="國別碼2碼: US"
time="2023-07-01 09:56:33" level=info msg="國別碼3碼: USA"
time="2023-07-01 09:56:33" level=info msg="國家全名: United States of America (the)"
time="2023-07-01 09:56:33" level=info msg="國別碼2碼: US"
time="2023-07-01 09:56:33" level=info msg="國別碼3碼: USA"
time="2023-07-01 09:56:33" level=info msg="國家全名: United States of America (the)"
time="2023-07-01 09:56:34" level=info msg="國別碼2碼: US"
time="2023-07-01 09:56:34" level=info msg="國別碼3碼: USA"
time="2023-07-01 09:56:34" level=info msg="國家全名: United States of America (the)"
time="2023-07-01 09:56:35" level=info msg="國別碼2碼: US"
time="2023-07-01 09:56:35" level=info msg="國別碼3碼: USA"
time="2023-07-01 09:56:35" level=info msg="國家全名: United States of America (the)"
time="2023-07-01 09:56:35" level=info msg="國別碼2碼: US"
time="2023-07-01 09:56:35" level=info msg="國別碼3碼: USA"
time="2023-07-01 09:56:35" level=info msg="國家全名: United States of America (the)"
time="2023-07-01 09:56:36" level=info msg="國別碼2碼: US"
time="2023-07-01 09:56:36" level=info msg="國別碼3碼: USA"
time="2023-07-01 09:56:36" level=info msg="國家全名: United States of America (the)"
time="2023-07-01 09:56:37" level=info msg="國別碼2碼: US"
time="2023-07-01 09:56:37" level=info msg="國別碼3碼: USA"
time="2023-07-01 09:56:37" level=info msg="國家全名: United States of America (the)"
time="2023-07-01 09:56:38" level=info msg="國別碼2碼: US"
time="2023-07-01 09:56:38" level=info msg="國別碼3碼: USA"
time="2023-07-01 09:56:38" level=info msg="國家全名: United States of America (the)"
time="2023-07-01 09:56:38" level=info msg="國別碼2碼: US"
time="2023-07-01 09:56:38" level=info msg="國別碼3碼: USA"
time="2023-07-01 09:56:38" level=info msg="國家全名: United States of America (the)"
time="2023-07-01 09:56:39" level=info msg="國別碼2碼: US"
time="2023-07-01 09:56:39" level=info msg="國別碼3碼: USA"
time="2023-07-01 09:56:39" level=info msg="國家全名: United States of America (the)"
time="2023-07-01 09:56:40" level=info msg="國別碼2碼: US"
time="2023-07-01 09:56:40" level=info msg="國別碼3碼: USA"
time="2023-07-01 09:56:40" level=info msg="國家全名: United States of America (the)"
time="2023-07-01 09:56:41" level=info msg="國別碼2碼: US"
time="2023-07-01 09:56:41" level=info msg="國別碼3碼: USA"
time="2023-07-01 09:56:41" level=info msg="國家全名: United States of America (the)"
time="2023-07-01 09:56:42" level=info msg="國別碼2碼: US"
time="2023-07-01 09:56:42" level=info msg="國別碼3碼: USA"
time="2023-07-01 09:56:42" level=info msg="國家全名: United States of America (the)"
time="2023-07-01 09:56:42" level=info msg="國別碼2碼: US"
time="2023-07-01 09:56:42" level=info msg="國別碼3碼: USA"
time="2023-07-01 09:56:42" level=info msg="國家全名: United States of America (the)"
time="2023-07-01 09:56:43" level=info msg="國別碼2碼: US"
time="2023-07-01 09:56:43" level=info msg="國別碼3碼: USA"
time="2023-07-01 09:56:43" level=info msg="國家全名: United States of America (the)"
time="2023-07-01 09:56:44" level=info msg="國別碼2碼: US"
time="2023-07-01 09:56:44" level=info msg="國別碼3碼: USA"
time="2023-07-01 09:56:44" level=info msg="國家全名: United States of America (the)"
time="2023-07-01 09:56:45" level=info msg="國別碼2碼: US"
time="2023-07-01 09:56:45" level=info msg="國別碼3碼: USA"
time="2023-07-01 09:56:45" level=info msg="國家全名: United States of America (the)"
time="2023-07-01 09:56:45" level=info msg="國別碼2碼: US"
time="2023-07-01 09:56:45" level=info msg="國別碼3碼: USA"
time="2023-07-01 09:56:45" level=info msg="國家全名: United States of America (the)"
time="2023-07-01 09:56:46" level=info msg="國別碼2碼: US"
time="2023-07-01 09:56:46" level=info msg="國別碼3碼: USA"
time="2023-07-01 09:56:46" level=info msg="國家全名: United States of America (the)"
time="2023-07-01 09:56:47" level=info msg="國別碼2碼: US"
time="2023-07-01 09:56:47" level=info msg="國別碼3碼: USA"
time="2023-07-01 09:56:47" level=info msg="國家全名: United States of America (the)"
time="2023-07-01 09:56:48" level=info msg="國別碼2碼: US"
time="2023-07-01 09:56:48" level=info msg="國別碼3碼: USA"
time="2023-07-01 09:56:48" level=info msg="國家全名: United States of America (the)"
time="2023-07-01 09:56:48" level=info msg="國別碼2碼: US"
time="2023-07-01 09:56:48" level=info msg="國別碼3碼: USA"
time="2023-07-01 09:56:48" level=info msg="國家全名: United States of America (the)"
time="2023-07-01 09:56:49" level=info msg="國別碼2碼: US"
time="2023-07-01 09:56:49" level=info msg="國別碼3碼: USA"
time="2023-07-01 09:56:49" level=info msg="國家全名: United States of America (the)"
time="2023-07-01 09:56:50" level=info msg="國別碼2碼: US"
time="2023-07-01 09:56:50" level=info msg="國別碼3碼: USA"
time="2023-07-01 09:56:50" level=info msg="國家全名: United States of America (the)"
time="2023-07-01 09:56:51" level=info msg="國別碼2碼: US"
time="2023-07-01 09:56:51" level=info msg="國別碼3碼: USA"
time="2023-07-01 09:56:51" level=info msg="國家全名: United States of America (the)"
time="2023-07-01 09:56:51" level=info msg="國別碼2碼: US"
time="2023-07-01 09:56:51" level=info msg="國別碼3碼: USA"
time="2023-07-01 09:56:51" level=info msg="國家全名: United States of America (the)"
time="2023-07-01 09:56:52" level=info msg="國別碼2碼: US"
time="2023-07-01 09:56:52" level=info msg="國別碼3碼: USA"
time="2023-07-01 09:56:52" level=info msg="國家全名: United States of America (the)"
time="2023-07-01 09:56:53" level=info msg="國別碼2碼: US"
time="2023-07-01 09:56:53" level=info msg="國別碼3碼: USA"
time="2023-07-01 09:56:53" level=info msg="國家全名: United States of America (the)"
time="2023-07-01 09:56:53" level=info msg="國別碼2碼: US"
time="2023-07-01 09:56:53" level=info msg="國別碼3碼: USA"
time="2023-07-01 09:56:53" level=info msg="國家全名: United States of America (the)"
time="2023-07-01 09:56:54" level=info msg="國別碼2碼: US"
time="2023-07-01 09:56:54" level=info msg="國別碼3碼: USA"
time="2023-07-01 09:56:54" level=info msg="國家全名: United States of America (the)"
time="2023-07-01 09:56:55" level=info msg="國別碼2碼: US"
time="2023-07-01 09:56:55" level=info msg="國別碼3碼: USA"
time="2023-07-01 09:56:55" level=info msg="國家全名: United States of America (the)"
time="2023-07-01 09:56:56" level=info msg="國別碼2碼: US"
time="2023-07-01 09:56:56" level=info msg="國別碼3碼: USA"
time="2023-07-01 09:56:56" level=info msg="國家全名: United States of America (the)"
time="2023-07-01 09:56:56" level=info msg="國別碼2碼: US"
time="2023-07-01 09:56:56" level=info msg="國別碼3碼: USA"
time="2023-07-01 09:56:56" level=info msg="國家全名: United States of America (the)"
time="2023-07-01 09:56:57" level=info msg="國別碼2碼: US"
time="2023-07-01 09:56:57" level=info msg="國別碼3碼: USA"
time="2023-07-01 09:56:57" level=info msg="國家全名: United States of America (the)"
time="2023-07-01 09:56:58" level=info msg="國別碼2碼: US"
time="2023-07-01 09:56:58" level=info msg="國別碼3碼: USA"
time="2023-07-01 09:56:58" level=info msg="國家全名: United States of America (the)"
time="2023-07-01 09:56:59" level=info msg="國別碼2碼: US"
time="2023-07-01 09:56:59" level=info msg="國別碼3碼: USA"
time="2023-07-01 09:56:59" level=info msg="國家全名: United States of America (the)"
time="2023-07-01 09:56:59" level=info msg="國別碼2碼: US"
time="2023-07-01 09:56:59" level=info msg="國別碼3碼: USA"
time="2023-07-01 09:56:59" level=info msg="國家全名: United States of America (the)"
time="2023-07-01 09:57:00" level=info msg="國別碼2碼: US"
time="2023-07-01 09:57:00" level=info msg="國別碼3碼: USA"
time="2023-07-01 09:57:00" level=info msg="國家全名: United States of America (the)"
time="2023-07-01 09:57:01" level=info msg="國別碼2碼: US"
time="2023-07-01 09:57:01" level=info msg="國別碼3碼: USA"
time="2023-07-01 09:57:01" level=info msg="國家全名: United States of America (the)"
time="2023-07-01 09:57:02" level=info msg="國別碼2碼: US"
time="2023-07-01 09:57:02" level=info msg="國別碼3碼: USA"
time="2023-07-01 09:57:02" level=info msg="國家全名: United States of America (the)"
time="2023-07-01 09:57:02" level=info msg="國別碼2碼: US"
time="2023-07-01 09:57:02" level=info msg="國別碼3碼: USA"
time="2023-07-01 09:57:02" level=info msg="國家全名: United States of America (the)"
time="2023-07-01 09:57:03" level=info msg="國別碼2碼: US"
time="2023-07-01 09:57:03" level=info msg="國別碼3碼: USA"
time="2023-07-01 09:57:03" level=info msg="國家全名: United States of America (the)"
time="2023-07-01 09:57:04" level=info msg="國別碼2碼: US"
time="2023-07-01 09:57:04" level=info msg="國別碼3碼: USA"
time="2023-07-01 09:57:04" level=info msg="國家全名: United States of America (the)"
time="2023-07-01 09:57:05" level=info msg="國別碼2碼: US"
time="2023-07-01 09:57:05" level=info msg="國別碼3碼: USA"
time="2023-07-01 09:57:05" level=info msg="國家全名: United States of America (the)"
time="2023-07-01 09:57:05" level=info msg="國別碼2碼: US"
time="2023-07-01 09:57:05" level=info msg="國別碼3碼: USA"
time="2023-07-01 09:57:05" level=info msg="國家全名: United States of America (the)"
time="2023-07-01 09:57:06" level=info msg="國別碼2碼: US"
time="2023-07-01 09:57:06" level=info msg="國別碼3碼: USA"
time="2023-07-01 09:57:06" level=info msg="國家全名: United States of America (the)"
time="2023-07-01 09:57:07" level=info msg="國別碼2碼: US"
time="2023-07-01 09:57:07" level=info msg="國別碼3碼: USA"
time="2023-07-01 09:57:07" level=info msg="國家全名: United States of America (the)"
time="2023-07-01 09:57:07" level=info msg="國別碼2碼: US"
time="2023-07-01 09:57:07" level=info msg="國別碼3碼: USA"
time="2023-07-01 09:57:07" level=info msg="國家全名: United States of America (the)"
time="2023-07-01 09:57:08" level=info msg="國別碼2碼: US"
time="2023-07-01 09:57:08" level=info msg="國別碼3碼: USA"
time="2023-07-01 09:57:08" level=info msg="國家全名: United States of America (the)"
time="2023-07-01 09:57:09" level=info msg="國別碼2碼: US"
time="2023-07-01 09:57:09" level=info msg="國別碼3碼: USA"
time="2023-07-01 09:57:09" level=info msg="國家全名: United States of America (the)"
time="2023-07-01 09:57:10" level=info msg="國別碼2碼: US"
time="2023-07-01 09:57:10" level=info msg="國別碼3碼: USA"
time="2023-07-01 09:57:10" level=info msg="國家全名: United States of America (the)"
time="2023-07-01 09:57:10" level=info msg="國別碼2碼: US"
time="2023-07-01 09:57:10" level=info msg="國別碼3碼: USA"
time="2023-07-01 09:57:10" level=info msg="國家全名: United States of America (the)"
time="2023-07-01 09:57:11" level=info msg="國別碼2碼: US"
time="2023-07-01 09:57:11" level=info msg="國別碼3碼: USA"
time="2023-07-01 09:57:11" level=info msg="國家全名: United States of America (the)"
time="2023-07-01 09:57:12" level=info msg="國別碼2碼: US"
time="2023-07-01 09:57:12" level=info msg="國別碼3碼: USA"
time="2023-07-01 09:57:12" level=info msg="國家全名: United States of America (the)"
time="2023-07-01 09:57:12" level=info msg="國別碼2碼: US"
time="2023-07-01 09:57:12" level=info msg="國別碼3碼: USA"
time="2023-07-01 09:57:12" level=info msg="國家全名: United States of America (the)"
time="2023-07-01 09:57:13" level=info msg="國別碼2碼: US"
time="2023-07-01 09:57:13" level=info msg="國別碼3碼: USA"
time="2023-07-01 09:57:13" level=info msg="國家全名: United States of America (the)"
time="2023-07-01 09:57:14" level=info msg="國別碼2碼: US"
time="2023-07-01 09:57:14" level=info msg="國別碼3碼: USA"
time="2023-07-01 09:57:14" level=info msg="國家全名: United States of America (the)"
time="2023-07-01 09:57:15" level=info msg="國別碼2碼: US"
time="2023-07-01 09:57:15" level=info msg="國別碼3碼: USA"
time="2023-07-01 09:57:15" level=info msg="國家全名: United States of America (the)"
time="2023-07-01 09:57:16" level=info msg="國別碼2碼: US"
time="2023-07-01 09:57:16" level=info msg="國別碼3碼: USA"
time="2023-07-01 09:57:16" level=info msg="國家全名: United States of America (the)"
time="2023-07-01 09:57:16" level=info msg="國別碼2碼: US"
time="2023-07-01 09:57:16" level=info msg="國別碼3碼: USA"
time="2023-07-01 09:57:16" level=info msg="國家全名: United States of America (the)"
time="2023-07-01 09:57:17" level=info msg="國別碼2碼: US"
time="2023-07-01 09:57:17" level=info msg="國別碼3碼: USA"
time="2023-07-01 09:57:17" level=info msg="國家全名: United States of America (the)"
time="2023-07-01 09:57:18" level=info msg="國別碼2碼: US"
time="2023-07-01 09:57:18" level=info msg="國別碼3碼: USA"
time="2023-07-01 09:57:18" level=info msg="國家全名: United States of America (the)"
time="2023-07-01 09:57:18" level=info msg="國別碼2碼: US"
time="2023-07-01 09:57:18" level=info msg="國別碼3碼: USA"
time="2023-07-01 09:57:18" level=info msg="國家全名: United States of America (the)"
time="2023-07-01 09:57:19" level=info msg="國別碼2碼: US"
time="2023-07-01 09:57:19" level=info msg="國別碼3碼: USA"
time="2023-07-01 09:57:19" level=info msg="國家全名: United States of America (the)"
time="2023-07-01 09:57:20" level=info msg="國別碼2碼: US"
time="2023-07-01 09:57:20" level=info msg="國別碼3碼: USA"
time="2023-07-01 09:57:20" level=info msg="國家全名: United States of America (the)"
time="2023-07-01 09:57:21" level=info msg="國別碼2碼: US"
time="2023-07-01 09:57:21" level=info msg="國別碼3碼: USA"
time="2023-07-01 09:57:21" level=info msg="國家全名: United States of America (the)"
time="2023-07-01 09:57:21" level=info msg="國別碼2碼: US"
time="2023-07-01 09:57:21" level=info msg="國別碼3碼: USA"
time="2023-07-01 09:57:21" level=info msg="國家全名: United States of America (the)"
time="2023-07-01 09:57:22" level=info msg="國別碼2碼: US"
time="2023-07-01 09:57:22" level=info msg="國別碼3碼: USA"
time="2023-07-01 09:57:22" level=info msg="國家全名: United States of America (the)"
time="2023-07-01 09:57:23" level=info msg="國別碼2碼: US"
time="2023-07-01 09:57:23" level=info msg="國別碼3碼: USA"
time="2023-07-01 09:57:23" level=info msg="國家全名: United States of America (the)"
time="2023-07-01 09:57:24" level=info msg="國別碼2碼: US"
time="2023-07-01 09:57:24" level=info msg="國別碼3碼: USA"
time="2023-07-01 09:57:24" level=info msg="國家全名: United States of America (the)"
time="2023-07-01 09:57:24" level=info msg="國別碼2碼: US"
time="2023-07-01 09:57:24" level=info msg="國別碼3碼: USA"
time="2023-07-01 09:57:24" level=info msg="國家全名: United States of America (the)"
time="2023-07-01 09:57:25" level=info msg="國別碼2碼: US"
time="2023-07-01 09:57:25" level=info msg="國別碼3碼: USA"
time="2023-07-01 09:57:25" level=info msg="國家全名: United States of America (the)"
time="2023-07-01 09:57:26" level=info msg="國別碼2碼: US"
time="2023-07-01 09:57:26" level=info msg="國別碼3碼: USA"
time="2023-07-01 09:57:26" level=info msg="國家全名: United States of America (the)"
time="2023-07-01 09:57:27" level=info msg="國別碼2碼: US"
time="2023-07-01 09:57:27" level=info msg="國別碼3碼: USA"
time="2023-07-01 09:57:27" level=info msg="國家全名: United States of America (the)"
time="2023-07-01 09:57:27" level=info msg="國別碼2碼: US"
time="2023-07-01 09:57:27" level=info msg="國別碼3碼: USA"
time="2023-07-01 09:57:27" level=info msg="國家全名: United States of America (the)"
time="2023-07-01 09:57:28" level=info msg="國別碼2碼: US"
time="2023-07-01 09:57:28" level=info msg="國別碼3碼: USA"
time="2023-07-01 09:57:28" level=info msg="國家全名: United States of America (the)"
time="2023-07-01 09:57:29" level=info msg="國別碼2碼: US"
time="2023-07-01 09:57:29" level=info msg="國別碼3碼: USA"
time="2023-07-01 09:57:29" level=info msg="國家全名: United States of America (the)"
time="2023-07-01 09:57:30" level=info msg="國別碼2碼: US"
time="2023-07-01 09:57:30" level=info msg="國別碼3碼: USA"
time="2023-07-01 09:57:30" level=info msg="國家全名: United States of America (the)"
time="2023-07-01 09:57:30" level=info msg="國別碼2碼: US"
time="2023-07-01 09:57:30" level=info msg="國別碼3碼: USA"
time="2023-07-01 09:57:30" level=info msg="國家全名: United States of America (the)"
time="2023-07-01 09:57:31" level=info msg="國別碼2碼: US"
time="2023-07-01 09:57:31" level=info msg="國別碼3碼: USA"
time="2023-07-01 09:57:31" level=info msg="國家全名: United States of America (the)"
time="2023-07-01 09:57:32" level=info msg="國別碼2碼: US"
time="2023-07-01 09:57:32" level=info msg="國別碼3碼: USA"
time="2023-07-01 09:57:32" level=info msg="國家全名: United States of America (the)"
time="2023-07-01 09:57:32" level=info msg="國別碼2碼: US"
time="2023-07-01 09:57:32" level=info msg="國別碼3碼: USA"
time="2023-07-01 09:57:32" level=info msg="國家全名: United States of America (the)"
time="2023-07-01 09:57:33" level=info msg="國別碼2碼: US"
time="2023-07-01 09:57:33" level=info msg="國別碼3碼: USA"
time="2023-07-01 09:57:33" level=info msg="國家全名: United States of America (the)"
time="2023-07-01 09:57:34" level=info msg="國別碼2碼: US"
time="2023-07-01 09:57:34" level=info msg="國別碼3碼: USA"
time="2023-07-01 09:57:34" level=info msg="國家全名: United States of America (the)"
time="2023-07-01 09:57:35" level=info msg="國別碼2碼: US"
time="2023-07-01 09:57:35" level=info msg="國別碼3碼: USA"
time="2023-07-01 09:57:35" level=info msg="國家全名: United States of America (the)"
time="2023-07-01 09:57:35" level=info msg="國別碼2碼: US"
time="2023-07-01 09:57:35" level=info msg="國別碼3碼: USA"
time="2023-07-01 09:57:35" level=info msg="國家全名: United States of America (the)"
time="2023-07-01 09:57:36" level=info msg="國別碼2碼: US"
time="2023-07-01 09:57:36" level=info msg="國別碼3碼: USA"
time="2023-07-01 09:57:36" level=info msg="國家全名: United States of America (the)"
time="2023-07-01 09:57:37" level=info msg="國別碼2碼: US"
time="2023-07-01 09:57:37" level=info msg="國別碼3碼: USA"
time="2023-07-01 09:57:37" level=info msg="國家全名: United States of America (the)"
time="2023-07-01 09:57:37" level=info msg="國別碼2碼: US"
time="2023-07-01 09:57:37" level=info msg="國別碼3碼: USA"
time="2023-07-01 09:57:37" level=info msg="國家全名: United States of America (the)"
time="2023-07-01 09:57:38" level=info msg="國別碼2碼: US"
time="2023-07-01 09:57:38" level=info msg="國別碼3碼: USA"
time="2023-07-01 09:57:38" level=info msg="國家全名: United States of America (the)"
time="2023-07-01 09:57:39" level=info msg="國別碼2碼: US"
time="2023-07-01 09:57:39" level=info msg="國別碼3碼: USA"
time="2023-07-01 09:57:39" level=info msg="國家全名: United States of America (the)"
time="2023-07-01 09:57:40" level=info msg="國別碼2碼: US"
time="2023-07-01 09:57:40" level=info msg="國別碼3碼: USA"
time="2023-07-01 09:57:40" level=info msg="國家全名: United States of America (the)"
time="2023-07-01 09:57:40" level=info msg="國別碼2碼: US"
time="2023-07-01 09:57:40" level=info msg="國別碼3碼: USA"
time="2023-07-01 09:57:40" level=info msg="國家全名: United States of America (the)"
time="2023-07-01 09:57:41" level=info msg="國別碼2碼: US"
time="2023-07-01 09:57:41" level=info msg="國別碼3碼: USA"
time="2023-07-01 09:57:41" level=info msg="國家全名: United States of America (the)"
time="2023-07-01 09:57:42" level=info msg="國別碼2碼: US"
time="2023-07-01 09:57:42" level=info msg="國別碼3碼: USA"
time="2023-07-01 09:57:42" level=info msg="國家全名: United States of America (the)"
time="2023-07-01 09:57:43" level=info msg="國別碼2碼: US"
time="2023-07-01 09:57:43" level=info msg="國別碼3碼: USA"
time="2023-07-01 09:57:43" level=info msg="國家全名: United States of America (the)"
time="2023-07-01 09:57:43" level=info msg="國別碼2碼: US"
time="2023-07-01 09:57:43" level=info msg="國別碼3碼: USA"
time="2023-07-01 09:57:43" level=info msg="國家全名: United States of America (the)"
time="2023-07-01 10:12:12" level=info msg="國別碼2碼: RU"
time="2023-07-01 10:12:12" level=info msg="國別碼3碼: RUS"
time="2023-07-01 10:12:12" level=info msg="國家全名: Russian Federation (the)"
time="2023-07-01 10:13:45" level=info msg="國別碼2碼: CH"
time="2023-07-01 10:13:45" level=info msg="國別碼3碼: CHE"
time="2023-07-01 10:13:45" level=info msg="國家全名: Switzerland"
time="2023-07-01 10:14:40" level=info msg="國別碼2碼: US"
time="2023-07-01 10:14:40" level=info msg="國別碼3碼: USA"
time="2023-07-01 10:14:40" level=info msg="國家全名: United States of America (the)"
time="2023-07-01 10:28:39" level=info msg="國別碼2碼: US"
time="2023-07-01 10:28:39" level=info msg="國別碼3碼: USA"
time="2023-07-01 10:28:39" level=info msg="國家全名: United States of America (the)"
time="2023-07-01 10:39:32" level=info msg="國別碼2碼: FR"
time="2023-07-01 10:39:32" level=info msg="國別碼3碼: FRA"
time="2023-07-01 10:39:32" level=info msg="國家全名: France"
time="2023-07-01 10:39:33" level=info msg="國別碼2碼: FR"
time="2023-07-01 10:39:33" level=info msg="國別碼3碼: FRA"
time="2023-07-01 10:39:33" level=info msg="國家全名: France"
time="2023-07-01 10:52:30" level=info msg="國別碼2碼: US"
time="2023-07-01 10:52:30" level=info msg="國別碼3碼: USA"
time="2023-07-01 10:52:30" level=info msg="國家全名: United States of America (the)"
time="2023-07-01 10:58:30" level=info msg="國別碼2碼: CN"
time="2023-07-01 10:58:30" level=info msg="國別碼3碼: CHN"
time="2023-07-01 10:58:30" level=info msg="國家全名: China"
time="2023-07-01 11:25:10" level=info msg="國別碼2碼: CH"
time="2023-07-01 11:25:10" level=info msg="國別碼3碼: CHE"
time="2023-07-01 11:25:10" level=info msg="國家全名: Switzerland"
time="2023-07-01 11:41:55" level=info msg="國別碼2碼: FR"
time="2023-07-01 11:41:55" level=info msg="國別碼3碼: FRA"
time="2023-07-01 11:41:55" level=info msg="國家全名: France"
time="2023-07-01 11:41:56" level=info msg="國別碼2碼: FR"
time="2023-07-01 11:41:56" level=info msg="國別碼3碼: FRA"
time="2023-07-01 11:41:56" level=info msg="國家全名: France"
time="2023-07-01 11:48:28" level=info msg="國別碼2碼: US"
time="2023-07-01 11:48:28" level=info msg="國別碼3碼: USA"
time="2023-07-01 11:48:28" level=info msg="國家全名: United States of America (the)"
time="2023-07-01 11:48:29" level=info msg="國別碼2碼: US"
time="2023-07-01 11:48:29" level=info msg="國別碼3碼: USA"
time="2023-07-01 11:48:29" level=info msg="國家全名: United States of America (the)"
time="2023-07-01 11:48:30" level=info msg="國別碼2碼: US"
time="2023-07-01 11:48:30" level=info msg="國別碼3碼: USA"
time="2023-07-01 11:48:30" level=info msg="國家全名: United States of America (the)"
time="2023-07-01 11:48:31" level=info msg="國別碼2碼: US"
time="2023-07-01 11:48:31" level=info msg="國別碼3碼: USA"
time="2023-07-01 11:48:31" level=info msg="國家全名: United States of America (the)"
time="2023-07-01 11:48:32" level=info msg="國別碼2碼: US"
time="2023-07-01 11:48:32" level=info msg="國別碼3碼: USA"
time="2023-07-01 11:48:32" level=info msg="國家全名: United States of America (the)"
time="2023-07-01 11:48:33" level=info msg="國別碼2碼: US"
time="2023-07-01 11:48:33" level=info msg="國別碼3碼: USA"
time="2023-07-01 11:48:33" level=info msg="國家全名: United States of America (the)"
time="2023-07-01 11:48:34" level=info msg="國別碼2碼: US"
time="2023-07-01 11:48:34" level=info msg="國別碼3碼: USA"
time="2023-07-01 11:48:34" level=info msg="國家全名: United States of America (the)"
time="2023-07-01 11:48:35" level=info msg="國別碼2碼: US"
time="2023-07-01 11:48:35" level=info msg="國別碼3碼: USA"
time="2023-07-01 11:48:35" level=info msg="國家全名: United States of America (the)"
time="2023-07-01 11:48:36" level=info msg="國別碼2碼: US"
time="2023-07-01 11:48:36" level=info msg="國別碼3碼: USA"
time="2023-07-01 11:48:36" level=info msg="國家全名: United States of America (the)"
time="2023-07-01 11:48:36" level=info msg="國別碼2碼: US"
time="2023-07-01 11:48:36" level=info msg="國別碼3碼: USA"
time="2023-07-01 11:48:36" level=info msg="國家全名: United States of America (the)"
time="2023-07-01 11:48:37" level=info msg="國別碼2碼: US"
time="2023-07-01 11:48:37" level=info msg="國別碼3碼: USA"
time="2023-07-01 11:48:37" level=info msg="國家全名: United States of America (the)"
time="2023-07-01 11:48:38" level=info msg="國別碼2碼: US"
time="2023-07-01 11:48:38" level=info msg="國別碼3碼: USA"
time="2023-07-01 11:48:38" level=info msg="國家全名: United States of America (the)"
time="2023-07-01 12:36:22" level=info msg="國別碼2碼: FR"
time="2023-07-01 12:36:22" level=info msg="國別碼3碼: FRA"
time="2023-07-01 12:36:22" level=info msg="國家全名: France"
time="2023-07-01 12:55:11" level=info msg="國別碼2碼: US"
time="2023-07-01 12:55:11" level=info msg="國別碼3碼: USA"
time="2023-07-01 12:55:11" level=info msg="國家全名: United States of America (the)"
time="2023-07-01 13:00:28" level=info msg="國別碼2碼: RU"
time="2023-07-01 13:00:28" level=info msg="國別碼3碼: RUS"
time="2023-07-01 13:00:28" level=info msg="國家全名: Russian Federation (the)"
time="2023-07-01 13:13:06" level=info msg="國別碼2碼: US"
time="2023-07-01 13:13:06" level=info msg="國別碼3碼: USA"
time="2023-07-01 13:13:06" level=info msg="國家全名: United States of America (the)"
time="2023-07-01 13:26:19" level=info msg="國別碼2碼: CH"
time="2023-07-01 13:26:19" level=info msg="國別碼3碼: CHE"
time="2023-07-01 13:26:19" level=info msg="國家全名: Switzerland"
time="2023-07-01 14:07:46" level=info msg="國別碼2碼: CA"
time="2023-07-01 14:07:46" level=info msg="國別碼3碼: CAN"
time="2023-07-01 14:07:46" level=info msg="國家全名: Canada"
time="2023-07-01 14:07:47" level=info msg="國別碼2碼: CA"
time="2023-07-01 14:07:47" level=info msg="國別碼3碼: CAN"
time="2023-07-01 14:07:47" level=info msg="國家全名: Canada"
time="2023-07-01 14:47:14" level=info msg="國別碼2碼: CA"
time="2023-07-01 14:47:14" level=info msg="國別碼3碼: CAN"
time="2023-07-01 14:47:14" level=info msg="國家全名: Canada"
time="2023-07-01 14:47:15" level=info msg="國別碼2碼: CA"
time="2023-07-01 14:47:15" level=info msg="國別碼3碼: CAN"
time="2023-07-01 14:47:15" level=info msg="國家全名: Canada"
time="2023-07-01 15:13:57" level=info msg="國別碼2碼: NL"
time="2023-07-01 15:13:57" level=info msg="國別碼3碼: NLD"
time="2023-07-01 15:13:57" level=info msg="國家全名: Netherlands (the)"
time="2023-07-01 16:00:01" level=info msg="國別碼2碼: CA"
time="2023-07-01 16:00:01" level=info msg="國別碼3碼: CAN"
time="2023-07-01 16:00:01" level=info msg="國家全名: Canada"
time="2023-07-01 16:00:02" level=info msg="國別碼2碼: CA"
time="2023-07-01 16:00:02" level=info msg="國別碼3碼: CAN"
time="2023-07-01 16:00:02" level=info msg="國家全名: Canada"
time="2023-07-01 16:40:12" level=info msg="國別碼2碼: CA"
time="2023-07-01 16:40:12" level=info msg="國別碼3碼: CAN"
time="2023-07-01 16:40:12" level=info msg="國家全名: Canada"
time="2023-07-01 16:40:13" level=info msg="國別碼2碼: CA"
time="2023-07-01 16:40:13" level=info msg="國別碼3碼: CAN"
time="2023-07-01 16:40:13" level=info msg="國家全名: Canada"
time="2023-07-01 16:57:29" level=info msg="國別碼2碼: CN"
time="2023-07-01 16:57:29" level=info msg="國別碼3碼: CHN"
time="2023-07-01 16:57:29" level=info msg="國家全名: China"
time="2023-07-01 16:57:35" level=info msg="國別碼2碼: CN"
time="2023-07-01 16:57:35" level=info msg="國別碼3碼: CHN"
time="2023-07-01 16:57:35" level=info msg="國家全名: China"
time="2023-07-01 17:20:13" level=info msg="國別碼2碼: CZ"
time="2023-07-01 17:20:13" level=info msg="國別碼3碼: CZE"
time="2023-07-01 17:20:13" level=info msg="國家全名: Czechia"
time="2023-07-01 17:48:04" level=info msg="國別碼2碼: US"
time="2023-07-01 17:48:04" level=info msg="國別碼3碼: USA"
time="2023-07-01 17:48:04" level=info msg="國家全名: United States of America (the)"
time="2023-07-01 17:54:59" level=info msg="國別碼2碼: BE"
time="2023-07-01 17:54:59" level=info msg="國別碼3碼: BEL"
time="2023-07-01 17:54:59" level=info msg="國家全名: Belgium"
time="2023-07-01 18:04:15" level=info msg="國別碼2碼: CA"
time="2023-07-01 18:04:15" level=info msg="國別碼3碼: CAN"
time="2023-07-01 18:04:15" level=info msg="國家全名: Canada"
time="2023-07-01 18:04:16" level=info msg="國別碼2碼: CA"
time="2023-07-01 18:04:16" level=info msg="國別碼3碼: CAN"
time="2023-07-01 18:04:16" level=info msg="國家全名: Canada"
time="2023-07-01 18:04:45" level=info msg="國別碼2碼: US"
time="2023-07-01 18:04:45" level=info msg="國別碼3碼: USA"
time="2023-07-01 18:04:45" level=info msg="國家全名: United States of America (the)"
time="2023-07-01 18:37:33" level=info msg="國別碼2碼: CA"
time="2023-07-01 18:37:33" level=info msg="國別碼3碼: CAN"
time="2023-07-01 18:37:33" level=info msg="國家全名: Canada"
time="2023-07-01 18:37:34" level=info msg="國別碼2碼: CA"
time="2023-07-01 18:37:34" level=info msg="國別碼3碼: CAN"
time="2023-07-01 18:37:34" level=info msg="國家全名: Canada"
time="2023-07-01 18:38:01" level=info msg="國別碼2碼: RU"
time="2023-07-01 18:38:01" level=info msg="國別碼3碼: RUS"
time="2023-07-01 18:38:01" level=info msg="國家全名: Russian Federation (the)"
time="2023-07-01 18:42:31" level=info msg="國別碼2碼: KR"
time="2023-07-01 18:42:31" level=info msg="國別碼3碼: KOR"
time="2023-07-01 18:42:31" level=info msg="國家全名: Korea (the Republic of)"
time="2023-07-01 18:42:52" level=info msg="國別碼2碼: KR"
time="2023-07-01 18:42:52" level=info msg="國別碼3碼: KOR"
time="2023-07-01 18:42:52" level=info msg="國家全名: Korea (the Republic of)"
time="2023-07-01 18:44:09" level=info msg="國別碼2碼: US"
time="2023-07-01 18:44:09" level=info msg="國別碼3碼: USA"
time="2023-07-01 18:44:09" level=info msg="國家全名: United States of America (the)"
time="2023-07-01 19:23:31" level=info msg="國別碼2碼: US"
time="2023-07-01 19:23:31" level=info msg="國別碼3碼: USA"
time="2023-07-01 19:23:31" level=info msg="國家全名: United States of America (the)"
time="2023-07-01 19:47:23" level=info msg="國別碼2碼: US"
time="2023-07-01 19:47:23" level=info msg="國別碼3碼: USA"
time="2023-07-01 19:47:23" level=info msg="國家全名: United States of America (the)"
time="2023-07-01 19:47:38" level=info msg="國別碼2碼: US"
time="2023-07-01 19:47:38" level=info msg="國別碼3碼: USA"
time="2023-07-01 19:47:38" level=info msg="國家全名: United States of America (the)"
time="2023-07-01 19:48:09" level=info msg="國別碼2碼: US"
time="2023-07-01 19:48:09" level=info msg="國別碼3碼: USA"
time="2023-07-01 19:48:09" level=info msg="國家全名: United States of America (the)"
time="2023-07-01 19:52:45" level=info msg="國別碼2碼: IN"
time="2023-07-01 19:52:45" level=info msg="國別碼3碼: IND"
time="2023-07-01 19:52:45" level=info msg="國家全名: India"
time="2023-07-01 20:07:26" level=info msg="國別碼2碼: PT"
time="2023-07-01 20:07:26" level=info msg="國別碼3碼: PRT"
time="2023-07-01 20:07:26" level=info msg="國家全名: Portugal"
time="2023-07-01 20:18:38" level=info msg="國別碼2碼: CA"
time="2023-07-01 20:18:38" level=info msg="國別碼3碼: CAN"
time="2023-07-01 20:18:38" level=info msg="國家全名: Canada"
time="2023-07-01 20:18:39" level=info msg="國別碼2碼: CA"
time="2023-07-01 20:18:39" level=info msg="國別碼3碼: CAN"
time="2023-07-01 20:18:39" level=info msg="國家全名: Canada"
time="2023-07-01 20:43:48" level=info msg="國別碼2碼: CA"
time="2023-07-01 20:43:48" level=info msg="國別碼3碼: CAN"
time="2023-07-01 20:43:48" level=info msg="國家全名: Canada"
time="2023-07-01 20:43:49" level=info msg="國別碼2碼: CA"
time="2023-07-01 20:43:49" level=info msg="國別碼3碼: CAN"
time="2023-07-01 20:43:49" level=info msg="國家全名: Canada"
time="2023-07-01 22:10:26" level=info msg="國別碼2碼: TR"
time="2023-07-01 22:10:26" level=info msg="國別碼3碼: TUR"
time="2023-07-01 22:10:26" level=info msg="國家全名: Türkiye"
time="2023-07-01 22:13:39" level=info msg="國別碼2碼: GB"
time="2023-07-01 22:13:39" level=info msg="國別碼3碼: GBR"
time="2023-07-01 22:13:39" level=info msg="國家全名: United Kingdom of Great Britain and Northern Ireland (the)"
time="2023-07-01 22:16:03" level=info msg="國別碼2碼: CA"
time="2023-07-01 22:16:03" level=info msg="國別碼3碼: CAN"
time="2023-07-01 22:16:03" level=info msg="國家全名: Canada"
time="2023-07-01 22:16:05" level=info msg="國別碼2碼: CA"
time="2023-07-01 22:16:05" level=info msg="國別碼3碼: CAN"
time="2023-07-01 22:16:05" level=info msg="國家全名: Canada"
time="2023-07-01 22:38:36" level=info msg="國別碼2碼: CA"
time="2023-07-01 22:38:36" level=info msg="國別碼3碼: CAN"
time="2023-07-01 22:38:36" level=info msg="國家全名: Canada"
time="2023-07-01 22:38:37" level=info msg="國別碼2碼: CA"
time="2023-07-01 22:38:37" level=info msg="國別碼3碼: CAN"
time="2023-07-01 22:38:37" level=info msg="國家全名: Canada"
time="2023-07-01 22:55:06" level=info msg="國別碼2碼: CN"
time="2023-07-01 22:55:06" level=info msg="國別碼3碼: CHN"
time="2023-07-01 22:55:06" level=info msg="國家全名: China"
time="2023-07-01 22:55:07" level=info msg="國別碼2碼: CN"
time="2023-07-01 22:55:07" level=info msg="國別碼3碼: CHN"
time="2023-07-01 22:55:07" level=info msg="國家全名: China"
time="2023-07-01 22:55:07" level=info msg="國別碼2碼: CN"
time="2023-07-01 22:55:07" level=info msg="國別碼3碼: CHN"
time="2023-07-01 22:55:07" level=info msg="國家全名: China"
time="2023-07-01 22:55:08" level=info msg="國別碼2碼: CN"
time="2023-07-01 22:55:08" level=info msg="國別碼3碼: CHN"
time="2023-07-01 22:55:08" level=info msg="國家全名: China"
time="2023-07-01 22:55:09" level=info msg="國別碼2碼: CN"
time="2023-07-01 22:55:09" level=info msg="國別碼3碼: CHN"
time="2023-07-01 22:55:09" level=info msg="國家全名: China"
time="2023-07-01 22:55:09" level=info msg="國別碼2碼: CN"
time="2023-07-01 22:55:09" level=info msg="國別碼3碼: CHN"
time="2023-07-01 22:55:09" level=info msg="國家全名: China"
time="2023-07-01 22:55:10" level=info msg="國別碼2碼: CN"
time="2023-07-01 22:55:10" level=info msg="國別碼3碼: CHN"
time="2023-07-01 22:55:10" level=info msg="國家全名: China"
time="2023-07-01 22:55:11" level=info msg="國別碼2碼: CN"
time="2023-07-01 22:55:11" level=info msg="國別碼3碼: CHN"
time="2023-07-01 22:55:11" level=info msg="國家全名: China"
time="2023-07-01 22:55:11" level=info msg="國別碼2碼: CN"
time="2023-07-01 22:55:11" level=info msg="國別碼3碼: CHN"
time="2023-07-01 22:55:11" level=info msg="國家全名: China"
time="2023-07-01 22:55:12" level=info msg="國別碼2碼: CN"
time="2023-07-01 22:55:12" level=info msg="國別碼3碼: CHN"
time="2023-07-01 22:55:12" level=info msg="國家全名: China"
time="2023-07-01 22:55:13" level=info msg="國別碼2碼: CN"
time="2023-07-01 22:55:13" level=info msg="國別碼3碼: CHN"
time="2023-07-01 22:55:13" level=info msg="國家全名: China"
time="2023-07-01 22:55:13" level=info msg="國別碼2碼: CN"
time="2023-07-01 22:55:13" level=info msg="國別碼3碼: CHN"
time="2023-07-01 22:55:13" level=info msg="國家全名: China"
time="2023-07-01 22:55:14" level=info msg="國別碼2碼: CN"
time="2023-07-01 22:55:14" level=info msg="國別碼3碼: CHN"
time="2023-07-01 22:55:14" level=info msg="國家全名: China"
time="2023-07-01 22:55:14" level=info msg="國別碼2碼: CN"
time="2023-07-01 22:55:14" level=info msg="國別碼3碼: CHN"
time="2023-07-01 22:55:14" level=info msg="國家全名: China"
time="2023-07-01 22:55:15" level=info msg="國別碼2碼: CN"
time="2023-07-01 22:55:15" level=info msg="國別碼3碼: CHN"
time="2023-07-01 22:55:15" level=info msg="國家全名: China"
time="2023-07-01 22:55:16" level=info msg="國別碼2碼: CN"
time="2023-07-01 22:55:16" level=info msg="國別碼3碼: CHN"
time="2023-07-01 22:55:16" level=info msg="國家全名: China"
time="2023-07-01 22:55:16" level=info msg="國別碼2碼: CN"
time="2023-07-01 22:55:16" level=info msg="國別碼3碼: CHN"
time="2023-07-01 22:55:16" level=info msg="國家全名: China"
time="2023-07-01 22:55:17" level=info msg="國別碼2碼: CN"
time="2023-07-01 22:55:17" level=info msg="國別碼3碼: CHN"
time="2023-07-01 22:55:17" level=info msg="國家全名: China"
time="2023-07-01 22:55:18" level=info msg="國別碼2碼: CN"
time="2023-07-01 22:55:18" level=info msg="國別碼3碼: CHN"
time="2023-07-01 22:55:18" level=info msg="國家全名: China"
time="2023-07-01 22:55:18" level=info msg="國別碼2碼: CN"
time="2023-07-01 22:55:18" level=info msg="國別碼3碼: CHN"
time="2023-07-01 22:55:18" level=info msg="國家全名: China"
time="2023-07-01 22:55:19" level=info msg="國別碼2碼: CN"
time="2023-07-01 22:55:19" level=info msg="國別碼3碼: CHN"
time="2023-07-01 22:55:19" level=info msg="國家全名: China"
time="2023-07-01 22:55:20" level=info msg="國別碼2碼: CN"
time="2023-07-01 22:55:20" level=info msg="國別碼3碼: CHN"
time="2023-07-01 22:55:20" level=info msg="國家全名: China"
time="2023-07-01 22:55:20" level=info msg="國別碼2碼: CN"
time="2023-07-01 22:55:20" level=info msg="國別碼3碼: CHN"
time="2023-07-01 22:55:20" level=info msg="國家全名: China"
time="2023-07-01 22:55:21" level=info msg="國別碼2碼: CN"
time="2023-07-01 22:55:21" level=info msg="國別碼3碼: CHN"
time="2023-07-01 22:55:21" level=info msg="國家全名: China"
time="2023-07-01 22:55:22" level=info msg="國別碼2碼: CN"
time="2023-07-01 22:55:22" level=info msg="國別碼3碼: CHN"
time="2023-07-01 22:55:22" level=info msg="國家全名: China"
time="2023-07-01 22:55:22" level=info msg="國別碼2碼: CN"
time="2023-07-01 22:55:22" level=info msg="國別碼3碼: CHN"
time="2023-07-01 22:55:22" level=info msg="國家全名: China"
time="2023-07-01 22:55:23" level=info msg="國別碼2碼: CN"
time="2023-07-01 22:55:23" level=info msg="國別碼3碼: CHN"
time="2023-07-01 22:55:23" level=info msg="國家全名: China"
time="2023-07-01 22:55:23" level=info msg="國別碼2碼: CN"
time="2023-07-01 22:55:23" level=info msg="國別碼3碼: CHN"
time="2023-07-01 22:55:23" level=info msg="國家全名: China"
time="2023-07-01 22:55:24" level=info msg="國別碼2碼: CN"
time="2023-07-01 22:55:24" level=info msg="國別碼3碼: CHN"
time="2023-07-01 22:55:24" level=info msg="國家全名: China"
time="2023-07-01 22:55:25" level=info msg="國別碼2碼: CN"
time="2023-07-01 22:55:25" level=info msg="國別碼3碼: CHN"
time="2023-07-01 22:55:25" level=info msg="國家全名: China"
time="2023-07-01 22:55:25" level=info msg="國別碼2碼: CN"
time="2023-07-01 22:55:25" level=info msg="國別碼3碼: CHN"
time="2023-07-01 22:55:25" level=info msg="國家全名: China"
time="2023-07-01 22:55:26" level=info msg="國別碼2碼: CN"
time="2023-07-01 22:55:26" level=info msg="國別碼3碼: CHN"
time="2023-07-01 22:55:26" level=info msg="國家全名: China"
time="2023-07-01 22:55:27" level=info msg="國別碼2碼: CN"
time="2023-07-01 22:55:27" level=info msg="國別碼3碼: CHN"
time="2023-07-01 22:55:27" level=info msg="國家全名: China"
time="2023-07-01 22:55:27" level=info msg="國別碼2碼: CN"
time="2023-07-01 22:55:27" level=info msg="國別碼3碼: CHN"
time="2023-07-01 22:55:27" level=info msg="國家全名: China"
time="2023-07-01 23:06:20" level=info msg="國別碼2碼: LT"
time="2023-07-01 23:06:20" level=info msg="國別碼3碼: LTU"
time="2023-07-01 23:06:20" level=info msg="國家全名: Lithuania"
time="2023-07-01 23:25:18" level=info msg="國別碼2碼: CA"
time="2023-07-01 23:25:18" level=info msg="國別碼3碼: CAN"
time="2023-07-01 23:25:18" level=info msg="國家全名: Canada"
time="2023-07-01 23:25:19" level=info msg="國別碼2碼: CA"
time="2023-07-01 23:25:19" level=info msg="國別碼3碼: CAN"
time="2023-07-01 23:25:19" level=info msg="國家全名: Canada"
time="2023-07-01 23:49:40" level=info msg="國別碼2碼: BG"
time="2023-07-01 23:49:40" level=info msg="國別碼3碼: BGR"
time="2023-07-01 23:49:40" level=info msg="國家全名: Bulgaria"
time="2023-07-01 23:49:41" level=info msg="國別碼2碼: BG"
time="2023-07-01 23:49:41" level=info msg="國別碼3碼: BGR"
time="2023-07-01 23:49:41" level=info msg="國家全名: Bulgaria"
