time="2023-07-08 00:00:25" level=info msg="國別碼2碼: FR"
time="2023-07-08 00:00:25" level=info msg="國別碼3碼: FRA"
time="2023-07-08 00:00:25" level=info msg="國家全名: France"
time="2023-07-08 00:03:36" level=info msg="國別碼2碼: FR"
time="2023-07-08 00:03:36" level=info msg="國別碼3碼: FRA"
time="2023-07-08 00:03:36" level=info msg="國家全名: France"
time="2023-07-08 00:03:37" level=info msg="國別碼2碼: FR"
time="2023-07-08 00:03:37" level=info msg="國別碼3碼: FRA"
time="2023-07-08 00:03:37" level=info msg="國家全名: France"
time="2023-07-08 00:18:17" level=info msg="國別碼2碼: FR"
time="2023-07-08 00:18:17" level=info msg="國別碼3碼: FRA"
time="2023-07-08 00:18:17" level=info msg="國家全名: France"
time="2023-07-08 00:44:53" level=info msg="國別碼2碼: CA"
time="2023-07-08 00:44:53" level=info msg="國別碼3碼: CAN"
time="2023-07-08 00:44:53" level=info msg="國家全名: Canada"
time="2023-07-08 00:44:54" level=info msg="國別碼2碼: CA"
time="2023-07-08 00:44:54" level=info msg="國別碼3碼: CAN"
time="2023-07-08 00:44:54" level=info msg="國家全名: Canada"
time="2023-07-08 01:15:19" level=info msg="國別碼2碼: NL"
time="2023-07-08 01:15:19" level=info msg="國別碼3碼: NLD"
time="2023-07-08 01:15:19" level=info msg="國家全名: Netherlands (the)"
time="2023-07-08 01:24:32" level=info msg="國別碼2碼: FR"
time="2023-07-08 01:24:32" level=info msg="國別碼3碼: FRA"
time="2023-07-08 01:24:32" level=info msg="國家全名: France"
time="2023-07-08 01:32:41" level=info msg="國別碼2碼: US"
time="2023-07-08 01:32:41" level=info msg="國別碼3碼: USA"
time="2023-07-08 01:32:41" level=info msg="國家全名: United States of America (the)"
time="2023-07-08 01:36:45" level=info msg="國別碼2碼: HU"
time="2023-07-08 01:36:45" level=info msg="國別碼3碼: HUN"
time="2023-07-08 01:36:45" level=info msg="國家全名: Hungary"
time="2023-07-08 01:40:04" level=info msg="國別碼2碼: AR"
time="2023-07-08 01:40:04" level=info msg="國別碼3碼: ARG"
time="2023-07-08 01:40:04" level=info msg="國家全名: Argentina"
time="2023-07-08 02:05:25" level=info msg="國別碼2碼: FR"
time="2023-07-08 02:05:25" level=info msg="國別碼3碼: FRA"
time="2023-07-08 02:05:25" level=info msg="國家全名: France"
time="2023-07-08 02:10:02" level=info msg="國別碼2碼: CA"
time="2023-07-08 02:10:02" level=info msg="國別碼3碼: CAN"
time="2023-07-08 02:10:02" level=info msg="國家全名: Canada"
time="2023-07-08 02:10:03" level=info msg="國別碼2碼: CA"
time="2023-07-08 02:10:03" level=info msg="國別碼3碼: CAN"
time="2023-07-08 02:10:03" level=info msg="國家全名: Canada"
time="2023-07-08 02:23:25" level=info msg="國別碼2碼: NL"
time="2023-07-08 02:23:25" level=info msg="國別碼3碼: NLD"
time="2023-07-08 02:23:25" level=info msg="國家全名: Netherlands (the)"
time="2023-07-08 02:24:48" level=info msg="國別碼2碼: US"
time="2023-07-08 02:24:48" level=info msg="國別碼3碼: USA"
time="2023-07-08 02:24:48" level=info msg="國家全名: United States of America (the)"
time="2023-07-08 02:33:38" level=info msg="國別碼2碼: US"
time="2023-07-08 02:33:38" level=info msg="國別碼3碼: USA"
time="2023-07-08 02:33:38" level=info msg="國家全名: United States of America (the)"
time="2023-07-08 02:48:46" level=info msg="國別碼2碼: CA"
time="2023-07-08 02:48:46" level=info msg="國別碼3碼: CAN"
time="2023-07-08 02:48:46" level=info msg="國家全名: Canada"
time="2023-07-08 02:48:47" level=info msg="國別碼2碼: CA"
time="2023-07-08 02:48:47" level=info msg="國別碼3碼: CAN"
time="2023-07-08 02:48:47" level=info msg="國家全名: Canada"
time="2023-07-08 03:15:48" level=info msg="國別碼2碼: US"
time="2023-07-08 03:15:48" level=info msg="國別碼3碼: USA"
time="2023-07-08 03:15:48" level=info msg="國家全名: United States of America (the)"
time="2023-07-08 03:15:49" level=info msg="國別碼2碼: US"
time="2023-07-08 03:15:49" level=info msg="國別碼3碼: USA"
time="2023-07-08 03:15:49" level=info msg="國家全名: United States of America (the)"
time="2023-07-08 03:22:58" level=info msg="國別碼2碼: CA"
time="2023-07-08 03:22:58" level=info msg="國別碼3碼: CAN"
time="2023-07-08 03:22:58" level=info msg="國家全名: Canada"
time="2023-07-08 03:22:59" level=info msg="國別碼2碼: CA"
time="2023-07-08 03:22:59" level=info msg="國別碼3碼: CAN"
time="2023-07-08 03:22:59" level=info msg="國家全名: Canada"
time="2023-07-08 03:33:29" level=info msg="國別碼2碼: BD"
time="2023-07-08 03:33:29" level=info msg="國別碼3碼: BGD"
time="2023-07-08 03:33:29" level=info msg="國家全名: Bangladesh"
time="2023-07-08 03:40:15" level=info msg="國別碼2碼: US"
time="2023-07-08 03:40:15" level=info msg="國別碼3碼: USA"
time="2023-07-08 03:40:15" level=info msg="國家全名: United States of America (the)"
time="2023-07-08 03:40:16" level=info msg="國別碼2碼: US"
time="2023-07-08 03:40:16" level=info msg="國別碼3碼: USA"
time="2023-07-08 03:40:16" level=info msg="國家全名: United States of America (the)"
time="2023-07-08 03:40:17" level=info msg="國別碼2碼: US"
time="2023-07-08 03:40:17" level=info msg="國別碼3碼: USA"
time="2023-07-08 03:40:17" level=info msg="國家全名: United States of America (the)"
time="2023-07-08 03:40:18" level=info msg="國別碼2碼: US"
time="2023-07-08 03:40:18" level=info msg="國別碼3碼: USA"
time="2023-07-08 03:40:18" level=info msg="國家全名: United States of America (the)"
time="2023-07-08 03:40:19" level=info msg="國別碼2碼: US"
time="2023-07-08 03:40:19" level=info msg="國別碼3碼: USA"
time="2023-07-08 03:40:19" level=info msg="國家全名: United States of America (the)"
time="2023-07-08 04:01:35" level=info msg="國別碼2碼: US"
time="2023-07-08 04:01:35" level=info msg="國別碼3碼: USA"
time="2023-07-08 04:01:35" level=info msg="國家全名: United States of America (the)"
time="2023-07-08 04:01:36" level=info msg="國別碼2碼: US"
time="2023-07-08 04:01:36" level=info msg="國別碼3碼: USA"
time="2023-07-08 04:01:36" level=info msg="國家全名: United States of America (the)"
time="2023-07-08 04:01:37" level=info msg="國別碼2碼: US"
time="2023-07-08 04:01:37" level=info msg="國別碼3碼: USA"
time="2023-07-08 04:01:37" level=info msg="國家全名: United States of America (the)"
time="2023-07-08 04:01:38" level=info msg="國別碼2碼: US"
time="2023-07-08 04:01:38" level=info msg="國別碼3碼: USA"
time="2023-07-08 04:01:38" level=info msg="國家全名: United States of America (the)"
time="2023-07-08 04:01:39" level=info msg="國別碼2碼: US"
time="2023-07-08 04:01:39" level=info msg="國別碼3碼: USA"
time="2023-07-08 04:01:39" level=info msg="國家全名: United States of America (the)"
time="2023-07-08 04:12:35" level=info msg="國別碼2碼: US"
time="2023-07-08 04:12:35" level=info msg="國別碼3碼: USA"
time="2023-07-08 04:12:35" level=info msg="國家全名: United States of America (the)"
time="2023-07-08 04:12:35" level=info msg="國別碼2碼: US"
time="2023-07-08 04:12:35" level=info msg="國別碼3碼: USA"
time="2023-07-08 04:12:35" level=info msg="國家全名: United States of America (the)"
time="2023-07-08 04:26:00" level=info msg="國別碼2碼: DE"
time="2023-07-08 04:26:00" level=info msg="國別碼3碼: DEU"
time="2023-07-08 04:26:00" level=info msg="國家全名: Germany"
time="2023-07-08 04:29:42" level=info msg="國別碼2碼: NL"
time="2023-07-08 04:29:42" level=info msg="國別碼3碼: NLD"
time="2023-07-08 04:29:42" level=info msg="國家全名: Netherlands (the)"
time="2023-07-08 04:33:32" level=info msg="國別碼2碼: US"
time="2023-07-08 04:33:32" level=info msg="國別碼3碼: USA"
time="2023-07-08 04:33:32" level=info msg="國家全名: United States of America (the)"
time="2023-07-08 04:37:40" level=info msg="國別碼2碼: US"
time="2023-07-08 04:37:40" level=info msg="國別碼3碼: USA"
time="2023-07-08 04:37:40" level=info msg="國家全名: United States of America (the)"
time="2023-07-08 04:40:19" level=info msg="國別碼2碼: US"
time="2023-07-08 04:40:19" level=info msg="國別碼3碼: USA"
time="2023-07-08 04:40:19" level=info msg="國家全名: United States of America (the)"
time="2023-07-08 04:49:43" level=info msg="國別碼2碼: CA"
time="2023-07-08 04:49:43" level=info msg="國別碼3碼: CAN"
time="2023-07-08 04:49:43" level=info msg="國家全名: Canada"
time="2023-07-08 05:00:35" level=info msg="國別碼2碼: AU"
time="2023-07-08 05:00:35" level=info msg="國別碼3碼: AUS"
time="2023-07-08 05:00:35" level=info msg="國家全名: Australia"
time="2023-07-08 05:00:45" level=info msg="國別碼2碼: AU"
time="2023-07-08 05:00:45" level=info msg="國別碼3碼: AUS"
time="2023-07-08 05:00:45" level=info msg="國家全名: Australia"
time="2023-07-08 05:00:53" level=info msg="國別碼2碼: AU"
time="2023-07-08 05:00:53" level=info msg="國別碼3碼: AUS"
time="2023-07-08 05:00:53" level=info msg="國家全名: Australia"
time="2023-07-08 05:10:46" level=info msg="國別碼2碼: CA"
time="2023-07-08 05:10:46" level=info msg="國別碼3碼: CAN"
time="2023-07-08 05:10:46" level=info msg="國家全名: Canada"
time="2023-07-08 05:10:47" level=info msg="國別碼2碼: CA"
time="2023-07-08 05:10:47" level=info msg="國別碼3碼: CAN"
time="2023-07-08 05:10:47" level=info msg="國家全名: Canada"
time="2023-07-08 06:04:21" level=info msg="國別碼2碼: CA"
time="2023-07-08 06:04:21" level=info msg="國別碼3碼: CAN"
time="2023-07-08 06:04:21" level=info msg="國家全名: Canada"
time="2023-07-08 06:04:22" level=info msg="國別碼2碼: CA"
time="2023-07-08 06:04:22" level=info msg="國別碼3碼: CAN"
time="2023-07-08 06:04:22" level=info msg="國家全名: Canada"
time="2023-07-08 06:55:03" level=info msg="國別碼2碼: US"
time="2023-07-08 06:55:03" level=info msg="國別碼3碼: USA"
time="2023-07-08 06:55:03" level=info msg="國家全名: United States of America (the)"
time="2023-07-08 07:19:20" level=info msg="國別碼2碼: CA"
time="2023-07-08 07:19:20" level=info msg="國別碼3碼: CAN"
time="2023-07-08 07:19:20" level=info msg="國家全名: Canada"
time="2023-07-08 07:19:21" level=info msg="國別碼2碼: CA"
time="2023-07-08 07:19:21" level=info msg="國別碼3碼: CAN"
time="2023-07-08 07:19:21" level=info msg="國家全名: Canada"
time="2023-07-08 07:33:41" level=info msg="國別碼2碼: US"
time="2023-07-08 07:33:41" level=info msg="國別碼3碼: USA"
time="2023-07-08 07:33:41" level=info msg="國家全名: United States of America (the)"
time="2023-07-08 07:33:43" level=info msg="國別碼2碼: US"
time="2023-07-08 07:33:43" level=info msg="國別碼3碼: USA"
time="2023-07-08 07:33:43" level=info msg="國家全名: United States of America (the)"
time="2023-07-08 07:33:44" level=info msg="國別碼2碼: US"
time="2023-07-08 07:33:44" level=info msg="國別碼3碼: USA"
time="2023-07-08 07:33:44" level=info msg="國家全名: United States of America (the)"
time="2023-07-08 07:33:45" level=info msg="國別碼2碼: US"
time="2023-07-08 07:33:45" level=info msg="國別碼3碼: USA"
time="2023-07-08 07:33:45" level=info msg="國家全名: United States of America (the)"
time="2023-07-08 07:33:46" level=info msg="國別碼2碼: US"
time="2023-07-08 07:33:46" level=info msg="國別碼3碼: USA"
time="2023-07-08 07:33:46" level=info msg="國家全名: United States of America (the)"
time="2023-07-08 07:41:40" level=info msg="國別碼2碼: US"
time="2023-07-08 07:41:40" level=info msg="國別碼3碼: USA"
time="2023-07-08 07:41:40" level=info msg="國家全名: United States of America (the)"
time="2023-07-08 07:41:44" level=info msg="國別碼2碼: US"
time="2023-07-08 07:41:44" level=info msg="國別碼3碼: USA"
time="2023-07-08 07:41:44" level=info msg="國家全名: United States of America (the)"
time="2023-07-08 07:41:51" level=info msg="國別碼2碼: US"
time="2023-07-08 07:41:51" level=info msg="國別碼3碼: USA"
time="2023-07-08 07:41:51" level=info msg="國家全名: United States of America (the)"
time="2023-07-08 07:53:55" level=info msg="國別碼2碼: US"
time="2023-07-08 07:53:55" level=info msg="國別碼3碼: USA"
time="2023-07-08 07:53:55" level=info msg="國家全名: United States of America (the)"
time="2023-07-08 07:59:57" level=info msg="國別碼2碼: CA"
time="2023-07-08 07:59:57" level=info msg="國別碼3碼: CAN"
time="2023-07-08 07:59:57" level=info msg="國家全名: Canada"
time="2023-07-08 07:59:58" level=info msg="國別碼2碼: CA"
time="2023-07-08 07:59:58" level=info msg="國別碼3碼: CAN"
time="2023-07-08 07:59:58" level=info msg="國家全名: Canada"
time="2023-07-08 08:37:35" level=info msg="國別碼2碼: CA"
time="2023-07-08 08:37:35" level=info msg="國別碼3碼: CAN"
time="2023-07-08 08:37:35" level=info msg="國家全名: Canada"
time="2023-07-08 08:37:36" level=info msg="國別碼2碼: CA"
time="2023-07-08 08:37:36" level=info msg="國別碼3碼: CAN"
time="2023-07-08 08:37:36" level=info msg="國家全名: Canada"
time="2023-07-08 09:23:02" level=info msg="國別碼2碼: US"
time="2023-07-08 09:23:02" level=info msg="國別碼3碼: USA"
time="2023-07-08 09:23:02" level=info msg="國家全名: United States of America (the)"
time="2023-07-08 09:23:19" level=info msg="國別碼2碼: US"
time="2023-07-08 09:23:19" level=info msg="國別碼3碼: USA"
time="2023-07-08 09:23:19" level=info msg="國家全名: United States of America (the)"
time="2023-07-08 09:23:33" level=info msg="國別碼2碼: US"
time="2023-07-08 09:23:33" level=info msg="國別碼3碼: USA"
time="2023-07-08 09:23:33" level=info msg="國家全名: United States of America (the)"
time="2023-07-08 09:28:46" level=info msg="國別碼2碼: RU"
time="2023-07-08 09:28:46" level=info msg="國別碼3碼: RUS"
time="2023-07-08 09:28:46" level=info msg="國家全名: Russian Federation (the)"
time="2023-07-08 09:39:21" level=info msg="國別碼2碼: CA"
time="2023-07-08 09:39:21" level=info msg="國別碼3碼: CAN"
time="2023-07-08 09:39:21" level=info msg="國家全名: Canada"
time="2023-07-08 09:39:22" level=info msg="國別碼2碼: CA"
time="2023-07-08 09:39:22" level=info msg="國別碼3碼: CAN"
time="2023-07-08 09:39:22" level=info msg="國家全名: Canada"
time="2023-07-08 09:41:09" level=info msg="國別碼2碼: HK"
time="2023-07-08 09:41:09" level=info msg="國別碼3碼: HKG"
time="2023-07-08 09:41:09" level=info msg="國家全名: Hong Kong"
time="2023-07-08 10:03:57" level=info msg="國別碼2碼: US"
time="2023-07-08 10:03:57" level=info msg="國別碼3碼: USA"
time="2023-07-08 10:03:57" level=info msg="國家全名: United States of America (the)"
time="2023-07-08 10:14:32" level=info msg="國別碼2碼: FR"
time="2023-07-08 10:14:32" level=info msg="國別碼3碼: FRA"
time="2023-07-08 10:14:32" level=info msg="國家全名: France"
time="2023-07-08 10:21:50" level=info msg="國別碼2碼: US"
time="2023-07-08 10:21:50" level=info msg="國別碼3碼: USA"
time="2023-07-08 10:21:50" level=info msg="國家全名: United States of America (the)"
time="2023-07-08 10:27:50" level=info msg="國別碼2碼: CA"
time="2023-07-08 10:27:50" level=info msg="國別碼3碼: CAN"
time="2023-07-08 10:27:50" level=info msg="國家全名: Canada"
time="2023-07-08 10:27:52" level=info msg="國別碼2碼: CA"
time="2023-07-08 10:27:52" level=info msg="國別碼3碼: CAN"
time="2023-07-08 10:27:52" level=info msg="國家全名: Canada"
time="2023-07-08 10:32:38" level=info msg="國別碼2碼: SG"
time="2023-07-08 10:32:38" level=info msg="國別碼3碼: SGP"
time="2023-07-08 10:32:38" level=info msg="國家全名: Singapore"
time="2023-07-08 11:16:17" level=info msg="國別碼2碼: CN"
time="2023-07-08 11:16:17" level=info msg="國別碼3碼: CHN"
time="2023-07-08 11:16:17" level=info msg="國家全名: China"
time="2023-07-08 11:24:25" level=info msg="國別碼2碼: CA"
time="2023-07-08 11:24:25" level=info msg="國別碼3碼: CAN"
time="2023-07-08 11:24:25" level=info msg="國家全名: Canada"
time="2023-07-08 11:24:26" level=info msg="國別碼2碼: CA"
time="2023-07-08 11:24:26" level=info msg="國別碼3碼: CAN"
time="2023-07-08 11:24:26" level=info msg="國家全名: Canada"
time="2023-07-08 11:25:34" level=info msg="國別碼2碼: CN"
time="2023-07-08 11:25:34" level=info msg="國別碼3碼: CHN"
time="2023-07-08 11:25:34" level=info msg="國家全名: China"
time="2023-07-08 11:25:36" level=info msg="國別碼2碼: CN"
time="2023-07-08 11:25:36" level=info msg="國別碼3碼: CHN"
time="2023-07-08 11:25:36" level=info msg="國家全名: China"
time="2023-07-08 12:19:11" level=info msg="國別碼2碼: CA"
time="2023-07-08 12:19:11" level=info msg="國別碼3碼: CAN"
time="2023-07-08 12:19:11" level=info msg="國家全名: Canada"
time="2023-07-08 12:19:12" level=info msg="國別碼2碼: CA"
time="2023-07-08 12:19:12" level=info msg="國別碼3碼: CAN"
time="2023-07-08 12:19:12" level=info msg="國家全名: Canada"
time="2023-07-08 12:31:26" level=info msg="國別碼2碼: FR"
time="2023-07-08 12:31:26" level=info msg="國別碼3碼: FRA"
time="2023-07-08 12:31:26" level=info msg="國家全名: France"
time="2023-07-08 12:31:27" level=info msg="國別碼2碼: FR"
time="2023-07-08 12:31:27" level=info msg="國別碼3碼: FRA"
time="2023-07-08 12:31:27" level=info msg="國家全名: France"
time="2023-07-08 12:38:08" level=info msg="國別碼2碼: US"
time="2023-07-08 12:38:08" level=info msg="國別碼3碼: USA"
time="2023-07-08 12:38:08" level=info msg="國家全名: United States of America (the)"
time="2023-07-08 12:38:09" level=info msg="國別碼2碼: US"
time="2023-07-08 12:38:09" level=info msg="國別碼3碼: USA"
time="2023-07-08 12:38:09" level=info msg="國家全名: United States of America (the)"
time="2023-07-08 14:31:07" level=info msg="國別碼2碼: US"
time="2023-07-08 14:31:07" level=info msg="國別碼3碼: USA"
time="2023-07-08 14:31:07" level=info msg="國家全名: United States of America (the)"
time="2023-07-08 14:31:08" level=info msg="國別碼2碼: US"
time="2023-07-08 14:31:08" level=info msg="國別碼3碼: USA"
time="2023-07-08 14:31:08" level=info msg="國家全名: United States of America (the)"
time="2023-07-08 14:31:09" level=info msg="國別碼2碼: US"
time="2023-07-08 14:31:09" level=info msg="國別碼3碼: USA"
time="2023-07-08 14:31:09" level=info msg="國家全名: United States of America (the)"
time="2023-07-08 14:31:10" level=info msg="國別碼2碼: US"
time="2023-07-08 14:31:10" level=info msg="國別碼3碼: USA"
time="2023-07-08 14:31:10" level=info msg="國家全名: United States of America (the)"
time="2023-07-08 14:31:11" level=info msg="國別碼2碼: US"
time="2023-07-08 14:31:11" level=info msg="國別碼3碼: USA"
time="2023-07-08 14:31:11" level=info msg="國家全名: United States of America (the)"
time="2023-07-08 14:36:34" level=info msg="國別碼2碼: FR"
time="2023-07-08 14:36:34" level=info msg="國別碼3碼: FRA"
time="2023-07-08 14:36:34" level=info msg="國家全名: France"
time="2023-07-08 14:36:35" level=info msg="國別碼2碼: FR"
time="2023-07-08 14:36:35" level=info msg="國別碼3碼: FRA"
time="2023-07-08 14:36:35" level=info msg="國家全名: France"
time="2023-07-08 14:43:42" level=info msg="國別碼2碼: US"
time="2023-07-08 14:43:42" level=info msg="國別碼3碼: USA"
time="2023-07-08 14:43:42" level=info msg="國家全名: United States of America (the)"
time="2023-07-08 15:15:04" level=info msg="國別碼2碼: NL"
time="2023-07-08 15:15:04" level=info msg="國別碼3碼: NLD"
time="2023-07-08 15:15:04" level=info msg="國家全名: Netherlands (the)"
time="2023-07-08 15:15:52" level=info msg="國別碼2碼: BE"
time="2023-07-08 15:15:52" level=info msg="國別碼3碼: BEL"
time="2023-07-08 15:15:52" level=info msg="國家全名: Belgium"
time="2023-07-08 15:41:23" level=info msg="國別碼2碼: GB"
time="2023-07-08 15:41:23" level=info msg="國別碼3碼: GBR"
time="2023-07-08 15:41:23" level=info msg="國家全名: United Kingdom of Great Britain and Northern Ireland (the)"
time="2023-07-08 15:44:07" level=info msg="國別碼2碼: NL"
time="2023-07-08 15:44:07" level=info msg="國別碼3碼: NLD"
time="2023-07-08 15:44:07" level=info msg="國家全名: Netherlands (the)"
time="2023-07-08 15:46:46" level=info msg="國別碼2碼: FR"
time="2023-07-08 15:46:46" level=info msg="國別碼3碼: FRA"
time="2023-07-08 15:46:46" level=info msg="國家全名: France"
time="2023-07-08 15:46:48" level=info msg="國別碼2碼: FR"
time="2023-07-08 15:46:48" level=info msg="國別碼3碼: FRA"
time="2023-07-08 15:46:48" level=info msg="國家全名: France"
time="2023-07-08 15:48:01" level=info msg="國別碼2碼: CH"
time="2023-07-08 15:48:01" level=info msg="國別碼3碼: CHE"
time="2023-07-08 15:48:01" level=info msg="國家全名: Switzerland"
time="2023-07-08 16:12:06" level=info msg="國別碼2碼: PT"
time="2023-07-08 16:12:06" level=info msg="國別碼3碼: PRT"
time="2023-07-08 16:12:06" level=info msg="國家全名: Portugal"
time="2023-07-08 16:18:41" level=info msg="國別碼2碼: FR"
time="2023-07-08 16:18:41" level=info msg="國別碼3碼: FRA"
time="2023-07-08 16:18:41" level=info msg="國家全名: France"
time="2023-07-08 16:18:42" level=info msg="國別碼2碼: FR"
time="2023-07-08 16:18:42" level=info msg="國別碼3碼: FRA"
time="2023-07-08 16:18:42" level=info msg="國家全名: France"
time="2023-07-08 16:34:07" level=info msg="國別碼2碼: US"
time="2023-07-08 16:34:07" level=info msg="國別碼3碼: USA"
time="2023-07-08 16:34:07" level=info msg="國家全名: United States of America (the)"
time="2023-07-08 16:54:33" level=info msg="國別碼2碼: FR"
time="2023-07-08 16:54:33" level=info msg="國別碼3碼: FRA"
time="2023-07-08 16:54:33" level=info msg="國家全名: France"
time="2023-07-08 16:54:34" level=info msg="國別碼2碼: FR"
time="2023-07-08 16:54:34" level=info msg="國別碼3碼: FRA"
time="2023-07-08 16:54:34" level=info msg="國家全名: France"
time="2023-07-08 16:55:01" level=info msg="國別碼2碼: US"
time="2023-07-08 16:55:01" level=info msg="國別碼3碼: USA"
time="2023-07-08 16:55:01" level=info msg="國家全名: United States of America (the)"
time="2023-07-08 17:46:16" level=info msg="國別碼2碼: FR"
time="2023-07-08 17:46:16" level=info msg="國別碼3碼: FRA"
time="2023-07-08 17:46:16" level=info msg="國家全名: France"
time="2023-07-08 17:46:17" level=info msg="國別碼2碼: FR"
time="2023-07-08 17:46:17" level=info msg="國別碼3碼: FRA"
time="2023-07-08 17:46:17" level=info msg="國家全名: France"
time="2023-07-08 17:49:03" level=info msg="國別碼2碼: RU"
time="2023-07-08 17:49:03" level=info msg="國別碼3碼: RUS"
time="2023-07-08 17:49:03" level=info msg="國家全名: Russian Federation (the)"
time="2023-07-08 17:52:05" level=info msg="國別碼2碼: LT"
time="2023-07-08 17:52:05" level=info msg="國別碼3碼: LTU"
time="2023-07-08 17:52:05" level=info msg="國家全名: Lithuania"
time="2023-07-08 18:11:39" level=info msg="國別碼2碼: FR"
time="2023-07-08 18:11:39" level=info msg="國別碼3碼: FRA"
time="2023-07-08 18:11:39" level=info msg="國家全名: France"
time="2023-07-08 18:25:25" level=info msg="國別碼2碼: FR"
time="2023-07-08 18:25:25" level=info msg="國別碼3碼: FRA"
time="2023-07-08 18:25:25" level=info msg="國家全名: France"
time="2023-07-08 18:25:26" level=info msg="國別碼2碼: FR"
time="2023-07-08 18:25:26" level=info msg="國別碼3碼: FRA"
time="2023-07-08 18:25:26" level=info msg="國家全名: France"
time="2023-07-08 18:25:42" level=info msg="國別碼2碼: FR"
time="2023-07-08 18:25:42" level=info msg="國別碼3碼: FRA"
time="2023-07-08 18:25:42" level=info msg="國家全名: France"
time="2023-07-08 18:43:15" level=info msg="國別碼2碼: US"
time="2023-07-08 18:43:15" level=info msg="國別碼3碼: USA"
time="2023-07-08 18:43:15" level=info msg="國家全名: United States of America (the)"
time="2023-07-08 18:50:22" level=info msg="國別碼2碼: FR"
time="2023-07-08 18:50:22" level=info msg="國別碼3碼: FRA"
time="2023-07-08 18:50:22" level=info msg="國家全名: France"
time="2023-07-08 18:50:23" level=info msg="國別碼2碼: FR"
time="2023-07-08 18:50:23" level=info msg="國別碼3碼: FRA"
time="2023-07-08 18:50:23" level=info msg="國家全名: France"
time="2023-07-08 19:06:25" level=info msg="國別碼2碼: FR"
time="2023-07-08 19:06:25" level=info msg="國別碼3碼: FRA"
time="2023-07-08 19:06:25" level=info msg="國家全名: France"
time="2023-07-08 20:00:44" level=info msg="國別碼2碼: FR"
time="2023-07-08 20:00:44" level=info msg="國別碼3碼: FRA"
time="2023-07-08 20:00:44" level=info msg="國家全名: France"
time="2023-07-08 20:02:59" level=info msg="國別碼2碼: FR"
time="2023-07-08 20:02:59" level=info msg="國別碼3碼: FRA"
time="2023-07-08 20:02:59" level=info msg="國家全名: France"
time="2023-07-08 20:04:44" level=info msg="國別碼2碼: US"
time="2023-07-08 20:04:44" level=info msg="國別碼3碼: USA"
time="2023-07-08 20:04:44" level=info msg="國家全名: United States of America (the)"
time="2023-07-08 20:10:43" level=info msg="國別碼2碼: FR"
time="2023-07-08 20:10:43" level=info msg="國別碼3碼: FRA"
time="2023-07-08 20:10:43" level=info msg="國家全名: France"
time="2023-07-08 20:10:44" level=info msg="國別碼2碼: FR"
time="2023-07-08 20:10:44" level=info msg="國別碼3碼: FRA"
time="2023-07-08 20:10:44" level=info msg="國家全名: France"
time="2023-07-08 20:25:18" level=info msg="國別碼2碼: FR"
time="2023-07-08 20:25:18" level=info msg="國別碼3碼: FRA"
time="2023-07-08 20:25:18" level=info msg="國家全名: France"
time="2023-07-08 20:25:19" level=info msg="國別碼2碼: FR"
time="2023-07-08 20:25:19" level=info msg="國別碼3碼: FRA"
time="2023-07-08 20:25:19" level=info msg="國家全名: France"
time="2023-07-08 20:35:31" level=info msg="國別碼2碼: FR"
time="2023-07-08 20:35:31" level=info msg="國別碼3碼: FRA"
time="2023-07-08 20:35:31" level=info msg="國家全名: France"
time="2023-07-08 21:02:05" level=info msg="國別碼2碼: FR"
time="2023-07-08 21:02:05" level=info msg="國別碼3碼: FRA"
time="2023-07-08 21:02:05" level=info msg="國家全名: France"
time="2023-07-08 21:10:36" level=info msg="國別碼2碼: FR"
time="2023-07-08 21:10:36" level=info msg="國別碼3碼: FRA"
time="2023-07-08 21:10:36" level=info msg="國家全名: France"
time="2023-07-08 21:10:37" level=info msg="國別碼2碼: FR"
time="2023-07-08 21:10:37" level=info msg="國別碼3碼: FRA"
time="2023-07-08 21:10:37" level=info msg="國家全名: France"
time="2023-07-08 21:21:14" level=info msg="國別碼2碼: US"
time="2023-07-08 21:21:14" level=info msg="國別碼3碼: USA"
time="2023-07-08 21:21:14" level=info msg="國家全名: United States of America (the)"
time="2023-07-08 21:21:15" level=info msg="國別碼2碼: US"
time="2023-07-08 21:21:15" level=info msg="國別碼3碼: USA"
time="2023-07-08 21:21:15" level=info msg="國家全名: United States of America (the)"
time="2023-07-08 21:26:49" level=info msg="國別碼2碼: US"
time="2023-07-08 21:26:49" level=info msg="國別碼3碼: USA"
time="2023-07-08 21:26:49" level=info msg="國家全名: United States of America (the)"
time="2023-07-08 21:38:50" level=info msg="國別碼2碼: FR"
time="2023-07-08 21:38:50" level=info msg="國別碼3碼: FRA"
time="2023-07-08 21:38:50" level=info msg="國家全名: France"
time="2023-07-08 22:00:35" level=info msg="國別碼2碼: FR"
time="2023-07-08 22:00:35" level=info msg="國別碼3碼: FRA"
time="2023-07-08 22:00:35" level=info msg="國家全名: France"
time="2023-07-08 22:00:36" level=info msg="國別碼2碼: FR"
time="2023-07-08 22:00:36" level=info msg="國別碼3碼: FRA"
time="2023-07-08 22:00:36" level=info msg="國家全名: France"
time="2023-07-08 22:17:24" level=info msg="國別碼2碼: CN"
time="2023-07-08 22:17:24" level=info msg="國別碼3碼: CHN"
time="2023-07-08 22:17:24" level=info msg="國家全名: China"
time="2023-07-08 22:17:30" level=info msg="國別碼2碼: CN"
time="2023-07-08 22:17:30" level=info msg="國別碼3碼: CHN"
time="2023-07-08 22:17:30" level=info msg="國家全名: China"
time="2023-07-08 22:17:37" level=info msg="國別碼2碼: CN"
time="2023-07-08 22:17:37" level=info msg="國別碼3碼: CHN"
time="2023-07-08 22:17:37" level=info msg="國家全名: China"
time="2023-07-08 22:31:14" level=info msg="國別碼2碼: FR"
time="2023-07-08 22:31:14" level=info msg="國別碼3碼: FRA"
time="2023-07-08 22:31:14" level=info msg="國家全名: France"
time="2023-07-08 22:31:28" level=info msg="國別碼2碼: NL"
time="2023-07-08 22:31:28" level=info msg="國別碼3碼: NLD"
time="2023-07-08 22:31:28" level=info msg="國家全名: Netherlands (the)"
time="2023-07-08 22:57:16" level=info msg="國別碼2碼: FR"
time="2023-07-08 22:57:16" level=info msg="國別碼3碼: FRA"
time="2023-07-08 22:57:16" level=info msg="國家全名: France"
time="2023-07-08 23:13:23" level=info msg="國別碼2碼: FR"
time="2023-07-08 23:13:23" level=info msg="國別碼3碼: FRA"
time="2023-07-08 23:13:23" level=info msg="國家全名: France"
time="2023-07-08 23:13:25" level=info msg="國別碼2碼: FR"
time="2023-07-08 23:13:25" level=info msg="國別碼3碼: FRA"
time="2023-07-08 23:13:25" level=info msg="國家全名: France"
time="2023-07-08 23:18:50" level=info msg="國別碼2碼: US"
time="2023-07-08 23:18:50" level=info msg="國別碼3碼: USA"
time="2023-07-08 23:18:50" level=info msg="國家全名: United States of America (the)"
time="2023-07-08 23:18:51" level=info msg="國別碼2碼: US"
time="2023-07-08 23:18:51" level=info msg="國別碼3碼: USA"
time="2023-07-08 23:18:51" level=info msg="國家全名: United States of America (the)"
time="2023-07-08 23:18:52" level=info msg="國別碼2碼: US"
time="2023-07-08 23:18:52" level=info msg="國別碼3碼: USA"
time="2023-07-08 23:18:52" level=info msg="國家全名: United States of America (the)"
time="2023-07-08 23:18:53" level=info msg="國別碼2碼: US"
time="2023-07-08 23:18:53" level=info msg="國別碼3碼: USA"
time="2023-07-08 23:18:53" level=info msg="國家全名: United States of America (the)"
time="2023-07-08 23:18:54" level=info msg="國別碼2碼: US"
time="2023-07-08 23:18:54" level=info msg="國別碼3碼: USA"
time="2023-07-08 23:18:54" level=info msg="國家全名: United States of America (the)"
time="2023-07-08 23:58:04" level=info msg="國別碼2碼: FR"
time="2023-07-08 23:58:04" level=info msg="國別碼3碼: FRA"
time="2023-07-08 23:58:04" level=info msg="國家全名: France"
time="2023-07-08 23:58:41" level=info msg="國別碼2碼: US"
time="2023-07-08 23:58:41" level=info msg="國別碼3碼: USA"
time="2023-07-08 23:58:41" level=info msg="國家全名: United States of America (the)"
