time="2023-07-11 00:07:24" level=info msg="國別碼2碼: NL"
time="2023-07-11 00:07:24" level=info msg="國別碼3碼: NLD"
time="2023-07-11 00:07:24" level=info msg="國家全名: Netherlands (the)"
time="2023-07-11 00:22:59" level=info msg="國別碼2碼: NL"
time="2023-07-11 00:22:59" level=info msg="國別碼3碼: NLD"
time="2023-07-11 00:22:59" level=info msg="國家全名: Netherlands (the)"
time="2023-07-11 00:23:14" level=info msg="國別碼2碼: NL"
time="2023-07-11 00:23:14" level=info msg="國別碼3碼: NLD"
time="2023-07-11 00:23:14" level=info msg="國家全名: Netherlands (the)"
time="2023-07-11 00:23:28" level=info msg="國別碼2碼: NL"
time="2023-07-11 00:23:28" level=info msg="國別碼3碼: NLD"
time="2023-07-11 00:23:28" level=info msg="國家全名: Netherlands (the)"
time="2023-07-11 00:25:52" level=info msg="國別碼2碼: NL"
time="2023-07-11 00:25:52" level=info msg="國別碼3碼: NLD"
time="2023-07-11 00:25:52" level=info msg="國家全名: Netherlands (the)"
time="2023-07-11 00:25:54" level=info msg="國別碼2碼: NL"
time="2023-07-11 00:25:54" level=info msg="國別碼3碼: NLD"
time="2023-07-11 00:25:54" level=info msg="國家全名: Netherlands (the)"
time="2023-07-11 00:25:55" level=info msg="國別碼2碼: NL"
time="2023-07-11 00:25:55" level=info msg="國別碼3碼: NLD"
time="2023-07-11 00:25:55" level=info msg="國家全名: Netherlands (the)"
time="2023-07-11 00:25:56" level=info msg="國別碼2碼: NL"
time="2023-07-11 00:25:56" level=info msg="國別碼3碼: NLD"
time="2023-07-11 00:25:56" level=info msg="國家全名: Netherlands (the)"
time="2023-07-11 00:25:57" level=info msg="國別碼2碼: NL"
time="2023-07-11 00:25:57" level=info msg="國別碼3碼: NLD"
time="2023-07-11 00:25:57" level=info msg="國家全名: Netherlands (the)"
time="2023-07-11 01:04:42" level=info msg="國別碼2碼: RO"
time="2023-07-11 01:04:42" level=info msg="國別碼3碼: ROU"
time="2023-07-11 01:04:42" level=info msg="國家全名: Romania"
time="2023-07-11 01:11:48" level=info msg="國別碼2碼: GB"
time="2023-07-11 01:11:48" level=info msg="國別碼3碼: GBR"
time="2023-07-11 01:11:48" level=info msg="國家全名: United Kingdom of Great Britain and Northern Ireland (the)"
time="2023-07-11 01:15:34" level=info msg="國別碼2碼: AU"
time="2023-07-11 01:15:34" level=info msg="國別碼3碼: AUS"
time="2023-07-11 01:15:34" level=info msg="國家全名: Australia"
time="2023-07-11 01:15:45" level=info msg="國別碼2碼: AU"
time="2023-07-11 01:15:45" level=info msg="國別碼3碼: AUS"
time="2023-07-11 01:15:45" level=info msg="國家全名: Australia"
time="2023-07-11 01:15:57" level=info msg="國別碼2碼: AU"
time="2023-07-11 01:15:57" level=info msg="國別碼3碼: AUS"
time="2023-07-11 01:15:57" level=info msg="國家全名: Australia"
time="2023-07-11 01:31:16" level=info msg="國別碼2碼: IL"
time="2023-07-11 01:31:16" level=info msg="國別碼3碼: ISR"
time="2023-07-11 01:31:16" level=info msg="國家全名: Israel"
time="2023-07-11 01:34:24" level=info msg="國別碼2碼: LT"
time="2023-07-11 01:34:24" level=info msg="國別碼3碼: LTU"
time="2023-07-11 01:34:24" level=info msg="國家全名: Lithuania"
time="2023-07-11 01:47:03" level=info msg="國別碼2碼: CA"
time="2023-07-11 01:47:03" level=info msg="國別碼3碼: CAN"
time="2023-07-11 01:47:03" level=info msg="國家全名: Canada"
time="2023-07-11 01:47:04" level=info msg="國別碼2碼: CA"
time="2023-07-11 01:47:04" level=info msg="國別碼3碼: CAN"
time="2023-07-11 01:47:04" level=info msg="國家全名: Canada"
time="2023-07-11 02:15:54" level=info msg="國別碼2碼: US"
time="2023-07-11 02:15:54" level=info msg="國別碼3碼: USA"
time="2023-07-11 02:15:54" level=info msg="國家全名: United States of America (the)"
time="2023-07-11 02:16:21" level=info msg="國別碼2碼: US"
time="2023-07-11 02:16:21" level=info msg="國別碼3碼: USA"
time="2023-07-11 02:16:21" level=info msg="國家全名: United States of America (the)"
time="2023-07-11 02:22:09" level=info msg="國別碼2碼: RO"
time="2023-07-11 02:22:09" level=info msg="國別碼3碼: ROU"
time="2023-07-11 02:22:09" level=info msg="國家全名: Romania"
time="2023-07-11 02:34:35" level=info msg="國別碼2碼: US"
time="2023-07-11 02:34:35" level=info msg="國別碼3碼: USA"
time="2023-07-11 02:34:35" level=info msg="國家全名: United States of America (the)"
time="2023-07-11 02:45:41" level=info msg="國別碼2碼: CA"
time="2023-07-11 02:45:41" level=info msg="國別碼3碼: CAN"
time="2023-07-11 02:45:41" level=info msg="國家全名: Canada"
time="2023-07-11 02:45:42" level=info msg="國別碼2碼: CA"
time="2023-07-11 02:45:42" level=info msg="國別碼3碼: CAN"
time="2023-07-11 02:45:42" level=info msg="國家全名: Canada"
time="2023-07-11 03:13:24" level=info msg="國別碼2碼: US"
time="2023-07-11 03:13:24" level=info msg="國別碼3碼: USA"
time="2023-07-11 03:13:24" level=info msg="國家全名: United States of America (the)"
time="2023-07-11 03:23:16" level=info msg="國別碼2碼: US"
time="2023-07-11 03:23:16" level=info msg="國別碼3碼: USA"
time="2023-07-11 03:23:16" level=info msg="國家全名: United States of America (the)"
time="2023-07-11 03:45:00" level=info msg="國別碼2碼: CA"
time="2023-07-11 03:45:00" level=info msg="國別碼3碼: CAN"
time="2023-07-11 03:45:00" level=info msg="國家全名: Canada"
time="2023-07-11 03:45:01" level=info msg="國別碼2碼: CA"
time="2023-07-11 03:45:01" level=info msg="國別碼3碼: CAN"
time="2023-07-11 03:45:01" level=info msg="國家全名: Canada"
time="2023-07-11 03:56:52" level=info msg="國別碼2碼: HK"
time="2023-07-11 03:56:52" level=info msg="國別碼3碼: HKG"
time="2023-07-11 03:56:52" level=info msg="國家全名: Hong Kong"
time="2023-07-11 04:27:20" level=info msg="國別碼2碼: CA"
time="2023-07-11 04:27:20" level=info msg="國別碼3碼: CAN"
time="2023-07-11 04:27:20" level=info msg="國家全名: Canada"
time="2023-07-11 04:27:21" level=info msg="國別碼2碼: CA"
time="2023-07-11 04:27:21" level=info msg="國別碼3碼: CAN"
time="2023-07-11 04:27:21" level=info msg="國家全名: Canada"
time="2023-07-11 04:43:17" level=info msg="國別碼2碼: RU"
time="2023-07-11 04:43:17" level=info msg="國別碼3碼: RUS"
time="2023-07-11 04:43:17" level=info msg="國家全名: Russian Federation (the)"
time="2023-07-11 04:48:34" level=info msg="國別碼2碼: LT"
time="2023-07-11 04:48:34" level=info msg="國別碼3碼: LTU"
time="2023-07-11 04:48:34" level=info msg="國家全名: Lithuania"
time="2023-07-11 05:09:34" level=info msg="國別碼2碼: SE"
time="2023-07-11 05:09:34" level=info msg="國別碼3碼: SWE"
time="2023-07-11 05:09:34" level=info msg="國家全名: Sweden"
time="2023-07-11 05:14:24" level=info msg="國別碼2碼: CA"
time="2023-07-11 05:14:24" level=info msg="國別碼3碼: CAN"
time="2023-07-11 05:14:24" level=info msg="國家全名: Canada"
time="2023-07-11 05:14:25" level=info msg="國別碼2碼: CA"
time="2023-07-11 05:14:25" level=info msg="國別碼3碼: CAN"
time="2023-07-11 05:14:25" level=info msg="國家全名: Canada"
time="2023-07-11 05:28:53" level=info msg="國別碼2碼: LT"
time="2023-07-11 05:28:53" level=info msg="國別碼3碼: LTU"
time="2023-07-11 05:28:53" level=info msg="國家全名: Lithuania"
time="2023-07-11 05:55:39" level=info msg="國別碼2碼: RU"
time="2023-07-11 05:55:39" level=info msg="國別碼3碼: RUS"
time="2023-07-11 05:55:39" level=info msg="國家全名: Russian Federation (the)"
time="2023-07-11 06:00:02" level=info msg="國別碼2碼: HK"
time="2023-07-11 06:00:02" level=info msg="國別碼3碼: HKG"
time="2023-07-11 06:00:02" level=info msg="國家全名: Hong Kong"
time="2023-07-11 06:19:07" level=info msg="國別碼2碼: US"
time="2023-07-11 06:19:07" level=info msg="國別碼3碼: USA"
time="2023-07-11 06:19:07" level=info msg="國家全名: United States of America (the)"
time="2023-07-11 06:19:15" level=info msg="國別碼2碼: US"
time="2023-07-11 06:19:15" level=info msg="國別碼3碼: USA"
time="2023-07-11 06:19:15" level=info msg="國家全名: United States of America (the)"
time="2023-07-11 06:21:51" level=info msg="國別碼2碼: CA"
time="2023-07-11 06:21:51" level=info msg="國別碼3碼: CAN"
time="2023-07-11 06:21:51" level=info msg="國家全名: Canada"
time="2023-07-11 06:21:52" level=info msg="國別碼2碼: CA"
time="2023-07-11 06:21:52" level=info msg="國別碼3碼: CAN"
time="2023-07-11 06:21:52" level=info msg="國家全名: Canada"
time="2023-07-11 06:32:06" level=info msg="國別碼2碼: CA"
time="2023-07-11 06:32:06" level=info msg="國別碼3碼: CAN"
time="2023-07-11 06:32:06" level=info msg="國家全名: Canada"
time="2023-07-11 06:40:25" level=info msg="國別碼2碼: US"
time="2023-07-11 06:40:25" level=info msg="國別碼3碼: USA"
time="2023-07-11 06:40:25" level=info msg="國家全名: United States of America (the)"
time="2023-07-11 06:42:28" level=info msg="國別碼2碼: US"
time="2023-07-11 06:42:28" level=info msg="國別碼3碼: USA"
time="2023-07-11 06:42:28" level=info msg="國家全名: United States of America (the)"
time="2023-07-11 06:43:02" level=info msg="國別碼2碼: GB"
time="2023-07-11 06:43:02" level=info msg="國別碼3碼: GBR"
time="2023-07-11 06:43:02" level=info msg="國家全名: United Kingdom of Great Britain and Northern Ireland (the)"
time="2023-07-11 06:43:21" level=info msg="國別碼2碼: US"
time="2023-07-11 06:43:21" level=info msg="國別碼3碼: USA"
time="2023-07-11 06:43:21" level=info msg="國家全名: United States of America (the)"
time="2023-07-11 06:51:59" level=info msg="國別碼2碼: LT"
time="2023-07-11 06:51:59" level=info msg="國別碼3碼: LTU"
time="2023-07-11 06:51:59" level=info msg="國家全名: Lithuania"
time="2023-07-11 07:21:36" level=info msg="國別碼2碼: CA"
time="2023-07-11 07:21:36" level=info msg="國別碼3碼: CAN"
time="2023-07-11 07:21:36" level=info msg="國家全名: Canada"
time="2023-07-11 07:21:37" level=info msg="國別碼2碼: CA"
time="2023-07-11 07:21:37" level=info msg="國別碼3碼: CAN"
time="2023-07-11 07:21:37" level=info msg="國家全名: Canada"
time="2023-07-11 07:23:21" level=info msg="國別碼2碼: MT"
time="2023-07-11 07:23:21" level=info msg="國別碼3碼: MLT"
time="2023-07-11 07:23:21" level=info msg="國家全名: Malta"
time="2023-07-11 07:50:10" level=info msg="國別碼2碼: CA"
time="2023-07-11 07:50:10" level=info msg="國別碼3碼: CAN"
time="2023-07-11 07:50:10" level=info msg="國家全名: Canada"
time="2023-07-11 07:50:10" level=info msg="國別碼2碼: CA"
time="2023-07-11 07:50:10" level=info msg="國別碼3碼: CAN"
time="2023-07-11 07:50:10" level=info msg="國家全名: Canada"
time="2023-07-11 08:06:20" level=info msg="國別碼2碼: NL"
time="2023-07-11 08:06:20" level=info msg="國別碼3碼: NLD"
time="2023-07-11 08:06:20" level=info msg="國家全名: Netherlands (the)"
time="2023-07-11 08:28:44" level=info msg="國別碼2碼: US"
time="2023-07-11 08:28:44" level=info msg="國別碼3碼: USA"
time="2023-07-11 08:28:44" level=info msg="國家全名: United States of America (the)"
time="2023-07-11 08:30:23" level=info msg="國別碼2碼: NL"
time="2023-07-11 08:30:23" level=info msg="國別碼3碼: NLD"
time="2023-07-11 08:30:23" level=info msg="國家全名: Netherlands (the)"
time="2023-07-11 09:12:38" level=info msg="國別碼2碼: CA"
time="2023-07-11 09:12:38" level=info msg="國別碼3碼: CAN"
time="2023-07-11 09:12:38" level=info msg="國家全名: Canada"
time="2023-07-11 09:12:39" level=info msg="國別碼2碼: CA"
time="2023-07-11 09:12:39" level=info msg="國別碼3碼: CAN"
time="2023-07-11 09:12:39" level=info msg="國家全名: Canada"
time="2023-07-11 09:19:42" level=info msg="國別碼2碼: FR"
time="2023-07-11 09:19:42" level=info msg="國別碼3碼: FRA"
time="2023-07-11 09:19:42" level=info msg="國家全名: France"
time="2023-07-11 09:29:39" level=info msg="國別碼2碼: RU"
time="2023-07-11 09:29:39" level=info msg="國別碼3碼: RUS"
time="2023-07-11 09:29:39" level=info msg="國家全名: Russian Federation (the)"
time="2023-07-11 09:32:49" level=info msg="國別碼2碼: SE"
time="2023-07-11 09:32:49" level=info msg="國別碼3碼: SWE"
time="2023-07-11 09:32:49" level=info msg="國家全名: Sweden"
time="2023-07-11 09:42:39" level=info msg="國別碼2碼: CH"
time="2023-07-11 09:42:39" level=info msg="國別碼3碼: CHE"
time="2023-07-11 09:42:39" level=info msg="國家全名: Switzerland"
time="2023-07-11 09:45:07" level=info msg="國別碼2碼: AU"
time="2023-07-11 09:45:07" level=info msg="國別碼3碼: AUS"
time="2023-07-11 09:45:07" level=info msg="國家全名: Australia"
time="2023-07-11 10:06:17" level=info msg="國別碼2碼: US"
time="2023-07-11 10:06:17" level=info msg="國別碼3碼: USA"
time="2023-07-11 10:06:17" level=info msg="國家全名: United States of America (the)"
time="2023-07-11 10:06:49" level=info msg="國別碼2碼: CA"
time="2023-07-11 10:06:49" level=info msg="國別碼3碼: CAN"
time="2023-07-11 10:06:49" level=info msg="國家全名: Canada"
time="2023-07-11 10:06:50" level=info msg="國別碼2碼: CA"
time="2023-07-11 10:06:50" level=info msg="國別碼3碼: CAN"
time="2023-07-11 10:06:50" level=info msg="國家全名: Canada"
time="2023-07-11 10:10:49" level=info msg="國別碼2碼: US"
time="2023-07-11 10:10:49" level=info msg="國別碼3碼: USA"
time="2023-07-11 10:10:49" level=info msg="國家全名: United States of America (the)"
time="2023-07-11 10:16:27" level=info msg="國別碼2碼: RU"
time="2023-07-11 10:16:27" level=info msg="國別碼3碼: RUS"
time="2023-07-11 10:16:27" level=info msg="國家全名: Russian Federation (the)"
time="2023-07-11 11:27:25" level=info msg="國別碼2碼: TW"
time="2023-07-11 11:27:25" level=info msg="國別碼3碼: TWN"
time="2023-07-11 11:27:25" level=info msg="國家全名: Taiwan (Province of China)"
time="2023-07-11 11:27:25" level=info msg="國別碼2碼: TW"
time="2023-07-11 11:27:25" level=info msg="國別碼3碼: TWN"
time="2023-07-11 11:27:25" level=info msg="國家全名: Taiwan (Province of China)"
time="2023-07-11 11:27:26" level=info msg="國別碼2碼: TW"
time="2023-07-11 11:27:26" level=info msg="國別碼3碼: TWN"
time="2023-07-11 11:27:26" level=info msg="國家全名: Taiwan (Province of China)"
time="2023-07-11 11:27:26" level=info msg="國別碼2碼: TW"
time="2023-07-11 11:27:26" level=info msg="國別碼3碼: TWN"
time="2023-07-11 11:27:26" level=info msg="國家全名: Taiwan (Province of China)"
time="2023-07-11 11:27:26" level=info msg="國別碼2碼: TW"
time="2023-07-11 11:27:26" level=info msg="國別碼3碼: TWN"
time="2023-07-11 11:27:26" level=info msg="國家全名: Taiwan (Province of China)"
time="2023-07-11 11:27:26" level=info msg="國別碼2碼: TW"
time="2023-07-11 11:27:26" level=info msg="國別碼3碼: TWN"
time="2023-07-11 11:27:26" level=info msg="國家全名: Taiwan (Province of China)"
time="2023-07-11 11:27:26" level=info msg="國別碼2碼: TW"
time="2023-07-11 11:27:26" level=info msg="國別碼3碼: TWN"
time="2023-07-11 11:27:26" level=info msg="國家全名: Taiwan (Province of China)"
time="2023-07-11 11:27:30" level=info msg="國別碼2碼: TW"
time="2023-07-11 11:27:30" level=info msg="國別碼3碼: TWN"
time="2023-07-11 11:27:30" level=info msg="國家全名: Taiwan (Province of China)"
time="2023-07-11 11:27:30" level=info msg="國別碼2碼: TW"
time="2023-07-11 11:27:30" level=info msg="國別碼3碼: TWN"
time="2023-07-11 11:27:30" level=info msg="國家全名: Taiwan (Province of China)"
time="2023-07-11 11:27:31" level=info msg="國別碼2碼: TW"
time="2023-07-11 11:27:31" level=info msg="國別碼3碼: TWN"
time="2023-07-11 11:27:31" level=info msg="國家全名: Taiwan (Province of China)"
time="2023-07-11 11:27:31" level=info msg="國別碼2碼: TW"
time="2023-07-11 11:27:31" level=info msg="國別碼3碼: TWN"
time="2023-07-11 11:27:31" level=info msg="國家全名: Taiwan (Province of China)"
time="2023-07-11 11:27:32" level=info msg="國別碼2碼: TW"
time="2023-07-11 11:27:32" level=info msg="國別碼3碼: TWN"
time="2023-07-11 11:27:32" level=info msg="國家全名: Taiwan (Province of China)"
time="2023-07-11 11:27:32" level=info msg="國別碼2碼: TW"
time="2023-07-11 11:27:32" level=info msg="國別碼3碼: TWN"
time="2023-07-11 11:27:32" level=info msg="國家全名: Taiwan (Province of China)"
time="2023-07-11 11:27:50" level=info msg="國別碼2碼: TW"
time="2023-07-11 11:27:50" level=info msg="國別碼3碼: TWN"
time="2023-07-11 11:27:50" level=info msg="國家全名: Taiwan (Province of China)"
time="2023-07-11 11:34:24" level=info msg="國別碼2碼: CA"
time="2023-07-11 11:34:24" level=info msg="國別碼3碼: CAN"
time="2023-07-11 11:34:24" level=info msg="國家全名: Canada"
time="2023-07-11 11:34:25" level=info msg="國別碼2碼: CA"
time="2023-07-11 11:34:25" level=info msg="國別碼3碼: CAN"
time="2023-07-11 11:34:25" level=info msg="國家全名: Canada"
time="2023-07-11 12:25:33" level=info msg="國別碼2碼: CA"
time="2023-07-11 12:25:33" level=info msg="國別碼3碼: CAN"
time="2023-07-11 12:25:33" level=info msg="國家全名: Canada"
time="2023-07-11 12:25:34" level=info msg="國別碼2碼: CA"
time="2023-07-11 12:25:34" level=info msg="國別碼3碼: CAN"
time="2023-07-11 12:25:34" level=info msg="國家全名: Canada"
time="2023-07-11 12:47:29" level=info msg="國別碼2碼: US"
time="2023-07-11 12:47:29" level=info msg="國別碼3碼: USA"
time="2023-07-11 12:47:29" level=info msg="國家全名: United States of America (the)"
time="2023-07-11 12:47:30" level=info msg="國別碼2碼: US"
time="2023-07-11 12:47:30" level=info msg="國別碼3碼: USA"
time="2023-07-11 12:47:30" level=info msg="國家全名: United States of America (the)"
time="2023-07-11 12:48:43" level=info msg="國別碼2碼: HK"
time="2023-07-11 12:48:43" level=info msg="國別碼3碼: HKG"
time="2023-07-11 12:48:43" level=info msg="國家全名: Hong Kong"
time="2023-07-11 13:20:44" level=info msg="國別碼2碼: SG"
time="2023-07-11 13:20:44" level=info msg="國別碼3碼: SGP"
time="2023-07-11 13:20:44" level=info msg="國家全名: Singapore"
time="2023-07-11 13:20:45" level=info msg="國別碼2碼: SG"
time="2023-07-11 13:20:45" level=info msg="國別碼3碼: SGP"
time="2023-07-11 13:20:45" level=info msg="國家全名: Singapore"
time="2023-07-11 13:33:08" level=info msg="國別碼2碼: FR"
time="2023-07-11 13:33:08" level=info msg="國別碼3碼: FRA"
time="2023-07-11 13:33:08" level=info msg="國家全名: France"
time="2023-07-11 13:33:09" level=info msg="國別碼2碼: FR"
time="2023-07-11 13:33:09" level=info msg="國別碼3碼: FRA"
time="2023-07-11 13:33:09" level=info msg="國家全名: France"
time="2023-07-11 13:49:36" level=info msg="國別碼2碼: BE"
time="2023-07-11 13:49:36" level=info msg="國別碼3碼: BEL"
time="2023-07-11 13:49:36" level=info msg="國家全名: Belgium"
time="2023-07-11 14:21:14" level=info msg="國別碼2碼: FR"
time="2023-07-11 14:21:14" level=info msg="國別碼3碼: FRA"
time="2023-07-11 14:21:14" level=info msg="國家全名: France"
time="2023-07-11 14:21:15" level=info msg="國別碼2碼: FR"
time="2023-07-11 14:21:15" level=info msg="國別碼3碼: FRA"
time="2023-07-11 14:21:15" level=info msg="國家全名: France"
time="2023-07-11 14:21:19" level=info msg="國別碼2碼: US"
time="2023-07-11 14:21:19" level=info msg="國別碼3碼: USA"
time="2023-07-11 14:21:19" level=info msg="國家全名: United States of America (the)"
time="2023-07-11 14:21:20" level=info msg="國別碼2碼: US"
time="2023-07-11 14:21:20" level=info msg="國別碼3碼: USA"
time="2023-07-11 14:21:20" level=info msg="國家全名: United States of America (the)"
time="2023-07-11 14:21:21" level=info msg="國別碼2碼: US"
time="2023-07-11 14:21:21" level=info msg="國別碼3碼: USA"
time="2023-07-11 14:21:21" level=info msg="國家全名: United States of America (the)"
time="2023-07-11 14:21:22" level=info msg="國別碼2碼: US"
time="2023-07-11 14:21:22" level=info msg="國別碼3碼: USA"
time="2023-07-11 14:21:22" level=info msg="國家全名: United States of America (the)"
time="2023-07-11 14:21:23" level=info msg="國別碼2碼: US"
time="2023-07-11 14:21:23" level=info msg="國別碼3碼: USA"
time="2023-07-11 14:21:23" level=info msg="國家全名: United States of America (the)"
time="2023-07-11 14:45:26" level=info msg="國別碼2碼: FR"
time="2023-07-11 14:45:26" level=info msg="國別碼3碼: FRA"
time="2023-07-11 14:45:26" level=info msg="國家全名: France"
time="2023-07-11 14:55:53" level=info msg="國別碼2碼: HK"
time="2023-07-11 14:55:53" level=info msg="國別碼3碼: HKG"
time="2023-07-11 14:55:53" level=info msg="國家全名: Hong Kong"
time="2023-07-11 15:20:44" level=info msg="國別碼2碼: US"
time="2023-07-11 15:20:44" level=info msg="國別碼3碼: USA"
time="2023-07-11 15:20:44" level=info msg="國家全名: United States of America (the)"
time="2023-07-11 15:20:44" level=info msg="國別碼2碼: US"
time="2023-07-11 15:20:44" level=info msg="國別碼3碼: USA"
time="2023-07-11 15:20:44" level=info msg="國家全名: United States of America (the)"
time="2023-07-11 15:30:49" level=info msg="國別碼2碼: US"
time="2023-07-11 15:30:49" level=info msg="國別碼3碼: USA"
time="2023-07-11 15:30:49" level=info msg="國家全名: United States of America (the)"
time="2023-07-11 15:30:50" level=info msg="國別碼2碼: US"
time="2023-07-11 15:30:50" level=info msg="國別碼3碼: USA"
time="2023-07-11 15:30:50" level=info msg="國家全名: United States of America (the)"
time="2023-07-11 15:30:51" level=info msg="國別碼2碼: US"
time="2023-07-11 15:30:51" level=info msg="國別碼3碼: USA"
time="2023-07-11 15:30:51" level=info msg="國家全名: United States of America (the)"
time="2023-07-11 15:30:52" level=info msg="國別碼2碼: US"
time="2023-07-11 15:30:52" level=info msg="國別碼3碼: USA"
time="2023-07-11 15:30:52" level=info msg="國家全名: United States of America (the)"
time="2023-07-11 15:30:52" level=info msg="國別碼2碼: US"
time="2023-07-11 15:30:52" level=info msg="國別碼3碼: USA"
time="2023-07-11 15:30:52" level=info msg="國家全名: United States of America (the)"
time="2023-07-11 15:31:20" level=info msg="國別碼2碼: RU"
time="2023-07-11 15:31:20" level=info msg="國別碼3碼: RUS"
time="2023-07-11 15:31:20" level=info msg="國家全名: Russian Federation (the)"
time="2023-07-11 15:34:16" level=info msg="國別碼2碼: FR"
time="2023-07-11 15:34:16" level=info msg="國別碼3碼: FRA"
time="2023-07-11 15:34:16" level=info msg="國家全名: France"
time="2023-07-11 15:34:17" level=info msg="國別碼2碼: FR"
time="2023-07-11 15:34:17" level=info msg="國別碼3碼: FRA"
time="2023-07-11 15:34:17" level=info msg="國家全名: France"
time="2023-07-11 15:54:16" level=info msg="國別碼2碼: FR"
time="2023-07-11 15:54:16" level=info msg="國別碼3碼: FRA"
time="2023-07-11 15:54:16" level=info msg="國家全名: France"
time="2023-07-11 15:54:17" level=info msg="國別碼2碼: FR"
time="2023-07-11 15:54:17" level=info msg="國別碼3碼: FRA"
time="2023-07-11 15:54:17" level=info msg="國家全名: France"
time="2023-07-11 16:34:03" level=info msg="國別碼2碼: US"
time="2023-07-11 16:34:03" level=info msg="國別碼3碼: USA"
time="2023-07-11 16:34:03" level=info msg="國家全名: United States of America (the)"
time="2023-07-11 16:42:38" level=info msg="國別碼2碼: TH"
time="2023-07-11 16:42:38" level=info msg="國別碼3碼: THA"
time="2023-07-11 16:42:38" level=info msg="國家全名: Thailand"
time="2023-07-11 16:42:38" level=info msg="國別碼2碼: TH"
time="2023-07-11 16:42:38" level=info msg="國別碼3碼: THA"
time="2023-07-11 16:42:38" level=info msg="國家全名: Thailand"
time="2023-07-11 16:49:29" level=info msg="國別碼2碼: RU"
time="2023-07-11 16:49:29" level=info msg="國別碼3碼: RUS"
time="2023-07-11 16:49:29" level=info msg="國家全名: Russian Federation (the)"
time="2023-07-11 17:01:22" level=info msg="國別碼2碼: DE"
time="2023-07-11 17:01:22" level=info msg="國別碼3碼: DEU"
time="2023-07-11 17:01:22" level=info msg="國家全名: Germany"
time="2023-07-11 17:13:25" level=info msg="國別碼2碼: US"
time="2023-07-11 17:13:25" level=info msg="國別碼3碼: USA"
time="2023-07-11 17:13:25" level=info msg="國家全名: United States of America (the)"
time="2023-07-11 17:13:44" level=info msg="國別碼2碼: US"
time="2023-07-11 17:13:44" level=info msg="國別碼3碼: USA"
time="2023-07-11 17:13:44" level=info msg="國家全名: United States of America (the)"
time="2023-07-11 17:16:22" level=info msg="國別碼2碼: US"
time="2023-07-11 17:16:22" level=info msg="國別碼3碼: USA"
time="2023-07-11 17:16:22" level=info msg="國家全名: United States of America (the)"
time="2023-07-11 17:16:23" level=info msg="國別碼2碼: US"
time="2023-07-11 17:16:23" level=info msg="國別碼3碼: USA"
time="2023-07-11 17:16:23" level=info msg="國家全名: United States of America (the)"
time="2023-07-11 17:16:30" level=info msg="國別碼2碼: US"
time="2023-07-11 17:16:30" level=info msg="國別碼3碼: USA"
time="2023-07-11 17:16:30" level=info msg="國家全名: United States of America (the)"
time="2023-07-11 17:18:19" level=info msg="國別碼2碼: US"
time="2023-07-11 17:18:19" level=info msg="國別碼3碼: USA"
time="2023-07-11 17:18:19" level=info msg="國家全名: United States of America (the)"
time="2023-07-11 17:18:19" level=info msg="國別碼2碼: US"
time="2023-07-11 17:18:19" level=info msg="國別碼3碼: USA"
time="2023-07-11 17:18:19" level=info msg="國家全名: United States of America (the)"
time="2023-07-11 17:18:20" level=info msg="國別碼2碼: US"
time="2023-07-11 17:18:20" level=info msg="國別碼3碼: USA"
time="2023-07-11 17:18:20" level=info msg="國家全名: United States of America (the)"
time="2023-07-11 17:18:22" level=info msg="國別碼2碼: US"
time="2023-07-11 17:18:22" level=info msg="國別碼3碼: USA"
time="2023-07-11 17:18:22" level=info msg="國家全名: United States of America (the)"
time="2023-07-11 17:18:22" level=info msg="國別碼2碼: US"
time="2023-07-11 17:18:22" level=info msg="國別碼3碼: USA"
time="2023-07-11 17:18:22" level=info msg="國家全名: United States of America (the)"
time="2023-07-11 17:18:22" level=info msg="國別碼2碼: US"
time="2023-07-11 17:18:22" level=info msg="國別碼3碼: USA"
time="2023-07-11 17:18:22" level=info msg="國家全名: United States of America (the)"
time="2023-07-11 17:18:23" level=info msg="國別碼2碼: US"
time="2023-07-11 17:18:23" level=info msg="國別碼3碼: USA"
time="2023-07-11 17:18:23" level=info msg="國家全名: United States of America (the)"
time="2023-07-11 17:42:41" level=info msg="國別碼2碼: FR"
time="2023-07-11 17:42:41" level=info msg="國別碼3碼: FRA"
time="2023-07-11 17:42:41" level=info msg="國家全名: France"
time="2023-07-11 17:42:42" level=info msg="國別碼2碼: FR"
time="2023-07-11 17:42:42" level=info msg="國別碼3碼: FRA"
time="2023-07-11 17:42:42" level=info msg="國家全名: France"
time="2023-07-11 17:53:04" level=info msg="國別碼2碼: PT"
time="2023-07-11 17:53:04" level=info msg="國別碼3碼: PRT"
time="2023-07-11 17:53:04" level=info msg="國家全名: Portugal"
time="2023-07-11 17:53:10" level=info msg="國別碼2碼: GB"
time="2023-07-11 17:53:10" level=info msg="國別碼3碼: GBR"
time="2023-07-11 17:53:10" level=info msg="國家全名: United Kingdom of Great Britain and Northern Ireland (the)"
time="2023-07-11 17:55:07" level=info msg="國別碼2碼: FR"
time="2023-07-11 17:55:07" level=info msg="國別碼3碼: FRA"
time="2023-07-11 17:55:07" level=info msg="國家全名: France"
time="2023-07-11 17:55:09" level=info msg="國別碼2碼: FR"
time="2023-07-11 17:55:09" level=info msg="國別碼3碼: FRA"
time="2023-07-11 17:55:09" level=info msg="國家全名: France"
time="2023-07-11 18:33:54" level=info msg="國別碼2碼: FR"
time="2023-07-11 18:33:54" level=info msg="國別碼3碼: FRA"
time="2023-07-11 18:33:54" level=info msg="國家全名: France"
time="2023-07-11 18:36:15" level=info msg="國別碼2碼: RU"
time="2023-07-11 18:36:15" level=info msg="國別碼3碼: RUS"
time="2023-07-11 18:36:15" level=info msg="國家全名: Russian Federation (the)"
time="2023-07-11 18:44:08" level=info msg="國別碼2碼: FR"
time="2023-07-11 18:44:08" level=info msg="國別碼3碼: FRA"
time="2023-07-11 18:44:08" level=info msg="國家全名: France"
time="2023-07-11 18:51:07" level=info msg="國別碼2碼: FR"
time="2023-07-11 18:51:07" level=info msg="國別碼3碼: FRA"
time="2023-07-11 18:51:07" level=info msg="國家全名: France"
time="2023-07-11 18:51:08" level=info msg="國別碼2碼: FR"
time="2023-07-11 18:51:08" level=info msg="國別碼3碼: FRA"
time="2023-07-11 18:51:08" level=info msg="國家全名: France"
time="2023-07-11 18:58:23" level=info msg="國別碼2碼: FR"
time="2023-07-11 18:58:23" level=info msg="國別碼3碼: FRA"
time="2023-07-11 18:58:23" level=info msg="國家全名: France"
time="2023-07-11 19:11:00" level=info msg="國別碼2碼: AU"
time="2023-07-11 19:11:00" level=info msg="國別碼3碼: AUS"
time="2023-07-11 19:11:00" level=info msg="國家全名: Australia"
time="2023-07-11 19:11:01" level=info msg="國別碼2碼: AU"
time="2023-07-11 19:11:01" level=info msg="國別碼3碼: AUS"
time="2023-07-11 19:11:01" level=info msg="國家全名: Australia"
time="2023-07-11 19:11:02" level=info msg="國別碼2碼: AU"
time="2023-07-11 19:11:02" level=info msg="國別碼3碼: AUS"
time="2023-07-11 19:11:02" level=info msg="國家全名: Australia"
time="2023-07-11 19:11:03" level=info msg="國別碼2碼: AU"
time="2023-07-11 19:11:03" level=info msg="國別碼3碼: AUS"
time="2023-07-11 19:11:03" level=info msg="國家全名: Australia"
time="2023-07-11 19:11:03" level=info msg="國別碼2碼: AU"
time="2023-07-11 19:11:03" level=info msg="國別碼3碼: AUS"
time="2023-07-11 19:11:03" level=info msg="國家全名: Australia"
time="2023-07-11 19:11:04" level=info msg="國別碼2碼: AU"
time="2023-07-11 19:11:04" level=info msg="國別碼3碼: AUS"
time="2023-07-11 19:11:04" level=info msg="國家全名: Australia"
time="2023-07-11 19:16:02" level=info msg="國別碼2碼: FR"
time="2023-07-11 19:16:02" level=info msg="國別碼3碼: FRA"
time="2023-07-11 19:16:02" level=info msg="國家全名: France"
time="2023-07-11 19:17:11" level=info msg="國別碼2碼: US"
time="2023-07-11 19:17:11" level=info msg="國別碼3碼: USA"
time="2023-07-11 19:17:11" level=info msg="國家全名: United States of America (the)"
time="2023-07-11 19:17:12" level=info msg="國別碼2碼: US"
time="2023-07-11 19:17:12" level=info msg="國別碼3碼: USA"
time="2023-07-11 19:17:12" level=info msg="國家全名: United States of America (the)"
time="2023-07-11 19:28:10" level=info msg="國別碼2碼: US"
time="2023-07-11 19:28:10" level=info msg="國別碼3碼: USA"
time="2023-07-11 19:28:10" level=info msg="國家全名: United States of America (the)"
time="2023-07-11 19:29:12" level=info msg="國別碼2碼: LT"
time="2023-07-11 19:29:12" level=info msg="國別碼3碼: LTU"
time="2023-07-11 19:29:12" level=info msg="國家全名: Lithuania"
time="2023-07-11 19:35:19" level=info msg="國別碼2碼: PE"
time="2023-07-11 19:35:19" level=info msg="國別碼3碼: PER"
time="2023-07-11 19:35:19" level=info msg="國家全名: Peru"
time="2023-07-11 19:51:35" level=info msg="國別碼2碼: FR"
time="2023-07-11 19:51:35" level=info msg="國別碼3碼: FRA"
time="2023-07-11 19:51:35" level=info msg="國家全名: France"
time="2023-07-11 20:14:20" level=info msg="國別碼2碼: CH"
time="2023-07-11 20:14:20" level=info msg="國別碼3碼: CHE"
time="2023-07-11 20:14:20" level=info msg="國家全名: Switzerland"
time="2023-07-11 20:27:07" level=info msg="國別碼2碼: FR"
time="2023-07-11 20:27:07" level=info msg="國別碼3碼: FRA"
time="2023-07-11 20:27:07" level=info msg="國家全名: France"
time="2023-07-11 20:27:08" level=info msg="國別碼2碼: FR"
time="2023-07-11 20:27:08" level=info msg="國別碼3碼: FRA"
time="2023-07-11 20:27:08" level=info msg="國家全名: France"
time="2023-07-11 20:30:12" level=info msg="國別碼2碼: FR"
time="2023-07-11 20:30:12" level=info msg="國別碼3碼: FRA"
time="2023-07-11 20:30:12" level=info msg="國家全名: France"
time="2023-07-11 20:47:53" level=info msg="國別碼2碼: LT"
time="2023-07-11 20:47:53" level=info msg="國別碼3碼: LTU"
time="2023-07-11 20:47:53" level=info msg="國家全名: Lithuania"
time="2023-07-11 21:05:20" level=info msg="國別碼2碼: FR"
time="2023-07-11 21:05:20" level=info msg="國別碼3碼: FRA"
time="2023-07-11 21:05:20" level=info msg="國家全名: France"
time="2023-07-11 21:05:21" level=info msg="國別碼2碼: FR"
time="2023-07-11 21:05:21" level=info msg="國別碼3碼: FRA"
time="2023-07-11 21:05:21" level=info msg="國家全名: France"
time="2023-07-11 21:18:28" level=info msg="國別碼2碼: FR"
time="2023-07-11 21:18:28" level=info msg="國別碼3碼: FRA"
time="2023-07-11 21:18:28" level=info msg="國家全名: France"
time="2023-07-11 22:01:41" level=info msg="國別碼2碼: FR"
time="2023-07-11 22:01:41" level=info msg="國別碼3碼: FRA"
time="2023-07-11 22:01:41" level=info msg="國家全名: France"
time="2023-07-11 22:01:42" level=info msg="國別碼2碼: FR"
time="2023-07-11 22:01:42" level=info msg="國別碼3碼: FRA"
time="2023-07-11 22:01:42" level=info msg="國家全名: France"
time="2023-07-11 22:02:25" level=info msg="國別碼2碼: FR"
time="2023-07-11 22:02:25" level=info msg="國別碼3碼: FRA"
time="2023-07-11 22:02:25" level=info msg="國家全名: France"
time="2023-07-11 22:19:31" level=info msg="國別碼2碼: FR"
time="2023-07-11 22:19:31" level=info msg="國別碼3碼: FRA"
time="2023-07-11 22:19:31" level=info msg="國家全名: France"
time="2023-07-11 22:19:32" level=info msg="國別碼2碼: FR"
time="2023-07-11 22:19:32" level=info msg="國別碼3碼: FRA"
time="2023-07-11 22:19:32" level=info msg="國家全名: France"
time="2023-07-11 22:25:46" level=info msg="國別碼2碼: FR"
time="2023-07-11 22:25:46" level=info msg="國別碼3碼: FRA"
time="2023-07-11 22:25:46" level=info msg="國家全名: France"
time="2023-07-11 22:25:47" level=info msg="國別碼2碼: FR"
time="2023-07-11 22:25:47" level=info msg="國別碼3碼: FRA"
time="2023-07-11 22:25:47" level=info msg="國家全名: France"
time="2023-07-11 22:39:35" level=info msg="國別碼2碼: US"
time="2023-07-11 22:39:35" level=info msg="國別碼3碼: USA"
time="2023-07-11 22:39:35" level=info msg="國家全名: United States of America (the)"
time="2023-07-11 22:40:41" level=info msg="國別碼2碼: US"
time="2023-07-11 22:40:41" level=info msg="國別碼3碼: USA"
time="2023-07-11 22:40:41" level=info msg="國家全名: United States of America (the)"
time="2023-07-11 22:51:16" level=info msg="國別碼2碼: FR"
time="2023-07-11 22:51:16" level=info msg="國別碼3碼: FRA"
time="2023-07-11 22:51:16" level=info msg="國家全名: France"
time="2023-07-11 22:51:50" level=info msg="國別碼2碼: US"
time="2023-07-11 22:51:50" level=info msg="國別碼3碼: USA"
time="2023-07-11 22:51:50" level=info msg="國家全名: United States of America (the)"
time="2023-07-11 22:51:51" level=info msg="國別碼2碼: US"
time="2023-07-11 22:51:51" level=info msg="國別碼3碼: USA"
time="2023-07-11 22:51:51" level=info msg="國家全名: United States of America (the)"
time="2023-07-11 22:51:52" level=info msg="國別碼2碼: US"
time="2023-07-11 22:51:52" level=info msg="國別碼3碼: USA"
time="2023-07-11 22:51:52" level=info msg="國家全名: United States of America (the)"
time="2023-07-11 22:51:53" level=info msg="國別碼2碼: US"
time="2023-07-11 22:51:53" level=info msg="國別碼3碼: USA"
time="2023-07-11 22:51:53" level=info msg="國家全名: United States of America (the)"
time="2023-07-11 22:59:25" level=info msg="國別碼2碼: US"
time="2023-07-11 22:59:25" level=info msg="國別碼3碼: USA"
time="2023-07-11 22:59:25" level=info msg="國家全名: United States of America (the)"
time="2023-07-11 23:26:53" level=info msg="國別碼2碼: FR"
time="2023-07-11 23:26:53" level=info msg="國別碼3碼: FRA"
time="2023-07-11 23:26:53" level=info msg="國家全名: France"
time="2023-07-11 23:33:59" level=info msg="國別碼2碼: FR"
time="2023-07-11 23:33:59" level=info msg="國別碼3碼: FRA"
time="2023-07-11 23:33:59" level=info msg="國家全名: France"
time="2023-07-11 23:34:00" level=info msg="國別碼2碼: FR"
time="2023-07-11 23:34:00" level=info msg="國別碼3碼: FRA"
time="2023-07-11 23:34:00" level=info msg="國家全名: France"
time="2023-07-11 23:36:07" level=info msg="國別碼2碼: US"
time="2023-07-11 23:36:07" level=info msg="國別碼3碼: USA"
time="2023-07-11 23:36:07" level=info msg="國家全名: United States of America (the)"
time="2023-07-11 23:40:06" level=info msg="國別碼2碼: DE"
time="2023-07-11 23:40:06" level=info msg="國別碼3碼: DEU"
time="2023-07-11 23:40:06" level=info msg="國家全名: Germany"
time="2023-07-11 23:54:17" level=info msg="國別碼2碼: FR"
time="2023-07-11 23:54:17" level=info msg="國別碼3碼: FRA"
time="2023-07-11 23:54:17" level=info msg="國家全名: France"
