
2023/06/28 09:12:47 /home/mikeqoo123/DumDum/main.go:462
[5.678ms] [rows:6] SELECT * FROM `products` ORDER BY id desc

2023/06/28 09:49:33 /home/mikeqoo123/DumDum/main.go:462
[7.522ms] [rows:6] SELECT * FROM `products` ORDER BY id desc

2023/06/28 09:49:38 /home/mikeqoo123/DumDum/main.go:462
[2.722ms] [rows:6] SELECT * FROM `products` ORDER BY id desc

2023/06/28 09:50:55 /home/mikeqoo123/DumDum/main.go:462
[4.263ms] [rows:6] SELECT * FROM `products` ORDER BY id desc

2023/06/28 09:52:52 /home/mikeqoo123/DumDum/main.go:462
[5.434ms] [rows:6] SELECT * FROM `products` ORDER BY id desc

2023/06/28 09:53:03 /home/mikeqoo123/DumDum/main.go:462
[4.825ms] [rows:6] SELECT * FROM `products` ORDER BY id desc

2023/06/28 09:53:10 /home/mikeqoo123/DumDum/main.go:462
[2.586ms] [rows:6] SELECT * FROM `products` ORDER BY id desc

2023/06/28 09:53:30 /home/mikeqoo123/DumDum/main.go:462
[5.493ms] [rows:6] SELECT * FROM `products` ORDER BY id desc

2023/06/28 09:53:56 /home/mikeqoo123/DumDum/main.go:462
[4.553ms] [rows:6] SELECT * FROM `products` ORDER BY id desc

2023/06/28 09:54:12 /home/mikeqoo123/DumDum/main.go:513
[12.342ms] [rows:1] SELECT * FROM `products` WHERE name = ? ORDER BY `products`.`id` LIMIT 1

2023/06/28 09:55:19 /home/mikeqoo123/DumDum/main.go:462
[5.471ms] [rows:6] SELECT * FROM `products` ORDER BY id desc

2023/06/28 09:55:57 /home/mikeqoo123/DumDum/main.go:462
[4.177ms] [rows:6] SELECT * FROM `products` ORDER BY id desc

2023/06/28 09:56:06 /home/mikeqoo123/DumDum/main.go:462
[2.470ms] [rows:6] SELECT * FROM `products` ORDER BY id desc

2023/06/28 09:56:19 /home/mikeqoo123/DumDum/main.go:462
[4.788ms] [rows:6] SELECT * FROM `products` ORDER BY id desc

2023/06/28 09:58:14 /home/mikeqoo123/DumDum/main.go:462
[4.674ms] [rows:6] SELECT * FROM `products` ORDER BY id desc

2023/06/28 10:00:41 /home/mikeqoo123/DumDum/main.go:462
[4.841ms] [rows:6] SELECT * FROM `products` ORDER BY id desc

2023/06/28 10:06:20 /home/mikeqoo123/DumDum/main.go:462
[4.644ms] [rows:6] SELECT * FROM `products` ORDER BY id desc

2023/06/28 10:08:22 /home/mikeqoo123/DumDum/main.go:462
[5.582ms] [rows:6] SELECT * FROM `products` ORDER BY id desc

2023/06/28 14:33:41 /home/mikeqoo123/DumDum/lib/nici/nici.go:103
[10.952ms] [rows:145] SELECT * FROM `nici` ORDER BY series desc

2023/06/29 01:15:17 /home/mikeqoo123/DumDum/main.go:462
[72.089ms] [rows:6] SELECT * FROM `products` ORDER BY id desc

2023/06/29 03:28:36 /home/mikeqoo123/DumDum/main.go:462
[7.103ms] [rows:6] SELECT * FROM `products` ORDER BY id desc

2023/06/29 05:25:11 /home/mikeqoo123/DumDum/main.go:462
[6.280ms] [rows:6] SELECT * FROM `products` ORDER BY id desc

2023/06/29 05:25:13 /home/mikeqoo123/DumDum/main.go:462
[2.856ms] [rows:6] SELECT * FROM `products` ORDER BY id desc
