time="2023-06-27 00:13:15" level=info msg="國別碼2碼: HK"
time="2023-06-27 00:13:15" level=info msg="國別碼3碼: HKG"
time="2023-06-27 00:13:15" level=info msg="國家全名: Hong Kong"
time="2023-06-27 00:13:35" level=info msg="國別碼2碼: HK"
time="2023-06-27 00:13:35" level=info msg="國別碼3碼: HKG"
time="2023-06-27 00:13:35" level=info msg="國家全名: Hong Kong"
time="2023-06-27 00:13:37" level=info msg="國別碼2碼: HK"
time="2023-06-27 00:13:37" level=info msg="國別碼3碼: HKG"
time="2023-06-27 00:13:37" level=info msg="國家全名: Hong Kong"
time="2023-06-27 00:13:39" level=info msg="國別碼2碼: HK"
time="2023-06-27 00:13:39" level=info msg="國別碼3碼: HKG"
time="2023-06-27 00:13:39" level=info msg="國家全名: Hong Kong"
time="2023-06-27 00:15:00" level=info msg="國別碼2碼: FR"
time="2023-06-27 00:15:00" level=info msg="國別碼3碼: FRA"
time="2023-06-27 00:15:00" level=info msg="國家全名: France"
time="2023-06-27 00:15:01" level=info msg="國別碼2碼: FR"
time="2023-06-27 00:15:01" level=info msg="國別碼3碼: FRA"
time="2023-06-27 00:15:01" level=info msg="國家全名: France"
time="2023-06-27 00:16:48" level=info msg="國別碼2碼: CN"
time="2023-06-27 00:16:48" level=info msg="國別碼3碼: CHN"
time="2023-06-27 00:16:48" level=info msg="國家全名: China"
time="2023-06-27 00:47:19" level=info msg="國別碼2碼: RU"
time="2023-06-27 00:47:19" level=info msg="國別碼3碼: RUS"
time="2023-06-27 00:47:19" level=info msg="國家全名: Russian Federation (the)"
time="2023-06-27 01:02:51" level=info msg="國別碼2碼: US"
time="2023-06-27 01:02:51" level=info msg="國別碼3碼: USA"
time="2023-06-27 01:02:51" level=info msg="國家全名: United States of America (the)"
time="2023-06-27 01:04:04" level=info msg="國別碼2碼: US"
time="2023-06-27 01:04:04" level=info msg="國別碼3碼: USA"
time="2023-06-27 01:04:04" level=info msg="國家全名: United States of America (the)"
time="2023-06-27 01:27:40" level=info msg="國別碼2碼: FR"
time="2023-06-27 01:27:40" level=info msg="國別碼3碼: FRA"
time="2023-06-27 01:27:40" level=info msg="國家全名: France"
time="2023-06-27 01:27:41" level=info msg="國別碼2碼: FR"
time="2023-06-27 01:27:41" level=info msg="國別碼3碼: FRA"
time="2023-06-27 01:27:41" level=info msg="國家全名: France"
time="2023-06-27 01:29:44" level=info msg="國別碼2碼: GB"
time="2023-06-27 01:29:44" level=info msg="國別碼3碼: GBR"
time="2023-06-27 01:29:44" level=info msg="國家全名: United Kingdom of Great Britain and Northern Ireland (the)"
time="2023-06-27 01:47:04" level=info msg="國別碼2碼: RU"
time="2023-06-27 01:47:04" level=info msg="國別碼3碼: RUS"
time="2023-06-27 01:47:04" level=info msg="國家全名: Russian Federation (the)"
time="2023-06-27 01:53:15" level=info msg="國別碼2碼: PT"
time="2023-06-27 01:53:15" level=info msg="國別碼3碼: PRT"
time="2023-06-27 01:53:15" level=info msg="國家全名: Portugal"
time="2023-06-27 01:56:50" level=info msg="國別碼2碼: US"
time="2023-06-27 01:56:50" level=info msg="國別碼3碼: USA"
time="2023-06-27 01:56:50" level=info msg="國家全名: United States of America (the)"
time="2023-06-27 02:12:30" level=info msg="國別碼2碼: CH"
time="2023-06-27 02:12:30" level=info msg="國別碼3碼: CHE"
time="2023-06-27 02:12:30" level=info msg="國家全名: Switzerland"
time="2023-06-27 02:17:59" level=info msg="國別碼2碼: RU"
time="2023-06-27 02:17:59" level=info msg="國別碼3碼: RUS"
time="2023-06-27 02:17:59" level=info msg="國家全名: Russian Federation (the)"
time="2023-06-27 02:36:22" level=info msg="國別碼2碼: US"
time="2023-06-27 02:36:22" level=info msg="國別碼3碼: USA"
time="2023-06-27 02:36:22" level=info msg="國家全名: United States of America (the)"
time="2023-06-27 02:52:35" level=info msg="國別碼2碼: US"
time="2023-06-27 02:52:35" level=info msg="國別碼3碼: USA"
time="2023-06-27 02:52:35" level=info msg="國家全名: United States of America (the)"
time="2023-06-27 02:54:54" level=info msg="國別碼2碼: US"
time="2023-06-27 02:54:54" level=info msg="國別碼3碼: USA"
time="2023-06-27 02:54:54" level=info msg="國家全名: United States of America (the)"
time="2023-06-27 02:55:07" level=info msg="國別碼2碼: US"
time="2023-06-27 02:55:07" level=info msg="國別碼3碼: USA"
time="2023-06-27 02:55:07" level=info msg="國家全名: United States of America (the)"
time="2023-06-27 02:55:29" level=info msg="國別碼2碼: US"
time="2023-06-27 02:55:29" level=info msg="國別碼3碼: USA"
time="2023-06-27 02:55:29" level=info msg="國家全名: United States of America (the)"
time="2023-06-27 03:13:59" level=info msg="國別碼2碼: US"
time="2023-06-27 03:13:59" level=info msg="國別碼3碼: USA"
time="2023-06-27 03:13:59" level=info msg="國家全名: United States of America (the)"
time="2023-06-27 03:18:45" level=info msg="國別碼2碼: US"
time="2023-06-27 03:18:45" level=info msg="國別碼3碼: USA"
time="2023-06-27 03:18:45" level=info msg="國家全名: United States of America (the)"
time="2023-06-27 03:23:17" level=info msg="國別碼2碼: RU"
time="2023-06-27 03:23:17" level=info msg="國別碼3碼: RUS"
time="2023-06-27 03:23:17" level=info msg="國家全名: Russian Federation (the)"
time="2023-06-27 03:32:19" level=info msg="國別碼2碼: RU"
time="2023-06-27 03:32:19" level=info msg="國別碼3碼: RUS"
time="2023-06-27 03:32:19" level=info msg="國家全名: Russian Federation (the)"
time="2023-06-27 03:33:09" level=info msg="國別碼2碼: FR"
time="2023-06-27 03:33:09" level=info msg="國別碼3碼: FRA"
time="2023-06-27 03:33:09" level=info msg="國家全名: France"
time="2023-06-27 03:33:10" level=info msg="國別碼2碼: FR"
time="2023-06-27 03:33:10" level=info msg="國別碼3碼: FRA"
time="2023-06-27 03:33:10" level=info msg="國家全名: France"
time="2023-06-27 04:12:42" level=info msg="國別碼2碼: RU"
time="2023-06-27 04:12:42" level=info msg="國別碼3碼: RUS"
time="2023-06-27 04:12:42" level=info msg="國家全名: Russian Federation (the)"
time="2023-06-27 04:20:41" level=info msg="國別碼2碼: RU"
time="2023-06-27 04:20:41" level=info msg="國別碼3碼: RUS"
time="2023-06-27 04:20:41" level=info msg="國家全名: Russian Federation (the)"
time="2023-06-27 04:36:08" level=info msg="國別碼2碼: US"
time="2023-06-27 04:36:08" level=info msg="國別碼3碼: USA"
time="2023-06-27 04:36:08" level=info msg="國家全名: United States of America (the)"
time="2023-06-27 04:39:09" level=info msg="國別碼2碼: FR"
time="2023-06-27 04:39:09" level=info msg="國別碼3碼: FRA"
time="2023-06-27 04:39:09" level=info msg="國家全名: France"
time="2023-06-27 04:39:10" level=info msg="國別碼2碼: FR"
time="2023-06-27 04:39:10" level=info msg="國別碼3碼: FRA"
time="2023-06-27 04:39:10" level=info msg="國家全名: France"
time="2023-06-27 04:45:47" level=info msg="國別碼2碼: RO"
time="2023-06-27 04:45:47" level=info msg="國別碼3碼: ROU"
time="2023-06-27 04:45:47" level=info msg="國家全名: Romania"
time="2023-06-27 05:00:31" level=info msg="國別碼2碼: CA"
time="2023-06-27 05:00:31" level=info msg="國別碼3碼: CAN"
time="2023-06-27 05:00:31" level=info msg="國家全名: Canada"
time="2023-06-27 05:00:49" level=info msg="國別碼2碼: CA"
time="2023-06-27 05:00:49" level=info msg="國別碼3碼: CAN"
time="2023-06-27 05:00:49" level=info msg="國家全名: Canada"
time="2023-06-27 05:01:00" level=info msg="國別碼2碼: CA"
time="2023-06-27 05:01:00" level=info msg="國別碼3碼: CAN"
time="2023-06-27 05:01:00" level=info msg="國家全名: Canada"
time="2023-06-27 05:04:09" level=info msg="國別碼2碼: US"
time="2023-06-27 05:04:09" level=info msg="國別碼3碼: USA"
time="2023-06-27 05:04:09" level=info msg="國家全名: United States of America (the)"
time="2023-06-27 05:04:30" level=info msg="國別碼2碼: US"
time="2023-06-27 05:04:30" level=info msg="國別碼3碼: USA"
time="2023-06-27 05:04:30" level=info msg="國家全名: United States of America (the)"
time="2023-06-27 05:04:30" level=info msg="國別碼2碼: US"
time="2023-06-27 05:04:30" level=info msg="國別碼3碼: USA"
time="2023-06-27 05:04:30" level=info msg="國家全名: United States of America (the)"
time="2023-06-27 05:19:48" level=info msg="國別碼2碼: US"
time="2023-06-27 05:19:48" level=info msg="國別碼3碼: USA"
time="2023-06-27 05:19:48" level=info msg="國家全名: United States of America (the)"
time="2023-06-27 05:19:49" level=info msg="國別碼2碼: US"
time="2023-06-27 05:19:49" level=info msg="國別碼3碼: USA"
time="2023-06-27 05:19:49" level=info msg="國家全名: United States of America (the)"
time="2023-06-27 05:19:50" level=info msg="國別碼2碼: US"
time="2023-06-27 05:19:50" level=info msg="國別碼3碼: USA"
time="2023-06-27 05:19:50" level=info msg="國家全名: United States of America (the)"
time="2023-06-27 05:19:50" level=info msg="國別碼2碼: US"
time="2023-06-27 05:19:50" level=info msg="國別碼3碼: USA"
time="2023-06-27 05:19:50" level=info msg="國家全名: United States of America (the)"
time="2023-06-27 05:19:51" level=info msg="國別碼2碼: US"
time="2023-06-27 05:19:51" level=info msg="國別碼3碼: USA"
time="2023-06-27 05:19:51" level=info msg="國家全名: United States of America (the)"
time="2023-06-27 05:25:38" level=info msg="國別碼2碼: RU"
time="2023-06-27 05:25:38" level=info msg="國別碼3碼: RUS"
time="2023-06-27 05:25:38" level=info msg="國家全名: Russian Federation (the)"
time="2023-06-27 05:27:08" level=info msg="國別碼2碼: GB"
time="2023-06-27 05:27:08" level=info msg="國別碼3碼: GBR"
time="2023-06-27 05:27:08" level=info msg="國家全名: United Kingdom of Great Britain and Northern Ireland (the)"
time="2023-06-27 05:29:03" level=info msg="國別碼2碼: RU"
time="2023-06-27 05:29:03" level=info msg="國別碼3碼: RUS"
time="2023-06-27 05:29:03" level=info msg="國家全名: Russian Federation (the)"
time="2023-06-27 05:47:50" level=info msg="國別碼2碼: FR"
time="2023-06-27 05:47:50" level=info msg="國別碼3碼: FRA"
time="2023-06-27 05:47:50" level=info msg="國家全名: France"
time="2023-06-27 05:47:51" level=info msg="國別碼2碼: FR"
time="2023-06-27 05:47:51" level=info msg="國別碼3碼: FRA"
time="2023-06-27 05:47:51" level=info msg="國家全名: France"
time="2023-06-27 06:10:03" level=info msg="國別碼2碼: LT"
time="2023-06-27 06:10:03" level=info msg="國別碼3碼: LTU"
time="2023-06-27 06:10:03" level=info msg="國家全名: Lithuania"
time="2023-06-27 06:13:58" level=info msg="國別碼2碼: RO"
time="2023-06-27 06:13:58" level=info msg="國別碼3碼: ROU"
time="2023-06-27 06:13:58" level=info msg="國家全名: Romania"
time="2023-06-27 06:29:56" level=info msg="國別碼2碼: FR"
time="2023-06-27 06:29:56" level=info msg="國別碼3碼: FRA"
time="2023-06-27 06:29:56" level=info msg="國家全名: France"
time="2023-06-27 06:29:57" level=info msg="國別碼2碼: FR"
time="2023-06-27 06:29:57" level=info msg="國別碼3碼: FRA"
time="2023-06-27 06:29:57" level=info msg="國家全名: France"
time="2023-06-27 06:35:01" level=info msg="國別碼2碼: RU"
time="2023-06-27 06:35:01" level=info msg="國別碼3碼: RUS"
time="2023-06-27 06:35:01" level=info msg="國家全名: Russian Federation (the)"
time="2023-06-27 07:14:43" level=info msg="國別碼2碼: FR"
time="2023-06-27 07:14:43" level=info msg="國別碼3碼: FRA"
time="2023-06-27 07:14:43" level=info msg="國家全名: France"
time="2023-06-27 07:14:45" level=info msg="國別碼2碼: FR"
time="2023-06-27 07:14:45" level=info msg="國別碼3碼: FRA"
time="2023-06-27 07:14:45" level=info msg="國家全名: France"
time="2023-06-27 07:46:30" level=info msg="國別碼2碼: LT"
time="2023-06-27 07:46:30" level=info msg="國別碼3碼: LTU"
time="2023-06-27 07:46:30" level=info msg="國家全名: Lithuania"
time="2023-06-27 07:48:33" level=info msg="國別碼2碼: GB"
time="2023-06-27 07:48:33" level=info msg="國別碼3碼: GBR"
time="2023-06-27 07:48:33" level=info msg="國家全名: United Kingdom of Great Britain and Northern Ireland (the)"
time="2023-06-27 07:58:26" level=info msg="國別碼2碼: US"
time="2023-06-27 07:58:26" level=info msg="國別碼3碼: USA"
time="2023-06-27 07:58:26" level=info msg="國家全名: United States of America (the)"
time="2023-06-27 08:24:32" level=info msg="國別碼2碼: FR"
time="2023-06-27 08:24:32" level=info msg="國別碼3碼: FRA"
time="2023-06-27 08:24:32" level=info msg="國家全名: France"
time="2023-06-27 08:24:33" level=info msg="國別碼2碼: FR"
time="2023-06-27 08:24:33" level=info msg="國別碼3碼: FRA"
time="2023-06-27 08:24:33" level=info msg="國家全名: France"
time="2023-06-27 08:38:50" level=info msg="國別碼2碼: GB"
time="2023-06-27 08:38:50" level=info msg="國別碼3碼: GBR"
time="2023-06-27 08:38:50" level=info msg="國家全名: United Kingdom of Great Britain and Northern Ireland (the)"
time="2023-06-27 08:38:52" level=info msg="國別碼2碼: GB"
time="2023-06-27 08:38:52" level=info msg="國別碼3碼: GBR"
time="2023-06-27 08:38:52" level=info msg="國家全名: United Kingdom of Great Britain and Northern Ireland (the)"
time="2023-06-27 08:42:10" level=info msg="國別碼2碼: US"
time="2023-06-27 08:42:10" level=info msg="國別碼3碼: USA"
time="2023-06-27 08:42:10" level=info msg="國家全名: United States of America (the)"
time="2023-06-27 09:11:08" level=info msg="國別碼2碼: FR"
time="2023-06-27 09:11:08" level=info msg="國別碼3碼: FRA"
time="2023-06-27 09:11:08" level=info msg="國家全名: France"
time="2023-06-27 09:11:09" level=info msg="國別碼2碼: FR"
time="2023-06-27 09:11:09" level=info msg="國別碼3碼: FRA"
time="2023-06-27 09:11:09" level=info msg="國家全名: France"
time="2023-06-27 09:50:33" level=info msg="國別碼2碼: RU"
time="2023-06-27 09:50:33" level=info msg="國別碼3碼: RUS"
time="2023-06-27 09:50:33" level=info msg="國家全名: Russian Federation (the)"
time="2023-06-27 10:10:43" level=info msg="國別碼2碼: US"
time="2023-06-27 10:10:43" level=info msg="國別碼3碼: USA"
time="2023-06-27 10:10:43" level=info msg="國家全名: United States of America (the)"
time="2023-06-27 10:11:13" level=info msg="國別碼2碼: FR"
time="2023-06-27 10:11:13" level=info msg="國別碼3碼: FRA"
time="2023-06-27 10:11:13" level=info msg="國家全名: France"
time="2023-06-27 10:11:14" level=info msg="國別碼2碼: FR"
time="2023-06-27 10:11:14" level=info msg="國別碼3碼: FRA"
time="2023-06-27 10:11:14" level=info msg="國家全名: France"
time="2023-06-27 10:25:00" level=info msg="國別碼2碼: SG"
time="2023-06-27 10:25:00" level=info msg="國別碼3碼: SGP"
time="2023-06-27 10:25:00" level=info msg="國家全名: Singapore"
time="2023-06-27 10:25:17" level=info msg="國別碼2碼: US"
time="2023-06-27 10:25:17" level=info msg="國別碼3碼: USA"
time="2023-06-27 10:25:17" level=info msg="國家全名: United States of America (the)"
time="2023-06-27 10:25:18" level=info msg="國別碼2碼: US"
time="2023-06-27 10:25:18" level=info msg="國別碼3碼: USA"
time="2023-06-27 10:25:18" level=info msg="國家全名: United States of America (the)"
time="2023-06-27 10:25:18" level=info msg="國別碼2碼: US"
time="2023-06-27 10:25:18" level=info msg="國別碼3碼: USA"
time="2023-06-27 10:25:18" level=info msg="國家全名: United States of America (the)"
time="2023-06-27 10:25:19" level=info msg="國別碼2碼: US"
time="2023-06-27 10:25:19" level=info msg="國別碼3碼: USA"
time="2023-06-27 10:25:19" level=info msg="國家全名: United States of America (the)"
time="2023-06-27 10:25:38" level=info msg="國別碼2碼: US"
time="2023-06-27 10:25:38" level=info msg="國別碼3碼: USA"
time="2023-06-27 10:25:38" level=info msg="國家全名: United States of America (the)"
time="2023-06-27 10:25:40" level=info msg="國別碼2碼: US"
time="2023-06-27 10:25:40" level=info msg="國別碼3碼: USA"
time="2023-06-27 10:25:40" level=info msg="國家全名: United States of America (the)"
time="2023-06-27 10:41:32" level=info msg="國別碼2碼: GB"
time="2023-06-27 10:41:32" level=info msg="國別碼3碼: GBR"
time="2023-06-27 10:41:32" level=info msg="國家全名: United Kingdom of Great Britain and Northern Ireland (the)"
time="2023-06-27 11:13:58" level=info msg="國別碼2碼: FR"
time="2023-06-27 11:13:58" level=info msg="國別碼3碼: FRA"
time="2023-06-27 11:13:58" level=info msg="國家全名: France"
time="2023-06-27 11:13:59" level=info msg="國別碼2碼: FR"
time="2023-06-27 11:13:59" level=info msg="國別碼3碼: FRA"
time="2023-06-27 11:13:59" level=info msg="國家全名: France"
time="2023-06-27 12:13:52" level=info msg="國別碼2碼: FR"
time="2023-06-27 12:13:52" level=info msg="國別碼3碼: FRA"
time="2023-06-27 12:13:52" level=info msg="國家全名: France"
time="2023-06-27 12:14:03" level=info msg="國別碼2碼: FR"
time="2023-06-27 12:14:03" level=info msg="國別碼3碼: FRA"
time="2023-06-27 12:14:03" level=info msg="國家全名: France"
time="2023-06-27 12:17:07" level=info msg="國別碼2碼: FR"
time="2023-06-27 12:17:07" level=info msg="國別碼3碼: FRA"
time="2023-06-27 12:17:07" level=info msg="國家全名: France"
time="2023-06-27 12:17:08" level=info msg="國別碼2碼: FR"
time="2023-06-27 12:17:08" level=info msg="國別碼3碼: FRA"
time="2023-06-27 12:17:08" level=info msg="國家全名: France"
time="2023-06-27 13:23:41" level=info msg="國別碼2碼: US"
time="2023-06-27 13:23:41" level=info msg="國別碼3碼: USA"
time="2023-06-27 13:23:41" level=info msg="國家全名: United States of America (the)"
time="2023-06-27 13:37:29" level=info msg="國別碼2碼: HK"
time="2023-06-27 13:37:29" level=info msg="國別碼3碼: HKG"
time="2023-06-27 13:37:29" level=info msg="國家全名: Hong Kong"
time="2023-06-27 13:55:01" level=info msg="國別碼2碼: TW"
time="2023-06-27 13:55:01" level=info msg="國別碼3碼: TWN"
time="2023-06-27 13:55:01" level=info msg="國家全名: Taiwan (Province of China)"
time="2023-06-27 13:55:01" level=info msg="國別碼2碼: TW"
time="2023-06-27 13:55:01" level=info msg="國別碼3碼: TWN"
time="2023-06-27 13:55:01" level=info msg="國家全名: Taiwan (Province of China)"
time="2023-06-27 13:55:01" level=info msg="國別碼2碼: TW"
time="2023-06-27 13:55:01" level=info msg="國別碼3碼: TWN"
time="2023-06-27 13:55:01" level=info msg="國家全名: Taiwan (Province of China)"
time="2023-06-27 13:55:02" level=info msg="國別碼2碼: TW"
time="2023-06-27 13:55:02" level=info msg="國別碼3碼: TWN"
time="2023-06-27 13:55:02" level=info msg="國家全名: Taiwan (Province of China)"
time="2023-06-27 13:55:34" level=info msg="國別碼2碼: CH"
time="2023-06-27 13:55:34" level=info msg="國別碼3碼: CHE"
time="2023-06-27 13:55:34" level=info msg="國家全名: Switzerland"
time="2023-06-27 14:32:03" level=info msg="國別碼2碼: US"
time="2023-06-27 14:32:03" level=info msg="國別碼3碼: USA"
time="2023-06-27 14:32:03" level=info msg="國家全名: United States of America (the)"
time="2023-06-27 14:47:16" level=info msg="國別碼2碼: FR"
time="2023-06-27 14:47:16" level=info msg="國別碼3碼: FRA"
time="2023-06-27 14:47:16" level=info msg="國家全名: France"
time="2023-06-27 14:47:17" level=info msg="國別碼2碼: FR"
time="2023-06-27 14:47:17" level=info msg="國別碼3碼: FRA"
time="2023-06-27 14:47:17" level=info msg="國家全名: France"
time="2023-06-27 14:54:49" level=info msg="國別碼2碼: US"
time="2023-06-27 14:54:49" level=info msg="國別碼3碼: USA"
time="2023-06-27 14:54:49" level=info msg="國家全名: United States of America (the)"
time="2023-06-27 14:54:50" level=info msg="國別碼2碼: US"
time="2023-06-27 14:54:50" level=info msg="國別碼3碼: USA"
time="2023-06-27 14:54:50" level=info msg="國家全名: United States of America (the)"
time="2023-06-27 14:54:51" level=info msg="國別碼2碼: US"
time="2023-06-27 14:54:51" level=info msg="國別碼3碼: USA"
time="2023-06-27 14:54:51" level=info msg="國家全名: United States of America (the)"
time="2023-06-27 14:54:52" level=info msg="國別碼2碼: US"
time="2023-06-27 14:54:52" level=info msg="國別碼3碼: USA"
time="2023-06-27 14:54:52" level=info msg="國家全名: United States of America (the)"
time="2023-06-27 14:54:53" level=info msg="國別碼2碼: US"
time="2023-06-27 14:54:53" level=info msg="國別碼3碼: USA"
time="2023-06-27 14:54:53" level=info msg="國家全名: United States of America (the)"
time="2023-06-27 15:06:08" level=info msg="國別碼2碼: CH"
time="2023-06-27 15:06:08" level=info msg="國別碼3碼: CHE"
time="2023-06-27 15:06:08" level=info msg="國家全名: Switzerland"
time="2023-06-27 15:32:28" level=info msg="國別碼2碼: US"
time="2023-06-27 15:32:28" level=info msg="國別碼3碼: USA"
time="2023-06-27 15:32:28" level=info msg="國家全名: United States of America (the)"
time="2023-06-27 15:37:28" level=info msg="國別碼2碼: FR"
time="2023-06-27 15:37:28" level=info msg="國別碼3碼: FRA"
time="2023-06-27 15:37:28" level=info msg="國家全名: France"
time="2023-06-27 15:37:29" level=info msg="國別碼2碼: FR"
time="2023-06-27 15:37:29" level=info msg="國別碼3碼: FRA"
time="2023-06-27 15:37:29" level=info msg="國家全名: France"
time="2023-06-27 15:45:26" level=info msg="國別碼2碼: FR"
time="2023-06-27 15:45:26" level=info msg="國別碼3碼: FRA"
time="2023-06-27 15:45:26" level=info msg="國家全名: France"
time="2023-06-27 15:54:40" level=info msg="國別碼2碼: SG"
time="2023-06-27 15:54:40" level=info msg="國別碼3碼: SGP"
time="2023-06-27 15:54:40" level=info msg="國家全名: Singapore"
time="2023-06-27 16:02:21" level=info msg="國別碼2碼: TR"
time="2023-06-27 16:02:21" level=info msg="國別碼3碼: TUR"
time="2023-06-27 16:02:21" level=info msg="國家全名: Türkiye"
time="2023-06-27 16:12:09" level=info msg="國別碼2碼: US"
time="2023-06-27 16:12:09" level=info msg="國別碼3碼: USA"
time="2023-06-27 16:12:09" level=info msg="國家全名: United States of America (the)"
time="2023-06-27 16:18:07" level=info msg="國別碼2碼: US"
time="2023-06-27 16:18:07" level=info msg="國別碼3碼: USA"
time="2023-06-27 16:18:07" level=info msg="國家全名: United States of America (the)"
time="2023-06-27 16:21:03" level=info msg="國別碼2碼: AR"
time="2023-06-27 16:21:03" level=info msg="國別碼3碼: ARG"
time="2023-06-27 16:21:03" level=info msg="國家全名: Argentina"
time="2023-06-27 16:42:51" level=info msg="國別碼2碼: IE"
time="2023-06-27 16:42:51" level=info msg="國別碼3碼: IRL"
time="2023-06-27 16:42:51" level=info msg="國家全名: Ireland"
time="2023-06-27 16:42:53" level=info msg="國別碼2碼: IE"
time="2023-06-27 16:42:53" level=info msg="國別碼3碼: IRL"
time="2023-06-27 16:42:53" level=info msg="國家全名: Ireland"
time="2023-06-27 16:45:30" level=info msg="國別碼2碼: FR"
time="2023-06-27 16:45:30" level=info msg="國別碼3碼: FRA"
time="2023-06-27 16:45:30" level=info msg="國家全名: France"
time="2023-06-27 16:45:32" level=info msg="國別碼2碼: FR"
time="2023-06-27 16:45:32" level=info msg="國別碼3碼: FRA"
time="2023-06-27 16:45:32" level=info msg="國家全名: France"
time="2023-06-27 17:01:28" level=info msg="國別碼2碼: CH"
time="2023-06-27 17:01:28" level=info msg="國別碼3碼: CHE"
time="2023-06-27 17:01:28" level=info msg="國家全名: Switzerland"
time="2023-06-27 17:09:57" level=info msg="國別碼2碼: US"
time="2023-06-27 17:09:57" level=info msg="國別碼3碼: USA"
time="2023-06-27 17:09:57" level=info msg="國家全名: United States of America (the)"
time="2023-06-27 17:32:33" level=info msg="國別碼2碼: US"
time="2023-06-27 17:32:33" level=info msg="國別碼3碼: USA"
time="2023-06-27 17:32:33" level=info msg="國家全名: United States of America (the)"
time="2023-06-27 17:46:51" level=info msg="國別碼2碼: US"
time="2023-06-27 17:46:51" level=info msg="國別碼3碼: USA"
time="2023-06-27 17:46:51" level=info msg="國家全名: United States of America (the)"
time="2023-06-27 18:08:07" level=info msg="國別碼2碼: DE"
time="2023-06-27 18:08:07" level=info msg="國別碼3碼: DEU"
time="2023-06-27 18:08:07" level=info msg="國家全名: Germany"
time="2023-06-27 18:11:10" level=info msg="國別碼2碼: FR"
time="2023-06-27 18:11:10" level=info msg="國別碼3碼: FRA"
time="2023-06-27 18:11:10" level=info msg="國家全名: France"
time="2023-06-27 18:11:12" level=info msg="國別碼2碼: FR"
time="2023-06-27 18:11:12" level=info msg="國別碼3碼: FRA"
time="2023-06-27 18:11:12" level=info msg="國家全名: France"
time="2023-06-27 18:18:31" level=info msg="國別碼2碼: US"
time="2023-06-27 18:18:31" level=info msg="國別碼3碼: USA"
time="2023-06-27 18:18:31" level=info msg="國家全名: United States of America (the)"
time="2023-06-27 18:18:32" level=info msg="國別碼2碼: US"
time="2023-06-27 18:18:32" level=info msg="國別碼3碼: USA"
time="2023-06-27 18:18:32" level=info msg="國家全名: United States of America (the)"
time="2023-06-27 18:27:28" level=info msg="國別碼2碼: GB"
time="2023-06-27 18:27:28" level=info msg="國別碼3碼: GBR"
time="2023-06-27 18:27:28" level=info msg="國家全名: United Kingdom of Great Britain and Northern Ireland (the)"
time="2023-06-27 18:53:42" level=info msg="國別碼2碼: FR"
time="2023-06-27 18:53:42" level=info msg="國別碼3碼: FRA"
time="2023-06-27 18:53:42" level=info msg="國家全名: France"
time="2023-06-27 18:53:43" level=info msg="國別碼2碼: FR"
time="2023-06-27 18:53:43" level=info msg="國別碼3碼: FRA"
time="2023-06-27 18:53:43" level=info msg="國家全名: France"
time="2023-06-27 19:21:49" level=info msg="國別碼2碼: DE"
time="2023-06-27 19:21:49" level=info msg="國別碼3碼: DEU"
time="2023-06-27 19:21:49" level=info msg="國家全名: Germany"
time="2023-06-27 19:31:04" level=info msg="國別碼2碼: BE"
time="2023-06-27 19:31:04" level=info msg="國別碼3碼: BEL"
time="2023-06-27 19:31:04" level=info msg="國家全名: Belgium"
time="2023-06-27 19:50:24" level=info msg="國別碼2碼: FR"
time="2023-06-27 19:50:24" level=info msg="國別碼3碼: FRA"
time="2023-06-27 19:50:24" level=info msg="國家全名: France"
time="2023-06-27 19:50:25" level=info msg="國別碼2碼: FR"
time="2023-06-27 19:50:25" level=info msg="國別碼3碼: FRA"
time="2023-06-27 19:50:25" level=info msg="國家全名: France"
time="2023-06-27 20:44:31" level=info msg="國別碼2碼: FR"
time="2023-06-27 20:44:31" level=info msg="國別碼3碼: FRA"
time="2023-06-27 20:44:31" level=info msg="國家全名: France"
time="2023-06-27 20:44:32" level=info msg="國別碼2碼: FR"
time="2023-06-27 20:44:32" level=info msg="國別碼3碼: FRA"
time="2023-06-27 20:44:32" level=info msg="國家全名: France"
time="2023-06-27 21:53:04" level=info msg="國別碼2碼: PT"
time="2023-06-27 21:53:04" level=info msg="國別碼3碼: PRT"
time="2023-06-27 21:53:04" level=info msg="國家全名: Portugal"
time="2023-06-27 21:57:14" level=info msg="國別碼2碼: FR"
time="2023-06-27 21:57:14" level=info msg="國別碼3碼: FRA"
time="2023-06-27 21:57:14" level=info msg="國家全名: France"
time="2023-06-27 21:57:15" level=info msg="國別碼2碼: FR"
time="2023-06-27 21:57:15" level=info msg="國別碼3碼: FRA"
time="2023-06-27 21:57:15" level=info msg="國家全名: France"
time="2023-06-27 22:20:50" level=info msg="國別碼2碼: RU"
time="2023-06-27 22:20:50" level=info msg="國別碼3碼: RUS"
time="2023-06-27 22:20:50" level=info msg="國家全名: Russian Federation (the)"
time="2023-06-27 22:25:50" level=info msg="國別碼2碼: FR"
time="2023-06-27 22:25:50" level=info msg="國別碼3碼: FRA"
time="2023-06-27 22:25:50" level=info msg="國家全名: France"
time="2023-06-27 22:25:51" level=info msg="國別碼2碼: FR"
time="2023-06-27 22:25:51" level=info msg="國別碼3碼: FRA"
time="2023-06-27 22:25:51" level=info msg="國家全名: France"
time="2023-06-27 22:36:56" level=info msg="國別碼2碼: SG"
time="2023-06-27 22:36:56" level=info msg="國別碼3碼: SGP"
time="2023-06-27 22:36:56" level=info msg="國家全名: Singapore"
time="2023-06-27 22:38:38" level=info msg="國別碼2碼: US"
time="2023-06-27 22:38:38" level=info msg="國別碼3碼: USA"
time="2023-06-27 22:38:38" level=info msg="國家全名: United States of America (the)"
time="2023-06-27 22:42:59" level=info msg="國別碼2碼: US"
time="2023-06-27 22:42:59" level=info msg="國別碼3碼: USA"
time="2023-06-27 22:42:59" level=info msg="國家全名: United States of America (the)"
time="2023-06-27 22:43:00" level=info msg="國別碼2碼: US"
time="2023-06-27 22:43:00" level=info msg="國別碼3碼: USA"
time="2023-06-27 22:43:00" level=info msg="國家全名: United States of America (the)"
time="2023-06-27 22:43:01" level=info msg="國別碼2碼: US"
time="2023-06-27 22:43:01" level=info msg="國別碼3碼: USA"
time="2023-06-27 22:43:01" level=info msg="國家全名: United States of America (the)"
time="2023-06-27 22:43:02" level=info msg="國別碼2碼: US"
time="2023-06-27 22:43:02" level=info msg="國別碼3碼: USA"
time="2023-06-27 22:43:02" level=info msg="國家全名: United States of America (the)"
time="2023-06-27 22:43:03" level=info msg="國別碼2碼: US"
time="2023-06-27 22:43:03" level=info msg="國別碼3碼: USA"
time="2023-06-27 22:43:03" level=info msg="國家全名: United States of America (the)"
time="2023-06-27 23:20:05" level=info msg="國別碼2碼: RU"
time="2023-06-27 23:20:05" level=info msg="國別碼3碼: RUS"
time="2023-06-27 23:20:05" level=info msg="國家全名: Russian Federation (the)"
time="2023-06-27 23:28:53" level=info msg="國別碼2碼: PT"
time="2023-06-27 23:28:53" level=info msg="國別碼3碼: PRT"
time="2023-06-27 23:28:53" level=info msg="國家全名: Portugal"
time="2023-06-27 23:30:19" level=info msg="國別碼2碼: NL"
time="2023-06-27 23:30:19" level=info msg="國別碼3碼: NLD"
time="2023-06-27 23:30:19" level=info msg="國家全名: Netherlands (the)"
time="2023-06-27 23:32:58" level=info msg="國別碼2碼: RU"
time="2023-06-27 23:32:58" level=info msg="國別碼3碼: RUS"
time="2023-06-27 23:32:58" level=info msg="國家全名: Russian Federation (the)"
time="2023-06-27 23:36:25" level=info msg="國別碼2碼: FR"
time="2023-06-27 23:36:25" level=info msg="國別碼3碼: FRA"
time="2023-06-27 23:36:25" level=info msg="國家全名: France"
time="2023-06-27 23:36:27" level=info msg="國別碼2碼: FR"
time="2023-06-27 23:36:27" level=info msg="國別碼3碼: FRA"
time="2023-06-27 23:36:27" level=info msg="國家全名: France"
