time="2023-06-18 00:09:17" level=info msg="國別碼2碼: US"
time="2023-06-18 00:09:17" level=info msg="國別碼3碼: USA"
time="2023-06-18 00:09:17" level=info msg="國家全名: United States of America (the)"
time="2023-06-18 00:09:18" level=info msg="國別碼2碼: US"
time="2023-06-18 00:09:18" level=info msg="國別碼3碼: USA"
time="2023-06-18 00:09:18" level=info msg="國家全名: United States of America (the)"
time="2023-06-18 00:09:19" level=info msg="國別碼2碼: US"
time="2023-06-18 00:09:19" level=info msg="國別碼3碼: USA"
time="2023-06-18 00:09:19" level=info msg="國家全名: United States of America (the)"
time="2023-06-18 00:09:19" level=info msg="國別碼2碼: US"
time="2023-06-18 00:09:19" level=info msg="國別碼3碼: USA"
time="2023-06-18 00:09:19" level=info msg="國家全名: United States of America (the)"
time="2023-06-18 00:09:20" level=info msg="國別碼2碼: US"
time="2023-06-18 00:09:20" level=info msg="國別碼3碼: USA"
time="2023-06-18 00:09:20" level=info msg="國家全名: United States of America (the)"
time="2023-06-18 00:10:50" level=info msg="國別碼2碼: FR"
time="2023-06-18 00:10:50" level=info msg="國別碼3碼: FRA"
time="2023-06-18 00:10:50" level=info msg="國家全名: France"
time="2023-06-18 00:10:51" level=info msg="國別碼2碼: FR"
time="2023-06-18 00:10:51" level=info msg="國別碼3碼: FRA"
time="2023-06-18 00:10:51" level=info msg="國家全名: France"
time="2023-06-18 00:21:34" level=info msg="國別碼2碼: NL"
time="2023-06-18 00:21:34" level=info msg="國別碼3碼: NLD"
time="2023-06-18 00:21:34" level=info msg="國家全名: Netherlands (the)"
time="2023-06-18 00:34:10" level=info msg="國別碼2碼: NL"
time="2023-06-18 00:34:10" level=info msg="國別碼3碼: NLD"
time="2023-06-18 00:34:10" level=info msg="國家全名: Netherlands (the)"
time="2023-06-18 00:36:32" level=info msg="國別碼2碼: RU"
time="2023-06-18 00:36:32" level=info msg="國別碼3碼: RUS"
time="2023-06-18 00:36:32" level=info msg="國家全名: Russian Federation (the)"
time="2023-06-18 00:44:23" level=info msg="國別碼2碼: NL"
time="2023-06-18 00:44:23" level=info msg="國別碼3碼: NLD"
time="2023-06-18 00:44:23" level=info msg="國家全名: Netherlands (the)"
time="2023-06-18 00:48:11" level=info msg="國別碼2碼: US"
time="2023-06-18 00:48:11" level=info msg="國別碼3碼: USA"
time="2023-06-18 00:48:11" level=info msg="國家全名: United States of America (the)"
time="2023-06-18 00:48:50" level=info msg="國別碼2碼: US"
time="2023-06-18 00:48:50" level=info msg="國別碼3碼: USA"
time="2023-06-18 00:48:50" level=info msg="國家全名: United States of America (the)"
time="2023-06-18 00:50:50" level=info msg="國別碼2碼: RU"
time="2023-06-18 00:50:50" level=info msg="國別碼3碼: RUS"
time="2023-06-18 00:50:50" level=info msg="國家全名: Russian Federation (the)"
time="2023-06-18 01:03:08" level=info msg="國別碼2碼: NL"
time="2023-06-18 01:03:08" level=info msg="國別碼3碼: NLD"
time="2023-06-18 01:03:08" level=info msg="國家全名: Netherlands (the)"
time="2023-06-18 01:16:00" level=info msg="國別碼2碼: BR"
time="2023-06-18 01:16:00" level=info msg="國別碼3碼: BRA"
time="2023-06-18 01:16:00" level=info msg="國家全名: Brazil"
time="2023-06-18 01:18:55" level=info msg="國別碼2碼: NL"
time="2023-06-18 01:18:55" level=info msg="國別碼3碼: NLD"
time="2023-06-18 01:18:55" level=info msg="國家全名: Netherlands (the)"
time="2023-06-18 01:21:24" level=info msg="國別碼2碼: RU"
time="2023-06-18 01:21:24" level=info msg="國別碼3碼: RUS"
time="2023-06-18 01:21:24" level=info msg="國家全名: Russian Federation (the)"
time="2023-06-18 01:32:30" level=info msg="國別碼2碼: CH"
time="2023-06-18 01:32:30" level=info msg="國別碼3碼: CHE"
time="2023-06-18 01:32:30" level=info msg="國家全名: Switzerland"
time="2023-06-18 01:34:02" level=info msg="國別碼2碼: NL"
time="2023-06-18 01:34:02" level=info msg="國別碼3碼: NLD"
time="2023-06-18 01:34:02" level=info msg="國家全名: Netherlands (the)"
time="2023-06-18 01:36:03" level=info msg="國別碼2碼: FR"
time="2023-06-18 01:36:03" level=info msg="國別碼3碼: FRA"
time="2023-06-18 01:36:03" level=info msg="國家全名: France"
time="2023-06-18 01:36:05" level=info msg="國別碼2碼: FR"
time="2023-06-18 01:36:05" level=info msg="國別碼3碼: FRA"
time="2023-06-18 01:36:05" level=info msg="國家全名: France"
time="2023-06-18 01:41:35" level=info msg="國別碼2碼: NL"
time="2023-06-18 01:41:35" level=info msg="國別碼3碼: NLD"
time="2023-06-18 01:41:35" level=info msg="國家全名: Netherlands (the)"
time="2023-06-18 01:42:00" level=info msg="國別碼2碼: FR"
time="2023-06-18 01:42:00" level=info msg="國別碼3碼: FRA"
time="2023-06-18 01:42:00" level=info msg="國家全名: France"
time="2023-06-18 01:42:01" level=info msg="國別碼2碼: FR"
time="2023-06-18 01:42:01" level=info msg="國別碼3碼: FRA"
time="2023-06-18 01:42:01" level=info msg="國家全名: France"
time="2023-06-18 02:00:55" level=info msg="國別碼2碼: NL"
time="2023-06-18 02:00:55" level=info msg="國別碼3碼: NLD"
time="2023-06-18 02:00:55" level=info msg="國家全名: Netherlands (the)"
time="2023-06-18 02:12:48" level=info msg="國別碼2碼: NL"
time="2023-06-18 02:12:48" level=info msg="國別碼3碼: NLD"
time="2023-06-18 02:12:48" level=info msg="國家全名: Netherlands (the)"
time="2023-06-18 02:29:02" level=info msg="國別碼2碼: NL"
time="2023-06-18 02:29:02" level=info msg="國別碼3碼: NLD"
time="2023-06-18 02:29:02" level=info msg="國家全名: Netherlands (the)"
time="2023-06-18 02:29:21" level=info msg="國別碼2碼: US"
time="2023-06-18 02:29:21" level=info msg="國別碼3碼: USA"
time="2023-06-18 02:29:21" level=info msg="國家全名: United States of America (the)"
time="2023-06-18 02:31:06" level=info msg="國別碼2碼: US"
time="2023-06-18 02:31:06" level=info msg="國別碼3碼: USA"
time="2023-06-18 02:31:06" level=info msg="國家全名: United States of America (the)"
time="2023-06-18 02:31:59" level=info msg="國別碼2碼: US"
time="2023-06-18 02:31:59" level=info msg="國別碼3碼: USA"
time="2023-06-18 02:31:59" level=info msg="國家全名: United States of America (the)"
time="2023-06-18 02:37:11" level=info msg="國別碼2碼: RU"
time="2023-06-18 02:37:11" level=info msg="國別碼3碼: RUS"
time="2023-06-18 02:37:11" level=info msg="國家全名: Russian Federation (the)"
time="2023-06-18 02:38:55" level=info msg="國別碼2碼: NL"
time="2023-06-18 02:38:55" level=info msg="國別碼3碼: NLD"
time="2023-06-18 02:38:55" level=info msg="國家全名: Netherlands (the)"
time="2023-06-18 02:49:11" level=info msg="國別碼2碼: FR"
time="2023-06-18 02:49:11" level=info msg="國別碼3碼: FRA"
time="2023-06-18 02:49:11" level=info msg="國家全名: France"
time="2023-06-18 02:49:12" level=info msg="國別碼2碼: FR"
time="2023-06-18 02:49:12" level=info msg="國別碼3碼: FRA"
time="2023-06-18 02:49:12" level=info msg="國家全名: France"
time="2023-06-18 02:51:09" level=info msg="國別碼2碼: RU"
time="2023-06-18 02:51:09" level=info msg="國別碼3碼: RUS"
time="2023-06-18 02:51:09" level=info msg="國家全名: Russian Federation (the)"
time="2023-06-18 02:54:03" level=info msg="國別碼2碼: DZ"
time="2023-06-18 02:54:03" level=info msg="國別碼3碼: DZA"
time="2023-06-18 02:54:03" level=info msg="國家全名: Algeria"
time="2023-06-18 02:54:23" level=info msg="國別碼2碼: NL"
time="2023-06-18 02:54:23" level=info msg="國別碼3碼: NLD"
time="2023-06-18 02:54:23" level=info msg="國家全名: Netherlands (the)"
time="2023-06-18 03:03:39" level=info msg="國別碼2碼: NL"
time="2023-06-18 03:03:39" level=info msg="國別碼3碼: NLD"
time="2023-06-18 03:03:39" level=info msg="國家全名: Netherlands (the)"
time="2023-06-18 03:11:45" level=info msg="國別碼2碼: US"
time="2023-06-18 03:11:45" level=info msg="國別碼3碼: USA"
time="2023-06-18 03:11:45" level=info msg="國家全名: United States of America (the)"
time="2023-06-18 03:12:33" level=info msg="國別碼2碼: US"
time="2023-06-18 03:12:33" level=info msg="國別碼3碼: USA"
time="2023-06-18 03:12:33" level=info msg="國家全名: United States of America (the)"
time="2023-06-18 03:14:16" level=info msg="國別碼2碼: GB"
time="2023-06-18 03:14:16" level=info msg="國別碼3碼: GBR"
time="2023-06-18 03:14:16" level=info msg="國家全名: United Kingdom of Great Britain and Northern Ireland (the)"
time="2023-06-18 03:14:17" level=info msg="國別碼2碼: GB"
time="2023-06-18 03:14:17" level=info msg="國別碼3碼: GBR"
time="2023-06-18 03:14:17" level=info msg="國家全名: United Kingdom of Great Britain and Northern Ireland (the)"
time="2023-06-18 03:14:18" level=info msg="國別碼2碼: GB"
time="2023-06-18 03:14:18" level=info msg="國別碼3碼: GBR"
time="2023-06-18 03:14:18" level=info msg="國家全名: United Kingdom of Great Britain and Northern Ireland (the)"
time="2023-06-18 03:14:20" level=info msg="國別碼2碼: GB"
time="2023-06-18 03:14:20" level=info msg="國別碼3碼: GBR"
time="2023-06-18 03:14:20" level=info msg="國家全名: United Kingdom of Great Britain and Northern Ireland (the)"
time="2023-06-18 03:14:21" level=info msg="國別碼2碼: GB"
time="2023-06-18 03:14:21" level=info msg="國別碼3碼: GBR"
time="2023-06-18 03:14:21" level=info msg="國家全名: United Kingdom of Great Britain and Northern Ireland (the)"
time="2023-06-18 03:14:22" level=info msg="國別碼2碼: GB"
time="2023-06-18 03:14:22" level=info msg="國別碼3碼: GBR"
time="2023-06-18 03:14:22" level=info msg="國家全名: United Kingdom of Great Britain and Northern Ireland (the)"
time="2023-06-18 03:14:23" level=info msg="國別碼2碼: GB"
time="2023-06-18 03:14:23" level=info msg="國別碼3碼: GBR"
time="2023-06-18 03:14:23" level=info msg="國家全名: United Kingdom of Great Britain and Northern Ireland (the)"
time="2023-06-18 03:14:24" level=info msg="國別碼2碼: GB"
time="2023-06-18 03:14:24" level=info msg="國別碼3碼: GBR"
time="2023-06-18 03:14:24" level=info msg="國家全名: United Kingdom of Great Britain and Northern Ireland (the)"
time="2023-06-18 03:14:25" level=info msg="國別碼2碼: GB"
time="2023-06-18 03:14:25" level=info msg="國別碼3碼: GBR"
time="2023-06-18 03:14:25" level=info msg="國家全名: United Kingdom of Great Britain and Northern Ireland (the)"
time="2023-06-18 03:20:48" level=info msg="國別碼2碼: NL"
time="2023-06-18 03:20:48" level=info msg="國別碼3碼: NLD"
time="2023-06-18 03:20:48" level=info msg="國家全名: Netherlands (the)"
time="2023-06-18 03:38:49" level=info msg="國別碼2碼: NL"
time="2023-06-18 03:38:49" level=info msg="國別碼3碼: NLD"
time="2023-06-18 03:38:49" level=info msg="國家全名: Netherlands (the)"
time="2023-06-18 03:44:39" level=info msg="國別碼2碼: IN"
time="2023-06-18 03:44:39" level=info msg="國別碼3碼: IND"
time="2023-06-18 03:44:39" level=info msg="國家全名: India"
time="2023-06-18 03:48:54" level=info msg="國別碼2碼: NL"
time="2023-06-18 03:48:54" level=info msg="國別碼3碼: NLD"
time="2023-06-18 03:48:54" level=info msg="國家全名: Netherlands (the)"
time="2023-06-18 03:50:15" level=info msg="國別碼2碼: RU"
time="2023-06-18 03:50:15" level=info msg="國別碼3碼: RUS"
time="2023-06-18 03:50:15" level=info msg="國家全名: Russian Federation (the)"
time="2023-06-18 03:56:15" level=info msg="國別碼2碼: FR"
time="2023-06-18 03:56:15" level=info msg="國別碼3碼: FRA"
time="2023-06-18 03:56:15" level=info msg="國家全名: France"
time="2023-06-18 03:56:17" level=info msg="國別碼2碼: FR"
time="2023-06-18 03:56:17" level=info msg="國別碼3碼: FRA"
time="2023-06-18 03:56:17" level=info msg="國家全名: France"
time="2023-06-18 04:04:37" level=info msg="國別碼2碼: NL"
time="2023-06-18 04:04:37" level=info msg="國別碼3碼: NLD"
time="2023-06-18 04:04:37" level=info msg="國家全名: Netherlands (the)"
time="2023-06-18 04:16:58" level=info msg="國別碼2碼: NL"
time="2023-06-18 04:16:58" level=info msg="國別碼3碼: NLD"
time="2023-06-18 04:16:58" level=info msg="國家全名: Netherlands (the)"
time="2023-06-18 04:32:45" level=info msg="國別碼2碼: NL"
time="2023-06-18 04:32:45" level=info msg="國別碼3碼: NLD"
time="2023-06-18 04:32:45" level=info msg="國家全名: Netherlands (the)"
time="2023-06-18 04:33:19" level=info msg="國別碼2碼: FR"
time="2023-06-18 04:33:19" level=info msg="國別碼3碼: FRA"
time="2023-06-18 04:33:19" level=info msg="國家全名: France"
time="2023-06-18 04:33:20" level=info msg="國別碼2碼: FR"
time="2023-06-18 04:33:20" level=info msg="國別碼3碼: FRA"
time="2023-06-18 04:33:20" level=info msg="國家全名: France"
time="2023-06-18 04:34:36" level=info msg="國別碼2碼: US"
time="2023-06-18 04:34:36" level=info msg="國別碼3碼: USA"
time="2023-06-18 04:34:36" level=info msg="國家全名: United States of America (the)"
time="2023-06-18 04:48:40" level=info msg="國別碼2碼: RU"
time="2023-06-18 04:48:40" level=info msg="國別碼3碼: RUS"
time="2023-06-18 04:48:40" level=info msg="國家全名: Russian Federation (the)"
time="2023-06-18 04:55:18" level=info msg="國別碼2碼: NL"
time="2023-06-18 04:55:18" level=info msg="國別碼3碼: NLD"
time="2023-06-18 04:55:18" level=info msg="國家全名: Netherlands (the)"
time="2023-06-18 05:05:20" level=info msg="國別碼2碼: NL"
time="2023-06-18 05:05:20" level=info msg="國別碼3碼: NLD"
time="2023-06-18 05:05:20" level=info msg="國家全名: Netherlands (the)"
time="2023-06-18 05:22:01" level=info msg="國別碼2碼: NL"
time="2023-06-18 05:22:01" level=info msg="國別碼3碼: NLD"
time="2023-06-18 05:22:01" level=info msg="國家全名: Netherlands (the)"
time="2023-06-18 05:28:30" level=info msg="國別碼2碼: FR"
time="2023-06-18 05:28:30" level=info msg="國別碼3碼: FRA"
time="2023-06-18 05:28:30" level=info msg="國家全名: France"
time="2023-06-18 05:28:31" level=info msg="國別碼2碼: FR"
time="2023-06-18 05:28:31" level=info msg="國別碼3碼: FRA"
time="2023-06-18 05:28:31" level=info msg="國家全名: France"
time="2023-06-18 05:29:19" level=info msg="國別碼2碼: RU"
time="2023-06-18 05:29:19" level=info msg="國別碼3碼: RUS"
time="2023-06-18 05:29:19" level=info msg="國家全名: Russian Federation (the)"
time="2023-06-18 05:36:20" level=info msg="國別碼2碼: NL"
time="2023-06-18 05:36:20" level=info msg="國別碼3碼: NLD"
time="2023-06-18 05:36:20" level=info msg="國家全名: Netherlands (the)"
time="2023-06-18 05:37:51" level=info msg="國別碼2碼: US"
time="2023-06-18 05:37:51" level=info msg="國別碼3碼: USA"
time="2023-06-18 05:37:51" level=info msg="國家全名: United States of America (the)"
time="2023-06-18 05:45:07" level=info msg="國別碼2碼: FR"
time="2023-06-18 05:45:07" level=info msg="國別碼3碼: FRA"
time="2023-06-18 05:45:07" level=info msg="國家全名: France"
time="2023-06-18 05:45:08" level=info msg="國別碼2碼: FR"
time="2023-06-18 05:45:08" level=info msg="國別碼3碼: FRA"
time="2023-06-18 05:45:08" level=info msg="國家全名: France"
time="2023-06-18 05:50:41" level=info msg="國別碼2碼: RU"
time="2023-06-18 05:50:41" level=info msg="國別碼3碼: RUS"
time="2023-06-18 05:50:41" level=info msg="國家全名: Russian Federation (the)"
time="2023-06-18 05:52:13" level=info msg="國別碼2碼: US"
time="2023-06-18 05:52:13" level=info msg="國別碼3碼: USA"
time="2023-06-18 05:52:13" level=info msg="國家全名: United States of America (the)"
time="2023-06-18 05:56:26" level=info msg="國別碼2碼: US"
time="2023-06-18 05:56:26" level=info msg="國別碼3碼: USA"
time="2023-06-18 05:56:26" level=info msg="國家全名: United States of America (the)"
time="2023-06-18 06:04:10" level=info msg="國別碼2碼: FR"
time="2023-06-18 06:04:10" level=info msg="國別碼3碼: FRA"
time="2023-06-18 06:04:10" level=info msg="國家全名: France"
time="2023-06-18 06:04:18" level=info msg="國別碼2碼: FR"
time="2023-06-18 06:04:18" level=info msg="國別碼3碼: FRA"
time="2023-06-18 06:04:18" level=info msg="國家全名: France"
time="2023-06-18 06:04:26" level=info msg="國別碼2碼: FR"
time="2023-06-18 06:04:26" level=info msg="國別碼3碼: FRA"
time="2023-06-18 06:04:26" level=info msg="國家全名: France"
time="2023-06-18 06:04:35" level=info msg="國別碼2碼: FR"
time="2023-06-18 06:04:35" level=info msg="國別碼3碼: FRA"
time="2023-06-18 06:04:35" level=info msg="國家全名: France"
time="2023-06-18 06:04:42" level=info msg="國別碼2碼: FR"
time="2023-06-18 06:04:42" level=info msg="國別碼3碼: FRA"
time="2023-06-18 06:04:42" level=info msg="國家全名: France"
time="2023-06-18 06:04:50" level=info msg="國別碼2碼: FR"
time="2023-06-18 06:04:50" level=info msg="國別碼3碼: FRA"
time="2023-06-18 06:04:50" level=info msg="國家全名: France"
time="2023-06-18 06:04:58" level=info msg="國別碼2碼: FR"
time="2023-06-18 06:04:58" level=info msg="國別碼3碼: FRA"
time="2023-06-18 06:04:58" level=info msg="國家全名: France"
time="2023-06-18 06:05:06" level=info msg="國別碼2碼: FR"
time="2023-06-18 06:05:06" level=info msg="國別碼3碼: FRA"
time="2023-06-18 06:05:06" level=info msg="國家全名: France"
time="2023-06-18 06:05:14" level=info msg="國別碼2碼: FR"
time="2023-06-18 06:05:14" level=info msg="國別碼3碼: FRA"
time="2023-06-18 06:05:14" level=info msg="國家全名: France"
time="2023-06-18 06:14:39" level=info msg="國別碼2碼: NL"
time="2023-06-18 06:14:39" level=info msg="國別碼3碼: NLD"
time="2023-06-18 06:14:39" level=info msg="國家全名: Netherlands (the)"
time="2023-06-18 06:14:47" level=info msg="國別碼2碼: NL"
time="2023-06-18 06:14:47" level=info msg="國別碼3碼: NLD"
time="2023-06-18 06:14:47" level=info msg="國家全名: Netherlands (the)"
time="2023-06-18 06:22:46" level=info msg="國別碼2碼: NL"
time="2023-06-18 06:22:46" level=info msg="國別碼3碼: NLD"
time="2023-06-18 06:22:46" level=info msg="國家全名: Netherlands (the)"
time="2023-06-18 06:44:04" level=info msg="國別碼2碼: NL"
time="2023-06-18 06:44:04" level=info msg="國別碼3碼: NLD"
time="2023-06-18 06:44:04" level=info msg="國家全名: Netherlands (the)"
time="2023-06-18 06:51:20" level=info msg="國別碼2碼: NL"
time="2023-06-18 06:51:20" level=info msg="國別碼3碼: NLD"
time="2023-06-18 06:51:20" level=info msg="國家全名: Netherlands (the)"
time="2023-06-18 06:58:49" level=info msg="國別碼2碼: US"
time="2023-06-18 06:58:49" level=info msg="國別碼3碼: USA"
time="2023-06-18 06:58:49" level=info msg="國家全名: United States of America (the)"
time="2023-06-18 06:58:50" level=info msg="國別碼2碼: US"
time="2023-06-18 06:58:50" level=info msg="國別碼3碼: USA"
time="2023-06-18 06:58:50" level=info msg="國家全名: United States of America (the)"
time="2023-06-18 07:01:34" level=info msg="國別碼2碼: RU"
time="2023-06-18 07:01:34" level=info msg="國別碼3碼: RUS"
time="2023-06-18 07:01:34" level=info msg="國家全名: Russian Federation (the)"
time="2023-06-18 07:11:44" level=info msg="國別碼2碼: US"
time="2023-06-18 07:11:44" level=info msg="國別碼3碼: USA"
time="2023-06-18 07:11:44" level=info msg="國家全名: United States of America (the)"
time="2023-06-18 07:11:45" level=info msg="國別碼2碼: US"
time="2023-06-18 07:11:45" level=info msg="國別碼3碼: USA"
time="2023-06-18 07:11:45" level=info msg="國家全名: United States of America (the)"
time="2023-06-18 07:11:46" level=info msg="國別碼2碼: US"
time="2023-06-18 07:11:46" level=info msg="國別碼3碼: USA"
time="2023-06-18 07:11:46" level=info msg="國家全名: United States of America (the)"
time="2023-06-18 07:11:47" level=info msg="國別碼2碼: US"
time="2023-06-18 07:11:47" level=info msg="國別碼3碼: USA"
time="2023-06-18 07:11:47" level=info msg="國家全名: United States of America (the)"
time="2023-06-18 07:11:48" level=info msg="國別碼2碼: US"
time="2023-06-18 07:11:48" level=info msg="國別碼3碼: USA"
time="2023-06-18 07:11:48" level=info msg="國家全名: United States of America (the)"
time="2023-06-18 07:11:50" level=info msg="國別碼2碼: US"
time="2023-06-18 07:11:50" level=info msg="國別碼3碼: USA"
time="2023-06-18 07:11:50" level=info msg="國家全名: United States of America (the)"
time="2023-06-18 07:11:51" level=info msg="國別碼2碼: US"
time="2023-06-18 07:11:51" level=info msg="國別碼3碼: USA"
time="2023-06-18 07:11:51" level=info msg="國家全名: United States of America (the)"
time="2023-06-18 07:11:52" level=info msg="國別碼2碼: US"
time="2023-06-18 07:11:52" level=info msg="國別碼3碼: USA"
time="2023-06-18 07:11:52" level=info msg="國家全名: United States of America (the)"
time="2023-06-18 07:11:53" level=info msg="國別碼2碼: US"
time="2023-06-18 07:11:53" level=info msg="國別碼3碼: USA"
time="2023-06-18 07:11:53" level=info msg="國家全名: United States of America (the)"
time="2023-06-18 07:11:54" level=info msg="國別碼2碼: US"
time="2023-06-18 07:11:54" level=info msg="國別碼3碼: USA"
time="2023-06-18 07:11:54" level=info msg="國家全名: United States of America (the)"
time="2023-06-18 07:11:55" level=info msg="國別碼2碼: US"
time="2023-06-18 07:11:55" level=info msg="國別碼3碼: USA"
time="2023-06-18 07:11:55" level=info msg="國家全名: United States of America (the)"
time="2023-06-18 07:11:57" level=info msg="國別碼2碼: US"
time="2023-06-18 07:11:57" level=info msg="國別碼3碼: USA"
time="2023-06-18 07:11:57" level=info msg="國家全名: United States of America (the)"
time="2023-06-18 07:11:58" level=info msg="國別碼2碼: US"
time="2023-06-18 07:11:58" level=info msg="國別碼3碼: USA"
time="2023-06-18 07:11:58" level=info msg="國家全名: United States of America (the)"
time="2023-06-18 07:11:59" level=info msg="國別碼2碼: US"
time="2023-06-18 07:11:59" level=info msg="國別碼3碼: USA"
time="2023-06-18 07:11:59" level=info msg="國家全名: United States of America (the)"
time="2023-06-18 07:12:00" level=info msg="國別碼2碼: US"
time="2023-06-18 07:12:00" level=info msg="國別碼3碼: USA"
time="2023-06-18 07:12:00" level=info msg="國家全名: United States of America (the)"
time="2023-06-18 07:12:01" level=info msg="國別碼2碼: US"
time="2023-06-18 07:12:01" level=info msg="國別碼3碼: USA"
time="2023-06-18 07:12:01" level=info msg="國家全名: United States of America (the)"
time="2023-06-18 07:12:03" level=info msg="國別碼2碼: US"
time="2023-06-18 07:12:03" level=info msg="國別碼3碼: USA"
time="2023-06-18 07:12:03" level=info msg="國家全名: United States of America (the)"
time="2023-06-18 07:12:04" level=info msg="國別碼2碼: US"
time="2023-06-18 07:12:04" level=info msg="國別碼3碼: USA"
time="2023-06-18 07:12:04" level=info msg="國家全名: United States of America (the)"
time="2023-06-18 07:12:05" level=info msg="國別碼2碼: US"
time="2023-06-18 07:12:05" level=info msg="國別碼3碼: USA"
time="2023-06-18 07:12:05" level=info msg="國家全名: United States of America (the)"
time="2023-06-18 07:12:06" level=info msg="國別碼2碼: US"
time="2023-06-18 07:12:06" level=info msg="國別碼3碼: USA"
time="2023-06-18 07:12:06" level=info msg="國家全名: United States of America (the)"
time="2023-06-18 07:12:07" level=info msg="國別碼2碼: US"
time="2023-06-18 07:12:07" level=info msg="國別碼3碼: USA"
time="2023-06-18 07:12:07" level=info msg="國家全名: United States of America (the)"
time="2023-06-18 07:12:08" level=info msg="國別碼2碼: US"
time="2023-06-18 07:12:08" level=info msg="國別碼3碼: USA"
time="2023-06-18 07:12:08" level=info msg="國家全名: United States of America (the)"
time="2023-06-18 07:12:09" level=info msg="國別碼2碼: US"
time="2023-06-18 07:12:09" level=info msg="國別碼3碼: USA"
time="2023-06-18 07:12:09" level=info msg="國家全名: United States of America (the)"
time="2023-06-18 07:12:10" level=info msg="國別碼2碼: US"
time="2023-06-18 07:12:10" level=info msg="國別碼3碼: USA"
time="2023-06-18 07:12:10" level=info msg="國家全名: United States of America (the)"
time="2023-06-18 07:12:11" level=info msg="國別碼2碼: US"
time="2023-06-18 07:12:11" level=info msg="國別碼3碼: USA"
time="2023-06-18 07:12:11" level=info msg="國家全名: United States of America (the)"
time="2023-06-18 07:12:13" level=info msg="國別碼2碼: US"
time="2023-06-18 07:12:13" level=info msg="國別碼3碼: USA"
time="2023-06-18 07:12:13" level=info msg="國家全名: United States of America (the)"
time="2023-06-18 07:12:14" level=info msg="國別碼2碼: US"
time="2023-06-18 07:12:14" level=info msg="國別碼3碼: USA"
time="2023-06-18 07:12:14" level=info msg="國家全名: United States of America (the)"
time="2023-06-18 07:12:15" level=info msg="國別碼2碼: US"
time="2023-06-18 07:12:15" level=info msg="國別碼3碼: USA"
time="2023-06-18 07:12:15" level=info msg="國家全名: United States of America (the)"
time="2023-06-18 07:12:16" level=info msg="國別碼2碼: US"
time="2023-06-18 07:12:16" level=info msg="國別碼3碼: USA"
time="2023-06-18 07:12:16" level=info msg="國家全名: United States of America (the)"
time="2023-06-18 07:12:17" level=info msg="國別碼2碼: US"
time="2023-06-18 07:12:17" level=info msg="國別碼3碼: USA"
time="2023-06-18 07:12:17" level=info msg="國家全名: United States of America (the)"
time="2023-06-18 07:12:18" level=info msg="國別碼2碼: US"
time="2023-06-18 07:12:18" level=info msg="國別碼3碼: USA"
time="2023-06-18 07:12:18" level=info msg="國家全名: United States of America (the)"
time="2023-06-18 07:12:19" level=info msg="國別碼2碼: US"
time="2023-06-18 07:12:19" level=info msg="國別碼3碼: USA"
time="2023-06-18 07:12:19" level=info msg="國家全名: United States of America (the)"
time="2023-06-18 07:12:20" level=info msg="國別碼2碼: US"
time="2023-06-18 07:12:20" level=info msg="國別碼3碼: USA"
time="2023-06-18 07:12:20" level=info msg="國家全名: United States of America (the)"
time="2023-06-18 07:12:21" level=info msg="國別碼2碼: US"
time="2023-06-18 07:12:21" level=info msg="國別碼3碼: USA"
time="2023-06-18 07:12:21" level=info msg="國家全名: United States of America (the)"
time="2023-06-18 07:12:22" level=info msg="國別碼2碼: US"
time="2023-06-18 07:12:22" level=info msg="國別碼3碼: USA"
time="2023-06-18 07:12:22" level=info msg="國家全名: United States of America (the)"
time="2023-06-18 07:12:23" level=info msg="國別碼2碼: US"
time="2023-06-18 07:12:23" level=info msg="國別碼3碼: USA"
time="2023-06-18 07:12:23" level=info msg="國家全名: United States of America (the)"
time="2023-06-18 07:12:24" level=info msg="國別碼2碼: US"
time="2023-06-18 07:12:24" level=info msg="國別碼3碼: USA"
time="2023-06-18 07:12:24" level=info msg="國家全名: United States of America (the)"
time="2023-06-18 07:12:25" level=info msg="國別碼2碼: US"
time="2023-06-18 07:12:25" level=info msg="國別碼3碼: USA"
time="2023-06-18 07:12:25" level=info msg="國家全名: United States of America (the)"
time="2023-06-18 07:12:26" level=info msg="國別碼2碼: US"
time="2023-06-18 07:12:26" level=info msg="國別碼3碼: USA"
time="2023-06-18 07:12:26" level=info msg="國家全名: United States of America (the)"
time="2023-06-18 07:12:27" level=info msg="國別碼2碼: US"
time="2023-06-18 07:12:27" level=info msg="國別碼3碼: USA"
time="2023-06-18 07:12:27" level=info msg="國家全名: United States of America (the)"
time="2023-06-18 07:12:28" level=info msg="國別碼2碼: US"
time="2023-06-18 07:12:28" level=info msg="國別碼3碼: USA"
time="2023-06-18 07:12:28" level=info msg="國家全名: United States of America (the)"
time="2023-06-18 07:12:29" level=info msg="國別碼2碼: US"
time="2023-06-18 07:12:29" level=info msg="國別碼3碼: USA"
time="2023-06-18 07:12:29" level=info msg="國家全名: United States of America (the)"
time="2023-06-18 07:12:30" level=info msg="國別碼2碼: US"
time="2023-06-18 07:12:30" level=info msg="國別碼3碼: USA"
time="2023-06-18 07:12:30" level=info msg="國家全名: United States of America (the)"
time="2023-06-18 07:12:31" level=info msg="國別碼2碼: US"
time="2023-06-18 07:12:31" level=info msg="國別碼3碼: USA"
time="2023-06-18 07:12:31" level=info msg="國家全名: United States of America (the)"
time="2023-06-18 07:12:32" level=info msg="國別碼2碼: US"
time="2023-06-18 07:12:32" level=info msg="國別碼3碼: USA"
time="2023-06-18 07:12:32" level=info msg="國家全名: United States of America (the)"
time="2023-06-18 07:12:32" level=info msg="國別碼2碼: US"
time="2023-06-18 07:12:32" level=info msg="國別碼3碼: USA"
time="2023-06-18 07:12:32" level=info msg="國家全名: United States of America (the)"
time="2023-06-18 07:12:33" level=info msg="國別碼2碼: US"
time="2023-06-18 07:12:33" level=info msg="國別碼3碼: USA"
time="2023-06-18 07:12:33" level=info msg="國家全名: United States of America (the)"
time="2023-06-18 07:12:34" level=info msg="國別碼2碼: US"
time="2023-06-18 07:12:34" level=info msg="國別碼3碼: USA"
time="2023-06-18 07:12:34" level=info msg="國家全名: United States of America (the)"
time="2023-06-18 07:12:35" level=info msg="國別碼2碼: US"
time="2023-06-18 07:12:35" level=info msg="國別碼3碼: USA"
time="2023-06-18 07:12:35" level=info msg="國家全名: United States of America (the)"
time="2023-06-18 07:12:36" level=info msg="國別碼2碼: US"
time="2023-06-18 07:12:36" level=info msg="國別碼3碼: USA"
time="2023-06-18 07:12:36" level=info msg="國家全名: United States of America (the)"
time="2023-06-18 07:12:37" level=info msg="國別碼2碼: US"
time="2023-06-18 07:12:37" level=info msg="國別碼3碼: USA"
time="2023-06-18 07:12:37" level=info msg="國家全名: United States of America (the)"
time="2023-06-18 07:12:37" level=info msg="國別碼2碼: US"
time="2023-06-18 07:12:37" level=info msg="國別碼3碼: USA"
time="2023-06-18 07:12:37" level=info msg="國家全名: United States of America (the)"
time="2023-06-18 07:12:38" level=info msg="國別碼2碼: US"
time="2023-06-18 07:12:38" level=info msg="國別碼3碼: USA"
time="2023-06-18 07:12:38" level=info msg="國家全名: United States of America (the)"
time="2023-06-18 07:12:39" level=info msg="國別碼2碼: US"
time="2023-06-18 07:12:39" level=info msg="國別碼3碼: USA"
time="2023-06-18 07:12:39" level=info msg="國家全名: United States of America (the)"
time="2023-06-18 07:12:40" level=info msg="國別碼2碼: US"
time="2023-06-18 07:12:40" level=info msg="國別碼3碼: USA"
time="2023-06-18 07:12:40" level=info msg="國家全名: United States of America (the)"
time="2023-06-18 07:12:41" level=info msg="國別碼2碼: US"
time="2023-06-18 07:12:41" level=info msg="國別碼3碼: USA"
time="2023-06-18 07:12:41" level=info msg="國家全名: United States of America (the)"
time="2023-06-18 07:12:41" level=info msg="國別碼2碼: US"
time="2023-06-18 07:12:41" level=info msg="國別碼3碼: USA"
time="2023-06-18 07:12:41" level=info msg="國家全名: United States of America (the)"
time="2023-06-18 07:12:42" level=info msg="國別碼2碼: US"
time="2023-06-18 07:12:42" level=info msg="國別碼3碼: USA"
time="2023-06-18 07:12:42" level=info msg="國家全名: United States of America (the)"
time="2023-06-18 07:12:43" level=info msg="國別碼2碼: US"
time="2023-06-18 07:12:43" level=info msg="國別碼3碼: USA"
time="2023-06-18 07:12:43" level=info msg="國家全名: United States of America (the)"
time="2023-06-18 07:12:44" level=info msg="國別碼2碼: US"
time="2023-06-18 07:12:44" level=info msg="國別碼3碼: USA"
time="2023-06-18 07:12:44" level=info msg="國家全名: United States of America (the)"
time="2023-06-18 07:12:44" level=info msg="國別碼2碼: US"
time="2023-06-18 07:12:44" level=info msg="國別碼3碼: USA"
time="2023-06-18 07:12:44" level=info msg="國家全名: United States of America (the)"
time="2023-06-18 07:12:45" level=info msg="國別碼2碼: US"
time="2023-06-18 07:12:45" level=info msg="國別碼3碼: USA"
time="2023-06-18 07:12:45" level=info msg="國家全名: United States of America (the)"
time="2023-06-18 07:12:46" level=info msg="國別碼2碼: US"
time="2023-06-18 07:12:46" level=info msg="國別碼3碼: USA"
time="2023-06-18 07:12:46" level=info msg="國家全名: United States of America (the)"
time="2023-06-18 07:12:47" level=info msg="國別碼2碼: US"
time="2023-06-18 07:12:47" level=info msg="國別碼3碼: USA"
time="2023-06-18 07:12:47" level=info msg="國家全名: United States of America (the)"
time="2023-06-18 07:12:47" level=info msg="國別碼2碼: US"
time="2023-06-18 07:12:47" level=info msg="國別碼3碼: USA"
time="2023-06-18 07:12:47" level=info msg="國家全名: United States of America (the)"
time="2023-06-18 07:12:48" level=info msg="國別碼2碼: US"
time="2023-06-18 07:12:48" level=info msg="國別碼3碼: USA"
time="2023-06-18 07:12:48" level=info msg="國家全名: United States of America (the)"
time="2023-06-18 07:12:49" level=info msg="國別碼2碼: US"
time="2023-06-18 07:12:49" level=info msg="國別碼3碼: USA"
time="2023-06-18 07:12:49" level=info msg="國家全名: United States of America (the)"
time="2023-06-18 07:12:50" level=info msg="國別碼2碼: US"
time="2023-06-18 07:12:50" level=info msg="國別碼3碼: USA"
time="2023-06-18 07:12:50" level=info msg="國家全名: United States of America (the)"
time="2023-06-18 07:12:50" level=info msg="國別碼2碼: US"
time="2023-06-18 07:12:50" level=info msg="國別碼3碼: USA"
time="2023-06-18 07:12:50" level=info msg="國家全名: United States of America (the)"
time="2023-06-18 07:12:51" level=info msg="國別碼2碼: US"
time="2023-06-18 07:12:51" level=info msg="國別碼3碼: USA"
time="2023-06-18 07:12:51" level=info msg="國家全名: United States of America (the)"
time="2023-06-18 07:12:52" level=info msg="國別碼2碼: US"
time="2023-06-18 07:12:52" level=info msg="國別碼3碼: USA"
time="2023-06-18 07:12:52" level=info msg="國家全名: United States of America (the)"
time="2023-06-18 07:12:53" level=info msg="國別碼2碼: US"
time="2023-06-18 07:12:53" level=info msg="國別碼3碼: USA"
time="2023-06-18 07:12:53" level=info msg="國家全名: United States of America (the)"
time="2023-06-18 07:12:53" level=info msg="國別碼2碼: US"
time="2023-06-18 07:12:53" level=info msg="國別碼3碼: USA"
time="2023-06-18 07:12:53" level=info msg="國家全名: United States of America (the)"
time="2023-06-18 07:12:54" level=info msg="國別碼2碼: US"
time="2023-06-18 07:12:54" level=info msg="國別碼3碼: USA"
time="2023-06-18 07:12:54" level=info msg="國家全名: United States of America (the)"
time="2023-06-18 07:12:55" level=info msg="國別碼2碼: US"
time="2023-06-18 07:12:55" level=info msg="國別碼3碼: USA"
time="2023-06-18 07:12:55" level=info msg="國家全名: United States of America (the)"
time="2023-06-18 07:12:56" level=info msg="國別碼2碼: US"
time="2023-06-18 07:12:56" level=info msg="國別碼3碼: USA"
time="2023-06-18 07:12:56" level=info msg="國家全名: United States of America (the)"
time="2023-06-18 07:12:57" level=info msg="國別碼2碼: US"
time="2023-06-18 07:12:57" level=info msg="國別碼3碼: USA"
time="2023-06-18 07:12:57" level=info msg="國家全名: United States of America (the)"
time="2023-06-18 07:12:58" level=info msg="國別碼2碼: US"
time="2023-06-18 07:12:58" level=info msg="國別碼3碼: USA"
time="2023-06-18 07:12:58" level=info msg="國家全名: United States of America (the)"
time="2023-06-18 07:12:58" level=info msg="國別碼2碼: US"
time="2023-06-18 07:12:58" level=info msg="國別碼3碼: USA"
time="2023-06-18 07:12:58" level=info msg="國家全名: United States of America (the)"
time="2023-06-18 07:12:59" level=info msg="國別碼2碼: US"
time="2023-06-18 07:12:59" level=info msg="國別碼3碼: USA"
time="2023-06-18 07:12:59" level=info msg="國家全名: United States of America (the)"
time="2023-06-18 07:13:00" level=info msg="國別碼2碼: US"
time="2023-06-18 07:13:00" level=info msg="國別碼3碼: USA"
time="2023-06-18 07:13:00" level=info msg="國家全名: United States of America (the)"
time="2023-06-18 07:13:01" level=info msg="國別碼2碼: US"
time="2023-06-18 07:13:01" level=info msg="國別碼3碼: USA"
time="2023-06-18 07:13:01" level=info msg="國家全名: United States of America (the)"
time="2023-06-18 07:13:01" level=info msg="國別碼2碼: US"
time="2023-06-18 07:13:01" level=info msg="國別碼3碼: USA"
time="2023-06-18 07:13:01" level=info msg="國家全名: United States of America (the)"
time="2023-06-18 07:13:02" level=info msg="國別碼2碼: US"
time="2023-06-18 07:13:02" level=info msg="國別碼3碼: USA"
time="2023-06-18 07:13:02" level=info msg="國家全名: United States of America (the)"
time="2023-06-18 07:13:03" level=info msg="國別碼2碼: US"
time="2023-06-18 07:13:03" level=info msg="國別碼3碼: USA"
time="2023-06-18 07:13:03" level=info msg="國家全名: United States of America (the)"
time="2023-06-18 07:13:04" level=info msg="國別碼2碼: US"
time="2023-06-18 07:13:04" level=info msg="國別碼3碼: USA"
time="2023-06-18 07:13:04" level=info msg="國家全名: United States of America (the)"
time="2023-06-18 07:13:04" level=info msg="國別碼2碼: US"
time="2023-06-18 07:13:04" level=info msg="國別碼3碼: USA"
time="2023-06-18 07:13:04" level=info msg="國家全名: United States of America (the)"
time="2023-06-18 07:13:05" level=info msg="國別碼2碼: US"
time="2023-06-18 07:13:05" level=info msg="國別碼3碼: USA"
time="2023-06-18 07:13:05" level=info msg="國家全名: United States of America (the)"
time="2023-06-18 07:13:06" level=info msg="國別碼2碼: US"
time="2023-06-18 07:13:06" level=info msg="國別碼3碼: USA"
time="2023-06-18 07:13:06" level=info msg="國家全名: United States of America (the)"
time="2023-06-18 07:13:07" level=info msg="國別碼2碼: US"
time="2023-06-18 07:13:07" level=info msg="國別碼3碼: USA"
time="2023-06-18 07:13:07" level=info msg="國家全名: United States of America (the)"
time="2023-06-18 07:13:07" level=info msg="國別碼2碼: US"
time="2023-06-18 07:13:07" level=info msg="國別碼3碼: USA"
time="2023-06-18 07:13:07" level=info msg="國家全名: United States of America (the)"
time="2023-06-18 07:13:08" level=info msg="國別碼2碼: US"
time="2023-06-18 07:13:08" level=info msg="國別碼3碼: USA"
time="2023-06-18 07:13:08" level=info msg="國家全名: United States of America (the)"
time="2023-06-18 07:13:09" level=info msg="國別碼2碼: US"
time="2023-06-18 07:13:09" level=info msg="國別碼3碼: USA"
time="2023-06-18 07:13:09" level=info msg="國家全名: United States of America (the)"
time="2023-06-18 07:13:10" level=info msg="國別碼2碼: US"
time="2023-06-18 07:13:10" level=info msg="國別碼3碼: USA"
time="2023-06-18 07:13:10" level=info msg="國家全名: United States of America (the)"
time="2023-06-18 07:13:11" level=info msg="國別碼2碼: US"
time="2023-06-18 07:13:11" level=info msg="國別碼3碼: USA"
time="2023-06-18 07:13:11" level=info msg="國家全名: United States of America (the)"
time="2023-06-18 07:13:11" level=info msg="國別碼2碼: US"
time="2023-06-18 07:13:11" level=info msg="國別碼3碼: USA"
time="2023-06-18 07:13:11" level=info msg="國家全名: United States of America (the)"
time="2023-06-18 07:13:12" level=info msg="國別碼2碼: US"
time="2023-06-18 07:13:12" level=info msg="國別碼3碼: USA"
time="2023-06-18 07:13:12" level=info msg="國家全名: United States of America (the)"
time="2023-06-18 07:13:13" level=info msg="國別碼2碼: US"
time="2023-06-18 07:13:13" level=info msg="國別碼3碼: USA"
time="2023-06-18 07:13:13" level=info msg="國家全名: United States of America (the)"
time="2023-06-18 07:13:14" level=info msg="國別碼2碼: US"
time="2023-06-18 07:13:14" level=info msg="國別碼3碼: USA"
time="2023-06-18 07:13:14" level=info msg="國家全名: United States of America (the)"
time="2023-06-18 07:13:14" level=info msg="國別碼2碼: US"
time="2023-06-18 07:13:14" level=info msg="國別碼3碼: USA"
time="2023-06-18 07:13:14" level=info msg="國家全名: United States of America (the)"
time="2023-06-18 07:13:15" level=info msg="國別碼2碼: US"
time="2023-06-18 07:13:15" level=info msg="國別碼3碼: USA"
time="2023-06-18 07:13:15" level=info msg="國家全名: United States of America (the)"
time="2023-06-18 07:13:16" level=info msg="國別碼2碼: US"
time="2023-06-18 07:13:16" level=info msg="國別碼3碼: USA"
time="2023-06-18 07:13:16" level=info msg="國家全名: United States of America (the)"
time="2023-06-18 07:13:17" level=info msg="國別碼2碼: US"
time="2023-06-18 07:13:17" level=info msg="國別碼3碼: USA"
time="2023-06-18 07:13:17" level=info msg="國家全名: United States of America (the)"
time="2023-06-18 07:13:17" level=info msg="國別碼2碼: US"
time="2023-06-18 07:13:17" level=info msg="國別碼3碼: USA"
time="2023-06-18 07:13:17" level=info msg="國家全名: United States of America (the)"
time="2023-06-18 07:13:18" level=info msg="國別碼2碼: US"
time="2023-06-18 07:13:18" level=info msg="國別碼3碼: USA"
time="2023-06-18 07:13:18" level=info msg="國家全名: United States of America (the)"
time="2023-06-18 07:13:19" level=info msg="國別碼2碼: US"
time="2023-06-18 07:13:19" level=info msg="國別碼3碼: USA"
time="2023-06-18 07:13:19" level=info msg="國家全名: United States of America (the)"
time="2023-06-18 07:13:20" level=info msg="國別碼2碼: US"
time="2023-06-18 07:13:20" level=info msg="國別碼3碼: USA"
time="2023-06-18 07:13:20" level=info msg="國家全名: United States of America (the)"
time="2023-06-18 07:13:20" level=info msg="國別碼2碼: US"
time="2023-06-18 07:13:20" level=info msg="國別碼3碼: USA"
time="2023-06-18 07:13:20" level=info msg="國家全名: United States of America (the)"
time="2023-06-18 07:13:21" level=info msg="國別碼2碼: US"
time="2023-06-18 07:13:21" level=info msg="國別碼3碼: USA"
time="2023-06-18 07:13:21" level=info msg="國家全名: United States of America (the)"
time="2023-06-18 07:13:22" level=info msg="國別碼2碼: US"
time="2023-06-18 07:13:22" level=info msg="國別碼3碼: USA"
time="2023-06-18 07:13:22" level=info msg="國家全名: United States of America (the)"
time="2023-06-18 07:13:23" level=info msg="國別碼2碼: US"
time="2023-06-18 07:13:23" level=info msg="國別碼3碼: USA"
time="2023-06-18 07:13:23" level=info msg="國家全名: United States of America (the)"
time="2023-06-18 07:13:23" level=info msg="國別碼2碼: US"
time="2023-06-18 07:13:23" level=info msg="國別碼3碼: USA"
time="2023-06-18 07:13:23" level=info msg="國家全名: United States of America (the)"
time="2023-06-18 07:13:38" level=info msg="國別碼2碼: NL"
time="2023-06-18 07:13:38" level=info msg="國別碼3碼: NLD"
time="2023-06-18 07:13:38" level=info msg="國家全名: Netherlands (the)"
time="2023-06-18 07:17:45" level=info msg="國別碼2碼: KR"
time="2023-06-18 07:17:45" level=info msg="國別碼3碼: KOR"
time="2023-06-18 07:17:45" level=info msg="國家全名: Korea (the Republic of)"
time="2023-06-18 07:18:56" level=info msg="國別碼2碼: RU"
time="2023-06-18 07:18:56" level=info msg="國別碼3碼: RUS"
time="2023-06-18 07:18:56" level=info msg="國家全名: Russian Federation (the)"
time="2023-06-18 07:24:40" level=info msg="國別碼2碼: NL"
time="2023-06-18 07:24:40" level=info msg="國別碼3碼: NLD"
time="2023-06-18 07:24:40" level=info msg="國家全名: Netherlands (the)"
time="2023-06-18 07:38:43" level=info msg="國別碼2碼: US"
time="2023-06-18 07:38:43" level=info msg="國別碼3碼: USA"
time="2023-06-18 07:38:43" level=info msg="國家全名: United States of America (the)"
time="2023-06-18 07:38:44" level=info msg="國別碼2碼: US"
time="2023-06-18 07:38:44" level=info msg="國別碼3碼: USA"
time="2023-06-18 07:38:44" level=info msg="國家全名: United States of America (the)"
time="2023-06-18 07:38:45" level=info msg="國別碼2碼: US"
time="2023-06-18 07:38:45" level=info msg="國別碼3碼: USA"
time="2023-06-18 07:38:45" level=info msg="國家全名: United States of America (the)"
time="2023-06-18 07:46:41" level=info msg="國別碼2碼: NL"
time="2023-06-18 07:46:41" level=info msg="國別碼3碼: NLD"
time="2023-06-18 07:46:41" level=info msg="國家全名: Netherlands (the)"
time="2023-06-18 07:46:48" level=info msg="國別碼2碼: TW"
time="2023-06-18 07:46:48" level=info msg="國別碼3碼: TWN"
time="2023-06-18 07:46:48" level=info msg="國家全名: Taiwan (Province of China)"
time="2023-06-18 07:46:48" level=info msg="國別碼2碼: TW"
time="2023-06-18 07:46:48" level=info msg="國別碼3碼: TWN"
time="2023-06-18 07:46:48" level=info msg="國家全名: Taiwan (Province of China)"
time="2023-06-18 07:46:48" level=info msg="國別碼2碼: TW"
time="2023-06-18 07:46:48" level=info msg="國別碼3碼: TWN"
time="2023-06-18 07:46:48" level=info msg="國家全名: Taiwan (Province of China)"
time="2023-06-18 07:46:49" level=info msg="國別碼2碼: TW"
time="2023-06-18 07:46:49" level=info msg="國別碼3碼: TWN"
time="2023-06-18 07:46:49" level=info msg="國家全名: Taiwan (Province of China)"
time="2023-06-18 07:51:17" level=info msg="國別碼2碼: PL"
time="2023-06-18 07:51:17" level=info msg="國別碼3碼: POL"
time="2023-06-18 07:51:17" level=info msg="國家全名: Poland"
time="2023-06-18 07:54:53" level=info msg="國別碼2碼: NL"
time="2023-06-18 07:54:53" level=info msg="國別碼3碼: NLD"
time="2023-06-18 07:54:53" level=info msg="國家全名: Netherlands (the)"
time="2023-06-18 08:04:16" level=info msg="國別碼2碼: RU"
time="2023-06-18 08:04:16" level=info msg="國別碼3碼: RUS"
time="2023-06-18 08:04:16" level=info msg="國家全名: Russian Federation (the)"
time="2023-06-18 08:06:16" level=info msg="國別碼2碼: FR"
time="2023-06-18 08:06:16" level=info msg="國別碼3碼: FRA"
time="2023-06-18 08:06:16" level=info msg="國家全名: France"
time="2023-06-18 08:06:18" level=info msg="國別碼2碼: FR"
time="2023-06-18 08:06:18" level=info msg="國別碼3碼: FRA"
time="2023-06-18 08:06:18" level=info msg="國家全名: France"
time="2023-06-18 08:10:41" level=info msg="國別碼2碼: DE"
time="2023-06-18 08:10:41" level=info msg="國別碼3碼: DEU"
time="2023-06-18 08:10:41" level=info msg="國家全名: Germany"
time="2023-06-18 08:20:08" level=info msg="國別碼2碼: NL"
time="2023-06-18 08:20:08" level=info msg="國別碼3碼: NLD"
time="2023-06-18 08:20:08" level=info msg="國家全名: Netherlands (the)"
time="2023-06-18 08:30:56" level=info msg="國別碼2碼: FR"
time="2023-06-18 08:30:56" level=info msg="國別碼3碼: FRA"
time="2023-06-18 08:30:56" level=info msg="國家全名: France"
time="2023-06-18 08:30:57" level=info msg="國別碼2碼: FR"
time="2023-06-18 08:30:57" level=info msg="國別碼3碼: FRA"
time="2023-06-18 08:30:57" level=info msg="國家全名: France"
time="2023-06-18 08:33:22" level=info msg="國別碼2碼: NL"
time="2023-06-18 08:33:22" level=info msg="國別碼3碼: NLD"
time="2023-06-18 08:33:22" level=info msg="國家全名: Netherlands (the)"
time="2023-06-18 08:39:51" level=info msg="國別碼2碼: RU"
time="2023-06-18 08:39:51" level=info msg="國別碼3碼: RUS"
time="2023-06-18 08:39:51" level=info msg="國家全名: Russian Federation (the)"
time="2023-06-18 08:52:36" level=info msg="國別碼2碼: US"
time="2023-06-18 08:52:36" level=info msg="國別碼3碼: USA"
time="2023-06-18 08:52:36" level=info msg="國家全名: United States of America (the)"
time="2023-06-18 08:52:37" level=info msg="國別碼2碼: US"
time="2023-06-18 08:52:37" level=info msg="國別碼3碼: USA"
time="2023-06-18 08:52:37" level=info msg="國家全名: United States of America (the)"
time="2023-06-18 08:52:38" level=info msg="國別碼2碼: US"
time="2023-06-18 08:52:38" level=info msg="國別碼3碼: USA"
time="2023-06-18 08:52:38" level=info msg="國家全名: United States of America (the)"
time="2023-06-18 08:52:39" level=info msg="國別碼2碼: US"
time="2023-06-18 08:52:39" level=info msg="國別碼3碼: USA"
time="2023-06-18 08:52:39" level=info msg="國家全名: United States of America (the)"
time="2023-06-18 08:52:40" level=info msg="國別碼2碼: US"
time="2023-06-18 08:52:40" level=info msg="國別碼3碼: USA"
time="2023-06-18 08:52:40" level=info msg="國家全名: United States of America (the)"
time="2023-06-18 08:57:23" level=info msg="國別碼2碼: NL"
time="2023-06-18 08:57:23" level=info msg="國別碼3碼: NLD"
time="2023-06-18 08:57:23" level=info msg="國家全名: Netherlands (the)"
time="2023-06-18 09:07:02" level=info msg="國別碼2碼: FR"
time="2023-06-18 09:07:02" level=info msg="國別碼3碼: FRA"
time="2023-06-18 09:07:02" level=info msg="國家全名: France"
time="2023-06-18 09:07:03" level=info msg="國別碼2碼: FR"
time="2023-06-18 09:07:03" level=info msg="國別碼3碼: FRA"
time="2023-06-18 09:07:03" level=info msg="國家全名: France"
time="2023-06-18 09:13:09" level=info msg="國別碼2碼: NL"
time="2023-06-18 09:13:09" level=info msg="國別碼3碼: NLD"
time="2023-06-18 09:13:09" level=info msg="國家全名: Netherlands (the)"
time="2023-06-18 09:50:39" level=info msg="國別碼2碼: FR"
time="2023-06-18 09:50:39" level=info msg="國別碼3碼: FRA"
time="2023-06-18 09:50:39" level=info msg="國家全名: France"
time="2023-06-18 09:50:40" level=info msg="國別碼2碼: FR"
time="2023-06-18 09:50:40" level=info msg="國別碼3碼: FRA"
time="2023-06-18 09:50:40" level=info msg="國家全名: France"
time="2023-06-18 10:36:51" level=info msg="國別碼2碼: US"
time="2023-06-18 10:36:51" level=info msg="國別碼3碼: USA"
time="2023-06-18 10:36:51" level=info msg="國家全名: United States of America (the)"
time="2023-06-18 10:37:03" level=info msg="國別碼2碼: NL"
time="2023-06-18 10:37:03" level=info msg="國別碼3碼: NLD"
time="2023-06-18 10:37:03" level=info msg="國家全名: Netherlands (the)"
time="2023-06-18 10:49:08" level=info msg="國別碼2碼: NL"
time="2023-06-18 10:49:08" level=info msg="國別碼3碼: NLD"
time="2023-06-18 10:49:08" level=info msg="國家全名: Netherlands (the)"
time="2023-06-18 10:57:25" level=info msg="國別碼2碼: FR"
time="2023-06-18 10:57:25" level=info msg="國別碼3碼: FRA"
time="2023-06-18 10:57:25" level=info msg="國家全名: France"
time="2023-06-18 10:57:26" level=info msg="國別碼2碼: FR"
time="2023-06-18 10:57:26" level=info msg="國別碼3碼: FRA"
time="2023-06-18 10:57:26" level=info msg="國家全名: France"
time="2023-06-18 11:00:07" level=info msg="國別碼2碼: NL"
time="2023-06-18 11:00:07" level=info msg="國別碼3碼: NLD"
time="2023-06-18 11:00:07" level=info msg="國家全名: Netherlands (the)"
time="2023-06-18 11:06:02" level=info msg="國別碼2碼: LT"
time="2023-06-18 11:06:02" level=info msg="國別碼3碼: LTU"
time="2023-06-18 11:06:02" level=info msg="國家全名: Lithuania"
time="2023-06-18 11:16:13" level=info msg="國別碼2碼: NL"
time="2023-06-18 11:16:13" level=info msg="國別碼3碼: NLD"
time="2023-06-18 11:16:13" level=info msg="國家全名: Netherlands (the)"
time="2023-06-18 11:27:53" level=info msg="國別碼2碼: NL"
time="2023-06-18 11:27:53" level=info msg="國別碼3碼: NLD"
time="2023-06-18 11:27:53" level=info msg="國家全名: Netherlands (the)"
time="2023-06-18 11:38:45" level=info msg="國別碼2碼: NL"
time="2023-06-18 11:38:45" level=info msg="國別碼3碼: NLD"
time="2023-06-18 11:38:45" level=info msg="國家全名: Netherlands (the)"
time="2023-06-18 11:51:22" level=info msg="國別碼2碼: NL"
time="2023-06-18 11:51:22" level=info msg="國別碼3碼: NLD"
time="2023-06-18 11:51:22" level=info msg="國家全名: Netherlands (the)"
time="2023-06-18 11:51:59" level=info msg="國別碼2碼: FR"
time="2023-06-18 11:51:59" level=info msg="國別碼3碼: FRA"
time="2023-06-18 11:51:59" level=info msg="國家全名: France"
time="2023-06-18 11:52:00" level=info msg="國別碼2碼: FR"
time="2023-06-18 11:52:00" level=info msg="國別碼3碼: FRA"
time="2023-06-18 11:52:00" level=info msg="國家全名: France"
time="2023-06-18 12:06:41" level=info msg="國別碼2碼: NL"
time="2023-06-18 12:06:41" level=info msg="國別碼3碼: NLD"
time="2023-06-18 12:06:41" level=info msg="國家全名: Netherlands (the)"
time="2023-06-18 12:10:52" level=info msg="國別碼2碼: DE"
time="2023-06-18 12:10:52" level=info msg="國別碼3碼: DEU"
time="2023-06-18 12:10:52" level=info msg="國家全名: Germany"
time="2023-06-18 12:10:53" level=info msg="國別碼2碼: DE"
time="2023-06-18 12:10:53" level=info msg="國別碼3碼: DEU"
time="2023-06-18 12:10:53" level=info msg="國家全名: Germany"
time="2023-06-18 12:10:54" level=info msg="國別碼2碼: DE"
time="2023-06-18 12:10:54" level=info msg="國別碼3碼: DEU"
time="2023-06-18 12:10:54" level=info msg="國家全名: Germany"
time="2023-06-18 12:10:56" level=info msg="國別碼2碼: DE"
time="2023-06-18 12:10:56" level=info msg="國別碼3碼: DEU"
time="2023-06-18 12:10:56" level=info msg="國家全名: Germany"
time="2023-06-18 12:10:57" level=info msg="國別碼2碼: DE"
time="2023-06-18 12:10:57" level=info msg="國別碼3碼: DEU"
time="2023-06-18 12:10:57" level=info msg="國家全名: Germany"
time="2023-06-18 12:10:58" level=info msg="國別碼2碼: DE"
time="2023-06-18 12:10:58" level=info msg="國別碼3碼: DEU"
time="2023-06-18 12:10:58" level=info msg="國家全名: Germany"
time="2023-06-18 12:10:59" level=info msg="國別碼2碼: DE"
time="2023-06-18 12:10:59" level=info msg="國別碼3碼: DEU"
time="2023-06-18 12:10:59" level=info msg="國家全名: Germany"
time="2023-06-18 12:11:00" level=info msg="國別碼2碼: DE"
time="2023-06-18 12:11:00" level=info msg="國別碼3碼: DEU"
time="2023-06-18 12:11:00" level=info msg="國家全名: Germany"
time="2023-06-18 12:11:01" level=info msg="國別碼2碼: DE"
time="2023-06-18 12:11:01" level=info msg="國別碼3碼: DEU"
time="2023-06-18 12:11:01" level=info msg="國家全名: Germany"
time="2023-06-18 12:12:46" level=info msg="國別碼2碼: US"
time="2023-06-18 12:12:46" level=info msg="國別碼3碼: USA"
time="2023-06-18 12:12:46" level=info msg="國家全名: United States of America (the)"
time="2023-06-18 12:13:05" level=info msg="國別碼2碼: US"
time="2023-06-18 12:13:05" level=info msg="國別碼3碼: USA"
time="2023-06-18 12:13:05" level=info msg="國家全名: United States of America (the)"
time="2023-06-18 12:22:49" level=info msg="國別碼2碼: NL"
time="2023-06-18 12:22:49" level=info msg="國別碼3碼: NLD"
time="2023-06-18 12:22:49" level=info msg="國家全名: Netherlands (the)"
time="2023-06-18 12:29:35" level=info msg="國別碼2碼: NL"
time="2023-06-18 12:29:35" level=info msg="國別碼3碼: NLD"
time="2023-06-18 12:29:35" level=info msg="國家全名: Netherlands (the)"
time="2023-06-18 12:41:08" level=info msg="國別碼2碼: RU"
time="2023-06-18 12:41:08" level=info msg="國別碼3碼: RUS"
time="2023-06-18 12:41:08" level=info msg="國家全名: Russian Federation (the)"
time="2023-06-18 12:42:11" level=info msg="國別碼2碼: NL"
time="2023-06-18 12:42:11" level=info msg="國別碼3碼: NLD"
time="2023-06-18 12:42:11" level=info msg="國家全名: Netherlands (the)"
time="2023-06-18 12:52:27" level=info msg="國別碼2碼: US"
time="2023-06-18 12:52:27" level=info msg="國別碼3碼: USA"
time="2023-06-18 12:52:27" level=info msg="國家全名: United States of America (the)"
time="2023-06-18 12:52:28" level=info msg="國別碼2碼: US"
time="2023-06-18 12:52:28" level=info msg="國別碼3碼: USA"
time="2023-06-18 12:52:28" level=info msg="國家全名: United States of America (the)"
time="2023-06-18 13:00:32" level=info msg="國別碼2碼: NL"
time="2023-06-18 13:00:32" level=info msg="國別碼3碼: NLD"
time="2023-06-18 13:00:32" level=info msg="國家全名: Netherlands (the)"
time="2023-06-18 13:09:01" level=info msg="國別碼2碼: FR"
time="2023-06-18 13:09:01" level=info msg="國別碼3碼: FRA"
time="2023-06-18 13:09:01" level=info msg="國家全名: France"
time="2023-06-18 13:09:02" level=info msg="國別碼2碼: FR"
time="2023-06-18 13:09:02" level=info msg="國別碼3碼: FRA"
time="2023-06-18 13:09:02" level=info msg="國家全名: France"
time="2023-06-18 13:09:27" level=info msg="國別碼2碼: NL"
time="2023-06-18 13:09:27" level=info msg="國別碼3碼: NLD"
time="2023-06-18 13:09:27" level=info msg="國家全名: Netherlands (the)"
time="2023-06-18 13:21:54" level=info msg="國別碼2碼: NL"
time="2023-06-18 13:21:54" level=info msg="國別碼3碼: NLD"
time="2023-06-18 13:21:54" level=info msg="國家全名: Netherlands (the)"
time="2023-06-18 13:26:16" level=info msg="國別碼2碼: PT"
time="2023-06-18 13:26:16" level=info msg="國別碼3碼: PRT"
time="2023-06-18 13:26:16" level=info msg="國家全名: Portugal"
time="2023-06-18 13:29:32" level=info msg="國別碼2碼: CH"
time="2023-06-18 13:29:32" level=info msg="國別碼3碼: CHE"
time="2023-06-18 13:29:32" level=info msg="國家全名: Switzerland"
time="2023-06-18 13:35:51" level=info msg="國別碼2碼: TW"
time="2023-06-18 13:35:51" level=info msg="國別碼3碼: TWN"
time="2023-06-18 13:35:51" level=info msg="國家全名: Taiwan (Province of China)"
time="2023-06-18 13:37:45" level=info msg="國別碼2碼: NL"
time="2023-06-18 13:37:45" level=info msg="國別碼3碼: NLD"
time="2023-06-18 13:37:45" level=info msg="國家全名: Netherlands (the)"
time="2023-06-18 13:42:23" level=info msg="國別碼2碼: PT"
time="2023-06-18 13:42:23" level=info msg="國別碼3碼: PRT"
time="2023-06-18 13:42:23" level=info msg="國家全名: Portugal"
time="2023-06-18 13:42:42" level=info msg="國別碼2碼: PT"
time="2023-06-18 13:42:42" level=info msg="國別碼3碼: PRT"
time="2023-06-18 13:42:42" level=info msg="國家全名: Portugal"
time="2023-06-18 13:42:43" level=info msg="國別碼2碼: PT"
time="2023-06-18 13:42:43" level=info msg="國別碼3碼: PRT"
time="2023-06-18 13:42:43" level=info msg="國家全名: Portugal"
time="2023-06-18 13:42:59" level=info msg="國別碼2碼: PT"
time="2023-06-18 13:42:59" level=info msg="國別碼3碼: PRT"
time="2023-06-18 13:42:59" level=info msg="國家全名: Portugal"
time="2023-06-18 13:43:00" level=info msg="國別碼2碼: PT"
time="2023-06-18 13:43:00" level=info msg="國別碼3碼: PRT"
time="2023-06-18 13:43:00" level=info msg="國家全名: Portugal"
time="2023-06-18 13:43:01" level=info msg="國別碼2碼: PT"
time="2023-06-18 13:43:01" level=info msg="國別碼3碼: PRT"
time="2023-06-18 13:43:01" level=info msg="國家全名: Portugal"
time="2023-06-18 13:43:02" level=info msg="國別碼2碼: PT"
time="2023-06-18 13:43:02" level=info msg="國別碼3碼: PRT"
time="2023-06-18 13:43:02" level=info msg="國家全名: Portugal"
time="2023-06-18 13:43:18" level=info msg="國別碼2碼: PT"
time="2023-06-18 13:43:18" level=info msg="國別碼3碼: PRT"
time="2023-06-18 13:43:18" level=info msg="國家全名: Portugal"
time="2023-06-18 13:43:33" level=info msg="國別碼2碼: PT"
time="2023-06-18 13:43:33" level=info msg="國別碼3碼: PRT"
time="2023-06-18 13:43:33" level=info msg="國家全名: Portugal"
time="2023-06-18 13:45:45" level=info msg="國別碼2碼: NL"
time="2023-06-18 13:45:45" level=info msg="國別碼3碼: NLD"
time="2023-06-18 13:45:45" level=info msg="國家全名: Netherlands (the)"
time="2023-06-18 14:01:39" level=info msg="國別碼2碼: NL"
time="2023-06-18 14:01:39" level=info msg="國別碼3碼: NLD"
time="2023-06-18 14:01:39" level=info msg="國家全名: Netherlands (the)"
time="2023-06-18 14:06:54" level=info msg="國別碼2碼: FR"
time="2023-06-18 14:06:54" level=info msg="國別碼3碼: FRA"
time="2023-06-18 14:06:54" level=info msg="國家全名: France"
time="2023-06-18 14:06:55" level=info msg="國別碼2碼: FR"
time="2023-06-18 14:06:55" level=info msg="國別碼3碼: FRA"
time="2023-06-18 14:06:55" level=info msg="國家全名: France"
time="2023-06-18 14:16:15" level=info msg="國別碼2碼: NL"
time="2023-06-18 14:16:15" level=info msg="國別碼3碼: NLD"
time="2023-06-18 14:16:15" level=info msg="國家全名: Netherlands (the)"
time="2023-06-18 14:29:35" level=info msg="國別碼2碼: NL"
time="2023-06-18 14:29:35" level=info msg="國別碼3碼: NLD"
time="2023-06-18 14:29:35" level=info msg="國家全名: Netherlands (the)"
time="2023-06-18 14:32:32" level=info msg="國別碼2碼: BR"
time="2023-06-18 14:32:32" level=info msg="國別碼3碼: BRA"
time="2023-06-18 14:32:32" level=info msg="國家全名: Brazil"
time="2023-06-18 14:44:36" level=info msg="國別碼2碼: NL"
time="2023-06-18 14:44:36" level=info msg="國別碼3碼: NLD"
time="2023-06-18 14:44:36" level=info msg="國家全名: Netherlands (the)"
time="2023-06-18 14:45:57" level=info msg="國別碼2碼: CH"
time="2023-06-18 14:45:57" level=info msg="國別碼3碼: CHE"
time="2023-06-18 14:45:57" level=info msg="國家全名: Switzerland"
time="2023-06-18 14:53:50" level=info msg="國別碼2碼: NL"
time="2023-06-18 14:53:50" level=info msg="國別碼3碼: NLD"
time="2023-06-18 14:53:50" level=info msg="國家全名: Netherlands (the)"
time="2023-06-18 15:11:23" level=info msg="國別碼2碼: US"
time="2023-06-18 15:11:23" level=info msg="國別碼3碼: USA"
time="2023-06-18 15:11:23" level=info msg="國家全名: United States of America (the)"
time="2023-06-18 15:13:22" level=info msg="國別碼2碼: NL"
time="2023-06-18 15:13:22" level=info msg="國別碼3碼: NLD"
time="2023-06-18 15:13:22" level=info msg="國家全名: Netherlands (the)"
time="2023-06-18 15:30:59" level=info msg="國別碼2碼: NL"
time="2023-06-18 15:30:59" level=info msg="國別碼3碼: NLD"
time="2023-06-18 15:30:59" level=info msg="國家全名: Netherlands (the)"
time="2023-06-18 15:40:54" level=info msg="國別碼2碼: NL"
time="2023-06-18 15:40:54" level=info msg="國別碼3碼: NLD"
time="2023-06-18 15:40:54" level=info msg="國家全名: Netherlands (the)"
time="2023-06-18 15:41:44" level=info msg="國別碼2碼: NL"
time="2023-06-18 15:41:44" level=info msg="國別碼3碼: NLD"
time="2023-06-18 15:41:44" level=info msg="國家全名: Netherlands (the)"
time="2023-06-18 15:50:39" level=info msg="國別碼2碼: NL"
time="2023-06-18 15:50:39" level=info msg="國別碼3碼: NLD"
time="2023-06-18 15:50:39" level=info msg="國家全名: Netherlands (the)"
time="2023-06-18 15:52:30" level=info msg="國別碼2碼: FR"
time="2023-06-18 15:52:30" level=info msg="國別碼3碼: FRA"
time="2023-06-18 15:52:30" level=info msg="國家全名: France"
time="2023-06-18 15:52:31" level=info msg="國別碼2碼: FR"
time="2023-06-18 15:52:31" level=info msg="國別碼3碼: FRA"
time="2023-06-18 15:52:31" level=info msg="國家全名: France"
time="2023-06-18 15:58:21" level=info msg="國別碼2碼: LT"
time="2023-06-18 15:58:21" level=info msg="國別碼3碼: LTU"
time="2023-06-18 15:58:21" level=info msg="國家全名: Lithuania"
time="2023-06-18 16:04:24" level=info msg="國別碼2碼: US"
time="2023-06-18 16:04:24" level=info msg="國別碼3碼: USA"
time="2023-06-18 16:04:24" level=info msg="國家全名: United States of America (the)"
time="2023-06-18 16:06:33" level=info msg="國別碼2碼: NL"
time="2023-06-18 16:06:33" level=info msg="國別碼3碼: NLD"
time="2023-06-18 16:06:33" level=info msg="國家全名: Netherlands (the)"
time="2023-06-18 16:12:05" level=info msg="國別碼2碼: US"
time="2023-06-18 16:12:05" level=info msg="國別碼3碼: USA"
time="2023-06-18 16:12:05" level=info msg="國家全名: United States of America (the)"
time="2023-06-18 16:17:33" level=info msg="國別碼2碼: NL"
time="2023-06-18 16:17:33" level=info msg="國別碼3碼: NLD"
time="2023-06-18 16:17:33" level=info msg="國家全名: Netherlands (the)"
time="2023-06-18 16:28:39" level=info msg="國別碼2碼: US"
time="2023-06-18 16:28:39" level=info msg="國別碼3碼: USA"
time="2023-06-18 16:28:39" level=info msg="國家全名: United States of America (the)"
time="2023-06-18 16:35:08" level=info msg="國別碼2碼: NL"
time="2023-06-18 16:35:08" level=info msg="國別碼3碼: NLD"
time="2023-06-18 16:35:08" level=info msg="國家全名: Netherlands (the)"
time="2023-06-18 16:42:03" level=info msg="國別碼2碼: VN"
time="2023-06-18 16:42:03" level=info msg="國別碼3碼: VNM"
time="2023-06-18 16:42:03" level=info msg="國家全名: Viet Nam"
time="2023-06-18 16:46:45" level=info msg="國別碼2碼: FR"
time="2023-06-18 16:46:45" level=info msg="國別碼3碼: FRA"
time="2023-06-18 16:46:45" level=info msg="國家全名: France"
time="2023-06-18 16:46:46" level=info msg="國別碼2碼: FR"
time="2023-06-18 16:46:46" level=info msg="國別碼3碼: FRA"
time="2023-06-18 16:46:46" level=info msg="國家全名: France"
time="2023-06-18 16:49:37" level=info msg="國別碼2碼: NL"
time="2023-06-18 16:49:37" level=info msg="國別碼3碼: NLD"
time="2023-06-18 16:49:37" level=info msg="國家全名: Netherlands (the)"
time="2023-06-18 16:56:31" level=info msg="國別碼2碼: US"
time="2023-06-18 16:56:31" level=info msg="國別碼3碼: USA"
time="2023-06-18 16:56:31" level=info msg="國家全名: United States of America (the)"
time="2023-06-18 17:09:05" level=info msg="國別碼2碼: NL"
time="2023-06-18 17:09:05" level=info msg="國別碼3碼: NLD"
time="2023-06-18 17:09:05" level=info msg="國家全名: Netherlands (the)"
time="2023-06-18 17:09:07" level=info msg="國別碼2碼: PT"
time="2023-06-18 17:09:07" level=info msg="國別碼3碼: PRT"
time="2023-06-18 17:09:07" level=info msg="國家全名: Portugal"
time="2023-06-18 17:17:50" level=info msg="國別碼2碼: NL"
time="2023-06-18 17:17:50" level=info msg="國別碼3碼: NLD"
time="2023-06-18 17:17:50" level=info msg="國家全名: Netherlands (the)"
time="2023-06-18 17:21:45" level=info msg="國別碼2碼: FR"
time="2023-06-18 17:21:45" level=info msg="國別碼3碼: FRA"
time="2023-06-18 17:21:45" level=info msg="國家全名: France"
time="2023-06-18 17:21:46" level=info msg="國別碼2碼: FR"
time="2023-06-18 17:21:46" level=info msg="國別碼3碼: FRA"
time="2023-06-18 17:21:46" level=info msg="國家全名: France"
time="2023-06-18 17:22:25" level=info msg="國別碼2碼: PT"
time="2023-06-18 17:22:25" level=info msg="國別碼3碼: PRT"
time="2023-06-18 17:22:25" level=info msg="國家全名: Portugal"
time="2023-06-18 17:37:43" level=info msg="國別碼2碼: NL"
time="2023-06-18 17:37:43" level=info msg="國別碼3碼: NLD"
time="2023-06-18 17:37:43" level=info msg="國家全名: Netherlands (the)"
time="2023-06-18 17:46:16" level=info msg="國別碼2碼: NL"
time="2023-06-18 17:46:16" level=info msg="國別碼3碼: NLD"
time="2023-06-18 17:46:16" level=info msg="國家全名: Netherlands (the)"
time="2023-06-18 18:03:27" level=info msg="國別碼2碼: NL"
time="2023-06-18 18:03:27" level=info msg="國別碼3碼: NLD"
time="2023-06-18 18:03:27" level=info msg="國家全名: Netherlands (the)"
time="2023-06-18 18:18:54" level=info msg="國別碼2碼: FR"
time="2023-06-18 18:18:54" level=info msg="國別碼3碼: FRA"
time="2023-06-18 18:18:54" level=info msg="國家全名: France"
time="2023-06-18 18:18:55" level=info msg="國別碼2碼: FR"
time="2023-06-18 18:18:55" level=info msg="國別碼3碼: FRA"
time="2023-06-18 18:18:55" level=info msg="國家全名: France"
time="2023-06-18 18:24:54" level=info msg="國別碼2碼: US"
time="2023-06-18 18:24:54" level=info msg="國別碼3碼: USA"
time="2023-06-18 18:24:54" level=info msg="國家全名: United States of America (the)"
time="2023-06-18 18:31:51" level=info msg="國別碼2碼: US"
time="2023-06-18 18:31:51" level=info msg="國別碼3碼: USA"
time="2023-06-18 18:31:51" level=info msg="國家全名: United States of America (the)"
time="2023-06-18 18:49:14" level=info msg="國別碼2碼: FR"
time="2023-06-18 18:49:14" level=info msg="國別碼3碼: FRA"
time="2023-06-18 18:49:14" level=info msg="國家全名: France"
time="2023-06-18 18:49:15" level=info msg="國別碼2碼: FR"
time="2023-06-18 18:49:15" level=info msg="國別碼3碼: FRA"
time="2023-06-18 18:49:15" level=info msg="國家全名: France"
time="2023-06-18 19:26:57" level=info msg="國別碼2碼: FR"
time="2023-06-18 19:26:57" level=info msg="國別碼3碼: FRA"
time="2023-06-18 19:26:57" level=info msg="國家全名: France"
time="2023-06-18 19:26:58" level=info msg="國別碼2碼: FR"
time="2023-06-18 19:26:58" level=info msg="國別碼3碼: FRA"
time="2023-06-18 19:26:58" level=info msg="國家全名: France"
time="2023-06-18 19:27:48" level=info msg="國別碼2碼: US"
time="2023-06-18 19:27:48" level=info msg="國別碼3碼: USA"
time="2023-06-18 19:27:48" level=info msg="國家全名: United States of America (the)"
time="2023-06-18 19:27:49" level=info msg="國別碼2碼: US"
time="2023-06-18 19:27:49" level=info msg="國別碼3碼: USA"
time="2023-06-18 19:27:49" level=info msg="國家全名: United States of America (the)"
time="2023-06-18 19:27:50" level=info msg="國別碼2碼: US"
time="2023-06-18 19:27:50" level=info msg="國別碼3碼: USA"
time="2023-06-18 19:27:50" level=info msg="國家全名: United States of America (the)"
time="2023-06-18 19:27:51" level=info msg="國別碼2碼: US"
time="2023-06-18 19:27:51" level=info msg="國別碼3碼: USA"
time="2023-06-18 19:27:51" level=info msg="國家全名: United States of America (the)"
time="2023-06-18 19:27:52" level=info msg="國別碼2碼: US"
time="2023-06-18 19:27:52" level=info msg="國別碼3碼: USA"
time="2023-06-18 19:27:52" level=info msg="國家全名: United States of America (the)"
time="2023-06-18 19:28:12" level=info msg="國別碼2碼: NL"
time="2023-06-18 19:28:12" level=info msg="國別碼3碼: NLD"
time="2023-06-18 19:28:12" level=info msg="國家全名: Netherlands (the)"
time="2023-06-18 19:42:28" level=info msg="國別碼2碼: NL"
time="2023-06-18 19:42:28" level=info msg="國別碼3碼: NLD"
time="2023-06-18 19:42:28" level=info msg="國家全名: Netherlands (the)"
time="2023-06-18 20:03:14" level=info msg="國別碼2碼: NL"
time="2023-06-18 20:03:14" level=info msg="國別碼3碼: NLD"
time="2023-06-18 20:03:14" level=info msg="國家全名: Netherlands (the)"
time="2023-06-18 20:06:03" level=info msg="國別碼2碼: US"
time="2023-06-18 20:06:03" level=info msg="國別碼3碼: USA"
time="2023-06-18 20:06:03" level=info msg="國家全名: United States of America (the)"
time="2023-06-18 20:06:04" level=info msg="國別碼2碼: US"
time="2023-06-18 20:06:04" level=info msg="國別碼3碼: USA"
time="2023-06-18 20:06:04" level=info msg="國家全名: United States of America (the)"
time="2023-06-18 20:11:40" level=info msg="國別碼2碼: NL"
time="2023-06-18 20:11:40" level=info msg="國別碼3碼: NLD"
time="2023-06-18 20:11:40" level=info msg="國家全名: Netherlands (the)"
time="2023-06-18 20:20:09" level=info msg="國別碼2碼: FR"
time="2023-06-18 20:20:09" level=info msg="國別碼3碼: FRA"
time="2023-06-18 20:20:09" level=info msg="國家全名: France"
time="2023-06-18 20:20:10" level=info msg="國別碼2碼: FR"
time="2023-06-18 20:20:10" level=info msg="國別碼3碼: FRA"
time="2023-06-18 20:20:10" level=info msg="國家全名: France"
time="2023-06-18 20:24:37" level=info msg="國別碼2碼: NL"
time="2023-06-18 20:24:37" level=info msg="國別碼3碼: NLD"
time="2023-06-18 20:24:37" level=info msg="國家全名: Netherlands (the)"
time="2023-06-18 20:39:17" level=info msg="國別碼2碼: NL"
time="2023-06-18 20:39:17" level=info msg="國別碼3碼: NLD"
time="2023-06-18 20:39:17" level=info msg="國家全名: Netherlands (the)"
time="2023-06-18 20:46:55" level=info msg="國別碼2碼: IN"
time="2023-06-18 20:46:55" level=info msg="國別碼3碼: IND"
time="2023-06-18 20:46:55" level=info msg="國家全名: India"
time="2023-06-18 20:57:51" level=info msg="國別碼2碼: NL"
time="2023-06-18 20:57:51" level=info msg="國別碼3碼: NLD"
time="2023-06-18 20:57:51" level=info msg="國家全名: Netherlands (the)"
time="2023-06-18 21:03:29" level=info msg="國別碼2碼: US"
time="2023-06-18 21:03:29" level=info msg="國別碼3碼: USA"
time="2023-06-18 21:03:29" level=info msg="國家全名: United States of America (the)"
time="2023-06-18 21:14:03" level=info msg="國別碼2碼: NL"
time="2023-06-18 21:14:03" level=info msg="國別碼3碼: NLD"
time="2023-06-18 21:14:03" level=info msg="國家全名: Netherlands (the)"
time="2023-06-18 21:31:04" level=info msg="國別碼2碼: NL"
time="2023-06-18 21:31:04" level=info msg="國別碼3碼: NLD"
time="2023-06-18 21:31:04" level=info msg="國家全名: Netherlands (the)"
time="2023-06-18 21:36:02" level=info msg="國別碼2碼: FR"
time="2023-06-18 21:36:02" level=info msg="國別碼3碼: FRA"
time="2023-06-18 21:36:02" level=info msg="國家全名: France"
time="2023-06-18 21:36:03" level=info msg="國別碼2碼: FR"
time="2023-06-18 21:36:03" level=info msg="國別碼3碼: FRA"
time="2023-06-18 21:36:03" level=info msg="國家全名: France"
time="2023-06-18 21:40:33" level=info msg="國別碼2碼: NL"
time="2023-06-18 21:40:33" level=info msg="國別碼3碼: NLD"
time="2023-06-18 21:40:33" level=info msg="國家全名: Netherlands (the)"
time="2023-06-18 21:44:36" level=info msg="國別碼2碼: BH"
time="2023-06-18 21:44:36" level=info msg="國別碼3碼: BHR"
time="2023-06-18 21:44:36" level=info msg="國家全名: Bahrain"
time="2023-06-18 21:55:30" level=info msg="國別碼2碼: FR"
time="2023-06-18 21:55:30" level=info msg="國別碼3碼: FRA"
time="2023-06-18 21:55:30" level=info msg="國家全名: France"
time="2023-06-18 21:55:31" level=info msg="國別碼2碼: FR"
time="2023-06-18 21:55:31" level=info msg="國別碼3碼: FRA"
time="2023-06-18 21:55:31" level=info msg="國家全名: France"
time="2023-06-18 21:55:34" level=info msg="國別碼2碼: NL"
time="2023-06-18 21:55:34" level=info msg="國別碼3碼: NLD"
time="2023-06-18 21:55:34" level=info msg="國家全名: Netherlands (the)"
time="2023-06-18 22:09:35" level=info msg="國別碼2碼: FR"
time="2023-06-18 22:09:35" level=info msg="國別碼3碼: FRA"
time="2023-06-18 22:09:35" level=info msg="國家全名: France"
time="2023-06-18 22:14:57" level=info msg="國別碼2碼: NL"
time="2023-06-18 22:14:57" level=info msg="國別碼3碼: NLD"
time="2023-06-18 22:14:57" level=info msg="國家全名: Netherlands (the)"
time="2023-06-18 22:18:03" level=info msg="國別碼2碼: US"
time="2023-06-18 22:18:03" level=info msg="國別碼3碼: USA"
time="2023-06-18 22:18:03" level=info msg="國家全名: United States of America (the)"
time="2023-06-18 22:28:23" level=info msg="國別碼2碼: NL"
time="2023-06-18 22:28:23" level=info msg="國別碼3碼: NLD"
time="2023-06-18 22:28:23" level=info msg="國家全名: Netherlands (the)"
time="2023-06-18 22:28:24" level=info msg="國別碼2碼: NL"
time="2023-06-18 22:28:24" level=info msg="國別碼3碼: NLD"
time="2023-06-18 22:28:24" level=info msg="國家全名: Netherlands (the)"
time="2023-06-18 22:29:34" level=info msg="國別碼2碼: NL"
time="2023-06-18 22:29:34" level=info msg="國別碼3碼: NLD"
time="2023-06-18 22:29:34" level=info msg="國家全名: Netherlands (the)"
time="2023-06-18 22:35:30" level=info msg="國別碼2碼: FR"
time="2023-06-18 22:35:30" level=info msg="國別碼3碼: FRA"
time="2023-06-18 22:35:30" level=info msg="國家全名: France"
time="2023-06-18 22:35:31" level=info msg="國別碼2碼: FR"
time="2023-06-18 22:35:31" level=info msg="國別碼3碼: FRA"
time="2023-06-18 22:35:31" level=info msg="國家全名: France"
time="2023-06-18 22:35:35" level=info msg="國別碼2碼: BE"
time="2023-06-18 22:35:35" level=info msg="國別碼3碼: BEL"
time="2023-06-18 22:35:35" level=info msg="國家全名: Belgium"
time="2023-06-18 22:45:12" level=info msg="國別碼2碼: NL"
time="2023-06-18 22:45:12" level=info msg="國別碼3碼: NLD"
time="2023-06-18 22:45:12" level=info msg="國家全名: Netherlands (the)"
time="2023-06-18 22:45:14" level=info msg="國別碼2碼: NL"
time="2023-06-18 22:45:14" level=info msg="國別碼3碼: NLD"
time="2023-06-18 22:45:14" level=info msg="國家全名: Netherlands (the)"
time="2023-06-18 22:50:01" level=info msg="國別碼2碼: NL"
time="2023-06-18 22:50:01" level=info msg="國別碼3碼: NLD"
time="2023-06-18 22:50:01" level=info msg="國家全名: Netherlands (the)"
time="2023-06-18 23:03:36" level=info msg="國別碼2碼: NL"
time="2023-06-18 23:03:36" level=info msg="國別碼3碼: NLD"
time="2023-06-18 23:03:36" level=info msg="國家全名: Netherlands (the)"
time="2023-06-18 23:09:38" level=info msg="國別碼2碼: NL"
time="2023-06-18 23:09:38" level=info msg="國別碼3碼: NLD"
time="2023-06-18 23:09:38" level=info msg="國家全名: Netherlands (the)"
time="2023-06-18 23:09:39" level=info msg="國別碼2碼: NL"
time="2023-06-18 23:09:39" level=info msg="國別碼3碼: NLD"
time="2023-06-18 23:09:39" level=info msg="國家全名: Netherlands (the)"
time="2023-06-18 23:20:00" level=info msg="國別碼2碼: NL"
time="2023-06-18 23:20:00" level=info msg="國別碼3碼: NLD"
time="2023-06-18 23:20:00" level=info msg="國家全名: Netherlands (the)"
time="2023-06-18 23:26:21" level=info msg="國別碼2碼: FR"
time="2023-06-18 23:26:21" level=info msg="國別碼3碼: FRA"
time="2023-06-18 23:26:21" level=info msg="國家全名: France"
time="2023-06-18 23:26:22" level=info msg="國別碼2碼: FR"
time="2023-06-18 23:26:22" level=info msg="國別碼3碼: FRA"
time="2023-06-18 23:26:22" level=info msg="國家全名: France"
time="2023-06-18 23:28:33" level=info msg="國別碼2碼: NL"
time="2023-06-18 23:28:33" level=info msg="國別碼3碼: NLD"
time="2023-06-18 23:28:33" level=info msg="國家全名: Netherlands (the)"
time="2023-06-18 23:47:00" level=info msg="國別碼2碼: NL"
time="2023-06-18 23:47:00" level=info msg="國別碼3碼: NLD"
time="2023-06-18 23:47:00" level=info msg="國家全名: Netherlands (the)"
