time="2023-07-02 01:10:38" level=info msg="國別碼2碼: CA"
time="2023-07-02 01:10:38" level=info msg="國別碼3碼: CAN"
time="2023-07-02 01:10:38" level=info msg="國家全名: Canada"
time="2023-07-02 01:10:39" level=info msg="國別碼2碼: CA"
time="2023-07-02 01:10:39" level=info msg="國別碼3碼: CAN"
time="2023-07-02 01:10:39" level=info msg="國家全名: Canada"
time="2023-07-02 01:19:18" level=info msg="國別碼2碼: NL"
time="2023-07-02 01:19:18" level=info msg="國別碼3碼: NLD"
time="2023-07-02 01:19:18" level=info msg="國家全名: Netherlands (the)"
time="2023-07-02 01:19:19" level=info msg="國別碼2碼: NL"
time="2023-07-02 01:19:19" level=info msg="國別碼3碼: NLD"
time="2023-07-02 01:19:19" level=info msg="國家全名: Netherlands (the)"
time="2023-07-02 01:19:20" level=info msg="國別碼2碼: NL"
time="2023-07-02 01:19:20" level=info msg="國別碼3碼: NLD"
time="2023-07-02 01:19:20" level=info msg="國家全名: Netherlands (the)"
time="2023-07-02 01:19:21" level=info msg="國別碼2碼: NL"
time="2023-07-02 01:19:21" level=info msg="國別碼3碼: NLD"
time="2023-07-02 01:19:21" level=info msg="國家全名: Netherlands (the)"
time="2023-07-02 01:19:22" level=info msg="國別碼2碼: NL"
time="2023-07-02 01:19:22" level=info msg="國別碼3碼: NLD"
time="2023-07-02 01:19:22" level=info msg="國家全名: Netherlands (the)"
time="2023-07-02 01:19:23" level=info msg="國別碼2碼: NL"
time="2023-07-02 01:19:23" level=info msg="國別碼3碼: NLD"
time="2023-07-02 01:19:23" level=info msg="國家全名: Netherlands (the)"
time="2023-07-02 01:19:25" level=info msg="國別碼2碼: NL"
time="2023-07-02 01:19:25" level=info msg="國別碼3碼: NLD"
time="2023-07-02 01:19:25" level=info msg="國家全名: Netherlands (the)"
time="2023-07-02 01:19:26" level=info msg="國別碼2碼: NL"
time="2023-07-02 01:19:26" level=info msg="國別碼3碼: NLD"
time="2023-07-02 01:19:26" level=info msg="國家全名: Netherlands (the)"
time="2023-07-02 01:19:27" level=info msg="國別碼2碼: NL"
time="2023-07-02 01:19:27" level=info msg="國別碼3碼: NLD"
time="2023-07-02 01:19:27" level=info msg="國家全名: Netherlands (the)"
time="2023-07-02 01:20:02" level=info msg="國別碼2碼: US"
time="2023-07-02 01:20:02" level=info msg="國別碼3碼: USA"
time="2023-07-02 01:20:02" level=info msg="國家全名: United States of America (the)"
time="2023-07-02 02:00:11" level=info msg="國別碼2碼: GB"
time="2023-07-02 02:00:11" level=info msg="國別碼3碼: GBR"
time="2023-07-02 02:00:11" level=info msg="國家全名: United Kingdom of Great Britain and Northern Ireland (the)"
time="2023-07-02 02:06:19" level=info msg="國別碼2碼: RU"
time="2023-07-02 02:06:19" level=info msg="國別碼3碼: RUS"
time="2023-07-02 02:06:19" level=info msg="國家全名: Russian Federation (the)"
time="2023-07-02 02:11:26" level=info msg="國別碼2碼: US"
time="2023-07-02 02:11:26" level=info msg="國別碼3碼: USA"
time="2023-07-02 02:11:26" level=info msg="國家全名: United States of America (the)"
time="2023-07-02 02:20:28" level=info msg="國別碼2碼: US"
time="2023-07-02 02:20:28" level=info msg="國別碼3碼: USA"
time="2023-07-02 02:20:28" level=info msg="國家全名: United States of America (the)"
time="2023-07-02 02:21:58" level=info msg="國別碼2碼: US"
time="2023-07-02 02:21:58" level=info msg="國別碼3碼: USA"
time="2023-07-02 02:21:58" level=info msg="國家全名: United States of America (the)"
time="2023-07-02 02:22:30" level=info msg="國別碼2碼: LT"
time="2023-07-02 02:22:30" level=info msg="國別碼3碼: LTU"
time="2023-07-02 02:22:30" level=info msg="國家全名: Lithuania"
time="2023-07-02 02:22:49" level=info msg="國別碼2碼: US"
time="2023-07-02 02:22:49" level=info msg="國別碼3碼: USA"
time="2023-07-02 02:22:49" level=info msg="國家全名: United States of America (the)"
time="2023-07-02 02:40:24" level=info msg="國別碼2碼: CA"
time="2023-07-02 02:40:24" level=info msg="國別碼3碼: CAN"
time="2023-07-02 02:40:24" level=info msg="國家全名: Canada"
time="2023-07-02 02:40:25" level=info msg="國別碼2碼: CA"
time="2023-07-02 02:40:25" level=info msg="國別碼3碼: CAN"
time="2023-07-02 02:40:25" level=info msg="國家全名: Canada"
time="2023-07-02 02:53:23" level=info msg="國別碼2碼: US"
time="2023-07-02 02:53:23" level=info msg="國別碼3碼: USA"
time="2023-07-02 02:53:23" level=info msg="國家全名: United States of America (the)"
time="2023-07-02 03:19:02" level=info msg="國別碼2碼: RU"
time="2023-07-02 03:19:02" level=info msg="國別碼3碼: RUS"
time="2023-07-02 03:19:02" level=info msg="國家全名: Russian Federation (the)"
time="2023-07-02 03:25:25" level=info msg="國別碼2碼: RU"
time="2023-07-02 03:25:25" level=info msg="國別碼3碼: RUS"
time="2023-07-02 03:25:25" level=info msg="國家全名: Russian Federation (the)"
time="2023-07-02 03:54:08" level=info msg="國別碼2碼: US"
time="2023-07-02 03:54:08" level=info msg="國別碼3碼: USA"
time="2023-07-02 03:54:08" level=info msg="國家全名: United States of America (the)"
time="2023-07-02 03:56:22" level=info msg="國別碼2碼: CA"
time="2023-07-02 03:56:22" level=info msg="國別碼3碼: CAN"
time="2023-07-02 03:56:22" level=info msg="國家全名: Canada"
time="2023-07-02 03:56:23" level=info msg="國別碼2碼: CA"
time="2023-07-02 03:56:23" level=info msg="國別碼3碼: CAN"
time="2023-07-02 03:56:23" level=info msg="國家全名: Canada"
time="2023-07-02 04:03:49" level=info msg="國別碼2碼: KR"
time="2023-07-02 04:03:49" level=info msg="國別碼3碼: KOR"
time="2023-07-02 04:03:49" level=info msg="國家全名: Korea (the Republic of)"
time="2023-07-02 04:36:26" level=info msg="國別碼2碼: RU"
time="2023-07-02 04:36:26" level=info msg="國別碼3碼: RUS"
time="2023-07-02 04:36:26" level=info msg="國家全名: Russian Federation (the)"
time="2023-07-02 04:53:37" level=info msg="國別碼2碼: RU"
time="2023-07-02 04:53:37" level=info msg="國別碼3碼: RUS"
time="2023-07-02 04:53:37" level=info msg="國家全名: Russian Federation (the)"
time="2023-07-02 05:01:44" level=info msg="國別碼2碼: US"
time="2023-07-02 05:01:44" level=info msg="國別碼3碼: USA"
time="2023-07-02 05:01:44" level=info msg="國家全名: United States of America (the)"
time="2023-07-02 05:09:41" level=info msg="國別碼2碼: CA"
time="2023-07-02 05:09:41" level=info msg="國別碼3碼: CAN"
time="2023-07-02 05:09:41" level=info msg="國家全名: Canada"
time="2023-07-02 05:09:42" level=info msg="國別碼2碼: CA"
time="2023-07-02 05:09:42" level=info msg="國別碼3碼: CAN"
time="2023-07-02 05:09:42" level=info msg="國家全名: Canada"
time="2023-07-02 05:15:31" level=info msg="國別碼2碼: CN"
time="2023-07-02 05:15:31" level=info msg="國別碼3碼: CHN"
time="2023-07-02 05:15:31" level=info msg="國家全名: China"
time="2023-07-02 05:17:20" level=info msg="國別碼2碼: CA"
time="2023-07-02 05:17:20" level=info msg="國別碼3碼: CAN"
time="2023-07-02 05:17:20" level=info msg="國家全名: Canada"
time="2023-07-02 05:17:21" level=info msg="國別碼2碼: CA"
time="2023-07-02 05:17:21" level=info msg="國別碼3碼: CAN"
time="2023-07-02 05:17:21" level=info msg="國家全名: Canada"
time="2023-07-02 05:25:04" level=info msg="國別碼2碼: CN"
time="2023-07-02 05:25:04" level=info msg="國別碼3碼: CHN"
time="2023-07-02 05:25:04" level=info msg="國家全名: China"
time="2023-07-02 05:29:54" level=info msg="國別碼2碼: RU"
time="2023-07-02 05:29:54" level=info msg="國別碼3碼: RUS"
time="2023-07-02 05:29:54" level=info msg="國家全名: Russian Federation (the)"
time="2023-07-02 05:50:17" level=info msg="國別碼2碼: BG"
time="2023-07-02 05:50:17" level=info msg="國別碼3碼: BGR"
time="2023-07-02 05:50:17" level=info msg="國家全名: Bulgaria"
time="2023-07-02 05:57:55" level=info msg="國別碼2碼: MD"
time="2023-07-02 05:57:55" level=info msg="國別碼3碼: MDA"
time="2023-07-02 05:57:55" level=info msg="國家全名: Moldova (the Republic of)"
time="2023-07-02 05:58:19" level=info msg="國別碼2碼: BR"
time="2023-07-02 05:58:19" level=info msg="國別碼3碼: BRA"
time="2023-07-02 05:58:19" level=info msg="國家全名: Brazil"
time="2023-07-02 06:05:18" level=info msg="國別碼2碼: US"
time="2023-07-02 06:05:18" level=info msg="國別碼3碼: USA"
time="2023-07-02 06:05:18" level=info msg="國家全名: United States of America (the)"
time="2023-07-02 06:18:02" level=info msg="國別碼2碼: CA"
time="2023-07-02 06:18:02" level=info msg="國別碼3碼: CAN"
time="2023-07-02 06:18:02" level=info msg="國家全名: Canada"
time="2023-07-02 06:18:03" level=info msg="國別碼2碼: CA"
time="2023-07-02 06:18:03" level=info msg="國別碼3碼: CAN"
time="2023-07-02 06:18:03" level=info msg="國家全名: Canada"
time="2023-07-02 06:40:19" level=info msg="國別碼2碼: US"
time="2023-07-02 06:40:19" level=info msg="國別碼3碼: USA"
time="2023-07-02 06:40:19" level=info msg="國家全名: United States of America (the)"
time="2023-07-02 06:40:20" level=info msg="國別碼2碼: US"
time="2023-07-02 06:40:20" level=info msg="國別碼3碼: USA"
time="2023-07-02 06:40:20" level=info msg="國家全名: United States of America (the)"
time="2023-07-02 06:40:21" level=info msg="國別碼2碼: US"
time="2023-07-02 06:40:21" level=info msg="國別碼3碼: USA"
time="2023-07-02 06:40:21" level=info msg="國家全名: United States of America (the)"
time="2023-07-02 06:40:22" level=info msg="國別碼2碼: US"
time="2023-07-02 06:40:22" level=info msg="國別碼3碼: USA"
time="2023-07-02 06:40:22" level=info msg="國家全名: United States of America (the)"
time="2023-07-02 06:40:23" level=info msg="國別碼2碼: US"
time="2023-07-02 06:40:23" level=info msg="國別碼3碼: USA"
time="2023-07-02 06:40:23" level=info msg="國家全名: United States of America (the)"
time="2023-07-02 06:51:20" level=info msg="國別碼2碼: RU"
time="2023-07-02 06:51:20" level=info msg="國別碼3碼: RUS"
time="2023-07-02 06:51:20" level=info msg="國家全名: Russian Federation (the)"
time="2023-07-02 07:03:25" level=info msg="國別碼2碼: US"
time="2023-07-02 07:03:25" level=info msg="國別碼3碼: USA"
time="2023-07-02 07:03:25" level=info msg="國家全名: United States of America (the)"
time="2023-07-02 07:14:47" level=info msg="國別碼2碼: DE"
time="2023-07-02 07:14:47" level=info msg="國別碼3碼: DEU"
time="2023-07-02 07:14:47" level=info msg="國家全名: Germany"
time="2023-07-02 07:14:48" level=info msg="國別碼2碼: DE"
time="2023-07-02 07:14:48" level=info msg="國別碼3碼: DEU"
time="2023-07-02 07:14:48" level=info msg="國家全名: Germany"
time="2023-07-02 07:14:49" level=info msg="國別碼2碼: DE"
time="2023-07-02 07:14:49" level=info msg="國別碼3碼: DEU"
time="2023-07-02 07:14:49" level=info msg="國家全名: Germany"
time="2023-07-02 07:14:51" level=info msg="國別碼2碼: DE"
time="2023-07-02 07:14:51" level=info msg="國別碼3碼: DEU"
time="2023-07-02 07:14:51" level=info msg="國家全名: Germany"
time="2023-07-02 07:14:52" level=info msg="國別碼2碼: DE"
time="2023-07-02 07:14:52" level=info msg="國別碼3碼: DEU"
time="2023-07-02 07:14:52" level=info msg="國家全名: Germany"
time="2023-07-02 07:14:53" level=info msg="國別碼2碼: DE"
time="2023-07-02 07:14:53" level=info msg="國別碼3碼: DEU"
time="2023-07-02 07:14:53" level=info msg="國家全名: Germany"
time="2023-07-02 07:14:54" level=info msg="國別碼2碼: DE"
time="2023-07-02 07:14:54" level=info msg="國別碼3碼: DEU"
time="2023-07-02 07:14:54" level=info msg="國家全名: Germany"
time="2023-07-02 07:14:55" level=info msg="國別碼2碼: DE"
time="2023-07-02 07:14:55" level=info msg="國別碼3碼: DEU"
time="2023-07-02 07:14:55" level=info msg="國家全名: Germany"
time="2023-07-02 07:14:57" level=info msg="國別碼2碼: DE"
time="2023-07-02 07:14:57" level=info msg="國別碼3碼: DEU"
time="2023-07-02 07:14:57" level=info msg="國家全名: Germany"
time="2023-07-02 07:16:17" level=info msg="國別碼2碼: BR"
time="2023-07-02 07:16:17" level=info msg="國別碼3碼: BRA"
time="2023-07-02 07:16:17" level=info msg="國家全名: Brazil"
time="2023-07-02 07:32:41" level=info msg="國別碼2碼: UG"
time="2023-07-02 07:32:41" level=info msg="國別碼3碼: UGA"
time="2023-07-02 07:32:41" level=info msg="國家全名: Uganda"
time="2023-07-02 07:32:42" level=info msg="國別碼2碼: UG"
time="2023-07-02 07:32:42" level=info msg="國別碼3碼: UGA"
time="2023-07-02 07:32:42" level=info msg="國家全名: Uganda"
time="2023-07-02 07:32:43" level=info msg="國別碼2碼: UG"
time="2023-07-02 07:32:43" level=info msg="國別碼3碼: UGA"
time="2023-07-02 07:32:43" level=info msg="國家全名: Uganda"
time="2023-07-02 07:32:44" level=info msg="國別碼2碼: UG"
time="2023-07-02 07:32:44" level=info msg="國別碼3碼: UGA"
time="2023-07-02 07:32:44" level=info msg="國家全名: Uganda"
time="2023-07-02 07:32:46" level=info msg="國別碼2碼: UG"
time="2023-07-02 07:32:46" level=info msg="國別碼3碼: UGA"
time="2023-07-02 07:32:46" level=info msg="國家全名: Uganda"
time="2023-07-02 07:32:47" level=info msg="國別碼2碼: UG"
time="2023-07-02 07:32:47" level=info msg="國別碼3碼: UGA"
time="2023-07-02 07:32:47" level=info msg="國家全名: Uganda"
time="2023-07-02 07:32:48" level=info msg="國別碼2碼: UG"
time="2023-07-02 07:32:48" level=info msg="國別碼3碼: UGA"
time="2023-07-02 07:32:48" level=info msg="國家全名: Uganda"
time="2023-07-02 07:32:49" level=info msg="國別碼2碼: UG"
time="2023-07-02 07:32:49" level=info msg="國別碼3碼: UGA"
time="2023-07-02 07:32:49" level=info msg="國家全名: Uganda"
time="2023-07-02 07:32:51" level=info msg="國別碼2碼: UG"
time="2023-07-02 07:32:51" level=info msg="國別碼3碼: UGA"
time="2023-07-02 07:32:51" level=info msg="國家全名: Uganda"
time="2023-07-02 07:32:52" level=info msg="國別碼2碼: UG"
time="2023-07-02 07:32:52" level=info msg="國別碼3碼: UGA"
time="2023-07-02 07:32:52" level=info msg="國家全名: Uganda"
time="2023-07-02 07:32:53" level=info msg="國別碼2碼: UG"
time="2023-07-02 07:32:53" level=info msg="國別碼3碼: UGA"
time="2023-07-02 07:32:53" level=info msg="國家全名: Uganda"
time="2023-07-02 07:48:27" level=info msg="國別碼2碼: RU"
time="2023-07-02 07:48:27" level=info msg="國別碼3碼: RUS"
time="2023-07-02 07:48:27" level=info msg="國家全名: Russian Federation (the)"
time="2023-07-02 07:56:32" level=info msg="國別碼2碼: CA"
time="2023-07-02 07:56:32" level=info msg="國別碼3碼: CAN"
time="2023-07-02 07:56:32" level=info msg="國家全名: Canada"
time="2023-07-02 07:56:33" level=info msg="國別碼2碼: CA"
time="2023-07-02 07:56:33" level=info msg="國別碼3碼: CAN"
time="2023-07-02 07:56:33" level=info msg="國家全名: Canada"
time="2023-07-02 08:11:22" level=info msg="國別碼2碼: NL"
time="2023-07-02 08:11:22" level=info msg="國別碼3碼: NLD"
time="2023-07-02 08:11:22" level=info msg="國家全名: Netherlands (the)"
time="2023-07-02 08:29:27" level=info msg="國別碼2碼: NL"
time="2023-07-02 08:29:27" level=info msg="國別碼3碼: NLD"
time="2023-07-02 08:29:27" level=info msg="國家全名: Netherlands (the)"
time="2023-07-02 08:53:06" level=info msg="國別碼2碼: US"
time="2023-07-02 08:53:06" level=info msg="國別碼3碼: USA"
time="2023-07-02 08:53:06" level=info msg="國家全名: United States of America (the)"
time="2023-07-02 08:53:08" level=info msg="國別碼2碼: US"
time="2023-07-02 08:53:08" level=info msg="國別碼3碼: USA"
time="2023-07-02 08:53:08" level=info msg="國家全名: United States of America (the)"
time="2023-07-02 08:53:09" level=info msg="國別碼2碼: US"
time="2023-07-02 08:53:09" level=info msg="國別碼3碼: USA"
time="2023-07-02 08:53:09" level=info msg="國家全名: United States of America (the)"
time="2023-07-02 08:54:19" level=info msg="國別碼2碼: RU"
time="2023-07-02 08:54:19" level=info msg="國別碼3碼: RUS"
time="2023-07-02 08:54:19" level=info msg="國家全名: Russian Federation (the)"
time="2023-07-02 08:58:57" level=info msg="國別碼2碼: CA"
time="2023-07-02 08:58:57" level=info msg="國別碼3碼: CAN"
time="2023-07-02 08:58:57" level=info msg="國家全名: Canada"
time="2023-07-02 08:58:58" level=info msg="國別碼2碼: CA"
time="2023-07-02 08:58:58" level=info msg="國別碼3碼: CAN"
time="2023-07-02 08:58:58" level=info msg="國家全名: Canada"
time="2023-07-02 09:13:52" level=info msg="國別碼2碼: HK"
time="2023-07-02 09:13:52" level=info msg="國別碼3碼: HKG"
time="2023-07-02 09:13:52" level=info msg="國家全名: Hong Kong"
time="2023-07-02 09:37:01" level=info msg="國別碼2碼: CA"
time="2023-07-02 09:37:01" level=info msg="國別碼3碼: CAN"
time="2023-07-02 09:37:01" level=info msg="國家全名: Canada"
time="2023-07-02 09:37:02" level=info msg="國別碼2碼: CA"
time="2023-07-02 09:37:02" level=info msg="國別碼3碼: CAN"
time="2023-07-02 09:37:02" level=info msg="國家全名: Canada"
time="2023-07-02 10:12:14" level=info msg="國別碼2碼: CA"
time="2023-07-02 10:12:14" level=info msg="國別碼3碼: CAN"
time="2023-07-02 10:12:14" level=info msg="國家全名: Canada"
time="2023-07-02 10:12:15" level=info msg="國別碼2碼: CA"
time="2023-07-02 10:12:15" level=info msg="國別碼3碼: CAN"
time="2023-07-02 10:12:15" level=info msg="國家全名: Canada"
time="2023-07-02 10:28:11" level=info msg="國別碼2碼: US"
time="2023-07-02 10:28:11" level=info msg="國別碼3碼: USA"
time="2023-07-02 10:28:11" level=info msg="國家全名: United States of America (the)"
time="2023-07-02 10:29:56" level=info msg="國別碼2碼: US"
time="2023-07-02 10:29:56" level=info msg="國別碼3碼: USA"
time="2023-07-02 10:29:56" level=info msg="國家全名: United States of America (the)"
time="2023-07-02 10:50:11" level=info msg="國別碼2碼: US"
time="2023-07-02 10:50:11" level=info msg="國別碼3碼: USA"
time="2023-07-02 10:50:11" level=info msg="國家全名: United States of America (the)"
time="2023-07-02 10:50:12" level=info msg="國別碼2碼: US"
time="2023-07-02 10:50:12" level=info msg="國別碼3碼: USA"
time="2023-07-02 10:50:12" level=info msg="國家全名: United States of America (the)"
time="2023-07-02 10:50:13" level=info msg="國別碼2碼: US"
time="2023-07-02 10:50:13" level=info msg="國別碼3碼: USA"
time="2023-07-02 10:50:13" level=info msg="國家全名: United States of America (the)"
time="2023-07-02 10:50:14" level=info msg="國別碼2碼: US"
time="2023-07-02 10:50:14" level=info msg="國別碼3碼: USA"
time="2023-07-02 10:50:14" level=info msg="國家全名: United States of America (the)"
time="2023-07-02 10:50:15" level=info msg="國別碼2碼: US"
time="2023-07-02 10:50:15" level=info msg="國別碼3碼: USA"
time="2023-07-02 10:50:15" level=info msg="國家全名: United States of America (the)"
time="2023-07-02 10:51:19" level=info msg="國別碼2碼: US"
time="2023-07-02 10:51:19" level=info msg="國別碼3碼: USA"
time="2023-07-02 10:51:19" level=info msg="國家全名: United States of America (the)"
time="2023-07-02 10:51:20" level=info msg="國別碼2碼: US"
time="2023-07-02 10:51:20" level=info msg="國別碼3碼: USA"
time="2023-07-02 10:51:20" level=info msg="國家全名: United States of America (the)"
time="2023-07-02 10:51:20" level=info msg="國別碼2碼: US"
time="2023-07-02 10:51:20" level=info msg="國別碼3碼: USA"
time="2023-07-02 10:51:20" level=info msg="國家全名: United States of America (the)"
time="2023-07-02 10:51:21" level=info msg="國別碼2碼: US"
time="2023-07-02 10:51:21" level=info msg="國別碼3碼: USA"
time="2023-07-02 10:51:21" level=info msg="國家全名: United States of America (the)"
time="2023-07-02 10:51:22" level=info msg="國別碼2碼: US"
time="2023-07-02 10:51:22" level=info msg="國別碼3碼: USA"
time="2023-07-02 10:51:22" level=info msg="國家全名: United States of America (the)"
time="2023-07-02 11:26:40" level=info msg="國別碼2碼: CA"
time="2023-07-02 11:26:40" level=info msg="國別碼3碼: CAN"
time="2023-07-02 11:26:40" level=info msg="國家全名: Canada"
time="2023-07-02 11:26:41" level=info msg="國別碼2碼: CA"
time="2023-07-02 11:26:41" level=info msg="國別碼3碼: CAN"
time="2023-07-02 11:26:41" level=info msg="國家全名: Canada"
time="2023-07-02 12:44:53" level=info msg="國別碼2碼: BR"
time="2023-07-02 12:44:53" level=info msg="國別碼3碼: BRA"
time="2023-07-02 12:44:53" level=info msg="國家全名: Brazil"
time="2023-07-02 13:00:23" level=info msg="國別碼2碼: FR"
time="2023-07-02 13:00:23" level=info msg="國別碼3碼: FRA"
time="2023-07-02 13:00:23" level=info msg="國家全名: France"
time="2023-07-02 13:00:24" level=info msg="國別碼2碼: FR"
time="2023-07-02 13:00:24" level=info msg="國別碼3碼: FRA"
time="2023-07-02 13:00:24" level=info msg="國家全名: France"
time="2023-07-02 14:17:20" level=info msg="國別碼2碼: GB"
time="2023-07-02 14:17:20" level=info msg="國別碼3碼: GBR"
time="2023-07-02 14:17:20" level=info msg="國家全名: United Kingdom of Great Britain and Northern Ireland (the)"
time="2023-07-02 14:19:56" level=info msg="國別碼2碼: GB"
time="2023-07-02 14:19:56" level=info msg="國別碼3碼: GBR"
time="2023-07-02 14:19:56" level=info msg="國家全名: United Kingdom of Great Britain and Northern Ireland (the)"
time="2023-07-02 14:22:33" level=info msg="國別碼2碼: GB"
time="2023-07-02 14:22:33" level=info msg="國別碼3碼: GBR"
time="2023-07-02 14:22:33" level=info msg="國家全名: United Kingdom of Great Britain and Northern Ireland (the)"
time="2023-07-02 14:26:05" level=info msg="國別碼2碼: GB"
time="2023-07-02 14:26:05" level=info msg="國別碼3碼: GBR"
time="2023-07-02 14:26:05" level=info msg="國家全名: United Kingdom of Great Britain and Northern Ireland (the)"
time="2023-07-02 14:29:33" level=info msg="國別碼2碼: GB"
time="2023-07-02 14:29:33" level=info msg="國別碼3碼: GBR"
time="2023-07-02 14:29:33" level=info msg="國家全名: United Kingdom of Great Britain and Northern Ireland (the)"
time="2023-07-02 14:33:16" level=info msg="國別碼2碼: GB"
time="2023-07-02 14:33:16" level=info msg="國別碼3碼: GBR"
time="2023-07-02 14:33:16" level=info msg="國家全名: United Kingdom of Great Britain and Northern Ireland (the)"
time="2023-07-02 14:36:44" level=info msg="國別碼2碼: GB"
time="2023-07-02 14:36:44" level=info msg="國別碼3碼: GBR"
time="2023-07-02 14:36:44" level=info msg="國家全名: United Kingdom of Great Britain and Northern Ireland (the)"
time="2023-07-02 14:40:14" level=info msg="國別碼2碼: GB"
time="2023-07-02 14:40:14" level=info msg="國別碼3碼: GBR"
time="2023-07-02 14:40:14" level=info msg="國家全名: United Kingdom of Great Britain and Northern Ireland (the)"
time="2023-07-02 14:57:41" level=info msg="國別碼2碼: LT"
time="2023-07-02 14:57:41" level=info msg="國別碼3碼: LTU"
time="2023-07-02 14:57:41" level=info msg="國家全名: Lithuania"
time="2023-07-02 15:01:25" level=info msg="國別碼2碼: CN"
time="2023-07-02 15:01:25" level=info msg="國別碼3碼: CHN"
time="2023-07-02 15:01:25" level=info msg="國家全名: China"
time="2023-07-02 15:43:09" level=info msg="國別碼2碼: GB"
time="2023-07-02 15:43:09" level=info msg="國別碼3碼: GBR"
time="2023-07-02 15:43:09" level=info msg="國家全名: United Kingdom of Great Britain and Northern Ireland (the)"
time="2023-07-02 15:57:17" level=info msg="國別碼2碼: LT"
time="2023-07-02 15:57:17" level=info msg="國別碼3碼: LTU"
time="2023-07-02 15:57:17" level=info msg="國家全名: Lithuania"
time="2023-07-02 16:21:45" level=info msg="國別碼2碼: FR"
time="2023-07-02 16:21:45" level=info msg="國別碼3碼: FRA"
time="2023-07-02 16:21:45" level=info msg="國家全名: France"
time="2023-07-02 16:21:46" level=info msg="國別碼2碼: FR"
time="2023-07-02 16:21:46" level=info msg="國別碼3碼: FRA"
time="2023-07-02 16:21:46" level=info msg="國家全名: France"
time="2023-07-02 16:55:01" level=info msg="國別碼2碼: US"
time="2023-07-02 16:55:01" level=info msg="國別碼3碼: USA"
time="2023-07-02 16:55:01" level=info msg="國家全名: United States of America (the)"
time="2023-07-02 17:38:54" level=info msg="國別碼2碼: BE"
time="2023-07-02 17:38:54" level=info msg="國別碼3碼: BEL"
time="2023-07-02 17:38:54" level=info msg="國家全名: Belgium"
time="2023-07-02 18:36:22" level=info msg="國別碼2碼: US"
time="2023-07-02 18:36:22" level=info msg="國別碼3碼: USA"
time="2023-07-02 18:36:22" level=info msg="國家全名: United States of America (the)"
time="2023-07-02 19:59:15" level=info msg="國別碼2碼: US"
time="2023-07-02 19:59:15" level=info msg="國別碼3碼: USA"
time="2023-07-02 19:59:15" level=info msg="國家全名: United States of America (the)"
time="2023-07-02 19:59:15" level=info msg="國別碼2碼: US"
time="2023-07-02 19:59:15" level=info msg="國別碼3碼: USA"
time="2023-07-02 19:59:15" level=info msg="國家全名: United States of America (the)"
time="2023-07-02 20:14:50" level=info msg="國別碼2碼: RU"
time="2023-07-02 20:14:50" level=info msg="國別碼3碼: RUS"
time="2023-07-02 20:14:50" level=info msg="國家全名: Russian Federation (the)"
time="2023-07-02 20:15:58" level=info msg="國別碼2碼: IN"
time="2023-07-02 20:15:58" level=info msg="國別碼3碼: IND"
time="2023-07-02 20:15:58" level=info msg="國家全名: India"
time="2023-07-02 20:40:05" level=info msg="國別碼2碼: US"
time="2023-07-02 20:40:05" level=info msg="國別碼3碼: USA"
time="2023-07-02 20:40:05" level=info msg="國家全名: United States of America (the)"
time="2023-07-02 21:00:09" level=info msg="國別碼2碼: RU"
time="2023-07-02 21:00:09" level=info msg="國別碼3碼: RUS"
time="2023-07-02 21:00:09" level=info msg="國家全名: Russian Federation (the)"
time="2023-07-02 21:06:13" level=info msg="國別碼2碼: US"
time="2023-07-02 21:06:13" level=info msg="國別碼3碼: USA"
time="2023-07-02 21:06:13" level=info msg="國家全名: United States of America (the)"
time="2023-07-02 21:06:25" level=info msg="國別碼2碼: US"
time="2023-07-02 21:06:25" level=info msg="國別碼3碼: USA"
time="2023-07-02 21:06:25" level=info msg="國家全名: United States of America (the)"
time="2023-07-02 21:19:39" level=info msg="國別碼2碼: RU"
time="2023-07-02 21:19:39" level=info msg="國別碼3碼: RUS"
time="2023-07-02 21:19:39" level=info msg="國家全名: Russian Federation (the)"
time="2023-07-02 21:19:48" level=info msg="國別碼2碼: RU"
time="2023-07-02 21:19:48" level=info msg="國別碼3碼: RUS"
time="2023-07-02 21:19:48" level=info msg="國家全名: Russian Federation (the)"
time="2023-07-02 21:22:18" level=info msg="國別碼2碼: IN"
time="2023-07-02 21:22:18" level=info msg="國別碼3碼: IND"
time="2023-07-02 21:22:18" level=info msg="國家全名: India"
time="2023-07-02 21:22:19" level=info msg="國別碼2碼: IN"
time="2023-07-02 21:22:19" level=info msg="國別碼3碼: IND"
time="2023-07-02 21:22:19" level=info msg="國家全名: India"
time="2023-07-02 21:22:19" level=info msg="國別碼2碼: IN"
time="2023-07-02 21:22:19" level=info msg="國別碼3碼: IND"
time="2023-07-02 21:22:19" level=info msg="國家全名: India"
time="2023-07-02 21:22:21" level=info msg="國別碼2碼: IN"
time="2023-07-02 21:22:21" level=info msg="國別碼3碼: IND"
time="2023-07-02 21:22:21" level=info msg="國家全名: India"
time="2023-07-02 21:22:21" level=info msg="國別碼2碼: IN"
time="2023-07-02 21:22:21" level=info msg="國別碼3碼: IND"
time="2023-07-02 21:22:21" level=info msg="國家全名: India"
time="2023-07-02 21:22:22" level=info msg="國別碼2碼: IN"
time="2023-07-02 21:22:22" level=info msg="國別碼3碼: IND"
time="2023-07-02 21:22:22" level=info msg="國家全名: India"
time="2023-07-02 21:22:23" level=info msg="國別碼2碼: IN"
time="2023-07-02 21:22:23" level=info msg="國別碼3碼: IND"
time="2023-07-02 21:22:23" level=info msg="國家全名: India"
time="2023-07-02 21:22:23" level=info msg="國別碼2碼: IN"
time="2023-07-02 21:22:23" level=info msg="國別碼3碼: IND"
time="2023-07-02 21:22:23" level=info msg="國家全名: India"
time="2023-07-02 21:22:24" level=info msg="國別碼2碼: IN"
time="2023-07-02 21:22:24" level=info msg="國別碼3碼: IND"
time="2023-07-02 21:22:24" level=info msg="國家全名: India"
time="2023-07-02 21:25:09" level=info msg="國別碼2碼: PT"
time="2023-07-02 21:25:09" level=info msg="國別碼3碼: PRT"
time="2023-07-02 21:25:09" level=info msg="國家全名: Portugal"
time="2023-07-02 21:46:00" level=info msg="國別碼2碼: RU"
time="2023-07-02 21:46:00" level=info msg="國別碼3碼: RUS"
time="2023-07-02 21:46:00" level=info msg="國家全名: Russian Federation (the)"
time="2023-07-02 21:54:42" level=info msg="國別碼2碼: US"
time="2023-07-02 21:54:42" level=info msg="國別碼3碼: USA"
time="2023-07-02 21:54:42" level=info msg="國家全名: United States of America (the)"
time="2023-07-02 22:19:08" level=info msg="國別碼2碼: RU"
time="2023-07-02 22:19:08" level=info msg="國別碼3碼: RUS"
time="2023-07-02 22:19:08" level=info msg="國家全名: Russian Federation (the)"
time="2023-07-02 22:43:14" level=info msg="國別碼2碼: FR"
time="2023-07-02 22:43:14" level=info msg="國別碼3碼: FRA"
time="2023-07-02 22:43:14" level=info msg="國家全名: France"
time="2023-07-02 22:43:15" level=info msg="國別碼2碼: FR"
time="2023-07-02 22:43:15" level=info msg="國別碼3碼: FRA"
time="2023-07-02 22:43:15" level=info msg="國家全名: France"
time="2023-07-02 23:04:06" level=info msg="國別碼2碼: RU"
time="2023-07-02 23:04:06" level=info msg="國別碼3碼: RUS"
time="2023-07-02 23:04:06" level=info msg="國家全名: Russian Federation (the)"
time="2023-07-02 23:21:21" level=info msg="國別碼2碼: RU"
time="2023-07-02 23:21:21" level=info msg="國別碼3碼: RUS"
time="2023-07-02 23:21:21" level=info msg="國家全名: Russian Federation (the)"
time="2023-07-02 23:46:39" level=info msg="國別碼2碼: CN"
time="2023-07-02 23:46:39" level=info msg="國別碼3碼: CHN"
time="2023-07-02 23:46:39" level=info msg="國家全名: China"
time="2023-07-02 23:46:44" level=info msg="國別碼2碼: CN"
time="2023-07-02 23:46:44" level=info msg="國別碼3碼: CHN"
time="2023-07-02 23:46:44" level=info msg="國家全名: China"
time="2023-07-02 23:46:51" level=info msg="國別碼2碼: CN"
time="2023-07-02 23:46:51" level=info msg="國別碼3碼: CHN"
time="2023-07-02 23:46:51" level=info msg="國別碼2碼: CN"
time="2023-07-02 23:46:51" level=info msg="國家全名: China"
time="2023-07-02 23:46:51" level=info msg="國別碼3碼: CHN"
time="2023-07-02 23:46:51" level=info msg="國家全名: China"
time="2023-07-02 23:46:51" level=info msg="國別碼2碼: CN"
time="2023-07-02 23:46:51" level=info msg="國別碼3碼: CHN"
time="2023-07-02 23:46:51" level=info msg="國家全名: China"
